000 (7187284.004.000) 08/26 07:55:42 Job submitted from host: <137.138.44.55:9618?addrs=137.138.44.55-9618+[2001-1458-d00-1a--48]-9618&alias=bigbird17.cern.ch&noUDP&sock=schedd_23962_8474>
...
040 (7187284.004.000) 08/27 12:30:37 Started transferring input files
	Transferring to host: <188.185.93.84:9618?addrs=188.185.93.84-9618+[2001-1458-d00-6c--100-55]-9618&alias=b9g57n9431.cern.ch&noUDP&sock=slot1_1_11325_3ca6_108852>
...
040 (7187284.004.000) 08/27 12:30:37 Finished transferring input files
...
001 (7187284.004.000) 08/27 12:30:38 Job executing on host: <188.185.93.84:9618?addrs=188.185.93.84-9618+[2001-1458-d00-6c--100-55]-9618&alias=b9g57n9431.cern.ch&noUDP&sock=startd_10703_f23c>
	SlotName: slot1_1@b9g57n9431.cern.ch
	AvailableGPUs = { GPUs_GPU_ad45c2b2 }
	CondorScratchDir = "/pool/condor/dir_1907439"
	Cpus = 1
	Disk = 333350
	GPUs = 1
	GPUs_GPU_ad45c2b2 = [ GlobalMemoryMb = 40326; MaxSupportedVersion = 12040; DriverVersion = 12.4; DeviceUuid = "ad45c2b2-835b-1d6b-1b7a-5e4c703f9ed3"; DeviceName = "NVIDIA A100-PCIE-40GB"; CoresPerCU = 64; ECCEnabled = true; ComputeUnits = 108; ClockMhz = 1410.0; Id = "GPU-ad45c2b2"; DevicePciBusId = "0000:06:00.0"; Capability = 8.0 ]
	Memory = 2000
...
006 (7187284.004.000) 08/27 12:30:47 Image size of job updated: 1307360
	800  -  MemoryUsage of job (MB)
	819132  -  ResidentSetSize of job (KB)
...
006 (7187284.004.000) 08/27 12:35:48 Image size of job updated: 1307360
	1233  -  MemoryUsage of job (MB)
	1261940  -  ResidentSetSize of job (KB)
...
006 (7187284.004.000) 08/27 12:40:48 Image size of job updated: 1543492
	1443  -  MemoryUsage of job (MB)
	1477100  -  ResidentSetSize of job (KB)
...
006 (7187284.004.000) 08/27 12:45:50 Image size of job updated: 1802768
	1760  -  MemoryUsage of job (MB)
	1801484  -  ResidentSetSize of job (KB)
...
006 (7187284.004.000) 08/27 12:50:50 Image size of job updated: 2100808
	2023  -  MemoryUsage of job (MB)
	2070920  -  ResidentSetSize of job (KB)
...
006 (7187284.004.000) 08/27 12:55:50 Image size of job updated: 2429836
	2343  -  MemoryUsage of job (MB)
	2398808  -  ResidentSetSize of job (KB)
...
006 (7187284.004.000) 08/27 13:00:51 Image size of job updated: 2678616
	2616  -  MemoryUsage of job (MB)
	2678616  -  ResidentSetSize of job (KB)
...
006 (7187284.004.000) 08/27 13:05:51 Image size of job updated: 3068324
	2889  -  MemoryUsage of job (MB)
	2957532  -  ResidentSetSize of job (KB)
...
006 (7187284.004.000) 08/27 13:10:52 Image size of job updated: 3275352
	3175  -  MemoryUsage of job (MB)
	3250464  -  ResidentSetSize of job (KB)
...
006 (7187284.004.000) 08/27 13:15:53 Image size of job updated: 3361268
	3283  -  MemoryUsage of job (MB)
	3361112  -  ResidentSetSize of job (KB)
...
006 (7187284.004.000) 08/27 13:20:53 Image size of job updated: 6391640
	6242  -  MemoryUsage of job (MB)
	6391640  -  ResidentSetSize of job (KB)
...
006 (7187284.004.000) 08/27 13:25:53 Image size of job updated: 7189292
	7021  -  MemoryUsage of job (MB)
	7189292  -  ResidentSetSize of job (KB)
...
006 (7187284.004.000) 08/27 13:30:54 Image size of job updated: 7987108
	7800  -  MemoryUsage of job (MB)
	7987108  -  ResidentSetSize of job (KB)
...
006 (7187284.004.000) 08/27 13:35:54 Image size of job updated: 8780248
	8575  -  MemoryUsage of job (MB)
	8780248  -  ResidentSetSize of job (KB)
...
006 (7187284.004.000) 08/27 13:40:55 Image size of job updated: 9583064
	9359  -  MemoryUsage of job (MB)
	9583064  -  ResidentSetSize of job (KB)
...
006 (7187284.004.000) 08/27 13:45:56 Image size of job updated: 10378328
	10136  -  MemoryUsage of job (MB)
	10378328  -  ResidentSetSize of job (KB)
...
006 (7187284.004.000) 08/27 13:50:56 Image size of job updated: 10541656
	10136  -  MemoryUsage of job (MB)
	10378584  -  ResidentSetSize of job (KB)
...
006 (7187284.004.000) 08/27 13:55:58 Image size of job updated: 10790236
	10538  -  MemoryUsage of job (MB)
	10790236  -  ResidentSetSize of job (KB)
...
006 (7187284.004.000) 08/27 14:00:58 Image size of job updated: 11584768
	11314  -  MemoryUsage of job (MB)
	11584768  -  ResidentSetSize of job (KB)
...
006 (7187284.004.000) 08/27 14:03:46 Image size of job updated: 11849692
	11314  -  MemoryUsage of job (MB)
	11584768  -  ResidentSetSize of job (KB)
...
040 (7187284.004.000) 08/27 14:03:47 Started transferring output files
...
040 (7187284.004.000) 08/27 14:03:47 Finished transferring output files
...
005 (7187284.004.000) 08/27 14:03:47 Job terminated.
	(1) Normal termination (return value 50)
		Usr 0 01:08:20, Sys 0 00:05:35  -  Run Remote Usage
		Usr 0 00:00:00, Sys 0 00:00:00  -  Run Local Usage
		Usr 0 01:08:20, Sys 0 00:05:35  -  Total Remote Usage
		Usr 0 00:00:00, Sys 0 00:00:00  -  Total Local Usage
	44649  -  Run Bytes Sent By Job
	2919  -  Run Bytes Received By Job
	44649  -  Total Bytes Sent By Job
	2919  -  Total Bytes Received By Job
	Partitionable Resources :      Usage  Request Allocated Assigned
	   Cpus                 :       1.00        1         1 
	   Disk (KB)            : 7805923           3    333350 
	   Gpus (Average)       :       0.00        1         1 "GPU-ad45c2b2"
	   GpusMemory (MB)      :    1077                       
	   Memory (MB)          :   11314        2000      2000 

	Job terminated of its own accord at 2024-08-27T12:03:46Z with exit-code 50.
...
