000 (7187284.006.000) 08/26 07:55:42 Job submitted from host: <137.138.44.55:9618?addrs=137.138.44.55-9618+[2001-1458-d00-1a--48]-9618&alias=bigbird17.cern.ch&noUDP&sock=schedd_23962_8474>
...
040 (7187284.006.000) 08/27 13:23:32 Started transferring input files
	Transferring to host: <188.185.93.15:9618?addrs=188.185.93.15-9618+[2001-1458-d00-6c--100-19a]-9618&alias=b9g57n1708.cern.ch&noUDP&sock=slot1_1_13098_79ce_109292>
...
040 (7187284.006.000) 08/27 13:23:32 Finished transferring input files
...
001 (7187284.006.000) 08/27 13:23:33 Job executing on host: <188.185.93.15:9618?addrs=188.185.93.15-9618+[2001-1458-d00-6c--100-19a]-9618&alias=b9g57n1708.cern.ch&noUDP&sock=startd_12239_83b4>
	SlotName: slot1_1@b9g57n1708.cern.ch
	AvailableGPUs = { GPUs_GPU_02690ba6 }
	CondorScratchDir = "/pool/condor/dir_3406655"
	Cpus = 1
	Disk = 323169
	GPUs = 1
	GPUs_GPU_02690ba6 = [ GlobalMemoryMb = 40326; MaxSupportedVersion = 12040; DriverVersion = 12.4; DeviceUuid = "02690ba6-da8f-b9f3-f5f5-ed6909a5a343"; DeviceName = "NVIDIA A100-PCIE-40GB"; CoresPerCU = 64; ECCEnabled = true; ComputeUnits = 108; ClockMhz = 1410.0; Id = "GPU-02690ba6"; DevicePciBusId = "0000:06:00.0"; Capability = 8.0 ]
	Memory = 2000
...
006 (7187284.006.000) 08/27 13:23:42 Image size of job updated: 24790508
	1841  -  MemoryUsage of job (MB)
	1884536  -  ResidentSetSize of job (KB)
...
006 (7187284.006.000) 08/27 13:28:42 Image size of job updated: 24790508
	2299  -  MemoryUsage of job (MB)
	2353532  -  ResidentSetSize of job (KB)
...
006 (7187284.006.000) 08/27 13:33:42 Image size of job updated: 24790508
	2564  -  MemoryUsage of job (MB)
	2625520  -  ResidentSetSize of job (KB)
...
006 (7187284.006.000) 08/27 13:38:43 Image size of job updated: 24790508
	2866  -  MemoryUsage of job (MB)
	2934252  -  ResidentSetSize of job (KB)
...
006 (7187284.006.000) 08/27 13:43:43 Image size of job updated: 24790508
	3076  -  MemoryUsage of job (MB)
	3149272  -  ResidentSetSize of job (KB)
...
006 (7187284.006.000) 08/27 13:48:44 Image size of job updated: 24790508
	3289  -  MemoryUsage of job (MB)
	3367496  -  ResidentSetSize of job (KB)
...
006 (7187284.006.000) 08/27 13:53:44 Image size of job updated: 24790508
	3527  -  MemoryUsage of job (MB)
	3611048  -  ResidentSetSize of job (KB)
...
006 (7187284.006.000) 08/27 13:58:45 Image size of job updated: 24790508
	3734  -  MemoryUsage of job (MB)
	3822640  -  ResidentSetSize of job (KB)
...
006 (7187284.006.000) 08/27 14:03:45 Image size of job updated: 24790508
	3865  -  MemoryUsage of job (MB)
	3957320  -  ResidentSetSize of job (KB)
...
006 (7187284.006.000) 08/27 14:08:45 Image size of job updated: 24790508
	4035  -  MemoryUsage of job (MB)
	4131088  -  ResidentSetSize of job (KB)
...
006 (7187284.006.000) 08/27 14:13:46 Image size of job updated: 24790508
	6965  -  MemoryUsage of job (MB)
	7131596  -  ResidentSetSize of job (KB)
...
006 (7187284.006.000) 08/27 14:18:46 Image size of job updated: 24790508
	6965  -  MemoryUsage of job (MB)
	7131852  -  ResidentSetSize of job (KB)
...
006 (7187284.006.000) 08/27 14:23:47 Image size of job updated: 24790508
	7352  -  MemoryUsage of job (MB)
	7527500  -  ResidentSetSize of job (KB)
...
006 (7187284.006.000) 08/27 14:28:47 Image size of job updated: 24790508
	8112  -  MemoryUsage of job (MB)
	8306144  -  ResidentSetSize of job (KB)
...
006 (7187284.006.000) 08/27 14:33:48 Image size of job updated: 24790508
	8854  -  MemoryUsage of job (MB)
	9066464  -  ResidentSetSize of job (KB)
...
006 (7187284.006.000) 08/27 14:38:49 Image size of job updated: 24790508
	9603  -  MemoryUsage of job (MB)
	9832820  -  ResidentSetSize of job (KB)
...
006 (7187284.006.000) 08/27 14:43:49 Image size of job updated: 24790508
	10384  -  MemoryUsage of job (MB)
	10632512  -  ResidentSetSize of job (KB)
...
006 (7187284.006.000) 08/27 14:48:50 Image size of job updated: 24790508
	11171  -  MemoryUsage of job (MB)
	11439032  -  ResidentSetSize of job (KB)
...
006 (7187284.006.000) 08/27 14:53:50 Image size of job updated: 24790508
	11953  -  MemoryUsage of job (MB)
	12238868  -  ResidentSetSize of job (KB)
...
040 (7187284.006.000) 08/27 14:57:28 Started transferring output files
...
040 (7187284.006.000) 08/27 14:57:28 Finished transferring output files
...
005 (7187284.006.000) 08/27 14:57:28 Job terminated.
	(1) Normal termination (return value 50)
		Usr 1 01:54:12, Sys 2 21:20:14  -  Run Remote Usage
		Usr 0 00:00:00, Sys 0 00:00:00  -  Run Local Usage
		Usr 1 01:54:12, Sys 2 21:20:14  -  Total Remote Usage
		Usr 0 00:00:00, Sys 0 00:00:00  -  Total Local Usage
	44652  -  Run Bytes Sent By Job
	2919  -  Run Bytes Received By Job
	44652  -  Total Bytes Sent By Job
	2919  -  Total Bytes Received By Job
	Partitionable Resources :      Usage  Request Allocated Assigned
	   Cpus                 :       1.00        1         1 
	   Disk (KB)            : 7785824           3    323169 
	   Gpus (Average)       :       0.00        1         1 "GPU-02690ba6"
	   GpusMemory (MB)      :    1077                       
	   Memory (MB)          :   11953        2000      2000 

	Job terminated of its own accord at 2024-08-27T12:57:28Z with exit-code 50.
...
