CPU Information:
Architecture:        x86_64
CPU op-mode(s):      32-bit, 64-bit
Byte Order:          Little Endian
CPU(s):              16
On-line CPU(s) list: 0-15
Thread(s) per core:  1
Core(s) per socket:  1
Socket(s):           16
NUMA node(s):        1
Vendor ID:           AuthenticAMD
CPU family:          25
Model:               1
Model name:          AMD EPYC 7313 16-Core Processor
Stepping:            1
CPU MHz:             3000.189
BogoMIPS:            6000.37
Virtualization:      AMD-V
L1d cache:           64K
L1i cache:           64K
L2 cache:            512K
L3 cache:            16384K
NUMA node0 CPU(s):   0-15
Flags:               fpu vme de pse tsc msr pae mce cx8 apic sep mtrr pge mca cmov pat pse36 clflush mmx fxsr sse sse2 syscall nx mmxext fxsr_opt pdpe1gb rdtscp lm rep_good nopl cpuid extd_apicid pni pclmulqdq ssse3 fma cx16 pcid sse4_1 sse4_2 x2apic movbe popcnt tsc_deadline_timer aes xsave avx f16c rdrand hypervisor lahf_lm cmp_legacy svm cr8_legacy abm sse4a misalignsse 3dnowprefetch osvw perfctr_core invpcid_single ssbd ibrs ibpb stibp vmmcall fsgsbase tsc_adjust bmi1 avx2 smep bmi2 invpcid rdseed adx smap clflushopt clwb sha_ni xsaveopt xsavec xgetbv1 xsaves clzero xsaveerptr wbnoinvd arat npt lbrv nrip_save tsc_scale vmcb_clean pausefilter pfthreshold v_vmsave_vmload vgif umip pku ospke vaes vpclmulqdq rdpid arch_capabilities
GPU Information:
lspci command not found, unable to check GPU.
System Architecture:
x86_64
Number of Threads:
1
Vectorization Support:
Supported vectorization extensions: sse sse2 ssse3 sse4_1 sse4_2 avx avx2
/srv/work
%MSG-MG5 number of events requested = 200000
%MSG-MG5 random seed used for the run = 1
%MSG-MG5 number of cpus = 1
%MSG-MG5 SCRAM_ARCH version = el8_amd64_gcc12
%MSG-MG5 CMSSW version = CMSSW_14_0_9
Running MG5_aMC for the 1 time
produced_lhe  0 nevt  200000 submitting_event  200000  remaining_event  200000
run.sh 200000 10
Now generating 200000 events with random seed 10 and granularity 1
************************************************************
*                                                          *
*                      W E L C O M E to                    *
*             M A D G R A P H 5 _ a M C @ N L O            *
*                      M A D E V E N T                     *
*                                                          *
*                 *                       *                *
*                   *        * *        *                  *
*                     * * * * 5 * * * *                    *
*                   *        * *        *                  *
*                 *                       *                *
*                                                          *
*         VERSION 3.5.3_lo_vect                            *
*                                                          *
*    The MadGraph5_aMC@NLO Development Team - Find us at   *
*    https://server06.fynu.ucl.ac.be/projects/madgraph     *
*                                                          *
*               Type 'help' for in-line help.              *
*                                                          *
************************************************************
INFO: load configuration from /srv/work/process/madevent/Cards/me5_configuration.txt  
INFO: load configuration from /srv/work/mgbasedir/input/mg5_configuration.txt  
INFO: load configuration from /srv/work/process/madevent/Cards/me5_configuration.txt  
Using default text editor "vi". Set another one in ./input/mg5_configuration.txt
No valid eps viewer found. Please set in ./input/mg5_configuration.txt
No valid web browser found. Please set in ./input/mg5_configuration.txt
WRITE GRIDCARD /srv/work/process/madevent
generate 200000 events
P0_gg_epemuux
P0_gg_epemddx
P0_gg_taptamuux
P0_gg_taptamddx
P0_gu_epemgu
P0_gd_epemgd
P0_gux_epemgux
P0_gdx_epemgdx
P0_gu_taptamgu
P0_gd_taptamgd
P0_gux_taptamgux
P0_gdx_taptamgdx
P0_uu_epemuu
P0_uux_epemuux
P0_dd_epemdd
P0_ddx_epemddx
P0_uxux_epemuxux
P0_dxdx_epemdxdx
P0_ud_epemud
P0_uc_epemuc
P0_uux_epemddx
P0_uux_epemccx
P0_udx_epemudx
P0_ucx_epemucx
P0_dc_epemdc
P0_ds_epemds
P0_dux_epemdux
P0_ddx_epemuux
P0_ddx_epemssx
P0_dsx_epemdsx
P0_uxdx_epemuxdx
P0_uxcx_epemuxcx
P0_dxcx_epemdxcx
P0_dxsx_epemdxsx
P0_uu_taptamuu
P0_uux_taptamuux
P0_dd_taptamdd
P0_ddx_taptamddx
P0_uxux_taptamuxux
P0_dxdx_taptamdxdx
P0_ud_taptamud
P0_uc_taptamuc
P0_uux_taptamddx
P0_uux_taptamccx
P0_udx_taptamudx
P0_ucx_taptamucx
P0_dc_taptamdc
P0_ds_taptamds
P0_dux_taptamdux
P0_ddx_taptamuux
P0_ddx_taptamssx
P0_dsx_taptamdsx
P0_uxdx_taptamuxdx
P0_uxcx_taptamuxcx
P0_dxcx_taptamdxcx
P0_dxsx_taptamdxsx
P0_uux_epemgg
P0_ddx_epemgg
P0_uux_taptamgg
P0_ddx_taptamgg
Using random number seed offset = 10
INFO: Generating 200000.0 unweighted events. 
sum of cpu time of last step: 5h21m02s
INFO: need to improve 541 channels 
INFO: The following Floating Point Exceptions have been reported: FE_INVALID
INFO: The following Floating Point Exceptions have been reported: FE_INVALID
INFO: The following Floating Point Exceptions have been reported: FE_INVALID
INFO: The following Floating Point Exceptions have been reported: FE_INVALID
INFO: The following Floating Point Exceptions have been reported: FE_INVALID
INFO: The following Floating Point Exceptions have been reported: FE_INVALID
INFO: The following Floating Point Exceptions have been reported: FE_INVALID
INFO: The following Floating Point Exceptions have been reported: FE_INVALID
INFO: The following Floating Point Exceptions have been reported: FE_INVALID
INFO: The following Floating Point Exceptions have been reported: FE_INVALID
INFO: The following Floating Point Exceptions have been reported: FE_INVALID
INFO: The following Floating Point Exceptions have been reported: FE_INVALID
INFO: The following Floating Point Exceptions have been reported: FE_INVALID
INFO: The following Floating Point Exceptions have been reported: FE_INVALID
INFO: The following Floating Point Exceptions have been reported: FE_INVALID
INFO: The following Floating Point Exceptions have been reported: FE_INVALID
INFO: The following Floating Point Exceptions have been reported: FE_INVALID
INFO: The following Floating Point Exceptions have been reported: FE_INVALID
INFO: The following Floating Point Exceptions have been reported: FE_INVALID
INFO: The following Floating Point Exceptions have been reported: FE_INVALID
INFO: The following Floating Point Exceptions have been reported: FE_INVALID
INFO: The following Floating Point Exceptions have been reported: FE_INVALID
INFO: The following Floating Point Exceptions have been reported: FE_INVALID
INFO: The following Floating Point Exceptions have been reported: FE_INVALID
INFO: The following Floating Point Exceptions have been reported: FE_INVALID
INFO: The following Floating Point Exceptions have been reported: FE_INVALID
INFO: The following Floating Point Exceptions have been reported: FE_INVALID
INFO: The following Floating Point Exceptions have been reported: FE_INVALID
INFO: The following Floating Point Exceptions have been reported: FE_INVALID
INFO: The following Floating Point Exceptions have been reported: FE_INVALID
INFO: The following Floating Point Exceptions have been reported: FE_INVALID
INFO: The following Floating Point Exceptions have been reported: FE_INVALID
INFO: The following Floating Point Exceptions have been reported: FE_INVALID
INFO: The following Floating Point Exceptions have been reported: FE_INVALID
INFO: The following Floating Point Exceptions have been reported: FE_INVALID
INFO: The following Floating Point Exceptions have been reported: FE_INVALID
INFO: The following Floating Point Exceptions have been reported: FE_INVALID
INFO: The following Floating Point Exceptions have been reported: FE_INVALID
INFO: The following Floating Point Exceptions have been reported: FE_INVALID
INFO: The following Floating Point Exceptions have been reported: FE_INVALID
INFO: The following Floating Point Exceptions have been reported: FE_INVALID
INFO: The following Floating Point Exceptions have been reported: FE_INVALID
INFO: The following Floating Point Exceptions have been reported: FE_INVALID
INFO: The following Floating Point Exceptions have been reported: FE_INVALID
INFO: The following Floating Point Exceptions have been reported: FE_INVALID
INFO: The following Floating Point Exceptions have been reported: FE_INVALID
INFO: The following Floating Point Exceptions have been reported: FE_INVALID
INFO: The following Floating Point Exceptions have been reported: FE_INVALID
INFO: The following Floating Point Exceptions have been reported: FE_INVALID
INFO: The following Floating Point Exceptions have been reported: FE_INVALID
INFO: The following Floating Point Exceptions have been reported: FE_INVALID
INFO: The following Floating Point Exceptions have been reported: FE_INVALID
INFO: The following Floating Point Exceptions have been reported: FE_INVALID
INFO: The following Floating Point Exceptions have been reported: FE_INVALID
INFO: The following Floating Point Exceptions have been reported: FE_INVALID
INFO: The following Floating Point Exceptions have been reported: FE_INVALID
INFO: The following Floating Point Exceptions have been reported: FE_INVALID
INFO: The following Floating Point Exceptions have been reported: FE_INVALID
INFO: The following Floating Point Exceptions have been reported: FE_INVALID
INFO: The following Floating Point Exceptions have been reported: FE_INVALID
INFO: The following Floating Point Exceptions have been reported: FE_INVALID
INFO: The following Floating Point Exceptions have been reported: FE_INVALID
INFO: The following Floating Point Exceptions have been reported: FE_INVALID
INFO: The following Floating Point Exceptions have been reported: FE_INVALID
INFO: The following Floating Point Exceptions have been reported: FE_INVALID
INFO: The following Floating Point Exceptions have been reported: FE_INVALID
INFO: The following Floating Point Exceptions have been reported: FE_INVALID
INFO: The following Floating Point Exceptions have been reported: FE_INVALID
INFO: The following Floating Point Exceptions have been reported: FE_INVALID
INFO: The following Floating Point Exceptions have been reported: FE_INVALID
INFO: The following Floating Point Exceptions have been reported: FE_INVALID
INFO: The following Floating Point Exceptions have been reported: FE_INVALID
INFO: The following Floating Point Exceptions have been reported: FE_INVALID
INFO: The following Floating Point Exceptions have been reported: FE_INVALID
INFO: The following Floating Point Exceptions have been reported: FE_INVALID
INFO: The following Floating Point Exceptions have been reported: FE_INVALID
INFO: The following Floating Point Exceptions have been reported: FE_INVALID
INFO: The following Floating Point Exceptions have been reported: FE_INVALID
INFO: The following Floating Point Exceptions have been reported: FE_INVALID
INFO: The following Floating Point Exceptions have been reported: FE_INVALID
INFO: The following Floating Point Exceptions have been reported: FE_INVALID
INFO: The following Floating Point Exceptions have been reported: FE_INVALID
INFO: The following Floating Point Exceptions have been reported: FE_INVALID
INFO: The following Floating Point Exceptions have been reported: FE_INVALID
INFO: The following Floating Point Exceptions have been reported: FE_INVALID
INFO: The following Floating Point Exceptions have been reported: FE_INVALID
INFO: The following Floating Point Exceptions have been reported: FE_INVALID
INFO: The following Floating Point Exceptions have been reported: FE_INVALID
INFO: The following Floating Point Exceptions have been reported: FE_INVALID
INFO: The following Floating Point Exceptions have been reported: FE_INVALID
INFO: The following Floating Point Exceptions have been reported: FE_INVALID
INFO: The following Floating Point Exceptions have been reported: FE_INVALID
INFO: The following Floating Point Exceptions have been reported: FE_INVALID
INFO: The following Floating Point Exceptions have been reported: FE_INVALID
INFO: The following Floating Point Exceptions have been reported: FE_INVALID
INFO: The following Floating Point Exceptions have been reported: FE_INVALID
INFO: The following Floating Point Exceptions have been reported: FE_INVALID
INFO: The following Floating Point Exceptions have been reported: FE_INVALID
INFO: The following Floating Point Exceptions have been reported: FE_INVALID
INFO: The following Floating Point Exceptions have been reported: FE_INVALID
INFO: The following Floating Point Exceptions have been reported: FE_INVALID
INFO: The following Floating Point Exceptions have been reported: FE_INVALID
INFO: The following Floating Point Exceptions have been reported: FE_INVALID
INFO: The following Floating Point Exceptions have been reported: FE_INVALID
INFO: The following Floating Point Exceptions have been reported: FE_INVALID
INFO: The following Floating Point Exceptions have been reported: FE_INVALID
INFO: The following Floating Point Exceptions have been reported: FE_INVALID
INFO: The following Floating Point Exceptions have been reported: FE_INVALID
INFO: The following Floating Point Exceptions have been reported: FE_INVALID
INFO: The following Floating Point Exceptions have been reported: FE_INVALID
INFO: The following Floating Point Exceptions have been reported: FE_INVALID
INFO: The following Floating Point Exceptions have been reported: FE_INVALID
INFO: The following Floating Point Exceptions have been reported: FE_INVALID
INFO: The following Floating Point Exceptions have been reported: FE_INVALID
INFO: The following Floating Point Exceptions have been reported: FE_INVALID
INFO: The following Floating Point Exceptions have been reported: FE_INVALID
INFO: The following Floating Point Exceptions have been reported: FE_INVALID
INFO: The following Floating Point Exceptions have been reported: FE_INVALID
INFO: The following Floating Point Exceptions have been reported: FE_INVALID
INFO: The following Floating Point Exceptions have been reported: FE_INVALID
INFO: The following Floating Point Exceptions have been reported: FE_INVALID
INFO: The following Floating Point Exceptions have been reported: FE_INVALID
INFO: The following Floating Point Exceptions have been reported: FE_INVALID
INFO: The following Floating Point Exceptions have been reported: FE_INVALID
INFO: The following Floating Point Exceptions have been reported: FE_INVALID
INFO: The following Floating Point Exceptions have been reported: FE_INVALID
INFO: The following Floating Point Exceptions have been reported: FE_INVALID
INFO: The following Floating Point Exceptions have been reported: FE_INVALID
INFO: The following Floating Point Exceptions have been reported: FE_INVALID
INFO: The following Floating Point Exceptions have been reported: FE_INVALID
INFO: The following Floating Point Exceptions have been reported: FE_INVALID
INFO: The following Floating Point Exceptions have been reported: FE_INVALID
INFO: The following Floating Point Exceptions have been reported: FE_INVALID
INFO: The following Floating Point Exceptions have been reported: FE_INVALID
INFO: The following Floating Point Exceptions have been reported: FE_INVALID
INFO: The following Floating Point Exceptions have been reported: FE_INVALID
INFO: The following Floating Point Exceptions have been reported: FE_INVALID
INFO: The following Floating Point Exceptions have been reported: FE_INVALID
INFO: The following Floating Point Exceptions have been reported: FE_INVALID
INFO: The following Floating Point Exceptions have been reported: FE_INVALID
INFO: The following Floating Point Exceptions have been reported: FE_INVALID
INFO: The following Floating Point Exceptions have been reported: FE_INVALID
INFO: The following Floating Point Exceptions have been reported: FE_INVALID
INFO: The following Floating Point Exceptions have been reported: FE_INVALID
INFO: The following Floating Point Exceptions have been reported: FE_INVALID
INFO: The following Floating Point Exceptions have been reported: FE_INVALID
INFO: The following Floating Point Exceptions have been reported: FE_INVALID
INFO: The following Floating Point Exceptions have been reported: FE_INVALID
INFO: The following Floating Point Exceptions have been reported: FE_INVALID
INFO: The following Floating Point Exceptions have been reported: FE_INVALID
INFO: The following Floating Point Exceptions have been reported: FE_INVALID
INFO: The following Floating Point Exceptions have been reported: FE_INVALID
INFO: The following Floating Point Exceptions have been reported: FE_INVALID
INFO: The following Floating Point Exceptions have been reported: FE_INVALID
INFO: The following Floating Point Exceptions have been reported: FE_INVALID
INFO: The following Floating Point Exceptions have been reported: FE_INVALID
INFO: The following Floating Point Exceptions have been reported: FE_INVALID
INFO: The following Floating Point Exceptions have been reported: FE_INVALID
INFO: The following Floating Point Exceptions have been reported: FE_INVALID
INFO: The following Floating Point Exceptions have been reported: FE_INVALID
INFO: The following Floating Point Exceptions have been reported: FE_INVALID
INFO: The following Floating Point Exceptions have been reported: FE_INVALID
INFO: The following Floating Point Exceptions have been reported: FE_INVALID
INFO: The following Floating Point Exceptions have been reported: FE_INVALID
INFO: The following Floating Point Exceptions have been reported: FE_INVALID
INFO: The following Floating Point Exceptions have been reported: FE_INVALID
INFO: The following Floating Point Exceptions have been reported: FE_INVALID
INFO: The following Floating Point Exceptions have been reported: FE_INVALID
INFO: The following Floating Point Exceptions have been reported: FE_INVALID
INFO: The following Floating Point Exceptions have been reported: FE_INVALID
INFO: The following Floating Point Exceptions have been reported: FE_INVALID
INFO: The following Floating Point Exceptions have been reported: FE_INVALID
INFO: The following Floating Point Exceptions have been reported: FE_INVALID
INFO: The following Floating Point Exceptions have been reported: FE_INVALID
INFO: The following Floating Point Exceptions have been reported: FE_INVALID
INFO: The following Floating Point Exceptions have been reported: FE_INVALID
INFO: The following Floating Point Exceptions have been reported: FE_INVALID
INFO: The following Floating Point Exceptions have been reported: FE_INVALID
INFO: The following Floating Point Exceptions have been reported: FE_INVALID
INFO: The following Floating Point Exceptions have been reported: FE_INVALID
INFO: The following Floating Point Exceptions have been reported: FE_INVALID
INFO: The following Floating Point Exceptions have been reported: FE_INVALID
INFO: The following Floating Point Exceptions have been reported: FE_INVALID
INFO: The following Floating Point Exceptions have been reported: FE_INVALID
INFO: The following Floating Point Exceptions have been reported: FE_INVALID
INFO: The following Floating Point Exceptions have been reported: FE_INVALID
INFO: The following Floating Point Exceptions have been reported: FE_INVALID
INFO: The following Floating Point Exceptions have been reported: FE_INVALID
INFO: The following Floating Point Exceptions have been reported: FE_INVALID
INFO: The following Floating Point Exceptions have been reported: FE_INVALID
INFO: The following Floating Point Exceptions have been reported: FE_INVALID
INFO: The following Floating Point Exceptions have been reported: FE_INVALID
INFO: The following Floating Point Exceptions have been reported: FE_INVALID
INFO: The following Floating Point Exceptions have been reported: FE_INVALID
INFO: The following Floating Point Exceptions have been reported: FE_INVALID
INFO: The following Floating Point Exceptions have been reported: FE_INVALID
INFO: The following Floating Point Exceptions have been reported: FE_INVALID
INFO: The following Floating Point Exceptions have been reported: FE_INVALID
INFO: The following Floating Point Exceptions have been reported: FE_INVALID
INFO: The following Floating Point Exceptions have been reported: FE_INVALID
INFO: The following Floating Point Exceptions have been reported: FE_INVALID
INFO: The following Floating Point Exceptions have been reported: FE_INVALID
INFO: The following Floating Point Exceptions have been reported: FE_INVALID
INFO: The following Floating Point Exceptions have been reported: FE_INVALID
INFO: The following Floating Point Exceptions have been reported: FE_INVALID
INFO: The following Floating Point Exceptions have been reported: FE_INVALID
INFO: The following Floating Point Exceptions have been reported: FE_INVALID
INFO: The following Floating Point Exceptions have been reported: FE_INVALID
INFO: The following Floating Point Exceptions have been reported: FE_INVALID
INFO: The following Floating Point Exceptions have been reported: FE_INVALID
INFO: The following Floating Point Exceptions have been reported: FE_INVALID
INFO: The following Floating Point Exceptions have been reported: FE_INVALID
INFO: The following Floating Point Exceptions have been reported: FE_INVALID
INFO: The following Floating Point Exceptions have been reported: FE_INVALID
INFO: The following Floating Point Exceptions have been reported: FE_INVALID
INFO: The following Floating Point Exceptions have been reported: FE_INVALID
INFO: The following Floating Point Exceptions have been reported: FE_INVALID
INFO: The following Floating Point Exceptions have been reported: FE_INVALID
INFO: The following Floating Point Exceptions have been reported: FE_INVALID
INFO: The following Floating Point Exceptions have been reported: FE_INVALID
INFO: The following Floating Point Exceptions have been reported: FE_INVALID
INFO: The following Floating Point Exceptions have been reported: FE_INVALID
INFO: The following Floating Point Exceptions have been reported: FE_INVALID
INFO: The following Floating Point Exceptions have been reported: FE_INVALID
INFO: The following Floating Point Exceptions have been reported: FE_INVALID
INFO: The following Floating Point Exceptions have been reported: FE_INVALID
INFO: The following Floating Point Exceptions have been reported: FE_INVALID
INFO: The following Floating Point Exceptions have been reported: FE_INVALID
INFO: The following Floating Point Exceptions have been reported: FE_INVALID
INFO: The following Floating Point Exceptions have been reported: FE_INVALID
INFO: The following Floating Point Exceptions have been reported: FE_INVALID
INFO: The following Floating Point Exceptions have been reported: FE_INVALID
INFO: The following Floating Point Exceptions have been reported: FE_INVALID
INFO: The following Floating Point Exceptions have been reported: FE_INVALID
INFO: The following Floating Point Exceptions have been reported: FE_INVALID
INFO: The following Floating Point Exceptions have been reported: FE_INVALID
INFO: The following Floating Point Exceptions have been reported: FE_INVALID
INFO: The following Floating Point Exceptions have been reported: FE_INVALID
INFO: The following Floating Point Exceptions have been reported: FE_INVALID
INFO: The following Floating Point Exceptions have been reported: FE_INVALID
INFO: The following Floating Point Exceptions have been reported: FE_INVALID
INFO: The following Floating Point Exceptions have been reported: FE_INVALID
INFO: The following Floating Point Exceptions have been reported: FE_INVALID
INFO: The following Floating Point Exceptions have been reported: FE_INVALID
INFO: The following Floating Point Exceptions have been reported: FE_INVALID
INFO: The following Floating Point Exceptions have been reported: FE_INVALID
INFO: The following Floating Point Exceptions have been reported: FE_INVALID
INFO: The following Floating Point Exceptions have been reported: FE_INVALID
INFO: The following Floating Point Exceptions have been reported: FE_INVALID
INFO: The following Floating Point Exceptions have been reported: FE_INVALID
INFO: The following Floating Point Exceptions have been reported: FE_INVALID
INFO: The following Floating Point Exceptions have been reported: FE_INVALID
INFO: The following Floating Point Exceptions have been reported: FE_INVALID
INFO: The following Floating Point Exceptions have been reported: FE_INVALID
INFO: The following Floating Point Exceptions have been reported: FE_INVALID
INFO: The following Floating Point Exceptions have been reported: FE_INVALID
INFO: The following Floating Point Exceptions have been reported: FE_INVALID
INFO: The following Floating Point Exceptions have been reported: FE_INVALID
INFO: The following Floating Point Exceptions have been reported: FE_INVALID
INFO: The following Floating Point Exceptions have been reported: FE_INVALID
INFO: The following Floating Point Exceptions have been reported: FE_INVALID
INFO: The following Floating Point Exceptions have been reported: FE_INVALID
INFO: The following Floating Point Exceptions have been reported: FE_INVALID
INFO: The following Floating Point Exceptions have been reported: FE_INVALID
INFO: The following Floating Point Exceptions have been reported: FE_INVALID
INFO: The following Floating Point Exceptions have been reported: FE_INVALID
INFO: The following Floating Point Exceptions have been reported: FE_INVALID
INFO: The following Floating Point Exceptions have been reported: FE_INVALID
INFO: The following Floating Point Exceptions have been reported: FE_INVALID
INFO: The following Floating Point Exceptions have been reported: FE_INVALID
INFO: The following Floating Point Exceptions have been reported: FE_INVALID
INFO: The following Floating Point Exceptions have been reported: FE_INVALID
INFO: The following Floating Point Exceptions have been reported: FE_INVALID
INFO: The following Floating Point Exceptions have been reported: FE_INVALID
INFO: The following Floating Point Exceptions have been reported: FE_INVALID
INFO: The following Floating Point Exceptions have been reported: FE_INVALID
INFO: The following Floating Point Exceptions have been reported: FE_INVALID
INFO: The following Floating Point Exceptions have been reported: FE_INVALID
INFO: The following Floating Point Exceptions have been reported: FE_INVALID
INFO: The following Floating Point Exceptions have been reported: FE_INVALID
INFO: The following Floating Point Exceptions have been reported: FE_INVALID
INFO: The following Floating Point Exceptions have been reported: FE_INVALID
INFO: The following Floating Point Exceptions have been reported: FE_INVALID
INFO: The following Floating Point Exceptions have been reported: FE_INVALID
INFO: The following Floating Point Exceptions have been reported: FE_INVALID
INFO: The following Floating Point Exceptions have been reported: FE_INVALID
INFO: The following Floating Point Exceptions have been reported: FE_INVALID
INFO: The following Floating Point Exceptions have been reported: FE_INVALID
INFO: The following Floating Point Exceptions have been reported: FE_INVALID
INFO: The following Floating Point Exceptions have been reported: FE_INVALID
INFO: The following Floating Point Exceptions have been reported: FE_INVALID
INFO: The following Floating Point Exceptions have been reported: FE_INVALID
INFO: The following Floating Point Exceptions have been reported: FE_INVALID
INFO: The following Floating Point Exceptions have been reported: FE_INVALID
INFO: The following Floating Point Exceptions have been reported: FE_INVALID
INFO: The following Floating Point Exceptions have been reported: FE_INVALID
INFO: The following Floating Point Exceptions have been reported: FE_INVALID
INFO: The following Floating Point Exceptions have been reported: FE_INVALID
INFO: The following Floating Point Exceptions have been reported: FE_INVALID
INFO: The following Floating Point Exceptions have been reported: FE_INVALID
INFO: The following Floating Point Exceptions have been reported: FE_INVALID
INFO: The following Floating Point Exceptions have been reported: FE_INVALID
INFO: The following Floating Point Exceptions have been reported: FE_INVALID
INFO: The following Floating Point Exceptions have been reported: FE_INVALID
INFO: The following Floating Point Exceptions have been reported: FE_INVALID
INFO: The following Floating Point Exceptions have been reported: FE_INVALID
INFO: The following Floating Point Exceptions have been reported: FE_INVALID
INFO: The following Floating Point Exceptions have been reported: FE_INVALID
INFO: The following Floating Point Exceptions have been reported: FE_INVALID
INFO: The following Floating Point Exceptions have been reported: FE_INVALID
INFO: The following Floating Point Exceptions have been reported: FE_INVALID
INFO: The following Floating Point Exceptions have been reported: FE_INVALID
INFO: The following Floating Point Exceptions have been reported: FE_INVALID
INFO: The following Floating Point Exceptions have been reported: FE_INVALID
INFO: The following Floating Point Exceptions have been reported: FE_INVALID
combine_events
store_events
  === Results Summary for run: GridRun_10 tag: tag_1 ===

     Cross-section :   0 +- 0 pb
     Nb of events :  200000
 
decay_events -from_cards
DONE
write ./events.lhe.gz
run 1 finished, total number of produced events: 200000/200000

-rw-r--r--. 1 choij zh 49035042 Aug 27 13:16 events_1.lhe.gz
run finished, produced number of events:
200000
/srv/work/process/madevent /srv/work
************************************************************
*                                                          *
*                      W E L C O M E to                    *
*             M A D G R A P H 5 _ a M C @ N L O            *
*                      M A D E V E N T                     *
*                                                          *
*                 *                       *                *
*                   *        * *        *                  *
*                     * * * * 5 * * * *                    *
*                   *        * *        *                  *
*                 *                       *                *
*                                                          *
*         VERSION 3.5.3_lo_vect                            *
*                                                          *
*    The MadGraph5_aMC@NLO Development Team - Find us at   *
*    https://server06.fynu.ucl.ac.be/projects/madgraph     *
*                                                          *
*               Type 'help' for in-line help.              *
*                                                          *
************************************************************
INFO: load configuration from /srv/work/process/madevent/Cards/me5_configuration.txt  
INFO: load configuration from /srv/work/mgbasedir/input/mg5_configuration.txt  
INFO: load configuration from /srv/work/process/madevent/Cards/me5_configuration.txt  
Using default text editor "vi". Set another one in ./input/mg5_configuration.txt
No valid eps viewer found. Please set in ./input/mg5_configuration.txt
No valid web browser found. Please set in ./input/mg5_configuration.txt
madevent>INFO: Running Systematics computation 
INFO: # Events generated with PDF: NNPDF31_nnlo_as_0118_mc_hessian_pdfas (325300) 
INFO: # Will Compute 926 weights per event. 
INFO: # Currently at event 0 [elapsed time: 0.045 s] 
INFO: # Currently at event 2500 [elapsed time: 34 s] 
INFO: # Currently at event 5000 [elapsed time: 68 s] 
INFO: # Currently at event 7500 [elapsed time: 1e+02 s] 
INFO: # Currently at event 10000 [elapsed time: 1.4e+02 s] 
INFO: # Currently at event 12500 [elapsed time: 1.7e+02 s] 
INFO: # Currently at event 15000 [elapsed time: 2e+02 s] 
INFO: # Currently at event 17500 [elapsed time: 2.4e+02 s] 
INFO: # Currently at event 20000 [elapsed time: 2.7e+02 s] 
INFO: # Currently at event 22500 [elapsed time: 3.1e+02 s] 
INFO: # Currently at event 25000 [elapsed time: 3.4e+02 s] 
INFO: # Currently at event 27500 [elapsed time: 3.7e+02 s] 
INFO: # Currently at event 30000 [elapsed time: 4.1e+02 s] 
INFO: # Currently at event 32500 [elapsed time: 4.4e+02 s] 
INFO: # Currently at event 35000 [elapsed time: 4.8e+02 s] 
INFO: # Currently at event 37500 [elapsed time: 5.1e+02 s] 
INFO: # Currently at event 40000 [elapsed time: 5.4e+02 s] 
INFO: # Currently at event 42500 [elapsed time: 5.8e+02 s] 
INFO: # Currently at event 45000 [elapsed time: 6.1e+02 s] 
INFO: # Currently at event 47500 [elapsed time: 6.4e+02 s] 
INFO: # Currently at event 50000 [elapsed time: 6.8e+02 s] 
INFO: # Currently at event 52500 [elapsed time: 7.1e+02 s] 
INFO: # Currently at event 55000 [elapsed time: 7.5e+02 s] 
INFO: # Currently at event 57500 [elapsed time: 7.8e+02 s] 
INFO: # Currently at event 60000 [elapsed time: 8.1e+02 s] 
INFO: # Currently at event 62500 [elapsed time: 8.5e+02 s] 
INFO: # Currently at event 65000 [elapsed time: 8.8e+02 s] 
INFO: # Currently at event 67500 [elapsed time: 9.2e+02 s] 
INFO: # Currently at event 70000 [elapsed time: 9.5e+02 s] 
INFO: # Currently at event 72500 [elapsed time: 9.8e+02 s] 
INFO: # Currently at event 75000 [elapsed time: 1e+03 s] 
INFO: # Currently at event 77500 [elapsed time: 1.1e+03 s] 
INFO: # Currently at event 80000 [elapsed time: 1.1e+03 s] 
INFO: # Currently at event 82500 [elapsed time: 1.1e+03 s] 
INFO: # Currently at event 85000 [elapsed time: 1.2e+03 s] 
INFO: # Currently at event 87500 [elapsed time: 1.2e+03 s] 
INFO: # Currently at event 90000 [elapsed time: 1.2e+03 s] 
INFO: # Currently at event 92500 [elapsed time: 1.3e+03 s] 
INFO: # Currently at event 95000 [elapsed time: 1.3e+03 s] 
INFO: # Currently at event 97500 [elapsed time: 1.3e+03 s] 
INFO: # Currently at event 100000 [elapsed time: 1.4e+03 s] 
INFO: # Currently at event 102500 [elapsed time: 1.4e+03 s] 
INFO: # Currently at event 105000 [elapsed time: 1.4e+03 s] 
INFO: # Currently at event 107500 [elapsed time: 1.5e+03 s] 
INFO: # Currently at event 110000 [elapsed time: 1.5e+03 s] 
INFO: # Currently at event 112500 [elapsed time: 1.5e+03 s] 
INFO: # Currently at event 115000 [elapsed time: 1.6e+03 s] 
INFO: # Currently at event 117500 [elapsed time: 1.6e+03 s] 
INFO: # Currently at event 120000 [elapsed time: 1.6e+03 s] 
INFO: # Currently at event 122500 [elapsed time: 1.7e+03 s] 
INFO: # Currently at event 125000 [elapsed time: 1.7e+03 s] 
INFO: # Currently at event 127500 [elapsed time: 1.7e+03 s] 
INFO: # Currently at event 130000 [elapsed time: 1.8e+03 s] 
INFO: # Currently at event 132500 [elapsed time: 1.8e+03 s] 
INFO: # Currently at event 135000 [elapsed time: 1.8e+03 s] 
INFO: # Currently at event 137500 [elapsed time: 1.9e+03 s] 
INFO: # Currently at event 140000 [elapsed time: 1.9e+03 s] 
INFO: # Currently at event 142500 [elapsed time: 1.9e+03 s] 
INFO: # Currently at event 145000 [elapsed time: 2e+03 s] 
INFO: # Currently at event 147500 [elapsed time: 2e+03 s] 
INFO: # Currently at event 150000 [elapsed time: 2e+03 s] 
INFO: # Currently at event 152500 [elapsed time: 2.1e+03 s] 
INFO: # Currently at event 155000 [elapsed time: 2.1e+03 s] 
INFO: # Currently at event 157500 [elapsed time: 2.1e+03 s] 
INFO: # Currently at event 160000 [elapsed time: 2.2e+03 s] 
INFO: # Currently at event 162500 [elapsed time: 2.2e+03 s] 
INFO: # Currently at event 165000 [elapsed time: 2.2e+03 s] 
INFO: # Currently at event 167500 [elapsed time: 2.3e+03 s] 
INFO: # Currently at event 170000 [elapsed time: 2.3e+03 s] 
INFO: # Currently at event 172500 [elapsed time: 2.3e+03 s] 
INFO: # Currently at event 175000 [elapsed time: 2.4e+03 s] 
INFO: # Currently at event 177500 [elapsed time: 2.4e+03 s] 
INFO: # Currently at event 180000 [elapsed time: 2.4e+03 s] 
INFO: # Currently at event 182500 [elapsed time: 2.5e+03 s] 
INFO: # Currently at event 185000 [elapsed time: 2.5e+03 s] 
INFO: # Currently at event 187500 [elapsed time: 2.5e+03 s] 
INFO: # Currently at event 190000 [elapsed time: 2.6e+03 s] 
INFO: # Currently at event 192500 [elapsed time: 2.6e+03 s] 
INFO: # Currently at event 195000 [elapsed time: 2.6e+03 s] 
INFO: # Currently at event 197500 [elapsed time: 2.7e+03 s] 
INFO: #***************************************************************************
#
# original cross-section: 2919.7034000086187
#     scale variation: +29.2% -19.5%
#     emission scale variation: +29.2% -19.5%
#     central scheme variation: +1.45% - 0%
# PDF variation: +4.26% -4.26%
#
#PDF NNPDF31_nnlo_as_0118_mc: 2912.36 +0.346% -0.346%
#PDF NNPDF31_nlo_hessian_pdfas: 2888.36 +4.22% -4.22%
#PDF NNPDF40_nnlo_pdfas: 2936.83 +2.1% -2.1%
#PDF NNPDF40_nnlo_hessian_pdfas: 2937.69 +2.11% -2.11%
#PDF NNPDF40_nnlo_pch_as_01180: 2916.78 +0.241% -0.241%
#PDF CT18NNLO: 2866.31 +0.453% -1.06%
#PDF CT18ZNNLO: 2889.13 +0.603% -1.09%
#PDF MSHT20nnlo_as118: 2893.88 +0.389% -0.54%
#PDF PDF4LHC21_40_pdfas: 2897.49 +2.56% -2.56%
#PDF HERAPDF20_NNLO_EIG: 2904.24 +0.443% -0.745%
#PDF ABMP16als118_5_nnlo: 2894.08 +0.429% -0.429%
# dynamical scheme # 1 : 2962.14 +6.15% -6.64% # \sum ET
# dynamical scheme # 2 : 2962.17 +6.15% -6.64% # \sum\sqrt{m^2+pt^2}
# dynamical scheme # 3 : 2923.09 +8.23% -8.83% # 0.5 \sum\sqrt{m^2+pt^2}
# dynamical scheme # 4 : 2924.74 +5.02% -5.45% # \sqrt{\hat s}
# PDF 263000 : 3578.2182199726535
#***************************************************************************
 
INFO: End of systematics computation 
madevent>INFO:  
launch in debug mode
/srv/work

Run xml check
Number of weights that are NaN:
0
All checks passed 

total 7236844
drwxr-xr-x. 17 choij zh       4096 Aug 27 12:30 CMSSW_14_0_9
-rw-r--r--.  1 choij zh   50960416 Aug 27 12:30 DY2j_LO_5f_CUDA_el8_amd64_gcc12_CMSSW_14_0_9_tarball.tar.xz
drwxr-xr-x.  2 choij zh        165 Aug 22 06:42 InputCards
-rw-r--r--.  1 choij zh 7355298514 Aug 27 14:02 cmsgrid_final.lhe
-rw-r--r--.  1 choij zh    1862626 Aug 27 14:03 evtgen.log
-rw-r--r--.  1 choij zh     368571 Aug 22 06:42 gridpack_generation.log
-rwxr-xr-x.  1 choij zh      11617 Aug 22 06:42 merge.pl
drwxr-xr-x. 14 choij zh       4096 Aug 22 06:42 mgbasedir
drwxr-xr-x.  3 choij zh         36 Aug 27 13:16 process
-rwxr-xr-x.  1 choij zh       8025 Aug 27 12:30 runcmsgrid.sh
