000 (7187274.003.000) 08/26 07:55:31 Job submitted from host: <137.138.44.55:9618?addrs=137.138.44.55-9618+[2001-1458-d00-1a--48]-9618&alias=bigbird17.cern.ch&noUDP&sock=schedd_23962_8474>
...
040 (7187274.003.000) 08/26 12:10:05 Started transferring input files
	Transferring to host: <128.142.248.197:9618?addrs=128.142.248.197-9618+[2001-1458-301-73--100-c4]-9618&alias=b9g23p2961.cern.ch&noUDP&sock=slot1_24_7499_794a_4869>
...
040 (7187274.003.000) 08/26 12:10:05 Finished transferring input files
...
001 (7187274.003.000) 08/26 12:10:06 Job executing on host: <128.142.248.197:9618?addrs=128.142.248.197-9618+[2001-1458-301-73--100-c4]-9618&alias=b9g23p2961.cern.ch&noUDP&sock=startd_5911_0866>
	SlotName: slot1_24@b9g23p2961.cern.ch
	CondorScratchDir = "/pool/condor/dir_3006771"
	Cpus = 1
	Disk = 3039995
	Memory = 2000
...
006 (7187274.003.000) 08/26 12:10:14 Image size of job updated: 997528
	534  -  MemoryUsage of job (MB)
	546580  -  ResidentSetSize of job (KB)
...
006 (7187274.003.000) 08/26 12:15:14 Image size of job updated: 1125300
	1088  -  MemoryUsage of job (MB)
	1113268  -  ResidentSetSize of job (KB)
...
006 (7187274.003.000) 08/26 12:20:15 Image size of job updated: 1407788
	1362  -  MemoryUsage of job (MB)
	1394608  -  ResidentSetSize of job (KB)
...
006 (7187274.003.000) 08/26 12:25:15 Image size of job updated: 1538052
	1397  -  MemoryUsage of job (MB)
	1429592  -  ResidentSetSize of job (KB)
...
006 (7187274.003.000) 08/26 12:30:16 Image size of job updated: 3727296
	1397  -  MemoryUsage of job (MB)
	1429592  -  ResidentSetSize of job (KB)
...
040 (7187274.003.000) 08/26 12:30:19 Started transferring output files
...
040 (7187274.003.000) 08/26 12:30:19 Finished transferring output files
...
005 (7187274.003.000) 08/26 12:30:20 Job terminated.
	(1) Normal termination (return value 50)
		Usr 0 00:19:23, Sys 0 00:00:59  -  Run Remote Usage
		Usr 0 00:00:00, Sys 0 00:00:00  -  Run Local Usage
		Usr 0 00:19:23, Sys 0 00:00:59  -  Total Remote Usage
		Usr 0 00:00:00, Sys 0 00:00:00  -  Total Local Usage
	34675  -  Run Bytes Sent By Job
	2910  -  Run Bytes Received By Job
	34675  -  Total Bytes Sent By Job
	2910  -  Total Bytes Received By Job
	Partitionable Resources :      Usage  Request Allocated 
	   Cpus                 :       0.42        1         1 
	   Disk (KB)            : 1511832           3   3039995 
	   Memory (MB)          :    1397        2000      2000 

	Job terminated of its own accord at 2024-08-26T10:30:19Z with exit-code 50.
...
