000 (7187266.001.000) 08/26 07:55:22 Job submitted from host: <137.138.44.55:9618?addrs=137.138.44.55-9618+[2001-1458-d00-1a--48]-9618&alias=bigbird17.cern.ch&noUDP&sock=schedd_23962_8474>
...
040 (7187266.001.000) 08/26 21:42:11 Started transferring input files
	Transferring to host: <188.185.93.47:9618?addrs=188.185.93.47-9618+[2001-1458-d00-6c--100-287]-9618&alias=b9g57n0051.cern.ch&noUDP&sock=slot1_1_12571_2818_109530>
...
040 (7187266.001.000) 08/26 21:42:11 Finished transferring input files
...
001 (7187266.001.000) 08/26 21:42:12 Job executing on host: <188.185.93.47:9618?addrs=188.185.93.47-9618+[2001-1458-d00-6c--100-287]-9618&alias=b9g57n0051.cern.ch&noUDP&sock=startd_11769_2231>
	SlotName: slot1_1@b9g57n0051.cern.ch
	AvailableGPUs = { GPUs_GPU_7a483b10 }
	CondorScratchDir = "/pool/condor/dir_3930271"
	Cpus = 1
	Disk = 315414
	GPUs = 1
	GPUs_GPU_7a483b10 = [ GlobalMemoryMb = 40326; MaxSupportedVersion = 12040; DriverVersion = 12.4; DeviceUuid = "7a483b10-0f71-ee98-47a2-b3922f8bebfc"; DeviceName = "NVIDIA A100-PCIE-40GB"; CoresPerCU = 64; ECCEnabled = true; ComputeUnits = 108; ClockMhz = 1410.0; Id = "GPU-7a483b10"; DevicePciBusId = "0000:06:00.0"; Capability = 8.0 ]
	Memory = 2000
...
006 (7187266.001.000) 08/26 21:42:21 Image size of job updated: 15684608
	1706  -  MemoryUsage of job (MB)
	1746140  -  ResidentSetSize of job (KB)
...
006 (7187266.001.000) 08/26 21:47:21 Image size of job updated: 15684608
	1707  -  MemoryUsage of job (MB)
	1747896  -  ResidentSetSize of job (KB)
...
006 (7187266.001.000) 08/26 21:52:21 Image size of job updated: 15684608
	5559  -  MemoryUsage of job (MB)
	5691988  -  ResidentSetSize of job (KB)
...
006 (7187266.001.000) 08/26 21:57:22 Image size of job updated: 15684608
	6379  -  MemoryUsage of job (MB)
	6531604  -  ResidentSetSize of job (KB)
...
006 (7187266.001.000) 08/26 22:02:22 Image size of job updated: 15684608
	7195  -  MemoryUsage of job (MB)
	7367068  -  ResidentSetSize of job (KB)
...
006 (7187266.001.000) 08/26 22:07:22 Image size of job updated: 15684608
	7978  -  MemoryUsage of job (MB)
	8169308  -  ResidentSetSize of job (KB)
...
006 (7187266.001.000) 08/26 22:12:23 Image size of job updated: 15684608
	8788  -  MemoryUsage of job (MB)
	8998476  -  ResidentSetSize of job (KB)
...
006 (7187266.001.000) 08/26 22:17:23 Image size of job updated: 15684608
	9605  -  MemoryUsage of job (MB)
	9835056  -  ResidentSetSize of job (KB)
...
006 (7187266.001.000) 08/26 22:22:23 Image size of job updated: 15684608
	10424  -  MemoryUsage of job (MB)
	10673988  -  ResidentSetSize of job (KB)
...
006 (7187266.001.000) 08/26 22:27:24 Image size of job updated: 15684608
	11249  -  MemoryUsage of job (MB)
	11518204  -  ResidentSetSize of job (KB)
...
040 (7187266.001.000) 08/26 22:32:28 Started transferring output files
...
040 (7187266.001.000) 08/26 22:32:28 Finished transferring output files
...
005 (7187266.001.000) 08/26 22:32:28 Job terminated.
	(1) Normal termination (return value 50)
		Usr 0 13:12:30, Sys 0 21:56:54  -  Run Remote Usage
		Usr 0 00:00:00, Sys 0 00:00:00  -  Run Local Usage
		Usr 0 13:12:30, Sys 0 21:56:54  -  Total Remote Usage
		Usr 0 00:00:00, Sys 0 00:00:00  -  Total Local Usage
	20052  -  Run Bytes Sent By Job
	2919  -  Run Bytes Received By Job
	20052  -  Total Bytes Sent By Job
	2919  -  Total Bytes Received By Job
	Partitionable Resources :      Usage  Request Allocated Assigned
	   Cpus                 :       1.00        1         1 
	   Disk (KB)            : 7334499           3    315414 
	   Gpus (Average)       :       0.00        1         1 "GPU-7a483b10"
	   GpusMemory (MB)      :    1069                       
	   Memory (MB)          :   11249        2000      2000 

	Job terminated of its own accord at 2024-08-26T20:32:28Z with exit-code 50.
...
