000 (7187266.007.000) 08/26 07:55:22 Job submitted from host: <137.138.44.55:9618?addrs=137.138.44.55-9618+[2001-1458-d00-1a--48]-9618&alias=bigbird17.cern.ch&noUDP&sock=schedd_23962_8474>
...
040 (7187266.007.000) 08/27 00:24:06 Started transferring input files
	Transferring to host: <188.185.93.234:9618?addrs=188.185.93.234-9618+[2001-1458-d00-6c--100-2e]-9618&alias=b9g57n6763.cern.ch&noUDP&sock=slot1_1_170185_7a62_62497>
...
040 (7187266.007.000) 08/27 00:24:06 Finished transferring input files
...
001 (7187266.007.000) 08/27 00:24:07 Job executing on host: <188.185.93.234:9618?addrs=188.185.93.234-9618+[2001-1458-d00-6c--100-2e]-9618&alias=b9g57n6763.cern.ch&noUDP&sock=startd_154457_3bb9>
	SlotName: slot1_1@b9g57n6763.cern.ch
	AvailableGPUs = { GPUs_GPU_b1587b5f }
	CondorScratchDir = "/pool/condor/dir_1805187"
	Cpus = 1
	Disk = 340884
	GPUs = 1
	GPUs_GPU_b1587b5f = [ GlobalMemoryMb = 40326; MaxSupportedVersion = 12040; DriverVersion = 12.4; DeviceUuid = "b1587b5f-5c26-3004-6bcf-3ce828349df6"; DeviceName = "NVIDIA A100-PCIE-40GB"; CoresPerCU = 64; ECCEnabled = true; ComputeUnits = 108; ClockMhz = 1410.0; Id = "GPU-b1587b5f"; DevicePciBusId = "0000:06:00.0"; Capability = 8.0 ]
	Memory = 2000
...
006 (7187266.007.000) 08/27 00:24:16 Image size of job updated: 626740
	368  -  MemoryUsage of job (MB)
	376372  -  ResidentSetSize of job (KB)
...
006 (7187266.007.000) 08/27 00:29:17 Image size of job updated: 1040300
	955  -  MemoryUsage of job (MB)
	977624  -  ResidentSetSize of job (KB)
...
006 (7187266.007.000) 08/27 00:34:17 Image size of job updated: 5537728
	5408  -  MemoryUsage of job (MB)
	5537728  -  ResidentSetSize of job (KB)
...
006 (7187266.007.000) 08/27 00:39:17 Image size of job updated: 6354396
	6206  -  MemoryUsage of job (MB)
	6354396  -  ResidentSetSize of job (KB)
...
006 (7187266.007.000) 08/27 00:44:18 Image size of job updated: 7175108
	7007  -  MemoryUsage of job (MB)
	7175108  -  ResidentSetSize of job (KB)
...
006 (7187266.007.000) 08/27 00:49:18 Image size of job updated: 7993600
	7807  -  MemoryUsage of job (MB)
	7993600  -  ResidentSetSize of job (KB)
...
006 (7187266.007.000) 08/27 00:54:18 Image size of job updated: 8819384
	8613  -  MemoryUsage of job (MB)
	8819384  -  ResidentSetSize of job (KB)
...
006 (7187266.007.000) 08/27 00:59:19 Image size of job updated: 9309928
	8613  -  MemoryUsage of job (MB)
	8819384  -  ResidentSetSize of job (KB)
...
006 (7187266.007.000) 08/27 01:04:19 Image size of job updated: 9309928
	9040  -  MemoryUsage of job (MB)
	9256744  -  ResidentSetSize of job (KB)
...
006 (7187266.007.000) 08/27 01:09:20 Image size of job updated: 10092672
	9857  -  MemoryUsage of job (MB)
	10092672  -  ResidentSetSize of job (KB)
...
006 (7187266.007.000) 08/27 01:14:21 Image size of job updated: 10812116
	9857  -  MemoryUsage of job (MB)
	10092672  -  ResidentSetSize of job (KB)
...
040 (7187266.007.000) 08/27 01:14:50 Started transferring output files
...
040 (7187266.007.000) 08/27 01:14:50 Finished transferring output files
...
005 (7187266.007.000) 08/27 01:14:50 Job terminated.
	(1) Normal termination (return value 50)
		Usr 0 00:49:19, Sys 0 00:01:03  -  Run Remote Usage
		Usr 0 00:00:00, Sys 0 00:00:00  -  Run Local Usage
		Usr 0 00:49:19, Sys 0 00:01:03  -  Total Remote Usage
		Usr 0 00:00:00, Sys 0 00:00:00  -  Total Local Usage
	19591  -  Run Bytes Sent By Job
	2919  -  Run Bytes Received By Job
	19591  -  Total Bytes Sent By Job
	2919  -  Total Bytes Received By Job
	Partitionable Resources :      Usage  Request Allocated Assigned
	   Cpus                 :       1.00        1         1 
	   Disk (KB)            : 7334498           3    340884 
	   Gpus (Average)       :       0.00        1         1 "GPU-b1587b5f"
	   GpusMemory (MB)      :    1069                       
	   Memory (MB)          :    9857        2000      2000 

	Job terminated of its own accord at 2024-08-26T23:14:50Z with exit-code 50.
...
