000 (7223604.002.000) 09/25 06:46:16 Job submitted from host: <137.138.44.55:9618?addrs=137.138.44.55-9618+[2001-1458-d00-1a--48]-9618&alias=bigbird17.cern.ch&noUDP&sock=schedd_1981_6134>
...
040 (7223604.002.000) 09/26 22:49:17 Entered queue to transfer input files
	Transferring to host: <188.185.238.12:9618?addrs=188.185.238.12-9618+[2001-1458-303-28--100-8]-9618&alias=b9pgpun001.cern.ch&noUDP&sock=slot1_1_240309_2e05_34687>
...
040 (7223604.002.000) 09/26 22:49:19 Started transferring input files
	Seconds spent in queue: 2
...
040 (7223604.002.000) 09/26 22:49:19 Finished transferring input files
...
001 (7223604.002.000) 09/26 22:49:20 Job executing on host: <188.185.238.12:9618?addrs=188.185.238.12-9618+[2001-1458-303-28--100-8]-9618&alias=b9pgpun001.cern.ch&noUDP&sock=startd_240269_20b4>
	SlotName: slot1_1@b9pgpun001.cern.ch
	AvailableGPUs = { GPUs_GPU_ba8f5d65 }
	CondorScratchDir = "/pool/condor/dir_1213491"
	Cpus = 1
	Disk = 6856845
	GPUs = 1
	GPUs_GPU_ba8f5d65 = [ GlobalMemoryMb = 95235; MaxSupportedVersion = 12040; DriverVersion = 12.4; DeviceName = "NVIDIA H100 NVL"; CoresPerCU = 128; ECCEnabled = true; ComputeUnits = 132; ClockMhz = 1785.0; Id = "GPU-ba8f5d65"; Capability = 9.0; DevicePciBusId = "0000:3A:00.0"; DeviceUuid = "ba8f5d65-a6fb-796f-67a2-9d19bc987566" ]
	Memory = 2000
...
006 (7223604.002.000) 09/26 22:49:28 Image size of job updated: 1534208
	1499  -  MemoryUsage of job (MB)
	1534188  -  ResidentSetSize of job (KB)
...
006 (7223604.002.000) 09/26 22:54:29 Image size of job updated: 21846400
	21085  -  MemoryUsage of job (MB)
	21590740  -  ResidentSetSize of job (KB)
...
006 (7223604.002.000) 09/26 22:59:30 Image size of job updated: 22757692
	21638  -  MemoryUsage of job (MB)
	22156296  -  ResidentSetSize of job (KB)
...
006 (7223604.002.000) 09/26 23:04:29 Image size of job updated: 22829412
	21675  -  MemoryUsage of job (MB)
	22194704  -  ResidentSetSize of job (KB)
...
006 (7223604.002.000) 09/26 23:09:29 Image size of job updated: 22829412
	21901  -  MemoryUsage of job (MB)
	22426512  -  ResidentSetSize of job (KB)
...
006 (7223604.002.000) 09/26 23:14:30 Image size of job updated: 23235812
	22566  -  MemoryUsage of job (MB)
	23106580  -  ResidentSetSize of job (KB)
...
006 (7223604.002.000) 09/26 23:19:31 Image size of job updated: 23255040
	22566  -  MemoryUsage of job (MB)
	23106580  -  ResidentSetSize of job (KB)
...
006 (7223604.002.000) 09/26 23:24:32 Image size of job updated: 23347088
	22566  -  MemoryUsage of job (MB)
	23106580  -  ResidentSetSize of job (KB)
...
006 (7223604.002.000) 09/26 23:34:32 Image size of job updated: 23643044
	22577  -  MemoryUsage of job (MB)
	23117932  -  ResidentSetSize of job (KB)
...
006 (7223604.002.000) 09/26 23:39:33 Image size of job updated: 23755156
	22577  -  MemoryUsage of job (MB)
	23117932  -  ResidentSetSize of job (KB)
...
006 (7223604.002.000) 09/26 23:44:34 Image size of job updated: 24048476
	22577  -  MemoryUsage of job (MB)
	23117932  -  ResidentSetSize of job (KB)
...
006 (7223604.002.000) 09/26 23:50:49 Image size of job updated: 24051264
	22606  -  MemoryUsage of job (MB)
	23147608  -  ResidentSetSize of job (KB)
...
006 (7223604.002.000) 09/26 23:54:53 Image size of job updated: 24231788
	22860  -  MemoryUsage of job (MB)
	23408260  -  ResidentSetSize of job (KB)
...
006 (7223604.002.000) 09/26 23:59:54 Image size of job updated: 24451956
	22979  -  MemoryUsage of job (MB)
	23530360  -  ResidentSetSize of job (KB)
...
006 (7223604.002.000) 09/27 00:04:55 Image size of job updated: 24451956
	23097  -  MemoryUsage of job (MB)
	23650992  -  ResidentSetSize of job (KB)
...
006 (7223604.002.000) 09/27 00:09:55 Image size of job updated: 24906980
	23329  -  MemoryUsage of job (MB)
	23888312  -  ResidentSetSize of job (KB)
...
006 (7223604.002.000) 09/27 00:14:55 Image size of job updated: 24909180
	23446  -  MemoryUsage of job (MB)
	24007900  -  ResidentSetSize of job (KB)
...
006 (7223604.002.000) 09/27 00:19:56 Image size of job updated: 25015604
	23473  -  MemoryUsage of job (MB)
	24036248  -  ResidentSetSize of job (KB)
...
006 (7223604.002.000) 09/27 00:24:57 Image size of job updated: 25081084
	23748  -  MemoryUsage of job (MB)
	24317384  -  ResidentSetSize of job (KB)
...
006 (7223604.002.000) 09/27 00:29:58 Image size of job updated: 25081084
	24088  -  MemoryUsage of job (MB)
	24665308  -  ResidentSetSize of job (KB)
...
006 (7223604.002.000) 09/27 00:33:44 Image size of job updated: 27278252
	24109  -  MemoryUsage of job (MB)
	24686800  -  ResidentSetSize of job (KB)
...
040 (7223604.002.000) 09/27 00:33:50 Entered queue to transfer output files
...
040 (7223604.002.000) 09/27 00:34:28 Started transferring output files
	Seconds spent in queue: 6311
...
040 (7223604.002.000) 09/27 00:34:28 Finished transferring output files
...
005 (7223604.002.000) 09/27 00:34:29 Job terminated.
	(1) Normal termination (return value 50)
		Usr 0 00:49:10, Sys 0 00:28:11  -  Run Remote Usage
		Usr 0 00:00:00, Sys 0 00:00:00  -  Run Local Usage
		Usr 0 00:49:10, Sys 0 00:28:11  -  Total Remote Usage
		Usr 0 00:00:00, Sys 0 00:00:00  -  Total Local Usage
	178497  -  Run Bytes Sent By Job
	1399  -  Run Bytes Received By Job
	178497  -  Total Bytes Sent By Job
	1399  -  Total Bytes Received By Job
	Partitionable Resources :       Usage  Request Allocated Assigned
	   Cpus                 :        0.34        1         1 
	   Disk (KB)            : 21628012           2   6856845 
	   Gpus (Average)       :        0.03        1         1 "GPU-ba8f5d65"
	   GpusMemory (MB)      :     3778                       
	   Memory (MB)          :    24109        2000      2000 

	Job terminated of its own accord at 2024-09-26T22:33:44Z with exit-code 50.
...
