000 (7223604.006.000) 09/25 06:46:16 Job submitted from host: <137.138.44.55:9618?addrs=137.138.44.55-9618+[2001-1458-d00-1a--48]-9618&alias=bigbird17.cern.ch&noUDP&sock=schedd_1981_6134>
...
040 (7223604.006.000) 09/26 23:16:40 Entered queue to transfer input files
	Transferring to host: <188.185.238.10:9618?addrs=188.185.238.10-9618+[2001-1458-303-28--100-6]-9618&alias=b9pgpun002.cern.ch&noUDP&sock=slot1_4_1420705_f206_19867>
...
040 (7223604.006.000) 09/26 23:34:19 Started transferring input files
	Seconds spent in queue: 1059
...
040 (7223604.006.000) 09/26 23:34:20 Finished transferring input files
...
001 (7223604.006.000) 09/26 23:34:20 Job executing on host: <188.185.238.10:9618?addrs=188.185.238.10-9618+[2001-1458-303-28--100-6]-9618&alias=b9pgpun002.cern.ch&noUDP&sock=startd_600104_020a>
	SlotName: slot1_4@b9pgpun002.cern.ch
	AvailableGPUs = { GPUs_GPU_a111cc3f }
	CondorScratchDir = "/pool/condor/dir_3676839"
	Cpus = 1
	Disk = 6811560
	GPUs = 1
	GPUs_GPU_a111cc3f = [ GlobalMemoryMb = 95235; MaxSupportedVersion = 12040; DriverVersion = 12.4; DeviceName = "NVIDIA H100 NVL"; CoresPerCU = 128; ECCEnabled = true; ComputeUnits = 132; ClockMhz = 1785.0; Id = "GPU-a111cc3f"; Capability = 9.0; DevicePciBusId = "0000:AE:00.0"; DeviceUuid = "a111cc3f-b0ac-64c9-aeec-748e3fd5b066" ]
	Memory = 2000
...
006 (7223604.006.000) 09/26 23:34:29 Image size of job updated: 1796516
	1755  -  MemoryUsage of job (MB)
	1796492  -  ResidentSetSize of job (KB)
...
006 (7223604.006.000) 09/26 23:39:30 Image size of job updated: 22199992
	21377  -  MemoryUsage of job (MB)
	21889776  -  ResidentSetSize of job (KB)
...
006 (7223604.006.000) 09/26 23:44:29 Image size of job updated: 22882936
	22109  -  MemoryUsage of job (MB)
	22639440  -  ResidentSetSize of job (KB)
...
006 (7223604.006.000) 09/26 23:50:49 Image size of job updated: 23081992
	22391  -  MemoryUsage of job (MB)
	22928320  -  ResidentSetSize of job (KB)
...
006 (7223604.006.000) 09/26 23:54:59 Image size of job updated: 23522128
	22842  -  MemoryUsage of job (MB)
	23389936  -  ResidentSetSize of job (KB)
...
006 (7223604.006.000) 09/27 00:00:00 Image size of job updated: 23843528
	22887  -  MemoryUsage of job (MB)
	23435768  -  ResidentSetSize of job (KB)
...
006 (7223604.006.000) 09/27 00:05:00 Image size of job updated: 24120364
	22895  -  MemoryUsage of job (MB)
	23444468  -  ResidentSetSize of job (KB)
...
006 (7223604.006.000) 09/27 00:10:01 Image size of job updated: 24253632
	22926  -  MemoryUsage of job (MB)
	23475520  -  ResidentSetSize of job (KB)
...
006 (7223604.006.000) 09/27 00:15:02 Image size of job updated: 24365108
	22973  -  MemoryUsage of job (MB)
	23524112  -  ResidentSetSize of job (KB)
...
006 (7223604.006.000) 09/27 00:20:02 Image size of job updated: 24714320
	23981  -  MemoryUsage of job (MB)
	24555820  -  ResidentSetSize of job (KB)
...
006 (7223604.006.000) 09/27 00:25:03 Image size of job updated: 25024636
	24313  -  MemoryUsage of job (MB)
	24896352  -  ResidentSetSize of job (KB)
...
006 (7223604.006.000) 09/27 00:30:04 Image size of job updated: 25088196
	24313  -  MemoryUsage of job (MB)
	24896352  -  ResidentSetSize of job (KB)
...
006 (7223604.006.000) 09/27 00:35:04 Image size of job updated: 25321176
	24602  -  MemoryUsage of job (MB)
	25191676  -  ResidentSetSize of job (KB)
...
006 (7223604.006.000) 09/27 00:40:05 Image size of job updated: 25379500
	24706  -  MemoryUsage of job (MB)
	25298428  -  ResidentSetSize of job (KB)
...
006 (7223604.006.000) 09/27 00:45:06 Image size of job updated: 25635884
	24706  -  MemoryUsage of job (MB)
	25298428  -  ResidentSetSize of job (KB)
...
006 (7223604.006.000) 09/27 00:50:07 Image size of job updated: 25794260
	25063  -  MemoryUsage of job (MB)
	25664456  -  ResidentSetSize of job (KB)
...
006 (7223604.006.000) 09/27 00:55:06 Image size of job updated: 25801264
	25063  -  MemoryUsage of job (MB)
	25664456  -  ResidentSetSize of job (KB)
...
006 (7223604.006.000) 09/27 01:10:07 Image size of job updated: 26462744
	25063  -  MemoryUsage of job (MB)
	25664456  -  ResidentSetSize of job (KB)
...
006 (7223604.006.000) 09/27 01:15:08 Image size of job updated: 26595748
	25965  -  MemoryUsage of job (MB)
	26587488  -  ResidentSetSize of job (KB)
...
006 (7223604.006.000) 09/27 01:20:09 Image size of job updated: 26649628
	25965  -  MemoryUsage of job (MB)
	26587488  -  ResidentSetSize of job (KB)
...
006 (7223604.006.000) 09/27 01:25:10 Image size of job updated: 26910612
	25965  -  MemoryUsage of job (MB)
	26587488  -  ResidentSetSize of job (KB)
...
006 (7223604.006.000) 09/27 01:30:10 Image size of job updated: 26958748
	25990  -  MemoryUsage of job (MB)
	26613284  -  ResidentSetSize of job (KB)
...
006 (7223604.006.000) 09/27 01:40:12 Image size of job updated: 26958748
	26030  -  MemoryUsage of job (MB)
	26654428  -  ResidentSetSize of job (KB)
...
006 (7223604.006.000) 09/27 01:45:13 Image size of job updated: 29188796
	28505  -  MemoryUsage of job (MB)
	29188796  -  ResidentSetSize of job (KB)
...
006 (7223604.006.000) 09/27 01:45:49 Image size of job updated: 29313436
	28508  -  MemoryUsage of job (MB)
	29191352  -  ResidentSetSize of job (KB)
...
040 (7223604.006.000) 09/27 01:45:50 Started transferring output files
	Seconds spent in queue: 8950
...
040 (7223604.006.000) 09/27 01:45:50 Finished transferring output files
...
005 (7223604.006.000) 09/27 01:45:51 Job terminated.
	(1) Normal termination (return value 50)
		Usr 0 01:09:25, Sys 0 00:27:50  -  Run Remote Usage
		Usr 0 00:00:00, Sys 0 00:00:00  -  Run Local Usage
		Usr 0 01:09:25, Sys 0 00:27:50  -  Total Remote Usage
		Usr 0 00:00:00, Sys 0 00:00:00  -  Total Local Usage
	178496  -  Run Bytes Sent By Job
	1399  -  Run Bytes Received By Job
	178496  -  Total Bytes Sent By Job
	1399  -  Total Bytes Received By Job
	Partitionable Resources :       Usage  Request Allocated Assigned
	   Cpus                 :        0.34        1         1 
	   Disk (KB)            : 21599114           2   6811560 
	   Gpus (Average)       :        0.02        1         1 "GPU-a111cc3f"
	   GpusMemory (MB)      :     3778                       
	   Memory (MB)          :    28508        2000      2000 

	Job terminated of its own accord at 2024-09-26T23:45:49Z with exit-code 50.
...
