000 (7216735.001.000) 09/18 03:15:02 Job submitted from host: <137.138.44.55:9618?addrs=137.138.44.55-9618+[2001-1458-d00-1a--48]-9618&alias=bigbird17.cern.ch&noUDP&sock=schedd_1981_6134>
...
040 (7216735.001.000) 09/18 11:40:27 Started transferring input files
	Transferring to host: <188.185.198.111:9618?addrs=188.185.198.111-9618+[2001-1458-303-25--100-6b]-9618&alias=b9p15p4924.cern.ch&noUDP&sock=slot1_44_11906_9a9d_37962>
...
040 (7216735.001.000) 09/18 11:40:27 Finished transferring input files
...
001 (7216735.001.000) 09/18 11:40:28 Job executing on host: <188.185.198.111:9618?addrs=188.185.198.111-9618+[2001-1458-303-25--100-6b]-9618&alias=b9p15p4924.cern.ch&noUDP&sock=startd_11856_ceef>
	SlotName: slot1_44@b9p15p4924.cern.ch
	CondorScratchDir = "/pool/condor/dir_567220"
	Cpus = 1
	Disk = 3180897
	Memory = 2000
...
006 (7216735.001.000) 09/18 11:40:37 Image size of job updated: 711108
	695  -  MemoryUsage of job (MB)
	711048  -  ResidentSetSize of job (KB)
...
006 (7216735.001.000) 09/18 11:45:39 Image size of job updated: 1805820
	1514  -  MemoryUsage of job (MB)
	1550220  -  ResidentSetSize of job (KB)
...
006 (7216735.001.000) 09/18 11:50:40 Image size of job updated: 1805820
	1559  -  MemoryUsage of job (MB)
	1596092  -  ResidentSetSize of job (KB)
...
006 (7216735.001.000) 09/18 11:55:41 Image size of job updated: 1805820
	1651  -  MemoryUsage of job (MB)
	1689908  -  ResidentSetSize of job (KB)
...
006 (7216735.001.000) 09/18 12:00:42 Image size of job updated: 1805820
	1718  -  MemoryUsage of job (MB)
	1759044  -  ResidentSetSize of job (KB)
...
006 (7216735.001.000) 09/18 12:05:42 Image size of job updated: 1819760
	1771  -  MemoryUsage of job (MB)
	1812840  -  ResidentSetSize of job (KB)
...
006 (7216735.001.000) 09/18 12:10:43 Image size of job updated: 1907040
	1855  -  MemoryUsage of job (MB)
	1899120  -  ResidentSetSize of job (KB)
...
006 (7216735.001.000) 09/18 12:15:44 Image size of job updated: 2007896
	1950  -  MemoryUsage of job (MB)
	1996128  -  ResidentSetSize of job (KB)
...
006 (7216735.001.000) 09/18 12:20:44 Image size of job updated: 2064920
	2015  -  MemoryUsage of job (MB)
	2063232  -  ResidentSetSize of job (KB)
...
006 (7216735.001.000) 09/18 12:25:44 Image size of job updated: 2124472
	2065  -  MemoryUsage of job (MB)
	2113588  -  ResidentSetSize of job (KB)
...
006 (7216735.001.000) 09/18 12:30:44 Image size of job updated: 2265064
	2203  -  MemoryUsage of job (MB)
	2254912  -  ResidentSetSize of job (KB)
...
006 (7216735.001.000) 09/18 12:35:44 Image size of job updated: 2310236
	2240  -  MemoryUsage of job (MB)
	2293536  -  ResidentSetSize of job (KB)
...
006 (7216735.001.000) 09/18 12:40:45 Image size of job updated: 2385820
	2323  -  MemoryUsage of job (MB)
	2377764  -  ResidentSetSize of job (KB)
...
006 (7216735.001.000) 09/18 12:45:46 Image size of job updated: 2479636
	2422  -  MemoryUsage of job (MB)
	2479636  -  ResidentSetSize of job (KB)
...
006 (7216735.001.000) 09/18 12:50:47 Image size of job updated: 2620580
	2545  -  MemoryUsage of job (MB)
	2606024  -  ResidentSetSize of job (KB)
...
006 (7216735.001.000) 09/18 12:55:48 Image size of job updated: 2793772
	2705  -  MemoryUsage of job (MB)
	2769220  -  ResidentSetSize of job (KB)
...
006 (7216735.001.000) 09/18 13:00:48 Image size of job updated: 2838928
	2763  -  MemoryUsage of job (MB)
	2828588  -  ResidentSetSize of job (KB)
...
006 (7216735.001.000) 09/18 13:05:49 Image size of job updated: 2892100
	2813  -  MemoryUsage of job (MB)
	2880036  -  ResidentSetSize of job (KB)
...
006 (7216735.001.000) 09/18 13:10:50 Image size of job updated: 3030052
	2954  -  MemoryUsage of job (MB)
	3024292  -  ResidentSetSize of job (KB)
...
006 (7216735.001.000) 09/18 13:15:51 Image size of job updated: 3148012
	3061  -  MemoryUsage of job (MB)
	3134004  -  ResidentSetSize of job (KB)
...
006 (7216735.001.000) 09/18 13:20:51 Image size of job updated: 3235892
	3141  -  MemoryUsage of job (MB)
	3216336  -  ResidentSetSize of job (KB)
...
006 (7216735.001.000) 09/18 13:25:51 Image size of job updated: 3350984
	3262  -  MemoryUsage of job (MB)
	3339728  -  ResidentSetSize of job (KB)
...
006 (7216735.001.000) 09/18 13:30:51 Image size of job updated: 3475776
	3391  -  MemoryUsage of job (MB)
	3471528  -  ResidentSetSize of job (KB)
...
006 (7216735.001.000) 09/18 13:35:51 Image size of job updated: 3662104
	3560  -  MemoryUsage of job (MB)
	3645300  -  ResidentSetSize of job (KB)
...
006 (7216735.001.000) 09/18 13:40:51 Image size of job updated: 3884040
	3788  -  MemoryUsage of job (MB)
	3878544  -  ResidentSetSize of job (KB)
...
006 (7216735.001.000) 09/18 13:45:51 Image size of job updated: 4075220
	3930  -  MemoryUsage of job (MB)
	4023480  -  ResidentSetSize of job (KB)
...
006 (7216735.001.000) 09/18 13:50:51 Image size of job updated: 4075220
	3942  -  MemoryUsage of job (MB)
	4035736  -  ResidentSetSize of job (KB)
...
006 (7216735.001.000) 09/18 13:55:51 Image size of job updated: 4112728
	4017  -  MemoryUsage of job (MB)
	4112600  -  ResidentSetSize of job (KB)
...
006 (7216735.001.000) 09/18 14:00:51 Image size of job updated: 4206124
	4108  -  MemoryUsage of job (MB)
	4206124  -  ResidentSetSize of job (KB)
...
006 (7216735.001.000) 09/18 14:05:51 Image size of job updated: 4712124
	4602  -  MemoryUsage of job (MB)
	4712124  -  ResidentSetSize of job (KB)
...
006 (7216735.001.000) 09/18 14:10:52 Image size of job updated: 4985720
	4869  -  MemoryUsage of job (MB)
	4985720  -  ResidentSetSize of job (KB)
...
006 (7216735.001.000) 09/18 14:15:53 Image size of job updated: 5262160
	5139  -  MemoryUsage of job (MB)
	5262012  -  ResidentSetSize of job (KB)
...
006 (7216735.001.000) 09/18 14:20:54 Image size of job updated: 5525976
	5397  -  MemoryUsage of job (MB)
	5525976  -  ResidentSetSize of job (KB)
...
006 (7216735.001.000) 09/18 14:25:54 Image size of job updated: 5800180
	5665  -  MemoryUsage of job (MB)
	5800180  -  ResidentSetSize of job (KB)
...
006 (7216735.001.000) 09/18 14:30:55 Image size of job updated: 6072832
	5931  -  MemoryUsage of job (MB)
	6072832  -  ResidentSetSize of job (KB)
...
006 (7216735.001.000) 09/18 14:35:56 Image size of job updated: 6310344
	5931  -  MemoryUsage of job (MB)
	6073088  -  ResidentSetSize of job (KB)
...
040 (7216735.001.000) 09/18 14:36:14 Started transferring output files
...
040 (7216735.001.000) 09/18 14:36:14 Finished transferring output files
...
005 (7216735.001.000) 09/18 14:36:15 Job terminated.
	(1) Normal termination (return value 0)
		Usr 0 02:47:40, Sys 0 00:06:40  -  Run Remote Usage
		Usr 0 00:00:00, Sys 0 00:00:00  -  Run Local Usage
		Usr 0 02:47:40, Sys 0 00:06:40  -  Total Remote Usage
		Usr 0 00:00:00, Sys 0 00:00:00  -  Total Local Usage
	127226  -  Run Bytes Sent By Job
	2925  -  Run Bytes Received By Job
	127226  -  Total Bytes Sent By Job
	2925  -  Total Bytes Received By Job
	Partitionable Resources :      Usage  Request Allocated 
	   Cpus                 :       0.99        1         1 
	   Disk (KB)            : 3927918           3   3180897 
	   Memory (MB)          :    5931        2000      2000 

	Job terminated of its own accord at 2024-09-18T12:36:14Z with exit-code 0.
...
