000 (7216735.002.000) 09/18 03:15:02 Job submitted from host: <137.138.44.55:9618?addrs=137.138.44.55-9618+[2001-1458-d00-1a--48]-9618&alias=bigbird17.cern.ch&noUDP&sock=schedd_1981_6134>
...
040 (7216735.002.000) 09/18 11:40:28 Started transferring input files
	Transferring to host: <128.142.248.94:9618?addrs=128.142.248.94-9618+[2001-1458-301-73--100-14e]-9618&alias=b9g23p2790.cern.ch&noUDP&sock=slot1_51_3359_7822_15977>
...
040 (7216735.002.000) 09/18 11:40:28 Finished transferring input files
...
001 (7216735.002.000) 09/18 11:40:29 Job executing on host: <128.142.248.94:9618?addrs=128.142.248.94-9618+[2001-1458-301-73--100-14e]-9618&alias=b9g23p2790.cern.ch&noUDP&sock=startd_3310_f691>
	SlotName: slot1_51@b9g23p2790.cern.ch
	CondorScratchDir = "/pool/condor/dir_1723458"
	Cpus = 1
	Disk = 3020720
	Memory = 2000
...
006 (7216735.002.000) 09/18 11:40:38 Image size of job updated: 352116
	344  -  MemoryUsage of job (MB)
	352056  -  ResidentSetSize of job (KB)
...
006 (7216735.002.000) 09/18 11:45:38 Image size of job updated: 1805436
	1465  -  MemoryUsage of job (MB)
	1499556  -  ResidentSetSize of job (KB)
...
006 (7216735.002.000) 09/18 11:50:39 Image size of job updated: 1805436
	1539  -  MemoryUsage of job (MB)
	1575892  -  ResidentSetSize of job (KB)
...
006 (7216735.002.000) 09/18 11:55:40 Image size of job updated: 1805436
	1592  -  MemoryUsage of job (MB)
	1629360  -  ResidentSetSize of job (KB)
...
006 (7216735.002.000) 09/18 12:00:41 Image size of job updated: 1805436
	1651  -  MemoryUsage of job (MB)
	1689760  -  ResidentSetSize of job (KB)
...
006 (7216735.002.000) 09/18 12:05:43 Image size of job updated: 1805436
	1719  -  MemoryUsage of job (MB)
	1759336  -  ResidentSetSize of job (KB)
...
006 (7216735.002.000) 09/18 12:10:44 Image size of job updated: 1817832
	1753  -  MemoryUsage of job (MB)
	1794576  -  ResidentSetSize of job (KB)
...
006 (7216735.002.000) 09/18 12:15:45 Image size of job updated: 1897072
	1846  -  MemoryUsage of job (MB)
	1889892  -  ResidentSetSize of job (KB)
...
006 (7216735.002.000) 09/18 12:20:46 Image size of job updated: 1977752
	1924  -  MemoryUsage of job (MB)
	1969968  -  ResidentSetSize of job (KB)
...
006 (7216735.002.000) 09/18 12:25:47 Image size of job updated: 2045384
	1947  -  MemoryUsage of job (MB)
	1993560  -  ResidentSetSize of job (KB)
...
006 (7216735.002.000) 09/18 12:30:48 Image size of job updated: 2084476
	2028  -  MemoryUsage of job (MB)
	2076444  -  ResidentSetSize of job (KB)
...
006 (7216735.002.000) 09/18 12:35:49 Image size of job updated: 2188740
	2130  -  MemoryUsage of job (MB)
	2180204  -  ResidentSetSize of job (KB)
...
006 (7216735.002.000) 09/18 12:40:50 Image size of job updated: 2265436
	2212  -  MemoryUsage of job (MB)
	2264480  -  ResidentSetSize of job (KB)
...
006 (7216735.002.000) 09/18 12:45:51 Image size of job updated: 2308304
	2244  -  MemoryUsage of job (MB)
	2297728  -  ResidentSetSize of job (KB)
...
006 (7216735.002.000) 09/18 12:50:52 Image size of job updated: 2376980
	2275  -  MemoryUsage of job (MB)
	2328808  -  ResidentSetSize of job (KB)
...
006 (7216735.002.000) 09/18 12:55:52 Image size of job updated: 2437444
	2370  -  MemoryUsage of job (MB)
	2425868  -  ResidentSetSize of job (KB)
...
006 (7216735.002.000) 09/18 13:00:52 Image size of job updated: 2552512
	2467  -  MemoryUsage of job (MB)
	2525516  -  ResidentSetSize of job (KB)
...
006 (7216735.002.000) 09/18 13:05:52 Image size of job updated: 2675212
	2596  -  MemoryUsage of job (MB)
	2658268  -  ResidentSetSize of job (KB)
...
006 (7216735.002.000) 09/18 13:10:52 Image size of job updated: 2792868
	2706  -  MemoryUsage of job (MB)
	2770784  -  ResidentSetSize of job (KB)
...
006 (7216735.002.000) 09/18 13:15:52 Image size of job updated: 2847184
	2766  -  MemoryUsage of job (MB)
	2832244  -  ResidentSetSize of job (KB)
...
006 (7216735.002.000) 09/18 13:20:52 Image size of job updated: 2889844
	2819  -  MemoryUsage of job (MB)
	2886320  -  ResidentSetSize of job (KB)
...
006 (7216735.002.000) 09/18 13:25:52 Image size of job updated: 2992516
	2892  -  MemoryUsage of job (MB)
	2960808  -  ResidentSetSize of job (KB)
...
006 (7216735.002.000) 09/18 13:30:52 Image size of job updated: 3112176
	3031  -  MemoryUsage of job (MB)
	3103552  -  ResidentSetSize of job (KB)
...
006 (7216735.002.000) 09/18 13:35:52 Image size of job updated: 3216768
	3135  -  MemoryUsage of job (MB)
	3209520  -  ResidentSetSize of job (KB)
...
006 (7216735.002.000) 09/18 13:40:52 Image size of job updated: 3323068
	3235  -  MemoryUsage of job (MB)
	3311936  -  ResidentSetSize of job (KB)
...
006 (7216735.002.000) 09/18 13:45:52 Image size of job updated: 3448360
	3352  -  MemoryUsage of job (MB)
	3432376  -  ResidentSetSize of job (KB)
...
006 (7216735.002.000) 09/18 13:50:52 Image size of job updated: 3589144
	3491  -  MemoryUsage of job (MB)
	3574076  -  ResidentSetSize of job (KB)
...
006 (7216735.002.000) 09/18 13:55:52 Image size of job updated: 3787440
	3676  -  MemoryUsage of job (MB)
	3763620  -  ResidentSetSize of job (KB)
...
006 (7216735.002.000) 09/18 14:00:52 Image size of job updated: 4073824
	3918  -  MemoryUsage of job (MB)
	4011744  -  ResidentSetSize of job (KB)
...
006 (7216735.002.000) 09/18 14:05:52 Image size of job updated: 4073824
	3933  -  MemoryUsage of job (MB)
	4026960  -  ResidentSetSize of job (KB)
...
006 (7216735.002.000) 09/18 14:10:52 Image size of job updated: 4073824
	3956  -  MemoryUsage of job (MB)
	4050940  -  ResidentSetSize of job (KB)
...
006 (7216735.002.000) 09/18 14:15:52 Image size of job updated: 4136524
	4040  -  MemoryUsage of job (MB)
	4136524  -  ResidentSetSize of job (KB)
...
006 (7216735.002.000) 09/18 14:20:52 Image size of job updated: 4536104
	4430  -  MemoryUsage of job (MB)
	4536104  -  ResidentSetSize of job (KB)
...
006 (7216735.002.000) 09/18 14:25:52 Image size of job updated: 4797112
	4685  -  MemoryUsage of job (MB)
	4797112  -  ResidentSetSize of job (KB)
...
006 (7216735.002.000) 09/18 14:30:53 Image size of job updated: 5054400
	4936  -  MemoryUsage of job (MB)
	5054400  -  ResidentSetSize of job (KB)
...
006 (7216735.002.000) 09/18 14:35:54 Image size of job updated: 5317836
	5194  -  MemoryUsage of job (MB)
	5317836  -  ResidentSetSize of job (KB)
...
006 (7216735.002.000) 09/18 14:40:55 Image size of job updated: 5573060
	5443  -  MemoryUsage of job (MB)
	5573060  -  ResidentSetSize of job (KB)
...
006 (7216735.002.000) 09/18 14:45:56 Image size of job updated: 5837272
	5701  -  MemoryUsage of job (MB)
	5837272  -  ResidentSetSize of job (KB)
...
006 (7216735.002.000) 09/18 14:50:57 Image size of job updated: 6093252
	5951  -  MemoryUsage of job (MB)
	6093252  -  ResidentSetSize of job (KB)
...
006 (7216735.002.000) 09/18 14:55:49 Image size of job updated: 6308068
	5951  -  MemoryUsage of job (MB)
	6093508  -  ResidentSetSize of job (KB)
...
040 (7216735.002.000) 09/18 14:55:50 Started transferring output files
...
040 (7216735.002.000) 09/18 14:55:50 Finished transferring output files
...
005 (7216735.002.000) 09/18 14:55:50 Job terminated.
	(1) Normal termination (return value 50)
		Usr 0 03:02:10, Sys 0 00:07:20  -  Run Remote Usage
		Usr 0 00:00:00, Sys 0 00:00:00  -  Run Local Usage
		Usr 0 03:02:10, Sys 0 00:07:20  -  Total Remote Usage
		Usr 0 00:00:00, Sys 0 00:00:00  -  Total Local Usage
	127311  -  Run Bytes Sent By Job
	2925  -  Run Bytes Received By Job
	127311  -  Total Bytes Sent By Job
	2925  -  Total Bytes Received By Job
	Partitionable Resources :      Usage  Request Allocated 
	   Cpus                 :       0.99        1         1 
	   Disk (KB)            : 3861090           3   3020720 
	   Memory (MB)          :    5951        2000      2000 

	Job terminated of its own accord at 2024-09-18T12:55:49Z with exit-code 50.
...
