000 (7187234.002.000) 08/26 07:54:58 Job submitted from host: <137.138.44.55:9618?addrs=137.138.44.55-9618+[2001-1458-d00-1a--48]-9618&alias=bigbird17.cern.ch&noUDP&sock=schedd_23962_8474>
...
040 (7187234.002.000) 08/26 08:05:43 Started transferring input files
	Transferring to host: <128.142.248.81:9618?addrs=128.142.248.81-9618+[2001-1458-301-73--100-141]-9618&alias=b9g23p3234.cern.ch&noUDP&sock=slot1_15_3493222_a91c_10445>
...
040 (7187234.002.000) 08/26 08:05:43 Finished transferring input files
...
001 (7187234.002.000) 08/26 08:05:44 Job executing on host: <128.142.248.81:9618?addrs=128.142.248.81-9618+[2001-1458-301-73--100-141]-9618&alias=b9g23p3234.cern.ch&noUDP&sock=startd_5923_4389>
	SlotName: slot1_15@b9g23p3234.cern.ch
	CondorScratchDir = "/pool/condor/dir_3749780"
	Cpus = 1
	Disk = 3111288
	Memory = 2000
...
006 (7187234.002.000) 08/26 08:05:53 Image size of job updated: 479492
	288  -  MemoryUsage of job (MB)
	294352  -  ResidentSetSize of job (KB)
...
006 (7187234.002.000) 08/26 08:10:53 Image size of job updated: 3669436
	3584  -  MemoryUsage of job (MB)
	3669436  -  ResidentSetSize of job (KB)
...
006 (7187234.002.000) 08/26 08:15:53 Image size of job updated: 3720656
	3584  -  MemoryUsage of job (MB)
	3669436  -  ResidentSetSize of job (KB)
...
040 (7187234.002.000) 08/26 08:25:17 Started transferring output files
...
040 (7187234.002.000) 08/26 08:25:17 Finished transferring output files
...
005 (7187234.002.000) 08/26 08:25:17 Job terminated.
	(1) Normal termination (return value 50)
		Usr 0 00:19:02, Sys 0 00:00:18  -  Run Remote Usage
		Usr 0 00:00:00, Sys 0 00:00:00  -  Run Local Usage
		Usr 0 00:19:02, Sys 0 00:00:18  -  Total Remote Usage
		Usr 0 00:00:00, Sys 0 00:00:00  -  Total Local Usage
	16543  -  Run Bytes Sent By Job
	2930  -  Run Bytes Received By Job
	16543  -  Total Bytes Sent By Job
	2930  -  Total Bytes Received By Job
	Partitionable Resources :      Usage  Request Allocated 
	   Cpus                 :       1.00        1         1 
	   Disk (KB)            : 1892811           3   3111288 
	   Memory (MB)          :    3584        2000      2000 

	Job terminated of its own accord at 2024-08-26T06:25:17Z with exit-code 50.
...
