000 (7187234.001.000) 08/26 07:54:58 Job submitted from host: <137.138.44.55:9618?addrs=137.138.44.55-9618+[2001-1458-d00-1a--48]-9618&alias=bigbird17.cern.ch&noUDP&sock=schedd_23962_8474>
...
040 (7187234.001.000) 08/26 08:05:42 Started transferring input files
	Transferring to host: <128.142.248.15:9618?addrs=128.142.248.15-9618+[2001-1458-301-73--100-ff]-9618&alias=b9g23p2723.cern.ch&noUDP&sock=slot1_4_3961800_404a_9126>
...
040 (7187234.001.000) 08/26 08:05:42 Finished transferring input files
...
001 (7187234.001.000) 08/26 08:05:43 Job executing on host: <128.142.248.15:9618?addrs=128.142.248.15-9618+[2001-1458-301-73--100-ff]-9618&alias=b9g23p2723.cern.ch&noUDP&sock=startd_5130_54ef>
	SlotName: slot1_4@b9g23p2723.cern.ch
	CondorScratchDir = "/pool/condor/dir_3962026"
	Cpus = 1
	Disk = 2995201
	Memory = 2000
...
006 (7187234.001.000) 08/26 08:05:51 Image size of job updated: 479108
	288  -  MemoryUsage of job (MB)
	294556  -  ResidentSetSize of job (KB)
...
006 (7187234.001.000) 08/26 08:10:51 Image size of job updated: 3712048
	3626  -  MemoryUsage of job (MB)
	3712048  -  ResidentSetSize of job (KB)
...
006 (7187234.001.000) 08/26 08:15:52 Image size of job updated: 4276404
	4177  -  MemoryUsage of job (MB)
	4276404  -  ResidentSetSize of job (KB)
...
006 (7187234.001.000) 08/26 08:20:52 Image size of job updated: 4833984
	4721  -  MemoryUsage of job (MB)
	4833984  -  ResidentSetSize of job (KB)
...
006 (7187234.001.000) 08/26 08:24:44 Image size of job updated: 5163464
	4721  -  MemoryUsage of job (MB)
	4833984  -  ResidentSetSize of job (KB)
...
040 (7187234.001.000) 08/26 08:24:44 Started transferring output files
...
040 (7187234.001.000) 08/26 08:24:44 Finished transferring output files
...
005 (7187234.001.000) 08/26 08:24:44 Job terminated.
	(1) Normal termination (return value 50)
		Usr 0 00:18:38, Sys 0 00:00:15  -  Run Remote Usage
		Usr 0 00:00:00, Sys 0 00:00:00  -  Run Local Usage
		Usr 0 00:18:38, Sys 0 00:00:15  -  Total Remote Usage
		Usr 0 00:00:00, Sys 0 00:00:00  -  Total Local Usage
	16559  -  Run Bytes Sent By Job
	2930  -  Run Bytes Received By Job
	16559  -  Total Bytes Sent By Job
	2930  -  Total Bytes Received By Job
	Partitionable Resources :      Usage  Request Allocated 
	   Cpus                 :       1.00        1         1 
	   Disk (KB)            : 1892812           3   2995201 
	   Memory (MB)          :    4721        2000      2000 

	Job terminated of its own accord at 2024-08-26T06:24:44Z with exit-code 50.
...
