000 (7187234.007.000) 08/26 07:54:58 Job submitted from host: <137.138.44.55:9618?addrs=137.138.44.55-9618+[2001-1458-d00-1a--48]-9618&alias=bigbird17.cern.ch&noUDP&sock=schedd_23962_8474>
...
040 (7187234.007.000) 08/26 08:07:29 Started transferring input files
	Transferring to host: <128.142.248.197:9618?addrs=128.142.248.197-9618+[2001-1458-301-73--100-c4]-9618&alias=b9g23p2961.cern.ch&noUDP&sock=slot1_7_7499_794a_4679>
...
040 (7187234.007.000) 08/26 08:07:29 Finished transferring input files
...
001 (7187234.007.000) 08/26 08:07:30 Job executing on host: <128.142.248.197:9618?addrs=128.142.248.197-9618+[2001-1458-301-73--100-c4]-9618&alias=b9g23p2961.cern.ch&noUDP&sock=startd_5911_0866>
	SlotName: slot1_7@b9g23p2961.cern.ch
	CondorScratchDir = "/pool/condor/dir_2345684"
	Cpus = 1
	Disk = 3083887
	Memory = 2000
...
006 (7187234.007.000) 08/26 08:07:38 Image size of job updated: 476348
	289  -  MemoryUsage of job (MB)
	295904  -  ResidentSetSize of job (KB)
...
006 (7187234.007.000) 08/26 08:12:38 Image size of job updated: 3572856
	3490  -  MemoryUsage of job (MB)
	3572856  -  ResidentSetSize of job (KB)
...
006 (7187234.007.000) 08/26 08:17:39 Image size of job updated: 4076120
	3981  -  MemoryUsage of job (MB)
	4076120  -  ResidentSetSize of job (KB)
...
006 (7187234.007.000) 08/26 08:22:39 Image size of job updated: 4594584
	4487  -  MemoryUsage of job (MB)
	4594584  -  ResidentSetSize of job (KB)
...
006 (7187234.007.000) 08/26 08:27:39 Image size of job updated: 5138880
	5019  -  MemoryUsage of job (MB)
	5138880  -  ResidentSetSize of job (KB)
...
006 (7187234.007.000) 08/26 08:28:31 Image size of job updated: 5159360
	5019  -  MemoryUsage of job (MB)
	5138880  -  ResidentSetSize of job (KB)
...
040 (7187234.007.000) 08/26 08:28:31 Started transferring output files
...
040 (7187234.007.000) 08/26 08:28:31 Finished transferring output files
...
005 (7187234.007.000) 08/26 08:28:31 Job terminated.
	(1) Normal termination (return value 50)
		Usr 0 00:20:30, Sys 0 00:00:21  -  Run Remote Usage
		Usr 0 00:00:00, Sys 0 00:00:00  -  Run Local Usage
		Usr 0 00:20:30, Sys 0 00:00:21  -  Total Remote Usage
		Usr 0 00:00:00, Sys 0 00:00:00  -  Total Local Usage
	16554  -  Run Bytes Sent By Job
	2930  -  Run Bytes Received By Job
	16554  -  Total Bytes Sent By Job
	2930  -  Total Bytes Received By Job
	Partitionable Resources :      Usage  Request Allocated 
	   Cpus                 :       1.00        1         1 
	   Disk (KB)            : 1922381           3   3083887 
	   Memory (MB)          :    5019        2000      2000 

	Job terminated of its own accord at 2024-08-26T06:28:31Z with exit-code 50.
...
