000 (7187234.003.000) 08/26 07:54:58 Job submitted from host: <137.138.44.55:9618?addrs=137.138.44.55-9618+[2001-1458-d00-1a--48]-9618&alias=bigbird17.cern.ch&noUDP&sock=schedd_23962_8474>
...
040 (7187234.003.000) 08/26 08:06:25 Started transferring input files
	Transferring to host: <128.142.248.214:9618?addrs=128.142.248.214-9618+[2001-1458-301-73--100-d5]-9618&alias=b9g23p2447.cern.ch&noUDP&sock=slot1_11_2572410_4e57_23076>
...
040 (7187234.003.000) 08/26 08:06:25 Finished transferring input files
...
001 (7187234.003.000) 08/26 08:06:26 Job executing on host: <128.142.248.214:9618?addrs=128.142.248.214-9618+[2001-1458-301-73--100-d5]-9618&alias=b9g23p2447.cern.ch&noUDP&sock=startd_3197_745e>
	SlotName: slot1_11@b9g23p2447.cern.ch
	CondorScratchDir = "/pool/condor/dir_46100"
	Cpus = 1
	Disk = 2962261
	Memory = 2000
...
006 (7187234.003.000) 08/26 08:06:34 Image size of job updated: 476784
	279  -  MemoryUsage of job (MB)
	285148  -  ResidentSetSize of job (KB)
...
006 (7187234.003.000) 08/26 08:11:34 Image size of job updated: 3678900
	3593  -  MemoryUsage of job (MB)
	3678900  -  ResidentSetSize of job (KB)
...
006 (7187234.003.000) 08/26 08:16:35 Image size of job updated: 4211680
	4113  -  MemoryUsage of job (MB)
	4211680  -  ResidentSetSize of job (KB)
...
006 (7187234.003.000) 08/26 08:21:35 Image size of job updated: 4748200
	4637  -  MemoryUsage of job (MB)
	4748200  -  ResidentSetSize of job (KB)
...
006 (7187234.003.000) 08/26 08:26:35 Image size of job updated: 5156016
	4637  -  MemoryUsage of job (MB)
	4748200  -  ResidentSetSize of job (KB)
...
040 (7187234.003.000) 08/26 08:26:57 Started transferring output files
...
040 (7187234.003.000) 08/26 08:26:57 Finished transferring output files
...
005 (7187234.003.000) 08/26 08:26:57 Job terminated.
	(1) Normal termination (return value 50)
		Usr 0 00:20:02, Sys 0 00:00:19  -  Run Remote Usage
		Usr 0 00:00:00, Sys 0 00:00:00  -  Run Local Usage
		Usr 0 00:20:02, Sys 0 00:00:19  -  Total Remote Usage
		Usr 0 00:00:00, Sys 0 00:00:00  -  Total Local Usage
	16562  -  Run Bytes Sent By Job
	2930  -  Run Bytes Received By Job
	16562  -  Total Bytes Sent By Job
	2930  -  Total Bytes Received By Job
	Partitionable Resources :      Usage  Request Allocated 
	   Cpus                 :       0.99        1         1 
	   Disk (KB)            : 1892812           3   2962261 
	   Memory (MB)          :    4637        2000      2000 

	Job terminated of its own accord at 2024-08-26T06:26:57Z with exit-code 50.
...
