000 (7187234.004.000) 08/26 07:54:58 Job submitted from host: <137.138.44.55:9618?addrs=137.138.44.55-9618+[2001-1458-d00-1a--48]-9618&alias=bigbird17.cern.ch&noUDP&sock=schedd_23962_8474>
...
040 (7187234.004.000) 08/26 08:06:25 Started transferring input files
	Transferring to host: <128.142.248.214:9618?addrs=128.142.248.214-9618+[2001-1458-301-73--100-d5]-9618&alias=b9g23p2447.cern.ch&noUDP&sock=slot1_8_2572410_4e57_23077>
...
040 (7187234.004.000) 08/26 08:06:25 Finished transferring input files
...
001 (7187234.004.000) 08/26 08:06:26 Job executing on host: <128.142.248.214:9618?addrs=128.142.248.214-9618+[2001-1458-301-73--100-d5]-9618&alias=b9g23p2447.cern.ch&noUDP&sock=startd_3197_745e>
	SlotName: slot1_8@b9g23p2447.cern.ch
	CondorScratchDir = "/pool/condor/dir_46101"
	Cpus = 1
	Disk = 2962261
	Memory = 2000
...
006 (7187234.004.000) 08/26 08:06:34 Image size of job updated: 474372
	281  -  MemoryUsage of job (MB)
	287028  -  ResidentSetSize of job (KB)
...
006 (7187234.004.000) 08/26 08:11:34 Image size of job updated: 3704788
	3618  -  MemoryUsage of job (MB)
	3704788  -  ResidentSetSize of job (KB)
...
006 (7187234.004.000) 08/26 08:16:35 Image size of job updated: 4205172
	4107  -  MemoryUsage of job (MB)
	4205172  -  ResidentSetSize of job (KB)
...
006 (7187234.004.000) 08/26 08:21:35 Image size of job updated: 4706440
	4597  -  MemoryUsage of job (MB)
	4706440  -  ResidentSetSize of job (KB)
...
006 (7187234.004.000) 08/26 08:26:22 Image size of job updated: 5046092
	4597  -  MemoryUsage of job (MB)
	4706440  -  ResidentSetSize of job (KB)
...
040 (7187234.004.000) 08/26 08:26:22 Started transferring output files
...
040 (7187234.004.000) 08/26 08:26:22 Finished transferring output files
...
005 (7187234.004.000) 08/26 08:26:22 Job terminated.
	(1) Normal termination (return value 50)
		Usr 0 00:19:28, Sys 0 00:00:18  -  Run Remote Usage
		Usr 0 00:00:00, Sys 0 00:00:00  -  Run Local Usage
		Usr 0 00:19:28, Sys 0 00:00:18  -  Total Remote Usage
		Usr 0 00:00:00, Sys 0 00:00:00  -  Total Local Usage
	16549  -  Run Bytes Sent By Job
	2930  -  Run Bytes Received By Job
	16549  -  Total Bytes Sent By Job
	2930  -  Total Bytes Received By Job
	Partitionable Resources :      Usage  Request Allocated 
	   Cpus                 :       1.00        1         1 
	   Disk (KB)            : 1892812           3   2962261 
	   Memory (MB)          :    4597        2000      2000 

	Job terminated of its own accord at 2024-08-26T06:26:22Z with exit-code 50.
...
