000 (7223606.007.000) 09/25 06:46:17 Job submitted from host: <137.138.44.55:9618?addrs=137.138.44.55-9618+[2001-1458-d00-1a--48]-9618&alias=bigbird17.cern.ch&noUDP&sock=schedd_1981_6134>
...
040 (7223606.007.000) 09/27 01:10:30 Started transferring input files
	Transferring to host: <188.185.238.10:9618?addrs=188.185.238.10-9618+[2001-1458-303-28--100-6]-9618&alias=b9pgpun002.cern.ch&noUDP&sock=slot1_2_1420705_f206_19921>
...
040 (7223606.007.000) 09/27 01:10:30 Finished transferring input files
...
001 (7223606.007.000) 09/27 01:10:36 Job executing on host: <188.185.238.10:9618?addrs=188.185.238.10-9618+[2001-1458-303-28--100-6]-9618&alias=b9pgpun002.cern.ch&noUDP&sock=startd_600104_020a>
	SlotName: slot1_2@b9pgpun002.cern.ch
	AvailableGPUs = { GPUs_GPU_195dba93 }
	CondorScratchDir = "/pool/condor/dir_3950840"
	Cpus = 1
	Disk = 6830560
	GPUs = 1
	GPUs_GPU_195dba93 = [ GlobalMemoryMb = 95235; MaxSupportedVersion = 12040; DriverVersion = 12.4; DeviceName = "NVIDIA H100 NVL"; CoresPerCU = 128; ECCEnabled = true; ComputeUnits = 132; ClockMhz = 1785.0; Id = "GPU-195dba93"; Capability = 9.0; DevicePciBusId = "0000:3B:00.0"; DeviceUuid = "195dba93-e951-b119-dea3-1f3b18bdda48" ]
	Memory = 2000
...
006 (7223606.007.000) 09/27 01:10:45 Image size of job updated: 4041556
	3947  -  MemoryUsage of job (MB)
	4041520  -  ResidentSetSize of job (KB)
...
006 (7223606.007.000) 09/27 01:15:47 Image size of job updated: 21218164
	20716  -  MemoryUsage of job (MB)
	21212284  -  ResidentSetSize of job (KB)
...
006 (7223606.007.000) 09/27 01:20:47 Image size of job updated: 22537784
	21301  -  MemoryUsage of job (MB)
	21812032  -  ResidentSetSize of job (KB)
...
006 (7223606.007.000) 09/27 01:30:46 Image size of job updated: 22730248
	21482  -  MemoryUsage of job (MB)
	21997272  -  ResidentSetSize of job (KB)
...
006 (7223606.007.000) 09/27 01:35:47 Image size of job updated: 22784868
	21482  -  MemoryUsage of job (MB)
	21997272  -  ResidentSetSize of job (KB)
...
006 (7223606.007.000) 09/27 01:45:47 Image size of job updated: 22875976
	21552  -  MemoryUsage of job (MB)
	22068536  -  ResidentSetSize of job (KB)
...
006 (7223606.007.000) 09/27 01:50:48 Image size of job updated: 22875976
	21561  -  MemoryUsage of job (MB)
	22077532  -  ResidentSetSize of job (KB)
...
006 (7223606.007.000) 09/27 01:55:49 Image size of job updated: 23150208
	22458  -  MemoryUsage of job (MB)
	22996564  -  ResidentSetSize of job (KB)
...
006 (7223606.007.000) 09/27 02:00:50 Image size of job updated: 23242912
	22458  -  MemoryUsage of job (MB)
	22996564  -  ResidentSetSize of job (KB)
...
006 (7223606.007.000) 09/27 02:05:49 Image size of job updated: 23304904
	22458  -  MemoryUsage of job (MB)
	22996564  -  ResidentSetSize of job (KB)
...
006 (7223606.007.000) 09/27 02:15:51 Image size of job updated: 23438032
	22458  -  MemoryUsage of job (MB)
	22996564  -  ResidentSetSize of job (KB)
...
006 (7223606.007.000) 09/27 02:20:52 Image size of job updated: 23546596
	22458  -  MemoryUsage of job (MB)
	22996564  -  ResidentSetSize of job (KB)
...
006 (7223606.007.000) 09/27 02:30:52 Image size of job updated: 23546596
	22868  -  MemoryUsage of job (MB)
	23416088  -  ResidentSetSize of job (KB)
...
006 (7223606.007.000) 09/27 02:35:53 Image size of job updated: 23580224
	22868  -  MemoryUsage of job (MB)
	23416344  -  ResidentSetSize of job (KB)
...
006 (7223606.007.000) 09/27 02:45:53 Image size of job updated: 24037564
	23321  -  MemoryUsage of job (MB)
	23880360  -  ResidentSetSize of job (KB)
...
006 (7223606.007.000) 09/27 02:50:54 Image size of job updated: 24156148
	23590  -  MemoryUsage of job (MB)
	24156144  -  ResidentSetSize of job (KB)
...
006 (7223606.007.000) 09/27 02:55:55 Image size of job updated: 24279984
	23590  -  MemoryUsage of job (MB)
	24156144  -  ResidentSetSize of job (KB)
...
006 (7223606.007.000) 09/27 03:05:55 Image size of job updated: 24440996
	23714  -  MemoryUsage of job (MB)
	24282820  -  ResidentSetSize of job (KB)
...
006 (7223606.007.000) 09/27 03:10:56 Image size of job updated: 24529388
	23714  -  MemoryUsage of job (MB)
	24282820  -  ResidentSetSize of job (KB)
...
006 (7223606.007.000) 09/27 03:15:57 Image size of job updated: 24616244
	24016  -  MemoryUsage of job (MB)
	24591600  -  ResidentSetSize of job (KB)
...
006 (7223606.007.000) 09/27 03:20:57 Image size of job updated: 24644588
	24016  -  MemoryUsage of job (MB)
	24591600  -  ResidentSetSize of job (KB)
...
006 (7223606.007.000) 09/27 03:25:58 Image size of job updated: 24917768
	24016  -  MemoryUsage of job (MB)
	24591600  -  ResidentSetSize of job (KB)
...
006 (7223606.007.000) 09/27 03:30:59 Image size of job updated: 25061504
	24347  -  MemoryUsage of job (MB)
	24931176  -  ResidentSetSize of job (KB)
...
006 (7223606.007.000) 09/27 03:41:01 Image size of job updated: 25233992
	24347  -  MemoryUsage of job (MB)
	24931176  -  ResidentSetSize of job (KB)
...
006 (7223606.007.000) 09/27 03:46:00 Image size of job updated: 25358384
	24347  -  MemoryUsage of job (MB)
	24931176  -  ResidentSetSize of job (KB)
...
006 (7223606.007.000) 09/27 03:51:01 Image size of job updated: 25428148
	24347  -  MemoryUsage of job (MB)
	24931176  -  ResidentSetSize of job (KB)
...
006 (7223606.007.000) 09/27 03:56:02 Image size of job updated: 25487512
	24347  -  MemoryUsage of job (MB)
	24931176  -  ResidentSetSize of job (KB)
...
006 (7223606.007.000) 09/27 04:06:02 Image size of job updated: 25736736
	25111  -  MemoryUsage of job (MB)
	25713308  -  ResidentSetSize of job (KB)
...
006 (7223606.007.000) 09/27 04:11:03 Image size of job updated: 25847724
	25194  -  MemoryUsage of job (MB)
	25798556  -  ResidentSetSize of job (KB)
...
006 (7223606.007.000) 09/27 04:21:05 Image size of job updated: 25904044
	25194  -  MemoryUsage of job (MB)
	25798556  -  ResidentSetSize of job (KB)
...
006 (7223606.007.000) 09/27 04:31:05 Image size of job updated: 25904044
	25259  -  MemoryUsage of job (MB)
	25864904  -  ResidentSetSize of job (KB)
...
006 (7223606.007.000) 09/27 04:41:07 Image size of job updated: 26037468
	25259  -  MemoryUsage of job (MB)
	25864904  -  ResidentSetSize of job (KB)
...
006 (7223606.007.000) 09/27 04:46:06 Image size of job updated: 26117696
	25259  -  MemoryUsage of job (MB)
	25864904  -  ResidentSetSize of job (KB)
...
006 (7223606.007.000) 09/27 04:51:07 Image size of job updated: 26152688
	25259  -  MemoryUsage of job (MB)
	25864904  -  ResidentSetSize of job (KB)
...
006 (7223606.007.000) 09/27 04:56:08 Image size of job updated: 26194144
	25259  -  MemoryUsage of job (MB)
	25864904  -  ResidentSetSize of job (KB)
...
006 (7223606.007.000) 09/27 05:01:09 Image size of job updated: 26242512
	25628  -  MemoryUsage of job (MB)
	26242512  -  ResidentSetSize of job (KB)
...
006 (7223606.007.000) 09/27 05:06:08 Image size of job updated: 26333772
	25717  -  MemoryUsage of job (MB)
	26333772  -  ResidentSetSize of job (KB)
...
006 (7223606.007.000) 09/27 05:11:09 Image size of job updated: 26350156
	25717  -  MemoryUsage of job (MB)
	26333772  -  ResidentSetSize of job (KB)
...
006 (7223606.007.000) 09/27 05:16:10 Image size of job updated: 26459336
	25717  -  MemoryUsage of job (MB)
	26333772  -  ResidentSetSize of job (KB)
...
006 (7223606.007.000) 09/27 05:36:12 Image size of job updated: 26735240
	25717  -  MemoryUsage of job (MB)
	26333772  -  ResidentSetSize of job (KB)
...
006 (7223606.007.000) 09/27 05:41:13 Image size of job updated: 26913124
	25717  -  MemoryUsage of job (MB)
	26333772  -  ResidentSetSize of job (KB)
...
006 (7223606.007.000) 09/27 05:46:14 Image size of job updated: 27022912
	25855  -  MemoryUsage of job (MB)
	26475492  -  ResidentSetSize of job (KB)
...
006 (7223606.007.000) 09/27 05:51:14 Image size of job updated: 27022912
	25924  -  MemoryUsage of job (MB)
	26545984  -  ResidentSetSize of job (KB)
...
006 (7223606.007.000) 09/27 06:11:16 Image size of job updated: 27022912
	26090  -  MemoryUsage of job (MB)
	26716036  -  ResidentSetSize of job (KB)
...
006 (7223606.007.000) 09/27 06:16:17 Image size of job updated: 27259240
	26496  -  MemoryUsage of job (MB)
	27131324  -  ResidentSetSize of job (KB)
...
006 (7223606.007.000) 09/27 06:21:18 Image size of job updated: 27455960
	26634  -  MemoryUsage of job (MB)
	27272404  -  ResidentSetSize of job (KB)
...
006 (7223606.007.000) 09/27 06:26:19 Image size of job updated: 27458396
	26648  -  MemoryUsage of job (MB)
	27286740  -  ResidentSetSize of job (KB)
...
006 (7223606.007.000) 09/27 06:31:18 Image size of job updated: 27532772
	26817  -  MemoryUsage of job (MB)
	27459796  -  ResidentSetSize of job (KB)
...
006 (7223606.007.000) 09/27 06:36:19 Image size of job updated: 27591896
	26826  -  MemoryUsage of job (MB)
	27469524  -  ResidentSetSize of job (KB)
...
006 (7223606.007.000) 09/27 06:41:20 Image size of job updated: 27596740
	26826  -  MemoryUsage of job (MB)
	27469524  -  ResidentSetSize of job (KB)
...
006 (7223606.007.000) 09/27 06:46:21 Image size of job updated: 27600716
	26826  -  MemoryUsage of job (MB)
	27469524  -  ResidentSetSize of job (KB)
...
006 (7223606.007.000) 09/27 07:01:22 Image size of job updated: 27949844
	26826  -  MemoryUsage of job (MB)
	27469524  -  ResidentSetSize of job (KB)
...
006 (7223606.007.000) 09/27 07:06:23 Image size of job updated: 28062368
	27228  -  MemoryUsage of job (MB)
	27881192  -  ResidentSetSize of job (KB)
...
006 (7223606.007.000) 09/27 07:16:23 Image size of job updated: 28062368
	27313  -  MemoryUsage of job (MB)
	27968260  -  ResidentSetSize of job (KB)
...
006 (7223606.007.000) 09/27 07:21:24 Image size of job updated: 28158096
	27313  -  MemoryUsage of job (MB)
	27968260  -  ResidentSetSize of job (KB)
...
006 (7223606.007.000) 09/27 07:26:25 Image size of job updated: 28195608
	27313  -  MemoryUsage of job (MB)
	27968260  -  ResidentSetSize of job (KB)
...
006 (7223606.007.000) 09/27 07:36:25 Image size of job updated: 28524380
	27313  -  MemoryUsage of job (MB)
	27968260  -  ResidentSetSize of job (KB)
...
006 (7223606.007.000) 09/27 07:41:26 Image size of job updated: 28645392
	27313  -  MemoryUsage of job (MB)
	27968260  -  ResidentSetSize of job (KB)
...
006 (7223606.007.000) 09/27 07:46:27 Image size of job updated: 28647300
	27313  -  MemoryUsage of job (MB)
	27968260  -  ResidentSetSize of job (KB)
...
006 (7223606.007.000) 09/27 07:51:28 Image size of job updated: 28647300
	27581  -  MemoryUsage of job (MB)
	28242576  -  ResidentSetSize of job (KB)
...
006 (7223606.007.000) 09/27 07:56:28 Image size of job updated: 28647300
	27715  -  MemoryUsage of job (MB)
	28379888  -  ResidentSetSize of job (KB)
...
006 (7223606.007.000) 09/27 08:01:27 Image size of job updated: 28915012
	27715  -  MemoryUsage of job (MB)
	28379888  -  ResidentSetSize of job (KB)
...
006 (7223606.007.000) 09/27 08:06:28 Image size of job updated: 28962508
	28153  -  MemoryUsage of job (MB)
	28828096  -  ResidentSetSize of job (KB)
...
006 (7223606.007.000) 09/27 08:11:29 Image size of job updated: 29010240
	28153  -  MemoryUsage of job (MB)
	28828096  -  ResidentSetSize of job (KB)
...
006 (7223606.007.000) 09/27 08:16:30 Image size of job updated: 29122104
	28153  -  MemoryUsage of job (MB)
	28828096  -  ResidentSetSize of job (KB)
...
006 (7223606.007.000) 09/27 08:21:29 Image size of job updated: 29396996
	28554  -  MemoryUsage of job (MB)
	29238508  -  ResidentSetSize of job (KB)
...
006 (7223606.007.000) 09/27 08:26:30 Image size of job updated: 29402228
	28554  -  MemoryUsage of job (MB)
	29238508  -  ResidentSetSize of job (KB)
...
006 (7223606.007.000) 09/27 08:51:33 Image size of job updated: 29417752
	28702  -  MemoryUsage of job (MB)
	29390248  -  ResidentSetSize of job (KB)
...
006 (7223606.007.000) 09/27 08:56:34 Image size of job updated: 29460076
	28728  -  MemoryUsage of job (MB)
	29416588  -  ResidentSetSize of job (KB)
...
006 (7223606.007.000) 09/27 09:01:35 Image size of job updated: 29689124
	28853  -  MemoryUsage of job (MB)
	29544864  -  ResidentSetSize of job (KB)
...
006 (7223606.007.000) 09/27 09:06:34 Image size of job updated: 29900168
	28977  -  MemoryUsage of job (MB)
	29672212  -  ResidentSetSize of job (KB)
...
006 (7223606.007.000) 09/27 09:11:35 Image size of job updated: 30792540
	30071  -  MemoryUsage of job (MB)
	30792540  -  ResidentSetSize of job (KB)
...
006 (7223606.007.000) 09/27 09:14:10 Image size of job updated: 31317700
	30074  -  MemoryUsage of job (MB)
	30795100  -  ResidentSetSize of job (KB)
...
040 (7223606.007.000) 09/27 09:14:10 Started transferring output files
...
040 (7223606.007.000) 09/27 09:14:10 Finished transferring output files
...
005 (7223606.007.000) 09/27 09:14:11 Job terminated.
	(1) Normal termination (return value 50)
		Usr 0 03:36:59, Sys 0 00:52:04  -  Run Remote Usage
		Usr 0 00:00:00, Sys 0 00:00:00  -  Run Local Usage
		Usr 0 03:36:59, Sys 0 00:52:04  -  Total Remote Usage
		Usr 0 00:00:00, Sys 0 00:00:00  -  Total Local Usage
	319287  -  Run Bytes Sent By Job
	1399  -  Run Bytes Received By Job
	319287  -  Total Bytes Sent By Job
	1399  -  Total Bytes Received By Job
	Partitionable Resources :       Usage  Request Allocated Assigned
	   Cpus                 :        1.00        1         1 
	   Disk (KB)            : 22855018           2   6830560 
	   Gpus (Average)       :        0.02        1         1 "GPU-195dba93"
	   GpusMemory (MB)      :     3778                       
	   Memory (MB)          :    30074        2000      2000 

	Job terminated of its own accord at 2024-09-27T07:14:10Z with exit-code 50.
...
