000 (7187330.001.000) 08/26 07:57:08 Job submitted from host: <137.138.44.55:9618?addrs=137.138.44.55-9618+[2001-1458-d00-1a--48]-9618&alias=bigbird17.cern.ch&noUDP&sock=schedd_23962_8474>
...
040 (7187330.001.000) 08/29 00:54:17 Started transferring input files
	Transferring to host: <188.185.93.84:9618?addrs=188.185.93.84-9618+[2001-1458-d00-6c--100-55]-9618&alias=b9g57n9431.cern.ch&noUDP&sock=slot1_1_11325_3ca6_109912>
...
040 (7187330.001.000) 08/29 00:54:17 Finished transferring input files
...
001 (7187330.001.000) 08/29 00:54:18 Job executing on host: <188.185.93.84:9618?addrs=188.185.93.84-9618+[2001-1458-d00-6c--100-55]-9618&alias=b9g57n9431.cern.ch&noUDP&sock=startd_10703_f23c>
	SlotName: slot1_1@b9g57n9431.cern.ch
	AvailableGPUs = { GPUs_GPU_ad45c2b2 }
	CondorScratchDir = "/pool/condor/dir_2326425"
	Cpus = 1
	Disk = 326713
	GPUs = 1
	GPUs_GPU_ad45c2b2 = [ GlobalMemoryMb = 40326; MaxSupportedVersion = 12040; DriverVersion = 12.4; DeviceUuid = "ad45c2b2-835b-1d6b-1b7a-5e4c703f9ed3"; DeviceName = "NVIDIA A100-PCIE-40GB"; CoresPerCU = 64; ECCEnabled = true; ComputeUnits = 108; ClockMhz = 1410.0; Id = "GPU-ad45c2b2"; DevicePciBusId = "0000:06:00.0"; Capability = 8.0 ]
	Memory = 2000
...
006 (7187330.001.000) 08/29 00:54:26 Image size of job updated: 1100204
	622  -  MemoryUsage of job (MB)
	636676  -  ResidentSetSize of job (KB)
...
006 (7187330.001.000) 08/29 00:59:26 Image size of job updated: 1543412
	1063  -  MemoryUsage of job (MB)
	1088460  -  ResidentSetSize of job (KB)
...
006 (7187330.001.000) 08/29 01:04:27 Image size of job updated: 1543412
	1191  -  MemoryUsage of job (MB)
	1219436  -  ResidentSetSize of job (KB)
...
006 (7187330.001.000) 08/29 01:09:27 Image size of job updated: 1944532
	1681  -  MemoryUsage of job (MB)
	1720708  -  ResidentSetSize of job (KB)
...
006 (7187330.001.000) 08/29 01:14:28 Image size of job updated: 2126268
	2077  -  MemoryUsage of job (MB)
	2126268  -  ResidentSetSize of job (KB)
...
006 (7187330.001.000) 08/29 01:19:28 Image size of job updated: 2346772
	2292  -  MemoryUsage of job (MB)
	2346772  -  ResidentSetSize of job (KB)
...
006 (7187330.001.000) 08/29 01:24:30 Image size of job updated: 2616460
	2345  -  MemoryUsage of job (MB)
	2400724  -  ResidentSetSize of job (KB)
...
006 (7187330.001.000) 08/29 01:29:30 Image size of job updated: 2852664
	2349  -  MemoryUsage of job (MB)
	2404820  -  ResidentSetSize of job (KB)
...
006 (7187330.001.000) 08/29 01:34:30 Image size of job updated: 2875248
	2497  -  MemoryUsage of job (MB)
	2556072  -  ResidentSetSize of job (KB)
...
006 (7187330.001.000) 08/29 01:39:31 Image size of job updated: 5041548
	4573  -  MemoryUsage of job (MB)
	4682020  -  ResidentSetSize of job (KB)
...
006 (7187330.001.000) 08/29 01:44:31 Image size of job updated: 5178520
	5058  -  MemoryUsage of job (MB)
	5178520  -  ResidentSetSize of job (KB)
...
006 (7187330.001.000) 08/29 01:49:32 Image size of job updated: 5201048
	5058  -  MemoryUsage of job (MB)
	5178520  -  ResidentSetSize of job (KB)
...
006 (7187330.001.000) 08/29 01:54:32 Image size of job updated: 5289944
	5058  -  MemoryUsage of job (MB)
	5178520  -  ResidentSetSize of job (KB)
...
006 (7187330.001.000) 08/29 01:59:33 Image size of job updated: 5419236
	5058  -  MemoryUsage of job (MB)
	5178520  -  ResidentSetSize of job (KB)
...
006 (7187330.001.000) 08/29 02:04:33 Image size of job updated: 5570872
	5058  -  MemoryUsage of job (MB)
	5178520  -  ResidentSetSize of job (KB)
...
006 (7187330.001.000) 08/29 02:09:33 Image size of job updated: 5765300
	5630  -  MemoryUsage of job (MB)
	5764532  -  ResidentSetSize of job (KB)
...
006 (7187330.001.000) 08/29 02:14:34 Image size of job updated: 5817924
	5630  -  MemoryUsage of job (MB)
	5764532  -  ResidentSetSize of job (KB)
...
006 (7187330.001.000) 08/29 02:19:34 Image size of job updated: 6173840
	5672  -  MemoryUsage of job (MB)
	5808100  -  ResidentSetSize of job (KB)
...
006 (7187330.001.000) 08/29 02:24:35 Image size of job updated: 6204132
	5677  -  MemoryUsage of job (MB)
	5812444  -  ResidentSetSize of job (KB)
...
006 (7187330.001.000) 08/29 02:29:35 Image size of job updated: 6330528
	5734  -  MemoryUsage of job (MB)
	5870612  -  ResidentSetSize of job (KB)
...
006 (7187330.001.000) 08/29 02:39:36 Image size of job updated: 6797248
	5734  -  MemoryUsage of job (MB)
	5870612  -  ResidentSetSize of job (KB)
...
006 (7187330.001.000) 08/29 02:44:38 Image size of job updated: 6859756
	5734  -  MemoryUsage of job (MB)
	5870612  -  ResidentSetSize of job (KB)
...
006 (7187330.001.000) 08/29 03:09:40 Image size of job updated: 9139868
	8926  -  MemoryUsage of job (MB)
	9139868  -  ResidentSetSize of job (KB)
...
006 (7187330.001.000) 08/29 03:14:40 Image size of job updated: 9530672
	9308  -  MemoryUsage of job (MB)
	9530672  -  ResidentSetSize of job (KB)
...
006 (7187330.001.000) 08/29 03:19:41 Image size of job updated: 9911344
	9680  -  MemoryUsage of job (MB)
	9911344  -  ResidentSetSize of job (KB)
...
006 (7187330.001.000) 08/29 03:24:41 Image size of job updated: 10304828
	10064  -  MemoryUsage of job (MB)
	10304828  -  ResidentSetSize of job (KB)
...
006 (7187330.001.000) 08/29 03:29:43 Image size of job updated: 10689072
	10439  -  MemoryUsage of job (MB)
	10689072  -  ResidentSetSize of job (KB)
...
006 (7187330.001.000) 08/29 03:33:28 Image size of job updated: 10938240
	10439  -  MemoryUsage of job (MB)
	10689328  -  ResidentSetSize of job (KB)
...
040 (7187330.001.000) 08/29 03:33:28 Started transferring output files
...
040 (7187330.001.000) 08/29 03:33:28 Finished transferring output files
...
005 (7187330.001.000) 08/29 03:33:28 Job terminated.
	(1) Normal termination (return value 50)
		Usr 0 02:01:12, Sys 0 00:21:05  -  Run Remote Usage
		Usr 0 00:00:00, Sys 0 00:00:00  -  Run Local Usage
		Usr 0 02:01:12, Sys 0 00:21:05  -  Total Remote Usage
		Usr 0 00:00:00, Sys 0 00:00:00  -  Total Local Usage
	74161  -  Run Bytes Sent By Job
	2960  -  Run Bytes Received By Job
	74161  -  Total Bytes Sent By Job
	2960  -  Total Bytes Received By Job
	Partitionable Resources :      Usage  Request Allocated Assigned
	   Cpus                 :       1.00        1         1 
	   Disk (KB)            : 2243746           3    326713 
	   Gpus (Average)       :       0.10        1         1 "GPU-ad45c2b2"
	   GpusMemory (MB)      :    6687                       
	   Memory (MB)          :   10439        2000      2000 

	Job terminated of its own accord at 2024-08-29T01:33:28Z with exit-code 50.
...
