CPU Information:
Architecture:        x86_64
CPU op-mode(s):      32-bit, 64-bit
Byte Order:          Little Endian
CPU(s):              192
On-line CPU(s) list: 0-191
Thread(s) per core:  1
Core(s) per socket:  1
Socket(s):           192
NUMA node(s):        1
Vendor ID:           GenuineIntel
CPU family:          6
Model:               143
Model name:          Intel(R) Xeon(R) Platinum 8468
Stepping:            8
CPU MHz:             2100.235
BogoMIPS:            4200.47
Virtualization:      VT-x
L1d cache:           32K
L1i cache:           32K
L2 cache:            4096K
L3 cache:            16384K
NUMA node0 CPU(s):   0-191
Flags:               fpu vme de pse tsc msr pae mce cx8 apic sep mtrr pge mca cmov pat pse36 clflush dts mmx fxsr sse sse2 ss syscall nx pdpe1gb rdtscp lm constant_tsc arch_perfmon pebs bts rep_good nopl xtopology cpuid pni pclmulqdq dtes64 vmx ssse3 fma cx16 pdcm pcid sse4_1 sse4_2 x2apic movbe popcnt tsc_deadline_timer aes xsave avx f16c rdrand hypervisor lahf_lm abm 3dnowprefetch cpuid_fault ssbd ibrs ibpb stibp ibrs_enhanced tpr_shadow flexpriority ept vpid ept_ad fsgsbase tsc_adjust bmi1 avx2 smep bmi2 erms invpcid avx512f avx512dq rdseed adx smap avx512ifma clflushopt clwb avx512cd sha_ni avx512bw avx512vl xsaveopt xsavec xgetbv1 xsaves avx_vnni avx512_bf16 wbnoinvd arat vnmi avx512vbmi umip pku ospke waitpkg avx512_vbmi2 gfni vaes vpclmulqdq avx512_vnni avx512_bitalg avx512_vpopcntdq la57 rdpid bus_lock_detect cldemote movdiri movdir64b fsrm md_clear serialize tsxldtrk amx_bf16 avx512_fp16 amx_tile amx_int8 flush_l1d arch_capabilities
GPU Information:
lspci command not found, unable to check GPU.
System Architecture:
x86_64
Number of Threads:
1
/srv/work
%MSG-MG5 number of events requested = 5000
%MSG-MG5 random seed used for the run = 1
%MSG-MG5 number of cpus = 1
%MSG-MG5 Using backend = cuda
%MSG-MG5 SCRAM_ARCH version = el8_amd64_gcc12
%MSG-MG5 CMSSW version = CMSSW_14_0_9
INFO: redefine madevent symlink for backend cuda in madevent/SubProcesses/P0_gg_ttx
----> madevent symlink will now point to build.cuda_m_inl0_hrd0/madevent_cuda
INFO: redefine madevent symlink for backend cuda in madevent/SubProcesses/P0_uux_ttx
----> madevent symlink will now point to build.cuda_m_inl0_hrd0/madevent_cuda
INFO: redefine madevent symlink for backend cuda in madevent/SubProcesses/P1_gg_ttxg
----> madevent symlink will now point to build.cuda_m_inl0_hrd0/madevent_cuda
INFO: redefine madevent symlink for backend cuda in madevent/SubProcesses/P1_gu_ttxu
----> madevent symlink will now point to build.cuda_m_inl0_hrd0/madevent_cuda
INFO: redefine madevent symlink for backend cuda in madevent/SubProcesses/P1_gux_ttxux
----> madevent symlink will now point to build.cuda_m_inl0_hrd0/madevent_cuda
INFO: redefine madevent symlink for backend cuda in madevent/SubProcesses/P1_uux_ttxg
----> madevent symlink will now point to build.cuda_m_inl0_hrd0/madevent_cuda
INFO: redefine madevent symlink for backend cuda in madevent/SubProcesses/P2_gg_ttxgg
----> madevent symlink will now point to build.cuda_m_inl0_hrd0/madevent_cuda
INFO: redefine madevent symlink for backend cuda in madevent/SubProcesses/P2_gg_ttxuux
----> madevent symlink will now point to build.cuda_m_inl0_hrd0/madevent_cuda
INFO: redefine madevent symlink for backend cuda in madevent/SubProcesses/P2_gu_ttxgu
----> madevent symlink will now point to build.cuda_m_inl0_hrd0/madevent_cuda
INFO: redefine madevent symlink for backend cuda in madevent/SubProcesses/P2_gux_ttxgux
----> madevent symlink will now point to build.cuda_m_inl0_hrd0/madevent_cuda
INFO: redefine madevent symlink for backend cuda in madevent/SubProcesses/P2_uc_ttxuc
----> madevent symlink will now point to build.cuda_m_inl0_hrd0/madevent_cuda
INFO: redefine madevent symlink for backend cuda in madevent/SubProcesses/P2_ucx_ttxucx
----> madevent symlink will now point to build.cuda_m_inl0_hrd0/madevent_cuda
INFO: redefine madevent symlink for backend cuda in madevent/SubProcesses/P2_uu_ttxuu
----> madevent symlink will now point to build.cuda_m_inl0_hrd0/madevent_cuda
INFO: redefine madevent symlink for backend cuda in madevent/SubProcesses/P2_uux_ttxccx
----> madevent symlink will now point to build.cuda_m_inl0_hrd0/madevent_cuda
INFO: redefine madevent symlink for backend cuda in madevent/SubProcesses/P2_uux_ttxgg
----> madevent symlink will now point to build.cuda_m_inl0_hrd0/madevent_cuda
INFO: redefine madevent symlink for backend cuda in madevent/SubProcesses/P2_uux_ttxuux
----> madevent symlink will now point to build.cuda_m_inl0_hrd0/madevent_cuda
INFO: redefine madevent symlink for backend cuda in madevent/SubProcesses/P2_uxb_ttxbux
----> madevent symlink will now point to build.cuda_m_inl0_hrd0/madevent_cuda
INFO: redefine madevent symlink for backend cuda in madevent/SubProcesses/P2_uxcx_ttxuxcx
----> madevent symlink will now point to build.cuda_m_inl0_hrd0/madevent_cuda
INFO: redefine madevent symlink for backend cuda in madevent/SubProcesses/P2_uxux_ttxuxux
----> madevent symlink will now point to build.cuda_m_inl0_hrd0/madevent_cuda
INFO: redefine madevent symlink for backend cuda in madevent/SubProcesses/P3_gg_ttxggg
----> madevent symlink will now point to build.cuda_m_inl0_hrd0/madevent_cuda
INFO: redefine madevent symlink for backend cuda in madevent/SubProcesses/P3_gg_ttxguux
----> madevent symlink will now point to build.cuda_m_inl0_hrd0/madevent_cuda
INFO: redefine madevent symlink for backend cuda in madevent/SubProcesses/P3_gu_ttxggu
----> madevent symlink will now point to build.cuda_m_inl0_hrd0/madevent_cuda
INFO: redefine madevent symlink for backend cuda in madevent/SubProcesses/P3_gu_ttxuccx
----> madevent symlink will now point to build.cuda_m_inl0_hrd0/madevent_cuda
INFO: redefine madevent symlink for backend cuda in madevent/SubProcesses/P3_gu_ttxuuux
----> madevent symlink will now point to build.cuda_m_inl0_hrd0/madevent_cuda
INFO: redefine madevent symlink for backend cuda in madevent/SubProcesses/P3_gux_ttxcuxcx
----> madevent symlink will now point to build.cuda_m_inl0_hrd0/madevent_cuda
INFO: redefine madevent symlink for backend cuda in madevent/SubProcesses/P3_gux_ttxggux
----> madevent symlink will now point to build.cuda_m_inl0_hrd0/madevent_cuda
INFO: redefine madevent symlink for backend cuda in madevent/SubProcesses/P3_gux_ttxuuxux
----> madevent symlink will now point to build.cuda_m_inl0_hrd0/madevent_cuda
INFO: redefine madevent symlink for backend cuda in madevent/SubProcesses/P3_uc_ttxguc
----> madevent symlink will now point to build.cuda_m_inl0_hrd0/madevent_cuda
INFO: redefine madevent symlink for backend cuda in madevent/SubProcesses/P3_ucx_ttxgucx
----> madevent symlink will now point to build.cuda_m_inl0_hrd0/madevent_cuda
INFO: redefine madevent symlink for backend cuda in madevent/SubProcesses/P3_uu_ttxguu
----> madevent symlink will now point to build.cuda_m_inl0_hrd0/madevent_cuda
INFO: redefine madevent symlink for backend cuda in madevent/SubProcesses/P3_uux_ttxgccx
----> madevent symlink will now point to build.cuda_m_inl0_hrd0/madevent_cuda
INFO: redefine madevent symlink for backend cuda in madevent/SubProcesses/P3_uux_ttxggg
----> madevent symlink will now point to build.cuda_m_inl0_hrd0/madevent_cuda
INFO: redefine madevent symlink for backend cuda in madevent/SubProcesses/P3_uux_ttxguux
----> madevent symlink will now point to build.cuda_m_inl0_hrd0/madevent_cuda
INFO: redefine madevent symlink for backend cuda in madevent/SubProcesses/P3_uxb_ttxgbux
----> madevent symlink will now point to build.cuda_m_inl0_hrd0/madevent_cuda
INFO: redefine madevent symlink for backend cuda in madevent/SubProcesses/P3_uxcx_ttxguxcx
----> madevent symlink will now point to build.cuda_m_inl0_hrd0/madevent_cuda
INFO: redefine madevent symlink for backend cuda in madevent/SubProcesses/P3_uxux_ttxguxux
----> madevent symlink will now point to build.cuda_m_inl0_hrd0/madevent_cuda
Running MG5_aMC for the 1 time
produced_lhe  0 nevt  5000 submitting_event  5000  remaining_event  5000
run.sh 5000 10
Now generating 5000 events with random seed 10 and granularity 1
************************************************************
*                                                          *
*                      W E L C O M E to                    *
*             M A D G R A P H 5 _ a M C @ N L O            *
*                      M A D E V E N T                     *
*                                                          *
*                 *                       *                *
*                   *        * *        *                  *
*                     * * * * 5 * * * *                    *
*                   *        * *        *                  *
*                 *                       *                *
*                                                          *
*         VERSION 3.5.3_lo_vect                            *
*                                                          *
*    The MadGraph5_aMC@NLO Development Team - Find us at   *
*    https://server06.fynu.ucl.ac.be/projects/madgraph     *
*                                                          *
*               Type 'help' for in-line help.              *
*                                                          *
************************************************************
INFO: load configuration from /srv/work/process/madevent/Cards/me5_configuration.txt  
INFO: load configuration from /srv/work/mgbasedir/input/mg5_configuration.txt  
INFO: load configuration from /srv/work/process/madevent/Cards/me5_configuration.txt  
Using default text editor "vi". Set another one in ./input/mg5_configuration.txt
No valid eps viewer found. Please set in ./input/mg5_configuration.txt
No valid web browser found. Please set in ./input/mg5_configuration.txt
WRITE GRIDCARD /srv/work/process/madevent
generate 5000 events
[1;34mThe parameter ptonium is not supported anymore. This parameter will be ignored.[0m
[1;34mThe parameter etaonium is not supported anymore. This parameter will be ignored.[0m
P3_gg_ttxggg
P3_gg_ttxguux
P3_gu_ttxggu
P3_gux_ttxggux
P3_uux_ttxggg
P3_gu_ttxuuux
P3_gux_ttxuuxux
P3_gu_ttxuccx
P3_gux_ttxcuxcx
P3_uu_ttxguu
P3_uux_ttxguux
P3_uxux_ttxguxux
P3_uc_ttxguc
P3_uux_ttxgccx
P3_ucx_ttxgucx
P3_uxcx_ttxguxcx
P3_uxb_ttxgbux
P2_gg_ttxgg
P2_gg_ttxuux
P2_gu_ttxgu
P2_gux_ttxgux
P2_uux_ttxgg
P1_gg_ttxg
P2_uu_ttxuu
P2_uux_ttxuux
P2_uxux_ttxuxux
P2_uc_ttxuc
P2_uux_ttxccx
P2_ucx_ttxucx
P2_uxcx_ttxuxcx
P2_uxb_ttxbux
P1_gu_ttxu
P1_gux_ttxux
P1_uux_ttxg
P0_gg_ttx
P0_uux_ttx
Using random number seed offset = 10
INFO: Generating 5000.0 unweighted events. 
sum of cpu time of last step: 2 days,2h23m39s
INFO: need to improve 389 channels 
INFO: The following Floating Point Exceptions have been reported: FE_INVALID
INFO: The following Floating Point Exceptions have been reported: FE_INVALID
INFO: The following Floating Point Exceptions have been reported: FE_INVALID
INFO: The following Floating Point Exceptions have been reported: FE_INVALID
INFO: The following Floating Point Exceptions have been reported: FE_INVALID
INFO: The following Floating Point Exceptions have been reported: FE_INVALID
INFO: The following Floating Point Exceptions have been reported: FE_INVALID
INFO: The following Floating Point Exceptions have been reported: FE_INVALID
INFO: The following Floating Point Exceptions have been reported: FE_INVALID
INFO: The following Floating Point Exceptions have been reported: FE_INVALID
INFO: The following Floating Point Exceptions have been reported: FE_INVALID
INFO: The following Floating Point Exceptions have been reported: FE_INVALID
INFO: The following Floating Point Exceptions have been reported: FE_INVALID
INFO: The following Floating Point Exceptions have been reported: FE_INVALID
INFO: The following Floating Point Exceptions have been reported: FE_INVALID
INFO: The following Floating Point Exceptions have been reported: FE_INVALID
INFO: The following Floating Point Exceptions have been reported: FE_INVALID
INFO: The following Floating Point Exceptions have been reported: FE_INVALID
INFO: The following Floating Point Exceptions have been reported: FE_INVALID
INFO: The following Floating Point Exceptions have been reported: FE_INVALID
INFO: The following Floating Point Exceptions have been reported: FE_INVALID
INFO: The following Floating Point Exceptions have been reported: FE_INVALID
INFO: The following Floating Point Exceptions have been reported: FE_INVALID
INFO: The following Floating Point Exceptions have been reported: FE_INVALID
INFO: The following Floating Point Exceptions have been reported: FE_INVALID
INFO: The following Floating Point Exceptions have been reported: FE_INVALID
INFO: The following Floating Point Exceptions have been reported: FE_INVALID
INFO: The following Floating Point Exceptions have been reported: FE_INVALID
INFO: The following Floating Point Exceptions have been reported: FE_INVALID
INFO: The following Floating Point Exceptions have been reported: FE_INVALID
INFO: The following Floating Point Exceptions have been reported: FE_INVALID
INFO: The following Floating Point Exceptions have been reported: FE_INVALID
INFO: The following Floating Point Exceptions have been reported: FE_INVALID
INFO: The following Floating Point Exceptions have been reported: FE_INVALID
INFO: The following Floating Point Exceptions have been reported: FE_INVALID
INFO: The following Floating Point Exceptions have been reported: FE_INVALID
INFO: The following Floating Point Exceptions have been reported: FE_INVALID
INFO: The following Floating Point Exceptions have been reported: FE_INVALID
INFO: The following Floating Point Exceptions have been reported: FE_INVALID
INFO: The following Floating Point Exceptions have been reported: FE_INVALID
INFO: The following Floating Point Exceptions have been reported: FE_INVALID
INFO: The following Floating Point Exceptions have been reported: FE_INVALID
INFO: The following Floating Point Exceptions have been reported: FE_INVALID
INFO: The following Floating Point Exceptions have been reported: FE_INVALID
INFO: The following Floating Point Exceptions have been reported: FE_INVALID
INFO: The following Floating Point Exceptions have been reported: FE_INVALID
INFO: The following Floating Point Exceptions have been reported: FE_INVALID
INFO: The following Floating Point Exceptions have been reported: FE_INVALID
INFO: The following Floating Point Exceptions have been reported: FE_INVALID
INFO: The following Floating Point Exceptions have been reported: FE_INVALID
INFO: The following Floating Point Exceptions have been reported: FE_INVALID
INFO: The following Floating Point Exceptions have been reported: FE_INVALID
INFO: The following Floating Point Exceptions have been reported: FE_INVALID
INFO: The following Floating Point Exceptions have been reported: FE_INVALID
INFO: The following Floating Point Exceptions have been reported: FE_INVALID
INFO: The following Floating Point Exceptions have been reported: FE_INVALID
INFO: The following Floating Point Exceptions have been reported: FE_INVALID
INFO: The following Floating Point Exceptions have been reported: FE_INVALID
INFO: The following Floating Point Exceptions have been reported: FE_INVALID
INFO: The following Floating Point Exceptions have been reported: FE_INVALID
INFO: The following Floating Point Exceptions have been reported: FE_INVALID
INFO: The following Floating Point Exceptions have been reported: FE_INVALID
INFO: The following Floating Point Exceptions have been reported: FE_INVALID
INFO: The following Floating Point Exceptions have been reported: FE_INVALID
INFO: The following Floating Point Exceptions have been reported: FE_INVALID
INFO: The following Floating Point Exceptions have been reported: FE_INVALID
INFO: The following Floating Point Exceptions have been reported: FE_INVALID
INFO: The following Floating Point Exceptions have been reported: FE_INVALID
INFO: The following Floating Point Exceptions have been reported: FE_INVALID
INFO: The following Floating Point Exceptions have been reported: FE_INVALID
INFO: The following Floating Point Exceptions have been reported: FE_INVALID
INFO: The following Floating Point Exceptions have been reported: FE_INVALID
INFO: The following Floating Point Exceptions have been reported: FE_INVALID
INFO: The following Floating Point Exceptions have been reported: FE_INVALID
INFO: The following Floating Point Exceptions have been reported: FE_INVALID
INFO: The following Floating Point Exceptions have been reported: FE_INVALID
INFO: The following Floating Point Exceptions have been reported: FE_INVALID
INFO: The following Floating Point Exceptions have been reported: FE_INVALID
INFO: The following Floating Point Exceptions have been reported: FE_INVALID
INFO: The following Floating Point Exceptions have been reported: FE_INVALID
INFO: The following Floating Point Exceptions have been reported: FE_INVALID
INFO: The following Floating Point Exceptions have been reported: FE_INVALID
INFO: The following Floating Point Exceptions have been reported: FE_INVALID
INFO: The following Floating Point Exceptions have been reported: FE_INVALID
INFO: The following Floating Point Exceptions have been reported: FE_INVALID
INFO: The following Floating Point Exceptions have been reported: FE_INVALID
INFO: The following Floating Point Exceptions have been reported: FE_INVALID
INFO: The following Floating Point Exceptions have been reported: FE_INVALID
INFO: The following Floating Point Exceptions have been reported: FE_INVALID
INFO: The following Floating Point Exceptions have been reported: FE_INVALID
INFO: The following Floating Point Exceptions have been reported: FE_INVALID
INFO: The following Floating Point Exceptions have been reported: FE_INVALID
INFO: The following Floating Point Exceptions have been reported: FE_INVALID
INFO: The following Floating Point Exceptions have been reported: FE_INVALID
INFO: The following Floating Point Exceptions have been reported: FE_INVALID
INFO: The following Floating Point Exceptions have been reported: FE_INVALID
INFO: The following Floating Point Exceptions have been reported: FE_INVALID
INFO: The following Floating Point Exceptions have been reported: FE_INVALID
INFO: The following Floating Point Exceptions have been reported: FE_INVALID
INFO: The following Floating Point Exceptions have been reported: FE_INVALID
INFO: The following Floating Point Exceptions have been reported: FE_INVALID
INFO: The following Floating Point Exceptions have been reported: FE_INVALID
INFO: The following Floating Point Exceptions have been reported: FE_INVALID
INFO: The following Floating Point Exceptions have been reported: FE_INVALID
INFO: The following Floating Point Exceptions have been reported: FE_INVALID
INFO: The following Floating Point Exceptions have been reported: FE_INVALID
INFO: The following Floating Point Exceptions have been reported: FE_INVALID
INFO: The following Floating Point Exceptions have been reported: FE_INVALID
INFO: The following Floating Point Exceptions have been reported: FE_INVALID
INFO: The following Floating Point Exceptions have been reported: FE_INVALID
INFO: The following Floating Point Exceptions have been reported: FE_INVALID
INFO: The following Floating Point Exceptions have been reported: FE_INVALID
INFO: The following Floating Point Exceptions have been reported: FE_INVALID
INFO: The following Floating Point Exceptions have been reported: FE_INVALID
INFO: The following Floating Point Exceptions have been reported: FE_INVALID
INFO: The following Floating Point Exceptions have been reported: FE_INVALID
INFO: The following Floating Point Exceptions have been reported: FE_INVALID
INFO: The following Floating Point Exceptions have been reported: FE_INVALID
INFO: The following Floating Point Exceptions have been reported: FE_INVALID
INFO: The following Floating Point Exceptions have been reported: FE_INVALID
INFO: The following Floating Point Exceptions have been reported: FE_INVALID
INFO: The following Floating Point Exceptions have been reported: FE_INVALID
INFO: The following Floating Point Exceptions have been reported: FE_INVALID
INFO: The following Floating Point Exceptions have been reported: FE_INVALID
INFO: The following Floating Point Exceptions have been reported: FE_INVALID
INFO: The following Floating Point Exceptions have been reported: FE_INVALID
INFO: The following Floating Point Exceptions have been reported: FE_INVALID
INFO: The following Floating Point Exceptions have been reported: FE_INVALID
INFO: The following Floating Point Exceptions have been reported: FE_INVALID
INFO: The following Floating Point Exceptions have been reported: FE_INVALID
INFO: The following Floating Point Exceptions have been reported: FE_INVALID
INFO: The following Floating Point Exceptions have been reported: FE_INVALID
INFO: The following Floating Point Exceptions have been reported: FE_INVALID
INFO: The following Floating Point Exceptions have been reported: FE_INVALID
INFO: The following Floating Point Exceptions have been reported: FE_INVALID
INFO: The following Floating Point Exceptions have been reported: FE_INVALID
INFO: The following Floating Point Exceptions have been reported: FE_INVALID
INFO: The following Floating Point Exceptions have been reported: FE_INVALID
INFO: The following Floating Point Exceptions have been reported: FE_INVALID
INFO: The following Floating Point Exceptions have been reported: FE_INVALID
INFO: The following Floating Point Exceptions have been reported: FE_INVALID
INFO: The following Floating Point Exceptions have been reported: FE_INVALID
INFO: The following Floating Point Exceptions have been reported: FE_INVALID
INFO: The following Floating Point Exceptions have been reported: FE_INVALID
INFO: The following Floating Point Exceptions have been reported: FE_INVALID
INFO: The following Floating Point Exceptions have been reported: FE_INVALID
INFO: The following Floating Point Exceptions have been reported: FE_INVALID
INFO: The following Floating Point Exceptions have been reported: FE_INVALID
INFO: The following Floating Point Exceptions have been reported: FE_INVALID
INFO: The following Floating Point Exceptions have been reported: FE_INVALID
INFO: The following Floating Point Exceptions have been reported: FE_INVALID
INFO: The following Floating Point Exceptions have been reported: FE_INVALID
INFO: The following Floating Point Exceptions have been reported: FE_INVALID
INFO: The following Floating Point Exceptions have been reported: FE_INVALID
INFO: The following Floating Point Exceptions have been reported: FE_INVALID
INFO: The following Floating Point Exceptions have been reported: FE_INVALID
INFO: The following Floating Point Exceptions have been reported: FE_INVALID
INFO: The following Floating Point Exceptions have been reported: FE_INVALID
INFO: The following Floating Point Exceptions have been reported: FE_INVALID
INFO: The following Floating Point Exceptions have been reported: FE_INVALID
INFO: The following Floating Point Exceptions have been reported: FE_INVALID
INFO: The following Floating Point Exceptions have been reported: FE_INVALID
INFO: The following Floating Point Exceptions have been reported: FE_INVALID
INFO: The following Floating Point Exceptions have been reported: FE_INVALID
INFO: The following Floating Point Exceptions have been reported: FE_INVALID
INFO: The following Floating Point Exceptions have been reported: FE_INVALID
INFO: The following Floating Point Exceptions have been reported: FE_INVALID
INFO: The following Floating Point Exceptions have been reported: FE_INVALID
INFO: The following Floating Point Exceptions have been reported: FE_INVALID
INFO: The following Floating Point Exceptions have been reported: FE_INVALID
INFO: The following Floating Point Exceptions have been reported: FE_INVALID
INFO: The following Floating Point Exceptions have been reported: FE_INVALID
INFO: The following Floating Point Exceptions have been reported: FE_INVALID
INFO: The following Floating Point Exceptions have been reported: FE_INVALID
INFO: The following Floating Point Exceptions have been reported: FE_INVALID
INFO: The following Floating Point Exceptions have been reported: FE_INVALID
INFO: The following Floating Point Exceptions have been reported: FE_INVALID
INFO: The following Floating Point Exceptions have been reported: FE_INVALID
INFO: The following Floating Point Exceptions have been reported: FE_INVALID
INFO: The following Floating Point Exceptions have been reported: FE_INVALID
INFO: The following Floating Point Exceptions have been reported: FE_INVALID
INFO: The following Floating Point Exceptions have been reported: FE_INVALID
INFO: The following Floating Point Exceptions have been reported: FE_INVALID
INFO: The following Floating Point Exceptions have been reported: FE_INVALID
INFO: The following Floating Point Exceptions have been reported: FE_INVALID
INFO: The following Floating Point Exceptions have been reported: FE_INVALID
INFO: The following Floating Point Exceptions have been reported: FE_INVALID
INFO: The following Floating Point Exceptions have been reported: FE_INVALID
INFO: The following Floating Point Exceptions have been reported: FE_INVALID
INFO: The following Floating Point Exceptions have been reported: FE_INVALID
INFO: The following Floating Point Exceptions have been reported: FE_INVALID
INFO: The following Floating Point Exceptions have been reported: FE_INVALID
INFO: The following Floating Point Exceptions have been reported: FE_INVALID
INFO: The following Floating Point Exceptions have been reported: FE_INVALID
INFO: The following Floating Point Exceptions have been reported: FE_INVALID
INFO: The following Floating Point Exceptions have been reported: FE_INVALID
INFO: The following Floating Point Exceptions have been reported: FE_INVALID
INFO: The following Floating Point Exceptions have been reported: FE_INVALID
INFO: The following Floating Point Exceptions have been reported: FE_INVALID
INFO: The following Floating Point Exceptions have been reported: FE_INVALID
INFO: The following Floating Point Exceptions have been reported: FE_INVALID
INFO: The following Floating Point Exceptions have been reported: FE_INVALID
INFO: The following Floating Point Exceptions have been reported: FE_INVALID
INFO: The following Floating Point Exceptions have been reported: FE_INVALID
INFO: The following Floating Point Exceptions have been reported: FE_INVALID
INFO: The following Floating Point Exceptions have been reported: FE_INVALID
INFO: The following Floating Point Exceptions have been reported: FE_INVALID
INFO: The following Floating Point Exceptions have been reported: FE_INVALID
INFO: The following Floating Point Exceptions have been reported: FE_INVALID
INFO: The following Floating Point Exceptions have been reported: FE_INVALID
INFO: The following Floating Point Exceptions have been reported: FE_INVALID
INFO: The following Floating Point Exceptions have been reported: FE_INVALID
INFO: The following Floating Point Exceptions have been reported: FE_INVALID
INFO: The following Floating Point Exceptions have been reported: FE_INVALID
INFO: The following Floating Point Exceptions have been reported: FE_INVALID
INFO: The following Floating Point Exceptions have been reported: FE_INVALID
INFO: The following Floating Point Exceptions have been reported: FE_INVALID
INFO: The following Floating Point Exceptions have been reported: FE_INVALID
INFO: The following Floating Point Exceptions have been reported: FE_INVALID
INFO: The following Floating Point Exceptions have been reported: FE_INVALID
INFO: The following Floating Point Exceptions have been reported: FE_INVALID
INFO: The following Floating Point Exceptions have been reported: FE_INVALID
INFO: The following Floating Point Exceptions have been reported: FE_INVALID
INFO: The following Floating Point Exceptions have been reported: FE_INVALID
INFO: The following Floating Point Exceptions have been reported: FE_INVALID
INFO: The following Floating Point Exceptions have been reported: FE_INVALID
INFO: The following Floating Point Exceptions have been reported: FE_INVALID
INFO: The following Floating Point Exceptions have been reported: FE_INVALID
INFO: The following Floating Point Exceptions have been reported: FE_INVALID
INFO: The following Floating Point Exceptions have been reported: FE_INVALID
INFO: The following Floating Point Exceptions have been reported: FE_INVALID
INFO: The following Floating Point Exceptions have been reported: FE_INVALID
INFO: The following Floating Point Exceptions have been reported: FE_INVALID
INFO: The following Floating Point Exceptions have been reported: FE_INVALID
INFO: The following Floating Point Exceptions have been reported: FE_INVALID
INFO: The following Floating Point Exceptions have been reported: FE_INVALID
INFO: The following Floating Point Exceptions have been reported: FE_INVALID
INFO: The following Floating Point Exceptions have been reported: FE_INVALID
INFO: The following Floating Point Exceptions have been reported: FE_INVALID
INFO: The following Floating Point Exceptions have been reported: FE_INVALID
INFO: The following Floating Point Exceptions have been reported: FE_INVALID
INFO: The following Floating Point Exceptions have been reported: FE_INVALID
INFO: The following Floating Point Exceptions have been reported: FE_INVALID
INFO: The following Floating Point Exceptions have been reported: FE_INVALID
INFO: The following Floating Point Exceptions have been reported: FE_INVALID
INFO: The following Floating Point Exceptions have been reported: FE_INVALID
INFO: The following Floating Point Exceptions have been reported: FE_INVALID
INFO: The following Floating Point Exceptions have been reported: FE_INVALID
INFO: The following Floating Point Exceptions have been reported: FE_INVALID
INFO: The following Floating Point Exceptions have been reported: FE_INVALID
INFO: The following Floating Point Exceptions have been reported: FE_INVALID
INFO: The following Floating Point Exceptions have been reported: FE_INVALID
INFO: The following Floating Point Exceptions have been reported: FE_INVALID
INFO: The following Floating Point Exceptions have been reported: FE_INVALID
INFO: The following Floating Point Exceptions have been reported: FE_INVALID
INFO: The following Floating Point Exceptions have been reported: FE_INVALID
INFO: The following Floating Point Exceptions have been reported: FE_INVALID
INFO: The following Floating Point Exceptions have been reported: FE_INVALID
INFO: The following Floating Point Exceptions have been reported: FE_INVALID
INFO: The following Floating Point Exceptions have been reported: FE_INVALID
INFO: The following Floating Point Exceptions have been reported: FE_INVALID
INFO: The following Floating Point Exceptions have been reported: FE_INVALID
INFO: The following Floating Point Exceptions have been reported: FE_INVALID
INFO: The following Floating Point Exceptions have been reported: FE_INVALID
INFO: The following Floating Point Exceptions have been reported: FE_INVALID
INFO: The following Floating Point Exceptions have been reported: FE_INVALID
INFO: The following Floating Point Exceptions have been reported: FE_INVALID
INFO: The following Floating Point Exceptions have been reported: FE_INVALID
INFO: The following Floating Point Exceptions have been reported: FE_INVALID
INFO: The following Floating Point Exceptions have been reported: FE_INVALID
INFO: The following Floating Point Exceptions have been reported: FE_INVALID
INFO: The following Floating Point Exceptions have been reported: FE_INVALID
INFO: The following Floating Point Exceptions have been reported: FE_INVALID
INFO: The following Floating Point Exceptions have been reported: FE_INVALID
INFO: The following Floating Point Exceptions have been reported: FE_INVALID
INFO: The following Floating Point Exceptions have been reported: FE_INVALID
INFO: The following Floating Point Exceptions have been reported: FE_INVALID
INFO: The following Floating Point Exceptions have been reported: FE_INVALID
INFO: The following Floating Point Exceptions have been reported: FE_INVALID
INFO: The following Floating Point Exceptions have been reported: FE_INVALID
INFO: The following Floating Point Exceptions have been reported: FE_INVALID
INFO: The following Floating Point Exceptions have been reported: FE_INVALID
INFO: The following Floating Point Exceptions have been reported: FE_INVALID
INFO: The following Floating Point Exceptions have been reported: FE_INVALID
INFO: The following Floating Point Exceptions have been reported: FE_INVALID
INFO: The following Floating Point Exceptions have been reported: FE_INVALID
INFO: The following Floating Point Exceptions have been reported: FE_INVALID
INFO: The following Floating Point Exceptions have been reported: FE_INVALID
INFO: The following Floating Point Exceptions have been reported: FE_INVALID
INFO: The following Floating Point Exceptions have been reported: FE_INVALID
INFO: The following Floating Point Exceptions have been reported: FE_INVALID
INFO: The following Floating Point Exceptions have been reported: FE_INVALID
INFO: The following Floating Point Exceptions have been reported: FE_INVALID
INFO: The following Floating Point Exceptions have been reported: FE_INVALID
INFO: The following Floating Point Exceptions have been reported: FE_INVALID
INFO: The following Floating Point Exceptions have been reported: FE_INVALID
INFO: The following Floating Point Exceptions have been reported: FE_INVALID
INFO: The following Floating Point Exceptions have been reported: FE_INVALID
INFO: The following Floating Point Exceptions have been reported: FE_INVALID
INFO: The following Floating Point Exceptions have been reported: FE_INVALID
INFO: The following Floating Point Exceptions have been reported: FE_INVALID
INFO: The following Floating Point Exceptions have been reported: FE_INVALID
INFO: The following Floating Point Exceptions have been reported: FE_INVALID
INFO: The following Floating Point Exceptions have been reported: FE_INVALID
INFO: The following Floating Point Exceptions have been reported: FE_INVALID
INFO: The following Floating Point Exceptions have been reported: FE_INVALID
INFO: The following Floating Point Exceptions have been reported: FE_INVALID
INFO: The following Floating Point Exceptions have been reported: FE_INVALID
INFO: The following Floating Point Exceptions have been reported: FE_INVALID
INFO: The following Floating Point Exceptions have been reported: FE_INVALID
INFO: The following Floating Point Exceptions have been reported: FE_INVALID
INFO: The following Floating Point Exceptions have been reported: FE_INVALID
INFO: The following Floating Point Exceptions have been reported: FE_INVALID
INFO: The following Floating Point Exceptions have been reported: FE_INVALID
INFO: The following Floating Point Exceptions have been reported: FE_INVALID
INFO: The following Floating Point Exceptions have been reported: FE_INVALID
INFO: The following Floating Point Exceptions have been reported: FE_INVALID
INFO: The following Floating Point Exceptions have been reported: FE_INVALID
INFO: The following Floating Point Exceptions have been reported: FE_INVALID
INFO: The following Floating Point Exceptions have been reported: FE_INVALID
INFO: The following Floating Point Exceptions have been reported: FE_INVALID
INFO: The following Floating Point Exceptions have been reported: FE_INVALID
INFO: The following Floating Point Exceptions have been reported: FE_INVALID
INFO: The following Floating Point Exceptions have been reported: FE_INVALID
INFO: The following Floating Point Exceptions have been reported: FE_INVALID
INFO: The following Floating Point Exceptions have been reported: FE_INVALID
INFO: The following Floating Point Exceptions have been reported: FE_INVALID
INFO: The following Floating Point Exceptions have been reported: FE_INVALID
INFO: The following Floating Point Exceptions have been reported: FE_INVALID
INFO: The following Floating Point Exceptions have been reported: FE_INVALID
INFO: The following Floating Point Exceptions have been reported: FE_INVALID
INFO: The following Floating Point Exceptions have been reported: FE_INVALID
INFO: The following Floating Point Exceptions have been reported: FE_INVALID
INFO: The following Floating Point Exceptions have been reported: FE_INVALID
INFO: The following Floating Point Exceptions have been reported: FE_INVALID
INFO: The following Floating Point Exceptions have been reported: FE_INVALID
INFO: The following Floating Point Exceptions have been reported: FE_INVALID
INFO: The following Floating Point Exceptions have been reported: FE_INVALID
INFO: The following Floating Point Exceptions have been reported: FE_INVALID
INFO: The following Floating Point Exceptions have been reported: FE_INVALID
INFO: The following Floating Point Exceptions have been reported: FE_INVALID
INFO: The following Floating Point Exceptions have been reported: FE_INVALID
INFO: The following Floating Point Exceptions have been reported: FE_INVALID
INFO: The following Floating Point Exceptions have been reported: FE_INVALID
INFO: The following Floating Point Exceptions have been reported: FE_INVALID
INFO: The following Floating Point Exceptions have been reported: FE_INVALID
INFO: The following Floating Point Exceptions have been reported: FE_INVALID
INFO: The following Floating Point Exceptions have been reported: FE_INVALID
INFO: The following Floating Point Exceptions have been reported: FE_INVALID
INFO: The following Floating Point Exceptions have been reported: FE_INVALID
INFO: The following Floating Point Exceptions have been reported: FE_INVALID
INFO: The following Floating Point Exceptions have been reported: FE_INVALID
INFO: The following Floating Point Exceptions have been reported: FE_INVALID
INFO: The following Floating Point Exceptions have been reported: FE_INVALID
INFO: The following Floating Point Exceptions have been reported: FE_INVALID
INFO: The following Floating Point Exceptions have been reported: FE_INVALID
INFO: The following Floating Point Exceptions have been reported: FE_INVALID
INFO: The following Floating Point Exceptions have been reported: FE_INVALID
INFO: The following Floating Point Exceptions have been reported: FE_INVALID
INFO: The following Floating Point Exceptions have been reported: FE_INVALID
INFO: The following Floating Point Exceptions have been reported: FE_INVALID
INFO: The following Floating Point Exceptions have been reported: FE_INVALID
INFO: The following Floating Point Exceptions have been reported: FE_INVALID
combine_events
[1;34mThe parameter ptonium is not supported anymore. This parameter will be ignored.[0m
[1;34mThe parameter etaonium is not supported anymore. This parameter will be ignored.[0m
store_events
  === Results Summary for run: GridRun_10 tag: tag_1 ===

     Cross-section :   0 +- 0 pb
     Nb of events :  5000
 
decay_events -from_cards
DONE
write ./events.lhe.gz
run 1 finished, total number of produced events: 5000/5000

-rw-r--r--. 1 choij zh 1290692 Sep 24 12:13 events_1.lhe.gz
run finished, produced number of events:
5000
/srv/work/process/madevent /srv/work
************************************************************
*                                                          *
*                      W E L C O M E to                    *
*             M A D G R A P H 5 _ a M C @ N L O            *
*                      M A D E V E N T                     *
*                                                          *
*                 *                       *                *
*                   *        * *        *                  *
*                     * * * * 5 * * * *                    *
*                   *        * *        *                  *
*                 *                       *                *
*                                                          *
*         VERSION 3.5.3_lo_vect                            *
*                                                          *
*    The MadGraph5_aMC@NLO Development Team - Find us at   *
*    https://server06.fynu.ucl.ac.be/projects/madgraph     *
*                                                          *
*               Type 'help' for in-line help.              *
*                                                          *
************************************************************
INFO: load configuration from /srv/work/process/madevent/Cards/me5_configuration.txt  
INFO: load configuration from /srv/work/mgbasedir/input/mg5_configuration.txt  
INFO: load configuration from /srv/work/process/madevent/Cards/me5_configuration.txt  
Using default text editor "vi". Set another one in ./input/mg5_configuration.txt
No valid eps viewer found. Please set in ./input/mg5_configuration.txt
No valid web browser found. Please set in ./input/mg5_configuration.txt
madevent>INFO: Running Systematics computation 
[1;34mThe parameter ptonium is not supported anymore. This parameter will be ignored.[0m
[1;34mThe parameter etaonium is not supported anymore. This parameter will be ignored.[0m
[1;34mThe parameter ptonium is not supported anymore. This parameter will be ignored.[0m
[1;34mThe parameter etaonium is not supported anymore. This parameter will be ignored.[0m
INFO: # Events generated with PDF: NNPDF31_nnlo_as_0118_mc_hessian_pdfas (325300) 
INFO: # Will Compute 926 weights per event. 
INFO: # Currently at event 0 [elapsed time: 0.048 s] 
INFO: # Currently at event 2500 [elapsed time: 45 s] 
INFO: #***************************************************************************
#
# original cross-section: 5278.124500000447
#     scale variation: +36.6% -22%
#     emission scale variation: +36.6% -22%
#     central scheme variation: + 0% -38.4%
# PDF variation: +6.56% -6.56%
#
#PDF NNPDF31_nnlo_as_0118_mc: 5261.42 +1.6% -1.6%
#PDF NNPDF31_nlo_hessian_pdfas: 5436.9 +6.54% -6.54%
#PDF NNPDF40_nnlo_pdfas: 5150.89 +3.55% -3.55%
#PDF NNPDF40_nnlo_hessian_pdfas: 5144.7 +3.55% -3.55%
#PDF NNPDF40_nnlo_pch_as_01180: 5179.03 +0.964% -0.964%
#PDF CT18NNLO: 5523.26 +4.67% - 3%
#PDF CT18ZNNLO: 5354.28 +3.74% -3.6%
#PDF MSHT20nnlo_as118: 5450.29 +3.57% -2.21%
#PDF PDF4LHC21_40_pdfas: 5462.26 +4.92% -4.92%
#PDF HERAPDF20_NNLO_EIG: 5116.99 +1.33% -5.19%
#PDF ABMP16als118_5_nnlo: 5171.79 +2.89% -2.89%
# dynamical scheme # 1 : 4182.25 +27.4% -20.3% # \sum ET
# dynamical scheme # 2 : 3777.21 +26.5% -19.7% # \sum\sqrt{m^2+pt^2}
# dynamical scheme # 3 : 4778.82 +28.9% -21% # 0.5 \sum\sqrt{m^2+pt^2}
# dynamical scheme # 4 : 3249.23 +25.1% -19% # \sqrt{\hat s}
# PDF 263000 : 6911.3484054041355
#***************************************************************************
 
INFO: End of systematics computation 
madevent>INFO:  
launch in debug mode
/srv/work

Run xml check
Number of weights that are NaN:
0
All checks passed 

total 286660
drwxr-xr-x. 17 choij zh      4096 Sep 24 11:40 CMSSW_14_0_9
drwxr-xr-x.  2 choij zh      4096 Sep 18 08:01 InputCards
-rw-r--r--.  1 choij zh  92186988 Sep 24 11:40 TT0123j_CKM_LO_5f_MULTIBACKEND_el8_amd64_gcc12_CMSSW_14_0_9_tarball.tar.xz
-rw-r--r--.  1 choij zh 184243551 Sep 24 12:15 cmsgrid_final.lhe
-rw-r--r--.  1 choij zh   8673878 Sep 24 12:15 evtgen.log
-rw-r--r--.  1 choij zh    418908 Sep 18 08:01 gridpack_generation.log
-rwxr-xr-x.  1 choij zh     11617 Sep 18 08:01 merge.pl
drwxr-xr-x. 14 choij zh      4096 Sep 18 08:01 mgbasedir
drwxr-xr-x.  3 choij zh        36 Sep 24 12:13 process
-rwxr-xr-x.  1 choij zh      8746 Sep 24 11:40 runcmsgrid.sh
