000 (7186307.000.000) 08/22 15:33:39 Job submitted from host: <137.138.44.55:9618?addrs=137.138.44.55-9618+[2001-1458-d00-1a--48]-9618&alias=bigbird17.cern.ch&noUDP&sock=schedd_23962_8474>
...
040 (7186307.000.000) 08/23 20:51:22 Started transferring input files
	Transferring to host: <128.142.248.15:9618?addrs=128.142.248.15-9618+[2001-1458-301-73--100-ff]-9618&alias=b9g23p2723.cern.ch&noUDP&sock=slot1_14_3961800_404a_5664>
...
040 (7186307.000.000) 08/23 20:51:23 Finished transferring input files
...
001 (7186307.000.000) 08/23 20:51:24 Job executing on host: <128.142.248.15:9618?addrs=128.142.248.15-9618+[2001-1458-301-73--100-ff]-9618&alias=b9g23p2723.cern.ch&noUDP&sock=startd_5130_54ef>
	SlotName: slot1_14@b9g23p2723.cern.ch
	CondorScratchDir = "/pool/condor/dir_2777855"
	Cpus = 1
	Disk = 2989788
	Memory = 2000
...
006 (7186307.000.000) 08/23 20:51:33 Image size of job updated: 588732
	329  -  MemoryUsage of job (MB)
	336820  -  ResidentSetSize of job (KB)
...
006 (7186307.000.000) 08/23 20:56:34 Image size of job updated: 588732
	562  -  MemoryUsage of job (MB)
	575384  -  ResidentSetSize of job (KB)
...
006 (7186307.000.000) 08/23 21:01:34 Image size of job updated: 659440
	624  -  MemoryUsage of job (MB)
	638728  -  ResidentSetSize of job (KB)
...
006 (7186307.000.000) 08/23 21:06:34 Image size of job updated: 3426920
	3347  -  MemoryUsage of job (MB)
	3426920  -  ResidentSetSize of job (KB)
...
006 (7186307.000.000) 08/23 21:11:35 Image size of job updated: 3570304
	3487  -  MemoryUsage of job (MB)
	3570304  -  ResidentSetSize of job (KB)
...
006 (7186307.000.000) 08/23 21:12:16 Image size of job updated: 3587384
	3487  -  MemoryUsage of job (MB)
	3570304  -  ResidentSetSize of job (KB)
...
040 (7186307.000.000) 08/23 21:12:16 Started transferring output files
...
040 (7186307.000.000) 08/23 21:12:16 Finished transferring output files
...
005 (7186307.000.000) 08/23 21:12:16 Job terminated.
	(1) Normal termination (return value 0)
		Usr 0 00:19:59, Sys 0 00:00:40  -  Run Remote Usage
		Usr 0 00:00:00, Sys 0 00:00:00  -  Run Local Usage
		Usr 0 00:19:59, Sys 0 00:00:40  -  Total Remote Usage
		Usr 0 00:00:00, Sys 0 00:00:00  -  Total Local Usage
	24544  -  Run Bytes Sent By Job
	2763  -  Run Bytes Received By Job
	24544  -  Total Bytes Sent By Job
	2763  -  Total Bytes Received By Job
	Partitionable Resources :     Usage  Request Allocated 
	   Cpus                 :      0.99        1         1 
	   Disk (KB)            : 528060           3   2989788 
	   Memory (MB)          :   3487        2000      2000 

	Job terminated of its own accord at 2024-08-23T19:12:16Z with exit-code 0.
...
