000 (7186274.003.000) 08/22 15:33:12 Job submitted from host: <137.138.44.55:9618?addrs=137.138.44.55-9618+[2001-1458-d00-1a--48]-9618&alias=bigbird17.cern.ch&noUDP&sock=schedd_23962_8474>
...
040 (7186274.003.000) 08/22 16:33:28 Started transferring input files
	Transferring to host: <128.142.248.81:9618?addrs=128.142.248.81-9618+[2001-1458-301-73--100-141]-9618&alias=b9g23p3234.cern.ch&noUDP&sock=slot1_62_3493222_a91c_5173>
...
040 (7186274.003.000) 08/22 16:33:28 Finished transferring input files
...
001 (7186274.003.000) 08/22 16:33:29 Job executing on host: <128.142.248.81:9618?addrs=128.142.248.81-9618+[2001-1458-301-73--100-141]-9618&alias=b9g23p3234.cern.ch&noUDP&sock=startd_5923_4389>
	SlotName: slot1_62@b9g23p3234.cern.ch
	CondorScratchDir = "/pool/condor/dir_1897649"
	Cpus = 1
	Disk = 3075007
	Memory = 2000
...
006 (7186274.003.000) 08/22 16:33:40 Image size of job updated: 397188
	388  -  MemoryUsage of job (MB)
	397092  -  ResidentSetSize of job (KB)
...
006 (7186274.003.000) 08/22 16:38:41 Image size of job updated: 3849564
	3760  -  MemoryUsage of job (MB)
	3849564  -  ResidentSetSize of job (KB)
...
006 (7186274.003.000) 08/22 16:43:42 Image size of job updated: 3998080
	3760  -  MemoryUsage of job (MB)
	3849564  -  ResidentSetSize of job (KB)
...
040 (7186274.003.000) 08/22 17:13:21 Started transferring output files
...
040 (7186274.003.000) 08/22 17:13:21 Finished transferring output files
...
005 (7186274.003.000) 08/22 17:13:21 Job terminated.
	(1) Normal termination (return value 50)
		Usr 0 00:36:12, Sys 0 00:00:29  -  Run Remote Usage
		Usr 0 00:00:00, Sys 0 00:00:00  -  Run Local Usage
		Usr 0 00:36:12, Sys 0 00:00:29  -  Total Remote Usage
		Usr 0 00:00:00, Sys 0 00:00:00  -  Total Local Usage
	16802  -  Run Bytes Sent By Job
	2766  -  Run Bytes Received By Job
	16802  -  Total Bytes Sent By Job
	2766  -  Total Bytes Received By Job
	Partitionable Resources :      Usage  Request Allocated 
	   Cpus                 :       0.96        1         1 
	   Disk (KB)            : 1886583           3   3075007 
	   Memory (MB)          :    3760        2000      2000 

	Job terminated of its own accord at 2024-08-22T15:13:21Z with exit-code 50.
...
