000 (7186274.001.000) 08/22 15:33:12 Job submitted from host: <137.138.44.55:9618?addrs=137.138.44.55-9618+[2001-1458-d00-1a--48]-9618&alias=bigbird17.cern.ch&noUDP&sock=schedd_23962_8474>
...
040 (7186274.001.000) 08/22 16:32:20 Started transferring input files
	Transferring to host: <128.142.248.94:9618?addrs=128.142.248.94-9618+[2001-1458-301-73--100-14e]-9618&alias=b9g23p2790.cern.ch&noUDP&sock=slot1_17_5757_13c3_4901>
...
040 (7186274.001.000) 08/22 16:32:20 Finished transferring input files
...
001 (7186274.001.000) 08/22 16:32:21 Job executing on host: <128.142.248.94:9618?addrs=128.142.248.94-9618+[2001-1458-301-73--100-14e]-9618&alias=b9g23p2790.cern.ch&noUDP&sock=startd_4576_5577>
	SlotName: slot1_17@b9g23p2790.cern.ch
	CondorScratchDir = "/pool/condor/dir_2213740"
	Cpus = 1
	Disk = 2959803
	Memory = 2000
...
006 (7186274.001.000) 08/22 16:32:33 Image size of job updated: 356000
	348  -  MemoryUsage of job (MB)
	355940  -  ResidentSetSize of job (KB)
...
006 (7186274.001.000) 08/22 16:37:33 Image size of job updated: 3392332
	3312  -  MemoryUsage of job (MB)
	3391052  -  ResidentSetSize of job (KB)
...
006 (7186274.001.000) 08/22 16:42:33 Image size of job updated: 3667940
	3582  -  MemoryUsage of job (MB)
	3667940  -  ResidentSetSize of job (KB)
...
006 (7186274.001.000) 08/22 16:47:34 Image size of job updated: 3945764
	3854  -  MemoryUsage of job (MB)
	3945764  -  ResidentSetSize of job (KB)
...
006 (7186274.001.000) 08/22 16:52:34 Image size of job updated: 4233148
	4134  -  MemoryUsage of job (MB)
	4233148  -  ResidentSetSize of job (KB)
...
006 (7186274.001.000) 08/22 16:57:34 Image size of job updated: 4508764
	4404  -  MemoryUsage of job (MB)
	4508764  -  ResidentSetSize of job (KB)
...
006 (7186274.001.000) 08/22 17:02:35 Image size of job updated: 4667164
	4482  -  MemoryUsage of job (MB)
	4589136  -  ResidentSetSize of job (KB)
...
006 (7186274.001.000) 08/22 17:07:35 Image size of job updated: 4875700
	4762  -  MemoryUsage of job (MB)
	4875700  -  ResidentSetSize of job (KB)
...
006 (7186274.001.000) 08/22 17:10:05 Image size of job updated: 4960748
	4762  -  MemoryUsage of job (MB)
	4875700  -  ResidentSetSize of job (KB)
...
040 (7186274.001.000) 08/22 17:10:05 Started transferring output files
...
040 (7186274.001.000) 08/22 17:10:05 Finished transferring output files
...
005 (7186274.001.000) 08/22 17:10:05 Job terminated.
	(1) Normal termination (return value 50)
		Usr 0 00:32:58, Sys 0 00:00:25  -  Run Remote Usage
		Usr 0 00:00:00, Sys 0 00:00:00  -  Run Local Usage
		Usr 0 00:32:58, Sys 0 00:00:25  -  Total Remote Usage
		Usr 0 00:00:00, Sys 0 00:00:00  -  Total Local Usage
	16818  -  Run Bytes Sent By Job
	2766  -  Run Bytes Received By Job
	16818  -  Total Bytes Sent By Job
	2766  -  Total Bytes Received By Job
	Partitionable Resources :      Usage  Request Allocated 
	   Cpus                 :       0.95        1         1 
	   Disk (KB)            : 1886583           3   2959803 
	   Memory (MB)          :    4762        2000      2000 

	Job terminated of its own accord at 2024-08-22T15:10:05Z with exit-code 50.
...
