000 (7186274.006.000) 08/22 15:33:12 Job submitted from host: <137.138.44.55:9618?addrs=137.138.44.55-9618+[2001-1458-d00-1a--48]-9618&alias=bigbird17.cern.ch&noUDP&sock=schedd_23962_8474>
...
040 (7186274.006.000) 08/22 16:44:32 Started transferring input files
	Transferring to host: <128.142.248.214:9618?addrs=128.142.248.214-9618+[2001-1458-301-73--100-d5]-9618&alias=b9g23p2447.cern.ch&noUDP&sock=slot1_9_2572410_4e57_17667>
...
040 (7186274.006.000) 08/22 16:44:32 Finished transferring input files
...
001 (7186274.006.000) 08/22 16:44:33 Job executing on host: <128.142.248.214:9618?addrs=128.142.248.214-9618+[2001-1458-301-73--100-d5]-9618&alias=b9g23p2447.cern.ch&noUDP&sock=startd_3197_745e>
	SlotName: slot1_9@b9g23p2447.cern.ch
	CondorScratchDir = "/pool/condor/dir_2428041"
	Cpus = 1
	Disk = 2949178
	Memory = 2000
...
006 (7186274.006.000) 08/22 16:44:44 Image size of job updated: 266164
	260  -  MemoryUsage of job (MB)
	266036  -  ResidentSetSize of job (KB)
...
006 (7186274.006.000) 08/22 16:49:44 Image size of job updated: 628444
	614  -  MemoryUsage of job (MB)
	628224  -  ResidentSetSize of job (KB)
...
006 (7186274.006.000) 08/22 16:54:45 Image size of job updated: 4673956
	4565  -  MemoryUsage of job (MB)
	4673956  -  ResidentSetSize of job (KB)
...
006 (7186274.006.000) 08/22 16:59:45 Image size of job updated: 4967196
	4851  -  MemoryUsage of job (MB)
	4967192  -  ResidentSetSize of job (KB)
...
006 (7186274.006.000) 08/22 17:04:45 Image size of job updated: 5244488
	5122  -  MemoryUsage of job (MB)
	5244488  -  ResidentSetSize of job (KB)
...
006 (7186274.006.000) 08/22 17:09:46 Image size of job updated: 5507572
	5379  -  MemoryUsage of job (MB)
	5507572  -  ResidentSetSize of job (KB)
...
006 (7186274.006.000) 08/22 17:14:46 Image size of job updated: 5779340
	5644  -  MemoryUsage of job (MB)
	5779340  -  ResidentSetSize of job (KB)
...
006 (7186274.006.000) 08/22 17:19:46 Image size of job updated: 6046680
	5905  -  MemoryUsage of job (MB)
	6046680  -  ResidentSetSize of job (KB)
...
006 (7186274.006.000) 08/22 17:24:47 Image size of job updated: 6153660
	5905  -  MemoryUsage of job (MB)
	6046680  -  ResidentSetSize of job (KB)
...
040 (7186274.006.000) 08/22 17:26:20 Started transferring output files
...
040 (7186274.006.000) 08/22 17:26:20 Finished transferring output files
...
005 (7186274.006.000) 08/22 17:26:20 Job terminated.
	(1) Normal termination (return value 50)
		Usr 0 00:32:28, Sys 0 00:00:31  -  Run Remote Usage
		Usr 0 00:00:00, Sys 0 00:00:00  -  Run Local Usage
		Usr 0 00:32:28, Sys 0 00:00:31  -  Total Remote Usage
		Usr 0 00:00:00, Sys 0 00:00:00  -  Total Local Usage
	16817  -  Run Bytes Sent By Job
	2766  -  Run Bytes Received By Job
	16817  -  Total Bytes Sent By Job
	2766  -  Total Bytes Received By Job
	Partitionable Resources :      Usage  Request Allocated 
	   Cpus                 :       0.89        1         1 
	   Disk (KB)            : 1911198           3   2949178 
	   Memory (MB)          :    5905        2000      2000 

	Job terminated of its own accord at 2024-08-22T15:26:20Z with exit-code 50.
...
