000 (7187324.005.000) 08/26 07:57:04 Job submitted from host: <137.138.44.55:9618?addrs=137.138.44.55-9618+[2001-1458-d00-1a--48]-9618&alias=bigbird17.cern.ch&noUDP&sock=schedd_23962_8474>
...
040 (7187324.005.000) 08/28 16:15:31 Started transferring input files
	Transferring to host: <188.185.93.234:9618?addrs=188.185.93.234-9618+[2001-1458-d00-6c--100-2e]-9618&alias=b9g57n6763.cern.ch&noUDP&sock=slot1_1_170185_7a62_63664>
...
040 (7187324.005.000) 08/28 16:15:31 Finished transferring input files
...
001 (7187324.005.000) 08/28 16:15:32 Job executing on host: <188.185.93.234:9618?addrs=188.185.93.234-9618+[2001-1458-d00-6c--100-2e]-9618&alias=b9g57n6763.cern.ch&noUDP&sock=startd_154457_3bb9>
	SlotName: slot1_1@b9g57n6763.cern.ch
	AvailableGPUs = { GPUs_GPU_b1587b5f }
	CondorScratchDir = "/pool/condor/dir_2264958"
	Cpus = 1
	Disk = 335752
	GPUs = 1
	GPUs_GPU_b1587b5f = [ GlobalMemoryMb = 40326; MaxSupportedVersion = 12040; DriverVersion = 12.4; DeviceUuid = "b1587b5f-5c26-3004-6bcf-3ce828349df6"; DeviceName = "NVIDIA A100-PCIE-40GB"; CoresPerCU = 64; ECCEnabled = true; ComputeUnits = 108; ClockMhz = 1410.0; Id = "GPU-b1587b5f"; DevicePciBusId = "0000:06:00.0"; Capability = 8.0 ]
	Memory = 2000
...
006 (7187324.005.000) 08/28 16:15:41 Image size of job updated: 1086608
	618  -  MemoryUsage of job (MB)
	632424  -  ResidentSetSize of job (KB)
...
006 (7187324.005.000) 08/28 16:20:42 Image size of job updated: 1436968
	895  -  MemoryUsage of job (MB)
	915932  -  ResidentSetSize of job (KB)
...
006 (7187324.005.000) 08/28 16:25:42 Image size of job updated: 1620048
	1330  -  MemoryUsage of job (MB)
	1361668  -  ResidentSetSize of job (KB)
...
006 (7187324.005.000) 08/28 16:35:43 Image size of job updated: 1848060
	1721  -  MemoryUsage of job (MB)
	1761440  -  ResidentSetSize of job (KB)
...
006 (7187324.005.000) 08/28 16:40:43 Image size of job updated: 1972480
	1927  -  MemoryUsage of job (MB)
	1972480  -  ResidentSetSize of job (KB)
...
006 (7187324.005.000) 08/28 16:45:44 Image size of job updated: 2017932
	1964  -  MemoryUsage of job (MB)
	2010608  -  ResidentSetSize of job (KB)
...
006 (7187324.005.000) 08/28 16:50:44 Image size of job updated: 2230548
	2167  -  MemoryUsage of job (MB)
	2218356  -  ResidentSetSize of job (KB)
...
006 (7187324.005.000) 08/28 16:55:45 Image size of job updated: 2269528
	2167  -  MemoryUsage of job (MB)
	2218356  -  ResidentSetSize of job (KB)
...
006 (7187324.005.000) 08/28 17:00:45 Image size of job updated: 2457236
	2343  -  MemoryUsage of job (MB)
	2398904  -  ResidentSetSize of job (KB)
...
006 (7187324.005.000) 08/28 17:05:45 Image size of job updated: 2665340
	2529  -  MemoryUsage of job (MB)
	2589432  -  ResidentSetSize of job (KB)
...
006 (7187324.005.000) 08/28 17:10:46 Image size of job updated: 2705808
	2529  -  MemoryUsage of job (MB)
	2589432  -  ResidentSetSize of job (KB)
...
006 (7187324.005.000) 08/28 17:15:46 Image size of job updated: 4643228
	3486  -  MemoryUsage of job (MB)
	3569552  -  ResidentSetSize of job (KB)
...
006 (7187324.005.000) 08/28 17:20:47 Image size of job updated: 4795736
	4333  -  MemoryUsage of job (MB)
	4436272  -  ResidentSetSize of job (KB)
...
006 (7187324.005.000) 08/28 17:25:47 Image size of job updated: 4832696
	4391  -  MemoryUsage of job (MB)
	4495972  -  ResidentSetSize of job (KB)
...
006 (7187324.005.000) 08/28 17:30:48 Image size of job updated: 4924488
	4391  -  MemoryUsage of job (MB)
	4495972  -  ResidentSetSize of job (KB)
...
006 (7187324.005.000) 08/28 17:35:48 Image size of job updated: 4967272
	4403  -  MemoryUsage of job (MB)
	4507868  -  ResidentSetSize of job (KB)
...
006 (7187324.005.000) 08/28 17:45:50 Image size of job updated: 4967272
	4429  -  MemoryUsage of job (MB)
	4534444  -  ResidentSetSize of job (KB)
...
006 (7187324.005.000) 08/28 17:50:50 Image size of job updated: 5015548
	4787  -  MemoryUsage of job (MB)
	4901176  -  ResidentSetSize of job (KB)
...
006 (7187324.005.000) 08/28 17:55:51 Image size of job updated: 5057652
	4803  -  MemoryUsage of job (MB)
	4917560  -  ResidentSetSize of job (KB)
...
006 (7187324.005.000) 08/28 18:00:51 Image size of job updated: 5225320
	5056  -  MemoryUsage of job (MB)
	5177036  -  ResidentSetSize of job (KB)
...
006 (7187324.005.000) 08/28 18:05:52 Image size of job updated: 5294476
	5064  -  MemoryUsage of job (MB)
	5185308  -  ResidentSetSize of job (KB)
...
006 (7187324.005.000) 08/28 18:10:52 Image size of job updated: 5337908
	5064  -  MemoryUsage of job (MB)
	5185308  -  ResidentSetSize of job (KB)
...
006 (7187324.005.000) 08/28 18:30:54 Image size of job updated: 5337908
	5100  -  MemoryUsage of job (MB)
	5221776  -  ResidentSetSize of job (KB)
...
006 (7187324.005.000) 08/28 18:40:55 Image size of job updated: 5367900
	5100  -  MemoryUsage of job (MB)
	5221776  -  ResidentSetSize of job (KB)
...
006 (7187324.005.000) 08/28 18:45:55 Image size of job updated: 5681184
	5198  -  MemoryUsage of job (MB)
	5321760  -  ResidentSetSize of job (KB)
...
006 (7187324.005.000) 08/28 18:50:56 Image size of job updated: 5786712
	5202  -  MemoryUsage of job (MB)
	5326500  -  ResidentSetSize of job (KB)
...
006 (7187324.005.000) 08/28 19:15:58 Image size of job updated: 6974348
	6811  -  MemoryUsage of job (MB)
	6974348  -  ResidentSetSize of job (KB)
...
006 (7187324.005.000) 08/28 19:21:00 Image size of job updated: 7370392
	7198  -  MemoryUsage of job (MB)
	7370392  -  ResidentSetSize of job (KB)
...
006 (7187324.005.000) 08/28 19:26:00 Image size of job updated: 7762508
	7581  -  MemoryUsage of job (MB)
	7762508  -  ResidentSetSize of job (KB)
...
006 (7187324.005.000) 08/28 19:31:01 Image size of job updated: 8156480
	7966  -  MemoryUsage of job (MB)
	8156480  -  ResidentSetSize of job (KB)
...
006 (7187324.005.000) 08/28 19:36:01 Image size of job updated: 8550020
	7966  -  MemoryUsage of job (MB)
	8156480  -  ResidentSetSize of job (KB)
...
040 (7187324.005.000) 08/28 19:36:17 Started transferring output files
...
040 (7187324.005.000) 08/28 19:36:18 Finished transferring output files
...
005 (7187324.005.000) 08/28 19:36:18 Job terminated.
	(1) Normal termination (return value 50)
		Usr 0 02:35:12, Sys 0 00:21:58  -  Run Remote Usage
		Usr 0 00:00:00, Sys 0 00:00:00  -  Run Local Usage
		Usr 0 02:35:12, Sys 0 00:21:58  -  Total Remote Usage
		Usr 0 00:00:00, Sys 0 00:00:00  -  Total Local Usage
	74139  -  Run Bytes Sent By Job
	2935  -  Run Bytes Received By Job
	74139  -  Total Bytes Sent By Job
	2935  -  Total Bytes Received By Job
	Partitionable Resources :      Usage  Request Allocated Assigned
	   Cpus                 :       1.00        1         1 
	   Disk (KB)            : 2243887           3    335752 
	   Gpus (Average)       :       0.08        1         1 "GPU-b1587b5f"
	   GpusMemory (MB)      :    6687                       
	   Memory (MB)          :    7966        2000      2000 

	Job terminated of its own accord at 2024-08-28T17:36:17Z with exit-code 50.
...
