000 (7187324.000.000) 08/26 07:57:04 Job submitted from host: <137.138.44.55:9618?addrs=137.138.44.55-9618+[2001-1458-d00-1a--48]-9618&alias=bigbird17.cern.ch&noUDP&sock=schedd_23962_8474>
...
040 (7187324.000.000) 08/28 15:40:19 Started transferring input files
	Transferring to host: <188.185.93.105:9618?addrs=188.185.93.105-9618+[2001-1458-d00-6c--100-242]-9618&alias=b9g57n8656.cern.ch&noUDP&sock=slot1_1_18300_c161_113319>
...
040 (7187324.000.000) 08/28 15:40:19 Finished transferring input files
...
001 (7187324.000.000) 08/28 15:40:20 Job executing on host: <188.185.93.105:9618?addrs=188.185.93.105-9618+[2001-1458-d00-6c--100-242]-9618&alias=b9g57n8656.cern.ch&noUDP&sock=startd_17874_a7e1>
	SlotName: slot1_1@b9g57n8656.cern.ch
	AvailableGPUs = { GPUs_GPU_8f5f97a2 }
	CondorScratchDir = "/pool/condor/dir_1239543"
	Cpus = 1
	Disk = 1458999
	GPUs = 1
	GPUs_GPU_8f5f97a2 = [ GlobalMemoryMb = 40326; MaxSupportedVersion = 12040; DriverVersion = 12.4; DeviceName = "NVIDIA A100-PCIE-40GB"; CoresPerCU = 64; ECCEnabled = true; ComputeUnits = 108; ClockMhz = 1410.0; Id = "GPU-8f5f97a2"; Capability = 8.0; DevicePciBusId = "0000:06:00.0"; DeviceUuid = "8f5f97a2-c8cf-cf5d-bd1a-0a219e343c73" ]
	Memory = 2000
...
006 (7187324.000.000) 08/28 15:40:29 Image size of job updated: 1103516
	622  -  MemoryUsage of job (MB)
	636508  -  ResidentSetSize of job (KB)
...
006 (7187324.000.000) 08/28 15:45:30 Image size of job updated: 1384344
	882  -  MemoryUsage of job (MB)
	902988  -  ResidentSetSize of job (KB)
...
006 (7187324.000.000) 08/28 15:50:30 Image size of job updated: 1438060
	1091  -  MemoryUsage of job (MB)
	1116424  -  ResidentSetSize of job (KB)
...
006 (7187324.000.000) 08/28 15:55:32 Image size of job updated: 1438060
	1100  -  MemoryUsage of job (MB)
	1126356  -  ResidentSetSize of job (KB)
...
006 (7187324.000.000) 08/28 16:00:32 Image size of job updated: 1615200
	1504  -  MemoryUsage of job (MB)
	1539716  -  ResidentSetSize of job (KB)
...
006 (7187324.000.000) 08/28 16:05:33 Image size of job updated: 1703436
	1593  -  MemoryUsage of job (MB)
	1630572  -  ResidentSetSize of job (KB)
...
006 (7187324.000.000) 08/28 16:10:33 Image size of job updated: 1802936
	1593  -  MemoryUsage of job (MB)
	1630572  -  ResidentSetSize of job (KB)
...
006 (7187324.000.000) 08/28 16:15:33 Image size of job updated: 1945380
	1593  -  MemoryUsage of job (MB)
	1630572  -  ResidentSetSize of job (KB)
...
006 (7187324.000.000) 08/28 16:20:34 Image size of job updated: 2073224
	1971  -  MemoryUsage of job (MB)
	2017832  -  ResidentSetSize of job (KB)
...
006 (7187324.000.000) 08/28 16:25:34 Image size of job updated: 2124264
	2059  -  MemoryUsage of job (MB)
	2108044  -  ResidentSetSize of job (KB)
...
006 (7187324.000.000) 08/28 16:30:35 Image size of job updated: 2274672
	2211  -  MemoryUsage of job (MB)
	2263416  -  ResidentSetSize of job (KB)
...
006 (7187324.000.000) 08/28 16:35:35 Image size of job updated: 2448776
	2389  -  MemoryUsage of job (MB)
	2445828  -  ResidentSetSize of job (KB)
...
006 (7187324.000.000) 08/28 16:40:36 Image size of job updated: 2657588
	2594  -  MemoryUsage of job (MB)
	2655324  -  ResidentSetSize of job (KB)
...
006 (7187324.000.000) 08/28 16:45:36 Image size of job updated: 2659416
	2594  -  MemoryUsage of job (MB)
	2655324  -  ResidentSetSize of job (KB)
...
006 (7187324.000.000) 08/28 16:50:37 Image size of job updated: 4756048
	4645  -  MemoryUsage of job (MB)
	4755876  -  ResidentSetSize of job (KB)
...
006 (7187324.000.000) 08/28 16:55:37 Image size of job updated: 4901588
	4645  -  MemoryUsage of job (MB)
	4755876  -  ResidentSetSize of job (KB)
...
006 (7187324.000.000) 08/28 17:00:37 Image size of job updated: 5027856
	4645  -  MemoryUsage of job (MB)
	4755876  -  ResidentSetSize of job (KB)
...
006 (7187324.000.000) 08/28 17:05:38 Image size of job updated: 5027900
	4645  -  MemoryUsage of job (MB)
	4755876  -  ResidentSetSize of job (KB)
...
006 (7187324.000.000) 08/28 17:10:38 Image size of job updated: 5032400
	4645  -  MemoryUsage of job (MB)
	4755876  -  ResidentSetSize of job (KB)
...
006 (7187324.000.000) 08/28 17:20:39 Image size of job updated: 5196824
	5021  -  MemoryUsage of job (MB)
	5140828  -  ResidentSetSize of job (KB)
...
006 (7187324.000.000) 08/28 17:25:41 Image size of job updated: 5284532
	5021  -  MemoryUsage of job (MB)
	5140828  -  ResidentSetSize of job (KB)
...
006 (7187324.000.000) 08/28 17:30:41 Image size of job updated: 5411596
	5021  -  MemoryUsage of job (MB)
	5140828  -  ResidentSetSize of job (KB)
...
006 (7187324.000.000) 08/28 17:35:41 Image size of job updated: 5610812
	5123  -  MemoryUsage of job (MB)
	5245148  -  ResidentSetSize of job (KB)
...
006 (7187324.000.000) 08/28 17:40:42 Image size of job updated: 5759340
	5123  -  MemoryUsage of job (MB)
	5245148  -  ResidentSetSize of job (KB)
...
006 (7187324.000.000) 08/28 17:50:43 Image size of job updated: 6041124
	5900  -  MemoryUsage of job (MB)
	6041124  -  ResidentSetSize of job (KB)
...
006 (7187324.000.000) 08/28 17:55:43 Image size of job updated: 6065512
	5900  -  MemoryUsage of job (MB)
	6041124  -  ResidentSetSize of job (KB)
...
006 (7187324.000.000) 08/28 18:25:46 Image size of job updated: 8307288
	8113  -  MemoryUsage of job (MB)
	8307288  -  ResidentSetSize of job (KB)
...
006 (7187324.000.000) 08/28 18:30:46 Image size of job updated: 8688824
	8486  -  MemoryUsage of job (MB)
	8688824  -  ResidentSetSize of job (KB)
...
006 (7187324.000.000) 08/28 18:35:47 Image size of job updated: 9074372
	8862  -  MemoryUsage of job (MB)
	9074372  -  ResidentSetSize of job (KB)
...
006 (7187324.000.000) 08/28 18:40:47 Image size of job updated: 9462940
	9242  -  MemoryUsage of job (MB)
	9462940  -  ResidentSetSize of job (KB)
...
006 (7187324.000.000) 08/28 18:45:39 Image size of job updated: 9812928
	9242  -  MemoryUsage of job (MB)
	9462940  -  ResidentSetSize of job (KB)
...
040 (7187324.000.000) 08/28 18:45:42 Started transferring output files
...
040 (7187324.000.000) 08/28 18:45:42 Finished transferring output files
...
005 (7187324.000.000) 08/28 18:45:42 Job terminated.
	(1) Normal termination (return value 0)
		Usr 0 02:17:10, Sys 0 00:24:47  -  Run Remote Usage
		Usr 0 00:00:00, Sys 0 00:00:00  -  Run Local Usage
		Usr 0 02:17:10, Sys 0 00:24:47  -  Total Remote Usage
		Usr 0 00:00:00, Sys 0 00:00:00  -  Total Local Usage
	74111  -  Run Bytes Sent By Job
	2935  -  Run Bytes Received By Job
	74111  -  Total Bytes Sent By Job
	2935  -  Total Bytes Received By Job
	Partitionable Resources :      Usage  Request Allocated Assigned
	   Cpus                 :       1.00        1         1 
	   Disk (KB)            : 2243886           3   1458999 
	   Gpus (Average)       :       0.09        1         1 "GPU-8f5f97a2"
	   GpusMemory (MB)      :    6687                       
	   Memory (MB)          :    9242        2000      2000 

	Job terminated of its own accord at 2024-08-28T16:45:39Z with exit-code 0.
...
