000 (7187324.002.000) 08/26 07:57:04 Job submitted from host: <137.138.44.55:9618?addrs=137.138.44.55-9618+[2001-1458-d00-1a--48]-9618&alias=bigbird17.cern.ch&noUDP&sock=schedd_23962_8474>
...
040 (7187324.002.000) 08/28 15:52:21 Started transferring input files
	Transferring to host: <188.185.92.232:9618?addrs=188.185.92.232-9618+[2001-1458-d00-6c--100-141]-9618&alias=b9g57n3095.cern.ch&noUDP&sock=slot1_1_14562_ff09_110270>
...
040 (7187324.002.000) 08/28 15:52:21 Finished transferring input files
...
001 (7187324.002.000) 08/28 15:52:22 Job executing on host: <188.185.92.232:9618?addrs=188.185.92.232-9618+[2001-1458-d00-6c--100-141]-9618&alias=b9g57n3095.cern.ch&noUDP&sock=startd_13810_16fd>
	SlotName: slot1_1@b9g57n3095.cern.ch
	AvailableGPUs = { GPUs_GPU_9576d3f1 }
	CondorScratchDir = "/pool/condor/dir_423547"
	Cpus = 1
	Disk = 322213
	GPUs = 1
	GPUs_GPU_9576d3f1 = [ GlobalMemoryMb = 40326; MaxSupportedVersion = 12040; DriverVersion = 12.4; DeviceUuid = "9576d3f1-d05d-7c3b-136d-333dbbe9c5a1"; DeviceName = "NVIDIA A100-PCIE-40GB"; CoresPerCU = 64; ECCEnabled = true; ComputeUnits = 108; ClockMhz = 1410.0; Id = "GPU-9576d3f1"; DevicePciBusId = "0000:06:00.0"; Capability = 8.0 ]
	Memory = 2000
...
006 (7187324.002.000) 08/28 15:52:31 Image size of job updated: 1078080
	585  -  MemoryUsage of job (MB)
	598032  -  ResidentSetSize of job (KB)
...
006 (7187324.002.000) 08/28 15:57:31 Image size of job updated: 1416352
	871  -  MemoryUsage of job (MB)
	890960  -  ResidentSetSize of job (KB)
...
006 (7187324.002.000) 08/28 16:02:32 Image size of job updated: 1417496
	969  -  MemoryUsage of job (MB)
	991360  -  ResidentSetSize of job (KB)
...
006 (7187324.002.000) 08/28 16:07:32 Image size of job updated: 1705348
	1182  -  MemoryUsage of job (MB)
	1209832  -  ResidentSetSize of job (KB)
...
006 (7187324.002.000) 08/28 16:12:33 Image size of job updated: 1971380
	1859  -  MemoryUsage of job (MB)
	1903564  -  ResidentSetSize of job (KB)
...
006 (7187324.002.000) 08/28 16:17:33 Image size of job updated: 2241040
	2105  -  MemoryUsage of job (MB)
	2154616  -  ResidentSetSize of job (KB)
...
006 (7187324.002.000) 08/28 16:22:35 Image size of job updated: 2468868
	2115  -  MemoryUsage of job (MB)
	2165320  -  ResidentSetSize of job (KB)
...
006 (7187324.002.000) 08/28 16:27:35 Image size of job updated: 2722952
	2234  -  MemoryUsage of job (MB)
	2286792  -  ResidentSetSize of job (KB)
...
006 (7187324.002.000) 08/28 16:32:35 Image size of job updated: 2989952
	2908  -  MemoryUsage of job (MB)
	2976792  -  ResidentSetSize of job (KB)
...
006 (7187324.002.000) 08/28 16:37:36 Image size of job updated: 3220512
	2908  -  MemoryUsage of job (MB)
	2976792  -  ResidentSetSize of job (KB)
...
006 (7187324.002.000) 08/28 16:42:36 Image size of job updated: 3558188
	2959  -  MemoryUsage of job (MB)
	3029508  -  ResidentSetSize of job (KB)
...
006 (7187324.002.000) 08/28 16:47:37 Image size of job updated: 3732560
	3573  -  MemoryUsage of job (MB)
	3657768  -  ResidentSetSize of job (KB)
...
006 (7187324.002.000) 08/28 16:52:37 Image size of job updated: 3733536
	3641  -  MemoryUsage of job (MB)
	3727912  -  ResidentSetSize of job (KB)
...
006 (7187324.002.000) 08/28 16:57:38 Image size of job updated: 5898748
	4830  -  MemoryUsage of job (MB)
	4945260  -  ResidentSetSize of job (KB)
...
006 (7187324.002.000) 08/28 17:02:38 Image size of job updated: 6171996
	5677  -  MemoryUsage of job (MB)
	5812364  -  ResidentSetSize of job (KB)
...
006 (7187324.002.000) 08/28 17:07:39 Image size of job updated: 6334796
	5738  -  MemoryUsage of job (MB)
	5874884  -  ResidentSetSize of job (KB)
...
006 (7187324.002.000) 08/28 17:12:39 Image size of job updated: 6337276
	5738  -  MemoryUsage of job (MB)
	5874884  -  ResidentSetSize of job (KB)
...
006 (7187324.002.000) 08/28 17:17:39 Image size of job updated: 6461992
	5738  -  MemoryUsage of job (MB)
	5874884  -  ResidentSetSize of job (KB)
...
006 (7187324.002.000) 08/28 17:22:40 Image size of job updated: 6725480
	6184  -  MemoryUsage of job (MB)
	6332140  -  ResidentSetSize of job (KB)
...
006 (7187324.002.000) 08/28 17:27:40 Image size of job updated: 6885296
	6373  -  MemoryUsage of job (MB)
	6525840  -  ResidentSetSize of job (KB)
...
006 (7187324.002.000) 08/28 17:32:41 Image size of job updated: 7047884
	6560  -  MemoryUsage of job (MB)
	6716652  -  ResidentSetSize of job (KB)
...
006 (7187324.002.000) 08/28 17:37:41 Image size of job updated: 7239916
	6560  -  MemoryUsage of job (MB)
	6716652  -  ResidentSetSize of job (KB)
...
006 (7187324.002.000) 08/28 17:42:42 Image size of job updated: 7362076
	6560  -  MemoryUsage of job (MB)
	6716652  -  ResidentSetSize of job (KB)
...
006 (7187324.002.000) 08/28 17:47:42 Image size of job updated: 7568280
	6560  -  MemoryUsage of job (MB)
	6716652  -  ResidentSetSize of job (KB)
...
006 (7187324.002.000) 08/28 17:52:44 Image size of job updated: 7746440
	6560  -  MemoryUsage of job (MB)
	6716652  -  ResidentSetSize of job (KB)
...
006 (7187324.002.000) 08/28 17:57:44 Image size of job updated: 7988608
	7451  -  MemoryUsage of job (MB)
	7629800  -  ResidentSetSize of job (KB)
...
006 (7187324.002.000) 08/28 18:02:44 Image size of job updated: 8090440
	7451  -  MemoryUsage of job (MB)
	7629800  -  ResidentSetSize of job (KB)
...
006 (7187324.002.000) 08/28 18:07:45 Image size of job updated: 8280188
	8085  -  MemoryUsage of job (MB)
	8278140  -  ResidentSetSize of job (KB)
...
006 (7187324.002.000) 08/28 18:12:45 Image size of job updated: 8400864
	8085  -  MemoryUsage of job (MB)
	8278140  -  ResidentSetSize of job (KB)
...
006 (7187324.002.000) 08/28 18:17:46 Image size of job updated: 8566664
	8085  -  MemoryUsage of job (MB)
	8278140  -  ResidentSetSize of job (KB)
...
006 (7187324.002.000) 08/28 18:22:46 Image size of job updated: 8571576
	8085  -  MemoryUsage of job (MB)
	8278140  -  ResidentSetSize of job (KB)
...
006 (7187324.002.000) 08/28 18:27:47 Image size of job updated: 8631040
	8085  -  MemoryUsage of job (MB)
	8278140  -  ResidentSetSize of job (KB)
...
006 (7187324.002.000) 08/28 18:42:49 Image size of job updated: 10218852
	9980  -  MemoryUsage of job (MB)
	10218852  -  ResidentSetSize of job (KB)
...
006 (7187324.002.000) 08/28 18:47:49 Image size of job updated: 10621252
	10373  -  MemoryUsage of job (MB)
	10621252  -  ResidentSetSize of job (KB)
...
006 (7187324.002.000) 08/28 18:52:50 Image size of job updated: 11023684
	10766  -  MemoryUsage of job (MB)
	11023684  -  ResidentSetSize of job (KB)
...
006 (7187324.002.000) 08/28 18:57:50 Image size of job updated: 11424344
	11157  -  MemoryUsage of job (MB)
	11424344  -  ResidentSetSize of job (KB)
...
006 (7187324.002.000) 08/28 19:02:51 Image size of job updated: 11529940
	11157  -  MemoryUsage of job (MB)
	11424344  -  ResidentSetSize of job (KB)
...
040 (7187324.002.000) 08/28 19:05:38 Started transferring output files
...
040 (7187324.002.000) 08/28 19:05:38 Finished transferring output files
...
005 (7187324.002.000) 08/28 19:05:38 Job terminated.
	(1) Normal termination (return value 50)
		Usr 0 02:26:24, Sys 0 00:22:51  -  Run Remote Usage
		Usr 0 00:00:00, Sys 0 00:00:00  -  Run Local Usage
		Usr 0 02:26:24, Sys 0 00:22:51  -  Total Remote Usage
		Usr 0 00:00:00, Sys 0 00:00:00  -  Total Local Usage
	74155  -  Run Bytes Sent By Job
	2935  -  Run Bytes Received By Job
	74155  -  Total Bytes Sent By Job
	2935  -  Total Bytes Received By Job
	Partitionable Resources :      Usage  Request Allocated Assigned
	   Cpus                 :       1.00        1         1 
	   Disk (KB)            : 2243887           3    322213 
	   Gpus (Average)       :       0.08        1         1 "GPU-9576d3f1"
	   GpusMemory (MB)      :    6687                       
	   Memory (MB)          :   11157        2000      2000 

	Job terminated of its own accord at 2024-08-28T17:05:36Z with exit-code 50.
...
