000 (7216714.007.000) 09/18 03:05:26 Job submitted from host: <137.138.44.55:9618?addrs=137.138.44.55-9618+[2001-1458-d00-1a--48]-9618&alias=bigbird17.cern.ch&noUDP&sock=schedd_1981_6134>
...
040 (7216714.007.000) 09/18 03:55:02 Started transferring input files
	Transferring to host: <128.142.248.197:9618?addrs=128.142.248.197-9618+[2001-1458-301-73--100-c4]-9618&alias=b9g23p2961.cern.ch&noUDP&sock=slot1_47_2232953_240b_20031>
...
040 (7216714.007.000) 09/18 03:55:02 Finished transferring input files
...
001 (7216714.007.000) 09/18 03:55:03 Job executing on host: <128.142.248.197:9618?addrs=128.142.248.197-9618+[2001-1458-301-73--100-c4]-9618&alias=b9g23p2961.cern.ch&noUDP&sock=startd_5911_0866>
	SlotName: slot1_47@b9g23p2961.cern.ch
	CondorScratchDir = "/pool/condor/dir_622984"
	Cpus = 1
	Disk = 2978432
	Memory = 2000
...
006 (7216714.007.000) 09/18 03:55:12 Image size of job updated: 3
	0  -  MemoryUsage of job (MB)
	0  -  ResidentSetSize of job (KB)
...
006 (7216714.007.000) 09/18 04:00:13 Image size of job updated: 958200
	748  -  MemoryUsage of job (MB)
	765392  -  ResidentSetSize of job (KB)
...
006 (7216714.007.000) 09/18 04:05:13 Image size of job updated: 958200
	750  -  MemoryUsage of job (MB)
	767420  -  ResidentSetSize of job (KB)
...
006 (7216714.007.000) 09/18 04:10:14 Image size of job updated: 958200
	752  -  MemoryUsage of job (MB)
	769220  -  ResidentSetSize of job (KB)
...
006 (7216714.007.000) 09/18 04:15:15 Image size of job updated: 958200
	755  -  MemoryUsage of job (MB)
	772244  -  ResidentSetSize of job (KB)
...
006 (7216714.007.000) 09/18 04:20:15 Image size of job updated: 958200
	756  -  MemoryUsage of job (MB)
	773740  -  ResidentSetSize of job (KB)
...
006 (7216714.007.000) 09/18 04:25:16 Image size of job updated: 958200
	757  -  MemoryUsage of job (MB)
	774412  -  ResidentSetSize of job (KB)
...
006 (7216714.007.000) 09/18 04:30:17 Image size of job updated: 958200
	758  -  MemoryUsage of job (MB)
	775848  -  ResidentSetSize of job (KB)
...
006 (7216714.007.000) 09/18 04:35:17 Image size of job updated: 958200
	760  -  MemoryUsage of job (MB)
	777980  -  ResidentSetSize of job (KB)
...
006 (7216714.007.000) 09/18 05:35:22 Image size of job updated: 958200
	761  -  MemoryUsage of job (MB)
	779100  -  ResidentSetSize of job (KB)
...
006 (7216714.007.000) 09/18 05:40:22 Image size of job updated: 958200
	762  -  MemoryUsage of job (MB)
	780040  -  ResidentSetSize of job (KB)
...
006 (7216714.007.000) 09/18 05:45:22 Image size of job updated: 958200
	764  -  MemoryUsage of job (MB)
	781980  -  ResidentSetSize of job (KB)
...
006 (7216714.007.000) 09/18 05:50:23 Image size of job updated: 958200
	766  -  MemoryUsage of job (MB)
	783836  -  ResidentSetSize of job (KB)
...
006 (7216714.007.000) 09/18 05:55:24 Image size of job updated: 958200
	767  -  MemoryUsage of job (MB)
	784596  -  ResidentSetSize of job (KB)
...
006 (7216714.007.000) 09/18 06:00:24 Image size of job updated: 958200
	770  -  MemoryUsage of job (MB)
	788280  -  ResidentSetSize of job (KB)
...
006 (7216714.007.000) 09/18 06:05:25 Image size of job updated: 958200
	772  -  MemoryUsage of job (MB)
	790504  -  ResidentSetSize of job (KB)
...
006 (7216714.007.000) 09/18 06:10:26 Image size of job updated: 958200
	778  -  MemoryUsage of job (MB)
	796532  -  ResidentSetSize of job (KB)
...
006 (7216714.007.000) 09/18 06:15:26 Image size of job updated: 958200
	780  -  MemoryUsage of job (MB)
	798552  -  ResidentSetSize of job (KB)
...
006 (7216714.007.000) 09/18 06:20:27 Image size of job updated: 958200
	782  -  MemoryUsage of job (MB)
	800180  -  ResidentSetSize of job (KB)
...
006 (7216714.007.000) 09/18 06:30:28 Image size of job updated: 958200
	783  -  MemoryUsage of job (MB)
	801740  -  ResidentSetSize of job (KB)
...
006 (7216714.007.000) 09/18 06:35:29 Image size of job updated: 958200
	785  -  MemoryUsage of job (MB)
	803508  -  ResidentSetSize of job (KB)
...
006 (7216714.007.000) 09/18 06:40:30 Image size of job updated: 958200
	786  -  MemoryUsage of job (MB)
	804424  -  ResidentSetSize of job (KB)
...
006 (7216714.007.000) 09/18 06:45:30 Image size of job updated: 958200
	787  -  MemoryUsage of job (MB)
	805216  -  ResidentSetSize of job (KB)
...
006 (7216714.007.000) 09/18 06:50:31 Image size of job updated: 958200
	788  -  MemoryUsage of job (MB)
	806276  -  ResidentSetSize of job (KB)
...
006 (7216714.007.000) 09/18 06:55:31 Image size of job updated: 958200
	791  -  MemoryUsage of job (MB)
	809076  -  ResidentSetSize of job (KB)
...
006 (7216714.007.000) 09/18 07:00:32 Image size of job updated: 958200
	793  -  MemoryUsage of job (MB)
	811420  -  ResidentSetSize of job (KB)
...
006 (7216714.007.000) 09/18 07:05:32 Image size of job updated: 958200
	793  -  MemoryUsage of job (MB)
	811456  -  ResidentSetSize of job (KB)
...
006 (7216714.007.000) 09/18 07:10:33 Image size of job updated: 958200
	795  -  MemoryUsage of job (MB)
	813488  -  ResidentSetSize of job (KB)
...
006 (7216714.007.000) 09/18 07:15:33 Image size of job updated: 958200
	799  -  MemoryUsage of job (MB)
	817628  -  ResidentSetSize of job (KB)
...
006 (7216714.007.000) 09/18 07:20:33 Image size of job updated: 958200
	800  -  MemoryUsage of job (MB)
	819128  -  ResidentSetSize of job (KB)
...
006 (7216714.007.000) 09/18 07:25:33 Image size of job updated: 958200
	804  -  MemoryUsage of job (MB)
	822664  -  ResidentSetSize of job (KB)
...
006 (7216714.007.000) 09/18 07:30:34 Image size of job updated: 958200
	807  -  MemoryUsage of job (MB)
	825416  -  ResidentSetSize of job (KB)
...
006 (7216714.007.000) 09/18 07:35:34 Image size of job updated: 958200
	808  -  MemoryUsage of job (MB)
	826832  -  ResidentSetSize of job (KB)
...
006 (7216714.007.000) 09/18 07:40:34 Image size of job updated: 958200
	814  -  MemoryUsage of job (MB)
	833056  -  ResidentSetSize of job (KB)
...
006 (7216714.007.000) 09/18 07:45:35 Image size of job updated: 958200
	815  -  MemoryUsage of job (MB)
	834000  -  ResidentSetSize of job (KB)
...
006 (7216714.007.000) 09/18 08:05:37 Image size of job updated: 958200
	817  -  MemoryUsage of job (MB)
	835748  -  ResidentSetSize of job (KB)
...
006 (7216714.007.000) 09/18 08:10:37 Image size of job updated: 958200
	818  -  MemoryUsage of job (MB)
	837356  -  ResidentSetSize of job (KB)
...
006 (7216714.007.000) 09/18 08:15:38 Image size of job updated: 958200
	820  -  MemoryUsage of job (MB)
	839128  -  ResidentSetSize of job (KB)
...
006 (7216714.007.000) 09/18 08:20:39 Image size of job updated: 958200
	822  -  MemoryUsage of job (MB)
	841032  -  ResidentSetSize of job (KB)
...
006 (7216714.007.000) 09/18 08:25:39 Image size of job updated: 958200
	824  -  MemoryUsage of job (MB)
	842920  -  ResidentSetSize of job (KB)
...
006 (7216714.007.000) 09/18 08:30:40 Image size of job updated: 958200
	826  -  MemoryUsage of job (MB)
	845048  -  ResidentSetSize of job (KB)
...
006 (7216714.007.000) 09/18 08:35:41 Image size of job updated: 958200
	828  -  MemoryUsage of job (MB)
	847472  -  ResidentSetSize of job (KB)
...
006 (7216714.007.000) 09/18 08:40:41 Image size of job updated: 958200
	829  -  MemoryUsage of job (MB)
	847924  -  ResidentSetSize of job (KB)
...
006 (7216714.007.000) 09/18 08:45:42 Image size of job updated: 958200
	831  -  MemoryUsage of job (MB)
	850336  -  ResidentSetSize of job (KB)
...
006 (7216714.007.000) 09/18 08:50:42 Image size of job updated: 958200
	832  -  MemoryUsage of job (MB)
	851888  -  ResidentSetSize of job (KB)
...
006 (7216714.007.000) 09/18 08:55:43 Image size of job updated: 958200
	834  -  MemoryUsage of job (MB)
	853616  -  ResidentSetSize of job (KB)
...
006 (7216714.007.000) 09/18 09:00:43 Image size of job updated: 958200
	835  -  MemoryUsage of job (MB)
	854452  -  ResidentSetSize of job (KB)
...
006 (7216714.007.000) 09/18 09:05:43 Image size of job updated: 958200
	836  -  MemoryUsage of job (MB)
	855528  -  ResidentSetSize of job (KB)
...
006 (7216714.007.000) 09/18 09:10:44 Image size of job updated: 958200
	837  -  MemoryUsage of job (MB)
	856576  -  ResidentSetSize of job (KB)
...
006 (7216714.007.000) 09/18 09:15:45 Image size of job updated: 958200
	839  -  MemoryUsage of job (MB)
	858496  -  ResidentSetSize of job (KB)
...
006 (7216714.007.000) 09/18 09:25:46 Image size of job updated: 958200
	842  -  MemoryUsage of job (MB)
	861860  -  ResidentSetSize of job (KB)
...
006 (7216714.007.000) 09/18 09:30:47 Image size of job updated: 958200
	843  -  MemoryUsage of job (MB)
	863136  -  ResidentSetSize of job (KB)
...
006 (7216714.007.000) 09/18 09:35:47 Image size of job updated: 958200
	845  -  MemoryUsage of job (MB)
	864684  -  ResidentSetSize of job (KB)
...
006 (7216714.007.000) 09/18 09:40:48 Image size of job updated: 958200
	845  -  MemoryUsage of job (MB)
	865044  -  ResidentSetSize of job (KB)
...
006 (7216714.007.000) 09/18 09:45:49 Image size of job updated: 958200
	847  -  MemoryUsage of job (MB)
	867148  -  ResidentSetSize of job (KB)
...
006 (7216714.007.000) 09/18 09:50:49 Image size of job updated: 958200
	849  -  MemoryUsage of job (MB)
	868412  -  ResidentSetSize of job (KB)
...
006 (7216714.007.000) 09/18 09:55:50 Image size of job updated: 958200
	849  -  MemoryUsage of job (MB)
	868624  -  ResidentSetSize of job (KB)
...
006 (7216714.007.000) 09/18 10:00:51 Image size of job updated: 958200
	851  -  MemoryUsage of job (MB)
	870472  -  ResidentSetSize of job (KB)
...
006 (7216714.007.000) 09/18 10:05:51 Image size of job updated: 958200
	852  -  MemoryUsage of job (MB)
	872044  -  ResidentSetSize of job (KB)
...
006 (7216714.007.000) 09/18 10:10:52 Image size of job updated: 958200
	854  -  MemoryUsage of job (MB)
	873776  -  ResidentSetSize of job (KB)
...
006 (7216714.007.000) 09/18 10:15:52 Image size of job updated: 958200
	855  -  MemoryUsage of job (MB)
	875012  -  ResidentSetSize of job (KB)
...
006 (7216714.007.000) 09/18 10:20:53 Image size of job updated: 958200
	855  -  MemoryUsage of job (MB)
	875052  -  ResidentSetSize of job (KB)
...
006 (7216714.007.000) 09/18 10:25:53 Image size of job updated: 958200
	858  -  MemoryUsage of job (MB)
	877664  -  ResidentSetSize of job (KB)
...
006 (7216714.007.000) 09/18 10:30:53 Image size of job updated: 958200
	858  -  MemoryUsage of job (MB)
	878368  -  ResidentSetSize of job (KB)
...
006 (7216714.007.000) 09/18 10:35:54 Image size of job updated: 958200
	859  -  MemoryUsage of job (MB)
	879296  -  ResidentSetSize of job (KB)
...
006 (7216714.007.000) 09/18 10:40:54 Image size of job updated: 958200
	861  -  MemoryUsage of job (MB)
	880672  -  ResidentSetSize of job (KB)
...
006 (7216714.007.000) 09/18 10:45:54 Image size of job updated: 958200
	861  -  MemoryUsage of job (MB)
	881404  -  ResidentSetSize of job (KB)
...
006 (7216714.007.000) 09/18 10:50:55 Image size of job updated: 958200
	862  -  MemoryUsage of job (MB)
	882120  -  ResidentSetSize of job (KB)
...
006 (7216714.007.000) 09/18 10:55:55 Image size of job updated: 958200
	864  -  MemoryUsage of job (MB)
	883888  -  ResidentSetSize of job (KB)
...
006 (7216714.007.000) 09/18 11:00:55 Image size of job updated: 958200
	866  -  MemoryUsage of job (MB)
	885844  -  ResidentSetSize of job (KB)
...
006 (7216714.007.000) 09/18 11:05:56 Image size of job updated: 958200
	868  -  MemoryUsage of job (MB)
	888124  -  ResidentSetSize of job (KB)
...
006 (7216714.007.000) 09/18 11:10:56 Image size of job updated: 958200
	868  -  MemoryUsage of job (MB)
	888524  -  ResidentSetSize of job (KB)
...
006 (7216714.007.000) 09/18 11:15:56 Image size of job updated: 958200
	870  -  MemoryUsage of job (MB)
	890668  -  ResidentSetSize of job (KB)
...
006 (7216714.007.000) 09/18 11:20:57 Image size of job updated: 958200
	873  -  MemoryUsage of job (MB)
	893912  -  ResidentSetSize of job (KB)
...
006 (7216714.007.000) 09/18 11:30:57 Image size of job updated: 958200
	874  -  MemoryUsage of job (MB)
	894384  -  ResidentSetSize of job (KB)
...
006 (7216714.007.000) 09/18 11:35:58 Image size of job updated: 958200
	875  -  MemoryUsage of job (MB)
	895284  -  ResidentSetSize of job (KB)
...
006 (7216714.007.000) 09/18 11:40:59 Image size of job updated: 958200
	876  -  MemoryUsage of job (MB)
	896060  -  ResidentSetSize of job (KB)
...
006 (7216714.007.000) 09/18 11:45:59 Image size of job updated: 958200
	877  -  MemoryUsage of job (MB)
	897632  -  ResidentSetSize of job (KB)
...
006 (7216714.007.000) 09/18 11:51:00 Image size of job updated: 958200
	877  -  MemoryUsage of job (MB)
	898008  -  ResidentSetSize of job (KB)
...
006 (7216714.007.000) 09/18 11:56:01 Image size of job updated: 958200
	880  -  MemoryUsage of job (MB)
	900104  -  ResidentSetSize of job (KB)
...
006 (7216714.007.000) 09/18 12:01:01 Image size of job updated: 958200
	881  -  MemoryUsage of job (MB)
	901220  -  ResidentSetSize of job (KB)
...
006 (7216714.007.000) 09/18 12:06:02 Image size of job updated: 958200
	881  -  MemoryUsage of job (MB)
	901580  -  ResidentSetSize of job (KB)
...
006 (7216714.007.000) 09/18 12:11:02 Image size of job updated: 958200
	882  -  MemoryUsage of job (MB)
	902688  -  ResidentSetSize of job (KB)
...
006 (7216714.007.000) 09/18 12:16:02 Image size of job updated: 958200
	883  -  MemoryUsage of job (MB)
	903172  -  ResidentSetSize of job (KB)
...
006 (7216714.007.000) 09/18 12:26:03 Image size of job updated: 958200
	885  -  MemoryUsage of job (MB)
	906184  -  ResidentSetSize of job (KB)
...
006 (7216714.007.000) 09/18 12:31:03 Image size of job updated: 958200
	886  -  MemoryUsage of job (MB)
	907016  -  ResidentSetSize of job (KB)
...
006 (7216714.007.000) 09/18 12:36:03 Image size of job updated: 958200
	887  -  MemoryUsage of job (MB)
	908032  -  ResidentSetSize of job (KB)
...
006 (7216714.007.000) 09/18 12:41:04 Image size of job updated: 958200
	889  -  MemoryUsage of job (MB)
	909912  -  ResidentSetSize of job (KB)
...
006 (7216714.007.000) 09/18 12:46:04 Image size of job updated: 958200
	891  -  MemoryUsage of job (MB)
	911896  -  ResidentSetSize of job (KB)
...
006 (7216714.007.000) 09/18 12:51:05 Image size of job updated: 958200
	891  -  MemoryUsage of job (MB)
	912224  -  ResidentSetSize of job (KB)
...
006 (7216714.007.000) 09/18 12:56:06 Image size of job updated: 958200
	893  -  MemoryUsage of job (MB)
	913544  -  ResidentSetSize of job (KB)
...
006 (7216714.007.000) 09/18 13:01:06 Image size of job updated: 958200
	894  -  MemoryUsage of job (MB)
	914616  -  ResidentSetSize of job (KB)
...
006 (7216714.007.000) 09/18 13:06:07 Image size of job updated: 958200
	895  -  MemoryUsage of job (MB)
	915600  -  ResidentSetSize of job (KB)
...
006 (7216714.007.000) 09/18 13:11:08 Image size of job updated: 958200
	897  -  MemoryUsage of job (MB)
	917580  -  ResidentSetSize of job (KB)
...
006 (7216714.007.000) 09/18 13:16:08 Image size of job updated: 958200
	897  -  MemoryUsage of job (MB)
	918252  -  ResidentSetSize of job (KB)
...
006 (7216714.007.000) 09/18 13:21:08 Image size of job updated: 958200
	899  -  MemoryUsage of job (MB)
	919772  -  ResidentSetSize of job (KB)
...
006 (7216714.007.000) 09/18 13:26:08 Image size of job updated: 958200
	900  -  MemoryUsage of job (MB)
	920716  -  ResidentSetSize of job (KB)
...
006 (7216714.007.000) 09/18 13:31:09 Image size of job updated: 958200
	901  -  MemoryUsage of job (MB)
	921768  -  ResidentSetSize of job (KB)
...
006 (7216714.007.000) 09/18 13:36:10 Image size of job updated: 958200
	901  -  MemoryUsage of job (MB)
	922328  -  ResidentSetSize of job (KB)
...
006 (7216714.007.000) 09/18 13:41:10 Image size of job updated: 958200
	902  -  MemoryUsage of job (MB)
	923464  -  ResidentSetSize of job (KB)
...
006 (7216714.007.000) 09/18 13:46:11 Image size of job updated: 958200
	903  -  MemoryUsage of job (MB)
	923964  -  ResidentSetSize of job (KB)
...
006 (7216714.007.000) 09/18 13:51:12 Image size of job updated: 958200
	903  -  MemoryUsage of job (MB)
	924420  -  ResidentSetSize of job (KB)
...
006 (7216714.007.000) 09/18 13:56:12 Image size of job updated: 958200
	904  -  MemoryUsage of job (MB)
	924980  -  ResidentSetSize of job (KB)
...
006 (7216714.007.000) 09/18 14:01:13 Image size of job updated: 958200
	904  -  MemoryUsage of job (MB)
	925356  -  ResidentSetSize of job (KB)
...
006 (7216714.007.000) 09/18 14:06:14 Image size of job updated: 958200
	905  -  MemoryUsage of job (MB)
	926348  -  ResidentSetSize of job (KB)
...
006 (7216714.007.000) 09/18 14:11:14 Image size of job updated: 958200
	906  -  MemoryUsage of job (MB)
	926888  -  ResidentSetSize of job (KB)
...
006 (7216714.007.000) 09/18 14:16:15 Image size of job updated: 958200
	907  -  MemoryUsage of job (MB)
	927912  -  ResidentSetSize of job (KB)
...
006 (7216714.007.000) 09/18 20:18:18 Image size of job updated: 4556148
	1331  -  MemoryUsage of job (MB)
	1362768  -  ResidentSetSize of job (KB)
...
040 (7216714.007.000) 09/18 20:18:18 Started transferring output files
...
040 (7216714.007.000) 09/18 20:18:18 Finished transferring output files
...
005 (7216714.007.000) 09/18 20:18:18 Job terminated.
	(1) Normal termination (return value 50)
		Usr 0 15:38:58, Sys 0 00:03:40  -  Run Remote Usage
		Usr 0 00:00:00, Sys 0 00:00:00  -  Run Local Usage
		Usr 0 15:38:58, Sys 0 00:03:40  -  Total Remote Usage
		Usr 0 00:00:00, Sys 0 00:00:00  -  Total Local Usage
	13896  -  Run Bytes Sent By Job
	2981  -  Run Bytes Received By Job
	13896  -  Total Bytes Sent By Job
	2981  -  Total Bytes Received By Job
	Partitionable Resources :     Usage  Request Allocated 
	   Cpus                 :      0.97        1         1 
	   Disk (KB)            : 746879           3   2978432 
	   Memory (MB)          :   1331        2000      2000 

	Job terminated of its own accord at 2024-09-18T18:18:18Z with exit-code 50.
...
