000 (7216714.002.000) 09/18 03:05:26 Job submitted from host: <137.138.44.55:9618?addrs=137.138.44.55-9618+[2001-1458-d00-1a--48]-9618&alias=bigbird17.cern.ch&noUDP&sock=schedd_1981_6134>
...
040 (7216714.002.000) 09/18 03:35:38 Entered queue to transfer input files
	Transferring to host: <128.142.248.214:9618?addrs=128.142.248.214-9618+[2001-1458-301-73--100-d5]-9618&alias=b9g23p2447.cern.ch&noUDP&sock=slot1_44_1211864_9179_18278>
...
040 (7216714.002.000) 09/18 03:51:42 Started transferring input files
	Seconds spent in queue: 964
...
040 (7216714.002.000) 09/18 03:51:42 Finished transferring input files
...
001 (7216714.002.000) 09/18 03:51:43 Job executing on host: <128.142.248.214:9618?addrs=128.142.248.214-9618+[2001-1458-301-73--100-d5]-9618&alias=b9g23p2447.cern.ch&noUDP&sock=startd_7869_0ed6>
	SlotName: slot1_44@b9g23p2447.cern.ch
	CondorScratchDir = "/pool/condor/dir_2043064"
	Cpus = 1
	Disk = 3041874
	Memory = 2000
...
006 (7216714.002.000) 09/18 03:51:52 Image size of job updated: 3
	0  -  MemoryUsage of job (MB)
	0  -  ResidentSetSize of job (KB)
...
006 (7216714.002.000) 09/18 03:56:52 Image size of job updated: 958284
	728  -  MemoryUsage of job (MB)
	744620  -  ResidentSetSize of job (KB)
...
006 (7216714.002.000) 09/18 04:01:52 Image size of job updated: 958284
	732  -  MemoryUsage of job (MB)
	748992  -  ResidentSetSize of job (KB)
...
006 (7216714.002.000) 09/18 04:06:52 Image size of job updated: 958284
	733  -  MemoryUsage of job (MB)
	750592  -  ResidentSetSize of job (KB)
...
006 (7216714.002.000) 09/18 04:11:53 Image size of job updated: 958284
	736  -  MemoryUsage of job (MB)
	753384  -  ResidentSetSize of job (KB)
...
006 (7216714.002.000) 09/18 04:16:54 Image size of job updated: 958284
	738  -  MemoryUsage of job (MB)
	754896  -  ResidentSetSize of job (KB)
...
006 (7216714.002.000) 09/18 04:21:54 Image size of job updated: 958284
	738  -  MemoryUsage of job (MB)
	755700  -  ResidentSetSize of job (KB)
...
006 (7216714.002.000) 09/18 04:26:55 Image size of job updated: 958284
	741  -  MemoryUsage of job (MB)
	758308  -  ResidentSetSize of job (KB)
...
006 (7216714.002.000) 09/18 04:31:56 Image size of job updated: 958284
	742  -  MemoryUsage of job (MB)
	759256  -  ResidentSetSize of job (KB)
...
006 (7216714.002.000) 09/18 04:36:56 Image size of job updated: 958284
	743  -  MemoryUsage of job (MB)
	760420  -  ResidentSetSize of job (KB)
...
006 (7216714.002.000) 09/18 04:41:57 Image size of job updated: 958284
	744  -  MemoryUsage of job (MB)
	761316  -  ResidentSetSize of job (KB)
...
006 (7216714.002.000) 09/18 04:46:58 Image size of job updated: 958284
	745  -  MemoryUsage of job (MB)
	762552  -  ResidentSetSize of job (KB)
...
006 (7216714.002.000) 09/18 04:51:58 Image size of job updated: 958284
	746  -  MemoryUsage of job (MB)
	763696  -  ResidentSetSize of job (KB)
...
006 (7216714.002.000) 09/18 04:56:59 Image size of job updated: 958284
	747  -  MemoryUsage of job (MB)
	764520  -  ResidentSetSize of job (KB)
...
006 (7216714.002.000) 09/18 05:02:00 Image size of job updated: 958284
	748  -  MemoryUsage of job (MB)
	765460  -  ResidentSetSize of job (KB)
...
006 (7216714.002.000) 09/18 05:07:00 Image size of job updated: 958284
	750  -  MemoryUsage of job (MB)
	767036  -  ResidentSetSize of job (KB)
...
006 (7216714.002.000) 09/18 05:12:01 Image size of job updated: 958284
	750  -  MemoryUsage of job (MB)
	767900  -  ResidentSetSize of job (KB)
...
006 (7216714.002.000) 09/18 05:17:01 Image size of job updated: 958284
	751  -  MemoryUsage of job (MB)
	768624  -  ResidentSetSize of job (KB)
...
006 (7216714.002.000) 09/18 05:22:02 Image size of job updated: 958284
	752  -  MemoryUsage of job (MB)
	769588  -  ResidentSetSize of job (KB)
...
006 (7216714.002.000) 09/18 05:27:03 Image size of job updated: 958284
	752  -  MemoryUsage of job (MB)
	769656  -  ResidentSetSize of job (KB)
...
006 (7216714.002.000) 09/18 05:32:03 Image size of job updated: 958284
	755  -  MemoryUsage of job (MB)
	772760  -  ResidentSetSize of job (KB)
...
006 (7216714.002.000) 09/18 05:37:03 Image size of job updated: 958284
	757  -  MemoryUsage of job (MB)
	774356  -  ResidentSetSize of job (KB)
...
006 (7216714.002.000) 09/18 05:42:03 Image size of job updated: 958284
	759  -  MemoryUsage of job (MB)
	776980  -  ResidentSetSize of job (KB)
...
006 (7216714.002.000) 09/18 05:47:04 Image size of job updated: 958284
	761  -  MemoryUsage of job (MB)
	778848  -  ResidentSetSize of job (KB)
...
006 (7216714.002.000) 09/18 05:52:04 Image size of job updated: 958284
	762  -  MemoryUsage of job (MB)
	779564  -  ResidentSetSize of job (KB)
...
006 (7216714.002.000) 09/18 05:57:04 Image size of job updated: 958284
	763  -  MemoryUsage of job (MB)
	780696  -  ResidentSetSize of job (KB)
...
006 (7216714.002.000) 09/18 06:02:05 Image size of job updated: 958284
	765  -  MemoryUsage of job (MB)
	782832  -  ResidentSetSize of job (KB)
...
006 (7216714.002.000) 09/18 06:07:06 Image size of job updated: 958284
	767  -  MemoryUsage of job (MB)
	785200  -  ResidentSetSize of job (KB)
...
006 (7216714.002.000) 09/18 06:12:06 Image size of job updated: 958284
	768  -  MemoryUsage of job (MB)
	786008  -  ResidentSetSize of job (KB)
...
006 (7216714.002.000) 09/18 06:17:07 Image size of job updated: 958284
	769  -  MemoryUsage of job (MB)
	787092  -  ResidentSetSize of job (KB)
...
006 (7216714.002.000) 09/18 06:22:08 Image size of job updated: 958284
	770  -  MemoryUsage of job (MB)
	787980  -  ResidentSetSize of job (KB)
...
006 (7216714.002.000) 09/18 06:27:08 Image size of job updated: 958284
	772  -  MemoryUsage of job (MB)
	789928  -  ResidentSetSize of job (KB)
...
006 (7216714.002.000) 09/18 06:32:08 Image size of job updated: 958284
	774  -  MemoryUsage of job (MB)
	791900  -  ResidentSetSize of job (KB)
...
006 (7216714.002.000) 09/18 06:37:08 Image size of job updated: 958284
	775  -  MemoryUsage of job (MB)
	792956  -  ResidentSetSize of job (KB)
...
006 (7216714.002.000) 09/18 06:42:09 Image size of job updated: 958284
	776  -  MemoryUsage of job (MB)
	793624  -  ResidentSetSize of job (KB)
...
006 (7216714.002.000) 09/18 06:47:10 Image size of job updated: 958284
	776  -  MemoryUsage of job (MB)
	794476  -  ResidentSetSize of job (KB)
...
006 (7216714.002.000) 09/18 06:52:10 Image size of job updated: 958284
	779  -  MemoryUsage of job (MB)
	797244  -  ResidentSetSize of job (KB)
...
006 (7216714.002.000) 09/18 06:57:11 Image size of job updated: 958284
	781  -  MemoryUsage of job (MB)
	799632  -  ResidentSetSize of job (KB)
...
006 (7216714.002.000) 09/18 07:02:12 Image size of job updated: 958284
	784  -  MemoryUsage of job (MB)
	802312  -  ResidentSetSize of job (KB)
...
006 (7216714.002.000) 09/18 07:07:12 Image size of job updated: 958284
	786  -  MemoryUsage of job (MB)
	804576  -  ResidentSetSize of job (KB)
...
006 (7216714.002.000) 09/18 07:12:13 Image size of job updated: 958284
	790  -  MemoryUsage of job (MB)
	808468  -  ResidentSetSize of job (KB)
...
006 (7216714.002.000) 09/18 07:17:13 Image size of job updated: 958284
	792  -  MemoryUsage of job (MB)
	810248  -  ResidentSetSize of job (KB)
...
006 (7216714.002.000) 09/18 07:22:14 Image size of job updated: 958284
	795  -  MemoryUsage of job (MB)
	813528  -  ResidentSetSize of job (KB)
...
006 (7216714.002.000) 09/18 07:27:14 Image size of job updated: 958284
	798  -  MemoryUsage of job (MB)
	816332  -  ResidentSetSize of job (KB)
...
006 (7216714.002.000) 09/18 07:32:14 Image size of job updated: 958284
	799  -  MemoryUsage of job (MB)
	817720  -  ResidentSetSize of job (KB)
...
006 (7216714.002.000) 09/18 07:37:15 Image size of job updated: 958284
	801  -  MemoryUsage of job (MB)
	820212  -  ResidentSetSize of job (KB)
...
006 (7216714.002.000) 09/18 07:42:16 Image size of job updated: 958284
	802  -  MemoryUsage of job (MB)
	821240  -  ResidentSetSize of job (KB)
...
006 (7216714.002.000) 09/18 07:47:16 Image size of job updated: 958284
	803  -  MemoryUsage of job (MB)
	821596  -  ResidentSetSize of job (KB)
...
006 (7216714.002.000) 09/18 07:52:17 Image size of job updated: 958284
	804  -  MemoryUsage of job (MB)
	823220  -  ResidentSetSize of job (KB)
...
006 (7216714.002.000) 09/18 07:57:18 Image size of job updated: 958284
	805  -  MemoryUsage of job (MB)
	824316  -  ResidentSetSize of job (KB)
...
006 (7216714.002.000) 09/18 08:02:18 Image size of job updated: 958284
	808  -  MemoryUsage of job (MB)
	826852  -  ResidentSetSize of job (KB)
...
006 (7216714.002.000) 09/18 08:07:19 Image size of job updated: 958284
	809  -  MemoryUsage of job (MB)
	828204  -  ResidentSetSize of job (KB)
...
006 (7216714.002.000) 09/18 08:12:20 Image size of job updated: 958284
	812  -  MemoryUsage of job (MB)
	830896  -  ResidentSetSize of job (KB)
...
006 (7216714.002.000) 09/18 08:17:20 Image size of job updated: 958284
	813  -  MemoryUsage of job (MB)
	832208  -  ResidentSetSize of job (KB)
...
006 (7216714.002.000) 09/18 08:22:20 Image size of job updated: 958284
	815  -  MemoryUsage of job (MB)
	834024  -  ResidentSetSize of job (KB)
...
006 (7216714.002.000) 09/18 08:27:20 Image size of job updated: 958284
	817  -  MemoryUsage of job (MB)
	836156  -  ResidentSetSize of job (KB)
...
006 (7216714.002.000) 09/18 08:32:21 Image size of job updated: 958284
	819  -  MemoryUsage of job (MB)
	838636  -  ResidentSetSize of job (KB)
...
006 (7216714.002.000) 09/18 08:37:21 Image size of job updated: 958284
	820  -  MemoryUsage of job (MB)
	838876  -  ResidentSetSize of job (KB)
...
006 (7216714.002.000) 09/18 08:42:21 Image size of job updated: 958284
	823  -  MemoryUsage of job (MB)
	841808  -  ResidentSetSize of job (KB)
...
006 (7216714.002.000) 09/18 08:47:22 Image size of job updated: 958284
	824  -  MemoryUsage of job (MB)
	843456  -  ResidentSetSize of job (KB)
...
006 (7216714.002.000) 09/18 08:52:23 Image size of job updated: 958284
	825  -  MemoryUsage of job (MB)
	844468  -  ResidentSetSize of job (KB)
...
006 (7216714.002.000) 09/18 08:57:23 Image size of job updated: 958284
	826  -  MemoryUsage of job (MB)
	845384  -  ResidentSetSize of job (KB)
...
006 (7216714.002.000) 09/18 09:02:23 Image size of job updated: 958284
	827  -  MemoryUsage of job (MB)
	846644  -  ResidentSetSize of job (KB)
...
006 (7216714.002.000) 09/18 09:07:23 Image size of job updated: 958284
	829  -  MemoryUsage of job (MB)
	848064  -  ResidentSetSize of job (KB)
...
006 (7216714.002.000) 09/18 09:12:24 Image size of job updated: 958284
	831  -  MemoryUsage of job (MB)
	850056  -  ResidentSetSize of job (KB)
...
006 (7216714.002.000) 09/18 09:17:24 Image size of job updated: 958284
	832  -  MemoryUsage of job (MB)
	851744  -  ResidentSetSize of job (KB)
...
006 (7216714.002.000) 09/18 09:22:24 Image size of job updated: 958284
	833  -  MemoryUsage of job (MB)
	852688  -  ResidentSetSize of job (KB)
...
006 (7216714.002.000) 09/18 09:27:25 Image size of job updated: 958284
	835  -  MemoryUsage of job (MB)
	854708  -  ResidentSetSize of job (KB)
...
006 (7216714.002.000) 09/18 09:32:26 Image size of job updated: 958284
	836  -  MemoryUsage of job (MB)
	855532  -  ResidentSetSize of job (KB)
...
006 (7216714.002.000) 09/18 09:37:26 Image size of job updated: 958284
	838  -  MemoryUsage of job (MB)
	857288  -  ResidentSetSize of job (KB)
...
006 (7216714.002.000) 09/18 09:42:27 Image size of job updated: 958284
	839  -  MemoryUsage of job (MB)
	858584  -  ResidentSetSize of job (KB)
...
006 (7216714.002.000) 09/18 09:47:27 Image size of job updated: 958284
	840  -  MemoryUsage of job (MB)
	859296  -  ResidentSetSize of job (KB)
...
006 (7216714.002.000) 09/18 09:52:28 Image size of job updated: 958284
	841  -  MemoryUsage of job (MB)
	860356  -  ResidentSetSize of job (KB)
...
006 (7216714.002.000) 09/18 09:57:29 Image size of job updated: 958284
	842  -  MemoryUsage of job (MB)
	862156  -  ResidentSetSize of job (KB)
...
006 (7216714.002.000) 09/18 10:02:29 Image size of job updated: 958284
	843  -  MemoryUsage of job (MB)
	863164  -  ResidentSetSize of job (KB)
...
006 (7216714.002.000) 09/18 10:07:30 Image size of job updated: 958284
	845  -  MemoryUsage of job (MB)
	864920  -  ResidentSetSize of job (KB)
...
006 (7216714.002.000) 09/18 10:12:31 Image size of job updated: 958284
	846  -  MemoryUsage of job (MB)
	866188  -  ResidentSetSize of job (KB)
...
006 (7216714.002.000) 09/18 10:17:31 Image size of job updated: 958284
	847  -  MemoryUsage of job (MB)
	866984  -  ResidentSetSize of job (KB)
...
006 (7216714.002.000) 09/18 10:22:32 Image size of job updated: 958284
	849  -  MemoryUsage of job (MB)
	868704  -  ResidentSetSize of job (KB)
...
006 (7216714.002.000) 09/18 10:27:32 Image size of job updated: 958284
	850  -  MemoryUsage of job (MB)
	869676  -  ResidentSetSize of job (KB)
...
006 (7216714.002.000) 09/18 10:32:33 Image size of job updated: 958284
	850  -  MemoryUsage of job (MB)
	870372  -  ResidentSetSize of job (KB)
...
006 (7216714.002.000) 09/18 10:37:33 Image size of job updated: 958284
	852  -  MemoryUsage of job (MB)
	871932  -  ResidentSetSize of job (KB)
...
006 (7216714.002.000) 09/18 10:42:33 Image size of job updated: 958284
	853  -  MemoryUsage of job (MB)
	872560  -  ResidentSetSize of job (KB)
...
006 (7216714.002.000) 09/18 10:47:34 Image size of job updated: 958284
	853  -  MemoryUsage of job (MB)
	873376  -  ResidentSetSize of job (KB)
...
006 (7216714.002.000) 09/18 10:52:35 Image size of job updated: 958284
	856  -  MemoryUsage of job (MB)
	875736  -  ResidentSetSize of job (KB)
...
006 (7216714.002.000) 09/18 10:57:35 Image size of job updated: 958284
	858  -  MemoryUsage of job (MB)
	878424  -  ResidentSetSize of job (KB)
...
006 (7216714.002.000) 09/18 11:02:36 Image size of job updated: 958284
	859  -  MemoryUsage of job (MB)
	879140  -  ResidentSetSize of job (KB)
...
006 (7216714.002.000) 09/18 11:07:37 Image size of job updated: 958284
	860  -  MemoryUsage of job (MB)
	879868  -  ResidentSetSize of job (KB)
...
006 (7216714.002.000) 09/18 11:12:37 Image size of job updated: 958284
	862  -  MemoryUsage of job (MB)
	881912  -  ResidentSetSize of job (KB)
...
006 (7216714.002.000) 09/18 11:17:38 Image size of job updated: 958284
	863  -  MemoryUsage of job (MB)
	882992  -  ResidentSetSize of job (KB)
...
006 (7216714.002.000) 09/18 11:22:38 Image size of job updated: 958284
	864  -  MemoryUsage of job (MB)
	884504  -  ResidentSetSize of job (KB)
...
006 (7216714.002.000) 09/18 11:27:39 Image size of job updated: 958284
	865  -  MemoryUsage of job (MB)
	885732  -  ResidentSetSize of job (KB)
...
006 (7216714.002.000) 09/18 11:32:39 Image size of job updated: 958284
	866  -  MemoryUsage of job (MB)
	886364  -  ResidentSetSize of job (KB)
...
006 (7216714.002.000) 09/18 11:42:40 Image size of job updated: 958284
	868  -  MemoryUsage of job (MB)
	888736  -  ResidentSetSize of job (KB)
...
006 (7216714.002.000) 09/18 11:47:40 Image size of job updated: 958284
	870  -  MemoryUsage of job (MB)
	890068  -  ResidentSetSize of job (KB)
...
006 (7216714.002.000) 09/18 11:52:41 Image size of job updated: 958284
	871  -  MemoryUsage of job (MB)
	890980  -  ResidentSetSize of job (KB)
...
006 (7216714.002.000) 09/18 11:57:41 Image size of job updated: 958284
	872  -  MemoryUsage of job (MB)
	892492  -  ResidentSetSize of job (KB)
...
006 (7216714.002.000) 09/18 12:02:42 Image size of job updated: 958284
	873  -  MemoryUsage of job (MB)
	893640  -  ResidentSetSize of job (KB)
...
006 (7216714.002.000) 09/18 12:07:43 Image size of job updated: 958284
	873  -  MemoryUsage of job (MB)
	893912  -  ResidentSetSize of job (KB)
...
006 (7216714.002.000) 09/18 12:12:43 Image size of job updated: 958284
	875  -  MemoryUsage of job (MB)
	895716  -  ResidentSetSize of job (KB)
...
006 (7216714.002.000) 09/18 12:17:44 Image size of job updated: 958284
	876  -  MemoryUsage of job (MB)
	897008  -  ResidentSetSize of job (KB)
...
006 (7216714.002.000) 09/18 12:22:45 Image size of job updated: 958284
	878  -  MemoryUsage of job (MB)
	898728  -  ResidentSetSize of job (KB)
...
006 (7216714.002.000) 09/18 12:27:45 Image size of job updated: 958284
	879  -  MemoryUsage of job (MB)
	899400  -  ResidentSetSize of job (KB)
...
006 (7216714.002.000) 09/18 12:32:46 Image size of job updated: 958284
	881  -  MemoryUsage of job (MB)
	901584  -  ResidentSetSize of job (KB)
...
006 (7216714.002.000) 09/18 12:37:47 Image size of job updated: 958284
	882  -  MemoryUsage of job (MB)
	902724  -  ResidentSetSize of job (KB)
...
006 (7216714.002.000) 09/18 12:42:47 Image size of job updated: 958284
	889  -  MemoryUsage of job (MB)
	909784  -  ResidentSetSize of job (KB)
...
006 (7216714.002.000) 09/18 12:47:48 Image size of job updated: 958284
	890  -  MemoryUsage of job (MB)
	911344  -  ResidentSetSize of job (KB)
...
006 (7216714.002.000) 09/18 12:52:48 Image size of job updated: 958284
	892  -  MemoryUsage of job (MB)
	912448  -  ResidentSetSize of job (KB)
...
006 (7216714.002.000) 09/18 12:57:49 Image size of job updated: 958284
	893  -  MemoryUsage of job (MB)
	914316  -  ResidentSetSize of job (KB)
...
006 (7216714.002.000) 09/18 13:02:49 Image size of job updated: 958284
	894  -  MemoryUsage of job (MB)
	915408  -  ResidentSetSize of job (KB)
...
006 (7216714.002.000) 09/18 13:07:49 Image size of job updated: 958284
	896  -  MemoryUsage of job (MB)
	917000  -  ResidentSetSize of job (KB)
...
006 (7216714.002.000) 09/18 13:12:50 Image size of job updated: 958284
	897  -  MemoryUsage of job (MB)
	917952  -  ResidentSetSize of job (KB)
...
006 (7216714.002.000) 09/18 13:17:51 Image size of job updated: 958284
	898  -  MemoryUsage of job (MB)
	918792  -  ResidentSetSize of job (KB)
...
006 (7216714.002.000) 09/18 13:22:51 Image size of job updated: 958284
	898  -  MemoryUsage of job (MB)
	919348  -  ResidentSetSize of job (KB)
...
006 (7216714.002.000) 09/18 13:27:52 Image size of job updated: 958284
	899  -  MemoryUsage of job (MB)
	920476  -  ResidentSetSize of job (KB)
...
006 (7216714.002.000) 09/18 13:32:53 Image size of job updated: 958284
	900  -  MemoryUsage of job (MB)
	921052  -  ResidentSetSize of job (KB)
...
006 (7216714.002.000) 09/18 13:37:53 Image size of job updated: 958284
	901  -  MemoryUsage of job (MB)
	921616  -  ResidentSetSize of job (KB)
...
006 (7216714.002.000) 09/18 13:42:54 Image size of job updated: 958284
	901  -  MemoryUsage of job (MB)
	921976  -  ResidentSetSize of job (KB)
...
006 (7216714.002.000) 09/18 13:47:55 Image size of job updated: 958284
	902  -  MemoryUsage of job (MB)
	922832  -  ResidentSetSize of job (KB)
...
006 (7216714.002.000) 09/18 13:52:55 Image size of job updated: 958284
	903  -  MemoryUsage of job (MB)
	923976  -  ResidentSetSize of job (KB)
...
006 (7216714.002.000) 09/18 13:57:55 Image size of job updated: 958284
	904  -  MemoryUsage of job (MB)
	924792  -  ResidentSetSize of job (KB)
...
006 (7216714.002.000) 09/18 14:07:56 Image size of job updated: 958284
	904  -  MemoryUsage of job (MB)
	925332  -  ResidentSetSize of job (KB)
...
006 (7216714.002.000) 09/18 14:12:56 Image size of job updated: 958284
	905  -  MemoryUsage of job (MB)
	925904  -  ResidentSetSize of job (KB)
...
006 (7216714.002.000) 09/18 14:17:56 Image size of job updated: 958284
	905  -  MemoryUsage of job (MB)
	926320  -  ResidentSetSize of job (KB)
...
006 (7216714.002.000) 09/18 14:58:01 Image size of job updated: 958284
	909  -  MemoryUsage of job (MB)
	929940  -  ResidentSetSize of job (KB)
...
006 (7216714.002.000) 09/18 15:53:06 Image size of job updated: 958284
	909  -  MemoryUsage of job (MB)
	930080  -  ResidentSetSize of job (KB)
...
006 (7216714.002.000) 09/18 15:58:06 Image size of job updated: 958284
	909  -  MemoryUsage of job (MB)
	930668  -  ResidentSetSize of job (KB)
...
006 (7216714.002.000) 09/18 16:03:07 Image size of job updated: 958284
	911  -  MemoryUsage of job (MB)
	932540  -  ResidentSetSize of job (KB)
...
006 (7216714.002.000) 09/18 16:08:08 Image size of job updated: 958284
	912  -  MemoryUsage of job (MB)
	933152  -  ResidentSetSize of job (KB)
...
006 (7216714.002.000) 09/18 16:13:08 Image size of job updated: 958284
	912  -  MemoryUsage of job (MB)
	933440  -  ResidentSetSize of job (KB)
...
006 (7216714.002.000) 09/18 16:18:09 Image size of job updated: 958284
	912  -  MemoryUsage of job (MB)
	933668  -  ResidentSetSize of job (KB)
...
006 (7216714.002.000) 09/18 16:23:10 Image size of job updated: 958284
	913  -  MemoryUsage of job (MB)
	934180  -  ResidentSetSize of job (KB)
...
006 (7216714.002.000) 09/18 16:28:10 Image size of job updated: 958284
	914  -  MemoryUsage of job (MB)
	935296  -  ResidentSetSize of job (KB)
...
006 (7216714.002.000) 09/18 16:33:11 Image size of job updated: 958284
	915  -  MemoryUsage of job (MB)
	935992  -  ResidentSetSize of job (KB)
...
006 (7216714.002.000) 09/18 16:38:11 Image size of job updated: 958284
	916  -  MemoryUsage of job (MB)
	937476  -  ResidentSetSize of job (KB)
...
006 (7216714.002.000) 09/18 16:43:12 Image size of job updated: 958284
	918  -  MemoryUsage of job (MB)
	939136  -  ResidentSetSize of job (KB)
...
006 (7216714.002.000) 09/18 16:48:12 Image size of job updated: 958284
	918  -  MemoryUsage of job (MB)
	939596  -  ResidentSetSize of job (KB)
...
006 (7216714.002.000) 09/18 16:53:12 Image size of job updated: 958284
	919  -  MemoryUsage of job (MB)
	940572  -  ResidentSetSize of job (KB)
...
006 (7216714.002.000) 09/18 16:58:13 Image size of job updated: 958284
	922  -  MemoryUsage of job (MB)
	943400  -  ResidentSetSize of job (KB)
...
006 (7216714.002.000) 09/18 17:18:15 Image size of job updated: 958284
	923  -  MemoryUsage of job (MB)
	944688  -  ResidentSetSize of job (KB)
...
006 (7216714.002.000) 09/18 17:23:15 Image size of job updated: 958284
	924  -  MemoryUsage of job (MB)
	945564  -  ResidentSetSize of job (KB)
...
006 (7216714.002.000) 09/18 17:28:16 Image size of job updated: 958284
	927  -  MemoryUsage of job (MB)
	948448  -  ResidentSetSize of job (KB)
...
006 (7216714.002.000) 09/18 17:33:17 Image size of job updated: 958284
	928  -  MemoryUsage of job (MB)
	949340  -  ResidentSetSize of job (KB)
...
006 (7216714.002.000) 09/18 17:38:17 Image size of job updated: 958284
	934  -  MemoryUsage of job (MB)
	955668  -  ResidentSetSize of job (KB)
...
006 (7216714.002.000) 09/18 17:43:18 Image size of job updated: 962692
	934  -  MemoryUsage of job (MB)
	955668  -  ResidentSetSize of job (KB)
...
006 (7216714.002.000) 09/18 17:58:19 Image size of job updated: 962692
	934  -  MemoryUsage of job (MB)
	956224  -  ResidentSetSize of job (KB)
...
006 (7216714.002.000) 09/18 18:03:19 Image size of job updated: 962692
	935  -  MemoryUsage of job (MB)
	956828  -  ResidentSetSize of job (KB)
...
006 (7216714.002.000) 09/18 18:08:20 Image size of job updated: 962692
	938  -  MemoryUsage of job (MB)
	959680  -  ResidentSetSize of job (KB)
...
006 (7216714.002.000) 09/18 18:33:22 Image size of job updated: 962692
	940  -  MemoryUsage of job (MB)
	961736  -  ResidentSetSize of job (KB)
...
006 (7216714.002.000) 09/18 18:38:23 Image size of job updated: 965668
	940  -  MemoryUsage of job (MB)
	961736  -  ResidentSetSize of job (KB)
...
006 (7216714.002.000) 09/18 18:43:24 Image size of job updated: 967460
	940  -  MemoryUsage of job (MB)
	961736  -  ResidentSetSize of job (KB)
...
006 (7216714.002.000) 09/18 19:08:26 Image size of job updated: 967460
	940  -  MemoryUsage of job (MB)
	961876  -  ResidentSetSize of job (KB)
...
006 (7216714.002.000) 09/18 19:13:26 Image size of job updated: 967460
	940  -  MemoryUsage of job (MB)
	962492  -  ResidentSetSize of job (KB)
...
006 (7216714.002.000) 09/18 19:20:04 Image size of job updated: 4909640
	1670  -  MemoryUsage of job (MB)
	1709084  -  ResidentSetSize of job (KB)
...
040 (7216714.002.000) 09/18 19:20:04 Started transferring output files
	Seconds spent in queue: 56666
...
040 (7216714.002.000) 09/18 19:20:05 Finished transferring output files
...
005 (7216714.002.000) 09/18 19:20:05 Job terminated.
	(1) Normal termination (return value 50)
		Usr 0 15:18:43, Sys 0 00:02:44  -  Run Remote Usage
		Usr 0 00:00:00, Sys 0 00:00:00  -  Run Local Usage
		Usr 0 15:18:43, Sys 0 00:02:44  -  Total Remote Usage
		Usr 0 00:00:00, Sys 0 00:00:00  -  Total Local Usage
	13896  -  Run Bytes Sent By Job
	2981  -  Run Bytes Received By Job
	13896  -  Total Bytes Sent By Job
	2981  -  Total Bytes Received By Job
	Partitionable Resources :     Usage  Request Allocated 
	   Cpus                 :      0.99        1         1 
	   Disk (KB)            : 745268           3   3041874 
	   Memory (MB)          :   1670        2000      2000 

	Job terminated of its own accord at 2024-09-18T17:20:04Z with exit-code 50.
...
