000 (7191339.003.000) 09/02 11:53:43 Job submitted from host: <137.138.44.55:9618?addrs=137.138.44.55-9618+[2001-1458-d00-1a--48]-9618&alias=bigbird17.cern.ch&noUDP&sock=schedd_23962_8474>
...
040 (7191339.003.000) 09/02 22:28:34 Started transferring input files
	Transferring to host: <128.142.248.214:9618?addrs=128.142.248.214-9618+[2001-1458-301-73--100-d5]-9618&alias=b9g23p2447.cern.ch&noUDP&sock=slot1_15_1211864_9179_2701>
...
040 (7191339.003.000) 09/02 22:28:34 Finished transferring input files
...
001 (7191339.003.000) 09/02 22:28:35 Job executing on host: <128.142.248.214:9618?addrs=128.142.248.214-9618+[2001-1458-301-73--100-d5]-9618&alias=b9g23p2447.cern.ch&noUDP&sock=startd_7869_0ed6>
	SlotName: slot1_15@b9g23p2447.cern.ch
	CondorScratchDir = "/pool/condor/dir_1777185"
	Cpus = 1
	Disk = 3128267
	Memory = 2000
...
006 (7191339.003.000) 09/02 22:28:45 Image size of job updated: 3
	0  -  MemoryUsage of job (MB)
	0  -  ResidentSetSize of job (KB)
...
006 (7191339.003.000) 09/02 22:33:45 Image size of job updated: 836980
	623  -  MemoryUsage of job (MB)
	637264  -  ResidentSetSize of job (KB)
...
006 (7191339.003.000) 09/02 22:38:46 Image size of job updated: 836980
	637  -  MemoryUsage of job (MB)
	651700  -  ResidentSetSize of job (KB)
...
006 (7191339.003.000) 09/02 22:43:46 Image size of job updated: 836980
	665  -  MemoryUsage of job (MB)
	680124  -  ResidentSetSize of job (KB)
...
006 (7191339.003.000) 09/02 22:48:48 Image size of job updated: 836980
	676  -  MemoryUsage of job (MB)
	691696  -  ResidentSetSize of job (KB)
...
006 (7191339.003.000) 09/02 22:53:48 Image size of job updated: 836980
	685  -  MemoryUsage of job (MB)
	700908  -  ResidentSetSize of job (KB)
...
006 (7191339.003.000) 09/02 22:58:49 Image size of job updated: 836980
	694  -  MemoryUsage of job (MB)
	709888  -  ResidentSetSize of job (KB)
...
006 (7191339.003.000) 09/02 23:03:49 Image size of job updated: 836980
	699  -  MemoryUsage of job (MB)
	715416  -  ResidentSetSize of job (KB)
...
006 (7191339.003.000) 09/02 23:08:50 Image size of job updated: 836980
	706  -  MemoryUsage of job (MB)
	722316  -  ResidentSetSize of job (KB)
...
006 (7191339.003.000) 09/02 23:13:50 Image size of job updated: 836980
	716  -  MemoryUsage of job (MB)
	733176  -  ResidentSetSize of job (KB)
...
006 (7191339.003.000) 09/02 23:18:50 Image size of job updated: 836980
	723  -  MemoryUsage of job (MB)
	740200  -  ResidentSetSize of job (KB)
...
006 (7191339.003.000) 09/02 23:23:51 Image size of job updated: 836980
	728  -  MemoryUsage of job (MB)
	745124  -  ResidentSetSize of job (KB)
...
006 (7191339.003.000) 09/02 23:28:51 Image size of job updated: 836980
	734  -  MemoryUsage of job (MB)
	750752  -  ResidentSetSize of job (KB)
...
006 (7191339.003.000) 09/02 23:33:52 Image size of job updated: 836980
	738  -  MemoryUsage of job (MB)
	755096  -  ResidentSetSize of job (KB)
...
006 (7191339.003.000) 09/02 23:38:52 Image size of job updated: 836980
	742  -  MemoryUsage of job (MB)
	758844  -  ResidentSetSize of job (KB)
...
006 (7191339.003.000) 09/02 23:43:53 Image size of job updated: 836980
	747  -  MemoryUsage of job (MB)
	764348  -  ResidentSetSize of job (KB)
...
006 (7191339.003.000) 09/02 23:48:53 Image size of job updated: 836980
	754  -  MemoryUsage of job (MB)
	771920  -  ResidentSetSize of job (KB)
...
006 (7191339.003.000) 09/02 23:53:54 Image size of job updated: 836980
	758  -  MemoryUsage of job (MB)
	776192  -  ResidentSetSize of job (KB)
...
006 (7191339.003.000) 09/02 23:58:54 Image size of job updated: 836980
	769  -  MemoryUsage of job (MB)
	786512  -  ResidentSetSize of job (KB)
...
006 (7191339.003.000) 09/03 00:03:55 Image size of job updated: 836980
	776  -  MemoryUsage of job (MB)
	793652  -  ResidentSetSize of job (KB)
...
006 (7191339.003.000) 09/03 00:08:55 Image size of job updated: 836980
	782  -  MemoryUsage of job (MB)
	800468  -  ResidentSetSize of job (KB)
...
006 (7191339.003.000) 09/03 00:13:56 Image size of job updated: 836980
	800  -  MemoryUsage of job (MB)
	818940  -  ResidentSetSize of job (KB)
...
006 (7191339.003.000) 09/03 00:18:56 Image size of job updated: 868000
	842  -  MemoryUsage of job (MB)
	861188  -  ResidentSetSize of job (KB)
...
006 (7191339.003.000) 09/03 00:23:57 Image size of job updated: 869724
	845  -  MemoryUsage of job (MB)
	864628  -  ResidentSetSize of job (KB)
...
006 (7191339.003.000) 09/03 00:28:57 Image size of job updated: 877176
	846  -  MemoryUsage of job (MB)
	866188  -  ResidentSetSize of job (KB)
...
006 (7191339.003.000) 09/03 00:33:58 Image size of job updated: 880792
	849  -  MemoryUsage of job (MB)
	868504  -  ResidentSetSize of job (KB)
...
006 (7191339.003.000) 09/03 00:38:58 Image size of job updated: 880792
	849  -  MemoryUsage of job (MB)
	868588  -  ResidentSetSize of job (KB)
...
006 (7191339.003.000) 09/03 00:44:00 Image size of job updated: 880792
	850  -  MemoryUsage of job (MB)
	870216  -  ResidentSetSize of job (KB)
...
006 (7191339.003.000) 09/03 00:49:00 Image size of job updated: 883700
	853  -  MemoryUsage of job (MB)
	872576  -  ResidentSetSize of job (KB)
...
006 (7191339.003.000) 09/03 00:54:00 Image size of job updated: 883700
	854  -  MemoryUsage of job (MB)
	873572  -  ResidentSetSize of job (KB)
...
006 (7191339.003.000) 09/03 01:54:06 Image size of job updated: 883700
	854  -  MemoryUsage of job (MB)
	874020  -  ResidentSetSize of job (KB)
...
006 (7191339.003.000) 09/03 01:59:07 Image size of job updated: 883700
	855  -  MemoryUsage of job (MB)
	874760  -  ResidentSetSize of job (KB)
...
006 (7191339.003.000) 09/03 02:09:08 Image size of job updated: 883700
	856  -  MemoryUsage of job (MB)
	876036  -  ResidentSetSize of job (KB)
...
006 (7191339.003.000) 09/03 02:14:08 Image size of job updated: 887852
	858  -  MemoryUsage of job (MB)
	877772  -  ResidentSetSize of job (KB)
...
006 (7191339.003.000) 09/03 02:19:09 Image size of job updated: 887852
	858  -  MemoryUsage of job (MB)
	878188  -  ResidentSetSize of job (KB)
...
006 (7191339.003.000) 09/03 02:24:09 Image size of job updated: 887852
	858  -  MemoryUsage of job (MB)
	878256  -  ResidentSetSize of job (KB)
...
006 (7191339.003.000) 09/03 02:29:11 Image size of job updated: 890544
	860  -  MemoryUsage of job (MB)
	879924  -  ResidentSetSize of job (KB)
...
006 (7191339.003.000) 09/03 02:34:11 Image size of job updated: 890544
	861  -  MemoryUsage of job (MB)
	881368  -  ResidentSetSize of job (KB)
...
006 (7191339.003.000) 09/03 02:39:12 Image size of job updated: 890544
	861  -  MemoryUsage of job (MB)
	881528  -  ResidentSetSize of job (KB)
...
006 (7191339.003.000) 09/03 02:44:12 Image size of job updated: 890544
	861  -  MemoryUsage of job (MB)
	881608  -  ResidentSetSize of job (KB)
...
006 (7191339.003.000) 09/03 02:49:12 Image size of job updated: 891616
	863  -  MemoryUsage of job (MB)
	882916  -  ResidentSetSize of job (KB)
...
006 (7191339.003.000) 09/03 02:54:13 Image size of job updated: 893180
	864  -  MemoryUsage of job (MB)
	884004  -  ResidentSetSize of job (KB)
...
006 (7191339.003.000) 09/03 02:59:13 Image size of job updated: 893788
	865  -  MemoryUsage of job (MB)
	885400  -  ResidentSetSize of job (KB)
...
006 (7191339.003.000) 09/03 03:04:14 Image size of job updated: 893788
	866  -  MemoryUsage of job (MB)
	886044  -  ResidentSetSize of job (KB)
...
006 (7191339.003.000) 09/03 03:09:14 Image size of job updated: 893788
	866  -  MemoryUsage of job (MB)
	886180  -  ResidentSetSize of job (KB)
...
006 (7191339.003.000) 09/03 03:14:15 Image size of job updated: 893788
	867  -  MemoryUsage of job (MB)
	887168  -  ResidentSetSize of job (KB)
...
006 (7191339.003.000) 09/03 03:19:15 Image size of job updated: 898468
	868  -  MemoryUsage of job (MB)
	888504  -  ResidentSetSize of job (KB)
...
006 (7191339.003.000) 09/03 03:24:16 Image size of job updated: 898468
	870  -  MemoryUsage of job (MB)
	890592  -  ResidentSetSize of job (KB)
...
006 (7191339.003.000) 09/03 03:29:16 Image size of job updated: 898468
	871  -  MemoryUsage of job (MB)
	890908  -  ResidentSetSize of job (KB)
...
006 (7191339.003.000) 09/03 03:34:17 Image size of job updated: 899620
	871  -  MemoryUsage of job (MB)
	891724  -  ResidentSetSize of job (KB)
...
006 (7191339.003.000) 09/03 03:39:17 Image size of job updated: 899620
	872  -  MemoryUsage of job (MB)
	892640  -  ResidentSetSize of job (KB)
...
006 (7191339.003.000) 09/03 03:44:18 Image size of job updated: 899620
	873  -  MemoryUsage of job (MB)
	893464  -  ResidentSetSize of job (KB)
...
006 (7191339.003.000) 09/03 03:49:18 Image size of job updated: 899620
	873  -  MemoryUsage of job (MB)
	893776  -  ResidentSetSize of job (KB)
...
006 (7191339.003.000) 09/03 03:54:19 Image size of job updated: 905612
	875  -  MemoryUsage of job (MB)
	895396  -  ResidentSetSize of job (KB)
...
006 (7191339.003.000) 09/03 03:59:19 Image size of job updated: 905612
	876  -  MemoryUsage of job (MB)
	896136  -  ResidentSetSize of job (KB)
...
006 (7191339.003.000) 09/03 04:04:20 Image size of job updated: 905612
	876  -  MemoryUsage of job (MB)
	896468  -  ResidentSetSize of job (KB)
...
006 (7191339.003.000) 09/03 04:09:20 Image size of job updated: 905612
	876  -  MemoryUsage of job (MB)
	896512  -  ResidentSetSize of job (KB)
...
006 (7191339.003.000) 09/03 04:14:22 Image size of job updated: 905612
	880  -  MemoryUsage of job (MB)
	900580  -  ResidentSetSize of job (KB)
...
006 (7191339.003.000) 09/03 07:39:42 Image size of job updated: 909584
	880  -  MemoryUsage of job (MB)
	900580  -  ResidentSetSize of job (KB)
...
006 (7191339.003.000) 09/03 07:49:43 Image size of job updated: 909584
	884  -  MemoryUsage of job (MB)
	904296  -  ResidentSetSize of job (KB)
...
006 (7191339.003.000) 09/03 07:59:44 Image size of job updated: 910140
	887  -  MemoryUsage of job (MB)
	908092  -  ResidentSetSize of job (KB)
...
006 (7191339.003.000) 09/03 08:09:45 Image size of job updated: 911440
	891  -  MemoryUsage of job (MB)
	911436  -  ResidentSetSize of job (KB)
...
006 (7191339.003.000) 09/03 08:19:46 Image size of job updated: 911856
	891  -  MemoryUsage of job (MB)
	911436  -  ResidentSetSize of job (KB)
...
006 (7191339.003.000) 09/03 08:54:49 Image size of job updated: 913540
	892  -  MemoryUsage of job (MB)
	913372  -  ResidentSetSize of job (KB)
...
006 (7191339.003.000) 09/03 08:59:50 Image size of job updated: 920648
	892  -  MemoryUsage of job (MB)
	913372  -  ResidentSetSize of job (KB)
...
006 (7191339.003.000) 09/03 09:34:53 Image size of job updated: 920648
	893  -  MemoryUsage of job (MB)
	914152  -  ResidentSetSize of job (KB)
...
006 (7191339.003.000) 09/03 09:44:54 Image size of job updated: 920648
	896  -  MemoryUsage of job (MB)
	916944  -  ResidentSetSize of job (KB)
...
006 (7191339.003.000) 09/03 09:49:55 Image size of job updated: 921428
	896  -  MemoryUsage of job (MB)
	916944  -  ResidentSetSize of job (KB)
...
006 (7191339.003.000) 09/03 10:04:56 Image size of job updated: 921428
	896  -  MemoryUsage of job (MB)
	917144  -  ResidentSetSize of job (KB)
...
006 (7191339.003.000) 09/03 10:09:56 Image size of job updated: 921428
	896  -  MemoryUsage of job (MB)
	917368  -  ResidentSetSize of job (KB)
...
006 (7191339.003.000) 09/03 10:40:00 Image size of job updated: 921428
	896  -  MemoryUsage of job (MB)
	917452  -  ResidentSetSize of job (KB)
...
006 (7191339.003.000) 09/03 10:45:01 Image size of job updated: 921428
	897  -  MemoryUsage of job (MB)
	918160  -  ResidentSetSize of job (KB)
...
006 (7191339.003.000) 09/03 10:55:02 Image size of job updated: 924768
	897  -  MemoryUsage of job (MB)
	918160  -  ResidentSetSize of job (KB)
...
006 (7191339.003.000) 09/05 17:35:34 Image size of job updated: 961456
	923  -  MemoryUsage of job (MB)
	945152  -  ResidentSetSize of job (KB)
...
006 (7191339.003.000) 09/05 17:40:35 Image size of job updated: 1132268
	1106  -  MemoryUsage of job (MB)
	1132268  -  ResidentSetSize of job (KB)
...
006 (7191339.003.000) 09/05 17:45:35 Image size of job updated: 3459856
	3379  -  MemoryUsage of job (MB)
	3459852  -  ResidentSetSize of job (KB)
...
006 (7191339.003.000) 09/05 17:50:36 Image size of job updated: 3597948
	3514  -  MemoryUsage of job (MB)
	3597948  -  ResidentSetSize of job (KB)
...
006 (7191339.003.000) 09/05 17:55:36 Image size of job updated: 3757868
	3670  -  MemoryUsage of job (MB)
	3757868  -  ResidentSetSize of job (KB)
...
006 (7191339.003.000) 09/05 18:00:37 Image size of job updated: 3890656
	3800  -  MemoryUsage of job (MB)
	3890656  -  ResidentSetSize of job (KB)
...
006 (7191339.003.000) 09/05 18:05:37 Image size of job updated: 4045480
	3951  -  MemoryUsage of job (MB)
	4045480  -  ResidentSetSize of job (KB)
...
006 (7191339.003.000) 09/05 18:10:38 Image size of job updated: 4205168
	4107  -  MemoryUsage of job (MB)
	4205168  -  ResidentSetSize of job (KB)
...
006 (7191339.003.000) 09/05 18:15:38 Image size of job updated: 4354396
	4253  -  MemoryUsage of job (MB)
	4354396  -  ResidentSetSize of job (KB)
...
006 (7191339.003.000) 09/05 18:20:39 Image size of job updated: 4496480
	4392  -  MemoryUsage of job (MB)
	4496480  -  ResidentSetSize of job (KB)
...
006 (7191339.003.000) 09/05 18:25:39 Image size of job updated: 4634832
	4527  -  MemoryUsage of job (MB)
	4634832  -  ResidentSetSize of job (KB)
...
006 (7191339.003.000) 09/05 18:30:40 Image size of job updated: 4781332
	4670  -  MemoryUsage of job (MB)
	4781252  -  ResidentSetSize of job (KB)
...
006 (7191339.003.000) 09/05 18:35:40 Image size of job updated: 4931768
	4817  -  MemoryUsage of job (MB)
	4931768  -  ResidentSetSize of job (KB)
...
006 (7191339.003.000) 09/05 18:40:41 Image size of job updated: 5083396
	4965  -  MemoryUsage of job (MB)
	5083396  -  ResidentSetSize of job (KB)
...
006 (7191339.003.000) 09/05 18:45:42 Image size of job updated: 5234400
	5112  -  MemoryUsage of job (MB)
	5234400  -  ResidentSetSize of job (KB)
...
006 (7191339.003.000) 09/05 18:50:42 Image size of job updated: 5369536
	5244  -  MemoryUsage of job (MB)
	5369536  -  ResidentSetSize of job (KB)
...
006 (7191339.003.000) 09/05 18:55:44 Image size of job updated: 5503204
	5375  -  MemoryUsage of job (MB)
	5503204  -  ResidentSetSize of job (KB)
...
006 (7191339.003.000) 09/05 19:00:44 Image size of job updated: 5661904
	5530  -  MemoryUsage of job (MB)
	5661904  -  ResidentSetSize of job (KB)
...
006 (7191339.003.000) 09/05 19:05:45 Image size of job updated: 5833820
	5698  -  MemoryUsage of job (MB)
	5833820  -  ResidentSetSize of job (KB)
...
006 (7191339.003.000) 09/05 19:10:45 Image size of job updated: 5970308
	5831  -  MemoryUsage of job (MB)
	5970304  -  ResidentSetSize of job (KB)
...
006 (7191339.003.000) 09/05 19:15:46 Image size of job updated: 6116740
	5974  -  MemoryUsage of job (MB)
	6116740  -  ResidentSetSize of job (KB)
...
006 (7191339.003.000) 09/05 19:20:46 Image size of job updated: 6261424
	6115  -  MemoryUsage of job (MB)
	6261424  -  ResidentSetSize of job (KB)
...
006 (7191339.003.000) 09/05 19:25:47 Image size of job updated: 6415936
	6266  -  MemoryUsage of job (MB)
	6415936  -  ResidentSetSize of job (KB)
...
006 (7191339.003.000) 09/05 19:30:47 Image size of job updated: 6570192
	6417  -  MemoryUsage of job (MB)
	6570192  -  ResidentSetSize of job (KB)
...
006 (7191339.003.000) 09/05 19:35:48 Image size of job updated: 6723024
	6566  -  MemoryUsage of job (MB)
	6723024  -  ResidentSetSize of job (KB)
...
006 (7191339.003.000) 09/05 19:40:48 Image size of job updated: 6879904
	6719  -  MemoryUsage of job (MB)
	6879904  -  ResidentSetSize of job (KB)
...
006 (7191339.003.000) 09/05 19:45:49 Image size of job updated: 7020108
	6719  -  MemoryUsage of job (MB)
	6879904  -  ResidentSetSize of job (KB)
...
040 (7191339.003.000) 09/05 19:47:01 Started transferring output files
...
040 (7191339.003.000) 09/05 19:47:01 Finished transferring output files
...
005 (7191339.003.000) 09/05 19:47:01 Job terminated.
	(1) Normal termination (return value 50)
		Usr 2 19:59:50, Sys 0 00:12:41  -  Run Remote Usage
		Usr 0 00:00:00, Sys 0 00:00:00  -  Run Local Usage
		Usr 2 19:59:50, Sys 0 00:12:41  -  Total Remote Usage
		Usr 0 00:00:00, Sys 0 00:00:00  -  Total Local Usage
	18771  -  Run Bytes Sent By Job
	2954  -  Run Bytes Received By Job
	18771  -  Total Bytes Sent By Job
	2954  -  Total Bytes Received By Job
	Partitionable Resources :      Usage  Request Allocated 
	   Cpus                 :       0.99        1         1 
	   Disk (KB)            : 3944163           3   3128267 
	   Memory (MB)          :    6719        2000      2000 

	Job terminated of its own accord at 2024-09-05T17:47:00Z with exit-code 50.
...
