000 (7191339.007.000) 09/02 11:53:43 Job submitted from host: <137.138.44.55:9618?addrs=137.138.44.55-9618+[2001-1458-d00-1a--48]-9618&alias=bigbird17.cern.ch&noUDP&sock=schedd_23962_8474>
...
040 (7191339.007.000) 09/06 11:35:38 Started transferring input files
	Transferring to host: <128.142.248.123:9618?addrs=128.142.248.123-9618+[2001-1458-301-73--100-16b]-9618&alias=b9g23p2657.cern.ch&noUDP&sock=slot1_17_443391_d207_4949>
...
040 (7191339.007.000) 09/06 11:35:38 Finished transferring input files
...
001 (7191339.007.000) 09/06 11:35:39 Job executing on host: <128.142.248.123:9618?addrs=128.142.248.123-9618+[2001-1458-301-73--100-16b]-9618&alias=b9g23p2657.cern.ch&noUDP&sock=startd_7091_6a27>
	SlotName: slot1_17@b9g23p2657.cern.ch
	CondorScratchDir = "/pool/condor/dir_2146806"
	Cpus = 1
	Disk = 2971878
	Memory = 2000
...
006 (7191339.007.000) 09/06 11:35:48 Image size of job updated: 823720
	469  -  MemoryUsage of job (MB)
	479744  -  ResidentSetSize of job (KB)
...
006 (7191339.007.000) 09/06 11:40:49 Image size of job updated: 823720
	616  -  MemoryUsage of job (MB)
	630656  -  ResidentSetSize of job (KB)
...
006 (7191339.007.000) 09/06 11:45:49 Image size of job updated: 823720
	644  -  MemoryUsage of job (MB)
	659176  -  ResidentSetSize of job (KB)
...
006 (7191339.007.000) 09/06 11:50:49 Image size of job updated: 823720
	665  -  MemoryUsage of job (MB)
	680144  -  ResidentSetSize of job (KB)
...
006 (7191339.007.000) 09/06 11:55:50 Image size of job updated: 823720
	668  -  MemoryUsage of job (MB)
	683432  -  ResidentSetSize of job (KB)
...
006 (7191339.007.000) 09/08 16:31:22 Image size of job updated: 823720
	691  -  MemoryUsage of job (MB)
	707008  -  ResidentSetSize of job (KB)
...
006 (7191339.007.000) 09/08 16:36:22 Image size of job updated: 920908
	879  -  MemoryUsage of job (MB)
	899776  -  ResidentSetSize of job (KB)
...
006 (7191339.007.000) 09/08 16:41:23 Image size of job updated: 1171456
	1144  -  MemoryUsage of job (MB)
	1171456  -  ResidentSetSize of job (KB)
...
006 (7191339.007.000) 09/08 16:46:23 Image size of job updated: 4660624
	4552  -  MemoryUsage of job (MB)
	4660404  -  ResidentSetSize of job (KB)
...
006 (7191339.007.000) 09/08 16:51:24 Image size of job updated: 4808428
	4696  -  MemoryUsage of job (MB)
	4808428  -  ResidentSetSize of job (KB)
...
006 (7191339.007.000) 09/08 16:56:24 Image size of job updated: 4961204
	4845  -  MemoryUsage of job (MB)
	4961204  -  ResidentSetSize of job (KB)
...
006 (7191339.007.000) 09/08 17:01:25 Image size of job updated: 5113552
	4994  -  MemoryUsage of job (MB)
	5113552  -  ResidentSetSize of job (KB)
...
006 (7191339.007.000) 09/08 17:06:25 Image size of job updated: 5266128
	5143  -  MemoryUsage of job (MB)
	5266128  -  ResidentSetSize of job (KB)
...
006 (7191339.007.000) 09/08 17:11:25 Image size of job updated: 5417536
	5291  -  MemoryUsage of job (MB)
	5417424  -  ResidentSetSize of job (KB)
...
006 (7191339.007.000) 09/08 17:16:26 Image size of job updated: 5564024
	5434  -  MemoryUsage of job (MB)
	5564024  -  ResidentSetSize of job (KB)
...
006 (7191339.007.000) 09/08 17:21:26 Image size of job updated: 5710156
	5577  -  MemoryUsage of job (MB)
	5710156  -  ResidentSetSize of job (KB)
...
006 (7191339.007.000) 09/08 17:26:27 Image size of job updated: 5859592
	5723  -  MemoryUsage of job (MB)
	5859588  -  ResidentSetSize of job (KB)
...
006 (7191339.007.000) 09/08 17:31:27 Image size of job updated: 6005128
	5865  -  MemoryUsage of job (MB)
	6005128  -  ResidentSetSize of job (KB)
...
006 (7191339.007.000) 09/08 17:36:28 Image size of job updated: 6143784
	6000  -  MemoryUsage of job (MB)
	6143784  -  ResidentSetSize of job (KB)
...
006 (7191339.007.000) 09/08 17:41:28 Image size of job updated: 6283560
	6137  -  MemoryUsage of job (MB)
	6283556  -  ResidentSetSize of job (KB)
...
006 (7191339.007.000) 09/08 17:46:29 Image size of job updated: 6417952
	6137  -  MemoryUsage of job (MB)
	6283556  -  ResidentSetSize of job (KB)
...
006 (7191339.007.000) 09/08 18:26:33 Image size of job updated: 6417952
	6215  -  MemoryUsage of job (MB)
	6363528  -  ResidentSetSize of job (KB)
...
006 (7191339.007.000) 09/08 18:31:33 Image size of job updated: 6503668
	6352  -  MemoryUsage of job (MB)
	6503668  -  ResidentSetSize of job (KB)
...
006 (7191339.007.000) 09/08 18:36:34 Image size of job updated: 6644048
	6489  -  MemoryUsage of job (MB)
	6644048  -  ResidentSetSize of job (KB)
...
006 (7191339.007.000) 09/08 18:41:34 Image size of job updated: 6786840
	6628  -  MemoryUsage of job (MB)
	6786840  -  ResidentSetSize of job (KB)
...
006 (7191339.007.000) 09/08 18:46:34 Image size of job updated: 6925992
	6764  -  MemoryUsage of job (MB)
	6925772  -  ResidentSetSize of job (KB)
...
006 (7191339.007.000) 09/08 18:51:35 Image size of job updated: 7067696
	6902  -  MemoryUsage of job (MB)
	7067476  -  ResidentSetSize of job (KB)
...
006 (7191339.007.000) 09/08 18:53:28 Image size of job updated: 7079784
	6902  -  MemoryUsage of job (MB)
	7067512  -  ResidentSetSize of job (KB)
...
040 (7191339.007.000) 09/08 18:53:30 Started transferring output files
...
040 (7191339.007.000) 09/08 18:53:30 Finished transferring output files
...
005 (7191339.007.000) 09/08 18:53:30 Job terminated.
	(1) Normal termination (return value 50)
		Usr 2 06:37:30, Sys 0 00:10:17  -  Run Remote Usage
		Usr 0 00:00:00, Sys 0 00:00:00  -  Run Local Usage
		Usr 2 06:37:30, Sys 0 00:10:17  -  Total Remote Usage
		Usr 0 00:00:00, Sys 0 00:00:00  -  Total Local Usage
	18322  -  Run Bytes Sent By Job
	2954  -  Run Bytes Received By Job
	18322  -  Total Bytes Sent By Job
	2954  -  Total Bytes Received By Job
	Partitionable Resources :      Usage  Request Allocated 
	   Cpus                 :       0.96        1         1 
	   Disk (KB)            : 4071050           3   2971878 
	   Memory (MB)          :    6902        2000      2000 

	Job terminated of its own accord at 2024-09-08T16:53:28Z with exit-code 50.
...
