000 (7191339.005.000) 09/02 11:53:43 Job submitted from host: <137.138.44.55:9618?addrs=137.138.44.55-9618+[2001-1458-d00-1a--48]-9618&alias=bigbird17.cern.ch&noUDP&sock=schedd_23962_8474>
...
040 (7191339.005.000) 09/06 11:35:38 Started transferring input files
	Transferring to host: <128.142.248.123:9618?addrs=128.142.248.123-9618+[2001-1458-301-73--100-16b]-9618&alias=b9g23p2657.cern.ch&noUDP&sock=slot1_15_443391_d207_4948>
...
040 (7191339.005.000) 09/06 11:35:38 Finished transferring input files
...
001 (7191339.005.000) 09/06 11:35:39 Job executing on host: <128.142.248.123:9618?addrs=128.142.248.123-9618+[2001-1458-301-73--100-16b]-9618&alias=b9g23p2657.cern.ch&noUDP&sock=startd_7091_6a27>
	SlotName: slot1_15@b9g23p2657.cern.ch
	CondorScratchDir = "/pool/condor/dir_2146805"
	Cpus = 1
	Disk = 2971878
	Memory = 2000
...
006 (7191339.005.000) 09/06 11:35:48 Image size of job updated: 825516
	471  -  MemoryUsage of job (MB)
	481492  -  ResidentSetSize of job (KB)
...
006 (7191339.005.000) 09/06 11:40:50 Image size of job updated: 825516
	632  -  MemoryUsage of job (MB)
	646288  -  ResidentSetSize of job (KB)
...
006 (7191339.005.000) 09/06 11:45:50 Image size of job updated: 825516
	647  -  MemoryUsage of job (MB)
	661960  -  ResidentSetSize of job (KB)
...
006 (7191339.005.000) 09/06 11:50:50 Image size of job updated: 825516
	660  -  MemoryUsage of job (MB)
	674992  -  ResidentSetSize of job (KB)
...
006 (7191339.005.000) 09/06 11:55:51 Image size of job updated: 825516
	671  -  MemoryUsage of job (MB)
	686512  -  ResidentSetSize of job (KB)
...
006 (7191339.005.000) 09/08 17:16:21 Image size of job updated: 825516
	712  -  MemoryUsage of job (MB)
	728772  -  ResidentSetSize of job (KB)
...
006 (7191339.005.000) 09/08 17:21:21 Image size of job updated: 922852
	885  -  MemoryUsage of job (MB)
	905276  -  ResidentSetSize of job (KB)
...
006 (7191339.005.000) 09/08 17:26:22 Image size of job updated: 1175464
	1148  -  MemoryUsage of job (MB)
	1175464  -  ResidentSetSize of job (KB)
...
006 (7191339.005.000) 09/08 17:31:22 Image size of job updated: 3463080
	3382  -  MemoryUsage of job (MB)
	3463080  -  ResidentSetSize of job (KB)
...
006 (7191339.005.000) 09/08 17:36:23 Image size of job updated: 3601144
	3517  -  MemoryUsage of job (MB)
	3601144  -  ResidentSetSize of job (KB)
...
006 (7191339.005.000) 09/08 17:41:23 Image size of job updated: 3741508
	3654  -  MemoryUsage of job (MB)
	3741508  -  ResidentSetSize of job (KB)
...
006 (7191339.005.000) 09/08 17:46:24 Image size of job updated: 3879244
	3788  -  MemoryUsage of job (MB)
	3878632  -  ResidentSetSize of job (KB)
...
006 (7191339.005.000) 09/08 17:51:25 Image size of job updated: 4018484
	3925  -  MemoryUsage of job (MB)
	4018484  -  ResidentSetSize of job (KB)
...
006 (7191339.005.000) 09/08 17:56:25 Image size of job updated: 4158940
	4062  -  MemoryUsage of job (MB)
	4158940  -  ResidentSetSize of job (KB)
...
006 (7191339.005.000) 09/08 18:01:26 Image size of job updated: 4300460
	4200  -  MemoryUsage of job (MB)
	4300460  -  ResidentSetSize of job (KB)
...
006 (7191339.005.000) 09/08 18:06:26 Image size of job updated: 4443396
	4340  -  MemoryUsage of job (MB)
	4443396  -  ResidentSetSize of job (KB)
...
006 (7191339.005.000) 09/08 18:11:27 Image size of job updated: 4583280
	4476  -  MemoryUsage of job (MB)
	4583280  -  ResidentSetSize of job (KB)
...
006 (7191339.005.000) 09/08 18:16:27 Image size of job updated: 4724228
	4614  -  MemoryUsage of job (MB)
	4724228  -  ResidentSetSize of job (KB)
...
006 (7191339.005.000) 09/08 18:21:28 Image size of job updated: 4862032
	4749  -  MemoryUsage of job (MB)
	4862032  -  ResidentSetSize of job (KB)
...
006 (7191339.005.000) 09/08 18:26:28 Image size of job updated: 4999204
	4883  -  MemoryUsage of job (MB)
	4999200  -  ResidentSetSize of job (KB)
...
006 (7191339.005.000) 09/08 18:31:28 Image size of job updated: 5137128
	5017  -  MemoryUsage of job (MB)
	5136900  -  ResidentSetSize of job (KB)
...
006 (7191339.005.000) 09/08 18:36:29 Image size of job updated: 5278696
	5155  -  MemoryUsage of job (MB)
	5278696  -  ResidentSetSize of job (KB)
...
006 (7191339.005.000) 09/08 18:41:29 Image size of job updated: 5418484
	5292  -  MemoryUsage of job (MB)
	5418484  -  ResidentSetSize of job (KB)
...
006 (7191339.005.000) 09/08 18:46:30 Image size of job updated: 5557896
	5428  -  MemoryUsage of job (MB)
	5557896  -  ResidentSetSize of job (KB)
...
006 (7191339.005.000) 09/08 18:51:30 Image size of job updated: 5694380
	5561  -  MemoryUsage of job (MB)
	5694380  -  ResidentSetSize of job (KB)
...
006 (7191339.005.000) 09/08 18:56:31 Image size of job updated: 5827240
	5691  -  MemoryUsage of job (MB)
	5827240  -  ResidentSetSize of job (KB)
...
006 (7191339.005.000) 09/08 19:01:31 Image size of job updated: 5942260
	5796  -  MemoryUsage of job (MB)
	5934420  -  ResidentSetSize of job (KB)
...
006 (7191339.005.000) 09/08 19:06:32 Image size of job updated: 5949680
	5796  -  MemoryUsage of job (MB)
	5934420  -  ResidentSetSize of job (KB)
...
040 (7191339.005.000) 09/08 19:45:23 Started transferring output files
...
040 (7191339.005.000) 09/08 19:45:24 Finished transferring output files
...
005 (7191339.005.000) 09/08 19:45:24 Job terminated.
	(1) Normal termination (return value 50)
		Usr 2 07:26:26, Sys 0 00:11:26  -  Run Remote Usage
		Usr 0 00:00:00, Sys 0 00:00:00  -  Run Local Usage
		Usr 2 07:26:26, Sys 0 00:11:26  -  Total Remote Usage
		Usr 0 00:00:00, Sys 0 00:00:00  -  Total Local Usage
	18323  -  Run Bytes Sent By Job
	2954  -  Run Bytes Received By Job
	18323  -  Total Bytes Sent By Job
	2954  -  Total Bytes Received By Job
	Partitionable Resources :      Usage  Request Allocated 
	   Cpus                 :       0.98        1         1 
	   Disk (KB)            : 4022427           3   2971878 
	   Memory (MB)          :    5796        2000      2000 

	Job terminated of its own accord at 2024-09-08T17:45:23Z with exit-code 50.
...
