000 (7197256.000.000) 09/03 11:42:02 Job submitted from host: <137.138.44.55:9618?addrs=137.138.44.55-9618+[2001-1458-d00-1a--48]-9618&alias=bigbird17.cern.ch&noUDP&sock=schedd_23962_8474>
...
040 (7197256.000.000) 09/06 11:55:00 Started transferring input files
	Transferring to host: <128.142.248.218:9618?addrs=128.142.248.218-9618+[2001-1458-301-73--100-d9]-9618&alias=b9g23p2883.cern.ch&noUDP&sock=slot1_43_1412154_fe0a_5741>
...
040 (7197256.000.000) 09/06 11:55:00 Finished transferring input files
...
001 (7197256.000.000) 09/06 11:55:01 Job executing on host: <128.142.248.218:9618?addrs=128.142.248.218-9618+[2001-1458-301-73--100-d9]-9618&alias=b9g23p2883.cern.ch&noUDP&sock=startd_1412115_0387>
	SlotName: slot1_43@b9g23p2883.cern.ch
	CondorScratchDir = "/pool/condor/dir_3168021"
	Cpus = 1
	Disk = 3100110
	Memory = 2000
...
006 (7197256.000.000) 09/06 11:55:10 Image size of job updated: 530168
	518  -  MemoryUsage of job (MB)
	529820  -  ResidentSetSize of job (KB)
...
006 (7197256.000.000) 09/06 12:00:11 Image size of job updated: 1013528
	681  -  MemoryUsage of job (MB)
	697068  -  ResidentSetSize of job (KB)
...
006 (7197256.000.000) 09/06 12:05:11 Image size of job updated: 1013528
	709  -  MemoryUsage of job (MB)
	725024  -  ResidentSetSize of job (KB)
...
006 (7197256.000.000) 09/07 20:28:35 Image size of job updated: 1013528
	732  -  MemoryUsage of job (MB)
	749376  -  ResidentSetSize of job (KB)
...
006 (7197256.000.000) 09/07 20:33:35 Image size of job updated: 1048964
	912  -  MemoryUsage of job (MB)
	933124  -  ResidentSetSize of job (KB)
...
006 (7197256.000.000) 09/07 20:38:35 Image size of job updated: 1158720
	1105  -  MemoryUsage of job (MB)
	1131004  -  ResidentSetSize of job (KB)
...
006 (7197256.000.000) 09/07 20:43:36 Image size of job updated: 1408788
	1376  -  MemoryUsage of job (MB)
	1408788  -  ResidentSetSize of job (KB)
...
006 (7197256.000.000) 09/07 20:48:36 Image size of job updated: 1544060
	1508  -  MemoryUsage of job (MB)
	1543936  -  ResidentSetSize of job (KB)
...
006 (7197256.000.000) 09/07 20:53:37 Image size of job updated: 1814776
	1761  -  MemoryUsage of job (MB)
	1803072  -  ResidentSetSize of job (KB)
...
006 (7197256.000.000) 09/07 20:58:37 Image size of job updated: 2104296
	2055  -  MemoryUsage of job (MB)
	2104296  -  ResidentSetSize of job (KB)
...
006 (7197256.000.000) 09/07 21:03:38 Image size of job updated: 4897576
	4783  -  MemoryUsage of job (MB)
	4897576  -  ResidentSetSize of job (KB)
...
006 (7197256.000.000) 09/07 21:08:38 Image size of job updated: 5105952
	4987  -  MemoryUsage of job (MB)
	5105680  -  ResidentSetSize of job (KB)
...
006 (7197256.000.000) 09/07 21:13:39 Image size of job updated: 5319888
	5196  -  MemoryUsage of job (MB)
	5319888  -  ResidentSetSize of job (KB)
...
006 (7197256.000.000) 09/07 21:18:39 Image size of job updated: 5539056
	5410  -  MemoryUsage of job (MB)
	5538836  -  ResidentSetSize of job (KB)
...
006 (7197256.000.000) 09/07 21:23:40 Image size of job updated: 5755380
	5621  -  MemoryUsage of job (MB)
	5755380  -  ResidentSetSize of job (KB)
...
006 (7197256.000.000) 09/07 21:28:40 Image size of job updated: 5978780
	5839  -  MemoryUsage of job (MB)
	5978560  -  ResidentSetSize of job (KB)
...
006 (7197256.000.000) 09/07 21:33:41 Image size of job updated: 6193348
	6049  -  MemoryUsage of job (MB)
	6193348  -  ResidentSetSize of job (KB)
...
006 (7197256.000.000) 09/07 21:38:41 Image size of job updated: 6412900
	6263  -  MemoryUsage of job (MB)
	6412900  -  ResidentSetSize of job (KB)
...
006 (7197256.000.000) 09/07 21:43:42 Image size of job updated: 6633380
	6478  -  MemoryUsage of job (MB)
	6633380  -  ResidentSetSize of job (KB)
...
006 (7197256.000.000) 09/07 21:48:42 Image size of job updated: 6778400
	6478  -  MemoryUsage of job (MB)
	6633380  -  ResidentSetSize of job (KB)
...
006 (7197256.000.000) 09/07 22:13:44 Image size of job updated: 6778400
	6592  -  MemoryUsage of job (MB)
	6749932  -  ResidentSetSize of job (KB)
...
006 (7197256.000.000) 09/07 22:18:45 Image size of job updated: 6966964
	6804  -  MemoryUsage of job (MB)
	6966964  -  ResidentSetSize of job (KB)
...
006 (7197256.000.000) 09/07 22:23:45 Image size of job updated: 7184504
	7016  -  MemoryUsage of job (MB)
	7184284  -  ResidentSetSize of job (KB)
...
006 (7197256.000.000) 09/07 22:28:46 Image size of job updated: 7399688
	7227  -  MemoryUsage of job (MB)
	7399504  -  ResidentSetSize of job (KB)
...
006 (7197256.000.000) 09/07 22:33:46 Image size of job updated: 7610484
	7433  -  MemoryUsage of job (MB)
	7610484  -  ResidentSetSize of job (KB)
...
006 (7197256.000.000) 09/07 22:38:47 Image size of job updated: 7825524
	7642  -  MemoryUsage of job (MB)
	7825304  -  ResidentSetSize of job (KB)
...
006 (7197256.000.000) 09/07 22:43:47 Image size of job updated: 8041240
	7853  -  MemoryUsage of job (MB)
	8041240  -  ResidentSetSize of job (KB)
...
006 (7197256.000.000) 09/07 22:48:48 Image size of job updated: 8254416
	8061  -  MemoryUsage of job (MB)
	8254416  -  ResidentSetSize of job (KB)
...
006 (7197256.000.000) 09/07 22:53:48 Image size of job updated: 8466416
	8268  -  MemoryUsage of job (MB)
	8466416  -  ResidentSetSize of job (KB)
...
006 (7197256.000.000) 09/07 22:58:49 Image size of job updated: 8675160
	8472  -  MemoryUsage of job (MB)
	8675160  -  ResidentSetSize of job (KB)
...
006 (7197256.000.000) 09/07 23:03:49 Image size of job updated: 8890528
	8683  -  MemoryUsage of job (MB)
	8890528  -  ResidentSetSize of job (KB)
...
006 (7197256.000.000) 09/07 23:08:50 Image size of job updated: 9103796
	8891  -  MemoryUsage of job (MB)
	9103796  -  ResidentSetSize of job (KB)
...
006 (7197256.000.000) 09/07 23:13:50 Image size of job updated: 9315920
	9098  -  MemoryUsage of job (MB)
	9315696  -  ResidentSetSize of job (KB)
...
006 (7197256.000.000) 09/07 23:18:51 Image size of job updated: 9530520
	9308  -  MemoryUsage of job (MB)
	9530520  -  ResidentSetSize of job (KB)
...
006 (7197256.000.000) 09/07 23:23:51 Image size of job updated: 9743656
	9516  -  MemoryUsage of job (MB)
	9743656  -  ResidentSetSize of job (KB)
...
006 (7197256.000.000) 09/07 23:28:52 Image size of job updated: 9957848
	9725  -  MemoryUsage of job (MB)
	9957848  -  ResidentSetSize of job (KB)
...
006 (7197256.000.000) 09/07 23:33:52 Image size of job updated: 10171316
	9933  -  MemoryUsage of job (MB)
	10171316  -  ResidentSetSize of job (KB)
...
006 (7197256.000.000) 09/07 23:38:53 Image size of job updated: 10384328
	10141  -  MemoryUsage of job (MB)
	10384328  -  ResidentSetSize of job (KB)
...
006 (7197256.000.000) 09/07 23:43:53 Image size of job updated: 10605048
	10357  -  MemoryUsage of job (MB)
	10604864  -  ResidentSetSize of job (KB)
...
006 (7197256.000.000) 09/07 23:48:54 Image size of job updated: 10795904
	10357  -  MemoryUsage of job (MB)
	10604864  -  ResidentSetSize of job (KB)
...
040 (7197256.000.000) 09/07 23:51:07 Started transferring output files
...
040 (7197256.000.000) 09/07 23:51:07 Finished transferring output files
...
005 (7197256.000.000) 09/07 23:51:07 Job terminated.
	(1) Normal termination (return value 50)
		Usr 1 11:14:33, Sys 0 00:11:42  -  Run Remote Usage
		Usr 0 00:00:00, Sys 0 00:00:00  -  Run Local Usage
		Usr 1 11:14:33, Sys 0 00:11:42  -  Total Remote Usage
		Usr 0 00:00:00, Sys 0 00:00:00  -  Total Local Usage
	20997  -  Run Bytes Sent By Job
	2969  -  Run Bytes Received By Job
	20997  -  Total Bytes Sent By Job
	2969  -  Total Bytes Received By Job
	Partitionable Resources :      Usage  Request Allocated 
	   Cpus                 :       0.97        1         1 
	   Disk (KB)            : 7638406           3   3100110 
	   Memory (MB)          :   10357        2000      2000 

	Job terminated of its own accord at 2024-09-07T21:51:07Z with exit-code 50.
...
