000 (7187254.004.000) 08/26 07:55:12 Job submitted from host: <137.138.44.55:9618?addrs=137.138.44.55-9618+[2001-1458-d00-1a--48]-9618&alias=bigbird17.cern.ch&noUDP&sock=schedd_23962_8474>
...
040 (7187254.004.000) 08/26 10:33:24 Started transferring input files
	Transferring to host: <128.142.248.94:9618?addrs=128.142.248.94-9618+[2001-1458-301-73--100-14e]-9618&alias=b9g23p2790.cern.ch&noUDP&sock=slot1_14_5757_13c3_10221>
...
040 (7187254.004.000) 08/26 10:33:24 Finished transferring input files
...
001 (7187254.004.000) 08/26 10:33:25 Job executing on host: <128.142.248.94:9618?addrs=128.142.248.94-9618+[2001-1458-301-73--100-14e]-9618&alias=b9g23p2790.cern.ch&noUDP&sock=startd_4576_5577>
	SlotName: slot1_14@b9g23p2790.cern.ch
	CondorScratchDir = "/pool/condor/dir_3913658"
	Cpus = 1
	Disk = 2935861
	Memory = 2000
...
006 (7187254.004.000) 08/26 10:33:34 Image size of job updated: 532976
	328  -  MemoryUsage of job (MB)
	334968  -  ResidentSetSize of job (KB)
...
006 (7187254.004.000) 08/26 10:38:35 Image size of job updated: 941936
	820  -  MemoryUsage of job (MB)
	839036  -  ResidentSetSize of job (KB)
...
006 (7187254.004.000) 08/26 10:43:36 Image size of job updated: 4078224
	3614  -  MemoryUsage of job (MB)
	3700296  -  ResidentSetSize of job (KB)
...
006 (7187254.004.000) 08/26 10:48:36 Image size of job updated: 4078224
	3943  -  MemoryUsage of job (MB)
	4036820  -  ResidentSetSize of job (KB)
...
006 (7187254.004.000) 08/26 10:53:37 Image size of job updated: 4385400
	4283  -  MemoryUsage of job (MB)
	4385400  -  ResidentSetSize of job (KB)
...
006 (7187254.004.000) 08/26 10:58:38 Image size of job updated: 4717100
	4607  -  MemoryUsage of job (MB)
	4717100  -  ResidentSetSize of job (KB)
...
006 (7187254.004.000) 08/26 11:03:38 Image size of job updated: 5071812
	4953  -  MemoryUsage of job (MB)
	5071812  -  ResidentSetSize of job (KB)
...
006 (7187254.004.000) 08/26 11:08:39 Image size of job updated: 5379416
	5254  -  MemoryUsage of job (MB)
	5379416  -  ResidentSetSize of job (KB)
...
006 (7187254.004.000) 08/26 11:13:40 Image size of job updated: 5743112
	5609  -  MemoryUsage of job (MB)
	5743112  -  ResidentSetSize of job (KB)
...
006 (7187254.004.000) 08/26 11:18:40 Image size of job updated: 6102528
	5960  -  MemoryUsage of job (MB)
	6102528  -  ResidentSetSize of job (KB)
...
006 (7187254.004.000) 08/26 11:23:40 Image size of job updated: 6492808
	6341  -  MemoryUsage of job (MB)
	6492808  -  ResidentSetSize of job (KB)
...
006 (7187254.004.000) 08/26 11:28:41 Image size of job updated: 6781852
	6568  -  MemoryUsage of job (MB)
	6725264  -  ResidentSetSize of job (KB)
...
006 (7187254.004.000) 08/26 11:43:42 Image size of job updated: 6978492
	6815  -  MemoryUsage of job (MB)
	6978492  -  ResidentSetSize of job (KB)
...
006 (7187254.004.000) 08/26 11:48:42 Image size of job updated: 7331192
	7160  -  MemoryUsage of job (MB)
	7331192  -  ResidentSetSize of job (KB)
...
006 (7187254.004.000) 08/26 11:53:42 Image size of job updated: 7364480
	7160  -  MemoryUsage of job (MB)
	7331192  -  ResidentSetSize of job (KB)
...
006 (7187254.004.000) 08/26 12:03:43 Image size of job updated: 7588728
	7411  -  MemoryUsage of job (MB)
	7588728  -  ResidentSetSize of job (KB)
...
006 (7187254.004.000) 08/26 12:08:43 Image size of job updated: 7976460
	7790  -  MemoryUsage of job (MB)
	7976460  -  ResidentSetSize of job (KB)
...
006 (7187254.004.000) 08/26 12:13:44 Image size of job updated: 8103908
	7791  -  MemoryUsage of job (MB)
	7977460  -  ResidentSetSize of job (KB)
...
040 (7187254.004.000) 08/26 12:25:47 Started transferring output files
...
040 (7187254.004.000) 08/26 12:25:47 Finished transferring output files
...
005 (7187254.004.000) 08/26 12:25:47 Job terminated.
	(1) Normal termination (return value 50)
		Usr 0 01:50:27, Sys 0 00:01:13  -  Run Remote Usage
		Usr 0 00:00:00, Sys 0 00:00:00  -  Run Local Usage
		Usr 0 01:50:27, Sys 0 00:01:13  -  Total Remote Usage
		Usr 0 00:00:00, Sys 0 00:00:00  -  Total Local Usage
	20334  -  Run Bytes Sent By Job
	2934  -  Run Bytes Received By Job
	20334  -  Total Bytes Sent By Job
	2934  -  Total Bytes Received By Job
	Partitionable Resources :      Usage  Request Allocated 
	   Cpus                 :       1.00        1         1 
	   Disk (KB)            : 7287839           3   2935861 
	   Memory (MB)          :    7791        2000      2000 

	Job terminated of its own accord at 2024-08-26T10:25:47Z with exit-code 50.
...
