000 (7187735.001.000) 08/28 06:02:04 Job submitted from host: <137.138.44.55:9618?addrs=137.138.44.55-9618+[2001-1458-d00-1a--48]-9618&alias=bigbird17.cern.ch&noUDP&sock=schedd_23962_8474>
...
040 (7187735.001.000) 08/28 06:30:58 Started transferring input files
	Transferring to host: <188.185.198.111:9618?addrs=188.185.198.111-9618+[2001-1458-303-25--100-6b]-9618&alias=b9p15p4924.cern.ch&noUDP&sock=slot1_39_11906_9a9d_14198>
...
040 (7187735.001.000) 08/28 06:30:58 Finished transferring input files
...
001 (7187735.001.000) 08/28 06:30:59 Job executing on host: <188.185.198.111:9618?addrs=188.185.198.111-9618+[2001-1458-303-25--100-6b]-9618&alias=b9p15p4924.cern.ch&noUDP&sock=startd_11856_ceef>
	SlotName: slot1_39@b9p15p4924.cern.ch
	CondorScratchDir = "/pool/condor/dir_4133360"
	Cpus = 1
	Disk = 3299756
	Memory = 2000
...
006 (7187735.001.000) 08/28 06:31:07 Image size of job updated: 111396
	109  -  MemoryUsage of job (MB)
	110888  -  ResidentSetSize of job (KB)
...
006 (7187735.001.000) 08/28 06:36:07 Image size of job updated: 1076132
	745  -  MemoryUsage of job (MB)
	762008  -  ResidentSetSize of job (KB)
...
006 (7187735.001.000) 08/28 06:41:07 Image size of job updated: 1076132
	956  -  MemoryUsage of job (MB)
	978636  -  ResidentSetSize of job (KB)
...
006 (7187735.001.000) 08/28 06:46:07 Image size of job updated: 1076132
	1035  -  MemoryUsage of job (MB)
	1059000  -  ResidentSetSize of job (KB)
...
006 (7187735.001.000) 08/28 06:51:08 Image size of job updated: 1188320
	1161  -  MemoryUsage of job (MB)
	1188316  -  ResidentSetSize of job (KB)
...
006 (7187735.001.000) 08/28 06:56:08 Image size of job updated: 1317984
	1286  -  MemoryUsage of job (MB)
	1316852  -  ResidentSetSize of job (KB)
...
006 (7187735.001.000) 08/28 07:01:09 Image size of job updated: 1441428
	1393  -  MemoryUsage of job (MB)
	1425928  -  ResidentSetSize of job (KB)
...
006 (7187735.001.000) 08/28 07:06:09 Image size of job updated: 1549264
	1498  -  MemoryUsage of job (MB)
	1533864  -  ResidentSetSize of job (KB)
...
006 (7187735.001.000) 08/28 07:11:11 Image size of job updated: 1722780
	1622  -  MemoryUsage of job (MB)
	1660448  -  ResidentSetSize of job (KB)
...
006 (7187735.001.000) 08/28 07:16:11 Image size of job updated: 1722780
	1655  -  MemoryUsage of job (MB)
	1693932  -  ResidentSetSize of job (KB)
...
006 (7187735.001.000) 08/28 07:21:11 Image size of job updated: 3917760
	3826  -  MemoryUsage of job (MB)
	3917760  -  ResidentSetSize of job (KB)
...
006 (7187735.001.000) 08/28 07:26:12 Image size of job updated: 4215556
	4117  -  MemoryUsage of job (MB)
	4215556  -  ResidentSetSize of job (KB)
...
006 (7187735.001.000) 08/28 07:31:12 Image size of job updated: 4525904
	4420  -  MemoryUsage of job (MB)
	4525904  -  ResidentSetSize of job (KB)
...
006 (7187735.001.000) 08/28 07:36:13 Image size of job updated: 4839292
	4726  -  MemoryUsage of job (MB)
	4839292  -  ResidentSetSize of job (KB)
...
006 (7187735.001.000) 08/28 07:41:13 Image size of job updated: 5129876
	5010  -  MemoryUsage of job (MB)
	5129876  -  ResidentSetSize of job (KB)
...
006 (7187735.001.000) 08/28 07:46:14 Image size of job updated: 5492152
	5364  -  MemoryUsage of job (MB)
	5492152  -  ResidentSetSize of job (KB)
...
006 (7187735.001.000) 08/28 07:47:34 Image size of job updated: 5504696
	5364  -  MemoryUsage of job (MB)
	5492152  -  ResidentSetSize of job (KB)
...
040 (7187735.001.000) 08/28 07:47:34 Started transferring output files
...
040 (7187735.001.000) 08/28 07:47:34 Finished transferring output files
...
005 (7187735.001.000) 08/28 07:47:34 Job terminated.
	(1) Normal termination (return value 50)
		Usr 0 01:13:27, Sys 0 00:01:20  -  Run Remote Usage
		Usr 0 00:00:00, Sys 0 00:00:00  -  Run Local Usage
		Usr 0 01:13:27, Sys 0 00:01:20  -  Total Remote Usage
		Usr 0 00:00:00, Sys 0 00:00:00  -  Total Local Usage
	22287  -  Run Bytes Sent By Job
	2940  -  Run Bytes Received By Job
	22287  -  Total Bytes Sent By Job
	2940  -  Total Bytes Received By Job
	Partitionable Resources :      Usage  Request Allocated 
	   Cpus                 :       0.99        1         1 
	   Disk (KB)            : 2239150           3   3299756 
	   Memory (MB)          :    5364        2000      2000 

	Job terminated of its own accord at 2024-08-28T05:47:34Z with exit-code 50.
...
