000 (7187302.002.000) 08/26 07:55:55 Job submitted from host: <137.138.44.55:9618?addrs=137.138.44.55-9618+[2001-1458-d00-1a--48]-9618&alias=bigbird17.cern.ch&noUDP&sock=schedd_23962_8474>
...
040 (7187302.002.000) 08/27 19:26:06 Started transferring input files
	Transferring to host: <188.185.92.146:9618?addrs=188.185.92.146-9618+[2001-1458-d00-6c--100-1c5]-9618&alias=b9g57n0713.cern.ch&noUDP&sock=slot1_1_15784_017b_109253>
...
040 (7187302.002.000) 08/27 19:26:06 Finished transferring input files
...
001 (7187302.002.000) 08/27 19:26:07 Job executing on host: <188.185.92.146:9618?addrs=188.185.92.146-9618+[2001-1458-d00-6c--100-1c5]-9618&alias=b9g57n0713.cern.ch&noUDP&sock=startd_14967_b211>
	SlotName: slot1_1@b9g57n0713.cern.ch
	AvailableGPUs = { GPUs_GPU_8e36ebf7 }
	CondorScratchDir = "/pool/condor/dir_858320"
	Cpus = 1
	Disk = 330859
	GPUs = 1
	GPUs_GPU_8e36ebf7 = [ GlobalMemoryMb = 40326; MaxSupportedVersion = 12040; DriverVersion = 12.4; DeviceUuid = "8e36ebf7-cfeb-baed-bbe4-21263bcdba53"; DeviceName = "NVIDIA A100-PCIE-40GB"; CoresPerCU = 64; ECCEnabled = true; ComputeUnits = 108; ClockMhz = 1410.0; Id = "GPU-8e36ebf7"; DevicePciBusId = "0000:06:00.0"; Capability = 8.0 ]
	Memory = 2000
...
006 (7187302.002.000) 08/27 19:26:16 Image size of job updated: 1437356
	912  -  MemoryUsage of job (MB)
	933856  -  ResidentSetSize of job (KB)
...
006 (7187302.002.000) 08/27 19:31:16 Image size of job updated: 1652820
	1568  -  MemoryUsage of job (MB)
	1605472  -  ResidentSetSize of job (KB)
...
006 (7187302.002.000) 08/27 19:36:17 Image size of job updated: 2174124
	2108  -  MemoryUsage of job (MB)
	2158232  -  ResidentSetSize of job (KB)
...
006 (7187302.002.000) 08/27 19:41:17 Image size of job updated: 2650380
	2554  -  MemoryUsage of job (MB)
	2615000  -  ResidentSetSize of job (KB)
...
006 (7187302.002.000) 08/27 19:46:17 Image size of job updated: 3222568
	2978  -  MemoryUsage of job (MB)
	3049188  -  ResidentSetSize of job (KB)
...
006 (7187302.002.000) 08/27 19:51:18 Image size of job updated: 3222568
	3120  -  MemoryUsage of job (MB)
	3194576  -  ResidentSetSize of job (KB)
...
006 (7187302.002.000) 08/27 19:56:18 Image size of job updated: 5883872
	5746  -  MemoryUsage of job (MB)
	5883872  -  ResidentSetSize of job (KB)
...
006 (7187302.002.000) 08/27 20:01:19 Image size of job updated: 6713904
	6557  -  MemoryUsage of job (MB)
	6713904  -  ResidentSetSize of job (KB)
...
006 (7187302.002.000) 08/27 20:06:19 Image size of job updated: 7545544
	7369  -  MemoryUsage of job (MB)
	7545544  -  ResidentSetSize of job (KB)
...
006 (7187302.002.000) 08/27 20:11:19 Image size of job updated: 8343636
	8149  -  MemoryUsage of job (MB)
	8343636  -  ResidentSetSize of job (KB)
...
006 (7187302.002.000) 08/27 20:16:20 Image size of job updated: 9180796
	8966  -  MemoryUsage of job (MB)
	9180796  -  ResidentSetSize of job (KB)
...
006 (7187302.002.000) 08/27 20:21:20 Image size of job updated: 9824636
	8966  -  MemoryUsage of job (MB)
	9181052  -  ResidentSetSize of job (KB)
...
006 (7187302.002.000) 08/27 20:26:22 Image size of job updated: 9824636
	9436  -  MemoryUsage of job (MB)
	9661728  -  ResidentSetSize of job (KB)
...
006 (7187302.002.000) 08/27 20:31:22 Image size of job updated: 10500636
	10255  -  MemoryUsage of job (MB)
	10500636  -  ResidentSetSize of job (KB)
...
006 (7187302.002.000) 08/27 20:36:22 Image size of job updated: 11340824
	11076  -  MemoryUsage of job (MB)
	11340824  -  ResidentSetSize of job (KB)
...
006 (7187302.002.000) 08/27 20:38:24 Image size of job updated: 11484440
	11076  -  MemoryUsage of job (MB)
	11340824  -  ResidentSetSize of job (KB)
...
040 (7187302.002.000) 08/27 20:38:24 Started transferring output files
...
040 (7187302.002.000) 08/27 20:38:24 Finished transferring output files
...
005 (7187302.002.000) 08/27 20:38:24 Job terminated.
	(1) Normal termination (return value 50)
		Usr 0 01:04:19, Sys 0 00:05:36  -  Run Remote Usage
		Usr 0 00:00:00, Sys 0 00:00:00  -  Run Local Usage
		Usr 0 01:04:19, Sys 0 00:05:36  -  Total Remote Usage
		Usr 0 00:00:00, Sys 0 00:00:00  -  Total Local Usage
	43495  -  Run Bytes Sent By Job
	2929  -  Run Bytes Received By Job
	43495  -  Total Bytes Sent By Job
	2929  -  Total Bytes Received By Job
	Partitionable Resources :      Usage  Request Allocated Assigned
	   Cpus                 :       1.00        1         1 
	   Disk (KB)            : 7957822           3    330859 
	   Gpus (Average)       :       0.00        1         1 "GPU-8e36ebf7"
	   GpusMemory (MB)      :    1077                       
	   Memory (MB)          :   11076        2000      2000 

	Job terminated of its own accord at 2024-08-27T18:38:24Z with exit-code 50.
...
