000 (7197996.003.000) 09/06 11:06:19 Job submitted from host: <137.138.44.55:9618?addrs=137.138.44.55-9618+[2001-1458-d00-1a--48]-9618&alias=bigbird17.cern.ch&noUDP&sock=schedd_23962_8474>
...
040 (7197996.003.000) 09/06 11:55:06 Started transferring input files
	Transferring to host: <128.142.248.197:9618?addrs=128.142.248.197-9618+[2001-1458-301-73--100-c4]-9618&alias=b9g23p2961.cern.ch&noUDP&sock=slot1_51_2232953_240b_5320>
...
040 (7197996.003.000) 09/06 11:55:06 Finished transferring input files
...
001 (7197996.003.000) 09/06 11:55:07 Job executing on host: <128.142.248.197:9618?addrs=128.142.248.197-9618+[2001-1458-301-73--100-c4]-9618&alias=b9g23p2961.cern.ch&noUDP&sock=startd_5911_0866>
	SlotName: slot1_51@b9g23p2961.cern.ch
	CondorScratchDir = "/pool/condor/dir_11544"
	Cpus = 1
	Disk = 3048820
	Memory = 2000
...
006 (7197996.003.000) 09/06 11:55:16 Image size of job updated: 3
	0  -  MemoryUsage of job (MB)
	0  -  ResidentSetSize of job (KB)
...
006 (7197996.003.000) 09/06 12:00:16 Image size of job updated: 792612
	582  -  MemoryUsage of job (MB)
	595612  -  ResidentSetSize of job (KB)
...
006 (7197996.003.000) 09/06 12:05:16 Image size of job updated: 792612
	598  -  MemoryUsage of job (MB)
	612336  -  ResidentSetSize of job (KB)
...
006 (7197996.003.000) 09/07 00:31:32 Image size of job updated: 1033312
	1009  -  MemoryUsage of job (MB)
	1033056  -  ResidentSetSize of job (KB)
...
006 (7197996.003.000) 09/07 00:36:32 Image size of job updated: 4604920
	4497  -  MemoryUsage of job (MB)
	4604700  -  ResidentSetSize of job (KB)
...
006 (7197996.003.000) 09/07 00:41:33 Image size of job updated: 4725752
	4615  -  MemoryUsage of job (MB)
	4725752  -  ResidentSetSize of job (KB)
...
006 (7197996.003.000) 09/07 00:46:33 Image size of job updated: 4847396
	4734  -  MemoryUsage of job (MB)
	4847396  -  ResidentSetSize of job (KB)
...
006 (7197996.003.000) 09/07 00:47:44 Image size of job updated: 4861780
	4734  -  MemoryUsage of job (MB)
	4847396  -  ResidentSetSize of job (KB)
...
040 (7197996.003.000) 09/07 00:47:44 Started transferring output files
...
040 (7197996.003.000) 09/07 00:47:44 Finished transferring output files
...
005 (7197996.003.000) 09/07 00:47:45 Job terminated.
	(1) Normal termination (return value 50)
		Usr 0 12:32:37, Sys 0 00:03:43  -  Run Remote Usage
		Usr 0 00:00:00, Sys 0 00:00:00  -  Run Local Usage
		Usr 0 12:32:37, Sys 0 00:03:43  -  Total Remote Usage
		Usr 0 00:00:00, Sys 0 00:00:00  -  Total Local Usage
	58168  -  Run Bytes Sent By Job
	2930  -  Run Bytes Received By Job
	58168  -  Total Bytes Sent By Job
	2930  -  Total Bytes Received By Job
	Partitionable Resources :     Usage  Request Allocated 
	   Cpus                 :      0.97        1         1 
	   Disk (KB)            : 958890           3   3048820 
	   Memory (MB)          :   4734        2000      2000 

	Job terminated of its own accord at 2024-09-06T22:47:44Z with exit-code 50.
...
