000 (7197996.007.000) 09/06 11:06:19 Job submitted from host: <137.138.44.55:9618?addrs=137.138.44.55-9618+[2001-1458-d00-1a--48]-9618&alias=bigbird17.cern.ch&noUDP&sock=schedd_23962_8474>
...
040 (7197996.007.000) 09/06 11:55:08 Started transferring input files
	Transferring to host: <128.142.248.197:9618?addrs=128.142.248.197-9618+[2001-1458-301-73--100-c4]-9618&alias=b9g23p2961.cern.ch&noUDP&sock=slot1_53_2232953_240b_5322>
...
040 (7197996.007.000) 09/06 11:55:08 Finished transferring input files
...
001 (7197996.007.000) 09/06 11:55:09 Job executing on host: <128.142.248.197:9618?addrs=128.142.248.197-9618+[2001-1458-301-73--100-c4]-9618&alias=b9g23p2961.cern.ch&noUDP&sock=startd_5911_0866>
	SlotName: slot1_53@b9g23p2961.cern.ch
	CondorScratchDir = "/pool/condor/dir_11674"
	Cpus = 1
	Disk = 3048820
	Memory = 2000
...
006 (7197996.007.000) 09/06 11:55:18 Image size of job updated: 3
	0  -  MemoryUsage of job (MB)
	0  -  ResidentSetSize of job (KB)
...
006 (7197996.007.000) 09/06 12:00:20 Image size of job updated: 794332
	569  -  MemoryUsage of job (MB)
	582036  -  ResidentSetSize of job (KB)
...
006 (7197996.007.000) 09/06 12:05:20 Image size of job updated: 794332
	598  -  MemoryUsage of job (MB)
	611636  -  ResidentSetSize of job (KB)
...
006 (7197996.007.000) 09/06 12:35:24 Image size of job updated: 794332
	600  -  MemoryUsage of job (MB)
	614092  -  ResidentSetSize of job (KB)
...
006 (7197996.007.000) 09/06 12:40:25 Image size of job updated: 794332
	623  -  MemoryUsage of job (MB)
	637236  -  ResidentSetSize of job (KB)
...
006 (7197996.007.000) 09/06 12:45:25 Image size of job updated: 794332
	627  -  MemoryUsage of job (MB)
	641232  -  ResidentSetSize of job (KB)
...
006 (7197996.007.000) 09/06 12:50:26 Image size of job updated: 794332
	627  -  MemoryUsage of job (MB)
	641804  -  ResidentSetSize of job (KB)
...
006 (7197996.007.000) 09/07 00:36:40 Image size of job updated: 2033168
	1986  -  MemoryUsage of job (MB)
	2032912  -  ResidentSetSize of job (KB)
...
006 (7197996.007.000) 09/07 00:41:40 Image size of job updated: 3416324
	3337  -  MemoryUsage of job (MB)
	3416320  -  ResidentSetSize of job (KB)
...
006 (7197996.007.000) 09/07 00:46:41 Image size of job updated: 3546884
	3464  -  MemoryUsage of job (MB)
	3546884  -  ResidentSetSize of job (KB)
...
006 (7197996.007.000) 09/07 00:51:41 Image size of job updated: 3666276
	3464  -  MemoryUsage of job (MB)
	3546884  -  ResidentSetSize of job (KB)
...
040 (7197996.007.000) 09/07 00:51:47 Started transferring output files
...
040 (7197996.007.000) 09/07 00:51:47 Finished transferring output files
...
005 (7197996.007.000) 09/07 00:51:47 Job terminated.
	(1) Normal termination (return value 50)
		Usr 0 12:36:53, Sys 0 00:03:40  -  Run Remote Usage
		Usr 0 00:00:00, Sys 0 00:00:00  -  Run Local Usage
		Usr 0 12:36:53, Sys 0 00:03:40  -  Total Remote Usage
		Usr 0 00:00:00, Sys 0 00:00:00  -  Total Local Usage
	58168  -  Run Bytes Sent By Job
	2930  -  Run Bytes Received By Job
	58168  -  Total Bytes Sent By Job
	2930  -  Total Bytes Received By Job
	Partitionable Resources :     Usage  Request Allocated 
	   Cpus                 :      0.98        1         1 
	   Disk (KB)            : 960575           3   3048820 
	   Memory (MB)          :   3464        2000      2000 

	Job terminated of its own accord at 2024-09-06T22:51:47Z with exit-code 50.
...
