000 (7187326.004.000) 08/26 07:57:05 Job submitted from host: <137.138.44.55:9618?addrs=137.138.44.55-9618+[2001-1458-d00-1a--48]-9618&alias=bigbird17.cern.ch&noUDP&sock=schedd_23962_8474>
...
040 (7187326.004.000) 08/28 19:15:50 Started transferring input files
	Transferring to host: <188.185.92.231:9618?addrs=188.185.92.231-9618+[2001-1458-d00-6c--100-38b]-9618&alias=b9g57n1521.cern.ch&noUDP&sock=slot1_1_16420_2015_109709>
...
040 (7187326.004.000) 08/28 19:15:50 Finished transferring input files
...
001 (7187326.004.000) 08/28 19:15:51 Job executing on host: <188.185.92.231:9618?addrs=188.185.92.231-9618+[2001-1458-d00-6c--100-38b]-9618&alias=b9g57n1521.cern.ch&noUDP&sock=startd_16008_bc28>
	SlotName: slot1_1@b9g57n1521.cern.ch
	AvailableGPUs = { GPUs_GPU_a841436e }
	CondorScratchDir = "/pool/condor/dir_731899"
	Cpus = 1
	Disk = 313517
	GPUs = 1
	GPUs_GPU_a841436e = [ GlobalMemoryMb = 40326; MaxSupportedVersion = 12040; DriverVersion = 12.4; DeviceUuid = "a841436e-1cae-5da0-0a02-7b844fb8ca33"; DeviceName = "NVIDIA A100-PCIE-40GB"; CoresPerCU = 64; ECCEnabled = true; ComputeUnits = 108; ClockMhz = 1410.0; Id = "GPU-a841436e"; DevicePciBusId = "0000:06:00.0"; Capability = 8.0 ]
	Memory = 2000
...
006 (7187326.004.000) 08/28 19:16:00 Image size of job updated: 19229868
	13449  -  MemoryUsage of job (MB)
	13771508  -  ResidentSetSize of job (KB)
...
006 (7187326.004.000) 08/28 19:21:00 Image size of job updated: 19229868
	14237  -  MemoryUsage of job (MB)
	14578680  -  ResidentSetSize of job (KB)
...
006 (7187326.004.000) 08/28 19:26:01 Image size of job updated: 19229868
	14335  -  MemoryUsage of job (MB)
	14678480  -  ResidentSetSize of job (KB)
...
006 (7187326.004.000) 08/28 19:36:02 Image size of job updated: 19229868
	14376  -  MemoryUsage of job (MB)
	14720288  -  ResidentSetSize of job (KB)
...
006 (7187326.004.000) 08/28 19:41:02 Image size of job updated: 19229868
	14598  -  MemoryUsage of job (MB)
	14948252  -  ResidentSetSize of job (KB)
...
006 (7187326.004.000) 08/28 19:46:03 Image size of job updated: 19229868
	14851  -  MemoryUsage of job (MB)
	15206480  -  ResidentSetSize of job (KB)
...
006 (7187326.004.000) 08/28 19:51:03 Image size of job updated: 19229868
	14990  -  MemoryUsage of job (MB)
	15349088  -  ResidentSetSize of job (KB)
...
006 (7187326.004.000) 08/28 20:06:05 Image size of job updated: 19229868
	15022  -  MemoryUsage of job (MB)
	15381732  -  ResidentSetSize of job (KB)
...
006 (7187326.004.000) 08/28 20:11:05 Image size of job updated: 19229868
	15230  -  MemoryUsage of job (MB)
	15594976  -  ResidentSetSize of job (KB)
...
006 (7187326.004.000) 08/28 20:16:05 Image size of job updated: 19229868
	15780  -  MemoryUsage of job (MB)
	16158116  -  ResidentSetSize of job (KB)
...
006 (7187326.004.000) 08/28 20:26:06 Image size of job updated: 19229868
	16011  -  MemoryUsage of job (MB)
	16395156  -  ResidentSetSize of job (KB)
...
006 (7187326.004.000) 08/28 20:41:08 Image size of job updated: 19229868
	17794  -  MemoryUsage of job (MB)
	18220408  -  ResidentSetSize of job (KB)
...
006 (7187326.004.000) 08/28 20:51:09 Image size of job updated: 19229868
	18342  -  MemoryUsage of job (MB)
	18782028  -  ResidentSetSize of job (KB)
...
006 (7187326.004.000) 08/28 21:21:13 Image size of job updated: 19327732
	18492  -  MemoryUsage of job (MB)
	18935032  -  ResidentSetSize of job (KB)
...
006 (7187326.004.000) 08/28 21:26:13 Image size of job updated: 19481888
	18675  -  MemoryUsage of job (MB)
	19122468  -  ResidentSetSize of job (KB)
...
006 (7187326.004.000) 08/28 21:31:14 Image size of job updated: 19516524
	18675  -  MemoryUsage of job (MB)
	19122468  -  ResidentSetSize of job (KB)
...
006 (7187326.004.000) 08/28 21:56:16 Image size of job updated: 19804184
	18675  -  MemoryUsage of job (MB)
	19122468  -  ResidentSetSize of job (KB)
...
006 (7187326.004.000) 08/28 22:01:16 Image size of job updated: 19926396
	18675  -  MemoryUsage of job (MB)
	19122468  -  ResidentSetSize of job (KB)
...
006 (7187326.004.000) 08/28 22:31:20 Image size of job updated: 19926396
	19157  -  MemoryUsage of job (MB)
	19616020  -  ResidentSetSize of job (KB)
...
006 (7187326.004.000) 08/28 22:36:20 Image size of job updated: 20041236
	19157  -  MemoryUsage of job (MB)
	19616020  -  ResidentSetSize of job (KB)
...
006 (7187326.004.000) 08/28 22:51:22 Image size of job updated: 20321116
	19494  -  MemoryUsage of job (MB)
	19961636  -  ResidentSetSize of job (KB)
...
006 (7187326.004.000) 08/28 22:56:22 Image size of job updated: 20378892
	19901  -  MemoryUsage of job (MB)
	20378124  -  ResidentSetSize of job (KB)
...
006 (7187326.004.000) 08/28 23:01:23 Image size of job updated: 20431440
	19901  -  MemoryUsage of job (MB)
	20378124  -  ResidentSetSize of job (KB)
...
006 (7187326.004.000) 08/28 23:26:26 Image size of job updated: 20991436
	20500  -  MemoryUsage of job (MB)
	20991436  -  ResidentSetSize of job (KB)
...
006 (7187326.004.000) 08/28 23:31:26 Image size of job updated: 21390960
	20890  -  MemoryUsage of job (MB)
	21390960  -  ResidentSetSize of job (KB)
...
006 (7187326.004.000) 08/28 23:36:27 Image size of job updated: 21789444
	21279  -  MemoryUsage of job (MB)
	21789444  -  ResidentSetSize of job (KB)
...
006 (7187326.004.000) 08/28 23:41:27 Image size of job updated: 22188492
	21669  -  MemoryUsage of job (MB)
	22188492  -  ResidentSetSize of job (KB)
...
006 (7187326.004.000) 08/28 23:46:28 Image size of job updated: 22262016
	21669  -  MemoryUsage of job (MB)
	22188492  -  ResidentSetSize of job (KB)
...
006 (7187326.004.000) 08/28 23:56:29 Image size of job updated: 22262016
	21678  -  MemoryUsage of job (MB)
	22197396  -  ResidentSetSize of job (KB)
...
006 (7187326.004.000) 08/29 00:01:29 Image size of job updated: 22599708
	22071  -  MemoryUsage of job (MB)
	22599708  -  ResidentSetSize of job (KB)
...
006 (7187326.004.000) 08/29 00:06:30 Image size of job updated: 23004536
	22466  -  MemoryUsage of job (MB)
	23004536  -  ResidentSetSize of job (KB)
...
006 (7187326.004.000) 08/29 00:11:30 Image size of job updated: 23408516
	22860  -  MemoryUsage of job (MB)
	23408516  -  ResidentSetSize of job (KB)
...
006 (7187326.004.000) 08/29 00:16:32 Image size of job updated: 23813940
	23256  -  MemoryUsage of job (MB)
	23813940  -  ResidentSetSize of job (KB)
...
006 (7187326.004.000) 08/29 00:21:32 Image size of job updated: 24213756
	23647  -  MemoryUsage of job (MB)
	24213756  -  ResidentSetSize of job (KB)
...
006 (7187326.004.000) 08/29 00:26:32 Image size of job updated: 24615552
	24039  -  MemoryUsage of job (MB)
	24615552  -  ResidentSetSize of job (KB)
...
006 (7187326.004.000) 08/29 00:31:33 Image size of job updated: 25016164
	24430  -  MemoryUsage of job (MB)
	25016164  -  ResidentSetSize of job (KB)
...
006 (7187326.004.000) 08/29 00:36:33 Image size of job updated: 25418652
	24823  -  MemoryUsage of job (MB)
	25418652  -  ResidentSetSize of job (KB)
...
006 (7187326.004.000) 08/29 00:41:34 Image size of job updated: 25822188
	25217  -  MemoryUsage of job (MB)
	25822188  -  ResidentSetSize of job (KB)
...
006 (7187326.004.000) 08/29 00:46:34 Image size of job updated: 26224184
	25610  -  MemoryUsage of job (MB)
	26224184  -  ResidentSetSize of job (KB)
...
006 (7187326.004.000) 08/29 00:51:35 Image size of job updated: 26622596
	25999  -  MemoryUsage of job (MB)
	26622596  -  ResidentSetSize of job (KB)
...
006 (7187326.004.000) 08/29 00:56:35 Image size of job updated: 26945476
	25999  -  MemoryUsage of job (MB)
	26622596  -  ResidentSetSize of job (KB)
...
040 (7187326.004.000) 08/29 00:56:42 Started transferring output files
...
040 (7187326.004.000) 08/29 00:56:42 Finished transferring output files
...
005 (7187326.004.000) 08/29 00:56:42 Job terminated.
	(1) Normal termination (return value 50)
		Usr 1 06:19:26, Sys 2 02:31:04  -  Run Remote Usage
		Usr 0 00:00:00, Sys 0 00:00:00  -  Run Local Usage
		Usr 1 06:19:26, Sys 2 02:31:04  -  Total Remote Usage
		Usr 0 00:00:00, Sys 0 00:00:00  -  Total Local Usage
	87273  -  Run Bytes Sent By Job
	2939  -  Run Bytes Received By Job
	87273  -  Total Bytes Sent By Job
	2939  -  Total Bytes Received By Job
	Partitionable Resources :      Usage  Request Allocated Assigned
	   Cpus                 :       1.01        1         1 
	   Disk (KB)            : 7698416           3    313517 
	   Gpus (Average)       :       0.12        1         1 "GPU-a841436e"
	   GpusMemory (MB)      :    6687                       
	   Memory (MB)          :   25999        2000      2000 

	Job terminated of its own accord at 2024-08-28T22:56:42Z with exit-code 50.
...
