000 (7187326.006.000) 08/26 07:57:05 Job submitted from host: <137.138.44.55:9618?addrs=137.138.44.55-9618+[2001-1458-d00-1a--48]-9618&alias=bigbird17.cern.ch&noUDP&sock=schedd_23962_8474>
...
040 (7187326.006.000) 08/28 19:36:26 Started transferring input files
	Transferring to host: <188.185.92.156:9618?addrs=188.185.92.156-9618+[2001-1458-d00-6c--100-10]-9618&alias=b9g57n5454.cern.ch&noUDP&sock=slot1_1_180816_fab2_71151>
...
040 (7187326.006.000) 08/28 19:36:26 Finished transferring input files
...
001 (7187326.006.000) 08/28 19:36:27 Job executing on host: <188.185.92.156:9618?addrs=188.185.92.156-9618+[2001-1458-d00-6c--100-10]-9618&alias=b9g57n5454.cern.ch&noUDP&sock=startd_151053_5f57>
	SlotName: slot1_1@b9g57n5454.cern.ch
	AvailableGPUs = { GPUs_GPU_d2642622 }
	CondorScratchDir = "/pool/condor/dir_331635"
	Cpus = 1
	Disk = 333924
	GPUs = 1
	GPUs_GPU_d2642622 = [ GlobalMemoryMb = 40326; MaxSupportedVersion = 12040; DriverVersion = 12.4; DeviceUuid = "d2642622-6ee9-8711-70c1-34935a235a2a"; DeviceName = "NVIDIA A100-PCIE-40GB"; CoresPerCU = 64; ECCEnabled = true; ComputeUnits = 108; ClockMhz = 1410.0; Id = "GPU-d2642622"; DevicePciBusId = "0000:06:00.0"; Capability = 8.0 ]
	Memory = 2000
...
006 (7187326.006.000) 08/28 19:36:36 Image size of job updated: 27372916
	14726  -  MemoryUsage of job (MB)
	15078464  -  ResidentSetSize of job (KB)
...
006 (7187326.006.000) 08/28 19:41:37 Image size of job updated: 27372916
	14953  -  MemoryUsage of job (MB)
	15311760  -  ResidentSetSize of job (KB)
...
006 (7187326.006.000) 08/28 19:46:37 Image size of job updated: 27372916
	14954  -  MemoryUsage of job (MB)
	15312528  -  ResidentSetSize of job (KB)
...
006 (7187326.006.000) 08/28 20:06:40 Image size of job updated: 27372916
	14993  -  MemoryUsage of job (MB)
	15352644  -  ResidentSetSize of job (KB)
...
006 (7187326.006.000) 08/28 20:11:40 Image size of job updated: 27372916
	15153  -  MemoryUsage of job (MB)
	15516408  -  ResidentSetSize of job (KB)
...
006 (7187326.006.000) 08/28 20:16:41 Image size of job updated: 27372916
	15593  -  MemoryUsage of job (MB)
	15966260  -  ResidentSetSize of job (KB)
...
006 (7187326.006.000) 08/28 20:46:43 Image size of job updated: 27372916
	15753  -  MemoryUsage of job (MB)
	16131064  -  ResidentSetSize of job (KB)
...
006 (7187326.006.000) 08/28 21:01:45 Image size of job updated: 27372916
	16175  -  MemoryUsage of job (MB)
	16562276  -  ResidentSetSize of job (KB)
...
006 (7187326.006.000) 08/28 21:11:46 Image size of job updated: 27372916
	18202  -  MemoryUsage of job (MB)
	18638140  -  ResidentSetSize of job (KB)
...
006 (7187326.006.000) 08/28 21:21:47 Image size of job updated: 27372916
	18434  -  MemoryUsage of job (MB)
	18875920  -  ResidentSetSize of job (KB)
...
006 (7187326.006.000) 08/28 21:36:48 Image size of job updated: 27372916
	18711  -  MemoryUsage of job (MB)
	19159656  -  ResidentSetSize of job (KB)
...
006 (7187326.006.000) 08/28 21:56:51 Image size of job updated: 27372916
	19027  -  MemoryUsage of job (MB)
	19482984  -  ResidentSetSize of job (KB)
...
006 (7187326.006.000) 08/28 22:21:53 Image size of job updated: 27372916
	19150  -  MemoryUsage of job (MB)
	19608620  -  ResidentSetSize of job (KB)
...
006 (7187326.006.000) 08/28 22:51:56 Image size of job updated: 27372916
	19580  -  MemoryUsage of job (MB)
	20049448  -  ResidentSetSize of job (KB)
...
006 (7187326.006.000) 08/28 22:56:57 Image size of job updated: 27372916
	19655  -  MemoryUsage of job (MB)
	20126176  -  ResidentSetSize of job (KB)
...
006 (7187326.006.000) 08/28 23:42:01 Image size of job updated: 27372916
	21055  -  MemoryUsage of job (MB)
	21560180  -  ResidentSetSize of job (KB)
...
006 (7187326.006.000) 08/28 23:47:02 Image size of job updated: 27372916
	21056  -  MemoryUsage of job (MB)
	21560436  -  ResidentSetSize of job (KB)
...
006 (7187326.006.000) 08/29 00:02:03 Image size of job updated: 27372916
	21418  -  MemoryUsage of job (MB)
	21931276  -  ResidentSetSize of job (KB)
...
006 (7187326.006.000) 08/29 00:07:03 Image size of job updated: 27372916
	21800  -  MemoryUsage of job (MB)
	22322744  -  ResidentSetSize of job (KB)
...
006 (7187326.006.000) 08/29 00:12:04 Image size of job updated: 27372916
	22167  -  MemoryUsage of job (MB)
	22698296  -  ResidentSetSize of job (KB)
...
006 (7187326.006.000) 08/29 00:17:04 Image size of job updated: 27372916
	22538  -  MemoryUsage of job (MB)
	23078456  -  ResidentSetSize of job (KB)
...
006 (7187326.006.000) 08/29 00:22:06 Image size of job updated: 27372916
	22915  -  MemoryUsage of job (MB)
	23464760  -  ResidentSetSize of job (KB)
...
006 (7187326.006.000) 08/29 00:27:06 Image size of job updated: 27372916
	23302  -  MemoryUsage of job (MB)
	23860536  -  ResidentSetSize of job (KB)
...
006 (7187326.006.000) 08/29 00:32:06 Image size of job updated: 27372916
	23688  -  MemoryUsage of job (MB)
	24256016  -  ResidentSetSize of job (KB)
...
006 (7187326.006.000) 08/29 00:37:07 Image size of job updated: 27372916
	24071  -  MemoryUsage of job (MB)
	24647952  -  ResidentSetSize of job (KB)
...
006 (7187326.006.000) 08/29 00:42:07 Image size of job updated: 27372916
	24457  -  MemoryUsage of job (MB)
	25042960  -  ResidentSetSize of job (KB)
...
006 (7187326.006.000) 08/29 00:47:09 Image size of job updated: 27372916
	24843  -  MemoryUsage of job (MB)
	25438496  -  ResidentSetSize of job (KB)
...
006 (7187326.006.000) 08/29 00:52:09 Image size of job updated: 27372916
	25232  -  MemoryUsage of job (MB)
	25837344  -  ResidentSetSize of job (KB)
...
006 (7187326.006.000) 08/29 00:57:09 Image size of job updated: 27372916
	25622  -  MemoryUsage of job (MB)
	26236448  -  ResidentSetSize of job (KB)
...
006 (7187326.006.000) 08/29 01:02:10 Image size of job updated: 27372916
	26011  -  MemoryUsage of job (MB)
	26635156  -  ResidentSetSize of job (KB)
...
006 (7187326.006.000) 08/29 01:07:10 Image size of job updated: 27372916
	26398  -  MemoryUsage of job (MB)
	27030584  -  ResidentSetSize of job (KB)
...
006 (7187326.006.000) 08/29 01:12:11 Image size of job updated: 27394572
	26398  -  MemoryUsage of job (MB)
	27030840  -  ResidentSetSize of job (KB)
...
040 (7187326.006.000) 08/29 01:12:55 Started transferring output files
...
040 (7187326.006.000) 08/29 01:12:55 Finished transferring output files
...
005 (7187326.006.000) 08/29 01:12:55 Job terminated.
	(1) Normal termination (return value 50)
		Usr 1 12:09:56, Sys 2 16:16:30  -  Run Remote Usage
		Usr 0 00:00:00, Sys 0 00:00:00  -  Run Local Usage
		Usr 1 12:09:56, Sys 2 16:16:30  -  Total Remote Usage
		Usr 0 00:00:00, Sys 0 00:00:00  -  Total Local Usage
	87256  -  Run Bytes Sent By Job
	2939  -  Run Bytes Received By Job
	87256  -  Total Bytes Sent By Job
	2939  -  Total Bytes Received By Job
	Partitionable Resources :      Usage  Request Allocated Assigned
	   Cpus                 :       1.00        1         1 
	   Disk (KB)            : 7675926           3    333924 
	   Gpus (Average)       :       0.12        1         1 "GPU-d2642622"
	   GpusMemory (MB)      :    6707                       
	   Memory (MB)          :   26398        2000      2000 

	Job terminated of its own accord at 2024-08-28T23:12:55Z with exit-code 50.
...
