000 (7187326.002.000) 08/26 07:57:05 Job submitted from host: <137.138.44.55:9618?addrs=137.138.44.55-9618+[2001-1458-d00-1a--48]-9618&alias=bigbird17.cern.ch&noUDP&sock=schedd_23962_8474>
...
040 (7187326.002.000) 08/28 18:45:45 Started transferring input files
	Transferring to host: <188.185.93.105:9618?addrs=188.185.93.105-9618+[2001-1458-d00-6c--100-242]-9618&alias=b9g57n8656.cern.ch&noUDP&sock=slot1_1_18300_c161_113407>
...
040 (7187326.002.000) 08/28 18:45:45 Finished transferring input files
...
001 (7187326.002.000) 08/28 18:45:46 Job executing on host: <188.185.93.105:9618?addrs=188.185.93.105-9618+[2001-1458-d00-6c--100-242]-9618&alias=b9g57n8656.cern.ch&noUDP&sock=startd_17874_a7e1>
	SlotName: slot1_1@b9g57n8656.cern.ch
	AvailableGPUs = { GPUs_GPU_8f5f97a2 }
	CondorScratchDir = "/pool/condor/dir_1326743"
	Cpus = 1
	Disk = 1457349
	GPUs = 1
	GPUs_GPU_8f5f97a2 = [ GlobalMemoryMb = 40326; MaxSupportedVersion = 12040; DriverVersion = 12.4; DeviceName = "NVIDIA A100-PCIE-40GB"; CoresPerCU = 64; ECCEnabled = true; ComputeUnits = 108; ClockMhz = 1410.0; Id = "GPU-8f5f97a2"; Capability = 8.0; DevicePciBusId = "0000:06:00.0"; DeviceUuid = "8f5f97a2-c8cf-cf5d-bd1a-0a219e343c73" ]
	Memory = 2000
...
006 (7187326.002.000) 08/28 18:45:55 Image size of job updated: 1083120
	597  -  MemoryUsage of job (MB)
	611200  -  ResidentSetSize of job (KB)
...
006 (7187326.002.000) 08/28 18:50:57 Image size of job updated: 1374324
	859  -  MemoryUsage of job (MB)
	878744  -  ResidentSetSize of job (KB)
...
006 (7187326.002.000) 08/28 18:55:57 Image size of job updated: 1447452
	1404  -  MemoryUsage of job (MB)
	1436840  -  ResidentSetSize of job (KB)
...
006 (7187326.002.000) 08/28 19:00:58 Image size of job updated: 1567740
	1426  -  MemoryUsage of job (MB)
	1459368  -  ResidentSetSize of job (KB)
...
006 (7187326.002.000) 08/28 19:05:58 Image size of job updated: 1723860
	1426  -  MemoryUsage of job (MB)
	1459368  -  ResidentSetSize of job (KB)
...
006 (7187326.002.000) 08/28 19:10:59 Image size of job updated: 1840256
	1426  -  MemoryUsage of job (MB)
	1459368  -  ResidentSetSize of job (KB)
...
006 (7187326.002.000) 08/28 19:15:59 Image size of job updated: 1891080
	1847  -  MemoryUsage of job (MB)
	1891080  -  ResidentSetSize of job (KB)
...
006 (7187326.002.000) 08/28 19:21:00 Image size of job updated: 1968904
	1847  -  MemoryUsage of job (MB)
	1891080  -  ResidentSetSize of job (KB)
...
006 (7187326.002.000) 08/28 19:31:00 Image size of job updated: 2142416
	1847  -  MemoryUsage of job (MB)
	1891080  -  ResidentSetSize of job (KB)
...
006 (7187326.002.000) 08/28 19:36:01 Image size of job updated: 2210192
	1847  -  MemoryUsage of job (MB)
	1891080  -  ResidentSetSize of job (KB)
...
006 (7187326.002.000) 08/28 19:41:01 Image size of job updated: 2291844
	1847  -  MemoryUsage of job (MB)
	1891080  -  ResidentSetSize of job (KB)
...
006 (7187326.002.000) 08/28 19:46:02 Image size of job updated: 2383116
	2216  -  MemoryUsage of job (MB)
	2269056  -  ResidentSetSize of job (KB)
...
006 (7187326.002.000) 08/28 19:51:02 Image size of job updated: 2429460
	2301  -  MemoryUsage of job (MB)
	2355232  -  ResidentSetSize of job (KB)
...
006 (7187326.002.000) 08/28 19:56:03 Image size of job updated: 2490124
	2376  -  MemoryUsage of job (MB)
	2432464  -  ResidentSetSize of job (KB)
...
006 (7187326.002.000) 08/28 20:11:04 Image size of job updated: 4584620
	3475  -  MemoryUsage of job (MB)
	3557920  -  ResidentSetSize of job (KB)
...
006 (7187326.002.000) 08/28 20:16:05 Image size of job updated: 4718568
	3612  -  MemoryUsage of job (MB)
	3697860  -  ResidentSetSize of job (KB)
...
006 (7187326.002.000) 08/28 20:21:05 Image size of job updated: 4839596
	3615  -  MemoryUsage of job (MB)
	3701620  -  ResidentSetSize of job (KB)
...
006 (7187326.002.000) 08/28 20:26:06 Image size of job updated: 4843984
	4343  -  MemoryUsage of job (MB)
	4446764  -  ResidentSetSize of job (KB)
...
006 (7187326.002.000) 08/28 20:31:06 Image size of job updated: 4843984
	4344  -  MemoryUsage of job (MB)
	4447956  -  ResidentSetSize of job (KB)
...
006 (7187326.002.000) 08/28 20:36:07 Image size of job updated: 4843984
	4348  -  MemoryUsage of job (MB)
	4451548  -  ResidentSetSize of job (KB)
...
006 (7187326.002.000) 08/28 20:41:07 Image size of job updated: 4846308
	4348  -  MemoryUsage of job (MB)
	4451548  -  ResidentSetSize of job (KB)
...
006 (7187326.002.000) 08/28 20:46:08 Image size of job updated: 4975260
	4348  -  MemoryUsage of job (MB)
	4451548  -  ResidentSetSize of job (KB)
...
006 (7187326.002.000) 08/28 20:51:08 Image size of job updated: 5097244
	4348  -  MemoryUsage of job (MB)
	4451548  -  ResidentSetSize of job (KB)
...
006 (7187326.002.000) 08/28 20:56:09 Image size of job updated: 5133676
	4646  -  MemoryUsage of job (MB)
	4756668  -  ResidentSetSize of job (KB)
...
006 (7187326.002.000) 08/28 21:01:09 Image size of job updated: 5248368
	5126  -  MemoryUsage of job (MB)
	5248368  -  ResidentSetSize of job (KB)
...
006 (7187326.002.000) 08/28 21:06:11 Image size of job updated: 5390380
	5126  -  MemoryUsage of job (MB)
	5248368  -  ResidentSetSize of job (KB)
...
006 (7187326.002.000) 08/28 21:11:11 Image size of job updated: 5425592
	5126  -  MemoryUsage of job (MB)
	5248368  -  ResidentSetSize of job (KB)
...
006 (7187326.002.000) 08/28 21:16:11 Image size of job updated: 5646004
	5166  -  MemoryUsage of job (MB)
	5289100  -  ResidentSetSize of job (KB)
...
006 (7187326.002.000) 08/28 21:21:11 Image size of job updated: 5683012
	5530  -  MemoryUsage of job (MB)
	5662104  -  ResidentSetSize of job (KB)
...
006 (7187326.002.000) 08/28 21:26:13 Image size of job updated: 5684632
	5530  -  MemoryUsage of job (MB)
	5662104  -  ResidentSetSize of job (KB)
...
006 (7187326.002.000) 08/28 21:31:13 Image size of job updated: 5864212
	5530  -  MemoryUsage of job (MB)
	5662104  -  ResidentSetSize of job (KB)
...
006 (7187326.002.000) 08/28 21:36:13 Image size of job updated: 5992676
	5530  -  MemoryUsage of job (MB)
	5662104  -  ResidentSetSize of job (KB)
...
006 (7187326.002.000) 08/28 21:41:14 Image size of job updated: 6027628
	5530  -  MemoryUsage of job (MB)
	5662104  -  ResidentSetSize of job (KB)
...
006 (7187326.002.000) 08/28 21:46:14 Image size of job updated: 6087724
	5530  -  MemoryUsage of job (MB)
	5662104  -  ResidentSetSize of job (KB)
...
006 (7187326.002.000) 08/28 21:51:15 Image size of job updated: 6099264
	5530  -  MemoryUsage of job (MB)
	5662104  -  ResidentSetSize of job (KB)
...
006 (7187326.002.000) 08/28 21:56:15 Image size of job updated: 6110592
	5540  -  MemoryUsage of job (MB)
	5672780  -  ResidentSetSize of job (KB)
...
006 (7187326.002.000) 08/28 22:01:16 Image size of job updated: 6115680
	5661  -  MemoryUsage of job (MB)
	5796396  -  ResidentSetSize of job (KB)
...
006 (7187326.002.000) 08/28 22:06:16 Image size of job updated: 6119868
	5661  -  MemoryUsage of job (MB)
	5796396  -  ResidentSetSize of job (KB)
...
006 (7187326.002.000) 08/28 22:11:17 Image size of job updated: 6250908
	5661  -  MemoryUsage of job (MB)
	5796396  -  ResidentSetSize of job (KB)
...
006 (7187326.002.000) 08/28 22:36:20 Image size of job updated: 6336008
	5837  -  MemoryUsage of job (MB)
	5976536  -  ResidentSetSize of job (KB)
...
006 (7187326.002.000) 08/28 22:41:21 Image size of job updated: 6370544
	6009  -  MemoryUsage of job (MB)
	6152576  -  ResidentSetSize of job (KB)
...
006 (7187326.002.000) 08/28 22:46:21 Image size of job updated: 6511628
	6069  -  MemoryUsage of job (MB)
	6214136  -  ResidentSetSize of job (KB)
...
006 (7187326.002.000) 08/28 22:51:21 Image size of job updated: 6618752
	6113  -  MemoryUsage of job (MB)
	6259180  -  ResidentSetSize of job (KB)
...
006 (7187326.002.000) 08/28 22:56:22 Image size of job updated: 6748664
	6240  -  MemoryUsage of job (MB)
	6389316  -  ResidentSetSize of job (KB)
...
006 (7187326.002.000) 08/28 23:01:22 Image size of job updated: 6783264
	6400  -  MemoryUsage of job (MB)
	6552628  -  ResidentSetSize of job (KB)
...
006 (7187326.002.000) 08/28 23:26:25 Image size of job updated: 7922004
	7737  -  MemoryUsage of job (MB)
	7922004  -  ResidentSetSize of job (KB)
...
006 (7187326.002.000) 08/28 23:31:25 Image size of job updated: 8309324
	8115  -  MemoryUsage of job (MB)
	8309324  -  ResidentSetSize of job (KB)
...
006 (7187326.002.000) 08/28 23:36:26 Image size of job updated: 8699720
	8496  -  MemoryUsage of job (MB)
	8699720  -  ResidentSetSize of job (KB)
...
006 (7187326.002.000) 08/28 23:41:26 Image size of job updated: 9081748
	8496  -  MemoryUsage of job (MB)
	8699720  -  ResidentSetSize of job (KB)
...
006 (7187326.002.000) 08/28 23:56:28 Image size of job updated: 9081748
	8847  -  MemoryUsage of job (MB)
	9058804  -  ResidentSetSize of job (KB)
...
006 (7187326.002.000) 08/29 00:01:28 Image size of job updated: 9442292
	9221  -  MemoryUsage of job (MB)
	9442292  -  ResidentSetSize of job (KB)
...
006 (7187326.002.000) 08/29 00:06:30 Image size of job updated: 9829620
	9600  -  MemoryUsage of job (MB)
	9829620  -  ResidentSetSize of job (KB)
...
006 (7187326.002.000) 08/29 00:11:30 Image size of job updated: 10214644
	9976  -  MemoryUsage of job (MB)
	10214644  -  ResidentSetSize of job (KB)
...
006 (7187326.002.000) 08/29 00:16:30 Image size of job updated: 10598388
	10350  -  MemoryUsage of job (MB)
	10598388  -  ResidentSetSize of job (KB)
...
006 (7187326.002.000) 08/29 00:21:31 Image size of job updated: 10982388
	10725  -  MemoryUsage of job (MB)
	10982388  -  ResidentSetSize of job (KB)
...
006 (7187326.002.000) 08/29 00:26:31 Image size of job updated: 11361012
	11095  -  MemoryUsage of job (MB)
	11361012  -  ResidentSetSize of job (KB)
...
006 (7187326.002.000) 08/29 00:31:32 Image size of job updated: 11744500
	11470  -  MemoryUsage of job (MB)
	11744500  -  ResidentSetSize of job (KB)
...
006 (7187326.002.000) 08/29 00:36:32 Image size of job updated: 12126196
	11842  -  MemoryUsage of job (MB)
	12126196  -  ResidentSetSize of job (KB)
...
006 (7187326.002.000) 08/29 00:41:33 Image size of job updated: 12509428
	12217  -  MemoryUsage of job (MB)
	12509428  -  ResidentSetSize of job (KB)
...
006 (7187326.002.000) 08/29 00:46:33 Image size of job updated: 12893984
	12592  -  MemoryUsage of job (MB)
	12893984  -  ResidentSetSize of job (KB)
...
006 (7187326.002.000) 08/29 00:51:34 Image size of job updated: 13279204
	12968  -  MemoryUsage of job (MB)
	13279204  -  ResidentSetSize of job (KB)
...
006 (7187326.002.000) 08/29 00:56:34 Image size of job updated: 13670328
	13350  -  MemoryUsage of job (MB)
	13670328  -  ResidentSetSize of job (KB)
...
006 (7187326.002.000) 08/29 01:00:05 Image size of job updated: 13853624
	13351  -  MemoryUsage of job (MB)
	13670584  -  ResidentSetSize of job (KB)
...
040 (7187326.002.000) 08/29 01:00:06 Started transferring output files
...
040 (7187326.002.000) 08/29 01:00:06 Finished transferring output files
...
005 (7187326.002.000) 08/29 01:00:06 Job terminated.
	(1) Normal termination (return value 50)
		Usr 0 05:06:22, Sys 0 00:49:11  -  Run Remote Usage
		Usr 0 00:00:00, Sys 0 00:00:00  -  Run Local Usage
		Usr 0 05:06:22, Sys 0 00:49:11  -  Total Remote Usage
		Usr 0 00:00:00, Sys 0 00:00:00  -  Total Local Usage
	87267  -  Run Bytes Sent By Job
	2939  -  Run Bytes Received By Job
	87267  -  Total Bytes Sent By Job
	2939  -  Total Bytes Received By Job
	Partitionable Resources :      Usage  Request Allocated Assigned
	   Cpus                 :       1.00        1         1 
	   Disk (KB)            : 7837190           3   1457349 
	   Gpus (Average)       :       0.11        1         1 "GPU-8f5f97a2"
	   GpusMemory (MB)      :    6687                       
	   Memory (MB)          :   13351        2000      2000 

	Job terminated of its own accord at 2024-08-28T23:00:05Z with exit-code 50.
...
