000 (7187737.007.000) 08/28 06:02:06 Job submitted from host: <137.138.44.55:9618?addrs=137.138.44.55-9618+[2001-1458-d00-1a--48]-9618&alias=bigbird17.cern.ch&noUDP&sock=schedd_23962_8474>
...
040 (7187737.007.000) 08/28 06:49:59 Started transferring input files
	Transferring to host: <128.142.248.15:9618?addrs=128.142.248.15-9618+[2001-1458-301-73--100-ff]-9618&alias=b9g23p2723.cern.ch&noUDP&sock=slot1_23_3961800_404a_11367>
...
040 (7187737.007.000) 08/28 06:49:59 Finished transferring input files
...
001 (7187737.007.000) 08/28 06:50:00 Job executing on host: <128.142.248.15:9618?addrs=128.142.248.15-9618+[2001-1458-301-73--100-ff]-9618&alias=b9g23p2723.cern.ch&noUDP&sock=startd_5130_54ef>
	SlotName: slot1_23@b9g23p2723.cern.ch
	CondorScratchDir = "/pool/condor/dir_1636764"
	Cpus = 1
	Disk = 2987946
	Memory = 2000
...
006 (7187737.007.000) 08/28 06:50:09 Image size of job updated: 918612
	897  -  MemoryUsage of job (MB)
	918356  -  ResidentSetSize of job (KB)
...
006 (7187737.007.000) 08/28 06:55:09 Image size of job updated: 1092036
	954  -  MemoryUsage of job (MB)
	976004  -  ResidentSetSize of job (KB)
...
006 (7187737.007.000) 08/28 07:00:10 Image size of job updated: 1267688
	1233  -  MemoryUsage of job (MB)
	1262144  -  ResidentSetSize of job (KB)
...
006 (7187737.007.000) 08/28 07:05:10 Image size of job updated: 1300304
	1233  -  MemoryUsage of job (MB)
	1262412  -  ResidentSetSize of job (KB)
...
006 (7187737.007.000) 08/28 07:15:11 Image size of job updated: 1524096
	1465  -  MemoryUsage of job (MB)
	1499976  -  ResidentSetSize of job (KB)
...
006 (7187737.007.000) 08/28 07:20:13 Image size of job updated: 1903820
	1860  -  MemoryUsage of job (MB)
	1903820  -  ResidentSetSize of job (KB)
...
006 (7187737.007.000) 08/28 07:25:13 Image size of job updated: 2323200
	2108  -  MemoryUsage of job (MB)
	2157872  -  ResidentSetSize of job (KB)
...
006 (7187737.007.000) 08/28 07:30:13 Image size of job updated: 2323200
	2191  -  MemoryUsage of job (MB)
	2243576  -  ResidentSetSize of job (KB)
...
006 (7187737.007.000) 08/28 07:35:14 Image size of job updated: 2323200
	2225  -  MemoryUsage of job (MB)
	2278128  -  ResidentSetSize of job (KB)
...
006 (7187737.007.000) 08/28 07:40:14 Image size of job updated: 2457836
	2397  -  MemoryUsage of job (MB)
	2453736  -  ResidentSetSize of job (KB)
...
006 (7187737.007.000) 08/28 07:45:15 Image size of job updated: 2523128
	2397  -  MemoryUsage of job (MB)
	2453736  -  ResidentSetSize of job (KB)
...
006 (7187737.007.000) 08/28 07:55:16 Image size of job updated: 4987176
	3789  -  MemoryUsage of job (MB)
	3879656  -  ResidentSetSize of job (KB)
...
006 (7187737.007.000) 08/28 08:00:16 Image size of job updated: 4987176
	4067  -  MemoryUsage of job (MB)
	4163644  -  ResidentSetSize of job (KB)
...
006 (7187737.007.000) 08/28 08:05:17 Image size of job updated: 4987176
	4347  -  MemoryUsage of job (MB)
	4450652  -  ResidentSetSize of job (KB)
...
006 (7187737.007.000) 08/28 08:10:18 Image size of job updated: 4987176
	4629  -  MemoryUsage of job (MB)
	4740084  -  ResidentSetSize of job (KB)
...
006 (7187737.007.000) 08/28 08:15:18 Image size of job updated: 5022788
	4905  -  MemoryUsage of job (MB)
	5022568  -  ResidentSetSize of job (KB)
...
006 (7187737.007.000) 08/28 08:20:18 Image size of job updated: 5311156
	5187  -  MemoryUsage of job (MB)
	5310972  -  ResidentSetSize of job (KB)
...
006 (7187737.007.000) 08/28 08:25:20 Image size of job updated: 5599628
	5468  -  MemoryUsage of job (MB)
	5599040  -  ResidentSetSize of job (KB)
...
006 (7187737.007.000) 08/28 08:30:20 Image size of job updated: 5895048
	5757  -  MemoryUsage of job (MB)
	5894828  -  ResidentSetSize of job (KB)
...
006 (7187737.007.000) 08/28 08:35:20 Image size of job updated: 6183148
	6039  -  MemoryUsage of job (MB)
	6182928  -  ResidentSetSize of job (KB)
...
006 (7187737.007.000) 08/28 08:40:21 Image size of job updated: 6474184
	6323  -  MemoryUsage of job (MB)
	6473880  -  ResidentSetSize of job (KB)
...
006 (7187737.007.000) 08/28 08:45:21 Image size of job updated: 6771640
	6612  -  MemoryUsage of job (MB)
	6770084  -  ResidentSetSize of job (KB)
...
006 (7187737.007.000) 08/28 08:50:22 Image size of job updated: 7062860
	6896  -  MemoryUsage of job (MB)
	7061032  -  ResidentSetSize of job (KB)
...
006 (7187737.007.000) 08/28 08:55:22 Image size of job updated: 7343036
	7171  -  MemoryUsage of job (MB)
	7343036  -  ResidentSetSize of job (KB)
...
006 (7187737.007.000) 08/28 09:00:23 Image size of job updated: 7623164
	7445  -  MemoryUsage of job (MB)
	7623164  -  ResidentSetSize of job (KB)
...
006 (7187737.007.000) 08/28 09:05:23 Image size of job updated: 7902896
	7718  -  MemoryUsage of job (MB)
	7902676  -  ResidentSetSize of job (KB)
...
006 (7187737.007.000) 08/28 09:10:24 Image size of job updated: 8181152
	7990  -  MemoryUsage of job (MB)
	8181152  -  ResidentSetSize of job (KB)
...
006 (7187737.007.000) 08/28 09:15:24 Image size of job updated: 8458704
	8261  -  MemoryUsage of job (MB)
	8458704  -  ResidentSetSize of job (KB)
...
006 (7187737.007.000) 08/28 09:20:25 Image size of job updated: 8739480
	8535  -  MemoryUsage of job (MB)
	8739260  -  ResidentSetSize of job (KB)
...
006 (7187737.007.000) 08/28 09:25:25 Image size of job updated: 9021824
	8811  -  MemoryUsage of job (MB)
	9021824  -  ResidentSetSize of job (KB)
...
006 (7187737.007.000) 08/28 09:30:25 Image size of job updated: 9301088
	9084  -  MemoryUsage of job (MB)
	9301088  -  ResidentSetSize of job (KB)
...
006 (7187737.007.000) 08/28 09:35:26 Image size of job updated: 9594008
	9370  -  MemoryUsage of job (MB)
	9594008  -  ResidentSetSize of job (KB)
...
006 (7187737.007.000) 08/28 09:40:26 Image size of job updated: 9882336
	9651  -  MemoryUsage of job (MB)
	9882116  -  ResidentSetSize of job (KB)
...
006 (7187737.007.000) 08/28 09:45:27 Image size of job updated: 10167544
	9930  -  MemoryUsage of job (MB)
	10167544  -  ResidentSetSize of job (KB)
...
006 (7187737.007.000) 08/28 09:50:27 Image size of job updated: 10451784
	10207  -  MemoryUsage of job (MB)
	10451784  -  ResidentSetSize of job (KB)
...
006 (7187737.007.000) 08/28 09:55:28 Image size of job updated: 10736020
	10485  -  MemoryUsage of job (MB)
	10735800  -  ResidentSetSize of job (KB)
...
006 (7187737.007.000) 08/28 09:59:57 Image size of job updated: 10786996
	10485  -  MemoryUsage of job (MB)
	10735872  -  ResidentSetSize of job (KB)
...
040 (7187737.007.000) 08/28 09:59:58 Started transferring output files
...
040 (7187737.007.000) 08/28 09:59:58 Finished transferring output files
...
005 (7187737.007.000) 08/28 09:59:58 Job terminated.
	(1) Normal termination (return value 50)
		Usr 0 02:59:42, Sys 0 00:06:21  -  Run Remote Usage
		Usr 0 00:00:00, Sys 0 00:00:00  -  Run Local Usage
		Usr 0 02:59:42, Sys 0 00:06:21  -  Total Remote Usage
		Usr 0 00:00:00, Sys 0 00:00:00  -  Total Local Usage
	20887  -  Run Bytes Sent By Job
	2944  -  Run Bytes Received By Job
	20887  -  Total Bytes Sent By Job
	2944  -  Total Bytes Received By Job
	Partitionable Resources :      Usage  Request Allocated 
	   Cpus                 :       0.97        1         1 
	   Disk (KB)            : 7715750           3   2987946 
	   Memory (MB)          :   10485        2000      2000 

	Job terminated of its own accord at 2024-08-28T07:59:57Z with exit-code 50.
...
