000 (7187315.003.000) 08/26 07:56:02 Job submitted from host: <137.138.44.55:9618?addrs=137.138.44.55-9618+[2001-1458-d00-1a--48]-9618&alias=bigbird17.cern.ch&noUDP&sock=schedd_23962_8474>
...
040 (7187315.003.000) 08/27 20:27:11 Started transferring input files
	Transferring to host: <188.185.92.64:9618?addrs=188.185.92.64-9618+[2001-1458-d00-6c--100-310]-9618&alias=b9g57n0731.cern.ch&noUDP&sock=slot1_1_16030_55c5_109411>
...
040 (7187315.003.000) 08/27 20:27:11 Finished transferring input files
...
001 (7187315.003.000) 08/27 20:27:12 Job executing on host: <188.185.92.64:9618?addrs=188.185.92.64-9618+[2001-1458-d00-6c--100-310]-9618&alias=b9g57n0731.cern.ch&noUDP&sock=startd_15222_9ab7>
	SlotName: slot1_1@b9g57n0731.cern.ch
	AvailableGPUs = { GPUs_GPU_4ca02207 }
	CondorScratchDir = "/pool/condor/dir_624728"
	Cpus = 1
	Disk = 335500
	GPUs = 1
	GPUs_GPU_4ca02207 = [ GlobalMemoryMb = 40326; MaxSupportedVersion = 12040; DriverVersion = 12.4; DeviceUuid = "4ca02207-8182-9204-3632-c61ce0e64416"; DeviceName = "NVIDIA A100-PCIE-40GB"; CoresPerCU = 64; ECCEnabled = true; ComputeUnits = 108; ClockMhz = 1410.0; Id = "GPU-4ca02207"; DevicePciBusId = "0000:06:00.0"; Capability = 8.0 ]
	Memory = 2000
...
006 (7187315.003.000) 08/27 20:27:21 Image size of job updated: 19427568
	5647  -  MemoryUsage of job (MB)
	5781604  -  ResidentSetSize of job (KB)
...
006 (7187315.003.000) 08/27 20:32:22 Image size of job updated: 19427568
	5989  -  MemoryUsage of job (MB)
	6132156  -  ResidentSetSize of job (KB)
...
006 (7187315.003.000) 08/27 20:37:22 Image size of job updated: 19427568
	6173  -  MemoryUsage of job (MB)
	6320624  -  ResidentSetSize of job (KB)
...
006 (7187315.003.000) 08/27 20:42:23 Image size of job updated: 19427568
	6407  -  MemoryUsage of job (MB)
	6560708  -  ResidentSetSize of job (KB)
...
006 (7187315.003.000) 08/27 20:47:24 Image size of job updated: 19427568
	6459  -  MemoryUsage of job (MB)
	6613528  -  ResidentSetSize of job (KB)
...
006 (7187315.003.000) 08/27 20:52:24 Image size of job updated: 19427568
	6833  -  MemoryUsage of job (MB)
	6996824  -  ResidentSetSize of job (KB)
...
006 (7187315.003.000) 08/27 20:57:25 Image size of job updated: 19427568
	7006  -  MemoryUsage of job (MB)
	7173836  -  ResidentSetSize of job (KB)
...
006 (7187315.003.000) 08/27 21:02:25 Image size of job updated: 19427568
	7253  -  MemoryUsage of job (MB)
	7426136  -  ResidentSetSize of job (KB)
...
006 (7187315.003.000) 08/27 21:07:26 Image size of job updated: 19427568
	7374  -  MemoryUsage of job (MB)
	7550284  -  ResidentSetSize of job (KB)
...
006 (7187315.003.000) 08/27 21:12:26 Image size of job updated: 19427568
	7644  -  MemoryUsage of job (MB)
	7826628  -  ResidentSetSize of job (KB)
...
006 (7187315.003.000) 08/27 21:17:27 Image size of job updated: 19427568
	7807  -  MemoryUsage of job (MB)
	7994196  -  ResidentSetSize of job (KB)
...
006 (7187315.003.000) 08/27 21:22:27 Image size of job updated: 19427568
	7925  -  MemoryUsage of job (MB)
	8115044  -  ResidentSetSize of job (KB)
...
006 (7187315.003.000) 08/27 21:27:28 Image size of job updated: 19427568
	7939  -  MemoryUsage of job (MB)
	8128732  -  ResidentSetSize of job (KB)
...
006 (7187315.003.000) 08/27 21:32:28 Image size of job updated: 19427568
	8290  -  MemoryUsage of job (MB)
	8488768  -  ResidentSetSize of job (KB)
...
006 (7187315.003.000) 08/27 21:37:29 Image size of job updated: 19427568
	8298  -  MemoryUsage of job (MB)
	8496448  -  ResidentSetSize of job (KB)
...
006 (7187315.003.000) 08/27 21:42:29 Image size of job updated: 19427568
	8589  -  MemoryUsage of job (MB)
	8794496  -  ResidentSetSize of job (KB)
...
006 (7187315.003.000) 08/27 21:47:29 Image size of job updated: 19427568
	8680  -  MemoryUsage of job (MB)
	8887800  -  ResidentSetSize of job (KB)
...
006 (7187315.003.000) 08/27 21:52:30 Image size of job updated: 19427568
	8823  -  MemoryUsage of job (MB)
	9034144  -  ResidentSetSize of job (KB)
...
006 (7187315.003.000) 08/27 21:57:30 Image size of job updated: 19427568
	8919  -  MemoryUsage of job (MB)
	9132816  -  ResidentSetSize of job (KB)
...
006 (7187315.003.000) 08/27 22:02:31 Image size of job updated: 19427568
	9077  -  MemoryUsage of job (MB)
	9293948  -  ResidentSetSize of job (KB)
...
006 (7187315.003.000) 08/27 22:07:31 Image size of job updated: 19427568
	9240  -  MemoryUsage of job (MB)
	9461208  -  ResidentSetSize of job (KB)
...
006 (7187315.003.000) 08/27 22:12:32 Image size of job updated: 19427568
	9311  -  MemoryUsage of job (MB)
	9533700  -  ResidentSetSize of job (KB)
...
006 (7187315.003.000) 08/27 22:17:32 Image size of job updated: 19427568
	9452  -  MemoryUsage of job (MB)
	9678256  -  ResidentSetSize of job (KB)
...
006 (7187315.003.000) 08/27 22:22:32 Image size of job updated: 19427568
	9658  -  MemoryUsage of job (MB)
	9889068  -  ResidentSetSize of job (KB)
...
006 (7187315.003.000) 08/27 22:27:33 Image size of job updated: 19427568
	9790  -  MemoryUsage of job (MB)
	10024860  -  ResidentSetSize of job (KB)
...
006 (7187315.003.000) 08/27 22:31:32 Image size of job updated: 19427568
	9949  -  MemoryUsage of job (MB)
	10187064  -  ResidentSetSize of job (KB)
...
040 (7187315.003.000) 08/27 22:31:32 Started transferring output files
...
040 (7187315.003.000) 08/27 22:31:32 Finished transferring output files
...
005 (7187315.003.000) 08/27 22:31:32 Job terminated.
	(1) Normal termination (return value 50)
		Usr 5 13:16:41, Sys 1 17:24:40  -  Run Remote Usage
		Usr 0 00:00:00, Sys 0 00:00:00  -  Run Local Usage
		Usr 5 13:16:41, Sys 1 17:24:40  -  Total Remote Usage
		Usr 0 00:00:00, Sys 0 00:00:00  -  Total Local Usage
	105068  -  Run Bytes Sent By Job
	2911  -  Run Bytes Received By Job
	105068  -  Total Bytes Sent By Job
	2911  -  Total Bytes Received By Job
	Partitionable Resources :      Usage  Request Allocated Assigned
	   Cpus                 :       0.33        1         1 
	   Disk (KB)            : 2359487           3    335500 
	   Gpus (Average)       :       0.02        1         1 "GPU-4ca02207"
	   GpusMemory (MB)      :    1913                       
	   Memory (MB)          :    9949        2000      2000 

	Job terminated of its own accord at 2024-08-27T20:31:32Z with exit-code 50.
...
