000 (7187315.005.000) 08/26 07:56:02 Job submitted from host: <137.138.44.55:9618?addrs=137.138.44.55-9618+[2001-1458-d00-1a--48]-9618&alias=bigbird17.cern.ch&noUDP&sock=schedd_23962_8474>
...
040 (7187315.005.000) 08/27 20:51:54 Started transferring input files
	Transferring to host: <188.185.93.105:9618?addrs=188.185.93.105-9618+[2001-1458-d00-6c--100-242]-9618&alias=b9g57n8656.cern.ch&noUDP&sock=slot1_2_18300_c161_112778>
...
040 (7187315.005.000) 08/27 20:51:54 Finished transferring input files
...
001 (7187315.005.000) 08/27 20:51:55 Job executing on host: <188.185.93.105:9618?addrs=188.185.93.105-9618+[2001-1458-d00-6c--100-242]-9618&alias=b9g57n8656.cern.ch&noUDP&sock=startd_17874_a7e1>
	SlotName: slot1_2@b9g57n8656.cern.ch
	AvailableGPUs = { GPUs_GPU_3476cdbf }
	CondorScratchDir = "/pool/condor/dir_508005"
	Cpus = 1
	Disk = 1459120
	GPUs = 1
	GPUs_GPU_3476cdbf = [ GlobalMemoryMb = 40326; MaxSupportedVersion = 12040; DriverVersion = 12.4; DeviceName = "NVIDIA A100-PCIE-40GB"; CoresPerCU = 64; ECCEnabled = true; ComputeUnits = 108; ClockMhz = 1410.0; Id = "GPU-3476cdbf"; Capability = 8.0; DevicePciBusId = "0000:07:00.0"; DeviceUuid = "3476cdbf-8987-add2-4b1f-d0698e25a142" ]
	Memory = 2000
...
006 (7187315.005.000) 08/27 20:52:04 Image size of job updated: 186631760
	8391  -  MemoryUsage of job (MB)
	8591708  -  ResidentSetSize of job (KB)
...
006 (7187315.005.000) 08/27 20:57:04 Image size of job updated: 186631760
	8872  -  MemoryUsage of job (MB)
	9084308  -  ResidentSetSize of job (KB)
...
006 (7187315.005.000) 08/27 21:02:04 Image size of job updated: 186631760
	8884  -  MemoryUsage of job (MB)
	9097156  -  ResidentSetSize of job (KB)
...
006 (7187315.005.000) 08/27 21:07:05 Image size of job updated: 186631760
	9128  -  MemoryUsage of job (MB)
	9346804  -  ResidentSetSize of job (KB)
...
006 (7187315.005.000) 08/27 21:12:05 Image size of job updated: 186631760
	9288  -  MemoryUsage of job (MB)
	9509908  -  ResidentSetSize of job (KB)
...
006 (7187315.005.000) 08/27 21:22:06 Image size of job updated: 186631760
	9564  -  MemoryUsage of job (MB)
	9792976  -  ResidentSetSize of job (KB)
...
006 (7187315.005.000) 08/27 21:27:06 Image size of job updated: 186631760
	9744  -  MemoryUsage of job (MB)
	9977164  -  ResidentSetSize of job (KB)
...
006 (7187315.005.000) 08/27 21:32:07 Image size of job updated: 186631760
	9850  -  MemoryUsage of job (MB)
	10085544  -  ResidentSetSize of job (KB)
...
006 (7187315.005.000) 08/27 21:42:08 Image size of job updated: 186631760
	9983  -  MemoryUsage of job (MB)
	10222060  -  ResidentSetSize of job (KB)
...
006 (7187315.005.000) 08/27 21:47:08 Image size of job updated: 186631760
	10154  -  MemoryUsage of job (MB)
	10397524  -  ResidentSetSize of job (KB)
...
006 (7187315.005.000) 08/27 21:52:09 Image size of job updated: 186631760
	10237  -  MemoryUsage of job (MB)
	10482356  -  ResidentSetSize of job (KB)
...
006 (7187315.005.000) 08/27 21:57:09 Image size of job updated: 186631760
	10260  -  MemoryUsage of job (MB)
	10506136  -  ResidentSetSize of job (KB)
...
006 (7187315.005.000) 08/27 22:02:10 Image size of job updated: 186631760
	10514  -  MemoryUsage of job (MB)
	10765556  -  ResidentSetSize of job (KB)
...
006 (7187315.005.000) 08/27 22:07:10 Image size of job updated: 186631760
	10703  -  MemoryUsage of job (MB)
	10959788  -  ResidentSetSize of job (KB)
...
006 (7187315.005.000) 08/27 22:12:11 Image size of job updated: 186631760
	10885  -  MemoryUsage of job (MB)
	11146152  -  ResidentSetSize of job (KB)
...
006 (7187315.005.000) 08/27 22:17:11 Image size of job updated: 186631760
	10908  -  MemoryUsage of job (MB)
	11169684  -  ResidentSetSize of job (KB)
...
006 (7187315.005.000) 08/27 22:22:11 Image size of job updated: 186631760
	11194  -  MemoryUsage of job (MB)
	11462504  -  ResidentSetSize of job (KB)
...
006 (7187315.005.000) 08/27 22:27:11 Image size of job updated: 186631760
	11254  -  MemoryUsage of job (MB)
	11523612  -  ResidentSetSize of job (KB)
...
006 (7187315.005.000) 08/27 22:32:12 Image size of job updated: 186631760
	11447  -  MemoryUsage of job (MB)
	11721032  -  ResidentSetSize of job (KB)
...
006 (7187315.005.000) 08/27 22:37:12 Image size of job updated: 186631760
	11456  -  MemoryUsage of job (MB)
	11730760  -  ResidentSetSize of job (KB)
...
006 (7187315.005.000) 08/27 22:42:13 Image size of job updated: 186631760
	11619  -  MemoryUsage of job (MB)
	11896884  -  ResidentSetSize of job (KB)
...
006 (7187315.005.000) 08/27 22:47:13 Image size of job updated: 186631760
	11826  -  MemoryUsage of job (MB)
	12109568  -  ResidentSetSize of job (KB)
...
006 (7187315.005.000) 08/27 22:52:14 Image size of job updated: 186631760
	11925  -  MemoryUsage of job (MB)
	12210748  -  ResidentSetSize of job (KB)
...
006 (7187315.005.000) 08/27 22:57:15 Image size of job updated: 186631760
	12053  -  MemoryUsage of job (MB)
	12341460  -  ResidentSetSize of job (KB)
...
006 (7187315.005.000) 08/27 23:02:15 Image size of job updated: 186631760
	12221  -  MemoryUsage of job (MB)
	12513916  -  ResidentSetSize of job (KB)
...
006 (7187315.005.000) 08/27 23:07:16 Image size of job updated: 186631760
	12365  -  MemoryUsage of job (MB)
	12660800  -  ResidentSetSize of job (KB)
...
006 (7187315.005.000) 08/27 23:12:16 Image size of job updated: 186631760
	12468  -  MemoryUsage of job (MB)
	12766952  -  ResidentSetSize of job (KB)
...
006 (7187315.005.000) 08/27 23:17:17 Image size of job updated: 186631760
	12592  -  MemoryUsage of job (MB)
	12893344  -  ResidentSetSize of job (KB)
...
006 (7187315.005.000) 08/27 23:22:18 Image size of job updated: 186631760
	12646  -  MemoryUsage of job (MB)
	12948928  -  ResidentSetSize of job (KB)
...
006 (7187315.005.000) 08/27 23:27:18 Image size of job updated: 186631760
	12856  -  MemoryUsage of job (MB)
	13164080  -  ResidentSetSize of job (KB)
...
006 (7187315.005.000) 08/27 23:32:19 Image size of job updated: 186631760
	13039  -  MemoryUsage of job (MB)
	13351312  -  ResidentSetSize of job (KB)
...
040 (7187315.005.000) 08/27 23:35:46 Started transferring output files
...
040 (7187315.005.000) 08/27 23:35:46 Finished transferring output files
...
005 (7187315.005.000) 08/27 23:35:46 Job terminated.
	(1) Normal termination (return value 50)
		Usr 0 20:17:26, Sys 1 23:27:46  -  Run Remote Usage
		Usr 0 00:00:00, Sys 0 00:00:00  -  Run Local Usage
		Usr 0 20:17:26, Sys 1 23:27:46  -  Total Remote Usage
		Usr 0 00:00:00, Sys 0 00:00:00  -  Total Local Usage
	105068  -  Run Bytes Sent By Job
	2911  -  Run Bytes Received By Job
	105068  -  Total Bytes Sent By Job
	2911  -  Total Bytes Received By Job
	Partitionable Resources :      Usage  Request Allocated Assigned
	   Cpus                 :       0.52        1         1 
	   Disk (KB)            : 2369529           3   1459120 
	   Gpus (Average)       :       0.02        1         1 "GPU-3476cdbf"
	   GpusMemory (MB)      :    1913                       
	   Memory (MB)          :   13039        2000      2000 

	Job terminated of its own accord at 2024-08-27T21:35:46Z with exit-code 50.
...
