000 (7187315.007.000) 08/26 07:56:02 Job submitted from host: <137.138.44.55:9618?addrs=137.138.44.55-9618+[2001-1458-d00-1a--48]-9618&alias=bigbird17.cern.ch&noUDP&sock=schedd_23962_8474>
...
040 (7187315.007.000) 08/27 20:59:34 Started transferring input files
	Transferring to host: <188.185.93.155:9618?addrs=188.185.93.155-9618+[2001-1458-d00-6c--100-32f]-9618&alias=b9g57n0182.cern.ch&noUDP&sock=slot1_1_183534_0e60_70603>
...
040 (7187315.007.000) 08/27 20:59:34 Finished transferring input files
...
001 (7187315.007.000) 08/27 20:59:35 Job executing on host: <188.185.93.155:9618?addrs=188.185.93.155-9618+[2001-1458-d00-6c--100-32f]-9618&alias=b9g57n0182.cern.ch&noUDP&sock=startd_153631_aa7e>
	SlotName: slot1_1@b9g57n0182.cern.ch
	AvailableGPUs = { GPUs_GPU_8d43ad94 }
	CondorScratchDir = "/pool/condor/dir_2827626"
	Cpus = 1
	Disk = 336394
	GPUs = 1
	GPUs_GPU_8d43ad94 = [ GlobalMemoryMb = 40326; MaxSupportedVersion = 12040; DriverVersion = 12.4; DeviceUuid = "8d43ad94-828d-2bc1-1e6a-26c0665e1e4d"; DeviceName = "NVIDIA A100-PCIE-40GB"; CoresPerCU = 64; ECCEnabled = true; ComputeUnits = 108; ClockMhz = 1410.0; Id = "GPU-8d43ad94"; DevicePciBusId = "0000:06:00.0"; Capability = 8.0 ]
	Memory = 2000
...
006 (7187315.007.000) 08/27 20:59:44 Image size of job updated: 1597644
	1561  -  MemoryUsage of job (MB)
	1597604  -  ResidentSetSize of job (KB)
...
006 (7187315.007.000) 08/27 21:04:44 Image size of job updated: 1937772
	1834  -  MemoryUsage of job (MB)
	1877856  -  ResidentSetSize of job (KB)
...
006 (7187315.007.000) 08/27 21:09:45 Image size of job updated: 2097332
	1969  -  MemoryUsage of job (MB)
	2016180  -  ResidentSetSize of job (KB)
...
006 (7187315.007.000) 08/27 21:14:45 Image size of job updated: 2261124
	2190  -  MemoryUsage of job (MB)
	2242164  -  ResidentSetSize of job (KB)
...
006 (7187315.007.000) 08/27 21:19:46 Image size of job updated: 2494804
	2274  -  MemoryUsage of job (MB)
	2327560  -  ResidentSetSize of job (KB)
...
006 (7187315.007.000) 08/27 21:24:46 Image size of job updated: 2668548
	2415  -  MemoryUsage of job (MB)
	2471984  -  ResidentSetSize of job (KB)
...
006 (7187315.007.000) 08/27 21:29:47 Image size of job updated: 2845392
	2772  -  MemoryUsage of job (MB)
	2837916  -  ResidentSetSize of job (KB)
...
006 (7187315.007.000) 08/27 21:34:48 Image size of job updated: 2967728
	2836  -  MemoryUsage of job (MB)
	2903552  -  ResidentSetSize of job (KB)
...
006 (7187315.007.000) 08/27 21:39:49 Image size of job updated: 3132812
	3032  -  MemoryUsage of job (MB)
	3103796  -  ResidentSetSize of job (KB)
...
006 (7187315.007.000) 08/27 21:44:49 Image size of job updated: 3312860
	3053  -  MemoryUsage of job (MB)
	3126056  -  ResidentSetSize of job (KB)
...
006 (7187315.007.000) 08/27 21:49:50 Image size of job updated: 3480644
	3313  -  MemoryUsage of job (MB)
	3392496  -  ResidentSetSize of job (KB)
...
006 (7187315.007.000) 08/27 21:54:51 Image size of job updated: 3611688
	3377  -  MemoryUsage of job (MB)
	3457828  -  ResidentSetSize of job (KB)
...
006 (7187315.007.000) 08/27 21:59:51 Image size of job updated: 3828476
	3692  -  MemoryUsage of job (MB)
	3780288  -  ResidentSetSize of job (KB)
...
006 (7187315.007.000) 08/27 22:04:52 Image size of job updated: 3925412
	3752  -  MemoryUsage of job (MB)
	3841488  -  ResidentSetSize of job (KB)
...
006 (7187315.007.000) 08/27 22:09:52 Image size of job updated: 4117992
	4004  -  MemoryUsage of job (MB)
	4099700  -  ResidentSetSize of job (KB)
...
006 (7187315.007.000) 08/27 22:14:53 Image size of job updated: 4237708
	4027  -  MemoryUsage of job (MB)
	4122736  -  ResidentSetSize of job (KB)
...
006 (7187315.007.000) 08/27 22:19:53 Image size of job updated: 4352008
	4198  -  MemoryUsage of job (MB)
	4297956  -  ResidentSetSize of job (KB)
...
006 (7187315.007.000) 08/27 22:24:54 Image size of job updated: 4493680
	4261  -  MemoryUsage of job (MB)
	4363152  -  ResidentSetSize of job (KB)
...
006 (7187315.007.000) 08/27 22:29:54 Image size of job updated: 4536796
	4261  -  MemoryUsage of job (MB)
	4363152  -  ResidentSetSize of job (KB)
...
006 (7187315.007.000) 08/27 22:34:55 Image size of job updated: 4566620
	4457  -  MemoryUsage of job (MB)
	4563252  -  ResidentSetSize of job (KB)
...
006 (7187315.007.000) 08/27 22:39:55 Image size of job updated: 4681096
	4569  -  MemoryUsage of job (MB)
	4678572  -  ResidentSetSize of job (KB)
...
006 (7187315.007.000) 08/27 22:44:56 Image size of job updated: 4822008
	4645  -  MemoryUsage of job (MB)
	4755836  -  ResidentSetSize of job (KB)
...
006 (7187315.007.000) 08/27 22:49:56 Image size of job updated: 4868780
	4645  -  MemoryUsage of job (MB)
	4755836  -  ResidentSetSize of job (KB)
...
006 (7187315.007.000) 08/27 22:54:57 Image size of job updated: 5028852
	4698  -  MemoryUsage of job (MB)
	4810476  -  ResidentSetSize of job (KB)
...
006 (7187315.007.000) 08/27 22:59:57 Image size of job updated: 5164972
	4969  -  MemoryUsage of job (MB)
	5087356  -  ResidentSetSize of job (KB)
...
006 (7187315.007.000) 08/27 23:04:58 Image size of job updated: 5184716
	4969  -  MemoryUsage of job (MB)
	5087356  -  ResidentSetSize of job (KB)
...
006 (7187315.007.000) 08/27 23:09:59 Image size of job updated: 5295660
	5088  -  MemoryUsage of job (MB)
	5209752  -  ResidentSetSize of job (KB)
...
006 (7187315.007.000) 08/27 23:14:59 Image size of job updated: 5413596
	5216  -  MemoryUsage of job (MB)
	5340992  -  ResidentSetSize of job (KB)
...
006 (7187315.007.000) 08/27 23:20:00 Image size of job updated: 5512204
	5338  -  MemoryUsage of job (MB)
	5465756  -  ResidentSetSize of job (KB)
...
006 (7187315.007.000) 08/27 23:25:01 Image size of job updated: 5576572
	5400  -  MemoryUsage of job (MB)
	5528800  -  ResidentSetSize of job (KB)
...
006 (7187315.007.000) 08/27 23:29:10 Image size of job updated: 8643356
	5416  -  MemoryUsage of job (MB)
	5545188  -  ResidentSetSize of job (KB)
...
040 (7187315.007.000) 08/27 23:29:10 Started transferring output files
...
040 (7187315.007.000) 08/27 23:29:10 Finished transferring output files
...
005 (7187315.007.000) 08/27 23:29:11 Job terminated.
	(1) Normal termination (return value 50)
		Usr 0 00:59:14, Sys 0 00:17:40  -  Run Remote Usage
		Usr 0 00:00:00, Sys 0 00:00:00  -  Run Local Usage
		Usr 0 00:59:14, Sys 0 00:17:40  -  Total Remote Usage
		Usr 0 00:00:00, Sys 0 00:00:00  -  Total Local Usage
	105053  -  Run Bytes Sent By Job
	2911  -  Run Bytes Received By Job
	105053  -  Total Bytes Sent By Job
	2911  -  Total Bytes Received By Job
	Partitionable Resources :      Usage  Request Allocated Assigned
	   Cpus                 :       0.21        1         1 
	   Disk (KB)            : 2364685           3    336394 
	   Gpus (Average)       :       0.02        1         1 "GPU-8d43ad94"
	   GpusMemory (MB)      :    1913                       
	   Memory (MB)          :    5416        2000      2000 

	Job terminated of its own accord at 2024-08-27T21:29:10Z with exit-code 50.
...
