000 (7187270.000.000) 08/26 07:55:25 Job submitted from host: <137.138.44.55:9618?addrs=137.138.44.55-9618+[2001-1458-d00-1a--48]-9618&alias=bigbird17.cern.ch&noUDP&sock=schedd_23962_8474>
...
040 (7187270.000.000) 08/26 11:52:25 Started transferring input files
	Transferring to host: <128.142.248.94:9618?addrs=128.142.248.94-9618+[2001-1458-301-73--100-14e]-9618&alias=b9g23p2790.cern.ch&noUDP&sock=slot1_18_5757_13c3_10276>
...
040 (7187270.000.000) 08/26 11:52:25 Finished transferring input files
...
001 (7187270.000.000) 08/26 11:52:26 Job executing on host: <128.142.248.94:9618?addrs=128.142.248.94-9618+[2001-1458-301-73--100-14e]-9618&alias=b9g23p2790.cern.ch&noUDP&sock=startd_4576_5577>
	SlotName: slot1_18@b9g23p2790.cern.ch
	CondorScratchDir = "/pool/condor/dir_3972021"
	Cpus = 1
	Disk = 2937569
	Memory = 2000
...
006 (7187270.000.000) 08/26 11:52:34 Image size of job updated: 942796
	508  -  MemoryUsage of job (MB)
	520168  -  ResidentSetSize of job (KB)
...
006 (7187270.000.000) 08/26 11:57:34 Image size of job updated: 950768
	921  -  MemoryUsage of job (MB)
	942332  -  ResidentSetSize of job (KB)
...
006 (7187270.000.000) 08/26 12:02:35 Image size of job updated: 1321964
	1291  -  MemoryUsage of job (MB)
	1321964  -  ResidentSetSize of job (KB)
...
006 (7187270.000.000) 08/26 12:07:35 Image size of job updated: 1620656
	1579  -  MemoryUsage of job (MB)
	1616004  -  ResidentSetSize of job (KB)
...
006 (7187270.000.000) 08/26 12:12:36 Image size of job updated: 1786156
	1579  -  MemoryUsage of job (MB)
	1616260  -  ResidentSetSize of job (KB)
...
006 (7187270.000.000) 08/26 12:17:36 Image size of job updated: 3547964
	3465  -  MemoryUsage of job (MB)
	3547964  -  ResidentSetSize of job (KB)
...
006 (7187270.000.000) 08/26 12:22:38 Image size of job updated: 3876508
	3786  -  MemoryUsage of job (MB)
	3876508  -  ResidentSetSize of job (KB)
...
006 (7187270.000.000) 08/26 12:27:38 Image size of job updated: 4262256
	4163  -  MemoryUsage of job (MB)
	4262256  -  ResidentSetSize of job (KB)
...
006 (7187270.000.000) 08/26 12:32:38 Image size of job updated: 4597016
	4490  -  MemoryUsage of job (MB)
	4597016  -  ResidentSetSize of job (KB)
...
006 (7187270.000.000) 08/26 12:37:39 Image size of job updated: 4940500
	4825  -  MemoryUsage of job (MB)
	4940500  -  ResidentSetSize of job (KB)
...
006 (7187270.000.000) 08/26 12:42:32 Image size of job updated: 5257460
	4825  -  MemoryUsage of job (MB)
	4940756  -  ResidentSetSize of job (KB)
...
040 (7187270.000.000) 08/26 12:42:32 Started transferring output files
...
040 (7187270.000.000) 08/26 12:42:32 Finished transferring output files
...
005 (7187270.000.000) 08/26 12:42:32 Job terminated.
	(1) Normal termination (return value 50)
		Usr 0 00:48:33, Sys 0 00:01:32  -  Run Remote Usage
		Usr 0 00:00:00, Sys 0 00:00:00  -  Run Local Usage
		Usr 0 00:48:33, Sys 0 00:01:32  -  Total Remote Usage
		Usr 0 00:00:00, Sys 0 00:00:00  -  Total Local Usage
	17479  -  Run Bytes Sent By Job
	2930  -  Run Bytes Received By Job
	17479  -  Total Bytes Sent By Job
	2930  -  Total Bytes Received By Job
	Partitionable Resources :      Usage  Request Allocated 
	   Cpus                 :       1.00        1         1 
	   Disk (KB)            : 2146083           3   2937569 
	   Memory (MB)          :    4825        2000      2000 

	Job terminated of its own accord at 2024-08-26T10:42:32Z with exit-code 50.
...
