000 (7217815.007.000) 09/23 13:21:47 Job submitted from host: <137.138.44.55:9618?addrs=137.138.44.55-9618+[2001-1458-d00-1a--48]-9618&alias=bigbird17.cern.ch&noUDP&sock=schedd_1981_6134>
...
040 (7217815.007.000) 09/24 13:22:01 Started transferring input files
	Transferring to host: <188.185.190.106:9618?addrs=188.185.190.106-9618+[2001-1458-d03-b--100-2fd]-9618&alias=b9pgpun016.cern.ch&noUDP&sock=slot1_1_253491_175d_27336>
...
040 (7217815.007.000) 09/24 13:22:01 Finished transferring input files
...
001 (7217815.007.000) 09/24 13:22:02 Job executing on host: <188.185.190.106:9618?addrs=188.185.190.106-9618+[2001-1458-d03-b--100-2fd]-9618&alias=b9pgpun016.cern.ch&noUDP&sock=startd_216310_3f20>
	SlotName: slot1_1@b9pgpun016.cern.ch
	AvailableGPUs = { GPUs_GPU_95cca48a }
	CondorScratchDir = "/pool/condor/dir_4067859"
	Cpus = 1
	Disk = 6881731
	GPUs = 1
	GPUs_GPU_95cca48a = [ GlobalMemoryMb = 95235; MaxSupportedVersion = 12040; DriverVersion = 12.4; DeviceName = "NVIDIA H100 NVL"; CoresPerCU = 128; ECCEnabled = true; ComputeUnits = 132; ClockMhz = 1785.0; Id = "GPU-95cca48a"; Capability = 9.0; DevicePciBusId = "0000:3A:00.0"; DeviceUuid = "95cca48a-05f7-42ea-0e49-466adab8f198" ]
	Memory = 2000
...
006 (7217815.007.000) 09/24 13:22:11 Image size of job updated: 2309664
	2256  -  MemoryUsage of job (MB)
	2309636  -  ResidentSetSize of job (KB)
...
006 (7217815.007.000) 09/24 13:27:11 Image size of job updated: 2800196
	2735  -  MemoryUsage of job (MB)
	2800196  -  ResidentSetSize of job (KB)
...
006 (7217815.007.000) 09/24 13:32:11 Image size of job updated: 2904264
	2831  -  MemoryUsage of job (MB)
	2898824  -  ResidentSetSize of job (KB)
...
006 (7217815.007.000) 09/24 13:37:12 Image size of job updated: 5013596
	4477  -  MemoryUsage of job (MB)
	4583896  -  ResidentSetSize of job (KB)
...
006 (7217815.007.000) 09/24 13:42:12 Image size of job updated: 5135612
	4477  -  MemoryUsage of job (MB)
	4583896  -  ResidentSetSize of job (KB)
...
006 (7217815.007.000) 09/24 13:47:13 Image size of job updated: 5156688
	4477  -  MemoryUsage of job (MB)
	4583896  -  ResidentSetSize of job (KB)
...
006 (7217815.007.000) 09/24 13:52:14 Image size of job updated: 5282388
	4477  -  MemoryUsage of job (MB)
	4583896  -  ResidentSetSize of job (KB)
...
006 (7217815.007.000) 09/24 13:57:14 Image size of job updated: 5471376
	4477  -  MemoryUsage of job (MB)
	4583896  -  ResidentSetSize of job (KB)
...
006 (7217815.007.000) 09/24 14:02:15 Image size of job updated: 5670572
	4477  -  MemoryUsage of job (MB)
	4583896  -  ResidentSetSize of job (KB)
...
006 (7217815.007.000) 09/24 14:07:15 Image size of job updated: 5744612
	4477  -  MemoryUsage of job (MB)
	4583896  -  ResidentSetSize of job (KB)
...
006 (7217815.007.000) 09/24 14:12:15 Image size of job updated: 5826536
	4477  -  MemoryUsage of job (MB)
	4583896  -  ResidentSetSize of job (KB)
...
006 (7217815.007.000) 09/24 14:17:16 Image size of job updated: 5956356
	4477  -  MemoryUsage of job (MB)
	4583896  -  ResidentSetSize of job (KB)
...
006 (7217815.007.000) 09/24 14:47:19 Image size of job updated: 5956356
	4608  -  MemoryUsage of job (MB)
	4718172  -  ResidentSetSize of job (KB)
...
006 (7217815.007.000) 09/24 14:53:09 Image size of job updated: 8076324
	7888  -  MemoryUsage of job (MB)
	8076324  -  ResidentSetSize of job (KB)
...
006 (7217815.007.000) 09/24 14:57:20 Image size of job updated: 8808196
	8602  -  MemoryUsage of job (MB)
	8808196  -  ResidentSetSize of job (KB)
...
006 (7217815.007.000) 09/24 15:02:21 Image size of job updated: 9544680
	9321  -  MemoryUsage of job (MB)
	9544680  -  ResidentSetSize of job (KB)
...
006 (7217815.007.000) 09/24 15:07:21 Image size of job updated: 10280824
	10040  -  MemoryUsage of job (MB)
	10280824  -  ResidentSetSize of job (KB)
...
006 (7217815.007.000) 09/24 15:13:09 Image size of job updated: 11000948
	10041  -  MemoryUsage of job (MB)
	10281080  -  ResidentSetSize of job (KB)
...
040 (7217815.007.000) 09/24 15:15:35 Started transferring output files
...
040 (7217815.007.000) 09/24 15:15:39 Finished transferring output files
...
005 (7217815.007.000) 09/24 15:15:48 Job terminated.
	(1) Normal termination (return value 50)
		Usr 0 01:23:59, Sys 0 00:10:16  -  Run Remote Usage
		Usr 0 00:00:00, Sys 0 00:00:00  -  Run Local Usage
		Usr 0 01:23:59, Sys 0 00:10:16  -  Total Remote Usage
		Usr 0 00:00:00, Sys 0 00:00:00  -  Total Local Usage
	85027  -  Run Bytes Sent By Job
	1410  -  Run Bytes Received By Job
	85027  -  Total Bytes Sent By Job
	1410  -  Total Bytes Received By Job
	Partitionable Resources :      Usage  Request Allocated Assigned
	   Cpus                 :       0           1         1 
	   Disk (KB)            : 5319987           2   6881731 
	   Gpus (Average)       :       0.05        1         1 "GPU-95cca48a"
	   GpusMemory (MB)      :    8048                       
	   Memory (MB)          :   10041        2000      2000 

	Job terminated of its own accord at 2024-09-24T13:13:09Z with exit-code 50.
...
