000 (7217815.002.000) 09/23 13:21:47 Job submitted from host: <137.138.44.55:9618?addrs=137.138.44.55-9618+[2001-1458-d00-1a--48]-9618&alias=bigbird17.cern.ch&noUDP&sock=schedd_1981_6134>
...
040 (7217815.002.000) 09/24 12:52:41 Started transferring input files
	Transferring to host: <188.185.190.107:9618?addrs=188.185.190.107-9618+[2001-1458-d03-b--100-2fe]-9618&alias=b9pgpun013.cern.ch&noUDP&sock=slot1_3_223718_51c2_26562>
...
040 (7217815.002.000) 09/24 12:52:41 Finished transferring input files
...
001 (7217815.002.000) 09/24 12:52:42 Job executing on host: <188.185.190.107:9618?addrs=188.185.190.107-9618+[2001-1458-d03-b--100-2fe]-9618&alias=b9pgpun013.cern.ch&noUDP&sock=startd_204990_ab0b>
	SlotName: slot1_3@b9pgpun013.cern.ch
	AvailableGPUs = { GPUs_GPU_6a40d270 }
	CondorScratchDir = "/pool/condor/dir_4130496"
	Cpus = 1
	Disk = 6884150
	GPUs = 1
	GPUs_GPU_6a40d270 = [ GlobalMemoryMb = 95235; MaxSupportedVersion = 12040; DriverVersion = 12.4; DeviceName = "NVIDIA H100 NVL"; CoresPerCU = 128; ECCEnabled = true; ComputeUnits = 132; ClockMhz = 1785.0; Id = "GPU-6a40d270"; Capability = 9.0; DevicePciBusId = "0000:AD:00.0"; DeviceUuid = "6a40d270-bbf0-9651-f21f-c99fd855998d" ]
	Memory = 2000
...
006 (7217815.002.000) 09/24 12:52:51 Image size of job updated: 2431996
	1893  -  MemoryUsage of job (MB)
	1937560  -  ResidentSetSize of job (KB)
...
006 (7217815.002.000) 09/24 12:57:52 Image size of job updated: 2804272
	2184  -  MemoryUsage of job (MB)
	2235952  -  ResidentSetSize of job (KB)
...
006 (7217815.002.000) 09/24 13:02:52 Image size of job updated: 2934260
	2301  -  MemoryUsage of job (MB)
	2355408  -  ResidentSetSize of job (KB)
...
006 (7217815.002.000) 09/24 13:07:54 Image size of job updated: 3030548
	2415  -  MemoryUsage of job (MB)
	2472016  -  ResidentSetSize of job (KB)
...
006 (7217815.002.000) 09/24 13:12:54 Image size of job updated: 5226968
	4686  -  MemoryUsage of job (MB)
	4797964  -  ResidentSetSize of job (KB)
...
006 (7217815.002.000) 09/24 13:17:54 Image size of job updated: 5476792
	4930  -  MemoryUsage of job (MB)
	5047536  -  ResidentSetSize of job (KB)
...
006 (7217815.002.000) 09/24 13:22:55 Image size of job updated: 5495392
	4947  -  MemoryUsage of job (MB)
	5065696  -  ResidentSetSize of job (KB)
...
006 (7217815.002.000) 09/24 13:27:55 Image size of job updated: 5677132
	5125  -  MemoryUsage of job (MB)
	5247428  -  ResidentSetSize of job (KB)
...
006 (7217815.002.000) 09/24 13:32:55 Image size of job updated: 5863640
	5125  -  MemoryUsage of job (MB)
	5247428  -  ResidentSetSize of job (KB)
...
006 (7217815.002.000) 09/24 13:37:56 Image size of job updated: 6104824
	5125  -  MemoryUsage of job (MB)
	5247428  -  ResidentSetSize of job (KB)
...
006 (7217815.002.000) 09/24 13:42:56 Image size of job updated: 6229496
	5125  -  MemoryUsage of job (MB)
	5247428  -  ResidentSetSize of job (KB)
...
006 (7217815.002.000) 09/24 13:47:57 Image size of job updated: 6619820
	5177  -  MemoryUsage of job (MB)
	5301184  -  ResidentSetSize of job (KB)
...
006 (7217815.002.000) 09/24 13:52:58 Image size of job updated: 6737416
	5178  -  MemoryUsage of job (MB)
	5301440  -  ResidentSetSize of job (KB)
...
006 (7217815.002.000) 09/24 14:18:00 Image size of job updated: 6928568
	6767  -  MemoryUsage of job (MB)
	6928568  -  ResidentSetSize of job (KB)
...
006 (7217815.002.000) 09/24 14:23:00 Image size of job updated: 7659028
	7480  -  MemoryUsage of job (MB)
	7659028  -  ResidentSetSize of job (KB)
...
006 (7217815.002.000) 09/24 14:28:01 Image size of job updated: 8390932
	8195  -  MemoryUsage of job (MB)
	8390932  -  ResidentSetSize of job (KB)
...
006 (7217815.002.000) 09/24 14:33:02 Image size of job updated: 9119104
	8906  -  MemoryUsage of job (MB)
	9119104  -  ResidentSetSize of job (KB)
...
006 (7217815.002.000) 09/24 14:38:02 Image size of job updated: 9849012
	9619  -  MemoryUsage of job (MB)
	9849012  -  ResidentSetSize of job (KB)
...
006 (7217815.002.000) 09/24 14:42:33 Image size of job updated: 10433048
	9619  -  MemoryUsage of job (MB)
	9849012  -  ResidentSetSize of job (KB)
...
040 (7217815.002.000) 09/24 14:42:33 Started transferring output files
...
040 (7217815.002.000) 09/24 14:42:33 Finished transferring output files
...
005 (7217815.002.000) 09/24 14:42:33 Job terminated.
	(1) Normal termination (return value 50)
		Usr 0 01:25:28, Sys 0 00:10:21  -  Run Remote Usage
		Usr 0 00:00:00, Sys 0 00:00:00  -  Run Local Usage
		Usr 0 01:25:28, Sys 0 00:10:21  -  Total Remote Usage
		Usr 0 00:00:00, Sys 0 00:00:00  -  Total Local Usage
	85027  -  Run Bytes Sent By Job
	1410  -  Run Bytes Received By Job
	85027  -  Total Bytes Sent By Job
	1410  -  Total Bytes Received By Job
	Partitionable Resources :      Usage  Request Allocated Assigned
	   Cpus                 :       1.00        1         1 
	   Disk (KB)            : 5319987           2   6884150 
	   Gpus (Average)       :       0.05        1         1 "GPU-6a40d270"
	   GpusMemory (MB)      :    8048                       
	   Memory (MB)          :    9619        2000      2000 

	Job terminated of its own accord at 2024-09-24T12:42:33Z with exit-code 50.
...
