000 (7227813.001.000) 10/02 08:39:18 Job submitted from host: <137.138.44.55:9618?addrs=137.138.44.55-9618+[2001-1458-d00-1a--48]-9618&alias=bigbird17.cern.ch&noUDP&sock=schedd_1981_6134>
...
040 (7227813.001.000) 10/02 17:28:23 Started transferring input files
	Transferring to host: <128.142.248.123:9618?addrs=128.142.248.123-9618+[2001-1458-301-73--100-16b]-9618&alias=b9g23p2657.cern.ch&noUDP&sock=slot1_38_443391_d207_36721>
...
040 (7227813.001.000) 10/02 17:28:23 Finished transferring input files
...
001 (7227813.001.000) 10/02 17:28:24 Job executing on host: <128.142.248.123:9618?addrs=128.142.248.123-9618+[2001-1458-301-73--100-16b]-9618&alias=b9g23p2657.cern.ch&noUDP&sock=startd_7091_6a27>
	SlotName: slot1_38@b9g23p2657.cern.ch
	CondorScratchDir = "/pool/condor/dir_2306132"
	Cpus = 1
	Disk = 3021118
	Memory = 2000
...
006 (7227813.001.000) 10/02 17:28:33 Image size of job updated: 1028372
	1005  -  MemoryUsage of job (MB)
	1028304  -  ResidentSetSize of job (KB)
...
006 (7227813.001.000) 10/02 17:33:34 Image size of job updated: 1166728
	1012  -  MemoryUsage of job (MB)
	1035840  -  ResidentSetSize of job (KB)
...
006 (7227813.001.000) 10/02 22:24:03 Image size of job updated: 1666596
	1628  -  MemoryUsage of job (MB)
	1666596  -  ResidentSetSize of job (KB)
...
006 (7227813.001.000) 10/02 22:29:03 Image size of job updated: 2087684
	2039  -  MemoryUsage of job (MB)
	2087452  -  ResidentSetSize of job (KB)
...
006 (7227813.001.000) 10/02 22:29:35 Image size of job updated: 2120316
	2039  -  MemoryUsage of job (MB)
	2087596  -  ResidentSetSize of job (KB)
...
040 (7227813.001.000) 10/02 22:29:35 Started transferring output files
...
040 (7227813.001.000) 10/02 22:29:35 Finished transferring output files
...
005 (7227813.001.000) 10/02 22:29:36 Job terminated.
	(1) Normal termination (return value 50)
		Usr 0 04:53:39, Sys 0 00:04:52  -  Run Remote Usage
		Usr 0 00:00:00, Sys 0 00:00:00  -  Run Local Usage
		Usr 0 04:53:39, Sys 0 00:04:52  -  Total Remote Usage
		Usr 0 00:00:00, Sys 0 00:00:00  -  Total Local Usage
	15708  -  Run Bytes Sent By Job
	2435  -  Run Bytes Received By Job
	15708  -  Total Bytes Sent By Job
	2435  -  Total Bytes Received By Job
	Partitionable Resources :      Usage  Request Allocated 
	   Cpus                 :       0.97        1         1 
	   Disk (KB)            : 1082069           3   3021118 
	   Memory (MB)          :    2039        2000      2000 

	Job terminated of its own accord at 2024-10-02T20:29:35Z with exit-code 50.
...
