000 (7216413.004.000) 09/16 07:43:52 Job submitted from host: <137.138.44.55:9618?addrs=137.138.44.55-9618+[2001-1458-d00-1a--48]-9618&alias=bigbird17.cern.ch&noUDP&sock=schedd_1980_b19c>
...
040 (7216413.004.000) 09/16 07:47:29 Started transferring input files
	Transferring to host: <128.142.248.123:9618?addrs=128.142.248.123-9618+[2001-1458-301-73--100-16b]-9618&alias=b9g23p2657.cern.ch&noUDP&sock=slot1_20_443391_d207_13444>
...
040 (7216413.004.000) 09/16 07:47:29 Finished transferring input files
...
001 (7216413.004.000) 09/16 07:47:30 Job executing on host: <128.142.248.123:9618?addrs=128.142.248.123-9618+[2001-1458-301-73--100-16b]-9618&alias=b9g23p2657.cern.ch&noUDP&sock=startd_7091_6a27>
	SlotName: slot1_20@b9g23p2657.cern.ch
	CondorScratchDir = "/pool/condor/dir_4100661"
	Cpus = 1
	Disk = 3101441
	Memory = 2000
...
006 (7216413.004.000) 09/16 07:47:39 Image size of job updated: 541004
	529  -  MemoryUsage of job (MB)
	540972  -  ResidentSetSize of job (KB)
...
006 (7216413.004.000) 09/16 07:52:39 Image size of job updated: 829368
	537  -  MemoryUsage of job (MB)
	548916  -  ResidentSetSize of job (KB)
...
006 (7216413.004.000) 09/16 18:50:15 Image size of job updated: 4481132
	1268  -  MemoryUsage of job (MB)
	1298220  -  ResidentSetSize of job (KB)
...
040 (7216413.004.000) 09/16 18:50:15 Started transferring output files
...
040 (7216413.004.000) 09/16 18:50:15 Finished transferring output files
...
005 (7216413.004.000) 09/16 18:50:15 Job terminated.
	(1) Normal termination (return value 50)
		Usr 0 10:45:15, Sys 0 00:07:36  -  Run Remote Usage
		Usr 0 00:00:00, Sys 0 00:00:00  -  Run Local Usage
		Usr 0 10:45:15, Sys 0 00:07:36  -  Total Remote Usage
		Usr 0 00:00:00, Sys 0 00:00:00  -  Total Local Usage
	79279  -  Run Bytes Sent By Job
	2965  -  Run Bytes Received By Job
	79279  -  Total Bytes Sent By Job
	2965  -  Total Bytes Received By Job
	Partitionable Resources :     Usage  Request Allocated 
	   Cpus                 :      0.99        1         1 
	   Disk (KB)            : 841467           3   3101441 
	   Memory (MB)          :   1268        2000      2000 

	Job terminated of its own accord at 2024-09-16T16:50:15Z with exit-code 50.
...
