000 (7216413.005.000) 09/16 07:43:52 Job submitted from host: <137.138.44.55:9618?addrs=137.138.44.55-9618+[2001-1458-d00-1a--48]-9618&alias=bigbird17.cern.ch&noUDP&sock=schedd_1980_b19c>
...
040 (7216413.005.000) 09/16 07:47:30 Started transferring input files
	Transferring to host: <188.185.198.111:9618?addrs=188.185.198.111-9618+[2001-1458-303-25--100-6b]-9618&alias=b9p15p4924.cern.ch&noUDP&sock=slot1_34_11906_9a9d_32290>
...
040 (7216413.005.000) 09/16 07:47:30 Finished transferring input files
...
001 (7216413.005.000) 09/16 07:47:31 Job executing on host: <188.185.198.111:9618?addrs=188.185.198.111-9618+[2001-1458-303-25--100-6b]-9618&alias=b9p15p4924.cern.ch&noUDP&sock=startd_11856_ceef>
	SlotName: slot1_34@b9p15p4924.cern.ch
	CondorScratchDir = "/pool/condor/dir_1551565"
	Cpus = 1
	Disk = 3201448
	Memory = 2000
...
006 (7216413.005.000) 09/16 07:47:39 Image size of job updated: 765788
	748  -  MemoryUsage of job (MB)
	765784  -  ResidentSetSize of job (KB)
...
006 (7216413.005.000) 09/16 07:52:40 Image size of job updated: 886064
	756  -  MemoryUsage of job (MB)
	774136  -  ResidentSetSize of job (KB)
...
006 (7216413.005.000) 09/16 18:25:53 Image size of job updated: 4498072
	1283  -  MemoryUsage of job (MB)
	1313032  -  ResidentSetSize of job (KB)
...
040 (7216413.005.000) 09/16 18:25:57 Started transferring output files
...
040 (7216413.005.000) 09/16 18:25:58 Finished transferring output files
...
005 (7216413.005.000) 09/16 18:26:01 Job terminated.
	(1) Normal termination (return value 50)
		Usr 0 10:24:07, Sys 0 00:06:27  -  Run Remote Usage
		Usr 0 00:00:00, Sys 0 00:00:00  -  Run Local Usage
		Usr 0 10:24:07, Sys 0 00:06:27  -  Total Remote Usage
		Usr 0 00:00:00, Sys 0 00:00:00  -  Total Local Usage
	79231  -  Run Bytes Sent By Job
	2965  -  Run Bytes Received By Job
	79231  -  Total Bytes Sent By Job
	2965  -  Total Bytes Received By Job
	Partitionable Resources :     Usage  Request Allocated 
	   Cpus                 :      0.96        1         1 
	   Disk (KB)            : 828333           3   3201448 
	   Memory (MB)          :   1283        2000      2000 

	Job terminated of its own accord at 2024-09-16T16:25:53Z with exit-code 50.
...
