000 (7186291.004.000) 08/22 15:33:27 Job submitted from host: <137.138.44.55:9618?addrs=137.138.44.55-9618+[2001-1458-d00-1a--48]-9618&alias=bigbird17.cern.ch&noUDP&sock=schedd_23962_8474>
...
040 (7186291.004.000) 08/23 18:51:33 Started transferring input files
	Transferring to host: <128.142.248.81:9618?addrs=128.142.248.81-9618+[2001-1458-301-73--100-141]-9618&alias=b9g23p3234.cern.ch&noUDP&sock=slot1_8_3493222_a91c_6336>
...
040 (7186291.004.000) 08/23 18:51:33 Finished transferring input files
...
001 (7186291.004.000) 08/23 18:51:34 Job executing on host: <128.142.248.81:9618?addrs=128.142.248.81-9618+[2001-1458-301-73--100-141]-9618&alias=b9g23p3234.cern.ch&noUDP&sock=startd_5923_4389>
	SlotName: slot1_8@b9g23p3234.cern.ch
	CondorScratchDir = "/pool/condor/dir_2279867"
	Cpus = 1
	Disk = 3114652
	Memory = 2000
...
006 (7186291.004.000) 08/23 18:51:43 Image size of job updated: 494772
	281  -  MemoryUsage of job (MB)
	287176  -  ResidentSetSize of job (KB)
...
006 (7186291.004.000) 08/23 18:56:43 Image size of job updated: 4536356
	3290  -  MemoryUsage of job (MB)
	3368460  -  ResidentSetSize of job (KB)
...
040 (7186291.004.000) 08/23 19:14:50 Started transferring output files
...
040 (7186291.004.000) 08/23 19:14:50 Finished transferring output files
...
005 (7186291.004.000) 08/23 19:14:50 Job terminated.
	(1) Normal termination (return value 50)
		Usr 0 00:21:47, Sys 0 00:00:33  -  Run Remote Usage
		Usr 0 00:00:00, Sys 0 00:00:00  -  Run Local Usage
		Usr 0 00:21:47, Sys 0 00:00:33  -  Total Remote Usage
		Usr 0 00:00:00, Sys 0 00:00:00  -  Total Local Usage
	16118  -  Run Bytes Sent By Job
	2766  -  Run Bytes Received By Job
	16118  -  Total Bytes Sent By Job
	2766  -  Total Bytes Received By Job
	Partitionable Resources :     Usage  Request Allocated 
	   Cpus                 :      0.99        1         1 
	   Disk (KB)            : 836950           3   3114652 
	   Memory (MB)          :   3290        2000      2000 

	Job terminated of its own accord at 2024-08-23T17:14:50Z with exit-code 50.
...
