000 (7186291.003.000) 08/22 15:33:27 Job submitted from host: <137.138.44.55:9618?addrs=137.138.44.55-9618+[2001-1458-d00-1a--48]-9618&alias=bigbird17.cern.ch&noUDP&sock=schedd_23962_8474>
...
040 (7186291.003.000) 08/23 18:51:34 Started transferring input files
	Transferring to host: <128.142.248.214:9618?addrs=128.142.248.214-9618+[2001-1458-301-73--100-d5]-9618&alias=b9g23p2447.cern.ch&noUDP&sock=slot1_44_2572410_4e57_18962>
...
040 (7186291.003.000) 08/23 18:51:34 Finished transferring input files
...
001 (7186291.003.000) 08/23 18:51:35 Job executing on host: <128.142.248.214:9618?addrs=128.142.248.214-9618+[2001-1458-301-73--100-d5]-9618&alias=b9g23p2447.cern.ch&noUDP&sock=startd_3197_745e>
	SlotName: slot1_44@b9g23p2447.cern.ch
	CondorScratchDir = "/pool/condor/dir_2827557"
	Cpus = 1
	Disk = 2964680
	Memory = 2000
...
006 (7186291.003.000) 08/23 18:51:46 Image size of job updated: 444144
	434  -  MemoryUsage of job (MB)
	444092  -  ResidentSetSize of job (KB)
...
006 (7186291.003.000) 08/23 18:56:47 Image size of job updated: 4562048
	4456  -  MemoryUsage of job (MB)
	4562048  -  ResidentSetSize of job (KB)
...
006 (7186291.003.000) 08/23 19:01:47 Image size of job updated: 4646752
	4456  -  MemoryUsage of job (MB)
	4562048  -  ResidentSetSize of job (KB)
...
040 (7186291.003.000) 08/23 19:17:34 Started transferring output files
...
040 (7186291.003.000) 08/23 19:17:34 Finished transferring output files
...
005 (7186291.003.000) 08/23 19:17:34 Job terminated.
	(1) Normal termination (return value 50)
		Usr 0 00:24:09, Sys 0 00:00:24  -  Run Remote Usage
		Usr 0 00:00:00, Sys 0 00:00:00  -  Run Local Usage
		Usr 0 00:24:09, Sys 0 00:00:24  -  Total Remote Usage
		Usr 0 00:00:00, Sys 0 00:00:00  -  Total Local Usage
	16120  -  Run Bytes Sent By Job
	2766  -  Run Bytes Received By Job
	16120  -  Total Bytes Sent By Job
	2766  -  Total Bytes Received By Job
	Partitionable Resources :     Usage  Request Allocated 
	   Cpus                 :      0.82        1         1 
	   Disk (KB)            : 849098           3   2964680 
	   Memory (MB)          :   4456        2000      2000 

	Job terminated of its own accord at 2024-08-23T17:17:34Z with exit-code 50.
...
