000 (7217816.004.000) 09/23 13:21:48 Job submitted from host: <137.138.44.55:9618?addrs=137.138.44.55-9618+[2001-1458-d00-1a--48]-9618&alias=bigbird17.cern.ch&noUDP&sock=schedd_1981_6134>
...
040 (7217816.004.000) 09/24 13:37:11 Started transferring input files
	Transferring to host: <188.185.190.108:9618?addrs=188.185.190.108-9618+[2001-1458-d03-b--100-2ff]-9618&alias=b9pgpun015.cern.ch&noUDP&sock=slot1_1_241727_49ff_26412>
...
040 (7217816.004.000) 09/24 13:37:11 Finished transferring input files
...
001 (7217816.004.000) 09/24 13:37:12 Job executing on host: <188.185.190.108:9618?addrs=188.185.190.108-9618+[2001-1458-d03-b--100-2ff]-9618&alias=b9pgpun015.cern.ch&noUDP&sock=startd_205776_cc7b>
	SlotName: slot1_1@b9pgpun015.cern.ch
	AvailableGPUs = { GPUs_GPU_b24b403a }
	CondorScratchDir = "/pool/condor/dir_2927058"
	Cpus = 1
	Disk = 6893582
	GPUs = 1
	GPUs_GPU_b24b403a = [ GlobalMemoryMb = 95235; MaxSupportedVersion = 12040; DriverVersion = 12.4; DeviceName = "NVIDIA H100 NVL"; CoresPerCU = 128; ECCEnabled = true; ComputeUnits = 132; ClockMhz = 1785.0; Id = "GPU-b24b403a"; Capability = 9.0; DevicePciBusId = "0000:3A:00.0"; DeviceUuid = "b24b403a-c8dc-04db-3428-2ea4c127b0ed" ]
	Memory = 2000
...
006 (7217816.004.000) 09/24 13:37:21 Image size of job updated: 2440184
	1872  -  MemoryUsage of job (MB)
	1916812  -  ResidentSetSize of job (KB)
...
006 (7217816.004.000) 09/24 13:42:21 Image size of job updated: 4883888
	4717  -  MemoryUsage of job (MB)
	4829752  -  ResidentSetSize of job (KB)
...
006 (7217816.004.000) 09/24 13:47:21 Image size of job updated: 5071388
	4717  -  MemoryUsage of job (MB)
	4829752  -  ResidentSetSize of job (KB)
...
006 (7217816.004.000) 09/24 13:52:22 Image size of job updated: 5243036
	4717  -  MemoryUsage of job (MB)
	4829752  -  ResidentSetSize of job (KB)
...
006 (7217816.004.000) 09/24 13:57:22 Image size of job updated: 5415152
	5289  -  MemoryUsage of job (MB)
	5415108  -  ResidentSetSize of job (KB)
...
006 (7217816.004.000) 09/24 14:02:23 Image size of job updated: 5559704
	5289  -  MemoryUsage of job (MB)
	5415108  -  ResidentSetSize of job (KB)
...
006 (7217816.004.000) 09/24 14:07:24 Image size of job updated: 5907460
	5350  -  MemoryUsage of job (MB)
	5478332  -  ResidentSetSize of job (KB)
...
006 (7217816.004.000) 09/24 14:12:24 Image size of job updated: 6008888
	5869  -  MemoryUsage of job (MB)
	6008888  -  ResidentSetSize of job (KB)
...
006 (7217816.004.000) 09/24 14:17:26 Image size of job updated: 6058192
	5869  -  MemoryUsage of job (MB)
	6008888  -  ResidentSetSize of job (KB)
...
006 (7217816.004.000) 09/24 14:22:26 Image size of job updated: 6191212
	5869  -  MemoryUsage of job (MB)
	6008888  -  ResidentSetSize of job (KB)
...
006 (7217816.004.000) 09/24 14:27:26 Image size of job updated: 6332224
	5869  -  MemoryUsage of job (MB)
	6008888  -  ResidentSetSize of job (KB)
...
006 (7217816.004.000) 09/24 14:32:27 Image size of job updated: 6457148
	5869  -  MemoryUsage of job (MB)
	6008888  -  ResidentSetSize of job (KB)
...
006 (7217816.004.000) 09/24 15:22:31 Image size of job updated: 7204784
	7036  -  MemoryUsage of job (MB)
	7204784  -  ResidentSetSize of job (KB)
...
006 (7217816.004.000) 09/24 15:27:32 Image size of job updated: 7939344
	7754  -  MemoryUsage of job (MB)
	7939344  -  ResidentSetSize of job (KB)
...
006 (7217816.004.000) 09/24 15:32:32 Image size of job updated: 8670112
	8467  -  MemoryUsage of job (MB)
	8670112  -  ResidentSetSize of job (KB)
...
006 (7217816.004.000) 09/24 15:37:32 Image size of job updated: 9402496
	9183  -  MemoryUsage of job (MB)
	9402496  -  ResidentSetSize of job (KB)
...
006 (7217816.004.000) 09/24 15:42:33 Image size of job updated: 10136064
	9899  -  MemoryUsage of job (MB)
	10136064  -  ResidentSetSize of job (KB)
...
006 (7217816.004.000) 09/24 15:47:33 Image size of job updated: 10865608
	10611  -  MemoryUsage of job (MB)
	10865608  -  ResidentSetSize of job (KB)
...
006 (7217816.004.000) 09/24 15:52:35 Image size of job updated: 11599576
	11328  -  MemoryUsage of job (MB)
	11599576  -  ResidentSetSize of job (KB)
...
006 (7217816.004.000) 09/24 15:57:35 Image size of job updated: 12333632
	12045  -  MemoryUsage of job (MB)
	12333632  -  ResidentSetSize of job (KB)
...
006 (7217816.004.000) 09/24 16:02:35 Image size of job updated: 13064784
	12759  -  MemoryUsage of job (MB)
	13064784  -  ResidentSetSize of job (KB)
...
006 (7217816.004.000) 09/24 16:07:36 Image size of job updated: 13796480
	13474  -  MemoryUsage of job (MB)
	13796480  -  ResidentSetSize of job (KB)
...
006 (7217816.004.000) 09/24 16:11:48 Image size of job updated: 14268712
	13474  -  MemoryUsage of job (MB)
	13796736  -  ResidentSetSize of job (KB)
...
040 (7217816.004.000) 09/24 16:11:48 Started transferring output files
...
040 (7217816.004.000) 09/24 16:11:48 Finished transferring output files
...
005 (7217816.004.000) 09/24 16:11:48 Job terminated.
	(1) Normal termination (return value 50)
		Usr 0 02:10:25, Sys 0 00:11:39  -  Run Remote Usage
		Usr 0 00:00:00, Sys 0 00:00:00  -  Run Local Usage
		Usr 0 02:10:25, Sys 0 00:11:39  -  Total Remote Usage
		Usr 0 00:00:00, Sys 0 00:00:00  -  Total Local Usage
	94622  -  Run Bytes Sent By Job
	1410  -  Run Bytes Received By Job
	94622  -  Total Bytes Sent By Job
	1410  -  Total Bytes Received By Job
	Partitionable Resources :      Usage  Request Allocated Assigned
	   Cpus                 :       1.00        1         1 
	   Disk (KB)            : 8904938           2   6893582 
	   Gpus (Average)       :       0.05        1         1 "GPU-b24b403a"
	   GpusMemory (MB)      :    8048                       
	   Memory (MB)          :   13474        2000      2000 

	Job terminated of its own accord at 2024-09-24T14:11:48Z with exit-code 50.
...
