000 (7217816.006.000) 09/23 13:21:48 Job submitted from host: <137.138.44.55:9618?addrs=137.138.44.55-9618+[2001-1458-d00-1a--48]-9618&alias=bigbird17.cern.ch&noUDP&sock=schedd_1981_6134>
...
040 (7217816.006.000) 09/24 13:42:40 Started transferring input files
	Transferring to host: <188.185.190.108:9618?addrs=188.185.190.108-9618+[2001-1458-d03-b--100-2ff]-9618&alias=b9pgpun015.cern.ch&noUDP&sock=slot1_3_241727_49ff_26417>
...
040 (7217816.006.000) 09/24 13:42:40 Finished transferring input files
...
001 (7217816.006.000) 09/24 13:42:41 Job executing on host: <188.185.190.108:9618?addrs=188.185.190.108-9618+[2001-1458-d03-b--100-2ff]-9618&alias=b9pgpun015.cern.ch&noUDP&sock=startd_205776_cc7b>
	SlotName: slot1_3@b9pgpun015.cern.ch
	AvailableGPUs = { GPUs_GPU_33417335 }
	CondorScratchDir = "/pool/condor/dir_2939757"
	Cpus = 1
	Disk = 6891607
	GPUs = 1
	GPUs_GPU_33417335 = [ GlobalMemoryMb = 95235; MaxSupportedVersion = 12040; DriverVersion = 12.4; DeviceName = "NVIDIA H100 NVL"; CoresPerCU = 128; ECCEnabled = true; ComputeUnits = 132; ClockMhz = 1785.0; Id = "GPU-33417335"; Capability = 9.0; DevicePciBusId = "0000:AD:00.0"; DeviceUuid = "33417335-e430-9b71-8401-90d7d89e1f88" ]
	Memory = 2000
...
006 (7217816.006.000) 09/24 13:42:49 Image size of job updated: 2433976
	2377  -  MemoryUsage of job (MB)
	2433920  -  ResidentSetSize of job (KB)
...
006 (7217816.006.000) 09/24 13:47:49 Image size of job updated: 4828772
	3496  -  MemoryUsage of job (MB)
	3579880  -  ResidentSetSize of job (KB)
...
006 (7217816.006.000) 09/24 13:52:50 Image size of job updated: 4902168
	4761  -  MemoryUsage of job (MB)
	4874788  -  ResidentSetSize of job (KB)
...
006 (7217816.006.000) 09/24 13:57:50 Image size of job updated: 5117460
	4998  -  MemoryUsage of job (MB)
	5117460  -  ResidentSetSize of job (KB)
...
006 (7217816.006.000) 09/24 14:02:51 Image size of job updated: 5171620
	5026  -  MemoryUsage of job (MB)
	5146192  -  ResidentSetSize of job (KB)
...
006 (7217816.006.000) 09/24 14:07:52 Image size of job updated: 5392584
	5026  -  MemoryUsage of job (MB)
	5146192  -  ResidentSetSize of job (KB)
...
006 (7217816.006.000) 09/24 14:12:52 Image size of job updated: 5520584
	5026  -  MemoryUsage of job (MB)
	5146192  -  ResidentSetSize of job (KB)
...
006 (7217816.006.000) 09/24 14:17:54 Image size of job updated: 5765496
	5026  -  MemoryUsage of job (MB)
	5146192  -  ResidentSetSize of job (KB)
...
006 (7217816.006.000) 09/24 14:22:54 Image size of job updated: 5969212
	5026  -  MemoryUsage of job (MB)
	5146192  -  ResidentSetSize of job (KB)
...
006 (7217816.006.000) 09/24 14:27:54 Image size of job updated: 6101928
	5026  -  MemoryUsage of job (MB)
	5146192  -  ResidentSetSize of job (KB)
...
006 (7217816.006.000) 09/24 15:07:58 Image size of job updated: 6101928
	5396  -  MemoryUsage of job (MB)
	5524488  -  ResidentSetSize of job (KB)
...
006 (7217816.006.000) 09/24 15:14:41 Image size of job updated: 6101928
	5567  -  MemoryUsage of job (MB)
	5700400  -  ResidentSetSize of job (KB)
...
006 (7217816.006.000) 09/24 15:19:50 Image size of job updated: 6101928
	5894  -  MemoryUsage of job (MB)
	6035080  -  ResidentSetSize of job (KB)
...
006 (7217816.006.000) 09/24 15:24:50 Image size of job updated: 8942204
	8733  -  MemoryUsage of job (MB)
	8942204  -  ResidentSetSize of job (KB)
...
006 (7217816.006.000) 09/24 15:29:50 Image size of job updated: 9677264
	9451  -  MemoryUsage of job (MB)
	9677264  -  ResidentSetSize of job (KB)
...
006 (7217816.006.000) 09/24 15:34:51 Image size of job updated: 10416560
	10173  -  MemoryUsage of job (MB)
	10416560  -  ResidentSetSize of job (KB)
...
006 (7217816.006.000) 09/24 15:39:51 Image size of job updated: 11150364
	10890  -  MemoryUsage of job (MB)
	11150364  -  ResidentSetSize of job (KB)
...
006 (7217816.006.000) 09/24 15:44:52 Image size of job updated: 11888208
	11610  -  MemoryUsage of job (MB)
	11888208  -  ResidentSetSize of job (KB)
...
006 (7217816.006.000) 09/24 15:49:53 Image size of job updated: 11983440
	11610  -  MemoryUsage of job (MB)
	11888464  -  ResidentSetSize of job (KB)
...
006 (7217816.006.000) 09/24 15:54:53 Image size of job updated: 12173376
	11889  -  MemoryUsage of job (MB)
	12173376  -  ResidentSetSize of job (KB)
...
006 (7217816.006.000) 09/24 15:59:54 Image size of job updated: 12912332
	12610  -  MemoryUsage of job (MB)
	12912332  -  ResidentSetSize of job (KB)
...
006 (7217816.006.000) 09/24 16:04:55 Image size of job updated: 13648844
	13329  -  MemoryUsage of job (MB)
	13648844  -  ResidentSetSize of job (KB)
...
006 (7217816.006.000) 09/24 16:09:55 Image size of job updated: 14267852
	13329  -  MemoryUsage of job (MB)
	13648844  -  ResidentSetSize of job (KB)
...
040 (7217816.006.000) 09/24 16:10:06 Started transferring output files
...
040 (7217816.006.000) 09/24 16:10:06 Finished transferring output files
...
005 (7217816.006.000) 09/24 16:10:06 Job terminated.
	(1) Normal termination (return value 50)
		Usr 0 02:03:34, Sys 0 00:11:13  -  Run Remote Usage
		Usr 0 00:00:00, Sys 0 00:00:00  -  Run Local Usage
		Usr 0 02:03:34, Sys 0 00:11:13  -  Total Remote Usage
		Usr 0 00:00:00, Sys 0 00:00:00  -  Total Local Usage
	94625  -  Run Bytes Sent By Job
	1410  -  Run Bytes Received By Job
	94625  -  Total Bytes Sent By Job
	1410  -  Total Bytes Received By Job
	Partitionable Resources :      Usage  Request Allocated Assigned
	   Cpus                 :       1.00        1         1 
	   Disk (KB)            : 8904937           2   6891607 
	   Gpus (Average)       :       0.05        1         1 "GPU-33417335"
	   GpusMemory (MB)      :    8048                       
	   Memory (MB)          :   13329        2000      2000 

	Job terminated of its own accord at 2024-09-24T14:10:06Z with exit-code 50.
...
