000 (7217816.007.000) 09/23 13:21:48 Job submitted from host: <137.138.44.55:9618?addrs=137.138.44.55-9618+[2001-1458-d00-1a--48]-9618&alias=bigbird17.cern.ch&noUDP&sock=schedd_1981_6134>
...
040 (7217816.007.000) 09/24 13:43:34 Started transferring input files
	Transferring to host: <188.185.190.107:9618?addrs=188.185.190.107-9618+[2001-1458-d03-b--100-2fe]-9618&alias=b9pgpun013.cern.ch&noUDP&sock=slot1_4_223718_51c2_26588>
...
040 (7217816.007.000) 09/24 13:43:34 Finished transferring input files
...
001 (7217816.007.000) 09/24 13:43:35 Job executing on host: <188.185.190.107:9618?addrs=188.185.190.107-9618+[2001-1458-d03-b--100-2fe]-9618&alias=b9pgpun013.cern.ch&noUDP&sock=startd_204990_ab0b>
	SlotName: slot1_4@b9pgpun013.cern.ch
	AvailableGPUs = { GPUs_GPU_49a3c76d }
	CondorScratchDir = "/pool/condor/dir_4171129"
	Cpus = 1
	Disk = 6883895
	GPUs = 1
	GPUs_GPU_49a3c76d = [ GlobalMemoryMb = 95235; MaxSupportedVersion = 12040; DriverVersion = 12.4; DeviceName = "NVIDIA H100 NVL"; CoresPerCU = 128; ECCEnabled = true; ComputeUnits = 132; ClockMhz = 1785.0; Id = "GPU-49a3c76d"; Capability = 9.0; DevicePciBusId = "0000:AE:00.0"; DeviceUuid = "49a3c76d-089b-8e94-1c4a-b0c322ed2738" ]
	Memory = 2000
...
006 (7217816.007.000) 09/24 13:43:43 Image size of job updated: 2430020
	1862  -  MemoryUsage of job (MB)
	1905860  -  ResidentSetSize of job (KB)
...
006 (7217816.007.000) 09/24 13:48:43 Image size of job updated: 4874332
	3184  -  MemoryUsage of job (MB)
	3259824  -  ResidentSetSize of job (KB)
...
006 (7217816.007.000) 09/24 13:53:44 Image size of job updated: 4938352
	3184  -  MemoryUsage of job (MB)
	3259824  -  ResidentSetSize of job (KB)
...
006 (7217816.007.000) 09/24 13:58:44 Image size of job updated: 5769444
	4054  -  MemoryUsage of job (MB)
	4151280  -  ResidentSetSize of job (KB)
...
006 (7217816.007.000) 09/24 14:03:45 Image size of job updated: 6027984
	4058  -  MemoryUsage of job (MB)
	4155376  -  ResidentSetSize of job (KB)
...
006 (7217816.007.000) 09/24 14:08:46 Image size of job updated: 6236036
	4058  -  MemoryUsage of job (MB)
	4155376  -  ResidentSetSize of job (KB)
...
006 (7217816.007.000) 09/24 14:13:46 Image size of job updated: 6793312
	6635  -  MemoryUsage of job (MB)
	6793312  -  ResidentSetSize of job (KB)
...
006 (7217816.007.000) 09/24 14:18:47 Image size of job updated: 6943504
	6635  -  MemoryUsage of job (MB)
	6793312  -  ResidentSetSize of job (KB)
...
006 (7217816.007.000) 09/24 15:08:50 Image size of job updated: 6943504
	6762  -  MemoryUsage of job (MB)
	6923748  -  ResidentSetSize of job (KB)
...
006 (7217816.007.000) 09/24 15:13:51 Image size of job updated: 9593876
	9370  -  MemoryUsage of job (MB)
	9593876  -  ResidentSetSize of job (KB)
...
006 (7217816.007.000) 09/24 15:18:51 Image size of job updated: 10338208
	10096  -  MemoryUsage of job (MB)
	10338208  -  ResidentSetSize of job (KB)
...
006 (7217816.007.000) 09/24 15:23:53 Image size of job updated: 10524224
	10096  -  MemoryUsage of job (MB)
	10338272  -  ResidentSetSize of job (KB)
...
006 (7217816.007.000) 09/24 15:28:53 Image size of job updated: 10642012
	10393  -  MemoryUsage of job (MB)
	10642012  -  ResidentSetSize of job (KB)
...
006 (7217816.007.000) 09/24 15:33:53 Image size of job updated: 11386028
	11120  -  MemoryUsage of job (MB)
	11386028  -  ResidentSetSize of job (KB)
...
006 (7217816.007.000) 09/24 15:38:54 Image size of job updated: 12130056
	11846  -  MemoryUsage of job (MB)
	12130056  -  ResidentSetSize of job (KB)
...
006 (7217816.007.000) 09/24 15:43:54 Image size of job updated: 12872136
	12571  -  MemoryUsage of job (MB)
	12872136  -  ResidentSetSize of job (KB)
...
006 (7217816.007.000) 09/24 15:48:54 Image size of job updated: 13615592
	13297  -  MemoryUsage of job (MB)
	13615592  -  ResidentSetSize of job (KB)
...
006 (7217816.007.000) 09/24 15:53:55 Image size of job updated: 14362580
	14026  -  MemoryUsage of job (MB)
	14362580  -  ResidentSetSize of job (KB)
...
006 (7217816.007.000) 09/24 15:58:55 Image size of job updated: 15106116
	14753  -  MemoryUsage of job (MB)
	15106116  -  ResidentSetSize of job (KB)
...
006 (7217816.007.000) 09/24 16:00:49 Image size of job updated: 15242352
	14753  -  MemoryUsage of job (MB)
	15106116  -  ResidentSetSize of job (KB)
...
040 (7217816.007.000) 09/24 16:00:49 Started transferring output files
...
040 (7217816.007.000) 09/24 16:00:49 Finished transferring output files
...
005 (7217816.007.000) 09/24 16:00:49 Job terminated.
	(1) Normal termination (return value 50)
		Usr 0 01:51:40, Sys 0 00:11:35  -  Run Remote Usage
		Usr 0 00:00:00, Sys 0 00:00:00  -  Run Local Usage
		Usr 0 01:51:40, Sys 0 00:11:35  -  Total Remote Usage
		Usr 0 00:00:00, Sys 0 00:00:00  -  Total Local Usage
	94623  -  Run Bytes Sent By Job
	1410  -  Run Bytes Received By Job
	94623  -  Total Bytes Sent By Job
	1410  -  Total Bytes Received By Job
	Partitionable Resources :      Usage  Request Allocated Assigned
	   Cpus                 :       1.00        1         1 
	   Disk (KB)            : 9047228           2   6883895 
	   Gpus (Average)       :       0.06        1         1 "GPU-49a3c76d"
	   GpusMemory (MB)      :    8048                       
	   Memory (MB)          :   14753        2000      2000 

	Job terminated of its own accord at 2024-09-24T14:00:49Z with exit-code 50.
...
