000 (7217816.003.000) 09/23 13:21:48 Job submitted from host: <137.138.44.55:9618?addrs=137.138.44.55-9618+[2001-1458-d00-1a--48]-9618&alias=bigbird17.cern.ch&noUDP&sock=schedd_1981_6134>
...
040 (7217816.003.000) 09/24 13:35:24 Started transferring input files
	Transferring to host: <188.185.190.71:9618?addrs=188.185.190.71-9618+[2001-1458-d03-b--100-2d]-9618&alias=b9pgpun011.cern.ch&noUDP&sock=slot1_1_243050_7655_28289>
...
040 (7217816.003.000) 09/24 13:35:24 Finished transferring input files
...
001 (7217816.003.000) 09/24 13:35:25 Job executing on host: <188.185.190.71:9618?addrs=188.185.190.71-9618+[2001-1458-d03-b--100-2d]-9618&alias=b9pgpun011.cern.ch&noUDP&sock=startd_206544_9537>
	SlotName: slot1_1@b9pgpun011.cern.ch
	AvailableGPUs = { GPUs_GPU_14e708cb }
	CondorScratchDir = "/pool/condor/dir_3208103"
	Cpus = 1
	Disk = 781381
	GPUs = 1
	GPUs_GPU_14e708cb = [ GlobalMemoryMb = 95235; MaxSupportedVersion = 12040; DriverVersion = 12.4; DeviceUuid = "14e708cb-6ef7-5f24-9bfe-09d11508a72e"; DeviceName = "NVIDIA H100 NVL"; CoresPerCU = 128; ECCEnabled = true; ComputeUnits = 132; ClockMhz = 1785.0; Id = "GPU-14e708cb"; DevicePciBusId = "0000:06:00.0"; Capability = 9.0 ]
	Memory = 2000
...
006 (7217816.003.000) 09/24 13:35:34 Image size of job updated: 2250332
	2198  -  MemoryUsage of job (MB)
	2250268  -  ResidentSetSize of job (KB)
...
006 (7217816.003.000) 09/24 13:40:36 Image size of job updated: 4759648
	3486  -  MemoryUsage of job (MB)
	3569428  -  ResidentSetSize of job (KB)
...
006 (7217816.003.000) 09/24 13:45:36 Image size of job updated: 5018272
	4482  -  MemoryUsage of job (MB)
	4588864  -  ResidentSetSize of job (KB)
...
006 (7217816.003.000) 09/24 13:50:36 Image size of job updated: 5108292
	4989  -  MemoryUsage of job (MB)
	5108292  -  ResidentSetSize of job (KB)
...
006 (7217816.003.000) 09/24 13:55:37 Image size of job updated: 5265068
	4989  -  MemoryUsage of job (MB)
	5108292  -  ResidentSetSize of job (KB)
...
006 (7217816.003.000) 09/24 14:00:37 Image size of job updated: 5553404
	5424  -  MemoryUsage of job (MB)
	5553404  -  ResidentSetSize of job (KB)
...
006 (7217816.003.000) 09/24 14:05:37 Image size of job updated: 5846232
	5424  -  MemoryUsage of job (MB)
	5553404  -  ResidentSetSize of job (KB)
...
006 (7217816.003.000) 09/24 14:10:38 Image size of job updated: 6104432
	5547  -  MemoryUsage of job (MB)
	5679244  -  ResidentSetSize of job (KB)
...
006 (7217816.003.000) 09/24 14:15:38 Image size of job updated: 6444384
	5874  -  MemoryUsage of job (MB)
	6014424  -  ResidentSetSize of job (KB)
...
006 (7217816.003.000) 09/24 14:20:39 Image size of job updated: 6568776
	5874  -  MemoryUsage of job (MB)
	6014424  -  ResidentSetSize of job (KB)
...
006 (7217816.003.000) 09/24 15:00:43 Image size of job updated: 6568776
	6242  -  MemoryUsage of job (MB)
	6391708  -  ResidentSetSize of job (KB)
...
006 (7217816.003.000) 09/24 15:10:24 Image size of job updated: 6568776
	6244  -  MemoryUsage of job (MB)
	6392936  -  ResidentSetSize of job (KB)
...
006 (7217816.003.000) 09/24 15:24:30 Image size of job updated: 9170456
	8647  -  MemoryUsage of job (MB)
	8853572  -  ResidentSetSize of job (KB)
...
006 (7217816.003.000) 09/24 15:35:47 Image size of job updated: 10221104
	9982  -  MemoryUsage of job (MB)
	10221104  -  ResidentSetSize of job (KB)
...
006 (7217816.003.000) 09/24 15:42:34 Image size of job updated: 11048960
	10790  -  MemoryUsage of job (MB)
	11048960  -  ResidentSetSize of job (KB)
...
006 (7217816.003.000) 09/24 15:47:36 Image size of job updated: 11651220
	11379  -  MemoryUsage of job (MB)
	11651220  -  ResidentSetSize of job (KB)
...
006 (7217816.003.000) 09/24 15:52:36 Image size of job updated: 12255612
	11969  -  MemoryUsage of job (MB)
	12255612  -  ResidentSetSize of job (KB)
...
006 (7217816.003.000) 09/24 15:57:36 Image size of job updated: 12873340
	12572  -  MemoryUsage of job (MB)
	12873340  -  ResidentSetSize of job (KB)
...
006 (7217816.003.000) 09/24 16:02:37 Image size of job updated: 13494156
	13178  -  MemoryUsage of job (MB)
	13494156  -  ResidentSetSize of job (KB)
...
006 (7217816.003.000) 09/24 16:07:37 Image size of job updated: 14088508
	13759  -  MemoryUsage of job (MB)
	14088508  -  ResidentSetSize of job (KB)
...
006 (7217816.003.000) 09/24 16:12:37 Image size of job updated: 14680104
	14337  -  MemoryUsage of job (MB)
	14680104  -  ResidentSetSize of job (KB)
...
006 (7217816.003.000) 09/24 16:16:16 Image size of job updated: 14997980
	14337  -  MemoryUsage of job (MB)
	14680104  -  ResidentSetSize of job (KB)
...
040 (7217816.003.000) 09/24 16:16:16 Started transferring output files
...
040 (7217816.003.000) 09/24 16:16:16 Finished transferring output files
...
005 (7217816.003.000) 09/24 16:16:16 Job terminated.
	(1) Normal termination (return value 50)
		Usr 0 02:23:05, Sys 0 00:06:44  -  Run Remote Usage
		Usr 0 00:00:00, Sys 0 00:00:00  -  Run Local Usage
		Usr 0 02:23:05, Sys 0 00:06:44  -  Total Remote Usage
		Usr 0 00:00:00, Sys 0 00:00:00  -  Total Local Usage
	94243  -  Run Bytes Sent By Job
	1410  -  Run Bytes Received By Job
	94243  -  Total Bytes Sent By Job
	1410  -  Total Bytes Received By Job
	Partitionable Resources :      Usage  Request Allocated Assigned
	   Cpus                 :       1.00        1         1 
	   Disk (KB)            : 8904937           2    781381 
	   Gpus (Average)       :       0.04        1         1 "GPU-14e708cb"
	   GpusMemory (MB)      :    8048                       
	   Memory (MB)          :   14337        2000      2000 

	Job terminated of its own accord at 2024-09-24T14:16:16Z with exit-code 50.
...
