000 (7227834.005.000) 10/02 08:39:28 Job submitted from host: <137.138.44.55:9618?addrs=137.138.44.55-9618+[2001-1458-d00-1a--48]-9618&alias=bigbird17.cern.ch&noUDP&sock=schedd_1981_6134>
...
040 (7227834.005.000) 10/02 10:15:36 Started transferring input files
	Transferring to host: <188.185.190.109:9618?addrs=188.185.190.109-9618+[2001-1458-d03-b--100-300]-9618&alias=b9pgpun014.cern.ch&noUDP&sock=slot1_1_3185867_4229_24044>
...
040 (7227834.005.000) 10/02 10:15:36 Finished transferring input files
...
001 (7227834.005.000) 10/02 10:15:37 Job executing on host: <188.185.190.109:9618?addrs=188.185.190.109-9618+[2001-1458-d03-b--100-300]-9618&alias=b9pgpun014.cern.ch&noUDP&sock=startd_215167_3e60>
	SlotName: slot1_1@b9pgpun014.cern.ch
	AvailableGPUs = { GPUs_GPU_d55ce482 }
	CondorScratchDir = "/pool/condor/dir_2873779"
	Cpus = 1
	Disk = 6864411
	GPUs = 1
	GPUs_GPU_d55ce482 = [ GlobalMemoryMb = 95235; MaxSupportedVersion = 12040; DriverVersion = 12.4; DeviceName = "NVIDIA H100 NVL"; CoresPerCU = 128; ECCEnabled = true; ComputeUnits = 132; ClockMhz = 1785.0; Id = "GPU-d55ce482"; Capability = 9.0; DevicePciBusId = "0000:3A:00.0"; DeviceUuid = "d55ce482-6b29-aba5-2387-d8dadb7ee20f" ]
	Memory = 2000
...
006 (7227834.005.000) 10/02 10:15:45 Image size of job updated: 1403248
	867  -  MemoryUsage of job (MB)
	887204  -  ResidentSetSize of job (KB)
...
006 (7227834.005.000) 10/02 10:20:46 Image size of job updated: 2091940
	1933  -  MemoryUsage of job (MB)
	1978852  -  ResidentSetSize of job (KB)
...
006 (7227834.005.000) 10/02 10:25:47 Image size of job updated: 2211088
	1933  -  MemoryUsage of job (MB)
	1978852  -  ResidentSetSize of job (KB)
...
006 (7227834.005.000) 10/02 10:30:47 Image size of job updated: 2362624
	2185  -  MemoryUsage of job (MB)
	2237284  -  ResidentSetSize of job (KB)
...
006 (7227834.005.000) 10/02 10:35:48 Image size of job updated: 2408584
	2185  -  MemoryUsage of job (MB)
	2237284  -  ResidentSetSize of job (KB)
...
006 (7227834.005.000) 10/02 10:40:48 Image size of job updated: 2575220
	2409  -  MemoryUsage of job (MB)
	2466276  -  ResidentSetSize of job (KB)
...
006 (7227834.005.000) 10/02 10:45:49 Image size of job updated: 2638140
	2409  -  MemoryUsage of job (MB)
	2466276  -  ResidentSetSize of job (KB)
...
006 (7227834.005.000) 10/02 10:50:49 Image size of job updated: 2849768
	2701  -  MemoryUsage of job (MB)
	2765712  -  ResidentSetSize of job (KB)
...
006 (7227834.005.000) 10/02 10:55:49 Image size of job updated: 3012040
	2701  -  MemoryUsage of job (MB)
	2765712  -  ResidentSetSize of job (KB)
...
006 (7227834.005.000) 10/02 11:15:51 Image size of job updated: 3594392
	3511  -  MemoryUsage of job (MB)
	3594392  -  ResidentSetSize of job (KB)
...
006 (7227834.005.000) 10/02 11:18:23 Image size of job updated: 4133272
	3511  -  MemoryUsage of job (MB)
	3594648  -  ResidentSetSize of job (KB)
...
040 (7227834.005.000) 10/02 11:18:23 Started transferring output files
...
040 (7227834.005.000) 10/02 11:18:23 Finished transferring output files
...
005 (7227834.005.000) 10/02 11:18:24 Job terminated.
	(1) Normal termination (return value 50)
		Usr 0 00:38:47, Sys 0 00:11:26  -  Run Remote Usage
		Usr 0 00:00:00, Sys 0 00:00:00  -  Run Local Usage
		Usr 0 00:38:47, Sys 0 00:11:26  -  Total Remote Usage
		Usr 0 00:00:00, Sys 0 00:00:00  -  Total Local Usage
	79950  -  Run Bytes Sent By Job
	2423  -  Run Bytes Received By Job
	79950  -  Total Bytes Sent By Job
	2423  -  Total Bytes Received By Job
	Partitionable Resources :      Usage  Request Allocated Assigned
	   Cpus                 :       0.38        1         1 
	   Disk (KB)            : 1935120           3   6864411 
	   Gpus (Average)       :       0.08        1         1 "GPU-d55ce482"
	   GpusMemory (MB)      :    3652                       
	   Memory (MB)          :    3511        2000      2000 

	Job terminated of its own accord at 2024-10-02T09:18:23Z with exit-code 50.
...
