000 (7187272.003.000) 08/26 07:55:27 Job submitted from host: <137.138.44.55:9618?addrs=137.138.44.55-9618+[2001-1458-d00-1a--48]-9618&alias=bigbird17.cern.ch&noUDP&sock=schedd_23962_8474>
...
040 (7187272.003.000) 08/26 12:01:07 Started transferring input files
	Transferring to host: <128.142.248.197:9618?addrs=128.142.248.197-9618+[2001-1458-301-73--100-c4]-9618&alias=b9g23p2961.cern.ch&noUDP&sock=slot1_59_7499_794a_4853>
...
040 (7187272.003.000) 08/26 12:01:07 Finished transferring input files
...
001 (7187272.003.000) 08/26 12:01:08 Job executing on host: <128.142.248.197:9618?addrs=128.142.248.197-9618+[2001-1458-301-73--100-c4]-9618&alias=b9g23p2961.cern.ch&noUDP&sock=startd_5911_0866>
	SlotName: slot1_59@b9g23p2961.cern.ch
	CondorScratchDir = "/pool/condor/dir_2838754"
	Cpus = 1
	Disk = 3063757
	Memory = 2000
...
006 (7187272.003.000) 08/26 12:01:17 Image size of job updated: 542668
	530  -  MemoryUsage of job (MB)
	542656  -  ResidentSetSize of job (KB)
...
006 (7187272.003.000) 08/26 12:06:18 Image size of job updated: 955124
	902  -  MemoryUsage of job (MB)
	922652  -  ResidentSetSize of job (KB)
...
006 (7187272.003.000) 08/26 12:11:18 Image size of job updated: 1319660
	1289  -  MemoryUsage of job (MB)
	1319660  -  ResidentSetSize of job (KB)
...
006 (7187272.003.000) 08/26 12:16:19 Image size of job updated: 1648008
	1608  -  MemoryUsage of job (MB)
	1645632  -  ResidentSetSize of job (KB)
...
006 (7187272.003.000) 08/26 12:21:19 Image size of job updated: 1697988
	1644  -  MemoryUsage of job (MB)
	1682740  -  ResidentSetSize of job (KB)
...
006 (7187272.003.000) 08/26 12:26:21 Image size of job updated: 1752460
	1644  -  MemoryUsage of job (MB)
	1682740  -  ResidentSetSize of job (KB)
...
006 (7187272.003.000) 08/26 12:31:21 Image size of job updated: 2038896
	1988  -  MemoryUsage of job (MB)
	2034956  -  ResidentSetSize of job (KB)
...
006 (7187272.003.000) 08/26 12:36:21 Image size of job updated: 2228216
	2152  -  MemoryUsage of job (MB)
	2203272  -  ResidentSetSize of job (KB)
...
006 (7187272.003.000) 08/26 12:41:22 Image size of job updated: 4140736
	4044  -  MemoryUsage of job (MB)
	4140736  -  ResidentSetSize of job (KB)
...
006 (7187272.003.000) 08/26 12:46:22 Image size of job updated: 4598596
	4491  -  MemoryUsage of job (MB)
	4598596  -  ResidentSetSize of job (KB)
...
006 (7187272.003.000) 08/26 12:51:24 Image size of job updated: 5063180
	4945  -  MemoryUsage of job (MB)
	5063180  -  ResidentSetSize of job (KB)
...
006 (7187272.003.000) 08/26 12:56:24 Image size of job updated: 5519520
	5391  -  MemoryUsage of job (MB)
	5519520  -  ResidentSetSize of job (KB)
...
006 (7187272.003.000) 08/26 13:01:24 Image size of job updated: 5909356
	5771  -  MemoryUsage of job (MB)
	5909356  -  ResidentSetSize of job (KB)
...
006 (7187272.003.000) 08/26 13:06:25 Image size of job updated: 6294488
	6147  -  MemoryUsage of job (MB)
	6294488  -  ResidentSetSize of job (KB)
...
006 (7187272.003.000) 08/26 13:11:25 Image size of job updated: 6731024
	6574  -  MemoryUsage of job (MB)
	6731024  -  ResidentSetSize of job (KB)
...
006 (7187272.003.000) 08/26 13:16:26 Image size of job updated: 7169496
	7002  -  MemoryUsage of job (MB)
	7169496  -  ResidentSetSize of job (KB)
...
006 (7187272.003.000) 08/26 13:21:27 Image size of job updated: 7612004
	7434  -  MemoryUsage of job (MB)
	7612004  -  ResidentSetSize of job (KB)
...
006 (7187272.003.000) 08/26 13:26:27 Image size of job updated: 7978340
	7792  -  MemoryUsage of job (MB)
	7978140  -  ResidentSetSize of job (KB)
...
006 (7187272.003.000) 08/26 13:31:28 Image size of job updated: 8347908
	8153  -  MemoryUsage of job (MB)
	8347908  -  ResidentSetSize of job (KB)
...
006 (7187272.003.000) 08/26 13:36:28 Image size of job updated: 8745856
	8541  -  MemoryUsage of job (MB)
	8745856  -  ResidentSetSize of job (KB)
...
006 (7187272.003.000) 08/26 13:41:29 Image size of job updated: 9176660
	8962  -  MemoryUsage of job (MB)
	9176660  -  ResidentSetSize of job (KB)
...
006 (7187272.003.000) 08/26 13:46:29 Image size of job updated: 9482640
	9261  -  MemoryUsage of job (MB)
	9482640  -  ResidentSetSize of job (KB)
...
006 (7187272.003.000) 08/26 13:51:29 Image size of job updated: 9731848
	9500  -  MemoryUsage of job (MB)
	9727240  -  ResidentSetSize of job (KB)
...
006 (7187272.003.000) 08/26 13:56:30 Image size of job updated: 10024256
	9788  -  MemoryUsage of job (MB)
	10022608  -  ResidentSetSize of job (KB)
...
006 (7187272.003.000) 08/26 14:01:14 Image size of job updated: 10138240
	9788  -  MemoryUsage of job (MB)
	10022608  -  ResidentSetSize of job (KB)
...
040 (7187272.003.000) 08/26 14:01:14 Started transferring output files
...
040 (7187272.003.000) 08/26 14:01:14 Finished transferring output files
...
005 (7187272.003.000) 08/26 14:01:14 Job terminated.
	(1) Normal termination (return value 50)
		Usr 0 01:58:08, Sys 0 00:01:27  -  Run Remote Usage
		Usr 0 00:00:00, Sys 0 00:00:00  -  Run Local Usage
		Usr 0 01:58:08, Sys 0 00:01:27  -  Total Remote Usage
		Usr 0 00:00:00, Sys 0 00:00:00  -  Total Local Usage
	21116  -  Run Bytes Sent By Job
	2934  -  Run Bytes Received By Job
	21116  -  Total Bytes Sent By Job
	2934  -  Total Bytes Received By Job
	Partitionable Resources :      Usage  Request Allocated 
	   Cpus                 :       1.00        1         1 
	   Disk (KB)            : 7684867           3   3063757 
	   Memory (MB)          :    9788        2000      2000 

	Job terminated of its own accord at 2024-08-26T12:01:14Z with exit-code 50.
...
