000 (7187272.005.000) 08/26 07:55:27 Job submitted from host: <137.138.44.55:9618?addrs=137.138.44.55-9618+[2001-1458-d00-1a--48]-9618&alias=bigbird17.cern.ch&noUDP&sock=schedd_23962_8474>
...
040 (7187272.005.000) 08/26 12:03:14 Started transferring input files
	Transferring to host: <128.142.248.197:9618?addrs=128.142.248.197-9618+[2001-1458-301-73--100-c4]-9618&alias=b9g23p2961.cern.ch&noUDP&sock=slot1_17_7499_794a_4856>
...
040 (7187272.005.000) 08/26 12:03:14 Finished transferring input files
...
001 (7187272.005.000) 08/26 12:03:15 Job executing on host: <128.142.248.197:9618?addrs=128.142.248.197-9618+[2001-1458-301-73--100-c4]-9618&alias=b9g23p2961.cern.ch&noUDP&sock=startd_5911_0866>
	SlotName: slot1_17@b9g23p2961.cern.ch
	CondorScratchDir = "/pool/condor/dir_2933545"
	Cpus = 1
	Disk = 3051584
	Memory = 2000
...
006 (7187272.005.000) 08/26 12:03:25 Image size of job updated: 945384
	516  -  MemoryUsage of job (MB)
	528144  -  ResidentSetSize of job (KB)
...
006 (7187272.005.000) 08/26 12:08:25 Image size of job updated: 985796
	941  -  MemoryUsage of job (MB)
	963020  -  ResidentSetSize of job (KB)
...
006 (7187272.005.000) 08/26 12:13:25 Image size of job updated: 1322448
	1260  -  MemoryUsage of job (MB)
	1289940  -  ResidentSetSize of job (KB)
...
006 (7187272.005.000) 08/26 12:18:26 Image size of job updated: 1629508
	1581  -  MemoryUsage of job (MB)
	1618908  -  ResidentSetSize of job (KB)
...
006 (7187272.005.000) 08/26 12:23:26 Image size of job updated: 1860460
	1768  -  MemoryUsage of job (MB)
	1810012  -  ResidentSetSize of job (KB)
...
006 (7187272.005.000) 08/26 12:28:28 Image size of job updated: 1860460
	1769  -  MemoryUsage of job (MB)
	1810524  -  ResidentSetSize of job (KB)
...
006 (7187272.005.000) 08/26 12:33:28 Image size of job updated: 2127808
	2042  -  MemoryUsage of job (MB)
	2090488  -  ResidentSetSize of job (KB)
...
006 (7187272.005.000) 08/26 12:38:28 Image size of job updated: 2283744
	2222  -  MemoryUsage of job (MB)
	2274560  -  ResidentSetSize of job (KB)
...
006 (7187272.005.000) 08/26 12:43:29 Image size of job updated: 4231580
	4133  -  MemoryUsage of job (MB)
	4231580  -  ResidentSetSize of job (KB)
...
006 (7187272.005.000) 08/26 12:48:29 Image size of job updated: 4692008
	4583  -  MemoryUsage of job (MB)
	4692004  -  ResidentSetSize of job (KB)
...
006 (7187272.005.000) 08/26 12:53:30 Image size of job updated: 5134820
	5015  -  MemoryUsage of job (MB)
	5134816  -  ResidentSetSize of job (KB)
...
006 (7187272.005.000) 08/26 12:58:30 Image size of job updated: 5558868
	5429  -  MemoryUsage of job (MB)
	5558868  -  ResidentSetSize of job (KB)
...
006 (7187272.005.000) 08/26 13:03:32 Image size of job updated: 5749072
	5508  -  MemoryUsage of job (MB)
	5639200  -  ResidentSetSize of job (KB)
...
006 (7187272.005.000) 08/26 13:08:32 Image size of job updated: 6092928
	5951  -  MemoryUsage of job (MB)
	6092928  -  ResidentSetSize of job (KB)
...
006 (7187272.005.000) 08/26 13:13:32 Image size of job updated: 6564500
	6411  -  MemoryUsage of job (MB)
	6564500  -  ResidentSetSize of job (KB)
...
006 (7187272.005.000) 08/26 13:18:33 Image size of job updated: 7021580
	6858  -  MemoryUsage of job (MB)
	7021580  -  ResidentSetSize of job (KB)
...
006 (7187272.005.000) 08/26 13:23:33 Image size of job updated: 7459200
	7285  -  MemoryUsage of job (MB)
	7459200  -  ResidentSetSize of job (KB)
...
006 (7187272.005.000) 08/26 13:28:34 Image size of job updated: 7488760
	7285  -  MemoryUsage of job (MB)
	7459200  -  ResidentSetSize of job (KB)
...
006 (7187272.005.000) 08/26 13:43:35 Image size of job updated: 7757636
	7576  -  MemoryUsage of job (MB)
	7757636  -  ResidentSetSize of job (KB)
...
006 (7187272.005.000) 08/26 13:48:35 Image size of job updated: 7865164
	7577  -  MemoryUsage of job (MB)
	7757892  -  ResidentSetSize of job (KB)
...
040 (7187272.005.000) 08/26 14:04:05 Started transferring output files
...
040 (7187272.005.000) 08/26 14:04:05 Finished transferring output files
...
005 (7187272.005.000) 08/26 14:04:05 Job terminated.
	(1) Normal termination (return value 50)
		Usr 0 01:58:57, Sys 0 00:01:30  -  Run Remote Usage
		Usr 0 00:00:00, Sys 0 00:00:00  -  Run Local Usage
		Usr 0 01:58:57, Sys 0 00:01:30  -  Total Remote Usage
		Usr 0 00:00:00, Sys 0 00:00:00  -  Total Local Usage
	21113  -  Run Bytes Sent By Job
	2934  -  Run Bytes Received By Job
	21113  -  Total Bytes Sent By Job
	2934  -  Total Bytes Received By Job
	Partitionable Resources :      Usage  Request Allocated 
	   Cpus                 :       1.00        1         1 
	   Disk (KB)            : 7621695           3   3051584 
	   Memory (MB)          :    7577        2000      2000 

	Job terminated of its own accord at 2024-08-26T12:04:05Z with exit-code 50.
...
