000 (7217797.002.000) 09/23 13:21:22 Job submitted from host: <137.138.44.55:9618?addrs=137.138.44.55-9618+[2001-1458-d00-1a--48]-9618&alias=bigbird17.cern.ch&noUDP&sock=schedd_1981_6134>
...
040 (7217797.002.000) 09/23 22:37:02 Started transferring input files
	Transferring to host: <188.185.190.107:9618?addrs=188.185.190.107-9618+[2001-1458-d03-b--100-2fe]-9618&alias=b9pgpun013.cern.ch&noUDP&sock=slot1_4_223718_51c2_26132>
...
040 (7217797.002.000) 09/23 22:37:02 Finished transferring input files
...
001 (7217797.002.000) 09/23 22:37:03 Job executing on host: <188.185.190.107:9618?addrs=188.185.190.107-9618+[2001-1458-d03-b--100-2fe]-9618&alias=b9pgpun013.cern.ch&noUDP&sock=startd_204990_ab0b>
	SlotName: slot1_4@b9pgpun013.cern.ch
	AvailableGPUs = { GPUs_GPU_49a3c76d }
	CondorScratchDir = "/pool/condor/dir_2994384"
	Cpus = 1
	Disk = 6891117
	GPUs = 1
	GPUs_GPU_49a3c76d = [ GlobalMemoryMb = 95235; MaxSupportedVersion = 12040; DriverVersion = 12.4; DeviceName = "NVIDIA H100 NVL"; CoresPerCU = 128; ECCEnabled = true; ComputeUnits = 132; ClockMhz = 1785.0; Id = "GPU-49a3c76d"; Capability = 9.0; DevicePciBusId = "0000:AE:00.0"; DeviceUuid = "49a3c76d-089b-8e94-1c4a-b0c322ed2738" ]
	Memory = 2000
...
006 (7217797.002.000) 09/23 22:37:12 Image size of job updated: 2436500
	1890  -  MemoryUsage of job (MB)
	1934472  -  ResidentSetSize of job (KB)
...
006 (7217797.002.000) 09/23 22:42:13 Image size of job updated: 2436500
	2116  -  MemoryUsage of job (MB)
	2166548  -  ResidentSetSize of job (KB)
...
006 (7217797.002.000) 09/23 22:47:13 Image size of job updated: 2436500
	2188  -  MemoryUsage of job (MB)
	2240196  -  ResidentSetSize of job (KB)
...
006 (7217797.002.000) 09/23 22:52:14 Image size of job updated: 2436500
	2213  -  MemoryUsage of job (MB)
	2265536  -  ResidentSetSize of job (KB)
...
006 (7217797.002.000) 09/23 22:57:14 Image size of job updated: 2436500
	2223  -  MemoryUsage of job (MB)
	2276148  -  ResidentSetSize of job (KB)
...
006 (7217797.002.000) 09/23 23:02:14 Image size of job updated: 2436500
	2238  -  MemoryUsage of job (MB)
	2291676  -  ResidentSetSize of job (KB)
...
006 (7217797.002.000) 09/23 23:07:15 Image size of job updated: 2436500
	2247  -  MemoryUsage of job (MB)
	2300728  -  ResidentSetSize of job (KB)
...
006 (7217797.002.000) 09/23 23:12:15 Image size of job updated: 2436500
	2265  -  MemoryUsage of job (MB)
	2319284  -  ResidentSetSize of job (KB)
...
006 (7217797.002.000) 09/23 23:27:16 Image size of job updated: 2436500
	2284  -  MemoryUsage of job (MB)
	2338624  -  ResidentSetSize of job (KB)
...
006 (7217797.002.000) 09/23 23:32:17 Image size of job updated: 2436500
	2287  -  MemoryUsage of job (MB)
	2341460  -  ResidentSetSize of job (KB)
...
006 (7217797.002.000) 09/23 23:42:18 Image size of job updated: 2436500
	2290  -  MemoryUsage of job (MB)
	2344788  -  ResidentSetSize of job (KB)
...
006 (7217797.002.000) 09/23 23:52:19 Image size of job updated: 2436500
	2304  -  MemoryUsage of job (MB)
	2358556  -  ResidentSetSize of job (KB)
...
006 (7217797.002.000) 09/23 23:57:20 Image size of job updated: 2436500
	2314  -  MemoryUsage of job (MB)
	2369152  -  ResidentSetSize of job (KB)
...
006 (7217797.002.000) 09/24 00:07:20 Image size of job updated: 2436500
	2320  -  MemoryUsage of job (MB)
	2375212  -  ResidentSetSize of job (KB)
...
006 (7217797.002.000) 09/24 00:12:21 Image size of job updated: 2436500
	2325  -  MemoryUsage of job (MB)
	2380272  -  ResidentSetSize of job (KB)
...
006 (7217797.002.000) 09/24 00:17:21 Image size of job updated: 2676220
	2598  -  MemoryUsage of job (MB)
	2659880  -  ResidentSetSize of job (KB)
...
006 (7217797.002.000) 09/24 00:22:22 Image size of job updated: 2751656
	2687  -  MemoryUsage of job (MB)
	2751368  -  ResidentSetSize of job (KB)
...
006 (7217797.002.000) 09/24 00:27:23 Image size of job updated: 2862716
	2790  -  MemoryUsage of job (MB)
	2856436  -  ResidentSetSize of job (KB)
...
006 (7217797.002.000) 09/24 00:32:23 Image size of job updated: 5164288
	5044  -  MemoryUsage of job (MB)
	5164288  -  ResidentSetSize of job (KB)
...
006 (7217797.002.000) 09/24 00:37:24 Image size of job updated: 5882152
	5745  -  MemoryUsage of job (MB)
	5882152  -  ResidentSetSize of job (KB)
...
006 (7217797.002.000) 09/24 00:42:24 Image size of job updated: 6599924
	6446  -  MemoryUsage of job (MB)
	6599924  -  ResidentSetSize of job (KB)
...
006 (7217797.002.000) 09/24 00:44:39 Image size of job updated: 6884852
	6446  -  MemoryUsage of job (MB)
	6599924  -  ResidentSetSize of job (KB)
...
040 (7217797.002.000) 09/24 00:44:39 Started transferring output files
...
040 (7217797.002.000) 09/24 00:44:39 Finished transferring output files
...
005 (7217797.002.000) 09/24 00:44:39 Job terminated.
	(1) Normal termination (return value 50)
		Usr 0 02:06:38, Sys 0 00:01:03  -  Run Remote Usage
		Usr 0 00:00:00, Sys 0 00:00:00  -  Run Local Usage
		Usr 0 02:06:38, Sys 0 00:01:03  -  Total Remote Usage
		Usr 0 00:00:00, Sys 0 00:00:00  -  Total Local Usage
	75309  -  Run Bytes Sent By Job
	1414  -  Run Bytes Received By Job
	75309  -  Total Bytes Sent By Job
	1414  -  Total Bytes Received By Job
	Partitionable Resources :      Usage  Request Allocated Assigned
	   Cpus                 :       1.00        1         1 
	   Disk (KB)            : 3528827           2   6891117 
	   Gpus (Average)       :       0.00        1         1 "GPU-49a3c76d"
	   GpusMemory (MB)      :     599                       
	   Memory (MB)          :    6446        2000      2000 

	Job terminated of its own accord at 2024-09-23T22:44:39Z with exit-code 50.
...
