000 (7217797.004.000) 09/23 13:21:22 Job submitted from host: <137.138.44.55:9618?addrs=137.138.44.55-9618+[2001-1458-d00-1a--48]-9618&alias=bigbird17.cern.ch&noUDP&sock=schedd_1981_6134>
...
040 (7217797.004.000) 09/23 22:55:41 Started transferring input files
	Transferring to host: <188.185.238.12:9618?addrs=188.185.238.12-9618+[2001-1458-303-28--100-8]-9618&alias=b9pgpun001.cern.ch&noUDP&sock=slot1_2_240309_2e05_32173>
...
040 (7217797.004.000) 09/23 22:55:41 Finished transferring input files
...
001 (7217797.004.000) 09/23 22:55:42 Job executing on host: <188.185.238.12:9618?addrs=188.185.238.12-9618+[2001-1458-303-28--100-8]-9618&alias=b9pgpun001.cern.ch&noUDP&sock=startd_240269_20b4>
	SlotName: slot1_2@b9pgpun001.cern.ch
	AvailableGPUs = { GPUs_GPU_8b6364bc }
	CondorScratchDir = "/pool/condor/dir_1381124"
	Cpus = 1
	Disk = 6871345
	GPUs = 1
	GPUs_GPU_8b6364bc = [ GlobalMemoryMb = 95235; MaxSupportedVersion = 12040; DriverVersion = 12.4; DeviceName = "NVIDIA H100 NVL"; CoresPerCU = 128; ECCEnabled = true; ComputeUnits = 132; ClockMhz = 1785.0; Id = "GPU-8b6364bc"; Capability = 9.0; DevicePciBusId = "0000:3B:00.0"; DeviceUuid = "8b6364bc-045c-d99d-b867-6ceb39f9bcba" ]
	Memory = 2000
...
006 (7217797.004.000) 09/23 22:55:50 Image size of job updated: 2432480
	1864  -  MemoryUsage of job (MB)
	1908160  -  ResidentSetSize of job (KB)
...
006 (7217797.004.000) 09/23 23:00:50 Image size of job updated: 2432480
	2115  -  MemoryUsage of job (MB)
	2165276  -  ResidentSetSize of job (KB)
...
006 (7217797.004.000) 09/23 23:05:51 Image size of job updated: 2432480
	2199  -  MemoryUsage of job (MB)
	2250976  -  ResidentSetSize of job (KB)
...
006 (7217797.004.000) 09/23 23:10:51 Image size of job updated: 2432480
	2219  -  MemoryUsage of job (MB)
	2271836  -  ResidentSetSize of job (KB)
...
006 (7217797.004.000) 09/23 23:15:52 Image size of job updated: 2432480
	2228  -  MemoryUsage of job (MB)
	2281292  -  ResidentSetSize of job (KB)
...
006 (7217797.004.000) 09/23 23:20:53 Image size of job updated: 2432480
	2239  -  MemoryUsage of job (MB)
	2292564  -  ResidentSetSize of job (KB)
...
006 (7217797.004.000) 09/23 23:25:53 Image size of job updated: 2432480
	2247  -  MemoryUsage of job (MB)
	2300828  -  ResidentSetSize of job (KB)
...
006 (7217797.004.000) 09/23 23:30:54 Image size of job updated: 2432480
	2252  -  MemoryUsage of job (MB)
	2305984  -  ResidentSetSize of job (KB)
...
006 (7217797.004.000) 09/23 23:35:54 Image size of job updated: 2432480
	2257  -  MemoryUsage of job (MB)
	2310924  -  ResidentSetSize of job (KB)
...
006 (7217797.004.000) 09/23 23:40:54 Image size of job updated: 2432480
	2264  -  MemoryUsage of job (MB)
	2317440  -  ResidentSetSize of job (KB)
...
006 (7217797.004.000) 09/23 23:45:55 Image size of job updated: 2432480
	2275  -  MemoryUsage of job (MB)
	2329164  -  ResidentSetSize of job (KB)
...
006 (7217797.004.000) 09/23 23:50:55 Image size of job updated: 2432480
	2279  -  MemoryUsage of job (MB)
	2332740  -  ResidentSetSize of job (KB)
...
006 (7217797.004.000) 09/24 00:00:57 Image size of job updated: 2432480
	2282  -  MemoryUsage of job (MB)
	2336000  -  ResidentSetSize of job (KB)
...
006 (7217797.004.000) 09/24 00:10:58 Image size of job updated: 2432480
	2294  -  MemoryUsage of job (MB)
	2348720  -  ResidentSetSize of job (KB)
...
006 (7217797.004.000) 09/24 00:15:58 Image size of job updated: 2432480
	2305  -  MemoryUsage of job (MB)
	2359420  -  ResidentSetSize of job (KB)
...
006 (7217797.004.000) 09/24 00:25:59 Image size of job updated: 2432480
	2311  -  MemoryUsage of job (MB)
	2366296  -  ResidentSetSize of job (KB)
...
006 (7217797.004.000) 09/24 00:30:59 Image size of job updated: 2432480
	2317  -  MemoryUsage of job (MB)
	2371604  -  ResidentSetSize of job (KB)
...
006 (7217797.004.000) 09/24 00:36:00 Image size of job updated: 2684660
	2622  -  MemoryUsage of job (MB)
	2684660  -  ResidentSetSize of job (KB)
...
006 (7217797.004.000) 09/24 00:41:00 Image size of job updated: 2756712
	2669  -  MemoryUsage of job (MB)
	2732184  -  ResidentSetSize of job (KB)
...
006 (7217797.004.000) 09/24 00:46:00 Image size of job updated: 2898200
	2829  -  MemoryUsage of job (MB)
	2896188  -  ResidentSetSize of job (KB)
...
006 (7217797.004.000) 09/24 00:51:01 Image size of job updated: 6375304
	6226  -  MemoryUsage of job (MB)
	6375304  -  ResidentSetSize of job (KB)
...
006 (7217797.004.000) 09/24 00:56:01 Image size of job updated: 7101200
	6935  -  MemoryUsage of job (MB)
	7101200  -  ResidentSetSize of job (KB)
...
006 (7217797.004.000) 09/24 01:01:03 Image size of job updated: 7829896
	7647  -  MemoryUsage of job (MB)
	7829896  -  ResidentSetSize of job (KB)
...
006 (7217797.004.000) 09/24 01:02:57 Image size of job updated: 7844488
	7647  -  MemoryUsage of job (MB)
	7830152  -  ResidentSetSize of job (KB)
...
040 (7217797.004.000) 09/24 01:02:57 Started transferring output files
...
040 (7217797.004.000) 09/24 01:02:57 Finished transferring output files
...
005 (7217797.004.000) 09/24 01:02:57 Job terminated.
	(1) Normal termination (return value 50)
		Usr 0 02:06:24, Sys 0 00:01:00  -  Run Remote Usage
		Usr 0 00:00:00, Sys 0 00:00:00  -  Run Local Usage
		Usr 0 02:06:24, Sys 0 00:01:00  -  Total Remote Usage
		Usr 0 00:00:00, Sys 0 00:00:00  -  Total Local Usage
	75309  -  Run Bytes Sent By Job
	1414  -  Run Bytes Received By Job
	75309  -  Total Bytes Sent By Job
	1414  -  Total Bytes Received By Job
	Partitionable Resources :      Usage  Request Allocated Assigned
	   Cpus                 :       1.00        1         1 
	   Disk (KB)            : 3528827           2   6871345 
	   Gpus (Average)       :       0.00        1         1 "GPU-8b6364bc"
	   GpusMemory (MB)      :     599                       
	   Memory (MB)          :    7647        2000      2000 

	Job terminated of its own accord at 2024-09-23T23:02:57Z with exit-code 50.
...
