000 (7187283.003.000) 08/26 07:55:42 Job submitted from host: <137.138.44.55:9618?addrs=137.138.44.55-9618+[2001-1458-d00-1a--48]-9618&alias=bigbird17.cern.ch&noUDP&sock=schedd_23962_8474>
...
040 (7187283.003.000) 08/27 10:13:04 Started transferring input files
	Transferring to host: <188.185.93.155:9618?addrs=188.185.93.155-9618+[2001-1458-d00-6c--100-32f]-9618&alias=b9g57n0182.cern.ch&noUDP&sock=slot1_1_183534_0e60_70267>
...
040 (7187283.003.000) 08/27 10:13:04 Finished transferring input files
...
001 (7187283.003.000) 08/27 10:13:05 Job executing on host: <188.185.93.155:9618?addrs=188.185.93.155-9618+[2001-1458-d00-6c--100-32f]-9618&alias=b9g57n0182.cern.ch&noUDP&sock=startd_153631_aa7e>
	SlotName: slot1_1@b9g57n0182.cern.ch
	AvailableGPUs = { GPUs_GPU_8d43ad94 }
	CondorScratchDir = "/pool/condor/dir_2658215"
	Cpus = 1
	Disk = 334284
	GPUs = 1
	GPUs_GPU_8d43ad94 = [ GlobalMemoryMb = 40326; MaxSupportedVersion = 12040; DriverVersion = 12.4; DeviceUuid = "8d43ad94-828d-2bc1-1e6a-26c0665e1e4d"; DeviceName = "NVIDIA A100-PCIE-40GB"; CoresPerCU = 64; ECCEnabled = true; ComputeUnits = 108; ClockMhz = 1410.0; Id = "GPU-8d43ad94"; DevicePciBusId = "0000:06:00.0"; Capability = 8.0 ]
	Memory = 2000
...
006 (7187283.003.000) 08/27 10:13:14 Image size of job updated: 1293296
	765  -  MemoryUsage of job (MB)
	782980  -  ResidentSetSize of job (KB)
...
006 (7187283.003.000) 08/27 10:18:14 Image size of job updated: 1293296
	1246  -  MemoryUsage of job (MB)
	1275772  -  ResidentSetSize of job (KB)
...
006 (7187283.003.000) 08/27 10:23:16 Image size of job updated: 1676964
	1617  -  MemoryUsage of job (MB)
	1655792  -  ResidentSetSize of job (KB)
...
006 (7187283.003.000) 08/27 10:28:16 Image size of job updated: 2064240
	1978  -  MemoryUsage of job (MB)
	2025180  -  ResidentSetSize of job (KB)
...
006 (7187283.003.000) 08/27 10:33:16 Image size of job updated: 2333564
	2262  -  MemoryUsage of job (MB)
	2315704  -  ResidentSetSize of job (KB)
...
006 (7187283.003.000) 08/27 10:38:17 Image size of job updated: 2683700
	2621  -  MemoryUsage of job (MB)
	2683700  -  ResidentSetSize of job (KB)
...
006 (7187283.003.000) 08/27 10:43:17 Image size of job updated: 2830932
	2693  -  MemoryUsage of job (MB)
	2757400  -  ResidentSetSize of job (KB)
...
006 (7187283.003.000) 08/27 10:48:19 Image size of job updated: 5880904
	5744  -  MemoryUsage of job (MB)
	5880904  -  ResidentSetSize of job (KB)
...
006 (7187283.003.000) 08/27 10:53:19 Image size of job updated: 6605804
	6451  -  MemoryUsage of job (MB)
	6605804  -  ResidentSetSize of job (KB)
...
006 (7187283.003.000) 08/27 10:58:19 Image size of job updated: 7325424
	7154  -  MemoryUsage of job (MB)
	7325424  -  ResidentSetSize of job (KB)
...
006 (7187283.003.000) 08/27 11:03:20 Image size of job updated: 8052224
	7864  -  MemoryUsage of job (MB)
	8052224  -  ResidentSetSize of job (KB)
...
006 (7187283.003.000) 08/27 11:08:20 Image size of job updated: 8785076
	8580  -  MemoryUsage of job (MB)
	8785076  -  ResidentSetSize of job (KB)
...
006 (7187283.003.000) 08/27 11:11:05 Image size of job updated: 9104864
	8580  -  MemoryUsage of job (MB)
	8785332  -  ResidentSetSize of job (KB)
...
040 (7187283.003.000) 08/27 11:11:05 Started transferring output files
...
040 (7187283.003.000) 08/27 11:11:05 Finished transferring output files
...
005 (7187283.003.000) 08/27 11:11:06 Job terminated.
	(1) Normal termination (return value 50)
		Usr 0 00:42:23, Sys 0 00:05:58  -  Run Remote Usage
		Usr 0 00:00:00, Sys 0 00:00:00  -  Run Local Usage
		Usr 0 00:42:23, Sys 0 00:05:58  -  Total Remote Usage
		Usr 0 00:00:00, Sys 0 00:00:00  -  Total Local Usage
	41656  -  Run Bytes Sent By Job
	2919  -  Run Bytes Received By Job
	41656  -  Total Bytes Sent By Job
	2919  -  Total Bytes Received By Job
	Partitionable Resources :      Usage  Request Allocated Assigned
	   Cpus                 :       1.00        1         1 
	   Disk (KB)            : 4194896           3    334284 
	   Gpus (Average)       :       0.01        1         1 "GPU-8d43ad94"
	   GpusMemory (MB)      :    1077                       
	   Memory (MB)          :    8580        2000      2000 

	Job terminated of its own accord at 2024-08-27T09:11:05Z with exit-code 50.
...
