000 (7187283.001.000) 08/26 07:55:42 Job submitted from host: <137.138.44.55:9618?addrs=137.138.44.55-9618+[2001-1458-d00-1a--48]-9618&alias=bigbird17.cern.ch&noUDP&sock=schedd_23962_8474>
...
040 (7187283.001.000) 08/27 09:14:44 Started transferring input files
	Transferring to host: <188.185.93.155:9618?addrs=188.185.93.155-9618+[2001-1458-d00-6c--100-32f]-9618&alias=b9g57n0182.cern.ch&noUDP&sock=slot1_1_183534_0e60_70238>
...
040 (7187283.001.000) 08/27 09:14:44 Finished transferring input files
...
001 (7187283.001.000) 08/27 09:14:45 Job executing on host: <188.185.93.155:9618?addrs=188.185.93.155-9618+[2001-1458-d00-6c--100-32f]-9618&alias=b9g57n0182.cern.ch&noUDP&sock=startd_153631_aa7e>
	SlotName: slot1_1@b9g57n0182.cern.ch
	AvailableGPUs = { GPUs_GPU_8d43ad94 }
	CondorScratchDir = "/pool/condor/dir_2644343"
	Cpus = 1
	Disk = 334324
	GPUs = 1
	GPUs_GPU_8d43ad94 = [ GlobalMemoryMb = 40326; MaxSupportedVersion = 12040; DriverVersion = 12.4; DeviceUuid = "8d43ad94-828d-2bc1-1e6a-26c0665e1e4d"; DeviceName = "NVIDIA A100-PCIE-40GB"; CoresPerCU = 64; ECCEnabled = true; ComputeUnits = 108; ClockMhz = 1410.0; Id = "GPU-8d43ad94"; DevicePciBusId = "0000:06:00.0"; Capability = 8.0 ]
	Memory = 2000
...
006 (7187283.001.000) 08/27 09:14:55 Image size of job updated: 1321524
	780  -  MemoryUsage of job (MB)
	798032  -  ResidentSetSize of job (KB)
...
006 (7187283.001.000) 08/27 09:19:55 Image size of job updated: 1321524
	1188  -  MemoryUsage of job (MB)
	1216140  -  ResidentSetSize of job (KB)
...
006 (7187283.001.000) 08/27 09:24:56 Image size of job updated: 1690584
	1603  -  MemoryUsage of job (MB)
	1641272  -  ResidentSetSize of job (KB)
...
006 (7187283.001.000) 08/27 09:29:56 Image size of job updated: 2069728
	1996  -  MemoryUsage of job (MB)
	2043508  -  ResidentSetSize of job (KB)
...
006 (7187283.001.000) 08/27 09:34:57 Image size of job updated: 2363840
	2236  -  MemoryUsage of job (MB)
	2288972  -  ResidentSetSize of job (KB)
...
006 (7187283.001.000) 08/27 09:39:58 Image size of job updated: 2674400
	2559  -  MemoryUsage of job (MB)
	2620052  -  ResidentSetSize of job (KB)
...
006 (7187283.001.000) 08/27 09:44:58 Image size of job updated: 2841512
	2740  -  MemoryUsage of job (MB)
	2805088  -  ResidentSetSize of job (KB)
...
006 (7187283.001.000) 08/27 09:49:59 Image size of job updated: 5816488
	5681  -  MemoryUsage of job (MB)
	5816488  -  ResidentSetSize of job (KB)
...
006 (7187283.001.000) 08/27 09:54:59 Image size of job updated: 6551320
	6398  -  MemoryUsage of job (MB)
	6551320  -  ResidentSetSize of job (KB)
...
006 (7187283.001.000) 08/27 10:00:00 Image size of job updated: 6612760
	6399  -  MemoryUsage of job (MB)
	6551576  -  ResidentSetSize of job (KB)
...
006 (7187283.001.000) 08/27 10:05:00 Image size of job updated: 6837616
	6678  -  MemoryUsage of job (MB)
	6837616  -  ResidentSetSize of job (KB)
...
006 (7187283.001.000) 08/27 10:10:00 Image size of job updated: 7575836
	7399  -  MemoryUsage of job (MB)
	7575836  -  ResidentSetSize of job (KB)
...
006 (7187283.001.000) 08/27 10:13:03 Image size of job updated: 7938304
	7399  -  MemoryUsage of job (MB)
	7576092  -  ResidentSetSize of job (KB)
...
040 (7187283.001.000) 08/27 10:13:03 Started transferring output files
...
040 (7187283.001.000) 08/27 10:13:03 Finished transferring output files
...
005 (7187283.001.000) 08/27 10:13:03 Job terminated.
	(1) Normal termination (return value 50)
		Usr 0 00:41:54, Sys 0 00:05:54  -  Run Remote Usage
		Usr 0 00:00:00, Sys 0 00:00:00  -  Run Local Usage
		Usr 0 00:41:54, Sys 0 00:05:54  -  Total Remote Usage
		Usr 0 00:00:00, Sys 0 00:00:00  -  Total Local Usage
	41657  -  Run Bytes Sent By Job
	2919  -  Run Bytes Received By Job
	41657  -  Total Bytes Sent By Job
	2919  -  Total Bytes Received By Job
	Partitionable Resources :      Usage  Request Allocated Assigned
	   Cpus                 :       1.00        1         1 
	   Disk (KB)            : 4194895           3    334324 
	   Gpus (Average)       :       0.01        1         1 "GPU-8d43ad94"
	   GpusMemory (MB)      :    1077                       
	   Memory (MB)          :    7399        2000      2000 

	Job terminated of its own accord at 2024-08-27T08:13:03Z with exit-code 50.
...
