000 (7187283.004.000) 08/26 07:55:42 Job submitted from host: <137.138.44.55:9618?addrs=137.138.44.55-9618+[2001-1458-d00-1a--48]-9618&alias=bigbird17.cern.ch&noUDP&sock=schedd_23962_8474>
...
040 (7187283.004.000) 08/27 11:04:31 Started transferring input files
	Transferring to host: <188.185.92.231:9618?addrs=188.185.92.231-9618+[2001-1458-d00-6c--100-38b]-9618&alias=b9g57n1521.cern.ch&noUDP&sock=slot1_1_16420_2015_108777>
...
040 (7187283.004.000) 08/27 11:04:31 Finished transferring input files
...
001 (7187283.004.000) 08/27 11:04:32 Job executing on host: <188.185.92.231:9618?addrs=188.185.92.231-9618+[2001-1458-d00-6c--100-38b]-9618&alias=b9g57n1521.cern.ch&noUDP&sock=startd_16008_bc28>
	SlotName: slot1_1@b9g57n1521.cern.ch
	AvailableGPUs = { GPUs_GPU_a841436e }
	CondorScratchDir = "/pool/condor/dir_507768"
	Cpus = 1
	Disk = 318311
	GPUs = 1
	GPUs_GPU_a841436e = [ GlobalMemoryMb = 40326; MaxSupportedVersion = 12040; DriverVersion = 12.4; DeviceUuid = "a841436e-1cae-5da0-0a02-7b844fb8ca33"; DeviceName = "NVIDIA A100-PCIE-40GB"; CoresPerCU = 64; ECCEnabled = true; ComputeUnits = 108; ClockMhz = 1410.0; Id = "GPU-a841436e"; DevicePciBusId = "0000:06:00.0"; Capability = 8.0 ]
	Memory = 2000
...
006 (7187283.004.000) 08/27 11:04:41 Image size of job updated: 10179452
	3318  -  MemoryUsage of job (MB)
	3396868  -  ResidentSetSize of job (KB)
...
006 (7187283.004.000) 08/27 11:09:42 Image size of job updated: 10179452
	3707  -  MemoryUsage of job (MB)
	3795328  -  ResidentSetSize of job (KB)
...
006 (7187283.004.000) 08/27 11:14:42 Image size of job updated: 10179452
	4100  -  MemoryUsage of job (MB)
	4197892  -  ResidentSetSize of job (KB)
...
006 (7187283.004.000) 08/27 11:19:43 Image size of job updated: 10179452
	4445  -  MemoryUsage of job (MB)
	4551364  -  ResidentSetSize of job (KB)
...
006 (7187283.004.000) 08/27 11:24:43 Image size of job updated: 10179452
	4699  -  MemoryUsage of job (MB)
	4811316  -  ResidentSetSize of job (KB)
...
006 (7187283.004.000) 08/27 11:29:43 Image size of job updated: 10179452
	4992  -  MemoryUsage of job (MB)
	5110816  -  ResidentSetSize of job (KB)
...
006 (7187283.004.000) 08/27 11:34:44 Image size of job updated: 10179452
	5116  -  MemoryUsage of job (MB)
	5238052  -  ResidentSetSize of job (KB)
...
006 (7187283.004.000) 08/27 11:39:44 Image size of job updated: 10179452
	8066  -  MemoryUsage of job (MB)
	8259348  -  ResidentSetSize of job (KB)
...
006 (7187283.004.000) 08/27 11:44:45 Image size of job updated: 10179452
	8834  -  MemoryUsage of job (MB)
	9045740  -  ResidentSetSize of job (KB)
...
006 (7187283.004.000) 08/27 11:54:46 Image size of job updated: 10179452
	9182  -  MemoryUsage of job (MB)
	9401984  -  ResidentSetSize of job (KB)
...
006 (7187283.004.000) 08/27 11:59:46 Image size of job updated: 10185344
	9947  -  MemoryUsage of job (MB)
	10185344  -  ResidentSetSize of job (KB)
...
006 (7187283.004.000) 08/27 12:01:18 Image size of job updated: 10330752
	9947  -  MemoryUsage of job (MB)
	10185600  -  ResidentSetSize of job (KB)
...
040 (7187283.004.000) 08/27 12:01:18 Started transferring output files
...
040 (7187283.004.000) 08/27 12:01:18 Finished transferring output files
...
005 (7187283.004.000) 08/27 12:01:18 Job terminated.
	(1) Normal termination (return value 50)
		Usr 0 16:48:07, Sys 1 05:24:07  -  Run Remote Usage
		Usr 0 00:00:00, Sys 0 00:00:00  -  Run Local Usage
		Usr 0 16:48:07, Sys 1 05:24:07  -  Total Remote Usage
		Usr 0 00:00:00, Sys 0 00:00:00  -  Total Local Usage
	41669  -  Run Bytes Sent By Job
	2919  -  Run Bytes Received By Job
	41669  -  Total Bytes Sent By Job
	2919  -  Total Bytes Received By Job
	Partitionable Resources :      Usage  Request Allocated Assigned
	   Cpus                 :       1.00        1         1 
	   Disk (KB)            : 4194895           3    318311 
	   Gpus (Average)       :       0.01        1         1 "GPU-a841436e"
	   GpusMemory (MB)      :    1077                       
	   Memory (MB)          :    9947        2000      2000 

	Job terminated of its own accord at 2024-08-27T10:01:18Z with exit-code 50.
...
