000 (7187304.001.000) 08/26 07:55:56 Job submitted from host: <137.138.44.55:9618?addrs=137.138.44.55-9618+[2001-1458-d00-1a--48]-9618&alias=bigbird17.cern.ch&noUDP&sock=schedd_23962_8474>
...
040 (7187304.001.000) 08/26 13:27:27 Started transferring input files
	Transferring to host: <128.142.248.15:9618?addrs=128.142.248.15-9618+[2001-1458-301-73--100-ff]-9618&alias=b9g23p2723.cern.ch&noUDP&sock=slot1_15_3961800_404a_9326>
...
040 (7187304.001.000) 08/26 13:27:27 Finished transferring input files
...
001 (7187304.001.000) 08/26 13:27:28 Job executing on host: <128.142.248.15:9618?addrs=128.142.248.15-9618+[2001-1458-301-73--100-ff]-9618&alias=b9g23p2723.cern.ch&noUDP&sock=startd_5130_54ef>
	SlotName: slot1_15@b9g23p2723.cern.ch
	CondorScratchDir = "/pool/condor/dir_25829"
	Cpus = 1
	Disk = 2967354
	Memory = 2000
...
006 (7187304.001.000) 08/26 13:27:37 Image size of job updated: 869308
	849  -  MemoryUsage of job (MB)
	869184  -  ResidentSetSize of job (KB)
...
006 (7187304.001.000) 08/26 13:32:37 Image size of job updated: 1452284
	1126  -  MemoryUsage of job (MB)
	1152924  -  ResidentSetSize of job (KB)
...
006 (7187304.001.000) 08/26 13:37:38 Image size of job updated: 1452284
	1152  -  MemoryUsage of job (MB)
	1179536  -  ResidentSetSize of job (KB)
...
006 (7187304.001.000) 08/26 13:42:38 Image size of job updated: 1452284
	1187  -  MemoryUsage of job (MB)
	1215076  -  ResidentSetSize of job (KB)
...
006 (7187304.001.000) 08/26 13:47:39 Image size of job updated: 1452284
	1210  -  MemoryUsage of job (MB)
	1238100  -  ResidentSetSize of job (KB)
...
006 (7187304.001.000) 08/26 13:52:39 Image size of job updated: 1452284
	1250  -  MemoryUsage of job (MB)
	1279028  -  ResidentSetSize of job (KB)
...
006 (7187304.001.000) 08/26 13:57:40 Image size of job updated: 1452284
	1289  -  MemoryUsage of job (MB)
	1319400  -  ResidentSetSize of job (KB)
...
006 (7187304.001.000) 08/26 14:02:40 Image size of job updated: 1452284
	1317  -  MemoryUsage of job (MB)
	1347996  -  ResidentSetSize of job (KB)
...
006 (7187304.001.000) 08/26 14:07:41 Image size of job updated: 1452284
	1375  -  MemoryUsage of job (MB)
	1407340  -  ResidentSetSize of job (KB)
...
006 (7187304.001.000) 08/26 14:12:41 Image size of job updated: 1454392
	1413  -  MemoryUsage of job (MB)
	1445984  -  ResidentSetSize of job (KB)
...
006 (7187304.001.000) 08/26 14:17:42 Image size of job updated: 1492956
	1452  -  MemoryUsage of job (MB)
	1486612  -  ResidentSetSize of job (KB)
...
006 (7187304.001.000) 08/26 14:22:43 Image size of job updated: 1530264
	1486  -  MemoryUsage of job (MB)
	1521488  -  ResidentSetSize of job (KB)
...
006 (7187304.001.000) 08/26 14:27:43 Image size of job updated: 1555916
	1510  -  MemoryUsage of job (MB)
	1545796  -  ResidentSetSize of job (KB)
...
006 (7187304.001.000) 08/26 14:32:44 Image size of job updated: 1575536
	1533  -  MemoryUsage of job (MB)
	1568956  -  ResidentSetSize of job (KB)
...
006 (7187304.001.000) 08/26 14:37:44 Image size of job updated: 1600036
	1554  -  MemoryUsage of job (MB)
	1590872  -  ResidentSetSize of job (KB)
...
006 (7187304.001.000) 08/26 14:42:45 Image size of job updated: 1612404
	1568  -  MemoryUsage of job (MB)
	1605132  -  ResidentSetSize of job (KB)
...
006 (7187304.001.000) 08/26 14:47:45 Image size of job updated: 1624484
	1568  -  MemoryUsage of job (MB)
	1605132  -  ResidentSetSize of job (KB)
...
006 (7187304.001.000) 08/26 14:52:45 Image size of job updated: 1679140
	1640  -  MemoryUsage of job (MB)
	1678568  -  ResidentSetSize of job (KB)
...
006 (7187304.001.000) 08/26 14:57:46 Image size of job updated: 1732056
	1678  -  MemoryUsage of job (MB)
	1717860  -  ResidentSetSize of job (KB)
...
006 (7187304.001.000) 08/26 15:02:46 Image size of job updated: 1762980
	1710  -  MemoryUsage of job (MB)
	1750200  -  ResidentSetSize of job (KB)
...
006 (7187304.001.000) 08/26 15:07:47 Image size of job updated: 1790308
	1737  -  MemoryUsage of job (MB)
	1777980  -  ResidentSetSize of job (KB)
...
006 (7187304.001.000) 08/26 15:12:47 Image size of job updated: 1803268
	1756  -  MemoryUsage of job (MB)
	1797448  -  ResidentSetSize of job (KB)
...
006 (7187304.001.000) 08/26 15:17:48 Image size of job updated: 1824164
	1773  -  MemoryUsage of job (MB)
	1814704  -  ResidentSetSize of job (KB)
...
006 (7187304.001.000) 08/26 15:22:49 Image size of job updated: 1845240
	1794  -  MemoryUsage of job (MB)
	1836064  -  ResidentSetSize of job (KB)
...
006 (7187304.001.000) 08/26 15:27:49 Image size of job updated: 1869256
	1819  -  MemoryUsage of job (MB)
	1862476  -  ResidentSetSize of job (KB)
...
006 (7187304.001.000) 08/26 15:32:50 Image size of job updated: 1908360
	1855  -  MemoryUsage of job (MB)
	1899220  -  ResidentSetSize of job (KB)
...
006 (7187304.001.000) 08/26 15:37:51 Image size of job updated: 1943208
	1857  -  MemoryUsage of job (MB)
	1900680  -  ResidentSetSize of job (KB)
...
006 (7187304.001.000) 08/26 15:42:51 Image size of job updated: 1951864
	1901  -  MemoryUsage of job (MB)
	1945632  -  ResidentSetSize of job (KB)
...
006 (7187304.001.000) 08/26 15:47:52 Image size of job updated: 1972040
	1920  -  MemoryUsage of job (MB)
	1965112  -  ResidentSetSize of job (KB)
...
006 (7187304.001.000) 08/26 15:52:52 Image size of job updated: 2001896
	1948  -  MemoryUsage of job (MB)
	1994060  -  ResidentSetSize of job (KB)
...
006 (7187304.001.000) 08/26 15:57:53 Image size of job updated: 2029496
	1975  -  MemoryUsage of job (MB)
	2021636  -  ResidentSetSize of job (KB)
...
006 (7187304.001.000) 08/26 16:02:54 Image size of job updated: 2054480
	1996  -  MemoryUsage of job (MB)
	2043396  -  ResidentSetSize of job (KB)
...
006 (7187304.001.000) 08/26 16:07:54 Image size of job updated: 2064416
	2013  -  MemoryUsage of job (MB)
	2060528  -  ResidentSetSize of job (KB)
...
006 (7187304.001.000) 08/26 16:12:54 Image size of job updated: 2096388
	2041  -  MemoryUsage of job (MB)
	2089708  -  ResidentSetSize of job (KB)
...
006 (7187304.001.000) 08/26 16:17:55 Image size of job updated: 2112416
	2041  -  MemoryUsage of job (MB)
	2089708  -  ResidentSetSize of job (KB)
...
006 (7187304.001.000) 08/26 16:22:55 Image size of job updated: 2135080
	2081  -  MemoryUsage of job (MB)
	2130084  -  ResidentSetSize of job (KB)
...
006 (7187304.001.000) 08/26 16:27:56 Image size of job updated: 2176256
	2120  -  MemoryUsage of job (MB)
	2169896  -  ResidentSetSize of job (KB)
...
006 (7187304.001.000) 08/26 16:32:57 Image size of job updated: 2195540
	2140  -  MemoryUsage of job (MB)
	2190416  -  ResidentSetSize of job (KB)
...
006 (7187304.001.000) 08/26 16:37:57 Image size of job updated: 2229024
	2170  -  MemoryUsage of job (MB)
	2221632  -  ResidentSetSize of job (KB)
...
006 (7187304.001.000) 08/26 16:42:57 Image size of job updated: 2251576
	2194  -  MemoryUsage of job (MB)
	2245924  -  ResidentSetSize of job (KB)
...
006 (7187304.001.000) 08/26 16:47:58 Image size of job updated: 2289000
	2226  -  MemoryUsage of job (MB)
	2279116  -  ResidentSetSize of job (KB)
...
006 (7187304.001.000) 08/26 16:52:59 Image size of job updated: 2301524
	2243  -  MemoryUsage of job (MB)
	2296604  -  ResidentSetSize of job (KB)
...
006 (7187304.001.000) 08/26 16:57:59 Image size of job updated: 2334128
	2276  -  MemoryUsage of job (MB)
	2330504  -  ResidentSetSize of job (KB)
...
006 (7187304.001.000) 08/26 17:03:00 Image size of job updated: 2368176
	2276  -  MemoryUsage of job (MB)
	2330504  -  ResidentSetSize of job (KB)
...
006 (7187304.001.000) 08/26 17:08:00 Image size of job updated: 3462636
	3382  -  MemoryUsage of job (MB)
	3462380  -  ResidentSetSize of job (KB)
...
006 (7187304.001.000) 08/26 17:13:00 Image size of job updated: 5231140
	5109  -  MemoryUsage of job (MB)
	5231140  -  ResidentSetSize of job (KB)
...
006 (7187304.001.000) 08/26 17:16:12 Image size of job updated: 5376516
	5109  -  MemoryUsage of job (MB)
	5231140  -  ResidentSetSize of job (KB)
...
040 (7187304.001.000) 08/26 17:16:12 Started transferring output files
...
040 (7187304.001.000) 08/26 17:16:12 Finished transferring output files
...
005 (7187304.001.000) 08/26 17:16:13 Job terminated.
	(1) Normal termination (return value 50)
		Usr 0 03:36:32, Sys 0 00:04:19  -  Run Remote Usage
		Usr 0 00:00:00, Sys 0 00:00:00  -  Run Local Usage
		Usr 0 03:36:32, Sys 0 00:04:19  -  Total Remote Usage
		Usr 0 00:00:00, Sys 0 00:00:00  -  Total Local Usage
	16993  -  Run Bytes Sent By Job
	2930  -  Run Bytes Received By Job
	16993  -  Total Bytes Sent By Job
	2930  -  Total Bytes Received By Job
	Partitionable Resources :      Usage  Request Allocated 
	   Cpus                 :       0.96        1         1 
	   Disk (KB)            : 2084943           3   2967354 
	   Memory (MB)          :    5109        2000      2000 

	Job terminated of its own accord at 2024-08-26T15:16:12Z with exit-code 50.
...
