000 (7187304.005.000) 08/26 07:55:56 Job submitted from host: <137.138.44.55:9618?addrs=137.138.44.55-9618+[2001-1458-d00-1a--48]-9618&alias=bigbird17.cern.ch&noUDP&sock=schedd_23962_8474>
...
040 (7187304.005.000) 08/26 13:29:27 Started transferring input files
	Transferring to host: <128.142.248.94:9618?addrs=128.142.248.94-9618+[2001-1458-301-73--100-14e]-9618&alias=b9g23p2790.cern.ch&noUDP&sock=slot1_20_5757_13c3_10339>
...
040 (7187304.005.000) 08/26 13:29:27 Finished transferring input files
...
001 (7187304.005.000) 08/26 13:29:28 Job executing on host: <128.142.248.94:9618?addrs=128.142.248.94-9618+[2001-1458-301-73--100-14e]-9618&alias=b9g23p2790.cern.ch&noUDP&sock=startd_4576_5577>
	SlotName: slot1_20@b9g23p2790.cern.ch
	CondorScratchDir = "/pool/condor/dir_4132321"
	Cpus = 1
	Disk = 2954963
	Memory = 2000
...
006 (7187304.005.000) 08/26 13:29:37 Image size of job updated: 1311992
	1282  -  MemoryUsage of job (MB)
	1311896  -  ResidentSetSize of job (KB)
...
006 (7187304.005.000) 08/26 13:34:38 Image size of job updated: 1435792
	1288  -  MemoryUsage of job (MB)
	1318788  -  ResidentSetSize of job (KB)
...
006 (7187304.005.000) 08/26 13:49:40 Image size of job updated: 1435792
	1291  -  MemoryUsage of job (MB)
	1321676  -  ResidentSetSize of job (KB)
...
006 (7187304.005.000) 08/26 13:54:40 Image size of job updated: 1435792
	1318  -  MemoryUsage of job (MB)
	1349164  -  ResidentSetSize of job (KB)
...
006 (7187304.005.000) 08/26 13:59:41 Image size of job updated: 1435792
	1375  -  MemoryUsage of job (MB)
	1407368  -  ResidentSetSize of job (KB)
...
006 (7187304.005.000) 08/26 14:04:41 Image size of job updated: 1467040
	1426  -  MemoryUsage of job (MB)
	1459364  -  ResidentSetSize of job (KB)
...
006 (7187304.005.000) 08/26 14:09:41 Image size of job updated: 1499072
	1462  -  MemoryUsage of job (MB)
	1496892  -  ResidentSetSize of job (KB)
...
006 (7187304.005.000) 08/26 14:14:42 Image size of job updated: 1539328
	1494  -  MemoryUsage of job (MB)
	1529348  -  ResidentSetSize of job (KB)
...
006 (7187304.005.000) 08/26 14:19:42 Image size of job updated: 1547556
	1494  -  MemoryUsage of job (MB)
	1529348  -  ResidentSetSize of job (KB)
...
006 (7187304.005.000) 08/26 14:24:43 Image size of job updated: 1569464
	1524  -  MemoryUsage of job (MB)
	1559836  -  ResidentSetSize of job (KB)
...
006 (7187304.005.000) 08/26 14:29:43 Image size of job updated: 1587076
	1524  -  MemoryUsage of job (MB)
	1559836  -  ResidentSetSize of job (KB)
...
006 (7187304.005.000) 08/26 14:59:46 Image size of job updated: 1587076
	1529  -  MemoryUsage of job (MB)
	1564920  -  ResidentSetSize of job (KB)
...
006 (7187304.005.000) 08/26 15:04:47 Image size of job updated: 1622872
	1576  -  MemoryUsage of job (MB)
	1613232  -  ResidentSetSize of job (KB)
...
006 (7187304.005.000) 08/26 15:09:47 Image size of job updated: 1655504
	1607  -  MemoryUsage of job (MB)
	1645136  -  ResidentSetSize of job (KB)
...
006 (7187304.005.000) 08/26 15:14:47 Image size of job updated: 1701496
	1654  -  MemoryUsage of job (MB)
	1693124  -  ResidentSetSize of job (KB)
...
006 (7187304.005.000) 08/26 15:19:48 Image size of job updated: 1737528
	1690  -  MemoryUsage of job (MB)
	1730260  -  ResidentSetSize of job (KB)
...
006 (7187304.005.000) 08/26 15:24:49 Image size of job updated: 1795792
	1741  -  MemoryUsage of job (MB)
	1782312  -  ResidentSetSize of job (KB)
...
006 (7187304.005.000) 08/26 15:29:49 Image size of job updated: 1830532
	1781  -  MemoryUsage of job (MB)
	1823564  -  ResidentSetSize of job (KB)
...
006 (7187304.005.000) 08/26 15:34:50 Image size of job updated: 1878292
	1833  -  MemoryUsage of job (MB)
	1876868  -  ResidentSetSize of job (KB)
...
006 (7187304.005.000) 08/26 15:39:50 Image size of job updated: 1916976
	1868  -  MemoryUsage of job (MB)
	1912576  -  ResidentSetSize of job (KB)
...
006 (7187304.005.000) 08/26 15:44:51 Image size of job updated: 1970812
	1920  -  MemoryUsage of job (MB)
	1965788  -  ResidentSetSize of job (KB)
...
006 (7187304.005.000) 08/26 15:49:51 Image size of job updated: 2099884
	2051  -  MemoryUsage of job (MB)
	2099884  -  ResidentSetSize of job (KB)
...
006 (7187304.005.000) 08/26 15:54:52 Image size of job updated: 5305120
	5181  -  MemoryUsage of job (MB)
	5305120  -  ResidentSetSize of job (KB)
...
006 (7187304.005.000) 08/26 15:56:34 Image size of job updated: 5417440
	5181  -  MemoryUsage of job (MB)
	5305156  -  ResidentSetSize of job (KB)
...
040 (7187304.005.000) 08/26 15:56:34 Started transferring output files
...
040 (7187304.005.000) 08/26 15:56:35 Finished transferring output files
...
005 (7187304.005.000) 08/26 15:56:35 Job terminated.
	(1) Normal termination (return value 50)
		Usr 0 02:24:25, Sys 0 00:03:57  -  Run Remote Usage
		Usr 0 00:00:00, Sys 0 00:00:00  -  Run Local Usage
		Usr 0 02:24:25, Sys 0 00:03:57  -  Total Remote Usage
		Usr 0 00:00:00, Sys 0 00:00:00  -  Total Local Usage
	16989  -  Run Bytes Sent By Job
	2930  -  Run Bytes Received By Job
	16989  -  Total Bytes Sent By Job
	2930  -  Total Bytes Received By Job
	Partitionable Resources :      Usage  Request Allocated 
	   Cpus                 :       1.00        1         1 
	   Disk (KB)            : 2113763           3   2954963 
	   Memory (MB)          :    5181        2000      2000 

	Job terminated of its own accord at 2024-08-26T13:56:34Z with exit-code 50.
...
