000 (7186288.003.000) 08/22 15:33:24 Job submitted from host: <137.138.44.55:9618?addrs=137.138.44.55-9618+[2001-1458-d00-1a--48]-9618&alias=bigbird17.cern.ch&noUDP&sock=schedd_23962_8474>
...
040 (7186288.003.000) 08/22 19:30:21 Started transferring input files
	Transferring to host: <128.142.248.94:9618?addrs=128.142.248.94-9618+[2001-1458-301-73--100-14e]-9618&alias=b9g23p2790.cern.ch&noUDP&sock=slot1_47_5757_13c3_5039>
...
040 (7186288.003.000) 08/22 19:30:21 Finished transferring input files
...
001 (7186288.003.000) 08/22 19:30:22 Job executing on host: <128.142.248.94:9618?addrs=128.142.248.94-9618+[2001-1458-301-73--100-14e]-9618&alias=b9g23p2790.cern.ch&noUDP&sock=startd_4576_5577>
	SlotName: slot1_47@b9g23p2790.cern.ch
	CondorScratchDir = "/pool/condor/dir_2270156"
	Cpus = 1
	Disk = 2940012
	Memory = 2000
...
006 (7186288.003.000) 08/22 19:30:33 Image size of job updated: 295736
	289  -  MemoryUsage of job (MB)
	295692  -  ResidentSetSize of job (KB)
...
006 (7186288.003.000) 08/22 19:35:34 Image size of job updated: 613940
	584  -  MemoryUsage of job (MB)
	597072  -  ResidentSetSize of job (KB)
...
006 (7186288.003.000) 08/22 19:40:34 Image size of job updated: 845792
	826  -  MemoryUsage of job (MB)
	845616  -  ResidentSetSize of job (KB)
...
006 (7186288.003.000) 08/22 19:45:36 Image size of job updated: 1085084
	1060  -  MemoryUsage of job (MB)
	1084980  -  ResidentSetSize of job (KB)
...
006 (7186288.003.000) 08/22 19:50:36 Image size of job updated: 1253192
	1191  -  MemoryUsage of job (MB)
	1219144  -  ResidentSetSize of job (KB)
...
006 (7186288.003.000) 08/22 19:55:36 Image size of job updated: 1289588
	1191  -  MemoryUsage of job (MB)
	1219144  -  ResidentSetSize of job (KB)
...
006 (7186288.003.000) 08/22 20:25:38 Image size of job updated: 4783832
	4672  -  MemoryUsage of job (MB)
	4783828  -  ResidentSetSize of job (KB)
...
006 (7186288.003.000) 08/22 20:30:39 Image size of job updated: 4979648
	4863  -  MemoryUsage of job (MB)
	4979648  -  ResidentSetSize of job (KB)
...
006 (7186288.003.000) 08/22 20:35:39 Image size of job updated: 5164636
	5044  -  MemoryUsage of job (MB)
	5164636  -  ResidentSetSize of job (KB)
...
006 (7186288.003.000) 08/22 20:40:40 Image size of job updated: 5365780
	5241  -  MemoryUsage of job (MB)
	5365780  -  ResidentSetSize of job (KB)
...
006 (7186288.003.000) 08/22 20:45:41 Image size of job updated: 5487516
	5241  -  MemoryUsage of job (MB)
	5365780  -  ResidentSetSize of job (KB)
...
006 (7186288.003.000) 08/22 21:15:43 Image size of job updated: 5554532
	5425  -  MemoryUsage of job (MB)
	5554532  -  ResidentSetSize of job (KB)
...
006 (7186288.003.000) 08/22 21:20:43 Image size of job updated: 5741256
	5607  -  MemoryUsage of job (MB)
	5741256  -  ResidentSetSize of job (KB)
...
006 (7186288.003.000) 08/22 21:25:44 Image size of job updated: 5921956
	5784  -  MemoryUsage of job (MB)
	5921956  -  ResidentSetSize of job (KB)
...
006 (7186288.003.000) 08/22 21:30:44 Image size of job updated: 6113664
	5971  -  MemoryUsage of job (MB)
	6113664  -  ResidentSetSize of job (KB)
...
006 (7186288.003.000) 08/22 21:35:44 Image size of job updated: 6303468
	6156  -  MemoryUsage of job (MB)
	6303468  -  ResidentSetSize of job (KB)
...
006 (7186288.003.000) 08/22 21:40:45 Image size of job updated: 6494412
	6343  -  MemoryUsage of job (MB)
	6494412  -  ResidentSetSize of job (KB)
...
006 (7186288.003.000) 08/22 21:45:45 Image size of job updated: 6679008
	6523  -  MemoryUsage of job (MB)
	6679008  -  ResidentSetSize of job (KB)
...
006 (7186288.003.000) 08/22 21:50:46 Image size of job updated: 6869076
	6709  -  MemoryUsage of job (MB)
	6869076  -  ResidentSetSize of job (KB)
...
006 (7186288.003.000) 08/22 21:55:47 Image size of job updated: 7050324
	6886  -  MemoryUsage of job (MB)
	7050324  -  ResidentSetSize of job (KB)
...
006 (7186288.003.000) 08/22 22:00:47 Image size of job updated: 7245776
	7076  -  MemoryUsage of job (MB)
	7245776  -  ResidentSetSize of job (KB)
...
006 (7186288.003.000) 08/22 22:05:48 Image size of job updated: 7437568
	7264  -  MemoryUsage of job (MB)
	7437568  -  ResidentSetSize of job (KB)
...
006 (7186288.003.000) 08/22 22:10:48 Image size of job updated: 7621740
	7444  -  MemoryUsage of job (MB)
	7621740  -  ResidentSetSize of job (KB)
...
006 (7186288.003.000) 08/22 22:15:48 Image size of job updated: 7816376
	7634  -  MemoryUsage of job (MB)
	7816376  -  ResidentSetSize of job (KB)
...
006 (7186288.003.000) 08/22 22:20:49 Image size of job updated: 7995708
	7809  -  MemoryUsage of job (MB)
	7995708  -  ResidentSetSize of job (KB)
...
006 (7186288.003.000) 08/22 22:25:49 Image size of job updated: 8172404
	7981  -  MemoryUsage of job (MB)
	8172404  -  ResidentSetSize of job (KB)
...
006 (7186288.003.000) 08/22 22:30:49 Image size of job updated: 8362172
	8167  -  MemoryUsage of job (MB)
	8362172  -  ResidentSetSize of job (KB)
...
006 (7186288.003.000) 08/22 22:35:50 Image size of job updated: 8552464
	8353  -  MemoryUsage of job (MB)
	8552464  -  ResidentSetSize of job (KB)
...
006 (7186288.003.000) 08/22 22:40:50 Image size of job updated: 8732664
	8528  -  MemoryUsage of job (MB)
	8732664  -  ResidentSetSize of job (KB)
...
006 (7186288.003.000) 08/22 22:45:50 Image size of job updated: 8915608
	8707  -  MemoryUsage of job (MB)
	8915608  -  ResidentSetSize of job (KB)
...
006 (7186288.003.000) 08/22 22:50:51 Image size of job updated: 9107480
	8895  -  MemoryUsage of job (MB)
	9107480  -  ResidentSetSize of job (KB)
...
006 (7186288.003.000) 08/22 22:55:51 Image size of job updated: 9297808
	9080  -  MemoryUsage of job (MB)
	9297808  -  ResidentSetSize of job (KB)
...
006 (7186288.003.000) 08/22 23:00:52 Image size of job updated: 9484324
	9263  -  MemoryUsage of job (MB)
	9484324  -  ResidentSetSize of job (KB)
...
006 (7186288.003.000) 08/22 23:05:53 Image size of job updated: 9632596
	9407  -  MemoryUsage of job (MB)
	9632596  -  ResidentSetSize of job (KB)
...
006 (7186288.003.000) 08/22 23:10:53 Image size of job updated: 9814600
	9585  -  MemoryUsage of job (MB)
	9814600  -  ResidentSetSize of job (KB)
...
006 (7186288.003.000) 08/22 23:15:54 Image size of job updated: 9999208
	9765  -  MemoryUsage of job (MB)
	9999208  -  ResidentSetSize of job (KB)
...
006 (7186288.003.000) 08/22 23:20:54 Image size of job updated: 10176916
	9939  -  MemoryUsage of job (MB)
	10176916  -  ResidentSetSize of job (KB)
...
006 (7186288.003.000) 08/22 23:25:54 Image size of job updated: 10360648
	10118  -  MemoryUsage of job (MB)
	10360648  -  ResidentSetSize of job (KB)
...
006 (7186288.003.000) 08/22 23:30:56 Image size of job updated: 10549568
	10303  -  MemoryUsage of job (MB)
	10549568  -  ResidentSetSize of job (KB)
...
006 (7186288.003.000) 08/22 23:35:56 Image size of job updated: 10708400
	10303  -  MemoryUsage of job (MB)
	10549568  -  ResidentSetSize of job (KB)
...
040 (7186288.003.000) 08/22 23:38:36 Started transferring output files
...
040 (7186288.003.000) 08/22 23:38:36 Finished transferring output files
...
005 (7186288.003.000) 08/22 23:38:36 Job terminated.
	(1) Normal termination (return value 50)
		Usr 0 04:00:28, Sys 0 00:01:47  -  Run Remote Usage
		Usr 0 00:00:00, Sys 0 00:00:00  -  Run Local Usage
		Usr 0 04:00:28, Sys 0 00:01:47  -  Total Remote Usage
		Usr 0 00:00:00, Sys 0 00:00:00  -  Total Local Usage
	20499  -  Run Bytes Sent By Job
	2785  -  Run Bytes Received By Job
	20499  -  Total Bytes Sent By Job
	2785  -  Total Bytes Received By Job
	Partitionable Resources :      Usage  Request Allocated 
	   Cpus                 :       0.99        1         1 
	   Disk (KB)            : 7360542           3   2940012 
	   Memory (MB)          :   10303        2000      2000 

	Job terminated of its own accord at 2024-08-22T21:38:36Z with exit-code 50.
...
