000 (7187239.004.000) 08/26 07:55:01 Job submitted from host: <137.138.44.55:9618?addrs=137.138.44.55-9618+[2001-1458-d00-1a--48]-9618&alias=bigbird17.cern.ch&noUDP&sock=schedd_23962_8474>
...
040 (7187239.004.000) 08/26 08:45:30 Started transferring input files
	Transferring to host: <128.142.248.94:9618?addrs=128.142.248.94-9618+[2001-1458-301-73--100-14e]-9618&alias=b9g23p2790.cern.ch&noUDP&sock=slot1_3_5757_13c3_10143>
...
040 (7187239.004.000) 08/26 08:45:30 Finished transferring input files
...
001 (7187239.004.000) 08/26 08:45:31 Job executing on host: <128.142.248.94:9618?addrs=128.142.248.94-9618+[2001-1458-301-73--100-14e]-9618&alias=b9g23p2790.cern.ch&noUDP&sock=startd_4576_5577>
	SlotName: slot1_3@b9g23p2790.cern.ch
	CondorScratchDir = "/pool/condor/dir_3855809"
	Cpus = 1
	Disk = 2953653
	Memory = 2000
...
006 (7187239.004.000) 08/26 08:45:39 Image size of job updated: 478972
	296  -  MemoryUsage of job (MB)
	302296  -  ResidentSetSize of job (KB)
...
006 (7187239.004.000) 08/26 08:50:39 Image size of job updated: 3658056
	3573  -  MemoryUsage of job (MB)
	3658056  -  ResidentSetSize of job (KB)
...
006 (7187239.004.000) 08/26 08:55:40 Image size of job updated: 4072104
	3573  -  MemoryUsage of job (MB)
	3658056  -  ResidentSetSize of job (KB)
...
040 (7187239.004.000) 08/26 08:55:52 Started transferring output files
...
040 (7187239.004.000) 08/26 08:55:52 Finished transferring output files
...
005 (7187239.004.000) 08/26 08:55:52 Job terminated.
	(1) Normal termination (return value 50)
		Usr 0 00:09:59, Sys 0 00:00:14  -  Run Remote Usage
		Usr 0 00:00:00, Sys 0 00:00:00  -  Run Local Usage
		Usr 0 00:09:59, Sys 0 00:00:14  -  Total Remote Usage
		Usr 0 00:00:00, Sys 0 00:00:00  -  Total Local Usage
	16457  -  Run Bytes Sent By Job
	2910  -  Run Bytes Received By Job
	16457  -  Total Bytes Sent By Job
	2910  -  Total Bytes Received By Job
	Partitionable Resources :    Usage  Request Allocated 
	   Cpus                 :                 1         1 
	   Disk (KB)            :   830235        3   2953653 
	   Memory (MB)          :     3573     2000      2000 

	Job terminated of its own accord at 2024-08-26T06:55:52Z with exit-code 50.
...
