000 (7187239.002.000) 08/26 07:55:01 Job submitted from host: <137.138.44.55:9618?addrs=137.138.44.55-9618+[2001-1458-d00-1a--48]-9618&alias=bigbird17.cern.ch&noUDP&sock=schedd_23962_8474>
...
040 (7187239.002.000) 08/26 08:42:08 Started transferring input files
	Transferring to host: <128.142.248.197:9618?addrs=128.142.248.197-9618+[2001-1458-301-73--100-c4]-9618&alias=b9g23p2961.cern.ch&noUDP&sock=slot1_7_7499_794a_4703>
...
040 (7187239.002.000) 08/26 08:42:08 Finished transferring input files
...
001 (7187239.002.000) 08/26 08:42:09 Job executing on host: <128.142.248.197:9618?addrs=128.142.248.197-9618+[2001-1458-301-73--100-c4]-9618&alias=b9g23p2961.cern.ch&noUDP&sock=startd_5911_0866>
	SlotName: slot1_7@b9g23p2961.cern.ch
	CondorScratchDir = "/pool/condor/dir_2363269"
	Cpus = 1
	Disk = 3079671
	Memory = 2000
...
006 (7187239.002.000) 08/26 08:42:18 Image size of job updated: 483636
	277  -  MemoryUsage of job (MB)
	282792  -  ResidentSetSize of job (KB)
...
006 (7187239.002.000) 08/26 08:47:19 Image size of job updated: 3733008
	3646  -  MemoryUsage of job (MB)
	3733008  -  ResidentSetSize of job (KB)
...
006 (7187239.002.000) 08/26 08:50:36 Image size of job updated: 4068880
	3646  -  MemoryUsage of job (MB)
	3733008  -  ResidentSetSize of job (KB)
...
040 (7187239.002.000) 08/26 08:50:37 Started transferring output files
...
040 (7187239.002.000) 08/26 08:50:37 Finished transferring output files
...
005 (7187239.002.000) 08/26 08:50:37 Job terminated.
	(1) Normal termination (return value 50)
		Usr 0 00:08:06, Sys 0 00:00:13  -  Run Remote Usage
		Usr 0 00:00:00, Sys 0 00:00:00  -  Run Local Usage
		Usr 0 00:08:06, Sys 0 00:00:13  -  Total Remote Usage
		Usr 0 00:00:00, Sys 0 00:00:00  -  Total Local Usage
	16451  -  Run Bytes Sent By Job
	2910  -  Run Bytes Received By Job
	16451  -  Total Bytes Sent By Job
	2910  -  Total Bytes Received By Job
	Partitionable Resources :    Usage  Request Allocated 
	   Cpus                 :        0        1         1 
	   Disk (KB)            :   830242        3   3079671 
	   Memory (MB)          :     3646     2000      2000 

	Job terminated of its own accord at 2024-08-26T06:50:36Z with exit-code 50.
...
