000 (7187239.007.000) 08/26 07:55:01 Job submitted from host: <137.138.44.55:9618?addrs=137.138.44.55-9618+[2001-1458-d00-1a--48]-9618&alias=bigbird17.cern.ch&noUDP&sock=schedd_23962_8474>
...
040 (7187239.007.000) 08/26 08:50:45 Started transferring input files
	Transferring to host: <128.142.248.81:9618?addrs=128.142.248.81-9618+[2001-1458-301-73--100-141]-9618&alias=b9g23p3234.cern.ch&noUDP&sock=slot1_11_3493222_a91c_10479>
...
040 (7187239.007.000) 08/26 08:50:45 Finished transferring input files
...
001 (7187239.007.000) 08/26 08:50:46 Job executing on host: <128.142.248.81:9618?addrs=128.142.248.81-9618+[2001-1458-301-73--100-141]-9618&alias=b9g23p3234.cern.ch&noUDP&sock=startd_5923_4389>
	SlotName: slot1_11@b9g23p3234.cern.ch
	CondorScratchDir = "/pool/condor/dir_3777270"
	Cpus = 1
	Disk = 3104472
	Memory = 2000
...
006 (7187239.007.000) 08/26 08:50:55 Image size of job updated: 481824
	291  -  MemoryUsage of job (MB)
	297440  -  ResidentSetSize of job (KB)
...
006 (7187239.007.000) 08/26 08:55:55 Image size of job updated: 4802260
	3866  -  MemoryUsage of job (MB)
	3957900  -  ResidentSetSize of job (KB)
...
040 (7187239.007.000) 08/26 09:00:43 Started transferring output files
...
040 (7187239.007.000) 08/26 09:00:43 Finished transferring output files
...
005 (7187239.007.000) 08/26 09:00:43 Job terminated.
	(1) Normal termination (return value 50)
		Usr 0 00:09:31, Sys 0 00:00:15  -  Run Remote Usage
		Usr 0 00:00:00, Sys 0 00:00:00  -  Run Local Usage
		Usr 0 00:09:31, Sys 0 00:00:15  -  Total Remote Usage
		Usr 0 00:00:00, Sys 0 00:00:00  -  Total Local Usage
	16456  -  Run Bytes Sent By Job
	2910  -  Run Bytes Received By Job
	16456  -  Total Bytes Sent By Job
	2910  -  Total Bytes Received By Job
	Partitionable Resources :     Usage  Request Allocated 
	   Cpus                 :      0.34        1         1 
	   Disk (KB)            : 830243           3   3104472 
	   Memory (MB)          :   3866        2000      2000 

	Job terminated of its own accord at 2024-08-26T07:00:43Z with exit-code 50.
...
