000 (7191341.003.000) 09/02 11:57:00 Job submitted from host: <137.138.44.55:9618?addrs=137.138.44.55-9618+[2001-1458-d00-1a--48]-9618&alias=bigbird17.cern.ch&noUDP&sock=schedd_23962_8474>
...
040 (7191341.003.000) 09/02 11:58:15 Started transferring input files
	Transferring to host: <188.185.93.118:9618?addrs=188.185.93.118-9618+[2001-1458-d00-6c--100-36b]-9618&alias=b9g57n6545.cern.ch&noUDP&sock=slot1_1_16786_0164_114615>
...
040 (7191341.003.000) 09/02 11:58:15 Finished transferring input files
...
001 (7191341.003.000) 09/02 11:58:16 Job executing on host: <188.185.93.118:9618?addrs=188.185.93.118-9618+[2001-1458-d00-6c--100-36b]-9618&alias=b9g57n6545.cern.ch&noUDP&sock=startd_16364_ebdf>
	SlotName: slot1_1@b9g57n6545.cern.ch
	AvailableGPUs = { GPUs_GPU_1d17f189 }
	CondorScratchDir = "/pool/condor/dir_361648"
	Cpus = 1
	Disk = 323509
	GPUs = 1
	GPUs_GPU_1d17f189 = [ GlobalMemoryMb = 40326; MaxSupportedVersion = 12040; DriverVersion = 12.4; DeviceUuid = "1d17f189-4819-0334-33fe-0cacfb19687c"; DeviceName = "NVIDIA A100-PCIE-40GB"; CoresPerCU = 64; ECCEnabled = true; ComputeUnits = 108; ClockMhz = 1410.0; Id = "GPU-1d17f189"; DevicePciBusId = "0000:06:00.0"; Capability = 8.0 ]
	Memory = 2000
...
006 (7191341.003.000) 09/02 11:58:25 Image size of job updated: 1990608
	1944  -  MemoryUsage of job (MB)
	1990492  -  ResidentSetSize of job (KB)
...
006 (7191341.003.000) 09/02 12:03:28 Image size of job updated: 9766816
	9534  -  MemoryUsage of job (MB)
	9762788  -  ResidentSetSize of job (KB)
...
006 (7191341.003.000) 09/02 12:08:28 Image size of job updated: 11089532
	10702  -  MemoryUsage of job (MB)
	10957916  -  ResidentSetSize of job (KB)
...
006 (7191341.003.000) 09/02 12:13:29 Image size of job updated: 11445800
	10719  -  MemoryUsage of job (MB)
	10975856  -  ResidentSetSize of job (KB)
...
006 (7191341.003.000) 09/02 12:18:28 Image size of job updated: 11500892
	10850  -  MemoryUsage of job (MB)
	11109588  -  ResidentSetSize of job (KB)
...
006 (7191341.003.000) 09/02 12:23:29 Image size of job updated: 11704372
	11400  -  MemoryUsage of job (MB)
	11672772  -  ResidentSetSize of job (KB)
...
006 (7191341.003.000) 09/02 12:28:30 Image size of job updated: 11806272
	11401  -  MemoryUsage of job (MB)
	11674052  -  ResidentSetSize of job (KB)
...
006 (7191341.003.000) 09/02 12:33:29 Image size of job updated: 11923372
	11639  -  MemoryUsage of job (MB)
	11918256  -  ResidentSetSize of job (KB)
...
006 (7191341.003.000) 09/02 12:38:30 Image size of job updated: 11926448
	11639  -  MemoryUsage of job (MB)
	11918256  -  ResidentSetSize of job (KB)
...
006 (7191341.003.000) 09/02 12:43:31 Image size of job updated: 11966416
	11639  -  MemoryUsage of job (MB)
	11918256  -  ResidentSetSize of job (KB)
...
006 (7191341.003.000) 09/02 12:48:32 Image size of job updated: 12341456
	11696  -  MemoryUsage of job (MB)
	11976648  -  ResidentSetSize of job (KB)
...
006 (7191341.003.000) 09/02 12:53:31 Image size of job updated: 12488768
	12103  -  MemoryUsage of job (MB)
	12393180  -  ResidentSetSize of job (KB)
...
006 (7191341.003.000) 09/02 12:58:32 Image size of job updated: 12536452
	12103  -  MemoryUsage of job (MB)
	12393180  -  ResidentSetSize of job (KB)
...
006 (7191341.003.000) 09/02 13:03:33 Image size of job updated: 12724176
	12402  -  MemoryUsage of job (MB)
	12698672  -  ResidentSetSize of job (KB)
...
006 (7191341.003.000) 09/02 13:08:34 Image size of job updated: 12957876
	12653  -  MemoryUsage of job (MB)
	12955828  -  ResidentSetSize of job (KB)
...
006 (7191341.003.000) 09/02 13:13:33 Image size of job updated: 13074964
	12653  -  MemoryUsage of job (MB)
	12955828  -  ResidentSetSize of job (KB)
...
006 (7191341.003.000) 09/02 13:18:34 Image size of job updated: 13178948
	12844  -  MemoryUsage of job (MB)
	13152240  -  ResidentSetSize of job (KB)
...
006 (7191341.003.000) 09/02 13:23:35 Image size of job updated: 13324992
	12906  -  MemoryUsage of job (MB)
	13214988  -  ResidentSetSize of job (KB)
...
006 (7191341.003.000) 09/02 13:28:36 Image size of job updated: 13359024
	12906  -  MemoryUsage of job (MB)
	13214988  -  ResidentSetSize of job (KB)
...
006 (7191341.003.000) 09/02 13:33:35 Image size of job updated: 13441972
	12906  -  MemoryUsage of job (MB)
	13214988  -  ResidentSetSize of job (KB)
...
006 (7191341.003.000) 09/02 13:38:36 Image size of job updated: 13546248
	12906  -  MemoryUsage of job (MB)
	13214988  -  ResidentSetSize of job (KB)
...
006 (7191341.003.000) 09/02 13:43:37 Image size of job updated: 13835464
	13404  -  MemoryUsage of job (MB)
	13725460  -  ResidentSetSize of job (KB)
...
006 (7191341.003.000) 09/02 13:48:36 Image size of job updated: 13891052
	13504  -  MemoryUsage of job (MB)
	13827860  -  ResidentSetSize of job (KB)
...
006 (7191341.003.000) 09/02 13:58:38 Image size of job updated: 14224796
	13817  -  MemoryUsage of job (MB)
	14147668  -  ResidentSetSize of job (KB)
...
006 (7191341.003.000) 09/02 14:03:39 Image size of job updated: 14344204
	13817  -  MemoryUsage of job (MB)
	14147668  -  ResidentSetSize of job (KB)
...
006 (7191341.003.000) 09/02 14:18:40 Image size of job updated: 14695732
	14242  -  MemoryUsage of job (MB)
	14583676  -  ResidentSetSize of job (KB)
...
006 (7191341.003.000) 09/02 14:23:41 Image size of job updated: 14901712
	14459  -  MemoryUsage of job (MB)
	14805236  -  ResidentSetSize of job (KB)
...
006 (7191341.003.000) 09/02 14:28:40 Image size of job updated: 15001052
	14522  -  MemoryUsage of job (MB)
	14869508  -  ResidentSetSize of job (KB)
...
006 (7191341.003.000) 09/02 14:33:41 Image size of job updated: 15002176
	14526  -  MemoryUsage of job (MB)
	14874332  -  ResidentSetSize of job (KB)
...
006 (7191341.003.000) 09/02 14:38:42 Image size of job updated: 15215272
	14526  -  MemoryUsage of job (MB)
	14874332  -  ResidentSetSize of job (KB)
...
006 (7191341.003.000) 09/02 14:53:42 Image size of job updated: 15489096
	14526  -  MemoryUsage of job (MB)
	14874332  -  ResidentSetSize of job (KB)
...
006 (7191341.003.000) 09/02 15:16:11 Image size of job updated: 17107568
	14526  -  MemoryUsage of job (MB)
	14874332  -  ResidentSetSize of job (KB)
...
040 (7191341.003.000) 09/02 15:16:13 Started transferring output files
...
040 (7191341.003.000) 09/02 15:16:13 Finished transferring output files
...
005 (7191341.003.000) 09/02 15:16:15 Job terminated.
	(1) Normal termination (return value 0)
		Usr 0 01:56:23, Sys 0 00:46:27  -  Run Remote Usage
		Usr 0 00:00:00, Sys 0 00:00:00  -  Run Local Usage
		Usr 0 01:56:23, Sys 0 00:46:27  -  Total Remote Usage
		Usr 0 00:00:00, Sys 0 00:00:00  -  Total Local Usage
	76595  -  Run Bytes Sent By Job
	2931  -  Run Bytes Received By Job
	76595  -  Total Bytes Sent By Job
	2931  -  Total Bytes Received By Job
	Partitionable Resources :      Usage  Request Allocated Assigned
	   Cpus                 :       1.00        1         1 
	   Disk (KB)            : 9947636           3    323509 
	   Gpus (Average)       :       0.02        1         1 "GPU-1d17f189"
	   GpusMemory (MB)      :    3109                       
	   Memory (MB)          :   14526        2000      2000 

	Job terminated of its own accord at 2024-09-02T13:16:11Z with exit-code 0.
...
