000 (7187306.003.000) 08/26 07:55:57 Job submitted from host: <137.138.44.55:9618?addrs=137.138.44.55-9618+[2001-1458-d00-1a--48]-9618&alias=bigbird17.cern.ch&noUDP&sock=schedd_23962_8474>
...
040 (7187306.003.000) 08/26 13:46:32 Started transferring input files
	Transferring to host: <128.142.248.123:9618?addrs=128.142.248.123-9618+[2001-1458-301-73--100-16b]-9618&alias=b9g23p2657.cern.ch&noUDP&sock=slot1_16_1296705_ba53_8328>
...
040 (7187306.003.000) 08/26 13:46:32 Finished transferring input files
...
001 (7187306.003.000) 08/26 13:46:33 Job executing on host: <128.142.248.123:9618?addrs=128.142.248.123-9618+[2001-1458-301-73--100-16b]-9618&alias=b9g23p2657.cern.ch&noUDP&sock=startd_3078_d498>
	SlotName: slot1_16@b9g23p2657.cern.ch
	CondorScratchDir = "/pool/condor/dir_329501"
	Cpus = 1
	Disk = 2973017
	Memory = 2000
...
006 (7187306.003.000) 08/26 13:46:43 Image size of job updated: 548452
	536  -  MemoryUsage of job (MB)
	548452  -  ResidentSetSize of job (KB)
...
006 (7187306.003.000) 08/26 13:51:44 Image size of job updated: 1450604
	1079  -  MemoryUsage of job (MB)
	1104520  -  ResidentSetSize of job (KB)
...
006 (7187306.003.000) 08/26 13:56:44 Image size of job updated: 1450604
	1142  -  MemoryUsage of job (MB)
	1168508  -  ResidentSetSize of job (KB)
...
006 (7187306.003.000) 08/26 14:01:45 Image size of job updated: 1450604
	1177  -  MemoryUsage of job (MB)
	1204268  -  ResidentSetSize of job (KB)
...
006 (7187306.003.000) 08/26 14:06:45 Image size of job updated: 1450604
	1210  -  MemoryUsage of job (MB)
	1238480  -  ResidentSetSize of job (KB)
...
006 (7187306.003.000) 08/26 14:11:46 Image size of job updated: 1450604
	1234  -  MemoryUsage of job (MB)
	1263380  -  ResidentSetSize of job (KB)
...
006 (7187306.003.000) 08/26 14:16:46 Image size of job updated: 1450604
	1258  -  MemoryUsage of job (MB)
	1287228  -  ResidentSetSize of job (KB)
...
006 (7187306.003.000) 08/26 14:21:46 Image size of job updated: 1450604
	1274  -  MemoryUsage of job (MB)
	1304064  -  ResidentSetSize of job (KB)
...
006 (7187306.003.000) 08/26 14:26:47 Image size of job updated: 1450604
	1294  -  MemoryUsage of job (MB)
	1324928  -  ResidentSetSize of job (KB)
...
006 (7187306.003.000) 08/26 14:31:48 Image size of job updated: 1450604
	1325  -  MemoryUsage of job (MB)
	1356708  -  ResidentSetSize of job (KB)
...
006 (7187306.003.000) 08/26 14:36:48 Image size of job updated: 1450604
	1349  -  MemoryUsage of job (MB)
	1381036  -  ResidentSetSize of job (KB)
...
006 (7187306.003.000) 08/26 14:41:49 Image size of job updated: 1450604
	1388  -  MemoryUsage of job (MB)
	1420312  -  ResidentSetSize of job (KB)
...
006 (7187306.003.000) 08/26 14:46:49 Image size of job updated: 1461264
	1418  -  MemoryUsage of job (MB)
	1451404  -  ResidentSetSize of job (KB)
...
006 (7187306.003.000) 08/26 14:51:49 Image size of job updated: 1487888
	1441  -  MemoryUsage of job (MB)
	1475296  -  ResidentSetSize of job (KB)
...
006 (7187306.003.000) 08/26 14:56:50 Image size of job updated: 1508024
	1463  -  MemoryUsage of job (MB)
	1498020  -  ResidentSetSize of job (KB)
...
006 (7187306.003.000) 08/26 15:01:50 Image size of job updated: 1542340
	1499  -  MemoryUsage of job (MB)
	1534224  -  ResidentSetSize of job (KB)
...
006 (7187306.003.000) 08/26 15:06:51 Image size of job updated: 1552692
	1512  -  MemoryUsage of job (MB)
	1547384  -  ResidentSetSize of job (KB)
...
006 (7187306.003.000) 08/26 15:11:51 Image size of job updated: 1587028
	1542  -  MemoryUsage of job (MB)
	1578360  -  ResidentSetSize of job (KB)
...
006 (7187306.003.000) 08/26 15:16:51 Image size of job updated: 1623972
	1577  -  MemoryUsage of job (MB)
	1614064  -  ResidentSetSize of job (KB)
...
006 (7187306.003.000) 08/26 15:21:52 Image size of job updated: 1664304
	1618  -  MemoryUsage of job (MB)
	1655860  -  ResidentSetSize of job (KB)
...
006 (7187306.003.000) 08/26 15:26:52 Image size of job updated: 1696888
	1650  -  MemoryUsage of job (MB)
	1689040  -  ResidentSetSize of job (KB)
...
006 (7187306.003.000) 08/26 15:31:53 Image size of job updated: 1728820
	1687  -  MemoryUsage of job (MB)
	1727196  -  ResidentSetSize of job (KB)
...
006 (7187306.003.000) 08/26 15:36:54 Image size of job updated: 1772992
	1714  -  MemoryUsage of job (MB)
	1754756  -  ResidentSetSize of job (KB)
...
006 (7187306.003.000) 08/26 15:41:54 Image size of job updated: 1809192
	1747  -  MemoryUsage of job (MB)
	1788072  -  ResidentSetSize of job (KB)
...
006 (7187306.003.000) 08/26 15:46:55 Image size of job updated: 1867176
	1814  -  MemoryUsage of job (MB)
	1857164  -  ResidentSetSize of job (KB)
...
006 (7187306.003.000) 08/26 15:51:56 Image size of job updated: 1925348
	1874  -  MemoryUsage of job (MB)
	1918760  -  ResidentSetSize of job (KB)
...
006 (7187306.003.000) 08/26 15:56:56 Image size of job updated: 1954308
	1902  -  MemoryUsage of job (MB)
	1947328  -  ResidentSetSize of job (KB)
...
006 (7187306.003.000) 08/26 16:01:57 Image size of job updated: 1979220
	1902  -  MemoryUsage of job (MB)
	1947328  -  ResidentSetSize of job (KB)
...
006 (7187306.003.000) 08/26 16:06:57 Image size of job updated: 2001344
	1949  -  MemoryUsage of job (MB)
	1995068  -  ResidentSetSize of job (KB)
...
006 (7187306.003.000) 08/26 16:11:57 Image size of job updated: 2058248
	1994  -  MemoryUsage of job (MB)
	2041512  -  ResidentSetSize of job (KB)
...
006 (7187306.003.000) 08/26 16:16:58 Image size of job updated: 2085976
	2028  -  MemoryUsage of job (MB)
	2076152  -  ResidentSetSize of job (KB)
...
006 (7187306.003.000) 08/26 16:21:59 Image size of job updated: 2128720
	2070  -  MemoryUsage of job (MB)
	2119452  -  ResidentSetSize of job (KB)
...
006 (7187306.003.000) 08/26 16:26:59 Image size of job updated: 2190708
	2132  -  MemoryUsage of job (MB)
	2182260  -  ResidentSetSize of job (KB)
...
006 (7187306.003.000) 08/26 16:32:00 Image size of job updated: 2205076
	2148  -  MemoryUsage of job (MB)
	2199416  -  ResidentSetSize of job (KB)
...
006 (7187306.003.000) 08/26 16:37:00 Image size of job updated: 2225756
	2156  -  MemoryUsage of job (MB)
	2207712  -  ResidentSetSize of job (KB)
...
006 (7187306.003.000) 08/26 16:42:00 Image size of job updated: 2277676
	2216  -  MemoryUsage of job (MB)
	2269084  -  ResidentSetSize of job (KB)
...
006 (7187306.003.000) 08/26 16:47:01 Image size of job updated: 2304660
	2243  -  MemoryUsage of job (MB)
	2296632  -  ResidentSetSize of job (KB)
...
006 (7187306.003.000) 08/26 16:52:02 Image size of job updated: 2325884
	2260  -  MemoryUsage of job (MB)
	2314064  -  ResidentSetSize of job (KB)
...
006 (7187306.003.000) 08/26 19:12:17 Image size of job updated: 2398628
	2343  -  MemoryUsage of job (MB)
	2398628  -  ResidentSetSize of job (KB)
...
006 (7187306.003.000) 08/26 19:17:18 Image size of job updated: 2726768
	2662  -  MemoryUsage of job (MB)
	2725872  -  ResidentSetSize of job (KB)
...
006 (7187306.003.000) 08/26 19:22:18 Image size of job updated: 2851632
	2784  -  MemoryUsage of job (MB)
	2850696  -  ResidentSetSize of job (KB)
...
006 (7187306.003.000) 08/26 19:27:19 Image size of job updated: 4041696
	3947  -  MemoryUsage of job (MB)
	4041696  -  ResidentSetSize of job (KB)
...
006 (7187306.003.000) 08/26 19:32:19 Image size of job updated: 4294780
	4195  -  MemoryUsage of job (MB)
	4294780  -  ResidentSetSize of job (KB)
...
006 (7187306.003.000) 08/26 19:37:19 Image size of job updated: 4541468
	4436  -  MemoryUsage of job (MB)
	4541468  -  ResidentSetSize of job (KB)
...
006 (7187306.003.000) 08/26 19:42:20 Image size of job updated: 4793236
	4681  -  MemoryUsage of job (MB)
	4793236  -  ResidentSetSize of job (KB)
...
006 (7187306.003.000) 08/26 19:47:20 Image size of job updated: 5043556
	4926  -  MemoryUsage of job (MB)
	5043556  -  ResidentSetSize of job (KB)
...
006 (7187306.003.000) 08/26 19:52:21 Image size of job updated: 5290468
	5167  -  MemoryUsage of job (MB)
	5290468  -  ResidentSetSize of job (KB)
...
006 (7187306.003.000) 08/26 19:57:22 Image size of job updated: 5540920
	5412  -  MemoryUsage of job (MB)
	5540920  -  ResidentSetSize of job (KB)
...
006 (7187306.003.000) 08/26 20:02:22 Image size of job updated: 5786240
	5651  -  MemoryUsage of job (MB)
	5786240  -  ResidentSetSize of job (KB)
...
006 (7187306.003.000) 08/26 20:03:33 Image size of job updated: 5793396
	5651  -  MemoryUsage of job (MB)
	5786496  -  ResidentSetSize of job (KB)
...
040 (7187306.003.000) 08/26 20:03:33 Started transferring output files
...
040 (7187306.003.000) 08/26 20:03:33 Finished transferring output files
...
005 (7187306.003.000) 08/26 20:03:34 Job terminated.
	(1) Normal termination (return value 50)
		Usr 0 06:04:08, Sys 0 00:05:39  -  Run Remote Usage
		Usr 0 00:00:00, Sys 0 00:00:00  -  Run Local Usage
		Usr 0 06:04:08, Sys 0 00:05:39  -  Total Remote Usage
		Usr 0 00:00:00, Sys 0 00:00:00  -  Total Local Usage
	17965  -  Run Bytes Sent By Job
	2930  -  Run Bytes Received By Job
	17965  -  Total Bytes Sent By Job
	2930  -  Total Bytes Received By Job
	Partitionable Resources :      Usage  Request Allocated 
	   Cpus                 :       0.99        1         1 
	   Disk (KB)            : 2895479           3   2973017 
	   Memory (MB)          :    5651        2000      2000 

	Job terminated of its own accord at 2024-08-26T18:03:33Z with exit-code 50.
...
