000 (7187306.007.000) 08/26 07:55:57 Job submitted from host: <137.138.44.55:9618?addrs=137.138.44.55-9618+[2001-1458-d00-1a--48]-9618&alias=bigbird17.cern.ch&noUDP&sock=schedd_23962_8474>
...
040 (7187306.007.000) 08/26 13:52:31 Started transferring input files
	Transferring to host: <128.142.248.94:9618?addrs=128.142.248.94-9618+[2001-1458-301-73--100-14e]-9618&alias=b9g23p2790.cern.ch&noUDP&sock=slot1_19_5757_13c3_10355>
...
040 (7187306.007.000) 08/26 13:52:31 Finished transferring input files
...
001 (7187306.007.000) 08/26 13:52:32 Job executing on host: <128.142.248.94:9618?addrs=128.142.248.94-9618+[2001-1458-301-73--100-14e]-9618&alias=b9g23p2790.cern.ch&noUDP&sock=startd_4576_5577>
	SlotName: slot1_19@b9g23p2790.cern.ch
	CondorScratchDir = "/pool/condor/dir_4192871"
	Cpus = 1
	Disk = 2952541
	Memory = 2000
...
006 (7187306.007.000) 08/26 13:52:41 Image size of job updated: 1285660
	1256  -  MemoryUsage of job (MB)
	1285616  -  ResidentSetSize of job (KB)
...
006 (7187306.007.000) 08/26 13:57:42 Image size of job updated: 1436964
	1271  -  MemoryUsage of job (MB)
	1301212  -  ResidentSetSize of job (KB)
...
006 (7187306.007.000) 08/26 14:17:44 Image size of job updated: 1436964
	1292  -  MemoryUsage of job (MB)
	1322736  -  ResidentSetSize of job (KB)
...
006 (7187306.007.000) 08/26 15:22:51 Image size of job updated: 1436964
	1305  -  MemoryUsage of job (MB)
	1335972  -  ResidentSetSize of job (KB)
...
006 (7187306.007.000) 08/26 15:27:52 Image size of job updated: 1436964
	1374  -  MemoryUsage of job (MB)
	1406524  -  ResidentSetSize of job (KB)
...
006 (7187306.007.000) 08/26 15:32:52 Image size of job updated: 1472736
	1427  -  MemoryUsage of job (MB)
	1461192  -  ResidentSetSize of job (KB)
...
006 (7187306.007.000) 08/26 15:37:53 Image size of job updated: 1537724
	1473  -  MemoryUsage of job (MB)
	1507644  -  ResidentSetSize of job (KB)
...
006 (7187306.007.000) 08/26 15:42:54 Image size of job updated: 1551780
	1507  -  MemoryUsage of job (MB)
	1542692  -  ResidentSetSize of job (KB)
...
006 (7187306.007.000) 08/26 15:47:54 Image size of job updated: 1608168
	1564  -  MemoryUsage of job (MB)
	1600832  -  ResidentSetSize of job (KB)
...
006 (7187306.007.000) 08/26 15:52:55 Image size of job updated: 1655900
	1613  -  MemoryUsage of job (MB)
	1651016  -  ResidentSetSize of job (KB)
...
006 (7187306.007.000) 08/26 15:57:55 Image size of job updated: 1683324
	1633  -  MemoryUsage of job (MB)
	1671864  -  ResidentSetSize of job (KB)
...
006 (7187306.007.000) 08/26 16:02:56 Image size of job updated: 1720444
	1674  -  MemoryUsage of job (MB)
	1713312  -  ResidentSetSize of job (KB)
...
006 (7187306.007.000) 08/26 16:07:57 Image size of job updated: 1794676
	1743  -  MemoryUsage of job (MB)
	1784828  -  ResidentSetSize of job (KB)
...
006 (7187306.007.000) 08/26 16:12:57 Image size of job updated: 1839836
	1781  -  MemoryUsage of job (MB)
	1823532  -  ResidentSetSize of job (KB)
...
006 (7187306.007.000) 08/26 16:17:58 Image size of job updated: 1875956
	1792  -  MemoryUsage of job (MB)
	1834256  -  ResidentSetSize of job (KB)
...
006 (7187306.007.000) 08/26 16:32:59 Image size of job updated: 1889912
	1816  -  MemoryUsage of job (MB)
	1859108  -  ResidentSetSize of job (KB)
...
006 (7187306.007.000) 08/26 16:38:00 Image size of job updated: 1931524
	1880  -  MemoryUsage of job (MB)
	1925004  -  ResidentSetSize of job (KB)
...
006 (7187306.007.000) 08/26 16:43:00 Image size of job updated: 1955452
	1881  -  MemoryUsage of job (MB)
	1925260  -  ResidentSetSize of job (KB)
...
006 (7187306.007.000) 08/26 16:48:00 Image size of job updated: 1978828
	1925  -  MemoryUsage of job (MB)
	1970348  -  ResidentSetSize of job (KB)
...
006 (7187306.007.000) 08/26 16:53:01 Image size of job updated: 2012860
	1925  -  MemoryUsage of job (MB)
	1970348  -  ResidentSetSize of job (KB)
...
006 (7187306.007.000) 08/26 17:33:05 Image size of job updated: 2012860
	1938  -  MemoryUsage of job (MB)
	1983860  -  ResidentSetSize of job (KB)
...
006 (7187306.007.000) 08/26 17:38:05 Image size of job updated: 2049204
	2002  -  MemoryUsage of job (MB)
	2049204  -  ResidentSetSize of job (KB)
...
006 (7187306.007.000) 08/26 17:43:06 Image size of job updated: 2383456
	2328  -  MemoryUsage of job (MB)
	2383456  -  ResidentSetSize of job (KB)
...
006 (7187306.007.000) 08/26 17:48:06 Image size of job updated: 2581396
	2521  -  MemoryUsage of job (MB)
	2581396  -  ResidentSetSize of job (KB)
...
006 (7187306.007.000) 08/26 17:53:07 Image size of job updated: 5064356
	4946  -  MemoryUsage of job (MB)
	5064356  -  ResidentSetSize of job (KB)
...
006 (7187306.007.000) 08/26 17:58:07 Image size of job updated: 5345920
	5221  -  MemoryUsage of job (MB)
	5345920  -  ResidentSetSize of job (KB)
...
006 (7187306.007.000) 08/26 18:03:08 Image size of job updated: 5652684
	5521  -  MemoryUsage of job (MB)
	5652684  -  ResidentSetSize of job (KB)
...
006 (7187306.007.000) 08/26 18:08:09 Image size of job updated: 5944072
	5805  -  MemoryUsage of job (MB)
	5944072  -  ResidentSetSize of job (KB)
...
006 (7187306.007.000) 08/26 18:13:10 Image size of job updated: 6271292
	6125  -  MemoryUsage of job (MB)
	6271292  -  ResidentSetSize of job (KB)
...
006 (7187306.007.000) 08/26 18:18:10 Image size of job updated: 6593032
	6439  -  MemoryUsage of job (MB)
	6593032  -  ResidentSetSize of job (KB)
...
006 (7187306.007.000) 08/26 18:20:05 Image size of job updated: 6674088
	6439  -  MemoryUsage of job (MB)
	6593400  -  ResidentSetSize of job (KB)
...
040 (7187306.007.000) 08/26 18:20:05 Started transferring output files
...
040 (7187306.007.000) 08/26 18:20:05 Finished transferring output files
...
005 (7187306.007.000) 08/26 18:20:05 Job terminated.
	(1) Normal termination (return value 50)
		Usr 0 04:22:50, Sys 0 00:05:21  -  Run Remote Usage
		Usr 0 00:00:00, Sys 0 00:00:00  -  Run Local Usage
		Usr 0 04:22:50, Sys 0 00:05:21  -  Total Remote Usage
		Usr 0 00:00:00, Sys 0 00:00:00  -  Total Local Usage
	17961  -  Run Bytes Sent By Job
	2930  -  Run Bytes Received By Job
	17961  -  Total Bytes Sent By Job
	2930  -  Total Bytes Received By Job
	Partitionable Resources :      Usage  Request Allocated 
	   Cpus                 :       0.92        1         1 
	   Disk (KB)            : 2944438           3   2952541 
	   Memory (MB)          :    6439        2000      2000 

	Job terminated of its own accord at 2024-08-26T16:20:05Z with exit-code 50.
...
