000 (7187347.003.000) 08/26 07:58:30 Job submitted from host: <137.138.44.55:9618?addrs=137.138.44.55-9618+[2001-1458-d00-1a--48]-9618&alias=bigbird17.cern.ch&noUDP&sock=schedd_23962_8474>
...
040 (7187347.003.000) 08/26 15:48:56 Started transferring input files
	Transferring to host: <128.142.248.214:9618?addrs=128.142.248.214-9618+[2001-1458-301-73--100-d5]-9618&alias=b9g23p2447.cern.ch&noUDP&sock=slot1_27_2572410_4e57_23378>
...
040 (7187347.003.000) 08/26 15:48:56 Finished transferring input files
...
001 (7187347.003.000) 08/26 15:48:57 Job executing on host: <128.142.248.214:9618?addrs=128.142.248.214-9618+[2001-1458-301-73--100-d5]-9618&alias=b9g23p2447.cern.ch&noUDP&sock=startd_3197_745e>
	SlotName: slot1_27@b9g23p2447.cern.ch
	CondorScratchDir = "/pool/condor/dir_930409"
	Cpus = 1
	Disk = 2933948
	Memory = 2000
...
006 (7187347.003.000) 08/26 15:49:06 Image size of job updated: 964056
	942  -  MemoryUsage of job (MB)
	963988  -  ResidentSetSize of job (KB)
...
006 (7187347.003.000) 08/26 15:54:07 Image size of job updated: 1005528
	950  -  MemoryUsage of job (MB)
	972712  -  ResidentSetSize of job (KB)
...
006 (7187347.003.000) 08/26 16:59:13 Image size of job updated: 1005528
	958  -  MemoryUsage of job (MB)
	980236  -  ResidentSetSize of job (KB)
...
006 (7187347.003.000) 08/26 17:09:14 Image size of job updated: 1005528
	966  -  MemoryUsage of job (MB)
	988812  -  ResidentSetSize of job (KB)
...
006 (7187347.003.000) 08/26 17:14:15 Image size of job updated: 1006708
	979  -  MemoryUsage of job (MB)
	1001776  -  ResidentSetSize of job (KB)
...
006 (7187347.003.000) 08/26 17:19:15 Image size of job updated: 1146508
	1107  -  MemoryUsage of job (MB)
	1133064  -  ResidentSetSize of job (KB)
...
006 (7187347.003.000) 08/26 17:24:16 Image size of job updated: 1147132
	1109  -  MemoryUsage of job (MB)
	1135444  -  ResidentSetSize of job (KB)
...
006 (7187347.003.000) 08/26 17:29:16 Image size of job updated: 1147132
	1110  -  MemoryUsage of job (MB)
	1136436  -  ResidentSetSize of job (KB)
...
006 (7187347.003.000) 08/26 17:34:17 Image size of job updated: 1150756
	1113  -  MemoryUsage of job (MB)
	1138716  -  ResidentSetSize of job (KB)
...
006 (7187347.003.000) 08/26 17:39:17 Image size of job updated: 1150756
	1113  -  MemoryUsage of job (MB)
	1139608  -  ResidentSetSize of job (KB)
...
006 (7187347.003.000) 08/26 17:44:18 Image size of job updated: 1150756
	1114  -  MemoryUsage of job (MB)
	1139988  -  ResidentSetSize of job (KB)
...
006 (7187347.003.000) 08/26 17:49:18 Image size of job updated: 1150756
	1116  -  MemoryUsage of job (MB)
	1142508  -  ResidentSetSize of job (KB)
...
006 (7187347.003.000) 08/26 17:54:19 Image size of job updated: 1152480
	1118  -  MemoryUsage of job (MB)
	1144004  -  ResidentSetSize of job (KB)
...
006 (7187347.003.000) 08/26 17:59:19 Image size of job updated: 1152480
	1118  -  MemoryUsage of job (MB)
	1144572  -  ResidentSetSize of job (KB)
...
006 (7187347.003.000) 08/26 18:04:20 Image size of job updated: 1153516
	1119  -  MemoryUsage of job (MB)
	1145824  -  ResidentSetSize of job (KB)
...
006 (7187347.003.000) 08/26 18:09:20 Image size of job updated: 1153516
	1121  -  MemoryUsage of job (MB)
	1147444  -  ResidentSetSize of job (KB)
...
006 (7187347.003.000) 08/26 18:14:21 Image size of job updated: 1158816
	1122  -  MemoryUsage of job (MB)
	1148924  -  ResidentSetSize of job (KB)
...
006 (7187347.003.000) 08/26 18:19:21 Image size of job updated: 1158816
	1124  -  MemoryUsage of job (MB)
	1150428  -  ResidentSetSize of job (KB)
...
006 (7187347.003.000) 08/26 18:24:22 Image size of job updated: 1160472
	1125  -  MemoryUsage of job (MB)
	1151200  -  ResidentSetSize of job (KB)
...
006 (7187347.003.000) 08/26 18:29:22 Image size of job updated: 1165012
	1127  -  MemoryUsage of job (MB)
	1153644  -  ResidentSetSize of job (KB)
...
006 (7187347.003.000) 08/26 18:34:23 Image size of job updated: 1165012
	1128  -  MemoryUsage of job (MB)
	1154508  -  ResidentSetSize of job (KB)
...
006 (7187347.003.000) 08/26 18:39:23 Image size of job updated: 1165012
	1131  -  MemoryUsage of job (MB)
	1157984  -  ResidentSetSize of job (KB)
...
006 (7187347.003.000) 08/26 18:49:24 Image size of job updated: 1165556
	1133  -  MemoryUsage of job (MB)
	1159464  -  ResidentSetSize of job (KB)
...
006 (7187347.003.000) 08/26 18:54:25 Image size of job updated: 1167112
	1138  -  MemoryUsage of job (MB)
	1165068  -  ResidentSetSize of job (KB)
...
006 (7187347.003.000) 08/26 18:59:25 Image size of job updated: 1173512
	1138  -  MemoryUsage of job (MB)
	1165068  -  ResidentSetSize of job (KB)
...
006 (7187347.003.000) 08/26 19:09:26 Image size of job updated: 1174128
	1138  -  MemoryUsage of job (MB)
	1165068  -  ResidentSetSize of job (KB)
...
006 (7187347.003.000) 08/26 19:14:27 Image size of job updated: 1174128
	1138  -  MemoryUsage of job (MB)
	1165284  -  ResidentSetSize of job (KB)
...
006 (7187347.003.000) 08/26 19:19:27 Image size of job updated: 1174128
	1139  -  MemoryUsage of job (MB)
	1166004  -  ResidentSetSize of job (KB)
...
006 (7187347.003.000) 08/26 19:24:29 Image size of job updated: 1174692
	1140  -  MemoryUsage of job (MB)
	1167308  -  ResidentSetSize of job (KB)
...
006 (7187347.003.000) 08/26 19:29:29 Image size of job updated: 1176372
	1143  -  MemoryUsage of job (MB)
	1170064  -  ResidentSetSize of job (KB)
...
006 (7187347.003.000) 08/26 19:34:31 Image size of job updated: 1179776
	1145  -  MemoryUsage of job (MB)
	1171564  -  ResidentSetSize of job (KB)
...
006 (7187347.003.000) 08/26 19:39:31 Image size of job updated: 1182692
	1155  -  MemoryUsage of job (MB)
	1182688  -  ResidentSetSize of job (KB)
...
006 (7187347.003.000) 08/26 19:44:33 Image size of job updated: 1186848
	1155  -  MemoryUsage of job (MB)
	1182688  -  ResidentSetSize of job (KB)
...
006 (7187347.003.000) 08/26 20:14:35 Image size of job updated: 1187100
	1155  -  MemoryUsage of job (MB)
	1182688  -  ResidentSetSize of job (KB)
...
006 (7187347.003.000) 08/26 20:19:36 Image size of job updated: 1192444
	1155  -  MemoryUsage of job (MB)
	1182688  -  ResidentSetSize of job (KB)
...
006 (7187347.003.000) 08/26 20:24:36 Image size of job updated: 1192444
	1157  -  MemoryUsage of job (MB)
	1183928  -  ResidentSetSize of job (KB)
...
006 (7187347.003.000) 08/26 20:29:37 Image size of job updated: 1192444
	1157  -  MemoryUsage of job (MB)
	1184640  -  ResidentSetSize of job (KB)
...
006 (7187347.003.000) 08/26 20:34:38 Image size of job updated: 1192444
	1158  -  MemoryUsage of job (MB)
	1185788  -  ResidentSetSize of job (KB)
...
006 (7187347.003.000) 08/26 20:39:38 Image size of job updated: 1198868
	1161  -  MemoryUsage of job (MB)
	1188040  -  ResidentSetSize of job (KB)
...
006 (7187347.003.000) 08/26 20:44:38 Image size of job updated: 1200572
	1163  -  MemoryUsage of job (MB)
	1190652  -  ResidentSetSize of job (KB)
...
006 (7187347.003.000) 08/26 20:49:39 Image size of job updated: 1203276
	1169  -  MemoryUsage of job (MB)
	1196100  -  ResidentSetSize of job (KB)
...
006 (7187347.003.000) 08/26 20:54:39 Image size of job updated: 1208524
	1172  -  MemoryUsage of job (MB)
	1199720  -  ResidentSetSize of job (KB)
...
006 (7187347.003.000) 08/26 20:59:40 Image size of job updated: 1209028
	1174  -  MemoryUsage of job (MB)
	1201536  -  ResidentSetSize of job (KB)
...
006 (7187347.003.000) 08/26 21:09:41 Image size of job updated: 1211268
	1183  -  MemoryUsage of job (MB)
	1211268  -  ResidentSetSize of job (KB)
...
006 (7187347.003.000) 08/26 21:14:41 Image size of job updated: 1219344
	1189  -  MemoryUsage of job (MB)
	1216652  -  ResidentSetSize of job (KB)
...
006 (7187347.003.000) 08/26 21:34:43 Image size of job updated: 1225276
	1189  -  MemoryUsage of job (MB)
	1216652  -  ResidentSetSize of job (KB)
...
006 (7187347.003.000) 08/26 21:49:44 Image size of job updated: 1225276
	1193  -  MemoryUsage of job (MB)
	1220624  -  ResidentSetSize of job (KB)
...
006 (7187347.003.000) 08/26 21:54:45 Image size of job updated: 1235072
	1198  -  MemoryUsage of job (MB)
	1226312  -  ResidentSetSize of job (KB)
...
006 (7187347.003.000) 08/26 22:04:46 Image size of job updated: 1235072
	1199  -  MemoryUsage of job (MB)
	1227228  -  ResidentSetSize of job (KB)
...
006 (7187347.003.000) 08/26 22:09:46 Image size of job updated: 1235460
	1203  -  MemoryUsage of job (MB)
	1231176  -  ResidentSetSize of job (KB)
...
006 (7187347.003.000) 08/26 22:14:47 Image size of job updated: 1241604
	1205  -  MemoryUsage of job (MB)
	1233732  -  ResidentSetSize of job (KB)
...
006 (7187347.003.000) 08/26 22:19:47 Image size of job updated: 1266104
	1224  -  MemoryUsage of job (MB)
	1253320  -  ResidentSetSize of job (KB)
...
006 (7187347.003.000) 08/26 22:24:48 Image size of job updated: 1318080
	1270  -  MemoryUsage of job (MB)
	1299684  -  ResidentSetSize of job (KB)
...
006 (7187347.003.000) 08/26 22:29:48 Image size of job updated: 1396096
	1346  -  MemoryUsage of job (MB)
	1377908  -  ResidentSetSize of job (KB)
...
006 (7187347.003.000) 08/26 22:34:49 Image size of job updated: 1626788
	1534  -  MemoryUsage of job (MB)
	1570200  -  ResidentSetSize of job (KB)
...
006 (7187347.003.000) 08/26 22:39:49 Image size of job updated: 3751996
	3665  -  MemoryUsage of job (MB)
	3751996  -  ResidentSetSize of job (KB)
...
006 (7187347.003.000) 08/26 22:44:50 Image size of job updated: 3982436
	3890  -  MemoryUsage of job (MB)
	3982436  -  ResidentSetSize of job (KB)
...
006 (7187347.003.000) 08/26 22:49:50 Image size of job updated: 4188644
	4091  -  MemoryUsage of job (MB)
	4188644  -  ResidentSetSize of job (KB)
...
006 (7187347.003.000) 08/26 22:54:51 Image size of job updated: 4352644
	4251  -  MemoryUsage of job (MB)
	4352644  -  ResidentSetSize of job (KB)
...
006 (7187347.003.000) 08/26 22:56:37 Image size of job updated: 4395908
	4251  -  MemoryUsage of job (MB)
	4352644  -  ResidentSetSize of job (KB)
...
040 (7187347.003.000) 08/26 22:56:37 Started transferring output files
...
040 (7187347.003.000) 08/26 22:56:37 Finished transferring output files
...
005 (7187347.003.000) 08/26 22:56:37 Job terminated.
	(1) Normal termination (return value 50)
		Usr 0 07:03:47, Sys 0 00:02:05  -  Run Remote Usage
		Usr 0 00:00:00, Sys 0 00:00:00  -  Run Local Usage
		Usr 0 07:03:47, Sys 0 00:02:05  -  Total Remote Usage
		Usr 0 00:00:00, Sys 0 00:00:00  -  Total Local Usage
	58912  -  Run Bytes Sent By Job
	2945  -  Run Bytes Received By Job
	58912  -  Total Bytes Sent By Job
	2945  -  Total Bytes Received By Job
	Partitionable Resources :      Usage  Request Allocated 
	   Cpus                 :       1.00        1         1 
	   Disk (KB)            : 1442677           3   2933948 
	   Memory (MB)          :    4251        2000      2000 

	Job terminated of its own accord at 2024-08-26T20:56:37Z with exit-code 50.
...
