000 (7187263.001.000) 08/26 07:55:18 Job submitted from host: <137.138.44.55:9618?addrs=137.138.44.55-9618+[2001-1458-d00-1a--48]-9618&alias=bigbird17.cern.ch&noUDP&sock=schedd_23962_8474>
...
040 (7187263.001.000) 08/26 20:36:24 Started transferring input files
	Transferring to host: <188.185.93.155:9618?addrs=188.185.93.155-9618+[2001-1458-d00-6c--100-32f]-9618&alias=b9g57n0182.cern.ch&noUDP&sock=slot1_1_183534_0e60_69876>
...
040 (7187263.001.000) 08/26 20:36:24 Finished transferring input files
...
001 (7187263.001.000) 08/26 20:36:25 Job executing on host: <188.185.93.155:9618?addrs=188.185.93.155-9618+[2001-1458-d00-6c--100-32f]-9618&alias=b9g57n0182.cern.ch&noUDP&sock=startd_153631_aa7e>
	SlotName: slot1_1@b9g57n0182.cern.ch
	AvailableGPUs = { GPUs_GPU_8d43ad94 }
	CondorScratchDir = "/pool/condor/dir_2570188"
	Cpus = 1
	Disk = 334881
	GPUs = 1
	GPUs_GPU_8d43ad94 = [ GlobalMemoryMb = 40326; MaxSupportedVersion = 12040; DriverVersion = 12.4; DeviceUuid = "8d43ad94-828d-2bc1-1e6a-26c0665e1e4d"; DeviceName = "NVIDIA A100-PCIE-40GB"; CoresPerCU = 64; ECCEnabled = true; ComputeUnits = 108; ClockMhz = 1410.0; Id = "GPU-8d43ad94"; DevicePciBusId = "0000:06:00.0"; Capability = 8.0 ]
	Memory = 2000
...
006 (7187263.001.000) 08/26 20:36:34 Image size of job updated: 629616
	347  -  MemoryUsage of job (MB)
	354828  -  ResidentSetSize of job (KB)
...
006 (7187263.001.000) 08/26 20:41:36 Image size of job updated: 3750572
	3663  -  MemoryUsage of job (MB)
	3750572  -  ResidentSetSize of job (KB)
...
006 (7187263.001.000) 08/26 20:44:14 Image size of job updated: 4151424
	3663  -  MemoryUsage of job (MB)
	3750572  -  ResidentSetSize of job (KB)
...
040 (7187263.001.000) 08/26 20:44:14 Started transferring output files
...
040 (7187263.001.000) 08/26 20:44:14 Finished transferring output files
...
005 (7187263.001.000) 08/26 20:44:14 Job terminated.
	(1) Normal termination (return value 50)
		Usr 0 00:06:47, Sys 0 00:00:51  -  Run Remote Usage
		Usr 0 00:00:00, Sys 0 00:00:00  -  Run Local Usage
		Usr 0 00:06:47, Sys 0 00:00:51  -  Total Remote Usage
		Usr 0 00:00:00, Sys 0 00:00:00  -  Total Local Usage
	15670  -  Run Bytes Sent By Job
	2915  -  Run Bytes Received By Job
	15670  -  Total Bytes Sent By Job
	2915  -  Total Bytes Received By Job
	Partitionable Resources :     Usage  Request Allocated Assigned
	   Cpus                 :      1.00        1         1 
	   Disk (KB)            : 909040           3    334881 
	   Gpus (Average)       :      0.00        1         1 "GPU-8d43ad94"
	   GpusMemory (MB)      :   1069                       
	   Memory (MB)          :   3663        2000      2000 

	Job terminated of its own accord at 2024-08-26T18:44:14Z with exit-code 50.
...
