000 (7227816.004.000) 10/02 08:39:19 Job submitted from host: <137.138.44.55:9618?addrs=137.138.44.55-9618+[2001-1458-d00-1a--48]-9618&alias=bigbird17.cern.ch&noUDP&sock=schedd_1981_6134>
...
040 (7227816.004.000) 10/02 22:44:11 Started transferring input files
	Transferring to host: <128.142.248.197:9618?addrs=128.142.248.197-9618+[2001-1458-301-73--100-c4]-9618&alias=b9g23p2961.cern.ch&noUDP&sock=slot1_40_2232953_240b_35860>
...
040 (7227816.004.000) 10/02 22:44:11 Finished transferring input files
...
001 (7227816.004.000) 10/02 22:44:12 Job executing on host: <128.142.248.197:9618?addrs=128.142.248.197-9618+[2001-1458-301-73--100-c4]-9618&alias=b9g23p2961.cern.ch&noUDP&sock=startd_5911_0866>
	SlotName: slot1_40@b9g23p2961.cern.ch
	CondorScratchDir = "/pool/condor/dir_1933243"
	Cpus = 1
	Disk = 3093021
	Memory = 2000
...
006 (7227816.004.000) 10/02 22:44:20 Image size of job updated: 3
	0  -  MemoryUsage of job (MB)
	0  -  ResidentSetSize of job (KB)
...
006 (7227816.004.000) 10/02 22:49:20 Image size of job updated: 1167292
	825  -  MemoryUsage of job (MB)
	844556  -  ResidentSetSize of job (KB)
...
006 (7227816.004.000) 10/02 22:54:21 Image size of job updated: 1167292
	827  -  MemoryUsage of job (MB)
	845844  -  ResidentSetSize of job (KB)
...
006 (7227816.004.000) 10/03 09:10:27 Image size of job updated: 1167292
	842  -  MemoryUsage of job (MB)
	862088  -  ResidentSetSize of job (KB)
...
006 (7227816.004.000) 10/03 09:15:28 Image size of job updated: 1167292
	1054  -  MemoryUsage of job (MB)
	1078424  -  ResidentSetSize of job (KB)
...
006 (7227816.004.000) 10/03 09:20:28 Image size of job updated: 2378440
	2323  -  MemoryUsage of job (MB)
	2378208  -  ResidentSetSize of job (KB)
...
006 (7227816.004.000) 10/03 09:25:29 Image size of job updated: 2791332
	2726  -  MemoryUsage of job (MB)
	2791332  -  ResidentSetSize of job (KB)
...
006 (7227816.004.000) 10/03 09:30:30 Image size of job updated: 3197868
	3123  -  MemoryUsage of job (MB)
	3197616  -  ResidentSetSize of job (KB)
...
006 (7227816.004.000) 10/03 09:35:30 Image size of job updated: 3610192
	3526  -  MemoryUsage of job (MB)
	3610192  -  ResidentSetSize of job (KB)
...
006 (7227816.004.000) 10/03 09:40:31 Image size of job updated: 4036180
	3942  -  MemoryUsage of job (MB)
	4036180  -  ResidentSetSize of job (KB)
...
006 (7227816.004.000) 10/03 09:45:31 Image size of job updated: 4457984
	3942  -  MemoryUsage of job (MB)
	4036324  -  ResidentSetSize of job (KB)
...
040 (7227816.004.000) 10/03 09:48:33 Started transferring output files
...
040 (7227816.004.000) 10/03 09:48:33 Finished transferring output files
...
005 (7227816.004.000) 10/03 09:48:34 Job terminated.
	(1) Normal termination (return value 50)
		Usr 0 10:46:56, Sys 0 00:08:47  -  Run Remote Usage
		Usr 0 00:00:00, Sys 0 00:00:00  -  Run Local Usage
		Usr 0 10:46:56, Sys 0 00:08:47  -  Total Remote Usage
		Usr 0 00:00:00, Sys 0 00:00:00  -  Total Local Usage
	17642  -  Run Bytes Sent By Job
	2438  -  Run Bytes Received By Job
	17642  -  Total Bytes Sent By Job
	2438  -  Total Bytes Received By Job
	Partitionable Resources :      Usage  Request Allocated 
	   Cpus                 :       0.97        1         1 
	   Disk (KB)            : 2891250           3   3093021 
	   Memory (MB)          :    3942        2000      2000 

	Job terminated of its own accord at 2024-10-03T07:48:33Z with exit-code 50.
...
