000 (7187736.004.000) 08/28 06:02:05 Job submitted from host: <137.138.44.55:9618?addrs=137.138.44.55-9618+[2001-1458-d00-1a--48]-9618&alias=bigbird17.cern.ch&noUDP&sock=schedd_23962_8474>
...
040 (7187736.004.000) 08/28 06:31:02 Started transferring input files
	Transferring to host: <188.185.198.111:9618?addrs=188.185.198.111-9618+[2001-1458-303-25--100-6b]-9618&alias=b9p15p4924.cern.ch&noUDP&sock=slot1_50_11906_9a9d_14209>
...
040 (7187736.004.000) 08/28 06:31:02 Finished transferring input files
...
001 (7187736.004.000) 08/28 06:31:03 Job executing on host: <188.185.198.111:9618?addrs=188.185.198.111-9618+[2001-1458-303-25--100-6b]-9618&alias=b9p15p4924.cern.ch&noUDP&sock=startd_11856_ceef>
	SlotName: slot1_50@b9p15p4924.cern.ch
	CondorScratchDir = "/pool/condor/dir_4138230"
	Cpus = 1
	Disk = 3299741
	Memory = 2000
...
006 (7187736.004.000) 08/28 06:31:11 Image size of job updated: 266092
	260  -  MemoryUsage of job (MB)
	265660  -  ResidentSetSize of job (KB)
...
006 (7187736.004.000) 08/28 06:36:11 Image size of job updated: 1074808
	762  -  MemoryUsage of job (MB)
	780092  -  ResidentSetSize of job (KB)
...
006 (7187736.004.000) 08/28 06:41:12 Image size of job updated: 1074808
	938  -  MemoryUsage of job (MB)
	960156  -  ResidentSetSize of job (KB)
...
006 (7187736.004.000) 08/28 06:46:12 Image size of job updated: 1102564
	1077  -  MemoryUsage of job (MB)
	1102564  -  ResidentSetSize of job (KB)
...
006 (7187736.004.000) 08/28 06:51:13 Image size of job updated: 1301520
	1181  -  MemoryUsage of job (MB)
	1208992  -  ResidentSetSize of job (KB)
...
006 (7187736.004.000) 08/28 06:56:13 Image size of job updated: 1398220
	1311  -  MemoryUsage of job (MB)
	1342096  -  ResidentSetSize of job (KB)
...
006 (7187736.004.000) 08/28 07:01:15 Image size of job updated: 1485976
	1448  -  MemoryUsage of job (MB)
	1481936  -  ResidentSetSize of job (KB)
...
006 (7187736.004.000) 08/28 07:06:15 Image size of job updated: 1562344
	1500  -  MemoryUsage of job (MB)
	1535264  -  ResidentSetSize of job (KB)
...
006 (7187736.004.000) 08/28 07:11:15 Image size of job updated: 1675388
	1637  -  MemoryUsage of job (MB)
	1675388  -  ResidentSetSize of job (KB)
...
006 (7187736.004.000) 08/28 07:16:16 Image size of job updated: 1766472
	1726  -  MemoryUsage of job (MB)
	1766472  -  ResidentSetSize of job (KB)
...
006 (7187736.004.000) 08/28 07:21:16 Image size of job updated: 1828056
	1767  -  MemoryUsage of job (MB)
	1808388  -  ResidentSetSize of job (KB)
...
006 (7187736.004.000) 08/28 07:26:17 Image size of job updated: 2063936
	2016  -  MemoryUsage of job (MB)
	2063936  -  ResidentSetSize of job (KB)
...
006 (7187736.004.000) 08/28 07:31:17 Image size of job updated: 2165184
	2041  -  MemoryUsage of job (MB)
	2089572  -  ResidentSetSize of job (KB)
...
006 (7187736.004.000) 08/28 07:36:18 Image size of job updated: 2165184
	2083  -  MemoryUsage of job (MB)
	2132468  -  ResidentSetSize of job (KB)
...
006 (7187736.004.000) 08/28 07:41:18 Image size of job updated: 2388296
	2333  -  MemoryUsage of job (MB)
	2388040  -  ResidentSetSize of job (KB)
...
006 (7187736.004.000) 08/28 07:46:20 Image size of job updated: 4051084
	3957  -  MemoryUsage of job (MB)
	4051084  -  ResidentSetSize of job (KB)
...
006 (7187736.004.000) 08/28 07:51:20 Image size of job updated: 4416256
	4313  -  MemoryUsage of job (MB)
	4416256  -  ResidentSetSize of job (KB)
...
006 (7187736.004.000) 08/28 07:56:20 Image size of job updated: 4682728
	4573  -  MemoryUsage of job (MB)
	4682728  -  ResidentSetSize of job (KB)
...
006 (7187736.004.000) 08/28 08:01:21 Image size of job updated: 4979532
	4863  -  MemoryUsage of job (MB)
	4979532  -  ResidentSetSize of job (KB)
...
006 (7187736.004.000) 08/28 08:06:21 Image size of job updated: 5253732
	5131  -  MemoryUsage of job (MB)
	5253732  -  ResidentSetSize of job (KB)
...
006 (7187736.004.000) 08/28 08:11:22 Image size of job updated: 5536284
	5407  -  MemoryUsage of job (MB)
	5536284  -  ResidentSetSize of job (KB)
...
006 (7187736.004.000) 08/28 08:16:22 Image size of job updated: 5830536
	5694  -  MemoryUsage of job (MB)
	5830536  -  ResidentSetSize of job (KB)
...
006 (7187736.004.000) 08/28 08:21:24 Image size of job updated: 6127944
	5985  -  MemoryUsage of job (MB)
	6127944  -  ResidentSetSize of job (KB)
...
006 (7187736.004.000) 08/28 08:26:24 Image size of job updated: 6453824
	6303  -  MemoryUsage of job (MB)
	6453824  -  ResidentSetSize of job (KB)
...
006 (7187736.004.000) 08/28 08:31:24 Image size of job updated: 6737996
	6581  -  MemoryUsage of job (MB)
	6737996  -  ResidentSetSize of job (KB)
...
006 (7187736.004.000) 08/28 08:36:25 Image size of job updated: 7024588
	6860  -  MemoryUsage of job (MB)
	7024588  -  ResidentSetSize of job (KB)
...
006 (7187736.004.000) 08/28 08:41:25 Image size of job updated: 7321400
	7150  -  MemoryUsage of job (MB)
	7321400  -  ResidentSetSize of job (KB)
...
006 (7187736.004.000) 08/28 08:44:04 Image size of job updated: 7350316
	7150  -  MemoryUsage of job (MB)
	7321400  -  ResidentSetSize of job (KB)
...
040 (7187736.004.000) 08/28 08:44:04 Started transferring output files
...
040 (7187736.004.000) 08/28 08:44:04 Finished transferring output files
...
005 (7187736.004.000) 08/28 08:44:04 Job terminated.
	(1) Normal termination (return value 50)
		Usr 0 02:09:10, Sys 0 00:01:44  -  Run Remote Usage
		Usr 0 00:00:00, Sys 0 00:00:00  -  Run Local Usage
		Usr 0 02:09:10, Sys 0 00:01:44  -  Total Remote Usage
		Usr 0 00:00:00, Sys 0 00:00:00  -  Total Local Usage
	22755  -  Run Bytes Sent By Job
	2944  -  Run Bytes Received By Job
	22755  -  Total Bytes Sent By Job
	2944  -  Total Bytes Received By Job
	Partitionable Resources :      Usage  Request Allocated 
	   Cpus                 :       1.00        1         1 
	   Disk (KB)            : 4062819           3   3299741 
	   Memory (MB)          :    7150        2000      2000 

	Job terminated of its own accord at 2024-08-28T06:44:04Z with exit-code 50.
...
