000 (7217791.001.000) 09/23 13:21:17 Job submitted from host: <137.138.44.55:9618?addrs=137.138.44.55-9618+[2001-1458-d00-1a--48]-9618&alias=bigbird17.cern.ch&noUDP&sock=schedd_1981_6134>
...
040 (7217791.001.000) 09/23 15:03:32 Started transferring input files
	Transferring to host: <188.185.238.11:9618?addrs=188.185.238.11-9618+[2001-1458-303-28--100-7]-9618&alias=b9pgpun003.cern.ch&noUDP&sock=slot1_1_818830_8f4b_29252>
...
040 (7217791.001.000) 09/23 15:03:32 Finished transferring input files
...
001 (7217791.001.000) 09/23 15:03:33 Job executing on host: <188.185.238.11:9618?addrs=188.185.238.11-9618+[2001-1458-303-28--100-7]-9618&alias=b9pgpun003.cern.ch&noUDP&sock=startd_217080_670c>
	SlotName: slot1_1@b9pgpun003.cern.ch
	AvailableGPUs = { GPUs_GPU_485ca3da }
	CondorScratchDir = "/pool/condor/dir_3318855"
	Cpus = 1
	Disk = 6884265
	GPUs = 1
	GPUs_GPU_485ca3da = [ GlobalMemoryMb = 95235; MaxSupportedVersion = 12040; DriverVersion = 12.4; DeviceName = "NVIDIA H100 NVL"; CoresPerCU = 128; ECCEnabled = true; ComputeUnits = 132; ClockMhz = 1785.0; Id = "GPU-485ca3da"; Capability = 9.0; DevicePciBusId = "0000:3A:00.0"; DeviceUuid = "485ca3da-3471-f6d4-291e-91ecf9613abd" ]
	Memory = 2000
...
006 (7217791.001.000) 09/23 15:03:41 Image size of job updated: 2424496
	1857  -  MemoryUsage of job (MB)
	1900880  -  ResidentSetSize of job (KB)
...
006 (7217791.001.000) 09/23 15:08:41 Image size of job updated: 2424496
	2027  -  MemoryUsage of job (MB)
	2075392  -  ResidentSetSize of job (KB)
...
006 (7217791.001.000) 09/23 15:13:42 Image size of job updated: 2424496
	2062  -  MemoryUsage of job (MB)
	2110888  -  ResidentSetSize of job (KB)
...
006 (7217791.001.000) 09/23 15:18:42 Image size of job updated: 2424496
	2080  -  MemoryUsage of job (MB)
	2129792  -  ResidentSetSize of job (KB)
...
006 (7217791.001.000) 09/23 15:23:42 Image size of job updated: 2424496
	2097  -  MemoryUsage of job (MB)
	2146828  -  ResidentSetSize of job (KB)
...
006 (7217791.001.000) 09/23 15:28:43 Image size of job updated: 2424496
	2115  -  MemoryUsage of job (MB)
	2165600  -  ResidentSetSize of job (KB)
...
006 (7217791.001.000) 09/23 15:33:43 Image size of job updated: 2424496
	2139  -  MemoryUsage of job (MB)
	2190204  -  ResidentSetSize of job (KB)
...
006 (7217791.001.000) 09/23 15:38:44 Image size of job updated: 2424496
	2153  -  MemoryUsage of job (MB)
	2204352  -  ResidentSetSize of job (KB)
...
006 (7217791.001.000) 09/23 15:43:44 Image size of job updated: 2424496
	2168  -  MemoryUsage of job (MB)
	2219952  -  ResidentSetSize of job (KB)
...
006 (7217791.001.000) 09/23 15:48:44 Image size of job updated: 2424496
	2180  -  MemoryUsage of job (MB)
	2231988  -  ResidentSetSize of job (KB)
...
006 (7217791.001.000) 09/23 15:53:45 Image size of job updated: 2424496
	2187  -  MemoryUsage of job (MB)
	2239152  -  ResidentSetSize of job (KB)
...
006 (7217791.001.000) 09/23 15:58:45 Image size of job updated: 2424496
	2190  -  MemoryUsage of job (MB)
	2242280  -  ResidentSetSize of job (KB)
...
006 (7217791.001.000) 09/23 16:03:47 Image size of job updated: 2424496
	2191  -  MemoryUsage of job (MB)
	2243564  -  ResidentSetSize of job (KB)
...
006 (7217791.001.000) 09/23 16:08:47 Image size of job updated: 2424496
	2192  -  MemoryUsage of job (MB)
	2244264  -  ResidentSetSize of job (KB)
...
006 (7217791.001.000) 09/23 16:13:47 Image size of job updated: 2424496
	2198  -  MemoryUsage of job (MB)
	2249860  -  ResidentSetSize of job (KB)
...
006 (7217791.001.000) 09/23 16:18:48 Image size of job updated: 2424496
	2207  -  MemoryUsage of job (MB)
	2259556  -  ResidentSetSize of job (KB)
...
006 (7217791.001.000) 09/23 16:23:48 Image size of job updated: 2424496
	2209  -  MemoryUsage of job (MB)
	2261892  -  ResidentSetSize of job (KB)
...
006 (7217791.001.000) 09/23 16:28:49 Image size of job updated: 2424496
	2212  -  MemoryUsage of job (MB)
	2264592  -  ResidentSetSize of job (KB)
...
006 (7217791.001.000) 09/23 16:38:50 Image size of job updated: 2424496
	2215  -  MemoryUsage of job (MB)
	2267628  -  ResidentSetSize of job (KB)
...
006 (7217791.001.000) 09/23 16:43:51 Image size of job updated: 2424496
	2215  -  MemoryUsage of job (MB)
	2267876  -  ResidentSetSize of job (KB)
...
006 (7217791.001.000) 09/23 16:48:51 Image size of job updated: 2424496
	2218  -  MemoryUsage of job (MB)
	2270916  -  ResidentSetSize of job (KB)
...
006 (7217791.001.000) 09/23 16:53:51 Image size of job updated: 2424496
	2221  -  MemoryUsage of job (MB)
	2273648  -  ResidentSetSize of job (KB)
...
006 (7217791.001.000) 09/23 16:58:52 Image size of job updated: 2424496
	2223  -  MemoryUsage of job (MB)
	2276136  -  ResidentSetSize of job (KB)
...
006 (7217791.001.000) 09/23 17:03:52 Image size of job updated: 2424496
	2225  -  MemoryUsage of job (MB)
	2277708  -  ResidentSetSize of job (KB)
...
006 (7217791.001.000) 09/23 17:08:53 Image size of job updated: 2424496
	2227  -  MemoryUsage of job (MB)
	2280212  -  ResidentSetSize of job (KB)
...
006 (7217791.001.000) 09/23 17:13:53 Image size of job updated: 2424496
	2228  -  MemoryUsage of job (MB)
	2280740  -  ResidentSetSize of job (KB)
...
006 (7217791.001.000) 09/23 17:18:53 Image size of job updated: 2424496
	2233  -  MemoryUsage of job (MB)
	2286124  -  ResidentSetSize of job (KB)
...
006 (7217791.001.000) 09/23 17:23:54 Image size of job updated: 2424496
	2234  -  MemoryUsage of job (MB)
	2286752  -  ResidentSetSize of job (KB)
...
006 (7217791.001.000) 09/23 17:28:54 Image size of job updated: 2424496
	2236  -  MemoryUsage of job (MB)
	2288712  -  ResidentSetSize of job (KB)
...
006 (7217791.001.000) 09/23 17:33:55 Image size of job updated: 2424496
	2236  -  MemoryUsage of job (MB)
	2289660  -  ResidentSetSize of job (KB)
...
006 (7217791.001.000) 09/23 17:38:56 Image size of job updated: 2424496
	2237  -  MemoryUsage of job (MB)
	2289840  -  ResidentSetSize of job (KB)
...
006 (7217791.001.000) 09/23 17:43:56 Image size of job updated: 2424496
	2239  -  MemoryUsage of job (MB)
	2292536  -  ResidentSetSize of job (KB)
...
006 (7217791.001.000) 09/23 17:48:57 Image size of job updated: 2424496
	2240  -  MemoryUsage of job (MB)
	2293472  -  ResidentSetSize of job (KB)
...
006 (7217791.001.000) 09/23 17:53:57 Image size of job updated: 2424496
	2243  -  MemoryUsage of job (MB)
	2296080  -  ResidentSetSize of job (KB)
...
006 (7217791.001.000) 09/23 17:58:57 Image size of job updated: 2424496
	2243  -  MemoryUsage of job (MB)
	2296780  -  ResidentSetSize of job (KB)
...
006 (7217791.001.000) 09/23 18:03:58 Image size of job updated: 2424496
	2245  -  MemoryUsage of job (MB)
	2298836  -  ResidentSetSize of job (KB)
...
006 (7217791.001.000) 09/23 18:08:58 Image size of job updated: 2424496
	2254  -  MemoryUsage of job (MB)
	2307784  -  ResidentSetSize of job (KB)
...
006 (7217791.001.000) 09/23 18:34:01 Image size of job updated: 2424496
	2255  -  MemoryUsage of job (MB)
	2308644  -  ResidentSetSize of job (KB)
...
006 (7217791.001.000) 09/23 18:39:01 Image size of job updated: 2424496
	2256  -  MemoryUsage of job (MB)
	2309364  -  ResidentSetSize of job (KB)
...
006 (7217791.001.000) 09/23 18:44:02 Image size of job updated: 2424496
	2257  -  MemoryUsage of job (MB)
	2310848  -  ResidentSetSize of job (KB)
...
006 (7217791.001.000) 09/23 18:49:02 Image size of job updated: 2424496
	2263  -  MemoryUsage of job (MB)
	2317048  -  ResidentSetSize of job (KB)
...
006 (7217791.001.000) 09/23 18:59:04 Image size of job updated: 2424496
	2271  -  MemoryUsage of job (MB)
	2324932  -  ResidentSetSize of job (KB)
...
006 (7217791.001.000) 09/23 19:04:04 Image size of job updated: 2424496
	2272  -  MemoryUsage of job (MB)
	2325808  -  ResidentSetSize of job (KB)
...
006 (7217791.001.000) 09/23 19:19:05 Image size of job updated: 2424496
	2348  -  MemoryUsage of job (MB)
	2403612  -  ResidentSetSize of job (KB)
...
006 (7217791.001.000) 09/23 19:24:06 Image size of job updated: 2552296
	2461  -  MemoryUsage of job (MB)
	2519860  -  ResidentSetSize of job (KB)
...
006 (7217791.001.000) 09/23 19:29:06 Image size of job updated: 2647288
	2569  -  MemoryUsage of job (MB)
	2629920  -  ResidentSetSize of job (KB)
...
006 (7217791.001.000) 09/23 19:34:07 Image size of job updated: 2660600
	2588  -  MemoryUsage of job (MB)
	2649540  -  ResidentSetSize of job (KB)
...
006 (7217791.001.000) 09/23 19:39:08 Image size of job updated: 2673900
	2604  -  MemoryUsage of job (MB)
	2666072  -  ResidentSetSize of job (KB)
...
006 (7217791.001.000) 09/23 19:44:08 Image size of job updated: 2683608
	2615  -  MemoryUsage of job (MB)
	2677276  -  ResidentSetSize of job (KB)
...
006 (7217791.001.000) 09/23 19:49:09 Image size of job updated: 2753144
	2680  -  MemoryUsage of job (MB)
	2743588  -  ResidentSetSize of job (KB)
...
006 (7217791.001.000) 09/23 19:54:09 Image size of job updated: 4550040
	4444  -  MemoryUsage of job (MB)
	4549784  -  ResidentSetSize of job (KB)
...
006 (7217791.001.000) 09/23 19:59:09 Image size of job updated: 5834896
	5699  -  MemoryUsage of job (MB)
	5834896  -  ResidentSetSize of job (KB)
...
006 (7217791.001.000) 09/23 20:04:10 Image size of job updated: 6602832
	6449  -  MemoryUsage of job (MB)
	6602832  -  ResidentSetSize of job (KB)
...
006 (7217791.001.000) 09/23 20:06:11 Image size of job updated: 6874192
	6449  -  MemoryUsage of job (MB)
	6602832  -  ResidentSetSize of job (KB)
...
040 (7217791.001.000) 09/23 20:06:11 Started transferring output files
...
040 (7217791.001.000) 09/23 20:06:11 Finished transferring output files
...
005 (7217791.001.000) 09/23 20:06:11 Job terminated.
	(1) Normal termination (return value 50)
		Usr 0 05:01:35, Sys 0 00:00:57  -  Run Remote Usage
		Usr 0 00:00:00, Sys 0 00:00:00  -  Run Local Usage
		Usr 0 05:01:35, Sys 0 00:00:57  -  Total Remote Usage
		Usr 0 00:00:00, Sys 0 00:00:00  -  Total Local Usage
	22991  -  Run Bytes Sent By Job
	1414  -  Run Bytes Received By Job
	22991  -  Total Bytes Sent By Job
	1414  -  Total Bytes Received By Job
	Partitionable Resources :      Usage  Request Allocated Assigned
	   Cpus                 :       1.00        1         1 
	   Disk (KB)            : 3525493           2   6884265 
	   Gpus (Average)       :       0.00        1         1 "GPU-485ca3da"
	   GpusMemory (MB)      :     599                       
	   Memory (MB)          :    6449        2000      2000 

	Job terminated of its own accord at 2024-09-23T18:06:11Z with exit-code 50.
...
