000 (7217791.003.000) 09/23 13:21:17 Job submitted from host: <137.138.44.55:9618?addrs=137.138.44.55-9618+[2001-1458-d00-1a--48]-9618&alias=bigbird17.cern.ch&noUDP&sock=schedd_1981_6134>
...
040 (7217791.003.000) 09/23 15:09:14 Started transferring input files
	Transferring to host: <188.185.238.12:9618?addrs=188.185.238.12-9618+[2001-1458-303-28--100-8]-9618&alias=b9pgpun001.cern.ch&noUDP&sock=slot1_1_240309_2e05_31949>
...
040 (7217791.003.000) 09/23 15:09:14 Finished transferring input files
...
001 (7217791.003.000) 09/23 15:09:15 Job executing on host: <188.185.238.12:9618?addrs=188.185.238.12-9618+[2001-1458-303-28--100-8]-9618&alias=b9pgpun001.cern.ch&noUDP&sock=startd_240269_20b4>
	SlotName: slot1_1@b9pgpun001.cern.ch
	AvailableGPUs = { GPUs_GPU_ba8f5d65 }
	CondorScratchDir = "/pool/condor/dir_1124029"
	Cpus = 1
	Disk = 6875709
	GPUs = 1
	GPUs_GPU_ba8f5d65 = [ GlobalMemoryMb = 95235; MaxSupportedVersion = 12040; DriverVersion = 12.4; DeviceName = "NVIDIA H100 NVL"; CoresPerCU = 128; ECCEnabled = true; ComputeUnits = 132; ClockMhz = 1785.0; Id = "GPU-ba8f5d65"; Capability = 9.0; DevicePciBusId = "0000:3A:00.0"; DeviceUuid = "ba8f5d65-a6fb-796f-67a2-9d19bc987566" ]
	Memory = 2000
...
006 (7217791.003.000) 09/23 15:09:24 Image size of job updated: 2438256
	1880  -  MemoryUsage of job (MB)
	1924620  -  ResidentSetSize of job (KB)
...
006 (7217791.003.000) 09/23 15:14:25 Image size of job updated: 2438256
	2047  -  MemoryUsage of job (MB)
	2095468  -  ResidentSetSize of job (KB)
...
006 (7217791.003.000) 09/23 15:19:26 Image size of job updated: 2438256
	2074  -  MemoryUsage of job (MB)
	2123736  -  ResidentSetSize of job (KB)
...
006 (7217791.003.000) 09/23 15:24:26 Image size of job updated: 2438256
	2094  -  MemoryUsage of job (MB)
	2143452  -  ResidentSetSize of job (KB)
...
006 (7217791.003.000) 09/23 15:29:27 Image size of job updated: 2438256
	2108  -  MemoryUsage of job (MB)
	2157832  -  ResidentSetSize of job (KB)
...
006 (7217791.003.000) 09/23 15:34:27 Image size of job updated: 2438256
	2126  -  MemoryUsage of job (MB)
	2176332  -  ResidentSetSize of job (KB)
...
006 (7217791.003.000) 09/23 15:39:27 Image size of job updated: 2438256
	2153  -  MemoryUsage of job (MB)
	2204360  -  ResidentSetSize of job (KB)
...
006 (7217791.003.000) 09/23 15:44:28 Image size of job updated: 2438256
	2167  -  MemoryUsage of job (MB)
	2218532  -  ResidentSetSize of job (KB)
...
006 (7217791.003.000) 09/23 15:49:28 Image size of job updated: 2438256
	2176  -  MemoryUsage of job (MB)
	2227904  -  ResidentSetSize of job (KB)
...
006 (7217791.003.000) 09/23 15:54:28 Image size of job updated: 2438256
	2191  -  MemoryUsage of job (MB)
	2242884  -  ResidentSetSize of job (KB)
...
006 (7217791.003.000) 09/23 15:59:29 Image size of job updated: 2438256
	2200  -  MemoryUsage of job (MB)
	2252208  -  ResidentSetSize of job (KB)
...
006 (7217791.003.000) 09/23 16:04:29 Image size of job updated: 2438256
	2208  -  MemoryUsage of job (MB)
	2260264  -  ResidentSetSize of job (KB)
...
006 (7217791.003.000) 09/23 16:09:30 Image size of job updated: 2438256
	2210  -  MemoryUsage of job (MB)
	2262288  -  ResidentSetSize of job (KB)
...
006 (7217791.003.000) 09/23 16:14:30 Image size of job updated: 2438256
	2214  -  MemoryUsage of job (MB)
	2266332  -  ResidentSetSize of job (KB)
...
006 (7217791.003.000) 09/23 16:19:30 Image size of job updated: 2438256
	2214  -  MemoryUsage of job (MB)
	2267112  -  ResidentSetSize of job (KB)
...
006 (7217791.003.000) 09/23 16:24:31 Image size of job updated: 2438256
	2218  -  MemoryUsage of job (MB)
	2270836  -  ResidentSetSize of job (KB)
...
006 (7217791.003.000) 09/23 16:29:31 Image size of job updated: 2438256
	2220  -  MemoryUsage of job (MB)
	2273172  -  ResidentSetSize of job (KB)
...
006 (7217791.003.000) 09/23 16:34:32 Image size of job updated: 2438256
	2222  -  MemoryUsage of job (MB)
	2274480  -  ResidentSetSize of job (KB)
...
006 (7217791.003.000) 09/23 16:39:33 Image size of job updated: 2438256
	2223  -  MemoryUsage of job (MB)
	2275812  -  ResidentSetSize of job (KB)
...
006 (7217791.003.000) 09/23 16:44:33 Image size of job updated: 2438256
	2223  -  MemoryUsage of job (MB)
	2276076  -  ResidentSetSize of job (KB)
...
006 (7217791.003.000) 09/23 16:49:34 Image size of job updated: 2438256
	2224  -  MemoryUsage of job (MB)
	2277084  -  ResidentSetSize of job (KB)
...
006 (7217791.003.000) 09/23 16:54:34 Image size of job updated: 2438256
	2227  -  MemoryUsage of job (MB)
	2279748  -  ResidentSetSize of job (KB)
...
006 (7217791.003.000) 09/23 16:59:34 Image size of job updated: 2438256
	2229  -  MemoryUsage of job (MB)
	2281820  -  ResidentSetSize of job (KB)
...
006 (7217791.003.000) 09/23 17:04:35 Image size of job updated: 2438256
	2231  -  MemoryUsage of job (MB)
	2284412  -  ResidentSetSize of job (KB)
...
006 (7217791.003.000) 09/23 17:09:35 Image size of job updated: 2438256
	2233  -  MemoryUsage of job (MB)
	2285588  -  ResidentSetSize of job (KB)
...
006 (7217791.003.000) 09/23 17:14:36 Image size of job updated: 2438256
	2235  -  MemoryUsage of job (MB)
	2288596  -  ResidentSetSize of job (KB)
...
006 (7217791.003.000) 09/23 17:19:37 Image size of job updated: 2438256
	2236  -  MemoryUsage of job (MB)
	2289040  -  ResidentSetSize of job (KB)
...
006 (7217791.003.000) 09/23 17:24:37 Image size of job updated: 2438256
	2240  -  MemoryUsage of job (MB)
	2293208  -  ResidentSetSize of job (KB)
...
006 (7217791.003.000) 09/23 17:29:38 Image size of job updated: 2438256
	2241  -  MemoryUsage of job (MB)
	2294744  -  ResidentSetSize of job (KB)
...
006 (7217791.003.000) 09/23 17:34:38 Image size of job updated: 2438256
	2244  -  MemoryUsage of job (MB)
	2297012  -  ResidentSetSize of job (KB)
...
006 (7217791.003.000) 09/23 17:39:38 Image size of job updated: 2438256
	2244  -  MemoryUsage of job (MB)
	2297672  -  ResidentSetSize of job (KB)
...
006 (7217791.003.000) 09/23 17:44:39 Image size of job updated: 2438256
	2246  -  MemoryUsage of job (MB)
	2299100  -  ResidentSetSize of job (KB)
...
006 (7217791.003.000) 09/23 17:49:39 Image size of job updated: 2438256
	2248  -  MemoryUsage of job (MB)
	2301352  -  ResidentSetSize of job (KB)
...
006 (7217791.003.000) 09/23 17:54:41 Image size of job updated: 2438256
	2249  -  MemoryUsage of job (MB)
	2302792  -  ResidentSetSize of job (KB)
...
006 (7217791.003.000) 09/23 17:59:41 Image size of job updated: 2438256
	2251  -  MemoryUsage of job (MB)
	2304160  -  ResidentSetSize of job (KB)
...
006 (7217791.003.000) 09/23 18:04:41 Image size of job updated: 2438256
	2252  -  MemoryUsage of job (MB)
	2305428  -  ResidentSetSize of job (KB)
...
006 (7217791.003.000) 09/23 18:09:42 Image size of job updated: 2438256
	2254  -  MemoryUsage of job (MB)
	2307956  -  ResidentSetSize of job (KB)
...
006 (7217791.003.000) 09/23 18:14:42 Image size of job updated: 2438256
	2263  -  MemoryUsage of job (MB)
	2316616  -  ResidentSetSize of job (KB)
...
006 (7217791.003.000) 09/23 18:39:44 Image size of job updated: 2438256
	2263  -  MemoryUsage of job (MB)
	2317180  -  ResidentSetSize of job (KB)
...
006 (7217791.003.000) 09/23 18:44:44 Image size of job updated: 2438256
	2264  -  MemoryUsage of job (MB)
	2317944  -  ResidentSetSize of job (KB)
...
006 (7217791.003.000) 09/23 18:49:45 Image size of job updated: 2438256
	2266  -  MemoryUsage of job (MB)
	2319580  -  ResidentSetSize of job (KB)
...
006 (7217791.003.000) 09/23 18:54:45 Image size of job updated: 2438256
	2272  -  MemoryUsage of job (MB)
	2325772  -  ResidentSetSize of job (KB)
...
006 (7217791.003.000) 09/23 19:04:47 Image size of job updated: 2438256
	2277  -  MemoryUsage of job (MB)
	2331120  -  ResidentSetSize of job (KB)
...
006 (7217791.003.000) 09/23 19:09:47 Image size of job updated: 2438256
	2285  -  MemoryUsage of job (MB)
	2339336  -  ResidentSetSize of job (KB)
...
006 (7217791.003.000) 09/23 19:24:49 Image size of job updated: 2438256
	2358  -  MemoryUsage of job (MB)
	2413976  -  ResidentSetSize of job (KB)
...
006 (7217791.003.000) 09/23 19:29:50 Image size of job updated: 2568124
	2477  -  MemoryUsage of job (MB)
	2536440  -  ResidentSetSize of job (KB)
...
006 (7217791.003.000) 09/23 19:34:50 Image size of job updated: 2663000
	2584  -  MemoryUsage of job (MB)
	2645840  -  ResidentSetSize of job (KB)
...
006 (7217791.003.000) 09/23 19:39:51 Image size of job updated: 2675636
	2604  -  MemoryUsage of job (MB)
	2666300  -  ResidentSetSize of job (KB)
...
006 (7217791.003.000) 09/23 19:44:51 Image size of job updated: 2689564
	2620  -  MemoryUsage of job (MB)
	2682384  -  ResidentSetSize of job (KB)
...
006 (7217791.003.000) 09/23 19:49:51 Image size of job updated: 2697388
	2629  -  MemoryUsage of job (MB)
	2691812  -  ResidentSetSize of job (KB)
...
006 (7217791.003.000) 09/23 19:54:52 Image size of job updated: 2758144
	2684  -  MemoryUsage of job (MB)
	2747928  -  ResidentSetSize of job (KB)
...
006 (7217791.003.000) 09/23 19:59:52 Image size of job updated: 4284704
	4185  -  MemoryUsage of job (MB)
	4284700  -  ResidentSetSize of job (KB)
...
006 (7217791.003.000) 09/23 20:04:54 Image size of job updated: 7031308
	6867  -  MemoryUsage of job (MB)
	7031308  -  ResidentSetSize of job (KB)
...
006 (7217791.003.000) 09/23 20:09:54 Image size of job updated: 7805432
	7623  -  MemoryUsage of job (MB)
	7805432  -  ResidentSetSize of job (KB)
...
006 (7217791.003.000) 09/23 20:11:53 Image size of job updated: 8072440
	7623  -  MemoryUsage of job (MB)
	7805432  -  ResidentSetSize of job (KB)
...
040 (7217791.003.000) 09/23 20:11:53 Started transferring output files
...
040 (7217791.003.000) 09/23 20:11:53 Finished transferring output files
...
005 (7217791.003.000) 09/23 20:11:53 Job terminated.
	(1) Normal termination (return value 50)
		Usr 0 05:01:28, Sys 0 00:00:57  -  Run Remote Usage
		Usr 0 00:00:00, Sys 0 00:00:00  -  Run Local Usage
		Usr 0 05:01:28, Sys 0 00:00:57  -  Total Remote Usage
		Usr 0 00:00:00, Sys 0 00:00:00  -  Total Local Usage
	22993  -  Run Bytes Sent By Job
	1414  -  Run Bytes Received By Job
	22993  -  Total Bytes Sent By Job
	1414  -  Total Bytes Received By Job
	Partitionable Resources :      Usage  Request Allocated Assigned
	   Cpus                 :       0.90        1         1 
	   Disk (KB)            : 3525493           2   6875709 
	   Gpus (Average)       :       0.00        1         1 "GPU-ba8f5d65"
	   GpusMemory (MB)      :     599                       
	   Memory (MB)          :    7623        2000      2000 

	Job terminated of its own accord at 2024-09-23T18:11:53Z with exit-code 50.
...
