000 (7187308.001.000) 08/26 07:55:58 Job submitted from host: <137.138.44.55:9618?addrs=137.138.44.55-9618+[2001-1458-d00-1a--48]-9618&alias=bigbird17.cern.ch&noUDP&sock=schedd_23962_8474>
...
040 (7187308.001.000) 08/26 14:00:52 Started transferring input files
	Transferring to host: <128.142.248.197:9618?addrs=128.142.248.197-9618+[2001-1458-301-73--100-c4]-9618&alias=b9g23p2961.cern.ch&noUDP&sock=slot1_60_7499_794a_4982>
...
040 (7187308.001.000) 08/26 14:00:52 Finished transferring input files
...
001 (7187308.001.000) 08/26 14:00:53 Job executing on host: <128.142.248.197:9618?addrs=128.142.248.197-9618+[2001-1458-301-73--100-c4]-9618&alias=b9g23p2961.cern.ch&noUDP&sock=startd_5911_0866>
	SlotName: slot1_60@b9g23p2961.cern.ch
	CondorScratchDir = "/pool/condor/dir_3877697"
	Cpus = 1
	Disk = 2970500
	Memory = 2000
...
006 (7187308.001.000) 08/26 14:01:02 Image size of job updated: 1249224
	1220  -  MemoryUsage of job (MB)
	1249192  -  ResidentSetSize of job (KB)
...
006 (7187308.001.000) 08/26 14:06:02 Image size of job updated: 1441332
	1233  -  MemoryUsage of job (MB)
	1261640  -  ResidentSetSize of job (KB)
...
006 (7187308.001.000) 08/26 14:16:03 Image size of job updated: 1441332
	1236  -  MemoryUsage of job (MB)
	1265492  -  ResidentSetSize of job (KB)
...
006 (7187308.001.000) 08/26 14:21:04 Image size of job updated: 1441332
	1264  -  MemoryUsage of job (MB)
	1293668  -  ResidentSetSize of job (KB)
...
006 (7187308.001.000) 08/26 14:26:04 Image size of job updated: 1441332
	1299  -  MemoryUsage of job (MB)
	1329964  -  ResidentSetSize of job (KB)
...
006 (7187308.001.000) 08/26 14:31:05 Image size of job updated: 1441332
	1353  -  MemoryUsage of job (MB)
	1384908  -  ResidentSetSize of job (KB)
...
006 (7187308.001.000) 08/26 14:36:06 Image size of job updated: 1441332
	1398  -  MemoryUsage of job (MB)
	1430544  -  ResidentSetSize of job (KB)
...
006 (7187308.001.000) 08/26 14:41:06 Image size of job updated: 1510132
	1455  -  MemoryUsage of job (MB)
	1488988  -  ResidentSetSize of job (KB)
...
006 (7187308.001.000) 08/26 14:46:07 Image size of job updated: 1549648
	1477  -  MemoryUsage of job (MB)
	1511668  -  ResidentSetSize of job (KB)
...
006 (7187308.001.000) 08/26 14:51:08 Image size of job updated: 1549648
	1491  -  MemoryUsage of job (MB)
	1526280  -  ResidentSetSize of job (KB)
...
006 (7187308.001.000) 08/26 14:56:08 Image size of job updated: 1572188
	1525  -  MemoryUsage of job (MB)
	1561072  -  ResidentSetSize of job (KB)
...
006 (7187308.001.000) 08/26 15:01:08 Image size of job updated: 1642948
	1588  -  MemoryUsage of job (MB)
	1625744  -  ResidentSetSize of job (KB)
...
006 (7187308.001.000) 08/26 15:06:09 Image size of job updated: 1685532
	1637  -  MemoryUsage of job (MB)
	1676216  -  ResidentSetSize of job (KB)
...
006 (7187308.001.000) 08/26 15:11:09 Image size of job updated: 1744908
	1696  -  MemoryUsage of job (MB)
	1736032  -  ResidentSetSize of job (KB)
...
006 (7187308.001.000) 08/26 15:16:09 Image size of job updated: 1793560
	1746  -  MemoryUsage of job (MB)
	1787560  -  ResidentSetSize of job (KB)
...
006 (7187308.001.000) 08/26 15:21:09 Image size of job updated: 1863460
	1812  -  MemoryUsage of job (MB)
	1855116  -  ResidentSetSize of job (KB)
...
006 (7187308.001.000) 08/26 15:26:10 Image size of job updated: 1896292
	1846  -  MemoryUsage of job (MB)
	1889828  -  ResidentSetSize of job (KB)
...
006 (7187308.001.000) 08/26 15:31:10 Image size of job updated: 1935524
	1884  -  MemoryUsage of job (MB)
	1928556  -  ResidentSetSize of job (KB)
...
006 (7187308.001.000) 08/26 15:36:10 Image size of job updated: 1972264
	1917  -  MemoryUsage of job (MB)
	1962076  -  ResidentSetSize of job (KB)
...
006 (7187308.001.000) 08/26 15:41:11 Image size of job updated: 2013028
	1958  -  MemoryUsage of job (MB)
	2004796  -  ResidentSetSize of job (KB)
...
006 (7187308.001.000) 08/26 15:46:12 Image size of job updated: 2046876
	1993  -  MemoryUsage of job (MB)
	2040584  -  ResidentSetSize of job (KB)
...
006 (7187308.001.000) 08/26 15:51:12 Image size of job updated: 2077128
	2021  -  MemoryUsage of job (MB)
	2069432  -  ResidentSetSize of job (KB)
...
006 (7187308.001.000) 08/26 15:56:13 Image size of job updated: 2110652
	2047  -  MemoryUsage of job (MB)
	2095656  -  ResidentSetSize of job (KB)
...
006 (7187308.001.000) 08/26 16:01:13 Image size of job updated: 2137384
	2059  -  MemoryUsage of job (MB)
	2107684  -  ResidentSetSize of job (KB)
...
006 (7187308.001.000) 08/26 16:06:14 Image size of job updated: 2183728
	2132  -  MemoryUsage of job (MB)
	2182572  -  ResidentSetSize of job (KB)
...
006 (7187308.001.000) 08/26 16:11:15 Image size of job updated: 2232164
	2172  -  MemoryUsage of job (MB)
	2223624  -  ResidentSetSize of job (KB)
...
006 (7187308.001.000) 08/26 16:16:15 Image size of job updated: 2248380
	2191  -  MemoryUsage of job (MB)
	2242988  -  ResidentSetSize of job (KB)
...
006 (7187308.001.000) 08/26 16:21:16 Image size of job updated: 2290932
	2227  -  MemoryUsage of job (MB)
	2279492  -  ResidentSetSize of job (KB)
...
006 (7187308.001.000) 08/26 16:26:16 Image size of job updated: 2320676
	2266  -  MemoryUsage of job (MB)
	2319640  -  ResidentSetSize of job (KB)
...
006 (7187308.001.000) 08/26 16:31:16 Image size of job updated: 2364020
	2309  -  MemoryUsage of job (MB)
	2364020  -  ResidentSetSize of job (KB)
...
006 (7187308.001.000) 08/26 16:36:17 Image size of job updated: 2450064
	2383  -  MemoryUsage of job (MB)
	2439336  -  ResidentSetSize of job (KB)
...
006 (7187308.001.000) 08/26 16:41:17 Image size of job updated: 2501568
	2431  -  MemoryUsage of job (MB)
	2488808  -  ResidentSetSize of job (KB)
...
006 (7187308.001.000) 08/26 16:46:18 Image size of job updated: 2584052
	2514  -  MemoryUsage of job (MB)
	2573436  -  ResidentSetSize of job (KB)
...
006 (7187308.001.000) 08/26 16:51:18 Image size of job updated: 2633160
	2561  -  MemoryUsage of job (MB)
	2622104  -  ResidentSetSize of job (KB)
...
006 (7187308.001.000) 08/26 16:56:19 Image size of job updated: 2677476
	2610  -  MemoryUsage of job (MB)
	2672152  -  ResidentSetSize of job (KB)
...
006 (7187308.001.000) 08/26 17:01:20 Image size of job updated: 2742904
	2658  -  MemoryUsage of job (MB)
	2721348  -  ResidentSetSize of job (KB)
...
006 (7187308.001.000) 08/26 17:06:20 Image size of job updated: 2824044
	2747  -  MemoryUsage of job (MB)
	2811948  -  ResidentSetSize of job (KB)
...
006 (7187308.001.000) 08/26 17:11:21 Image size of job updated: 2898624
	2826  -  MemoryUsage of job (MB)
	2892880  -  ResidentSetSize of job (KB)
...
006 (7187308.001.000) 08/26 17:16:21 Image size of job updated: 2976060
	2893  -  MemoryUsage of job (MB)
	2961920  -  ResidentSetSize of job (KB)
...
006 (7187308.001.000) 08/26 17:21:22 Image size of job updated: 3026288
	2948  -  MemoryUsage of job (MB)
	3018276  -  ResidentSetSize of job (KB)
...
006 (7187308.001.000) 08/26 17:26:22 Image size of job updated: 3070784
	2979  -  MemoryUsage of job (MB)
	3049704  -  ResidentSetSize of job (KB)
...
006 (7187308.001.000) 08/26 17:31:23 Image size of job updated: 3079248
	2984  -  MemoryUsage of job (MB)
	3055564  -  ResidentSetSize of job (KB)
...
006 (7187308.001.000) 08/26 19:51:35 Image size of job updated: 3278120
	3191  -  MemoryUsage of job (MB)
	3266684  -  ResidentSetSize of job (KB)
...
006 (7187308.001.000) 08/26 19:56:36 Image size of job updated: 3577528
	3494  -  MemoryUsage of job (MB)
	3577476  -  ResidentSetSize of job (KB)
...
006 (7187308.001.000) 08/26 20:01:37 Image size of job updated: 3683408
	3579  -  MemoryUsage of job (MB)
	3664424  -  ResidentSetSize of job (KB)
...
006 (7187308.001.000) 08/26 20:06:37 Image size of job updated: 4078392
	3983  -  MemoryUsage of job (MB)
	4078392  -  ResidentSetSize of job (KB)
...
006 (7187308.001.000) 08/26 20:11:38 Image size of job updated: 4119844
	3984  -  MemoryUsage of job (MB)
	4078648  -  ResidentSetSize of job (KB)
...
006 (7187308.001.000) 08/26 20:16:39 Image size of job updated: 4508000
	4403  -  MemoryUsage of job (MB)
	4508000  -  ResidentSetSize of job (KB)
...
006 (7187308.001.000) 08/26 20:21:39 Image size of job updated: 4827540
	4715  -  MemoryUsage of job (MB)
	4827440  -  ResidentSetSize of job (KB)
...
006 (7187308.001.000) 08/26 20:26:39 Image size of job updated: 5305720
	5182  -  MemoryUsage of job (MB)
	5305720  -  ResidentSetSize of job (KB)
...
006 (7187308.001.000) 08/26 20:31:40 Image size of job updated: 5795412
	5660  -  MemoryUsage of job (MB)
	5795412  -  ResidentSetSize of job (KB)
...
006 (7187308.001.000) 08/26 20:36:40 Image size of job updated: 6247088
	6101  -  MemoryUsage of job (MB)
	6247088  -  ResidentSetSize of job (KB)
...
006 (7187308.001.000) 08/26 20:41:41 Image size of job updated: 6698984
	6542  -  MemoryUsage of job (MB)
	6698984  -  ResidentSetSize of job (KB)
...
006 (7187308.001.000) 08/26 20:46:41 Image size of job updated: 7156384
	6989  -  MemoryUsage of job (MB)
	7156384  -  ResidentSetSize of job (KB)
...
006 (7187308.001.000) 08/26 20:51:42 Image size of job updated: 7623772
	7446  -  MemoryUsage of job (MB)
	7623772  -  ResidentSetSize of job (KB)
...
006 (7187308.001.000) 08/26 20:56:42 Image size of job updated: 8099340
	7910  -  MemoryUsage of job (MB)
	8099340  -  ResidentSetSize of job (KB)
...
006 (7187308.001.000) 08/26 21:01:43 Image size of job updated: 8483932
	8286  -  MemoryUsage of job (MB)
	8483932  -  ResidentSetSize of job (KB)
...
006 (7187308.001.000) 08/26 21:06:44 Image size of job updated: 8946588
	8737  -  MemoryUsage of job (MB)
	8946588  -  ResidentSetSize of job (KB)
...
006 (7187308.001.000) 08/26 21:11:44 Image size of job updated: 9397040
	9177  -  MemoryUsage of job (MB)
	9397040  -  ResidentSetSize of job (KB)
...
006 (7187308.001.000) 08/26 21:16:45 Image size of job updated: 9886592
	9655  -  MemoryUsage of job (MB)
	9886592  -  ResidentSetSize of job (KB)
...
006 (7187308.001.000) 08/26 21:21:45 Image size of job updated: 10368268
	10126  -  MemoryUsage of job (MB)
	10368268  -  ResidentSetSize of job (KB)
...
006 (7187308.001.000) 08/26 21:26:46 Image size of job updated: 10807612
	10126  -  MemoryUsage of job (MB)
	10368780  -  ResidentSetSize of job (KB)
...
040 (7187308.001.000) 08/26 21:28:57 Started transferring output files
...
040 (7187308.001.000) 08/26 21:28:58 Finished transferring output files
...
005 (7187308.001.000) 08/26 21:28:58 Job terminated.
	(1) Normal termination (return value 50)
		Usr 0 07:22:42, Sys 0 00:05:31  -  Run Remote Usage
		Usr 0 00:00:00, Sys 0 00:00:00  -  Run Local Usage
		Usr 0 07:22:42, Sys 0 00:05:31  -  Total Remote Usage
		Usr 0 00:00:00, Sys 0 00:00:00  -  Total Local Usage
	21604  -  Run Bytes Sent By Job
	2934  -  Run Bytes Received By Job
	21604  -  Total Bytes Sent By Job
	2934  -  Total Bytes Received By Job
	Partitionable Resources :      Usage  Request Allocated 
	   Cpus                 :       1.00        1         1 
	   Disk (KB)            : 7915185           3   2970500 
	   Memory (MB)          :   10126        2000      2000 

	Job terminated of its own accord at 2024-08-26T19:28:57Z with exit-code 50.
...
