000 (7187308.007.000) 08/26 07:55:58 Job submitted from host: <137.138.44.55:9618?addrs=137.138.44.55-9618+[2001-1458-d00-1a--48]-9618&alias=bigbird17.cern.ch&noUDP&sock=schedd_23962_8474>
...
040 (7187308.007.000) 08/26 14:10:43 Started transferring input files
	Transferring to host: <128.142.248.197:9618?addrs=128.142.248.197-9618+[2001-1458-301-73--100-c4]-9618&alias=b9g23p2961.cern.ch&noUDP&sock=slot1_15_7499_794a_4993>
...
040 (7187308.007.000) 08/26 14:10:43 Finished transferring input files
...
001 (7187308.007.000) 08/26 14:10:45 Job executing on host: <128.142.248.197:9618?addrs=128.142.248.197-9618+[2001-1458-301-73--100-c4]-9618&alias=b9g23p2961.cern.ch&noUDP&sock=startd_5911_0866>
	SlotName: slot1_15@b9g23p2961.cern.ch
	CondorScratchDir = "/pool/condor/dir_4035926"
	Cpus = 1
	Disk = 2984323
	Memory = 2000
...
006 (7187308.007.000) 08/26 14:10:55 Image size of job updated: 1366888
	1335  -  MemoryUsage of job (MB)
	1366852  -  ResidentSetSize of job (KB)
...
006 (7187308.007.000) 08/26 14:15:55 Image size of job updated: 1441156
	1344  -  MemoryUsage of job (MB)
	1376096  -  ResidentSetSize of job (KB)
...
006 (7187308.007.000) 08/26 14:40:59 Image size of job updated: 1441156
	1363  -  MemoryUsage of job (MB)
	1395632  -  ResidentSetSize of job (KB)
...
006 (7187308.007.000) 08/26 14:45:59 Image size of job updated: 1459864
	1416  -  MemoryUsage of job (MB)
	1449472  -  ResidentSetSize of job (KB)
...
006 (7187308.007.000) 08/26 14:51:00 Image size of job updated: 1535116
	1481  -  MemoryUsage of job (MB)
	1516252  -  ResidentSetSize of job (KB)
...
006 (7187308.007.000) 08/26 14:56:00 Image size of job updated: 1550900
	1500  -  MemoryUsage of job (MB)
	1535236  -  ResidentSetSize of job (KB)
...
006 (7187308.007.000) 08/26 15:01:01 Image size of job updated: 1550900
	1513  -  MemoryUsage of job (MB)
	1548296  -  ResidentSetSize of job (KB)
...
006 (7187308.007.000) 08/26 15:06:01 Image size of job updated: 1615644
	1578  -  MemoryUsage of job (MB)
	1615644  -  ResidentSetSize of job (KB)
...
006 (7187308.007.000) 08/26 15:11:02 Image size of job updated: 1658252
	1613  -  MemoryUsage of job (MB)
	1651492  -  ResidentSetSize of job (KB)
...
006 (7187308.007.000) 08/26 15:16:02 Image size of job updated: 1723108
	1654  -  MemoryUsage of job (MB)
	1693124  -  ResidentSetSize of job (KB)
...
006 (7187308.007.000) 08/26 15:21:03 Image size of job updated: 1781928
	1740  -  MemoryUsage of job (MB)
	1781212  -  ResidentSetSize of job (KB)
...
006 (7187308.007.000) 08/26 15:26:04 Image size of job updated: 1842588
	1794  -  MemoryUsage of job (MB)
	1836564  -  ResidentSetSize of job (KB)
...
006 (7187308.007.000) 08/26 15:31:05 Image size of job updated: 1884680
	1835  -  MemoryUsage of job (MB)
	1878448  -  ResidentSetSize of job (KB)
...
006 (7187308.007.000) 08/26 15:36:05 Image size of job updated: 1923464
	1875  -  MemoryUsage of job (MB)
	1919328  -  ResidentSetSize of job (KB)
...
006 (7187308.007.000) 08/26 15:41:06 Image size of job updated: 1960896
	1906  -  MemoryUsage of job (MB)
	1951284  -  ResidentSetSize of job (KB)
...
006 (7187308.007.000) 08/26 15:46:06 Image size of job updated: 1992056
	1936  -  MemoryUsage of job (MB)
	1982344  -  ResidentSetSize of job (KB)
...
006 (7187308.007.000) 08/26 15:51:07 Image size of job updated: 2037236
	1988  -  MemoryUsage of job (MB)
	2034788  -  ResidentSetSize of job (KB)
...
006 (7187308.007.000) 08/26 15:56:07 Image size of job updated: 2066416
	2011  -  MemoryUsage of job (MB)
	2058860  -  ResidentSetSize of job (KB)
...
006 (7187308.007.000) 08/26 16:01:08 Image size of job updated: 2113080
	2049  -  MemoryUsage of job (MB)
	2098144  -  ResidentSetSize of job (KB)
...
006 (7187308.007.000) 08/26 16:06:08 Image size of job updated: 2140340
	2065  -  MemoryUsage of job (MB)
	2114028  -  ResidentSetSize of job (KB)
...
006 (7187308.007.000) 08/26 16:11:08 Image size of job updated: 2175072
	2112  -  MemoryUsage of job (MB)
	2161668  -  ResidentSetSize of job (KB)
...
006 (7187308.007.000) 08/26 16:16:09 Image size of job updated: 2207288
	2151  -  MemoryUsage of job (MB)
	2202032  -  ResidentSetSize of job (KB)
...
006 (7187308.007.000) 08/26 16:21:10 Image size of job updated: 2245288
	2187  -  MemoryUsage of job (MB)
	2239380  -  ResidentSetSize of job (KB)
...
006 (7187308.007.000) 08/26 16:26:10 Image size of job updated: 2276376
	2214  -  MemoryUsage of job (MB)
	2266148  -  ResidentSetSize of job (KB)
...
006 (7187308.007.000) 08/26 16:31:11 Image size of job updated: 2313028
	2249  -  MemoryUsage of job (MB)
	2302648  -  ResidentSetSize of job (KB)
...
006 (7187308.007.000) 08/26 16:36:12 Image size of job updated: 2352816
	2291  -  MemoryUsage of job (MB)
	2345748  -  ResidentSetSize of job (KB)
...
006 (7187308.007.000) 08/26 16:41:12 Image size of job updated: 2424524
	2361  -  MemoryUsage of job (MB)
	2416876  -  ResidentSetSize of job (KB)
...
006 (7187308.007.000) 08/26 16:46:12 Image size of job updated: 2489500
	2425  -  MemoryUsage of job (MB)
	2482232  -  ResidentSetSize of job (KB)
...
006 (7187308.007.000) 08/26 16:51:12 Image size of job updated: 2550552
	2483  -  MemoryUsage of job (MB)
	2541988  -  ResidentSetSize of job (KB)
...
006 (7187308.007.000) 08/26 16:56:13 Image size of job updated: 2625288
	2552  -  MemoryUsage of job (MB)
	2613220  -  ResidentSetSize of job (KB)
...
006 (7187308.007.000) 08/26 17:01:14 Image size of job updated: 2666288
	2596  -  MemoryUsage of job (MB)
	2657764  -  ResidentSetSize of job (KB)
...
006 (7187308.007.000) 08/26 17:06:15 Image size of job updated: 2710556
	2640  -  MemoryUsage of job (MB)
	2702768  -  ResidentSetSize of job (KB)
...
006 (7187308.007.000) 08/26 17:11:16 Image size of job updated: 2793792
	2714  -  MemoryUsage of job (MB)
	2778676  -  ResidentSetSize of job (KB)
...
006 (7187308.007.000) 08/26 17:16:16 Image size of job updated: 2876328
	2804  -  MemoryUsage of job (MB)
	2870800  -  ResidentSetSize of job (KB)
...
006 (7187308.007.000) 08/26 17:21:16 Image size of job updated: 2949868
	2866  -  MemoryUsage of job (MB)
	2934004  -  ResidentSetSize of job (KB)
...
006 (7187308.007.000) 08/26 17:26:16 Image size of job updated: 3009668
	2921  -  MemoryUsage of job (MB)
	2990492  -  ResidentSetSize of job (KB)
...
006 (7187308.007.000) 08/26 17:31:17 Image size of job updated: 3045112
	2966  -  MemoryUsage of job (MB)
	3036308  -  ResidentSetSize of job (KB)
...
006 (7187308.007.000) 08/26 17:36:17 Image size of job updated: 3051168
	2966  -  MemoryUsage of job (MB)
	3036308  -  ResidentSetSize of job (KB)
...
006 (7187308.007.000) 08/26 19:36:29 Image size of job updated: 3061936
	2982  -  MemoryUsage of job (MB)
	3052580  -  ResidentSetSize of job (KB)
...
006 (7187308.007.000) 08/26 19:41:29 Image size of job updated: 3187748
	3056  -  MemoryUsage of job (MB)
	3128572  -  ResidentSetSize of job (KB)
...
006 (7187308.007.000) 08/26 19:46:29 Image size of job updated: 3187748
	3056  -  MemoryUsage of job (MB)
	3128828  -  ResidentSetSize of job (KB)
...
006 (7187308.007.000) 08/26 19:56:30 Image size of job updated: 3256216
	3139  -  MemoryUsage of job (MB)
	3213896  -  ResidentSetSize of job (KB)
...
006 (7187308.007.000) 08/26 20:01:31 Image size of job updated: 3482372
	3396  -  MemoryUsage of job (MB)
	3477112  -  ResidentSetSize of job (KB)
...
006 (7187308.007.000) 08/26 20:06:31 Image size of job updated: 3675172
	3534  -  MemoryUsage of job (MB)
	3618684  -  ResidentSetSize of job (KB)
...
006 (7187308.007.000) 08/26 20:11:32 Image size of job updated: 3953220
	3861  -  MemoryUsage of job (MB)
	3953220  -  ResidentSetSize of job (KB)
...
006 (7187308.007.000) 08/26 20:16:33 Image size of job updated: 4143964
	3861  -  MemoryUsage of job (MB)
	3953476  -  ResidentSetSize of job (KB)
...
006 (7187308.007.000) 08/26 20:21:33 Image size of job updated: 4411236
	4308  -  MemoryUsage of job (MB)
	4411236  -  ResidentSetSize of job (KB)
...
006 (7187308.007.000) 08/26 20:26:33 Image size of job updated: 4887232
	4773  -  MemoryUsage of job (MB)
	4887232  -  ResidentSetSize of job (KB)
...
006 (7187308.007.000) 08/26 20:31:34 Image size of job updated: 5351480
	5227  -  MemoryUsage of job (MB)
	5351480  -  ResidentSetSize of job (KB)
...
006 (7187308.007.000) 08/26 20:36:34 Image size of job updated: 5816484
	5681  -  MemoryUsage of job (MB)
	5816484  -  ResidentSetSize of job (KB)
...
006 (7187308.007.000) 08/26 20:41:35 Image size of job updated: 6273676
	6127  -  MemoryUsage of job (MB)
	6273676  -  ResidentSetSize of job (KB)
...
006 (7187308.007.000) 08/26 20:46:35 Image size of job updated: 6739256
	6582  -  MemoryUsage of job (MB)
	6739256  -  ResidentSetSize of job (KB)
...
006 (7187308.007.000) 08/26 20:51:36 Image size of job updated: 7209044
	7041  -  MemoryUsage of job (MB)
	7209044  -  ResidentSetSize of job (KB)
...
006 (7187308.007.000) 08/26 20:56:36 Image size of job updated: 7672448
	7493  -  MemoryUsage of job (MB)
	7672448  -  ResidentSetSize of job (KB)
...
006 (7187308.007.000) 08/26 21:01:37 Image size of job updated: 8127640
	7938  -  MemoryUsage of job (MB)
	8127640  -  ResidentSetSize of job (KB)
...
006 (7187308.007.000) 08/26 21:06:37 Image size of job updated: 8569776
	8369  -  MemoryUsage of job (MB)
	8569776  -  ResidentSetSize of job (KB)
...
006 (7187308.007.000) 08/26 21:11:38 Image size of job updated: 9014492
	8804  -  MemoryUsage of job (MB)
	9014492  -  ResidentSetSize of job (KB)
...
006 (7187308.007.000) 08/26 21:16:38 Image size of job updated: 9441852
	9221  -  MemoryUsage of job (MB)
	9441852  -  ResidentSetSize of job (KB)
...
006 (7187308.007.000) 08/26 21:21:38 Image size of job updated: 9915152
	9683  -  MemoryUsage of job (MB)
	9915152  -  ResidentSetSize of job (KB)
...
006 (7187308.007.000) 08/26 21:26:39 Image size of job updated: 10359280
	10117  -  MemoryUsage of job (MB)
	10359280  -  ResidentSetSize of job (KB)
...
006 (7187308.007.000) 08/26 21:31:39 Image size of job updated: 10781164
	10529  -  MemoryUsage of job (MB)
	10781164  -  ResidentSetSize of job (KB)
...
006 (7187308.007.000) 08/26 21:35:57 Image size of job updated: 10986160
	10529  -  MemoryUsage of job (MB)
	10781420  -  ResidentSetSize of job (KB)
...
040 (7187308.007.000) 08/26 21:35:58 Started transferring output files
...
040 (7187308.007.000) 08/26 21:35:58 Finished transferring output files
...
005 (7187308.007.000) 08/26 21:35:58 Job terminated.
	(1) Normal termination (return value 50)
		Usr 0 07:19:55, Sys 0 00:05:29  -  Run Remote Usage
		Usr 0 00:00:00, Sys 0 00:00:00  -  Run Local Usage
		Usr 0 07:19:55, Sys 0 00:05:29  -  Total Remote Usage
		Usr 0 00:00:00, Sys 0 00:00:00  -  Total Local Usage
	21606  -  Run Bytes Sent By Job
	2934  -  Run Bytes Received By Job
	21606  -  Total Bytes Sent By Job
	2934  -  Total Bytes Received By Job
	Partitionable Resources :      Usage  Request Allocated 
	   Cpus                 :       0.99        1         1 
	   Disk (KB)            : 8033438           3   2984323 
	   Memory (MB)          :   10529        2000      2000 

	Job terminated of its own accord at 2024-08-26T19:35:57Z with exit-code 50.
...
