000 (7187308.003.000) 08/26 07:55:58 Job submitted from host: <137.138.44.55:9618?addrs=137.138.44.55-9618+[2001-1458-d00-1a--48]-9618&alias=bigbird17.cern.ch&noUDP&sock=schedd_23962_8474>
...
040 (7187308.003.000) 08/26 14:01:38 Started transferring input files
	Transferring to host: <128.142.248.197:9618?addrs=128.142.248.197-9618+[2001-1458-301-73--100-c4]-9618&alias=b9g23p2961.cern.ch&noUDP&sock=slot1_36_7499_794a_4985>
...
040 (7187308.003.000) 08/26 14:01:38 Finished transferring input files
...
001 (7187308.003.000) 08/26 14:01:39 Job executing on host: <128.142.248.197:9618?addrs=128.142.248.197-9618+[2001-1458-301-73--100-c4]-9618&alias=b9g23p2961.cern.ch&noUDP&sock=startd_5911_0866>
	SlotName: slot1_36@b9g23p2961.cern.ch
	CondorScratchDir = "/pool/condor/dir_3903110"
	Cpus = 1
	Disk = 2976749
	Memory = 2000
...
006 (7187308.003.000) 08/26 14:01:47 Image size of job updated: 1058840
	1034  -  MemoryUsage of job (MB)
	1058780  -  ResidentSetSize of job (KB)
...
006 (7187308.003.000) 08/26 14:06:48 Image size of job updated: 1435232
	1151  -  MemoryUsage of job (MB)
	1178196  -  ResidentSetSize of job (KB)
...
006 (7187308.003.000) 08/26 14:11:48 Image size of job updated: 1435232
	1203  -  MemoryUsage of job (MB)
	1231672  -  ResidentSetSize of job (KB)
...
006 (7187308.003.000) 08/26 14:16:49 Image size of job updated: 1435232
	1246  -  MemoryUsage of job (MB)
	1275116  -  ResidentSetSize of job (KB)
...
006 (7187308.003.000) 08/26 14:21:49 Image size of job updated: 1435232
	1261  -  MemoryUsage of job (MB)
	1290656  -  ResidentSetSize of job (KB)
...
006 (7187308.003.000) 08/26 14:26:49 Image size of job updated: 1435232
	1293  -  MemoryUsage of job (MB)
	1323236  -  ResidentSetSize of job (KB)
...
006 (7187308.003.000) 08/26 14:31:50 Image size of job updated: 1435232
	1346  -  MemoryUsage of job (MB)
	1378264  -  ResidentSetSize of job (KB)
...
006 (7187308.003.000) 08/26 14:36:50 Image size of job updated: 1435232
	1394  -  MemoryUsage of job (MB)
	1426968  -  ResidentSetSize of job (KB)
...
006 (7187308.003.000) 08/26 14:41:51 Image size of job updated: 1503532
	1468  -  MemoryUsage of job (MB)
	1502228  -  ResidentSetSize of job (KB)
...
006 (7187308.003.000) 08/26 14:46:51 Image size of job updated: 1542684
	1471  -  MemoryUsage of job (MB)
	1506280  -  ResidentSetSize of job (KB)
...
006 (7187308.003.000) 08/26 14:51:52 Image size of job updated: 1542684
	1490  -  MemoryUsage of job (MB)
	1525272  -  ResidentSetSize of job (KB)
...
006 (7187308.003.000) 08/26 14:56:52 Image size of job updated: 1573804
	1527  -  MemoryUsage of job (MB)
	1562728  -  ResidentSetSize of job (KB)
...
006 (7187308.003.000) 08/26 15:01:53 Image size of job updated: 1636316
	1585  -  MemoryUsage of job (MB)
	1622204  -  ResidentSetSize of job (KB)
...
006 (7187308.003.000) 08/26 15:06:53 Image size of job updated: 1684848
	1623  -  MemoryUsage of job (MB)
	1661664  -  ResidentSetSize of job (KB)
...
006 (7187308.003.000) 08/26 15:11:53 Image size of job updated: 1747908
	1693  -  MemoryUsage of job (MB)
	1732796  -  ResidentSetSize of job (KB)
...
006 (7187308.003.000) 08/26 15:16:54 Image size of job updated: 1786840
	1733  -  MemoryUsage of job (MB)
	1773632  -  ResidentSetSize of job (KB)
...
006 (7187308.003.000) 08/26 15:21:54 Image size of job updated: 1856120
	1806  -  MemoryUsage of job (MB)
	1848688  -  ResidentSetSize of job (KB)
...
006 (7187308.003.000) 08/26 15:26:55 Image size of job updated: 1889556
	1830  -  MemoryUsage of job (MB)
	1873784  -  ResidentSetSize of job (KB)
...
006 (7187308.003.000) 08/26 15:31:55 Image size of job updated: 1924096
	1876  -  MemoryUsage of job (MB)
	1920820  -  ResidentSetSize of job (KB)
...
006 (7187308.003.000) 08/26 15:36:55 Image size of job updated: 1965424
	1911  -  MemoryUsage of job (MB)
	1956264  -  ResidentSetSize of job (KB)
...
006 (7187308.003.000) 08/26 15:41:56 Image size of job updated: 2005204
	1952  -  MemoryUsage of job (MB)
	1997900  -  ResidentSetSize of job (KB)
...
006 (7187308.003.000) 08/26 15:46:56 Image size of job updated: 2039820
	1986  -  MemoryUsage of job (MB)
	2033180  -  ResidentSetSize of job (KB)
...
006 (7187308.003.000) 08/26 15:51:57 Image size of job updated: 2066940
	2012  -  MemoryUsage of job (MB)
	2060056  -  ResidentSetSize of job (KB)
...
006 (7187308.003.000) 08/26 15:56:58 Image size of job updated: 2103556
	2040  -  MemoryUsage of job (MB)
	2088584  -  ResidentSetSize of job (KB)
...
006 (7187308.003.000) 08/26 16:01:59 Image size of job updated: 2130252
	2062  -  MemoryUsage of job (MB)
	2111288  -  ResidentSetSize of job (KB)
...
006 (7187308.003.000) 08/26 16:07:00 Image size of job updated: 2176700
	2119  -  MemoryUsage of job (MB)
	2169176  -  ResidentSetSize of job (KB)
...
006 (7187308.003.000) 08/26 16:12:00 Image size of job updated: 2225100
	2165  -  MemoryUsage of job (MB)
	2216464  -  ResidentSetSize of job (KB)
...
006 (7187308.003.000) 08/26 16:17:01 Image size of job updated: 2241468
	2184  -  MemoryUsage of job (MB)
	2235568  -  ResidentSetSize of job (KB)
...
006 (7187308.003.000) 08/26 16:22:02 Image size of job updated: 2276644
	2218  -  MemoryUsage of job (MB)
	2270264  -  ResidentSetSize of job (KB)
...
006 (7187308.003.000) 08/26 16:27:02 Image size of job updated: 2313672
	2253  -  MemoryUsage of job (MB)
	2307044  -  ResidentSetSize of job (KB)
...
006 (7187308.003.000) 08/26 16:32:03 Image size of job updated: 2357532
	2293  -  MemoryUsage of job (MB)
	2347676  -  ResidentSetSize of job (KB)
...
006 (7187308.003.000) 08/26 16:37:03 Image size of job updated: 2432020
	2367  -  MemoryUsage of job (MB)
	2423532  -  ResidentSetSize of job (KB)
...
006 (7187308.003.000) 08/26 16:42:03 Image size of job updated: 2494216
	2430  -  MemoryUsage of job (MB)
	2487680  -  ResidentSetSize of job (KB)
...
006 (7187308.003.000) 08/26 16:47:03 Image size of job updated: 2566644
	2504  -  MemoryUsage of job (MB)
	2563708  -  ResidentSetSize of job (KB)
...
006 (7187308.003.000) 08/26 16:52:04 Image size of job updated: 2617160
	2556  -  MemoryUsage of job (MB)
	2617160  -  ResidentSetSize of job (KB)
...
006 (7187308.003.000) 08/26 16:57:04 Image size of job updated: 2662920
	2584  -  MemoryUsage of job (MB)
	2645444  -  ResidentSetSize of job (KB)
...
006 (7187308.003.000) 08/26 17:02:04 Image size of job updated: 2704380
	2612  -  MemoryUsage of job (MB)
	2673752  -  ResidentSetSize of job (KB)
...
006 (7187308.003.000) 08/26 17:07:04 Image size of job updated: 2795244
	2724  -  MemoryUsage of job (MB)
	2789372  -  ResidentSetSize of job (KB)
...
006 (7187308.003.000) 08/26 17:12:05 Image size of job updated: 2881452
	2807  -  MemoryUsage of job (MB)
	2873468  -  ResidentSetSize of job (KB)
...
006 (7187308.003.000) 08/26 17:17:05 Image size of job updated: 2962664
	2875  -  MemoryUsage of job (MB)
	2943540  -  ResidentSetSize of job (KB)
...
006 (7187308.003.000) 08/26 17:22:06 Image size of job updated: 3011236
	2936  -  MemoryUsage of job (MB)
	3005756  -  ResidentSetSize of job (KB)
...
006 (7187308.003.000) 08/26 17:27:07 Image size of job updated: 3055312
	2976  -  MemoryUsage of job (MB)
	3046412  -  ResidentSetSize of job (KB)
...
006 (7187308.003.000) 08/26 17:32:08 Image size of job updated: 3060304
	2976  -  MemoryUsage of job (MB)
	3046412  -  ResidentSetSize of job (KB)
...
006 (7187308.003.000) 08/26 19:32:22 Image size of job updated: 3080108
	3008  -  MemoryUsage of job (MB)
	3080108  -  ResidentSetSize of job (KB)
...
006 (7187308.003.000) 08/26 19:37:23 Image size of job updated: 3133516
	3009  -  MemoryUsage of job (MB)
	3080364  -  ResidentSetSize of job (KB)
...
006 (7187308.003.000) 08/26 19:52:24 Image size of job updated: 3246472
	3171  -  MemoryUsage of job (MB)
	3246472  -  ResidentSetSize of job (KB)
...
006 (7187308.003.000) 08/26 19:57:25 Image size of job updated: 3559840
	3451  -  MemoryUsage of job (MB)
	3533704  -  ResidentSetSize of job (KB)
...
006 (7187308.003.000) 08/26 20:02:26 Image size of job updated: 3676212
	3528  -  MemoryUsage of job (MB)
	3612048  -  ResidentSetSize of job (KB)
...
006 (7187308.003.000) 08/26 20:07:26 Image size of job updated: 4029820
	3936  -  MemoryUsage of job (MB)
	4029820  -  ResidentSetSize of job (KB)
...
006 (7187308.003.000) 08/26 20:12:27 Image size of job updated: 4105780
	3936  -  MemoryUsage of job (MB)
	4030076  -  ResidentSetSize of job (KB)
...
006 (7187308.003.000) 08/26 20:17:28 Image size of job updated: 4473508
	4369  -  MemoryUsage of job (MB)
	4473508  -  ResidentSetSize of job (KB)
...
006 (7187308.003.000) 08/26 20:22:28 Image size of job updated: 4922472
	4808  -  MemoryUsage of job (MB)
	4922472  -  ResidentSetSize of job (KB)
...
006 (7187308.003.000) 08/26 20:27:29 Image size of job updated: 5383728
	5258  -  MemoryUsage of job (MB)
	5383728  -  ResidentSetSize of job (KB)
...
006 (7187308.003.000) 08/26 20:32:30 Image size of job updated: 5836828
	5701  -  MemoryUsage of job (MB)
	5836828  -  ResidentSetSize of job (KB)
...
006 (7187308.003.000) 08/26 20:37:30 Image size of job updated: 6288792
	6142  -  MemoryUsage of job (MB)
	6288792  -  ResidentSetSize of job (KB)
...
006 (7187308.003.000) 08/26 20:42:31 Image size of job updated: 6740368
	6583  -  MemoryUsage of job (MB)
	6740368  -  ResidentSetSize of job (KB)
...
006 (7187308.003.000) 08/26 20:47:31 Image size of job updated: 7206636
	7038  -  MemoryUsage of job (MB)
	7206636  -  ResidentSetSize of job (KB)
...
006 (7187308.003.000) 08/26 20:52:32 Image size of job updated: 7667504
	7488  -  MemoryUsage of job (MB)
	7667504  -  ResidentSetSize of job (KB)
...
006 (7187308.003.000) 08/26 20:57:32 Image size of job updated: 8135288
	7945  -  MemoryUsage of job (MB)
	8135288  -  ResidentSetSize of job (KB)
...
006 (7187308.003.000) 08/26 21:02:33 Image size of job updated: 8537320
	8338  -  MemoryUsage of job (MB)
	8537320  -  ResidentSetSize of job (KB)
...
006 (7187308.003.000) 08/26 21:07:34 Image size of job updated: 8951592
	8742  -  MemoryUsage of job (MB)
	8951592  -  ResidentSetSize of job (KB)
...
006 (7187308.003.000) 08/26 21:12:34 Image size of job updated: 9310500
	9093  -  MemoryUsage of job (MB)
	9310500  -  ResidentSetSize of job (KB)
...
006 (7187308.003.000) 08/26 21:17:35 Image size of job updated: 9682048
	9456  -  MemoryUsage of job (MB)
	9682048  -  ResidentSetSize of job (KB)
...
006 (7187308.003.000) 08/26 21:22:35 Image size of job updated: 10132800
	9896  -  MemoryUsage of job (MB)
	10132800  -  ResidentSetSize of job (KB)
...
006 (7187308.003.000) 08/26 21:27:36 Image size of job updated: 10503492
	10258  -  MemoryUsage of job (MB)
	10503492  -  ResidentSetSize of job (KB)
...
006 (7187308.003.000) 08/26 21:32:36 Image size of job updated: 10926976
	10671  -  MemoryUsage of job (MB)
	10926976  -  ResidentSetSize of job (KB)
...
006 (7187308.003.000) 08/26 21:35:10 Image size of job updated: 10965380
	10672  -  MemoryUsage of job (MB)
	10927232  -  ResidentSetSize of job (KB)
...
040 (7187308.003.000) 08/26 21:35:10 Started transferring output files
...
040 (7187308.003.000) 08/26 21:35:10 Finished transferring output files
...
005 (7187308.003.000) 08/26 21:35:11 Job terminated.
	(1) Normal termination (return value 50)
		Usr 0 07:28:06, Sys 0 00:05:31  -  Run Remote Usage
		Usr 0 00:00:00, Sys 0 00:00:00  -  Run Local Usage
		Usr 0 07:28:06, Sys 0 00:05:31  -  Total Remote Usage
		Usr 0 00:00:00, Sys 0 00:00:00  -  Total Local Usage
	21600  -  Run Bytes Sent By Job
	2934  -  Run Bytes Received By Job
	21600  -  Total Bytes Sent By Job
	2934  -  Total Bytes Received By Job
	Partitionable Resources :      Usage  Request Allocated 
	   Cpus                 :       1.00        1         1 
	   Disk (KB)            : 8199537           3   2976749 
	   Memory (MB)          :   10672        2000      2000 

	Job terminated of its own accord at 2024-08-26T19:35:10Z with exit-code 50.
...
