000 (7187308.004.000) 08/26 07:55:58 Job submitted from host: <137.138.44.55:9618?addrs=137.138.44.55-9618+[2001-1458-d00-1a--48]-9618&alias=bigbird17.cern.ch&noUDP&sock=schedd_23962_8474>
...
040 (7187308.004.000) 08/26 14:01:47 Started transferring input files
	Transferring to host: <128.142.248.197:9618?addrs=128.142.248.197-9618+[2001-1458-301-73--100-c4]-9618&alias=b9g23p2961.cern.ch&noUDP&sock=slot1_20_7499_794a_4986>
...
040 (7187308.004.000) 08/26 14:01:47 Finished transferring input files
...
001 (7187308.004.000) 08/26 14:01:48 Job executing on host: <128.142.248.197:9618?addrs=128.142.248.197-9618+[2001-1458-301-73--100-c4]-9618&alias=b9g23p2961.cern.ch&noUDP&sock=startd_5911_0866>
	SlotName: slot1_20@b9g23p2961.cern.ch
	CondorScratchDir = "/pool/condor/dir_3919563"
	Cpus = 1
	Disk = 2979428
	Memory = 2000
...
006 (7187308.004.000) 08/26 14:01:58 Image size of job updated: 1296352
	1266  -  MemoryUsage of job (MB)
	1296288  -  ResidentSetSize of job (KB)
...
006 (7187308.004.000) 08/26 14:06:58 Image size of job updated: 1454636
	1281  -  MemoryUsage of job (MB)
	1311588  -  ResidentSetSize of job (KB)
...
006 (7187308.004.000) 08/26 14:21:59 Image size of job updated: 1454636
	1292  -  MemoryUsage of job (MB)
	1322560  -  ResidentSetSize of job (KB)
...
006 (7187308.004.000) 08/26 14:27:00 Image size of job updated: 1454636
	1317  -  MemoryUsage of job (MB)
	1348336  -  ResidentSetSize of job (KB)
...
006 (7187308.004.000) 08/26 14:32:01 Image size of job updated: 1454636
	1365  -  MemoryUsage of job (MB)
	1396856  -  ResidentSetSize of job (KB)
...
006 (7187308.004.000) 08/26 14:37:01 Image size of job updated: 1454636
	1413  -  MemoryUsage of job (MB)
	1446180  -  ResidentSetSize of job (KB)
...
006 (7187308.004.000) 08/26 14:42:02 Image size of job updated: 1523912
	1471  -  MemoryUsage of job (MB)
	1505300  -  ResidentSetSize of job (KB)
...
006 (7187308.004.000) 08/26 14:47:02 Image size of job updated: 1563096
	1491  -  MemoryUsage of job (MB)
	1526700  -  ResidentSetSize of job (KB)
...
006 (7187308.004.000) 08/26 14:52:02 Image size of job updated: 1563096
	1513  -  MemoryUsage of job (MB)
	1548424  -  ResidentSetSize of job (KB)
...
006 (7187308.004.000) 08/26 14:57:02 Image size of job updated: 1588792
	1535  -  MemoryUsage of job (MB)
	1570916  -  ResidentSetSize of job (KB)
...
006 (7187308.004.000) 08/26 15:02:03 Image size of job updated: 1656528
	1602  -  MemoryUsage of job (MB)
	1640288  -  ResidentSetSize of job (KB)
...
006 (7187308.004.000) 08/26 15:07:03 Image size of job updated: 1698840
	1651  -  MemoryUsage of job (MB)
	1689924  -  ResidentSetSize of job (KB)
...
006 (7187308.004.000) 08/26 15:12:04 Image size of job updated: 1768152
	1714  -  MemoryUsage of job (MB)
	1754716  -  ResidentSetSize of job (KB)
...
006 (7187308.004.000) 08/26 15:17:04 Image size of job updated: 1807460
	1748  -  MemoryUsage of job (MB)
	1789744  -  ResidentSetSize of job (KB)
...
006 (7187308.004.000) 08/26 15:22:05 Image size of job updated: 1876420
	1826  -  MemoryUsage of job (MB)
	1868988  -  ResidentSetSize of job (KB)
...
006 (7187308.004.000) 08/26 15:27:05 Image size of job updated: 1909288
	1860  -  MemoryUsage of job (MB)
	1903700  -  ResidentSetSize of job (KB)
...
006 (7187308.004.000) 08/26 15:32:06 Image size of job updated: 1949208
	1900  -  MemoryUsage of job (MB)
	1944964  -  ResidentSetSize of job (KB)
...
006 (7187308.004.000) 08/26 15:37:06 Image size of job updated: 1986324
	1933  -  MemoryUsage of job (MB)
	1978672  -  ResidentSetSize of job (KB)
...
006 (7187308.004.000) 08/26 15:42:07 Image size of job updated: 2027188
	1973  -  MemoryUsage of job (MB)
	2020048  -  ResidentSetSize of job (KB)
...
006 (7187308.004.000) 08/26 15:47:07 Image size of job updated: 2060844
	2007  -  MemoryUsage of job (MB)
	2054644  -  ResidentSetSize of job (KB)
...
006 (7187308.004.000) 08/26 15:52:08 Image size of job updated: 2092740
	2042  -  MemoryUsage of job (MB)
	2090316  -  ResidentSetSize of job (KB)
...
006 (7187308.004.000) 08/26 15:57:08 Image size of job updated: 2124444
	2066  -  MemoryUsage of job (MB)
	2114756  -  ResidentSetSize of job (KB)
...
006 (7187308.004.000) 08/26 16:02:09 Image size of job updated: 2150580
	2088  -  MemoryUsage of job (MB)
	2137700  -  ResidentSetSize of job (KB)
...
006 (7187308.004.000) 08/26 16:07:10 Image size of job updated: 2200256
	2143  -  MemoryUsage of job (MB)
	2193704  -  ResidentSetSize of job (KB)
...
006 (7187308.004.000) 08/26 16:12:10 Image size of job updated: 2245248
	2185  -  MemoryUsage of job (MB)
	2237260  -  ResidentSetSize of job (KB)
...
006 (7187308.004.000) 08/26 16:17:11 Image size of job updated: 2262372
	2209  -  MemoryUsage of job (MB)
	2261272  -  ResidentSetSize of job (KB)
...
006 (7187308.004.000) 08/26 16:22:12 Image size of job updated: 2306660
	2242  -  MemoryUsage of job (MB)
	2294972  -  ResidentSetSize of job (KB)
...
006 (7187308.004.000) 08/26 16:27:12 Image size of job updated: 2344056
	2280  -  MemoryUsage of job (MB)
	2334716  -  ResidentSetSize of job (KB)
...
006 (7187308.004.000) 08/26 16:32:13 Image size of job updated: 2389980
	2317  -  MemoryUsage of job (MB)
	2371800  -  ResidentSetSize of job (KB)
...
006 (7187308.004.000) 08/26 16:37:13 Image size of job updated: 2466560
	2401  -  MemoryUsage of job (MB)
	2457604  -  ResidentSetSize of job (KB)
...
006 (7187308.004.000) 08/26 16:42:13 Image size of job updated: 2526212
	2457  -  MemoryUsage of job (MB)
	2515680  -  ResidentSetSize of job (KB)
...
006 (7187308.004.000) 08/26 16:47:14 Image size of job updated: 2601716
	2533  -  MemoryUsage of job (MB)
	2593788  -  ResidentSetSize of job (KB)
...
006 (7187308.004.000) 08/26 16:52:15 Image size of job updated: 2649836
	2579  -  MemoryUsage of job (MB)
	2640664  -  ResidentSetSize of job (KB)
...
006 (7187308.004.000) 08/26 16:57:16 Image size of job updated: 2705352
	2634  -  MemoryUsage of job (MB)
	2696416  -  ResidentSetSize of job (KB)
...
006 (7187308.004.000) 08/26 17:02:16 Image size of job updated: 2755832
	2667  -  MemoryUsage of job (MB)
	2730856  -  ResidentSetSize of job (KB)
...
006 (7187308.004.000) 08/26 17:07:17 Image size of job updated: 2841400
	2767  -  MemoryUsage of job (MB)
	2832388  -  ResidentSetSize of job (KB)
...
006 (7187308.004.000) 08/26 17:12:17 Image size of job updated: 2917968
	2824  -  MemoryUsage of job (MB)
	2890836  -  ResidentSetSize of job (KB)
...
006 (7187308.004.000) 08/26 17:17:18 Image size of job updated: 2988668
	2910  -  MemoryUsage of job (MB)
	2978880  -  ResidentSetSize of job (KB)
...
006 (7187308.004.000) 08/26 17:22:18 Image size of job updated: 3043328
	2967  -  MemoryUsage of job (MB)
	3037272  -  ResidentSetSize of job (KB)
...
006 (7187308.004.000) 08/26 17:27:19 Image size of job updated: 3099408
	3017  -  MemoryUsage of job (MB)
	3089292  -  ResidentSetSize of job (KB)
...
006 (7187308.004.000) 08/26 17:32:20 Image size of job updated: 3099740
	3018  -  MemoryUsage of job (MB)
	3089548  -  ResidentSetSize of job (KB)
...
006 (7187308.004.000) 08/26 19:32:32 Image size of job updated: 3151436
	3044  -  MemoryUsage of job (MB)
	3116828  -  ResidentSetSize of job (KB)
...
006 (7187308.004.000) 08/26 19:37:33 Image size of job updated: 3151516
	3071  -  MemoryUsage of job (MB)
	3144124  -  ResidentSetSize of job (KB)
...
006 (7187308.004.000) 08/26 19:42:33 Image size of job updated: 3151516
	3071  -  MemoryUsage of job (MB)
	3144380  -  ResidentSetSize of job (KB)
...
006 (7187308.004.000) 08/26 19:47:33 Image size of job updated: 3216444
	3142  -  MemoryUsage of job (MB)
	3216444  -  ResidentSetSize of job (KB)
...
006 (7187308.004.000) 08/26 19:52:33 Image size of job updated: 3479496
	3398  -  MemoryUsage of job (MB)
	3479496  -  ResidentSetSize of job (KB)
...
006 (7187308.004.000) 08/26 19:57:34 Image size of job updated: 3779772
	3656  -  MemoryUsage of job (MB)
	3743000  -  ResidentSetSize of job (KB)
...
006 (7187308.004.000) 08/26 20:02:34 Image size of job updated: 3793204
	3696  -  MemoryUsage of job (MB)
	3783924  -  ResidentSetSize of job (KB)
...
006 (7187308.004.000) 08/26 20:07:34 Image size of job updated: 4113884
	3696  -  MemoryUsage of job (MB)
	3783940  -  ResidentSetSize of job (KB)
...
006 (7187308.004.000) 08/26 20:12:35 Image size of job updated: 4183452
	4086  -  MemoryUsage of job (MB)
	4183452  -  ResidentSetSize of job (KB)
...
006 (7187308.004.000) 08/26 20:17:35 Image size of job updated: 4651832
	4543  -  MemoryUsage of job (MB)
	4651832  -  ResidentSetSize of job (KB)
...
006 (7187308.004.000) 08/26 20:22:35 Image size of job updated: 5128784
	5009  -  MemoryUsage of job (MB)
	5128784  -  ResidentSetSize of job (KB)
...
006 (7187308.004.000) 08/26 20:27:36 Image size of job updated: 5609268
	5478  -  MemoryUsage of job (MB)
	5609268  -  ResidentSetSize of job (KB)
...
006 (7187308.004.000) 08/26 20:32:37 Image size of job updated: 6062080
	5920  -  MemoryUsage of job (MB)
	6062080  -  ResidentSetSize of job (KB)
...
006 (7187308.004.000) 08/26 20:37:38 Image size of job updated: 6517288
	6365  -  MemoryUsage of job (MB)
	6517288  -  ResidentSetSize of job (KB)
...
006 (7187308.004.000) 08/26 20:42:39 Image size of job updated: 6996508
	6833  -  MemoryUsage of job (MB)
	6996508  -  ResidentSetSize of job (KB)
...
006 (7187308.004.000) 08/26 20:47:39 Image size of job updated: 7430436
	7257  -  MemoryUsage of job (MB)
	7430436  -  ResidentSetSize of job (KB)
...
006 (7187308.004.000) 08/26 20:52:40 Image size of job updated: 7887844
	7703  -  MemoryUsage of job (MB)
	7887844  -  ResidentSetSize of job (KB)
...
006 (7187308.004.000) 08/26 20:57:41 Image size of job updated: 8356660
	8161  -  MemoryUsage of job (MB)
	8356660  -  ResidentSetSize of job (KB)
...
006 (7187308.004.000) 08/26 21:02:41 Image size of job updated: 8801580
	8596  -  MemoryUsage of job (MB)
	8801580  -  ResidentSetSize of job (KB)
...
006 (7187308.004.000) 08/26 21:07:42 Image size of job updated: 9251660
	9035  -  MemoryUsage of job (MB)
	9251660  -  ResidentSetSize of job (KB)
...
006 (7187308.004.000) 08/26 21:12:42 Image size of job updated: 9695064
	9468  -  MemoryUsage of job (MB)
	9695064  -  ResidentSetSize of job (KB)
...
006 (7187308.004.000) 08/26 21:17:43 Image size of job updated: 10133180
	9896  -  MemoryUsage of job (MB)
	10133180  -  ResidentSetSize of job (KB)
...
006 (7187308.004.000) 08/26 21:22:43 Image size of job updated: 10596956
	10349  -  MemoryUsage of job (MB)
	10596956  -  ResidentSetSize of job (KB)
...
006 (7187308.004.000) 08/26 21:27:44 Image size of job updated: 10990668
	10349  -  MemoryUsage of job (MB)
	10597212  -  ResidentSetSize of job (KB)
...
040 (7187308.004.000) 08/26 21:29:31 Started transferring output files
...
040 (7187308.004.000) 08/26 21:29:31 Finished transferring output files
...
005 (7187308.004.000) 08/26 21:29:31 Job terminated.
	(1) Normal termination (return value 50)
		Usr 0 07:22:21, Sys 0 00:05:29  -  Run Remote Usage
		Usr 0 00:00:00, Sys 0 00:00:00  -  Run Local Usage
		Usr 0 07:22:21, Sys 0 00:05:29  -  Total Remote Usage
		Usr 0 00:00:00, Sys 0 00:00:00  -  Total Local Usage
	21600  -  Run Bytes Sent By Job
	2934  -  Run Bytes Received By Job
	21600  -  Total Bytes Sent By Job
	2934  -  Total Bytes Received By Job
	Partitionable Resources :      Usage  Request Allocated 
	   Cpus                 :       1.00        1         1 
	   Disk (KB)            : 7915185           3   2979428 
	   Memory (MB)          :   10349        2000      2000 

	Job terminated of its own accord at 2024-08-26T19:29:30Z with exit-code 50.
...
