000 (7216739.002.000) 09/18 03:15:05 Job submitted from host: <137.138.44.55:9618?addrs=137.138.44.55-9618+[2001-1458-d00-1a--48]-9618&alias=bigbird17.cern.ch&noUDP&sock=schedd_1981_6134>
...
040 (7216739.002.000) 09/18 03:16:04 Started transferring input files
	Transferring to host: <188.185.93.208:9618?addrs=188.185.93.208-9618+[2001-1458-d00-6c--100-e9]-9618&alias=b9g57n3665.cern.ch&noUDP&sock=slot1_1_14828_6ad4_125084>
...
040 (7216739.002.000) 09/18 03:16:04 Finished transferring input files
...
001 (7216739.002.000) 09/18 03:16:05 Job executing on host: <188.185.93.208:9618?addrs=188.185.93.208-9618+[2001-1458-d00-6c--100-e9]-9618&alias=b9g57n3665.cern.ch&noUDP&sock=startd_13612_473d>
	SlotName: slot1_1@b9g57n3665.cern.ch
	AvailableGPUs = { GPUs_GPU_836178fb }
	CondorScratchDir = "/pool/condor/dir_8529"
	Cpus = 1
	Disk = 306235
	GPUs = 1
	GPUs_GPU_836178fb = [ GlobalMemoryMb = 40326; MaxSupportedVersion = 12040; DriverVersion = 12.4; DeviceUuid = "836178fb-b193-b354-8ad9-dc95f395b443"; DeviceName = "NVIDIA A100-PCIE-40GB"; CoresPerCU = 64; ECCEnabled = true; ComputeUnits = 108; ClockMhz = 1410.0; Id = "GPU-836178fb"; DevicePciBusId = "0000:06:00.0"; Capability = 8.0 ]
	Memory = 2000
...
006 (7216739.002.000) 09/18 03:16:15 Image size of job updated: 2053428
	2006  -  MemoryUsage of job (MB)
	2053332  -  ResidentSetSize of job (KB)
...
006 (7216739.002.000) 09/18 03:21:15 Image size of job updated: 2681488
	2467  -  MemoryUsage of job (MB)
	2525784  -  ResidentSetSize of job (KB)
...
006 (7216739.002.000) 09/18 03:26:16 Image size of job updated: 2989284
	2769  -  MemoryUsage of job (MB)
	2835088  -  ResidentSetSize of job (KB)
...
006 (7216739.002.000) 09/18 03:31:15 Image size of job updated: 3175468
	3037  -  MemoryUsage of job (MB)
	3108928  -  ResidentSetSize of job (KB)
...
006 (7216739.002.000) 09/18 03:36:16 Image size of job updated: 3302760
	3070  -  MemoryUsage of job (MB)
	3143596  -  ResidentSetSize of job (KB)
...
006 (7216739.002.000) 09/18 03:41:16 Image size of job updated: 3626244
	3434  -  MemoryUsage of job (MB)
	3515592  -  ResidentSetSize of job (KB)
...
006 (7216739.002.000) 09/18 03:46:17 Image size of job updated: 4013340
	3892  -  MemoryUsage of job (MB)
	3985136  -  ResidentSetSize of job (KB)
...
006 (7216739.002.000) 09/18 03:51:17 Image size of job updated: 4879716
	4546  -  MemoryUsage of job (MB)
	4654496  -  ResidentSetSize of job (KB)
...
006 (7216739.002.000) 09/18 03:55:16 Image size of job updated: 7502036
	4546  -  MemoryUsage of job (MB)
	4654496  -  ResidentSetSize of job (KB)
...
040 (7216739.002.000) 09/18 03:55:16 Started transferring output files
...
040 (7216739.002.000) 09/18 03:55:16 Finished transferring output files
...
005 (7216739.002.000) 09/18 03:55:16 Job terminated.
	(1) Normal termination (return value 50)
		Usr 0 00:19:24, Sys 0 00:11:38  -  Run Remote Usage
		Usr 0 00:00:00, Sys 0 00:00:00  -  Run Local Usage
		Usr 0 00:19:24, Sys 0 00:11:38  -  Total Remote Usage
		Usr 0 00:00:00, Sys 0 00:00:00  -  Total Local Usage
	70933  -  Run Bytes Sent By Job
	2930  -  Run Bytes Received By Job
	70933  -  Total Bytes Sent By Job
	2930  -  Total Bytes Received By Job
	Partitionable Resources :      Usage  Request Allocated Assigned
	   Cpus                 :       1.00        1         1 
	   Disk (KB)            : 3662402           3    306235 
	   Gpus (Average)       :       0.03        1         1 "GPU-836178fb"
	   GpusMemory (MB)      :    1913                       
	   Memory (MB)          :    4546        2000      2000 

	Job terminated of its own accord at 2024-09-18T01:55:16Z with exit-code 50.
...
