000 (7197998.002.000) 09/06 11:06:22 Job submitted from host: <137.138.44.55:9618?addrs=137.138.44.55-9618+[2001-1458-d00-1a--48]-9618&alias=bigbird17.cern.ch&noUDP&sock=schedd_23962_8474>
...
040 (7197998.002.000) 09/06 11:55:11 Started transferring input files
	Transferring to host: <188.185.198.111:9618?addrs=188.185.198.111-9618+[2001-1458-303-25--100-6b]-9618&alias=b9p15p4924.cern.ch&noUDP&sock=slot1_56_11906_9a9d_21693>
...
040 (7197998.002.000) 09/06 11:55:11 Finished transferring input files
...
001 (7197998.002.000) 09/06 11:55:12 Job executing on host: <188.185.198.111:9618?addrs=188.185.198.111-9618+[2001-1458-303-25--100-6b]-9618&alias=b9p15p4924.cern.ch&noUDP&sock=startd_11856_ceef>
	SlotName: slot1_56@b9p15p4924.cern.ch
	CondorScratchDir = "/pool/condor/dir_4046476"
	Cpus = 1
	Disk = 3259354
	Memory = 2000
...
006 (7197998.002.000) 09/06 11:55:22 Image size of job updated: 612132
	598  -  MemoryUsage of job (MB)
	611884  -  ResidentSetSize of job (KB)
...
006 (7197998.002.000) 09/06 12:00:23 Image size of job updated: 794416
	600  -  MemoryUsage of job (MB)
	613520  -  ResidentSetSize of job (KB)
...
006 (7197998.002.000) 09/06 12:05:23 Image size of job updated: 794416
	601  -  MemoryUsage of job (MB)
	614708  -  ResidentSetSize of job (KB)
...
006 (7197998.002.000) 09/06 12:10:24 Image size of job updated: 794416
	601  -  MemoryUsage of job (MB)
	614964  -  ResidentSetSize of job (KB)
...
006 (7197998.002.000) 09/06 14:25:37 Image size of job updated: 794416
	610  -  MemoryUsage of job (MB)
	624264  -  ResidentSetSize of job (KB)
...
006 (7197998.002.000) 09/06 14:30:38 Image size of job updated: 794416
	624  -  MemoryUsage of job (MB)
	638096  -  ResidentSetSize of job (KB)
...
006 (7197998.002.000) 09/06 14:35:38 Image size of job updated: 794416
	634  -  MemoryUsage of job (MB)
	648328  -  ResidentSetSize of job (KB)
...
006 (7197998.002.000) 09/06 14:40:39 Image size of job updated: 794416
	678  -  MemoryUsage of job (MB)
	693456  -  ResidentSetSize of job (KB)
...
006 (7197998.002.000) 09/06 14:45:39 Image size of job updated: 794416
	713  -  MemoryUsage of job (MB)
	729472  -  ResidentSetSize of job (KB)
...
006 (7197998.002.000) 09/06 14:50:40 Image size of job updated: 794416
	733  -  MemoryUsage of job (MB)
	750092  -  ResidentSetSize of job (KB)
...
006 (7197998.002.000) 09/06 14:55:41 Image size of job updated: 794416
	739  -  MemoryUsage of job (MB)
	756724  -  ResidentSetSize of job (KB)
...
006 (7197998.002.000) 09/06 15:00:41 Image size of job updated: 794416
	755  -  MemoryUsage of job (MB)
	772384  -  ResidentSetSize of job (KB)
...
006 (7197998.002.000) 09/06 15:05:42 Image size of job updated: 796688
	766  -  MemoryUsage of job (MB)
	783812  -  ResidentSetSize of job (KB)
...
006 (7197998.002.000) 09/06 15:10:42 Image size of job updated: 805388
	783  -  MemoryUsage of job (MB)
	800980  -  ResidentSetSize of job (KB)
...
006 (7197998.002.000) 09/06 15:15:43 Image size of job updated: 817176
	783  -  MemoryUsage of job (MB)
	800980  -  ResidentSetSize of job (KB)
...
006 (7197998.002.000) 09/06 15:20:43 Image size of job updated: 823400
	795  -  MemoryUsage of job (MB)
	813176  -  ResidentSetSize of job (KB)
...
006 (7197998.002.000) 09/06 15:25:44 Image size of job updated: 845340
	802  -  MemoryUsage of job (MB)
	820780  -  ResidentSetSize of job (KB)
...
006 (7197998.002.000) 09/06 15:30:44 Image size of job updated: 845340
	816  -  MemoryUsage of job (MB)
	835020  -  ResidentSetSize of job (KB)
...
006 (7197998.002.000) 09/06 15:35:45 Image size of job updated: 858064
	816  -  MemoryUsage of job (MB)
	835020  -  ResidentSetSize of job (KB)
...
006 (7197998.002.000) 09/06 15:40:45 Image size of job updated: 858064
	830  -  MemoryUsage of job (MB)
	849920  -  ResidentSetSize of job (KB)
...
006 (7197998.002.000) 09/06 15:45:46 Image size of job updated: 860172
	837  -  MemoryUsage of job (MB)
	856412  -  ResidentSetSize of job (KB)
...
006 (7197998.002.000) 09/06 15:50:46 Image size of job updated: 864968
	837  -  MemoryUsage of job (MB)
	856412  -  ResidentSetSize of job (KB)
...
006 (7197998.002.000) 09/06 15:55:48 Image size of job updated: 870732
	837  -  MemoryUsage of job (MB)
	856412  -  ResidentSetSize of job (KB)
...
006 (7197998.002.000) 09/06 16:00:48 Image size of job updated: 875752
	850  -  MemoryUsage of job (MB)
	869676  -  ResidentSetSize of job (KB)
...
006 (7197998.002.000) 09/06 16:05:49 Image size of job updated: 882320
	851  -  MemoryUsage of job (MB)
	870644  -  ResidentSetSize of job (KB)
...
006 (7197998.002.000) 09/06 16:10:49 Image size of job updated: 890912
	870  -  MemoryUsage of job (MB)
	890572  -  ResidentSetSize of job (KB)
...
006 (7197998.002.000) 09/06 16:15:50 Image size of job updated: 903468
	883  -  MemoryUsage of job (MB)
	903440  -  ResidentSetSize of job (KB)
...
006 (7197998.002.000) 09/06 16:20:50 Image size of job updated: 909388
	883  -  MemoryUsage of job (MB)
	903440  -  ResidentSetSize of job (KB)
...
006 (7197998.002.000) 09/06 17:40:58 Image size of job updated: 915140
	883  -  MemoryUsage of job (MB)
	904064  -  ResidentSetSize of job (KB)
...
006 (7197998.002.000) 09/06 17:45:59 Image size of job updated: 915140
	885  -  MemoryUsage of job (MB)
	905764  -  ResidentSetSize of job (KB)
...
006 (7197998.002.000) 09/06 18:06:01 Image size of job updated: 915140
	887  -  MemoryUsage of job (MB)
	907636  -  ResidentSetSize of job (KB)
...
006 (7197998.002.000) 09/06 18:11:02 Image size of job updated: 917888
	887  -  MemoryUsage of job (MB)
	908168  -  ResidentSetSize of job (KB)
...
006 (7197998.002.000) 09/06 18:16:02 Image size of job updated: 917888
	889  -  MemoryUsage of job (MB)
	909544  -  ResidentSetSize of job (KB)
...
006 (7197998.002.000) 09/06 18:21:03 Image size of job updated: 921112
	890  -  MemoryUsage of job (MB)
	911204  -  ResidentSetSize of job (KB)
...
006 (7197998.002.000) 09/06 18:26:03 Image size of job updated: 921112
	893  -  MemoryUsage of job (MB)
	913472  -  ResidentSetSize of job (KB)
...
006 (7197998.002.000) 09/06 18:31:04 Image size of job updated: 921112
	897  -  MemoryUsage of job (MB)
	917620  -  ResidentSetSize of job (KB)
...
006 (7197998.002.000) 09/06 18:36:04 Image size of job updated: 924508
	903  -  MemoryUsage of job (MB)
	924088  -  ResidentSetSize of job (KB)
...
006 (7197998.002.000) 09/06 18:41:05 Image size of job updated: 928604
	903  -  MemoryUsage of job (MB)
	924088  -  ResidentSetSize of job (KB)
...
006 (7197998.002.000) 09/06 19:06:08 Image size of job updated: 928604
	905  -  MemoryUsage of job (MB)
	926256  -  ResidentSetSize of job (KB)
...
006 (7197998.002.000) 09/07 10:32:43 Image size of job updated: 1011828
	986  -  MemoryUsage of job (MB)
	1009444  -  ResidentSetSize of job (KB)
...
006 (7197998.002.000) 09/07 10:37:43 Image size of job updated: 3387204
	3308  -  MemoryUsage of job (MB)
	3386876  -  ResidentSetSize of job (KB)
...
006 (7197998.002.000) 09/07 10:42:44 Image size of job updated: 3522872
	3441  -  MemoryUsage of job (MB)
	3522868  -  ResidentSetSize of job (KB)
...
006 (7197998.002.000) 09/07 10:47:44 Image size of job updated: 3659096
	3574  -  MemoryUsage of job (MB)
	3659096  -  ResidentSetSize of job (KB)
...
006 (7197998.002.000) 09/07 10:52:45 Image size of job updated: 3818004
	3729  -  MemoryUsage of job (MB)
	3818004  -  ResidentSetSize of job (KB)
...
006 (7197998.002.000) 09/07 10:57:45 Image size of job updated: 3972696
	3880  -  MemoryUsage of job (MB)
	3972696  -  ResidentSetSize of job (KB)
...
006 (7197998.002.000) 09/07 11:02:46 Image size of job updated: 4121664
	4026  -  MemoryUsage of job (MB)
	4121664  -  ResidentSetSize of job (KB)
...
006 (7197998.002.000) 09/07 11:07:46 Image size of job updated: 4274240
	4175  -  MemoryUsage of job (MB)
	4274240  -  ResidentSetSize of job (KB)
...
006 (7197998.002.000) 09/07 11:12:48 Image size of job updated: 4427488
	4324  -  MemoryUsage of job (MB)
	4427488  -  ResidentSetSize of job (KB)
...
006 (7197998.002.000) 09/07 11:17:48 Image size of job updated: 4577060
	4470  -  MemoryUsage of job (MB)
	4577056  -  ResidentSetSize of job (KB)
...
006 (7197998.002.000) 09/07 11:22:49 Image size of job updated: 4731712
	4621  -  MemoryUsage of job (MB)
	4731712  -  ResidentSetSize of job (KB)
...
006 (7197998.002.000) 09/07 11:27:49 Image size of job updated: 4879472
	4765  -  MemoryUsage of job (MB)
	4879252  -  ResidentSetSize of job (KB)
...
006 (7197998.002.000) 09/07 11:32:49 Image size of job updated: 5031184
	4914  -  MemoryUsage of job (MB)
	5031184  -  ResidentSetSize of job (KB)
...
006 (7197998.002.000) 09/07 11:37:27 Image size of job updated: 5144144
	4914  -  MemoryUsage of job (MB)
	5031264  -  ResidentSetSize of job (KB)
...
040 (7197998.002.000) 09/07 11:37:28 Started transferring output files
...
040 (7197998.002.000) 09/07 11:37:28 Finished transferring output files
...
005 (7197998.002.000) 09/07 11:37:28 Job terminated.
	(1) Normal termination (return value 50)
		Usr 0 23:07:07, Sys 0 00:08:35  -  Run Remote Usage
		Usr 0 00:00:00, Sys 0 00:00:00  -  Run Local Usage
		Usr 0 23:07:07, Sys 0 00:08:35  -  Total Remote Usage
		Usr 0 00:00:00, Sys 0 00:00:00  -  Total Local Usage
	74268  -  Run Bytes Sent By Job
	2930  -  Run Bytes Received By Job
	74268  -  Total Bytes Sent By Job
	2930  -  Total Bytes Received By Job
	Partitionable Resources :      Usage  Request Allocated 
	   Cpus                 :       0.98        1         1 
	   Disk (KB)            : 2089231           3   3259354 
	   Memory (MB)          :    4914        2000      2000 

	Job terminated of its own accord at 2024-09-07T09:37:27Z with exit-code 50.
...
