000 (7197998.007.000) 09/06 11:06:22 Job submitted from host: <137.138.44.55:9618?addrs=137.138.44.55-9618+[2001-1458-d00-1a--48]-9618&alias=bigbird17.cern.ch&noUDP&sock=schedd_23962_8474>
...
040 (7197998.007.000) 09/06 11:55:13 Started transferring input files
	Transferring to host: <128.142.248.218:9618?addrs=128.142.248.218-9618+[2001-1458-301-73--100-d9]-9618&alias=b9g23p2883.cern.ch&noUDP&sock=slot1_48_1412154_fe0a_5746>
...
040 (7197998.007.000) 09/06 11:55:13 Finished transferring input files
...
001 (7197998.007.000) 09/06 11:55:14 Job executing on host: <128.142.248.218:9618?addrs=128.142.248.218-9618+[2001-1458-301-73--100-d9]-9618&alias=b9g23p2883.cern.ch&noUDP&sock=startd_1412115_0387>
	SlotName: slot1_48@b9g23p2883.cern.ch
	CondorScratchDir = "/pool/condor/dir_3173736"
	Cpus = 1
	Disk = 3095799
	Memory = 2000
...
006 (7197998.007.000) 09/06 11:55:22 Image size of job updated: 660760
	646  -  MemoryUsage of job (MB)
	660636  -  ResidentSetSize of job (KB)
...
006 (7197998.007.000) 09/06 12:00:22 Image size of job updated: 793500
	648  -  MemoryUsage of job (MB)
	663276  -  ResidentSetSize of job (KB)
...
006 (7197998.007.000) 09/06 13:35:32 Image size of job updated: 793500
	659  -  MemoryUsage of job (MB)
	674312  -  ResidentSetSize of job (KB)
...
006 (7197998.007.000) 09/06 13:40:32 Image size of job updated: 793500
	660  -  MemoryUsage of job (MB)
	675456  -  ResidentSetSize of job (KB)
...
006 (7197998.007.000) 09/06 13:45:33 Image size of job updated: 793500
	680  -  MemoryUsage of job (MB)
	695576  -  ResidentSetSize of job (KB)
...
006 (7197998.007.000) 09/06 13:50:33 Image size of job updated: 793500
	680  -  MemoryUsage of job (MB)
	696092  -  ResidentSetSize of job (KB)
...
006 (7197998.007.000) 09/06 14:05:35 Image size of job updated: 793500
	688  -  MemoryUsage of job (MB)
	703832  -  ResidentSetSize of job (KB)
...
006 (7197998.007.000) 09/06 14:10:35 Image size of job updated: 793500
	755  -  MemoryUsage of job (MB)
	772948  -  ResidentSetSize of job (KB)
...
006 (7197998.007.000) 09/06 14:15:36 Image size of job updated: 798388
	771  -  MemoryUsage of job (MB)
	788876  -  ResidentSetSize of job (KB)
...
006 (7197998.007.000) 09/06 14:20:36 Image size of job updated: 808452
	778  -  MemoryUsage of job (MB)
	796600  -  ResidentSetSize of job (KB)
...
006 (7197998.007.000) 09/06 14:25:37 Image size of job updated: 825156
	795  -  MemoryUsage of job (MB)
	813724  -  ResidentSetSize of job (KB)
...
006 (7197998.007.000) 09/06 14:30:37 Image size of job updated: 872800
	844  -  MemoryUsage of job (MB)
	864152  -  ResidentSetSize of job (KB)
...
006 (7197998.007.000) 09/06 14:35:38 Image size of job updated: 922284
	875  -  MemoryUsage of job (MB)
	895620  -  ResidentSetSize of job (KB)
...
006 (7197998.007.000) 09/06 14:40:38 Image size of job updated: 941584
	903  -  MemoryUsage of job (MB)
	924388  -  ResidentSetSize of job (KB)
...
006 (7197998.007.000) 09/06 14:45:39 Image size of job updated: 948012
	909  -  MemoryUsage of job (MB)
	930188  -  ResidentSetSize of job (KB)
...
006 (7197998.007.000) 09/06 14:50:39 Image size of job updated: 948012
	913  -  MemoryUsage of job (MB)
	933932  -  ResidentSetSize of job (KB)
...
006 (7197998.007.000) 09/06 14:55:40 Image size of job updated: 954220
	920  -  MemoryUsage of job (MB)
	941204  -  ResidentSetSize of job (KB)
...
006 (7197998.007.000) 09/06 15:00:40 Image size of job updated: 957252
	920  -  MemoryUsage of job (MB)
	941204  -  ResidentSetSize of job (KB)
...
006 (7197998.007.000) 09/07 08:37:28 Image size of job updated: 1054808
	1031  -  MemoryUsage of job (MB)
	1054804  -  ResidentSetSize of job (KB)
...
006 (7197998.007.000) 09/07 08:42:29 Image size of job updated: 4582788
	4476  -  MemoryUsage of job (MB)
	4582788  -  ResidentSetSize of job (KB)
...
006 (7197998.007.000) 09/07 08:47:29 Image size of job updated: 4648876
	4476  -  MemoryUsage of job (MB)
	4582788  -  ResidentSetSize of job (KB)
...
006 (7197998.007.000) 09/07 09:32:35 Image size of job updated: 4687168
	4578  -  MemoryUsage of job (MB)
	4687168  -  ResidentSetSize of job (KB)
...
006 (7197998.007.000) 09/07 09:37:35 Image size of job updated: 4822528
	4710  -  MemoryUsage of job (MB)
	4822524  -  ResidentSetSize of job (KB)
...
006 (7197998.007.000) 09/07 09:42:37 Image size of job updated: 4837476
	4710  -  MemoryUsage of job (MB)
	4822780  -  ResidentSetSize of job (KB)
...
006 (7197998.007.000) 09/07 09:47:37 Image size of job updated: 4940184
	4710  -  MemoryUsage of job (MB)
	4822780  -  ResidentSetSize of job (KB)
...
040 (7197998.007.000) 09/07 09:47:54 Started transferring output files
...
040 (7197998.007.000) 09/07 09:47:54 Finished transferring output files
...
005 (7197998.007.000) 09/07 09:47:54 Job terminated.
	(1) Normal termination (return value 0)
		Usr 0 21:18:12, Sys 0 00:10:37  -  Run Remote Usage
		Usr 0 00:00:00, Sys 0 00:00:00  -  Run Local Usage
		Usr 0 21:18:12, Sys 0 00:10:37  -  Total Remote Usage
		Usr 0 00:00:00, Sys 0 00:00:00  -  Total Local Usage
	74266  -  Run Bytes Sent By Job
	2930  -  Run Bytes Received By Job
	74266  -  Total Bytes Sent By Job
	2930  -  Total Bytes Received By Job
	Partitionable Resources :      Usage  Request Allocated 
	   Cpus                 :       0.99        1         1 
	   Disk (KB)            : 2089232           3   3095799 
	   Memory (MB)          :    4710        2000      2000 

	Job terminated of its own accord at 2024-09-07T07:47:54Z with exit-code 0.
...
