000 (7197998.004.000) 09/06 11:06:22 Job submitted from host: <137.138.44.55:9618?addrs=137.138.44.55-9618+[2001-1458-d00-1a--48]-9618&alias=bigbird17.cern.ch&noUDP&sock=schedd_23962_8474>
...
040 (7197998.004.000) 09/06 11:55:11 Started transferring input files
	Transferring to host: <128.142.248.197:9618?addrs=128.142.248.197-9618+[2001-1458-301-73--100-c4]-9618&alias=b9g23p2961.cern.ch&noUDP&sock=slot1_59_2232953_240b_5328>
...
040 (7197998.004.000) 09/06 11:55:11 Finished transferring input files
...
001 (7197998.004.000) 09/06 11:55:12 Job executing on host: <128.142.248.197:9618?addrs=128.142.248.197-9618+[2001-1458-301-73--100-c4]-9618&alias=b9g23p2961.cern.ch&noUDP&sock=startd_5911_0866>
	SlotName: slot1_59@b9g23p2961.cern.ch
	CondorScratchDir = "/pool/condor/dir_12168"
	Cpus = 1
	Disk = 3048819
	Memory = 2000
...
006 (7197998.004.000) 09/06 11:55:21 Image size of job updated: 3
	0  -  MemoryUsage of job (MB)
	0  -  ResidentSetSize of job (KB)
...
006 (7197998.004.000) 09/06 12:00:21 Image size of job updated: 794620
	586  -  MemoryUsage of job (MB)
	599156  -  ResidentSetSize of job (KB)
...
006 (7197998.004.000) 09/06 12:05:21 Image size of job updated: 794620
	613  -  MemoryUsage of job (MB)
	627180  -  ResidentSetSize of job (KB)
...
006 (7197998.004.000) 09/06 12:10:22 Image size of job updated: 794620
	622  -  MemoryUsage of job (MB)
	636792  -  ResidentSetSize of job (KB)
...
006 (7197998.004.000) 09/06 12:15:22 Image size of job updated: 794620
	635  -  MemoryUsage of job (MB)
	649796  -  ResidentSetSize of job (KB)
...
006 (7197998.004.000) 09/06 12:20:23 Image size of job updated: 794620
	637  -  MemoryUsage of job (MB)
	651624  -  ResidentSetSize of job (KB)
...
006 (7197998.004.000) 09/06 12:25:23 Image size of job updated: 794620
	643  -  MemoryUsage of job (MB)
	657864  -  ResidentSetSize of job (KB)
...
006 (7197998.004.000) 09/06 12:30:24 Image size of job updated: 794620
	652  -  MemoryUsage of job (MB)
	667300  -  ResidentSetSize of job (KB)
...
006 (7197998.004.000) 09/06 12:35:24 Image size of job updated: 794620
	671  -  MemoryUsage of job (MB)
	686772  -  ResidentSetSize of job (KB)
...
006 (7197998.004.000) 09/06 14:40:37 Image size of job updated: 794620
	716  -  MemoryUsage of job (MB)
	733024  -  ResidentSetSize of job (KB)
...
006 (7197998.004.000) 09/06 14:45:37 Image size of job updated: 794620
	721  -  MemoryUsage of job (MB)
	737320  -  ResidentSetSize of job (KB)
...
006 (7197998.004.000) 09/06 14:50:38 Image size of job updated: 794620
	728  -  MemoryUsage of job (MB)
	744572  -  ResidentSetSize of job (KB)
...
006 (7197998.004.000) 09/06 15:00:39 Image size of job updated: 794620
	734  -  MemoryUsage of job (MB)
	751272  -  ResidentSetSize of job (KB)
...
006 (7197998.004.000) 09/07 10:32:43 Image size of job updated: 794620
	764  -  MemoryUsage of job (MB)
	782332  -  ResidentSetSize of job (KB)
...
006 (7197998.004.000) 09/07 10:37:43 Image size of job updated: 1107724
	1082  -  MemoryUsage of job (MB)
	1107724  -  ResidentSetSize of job (KB)
...
006 (7197998.004.000) 09/07 10:42:44 Image size of job updated: 4591276
	4484  -  MemoryUsage of job (MB)
	4591056  -  ResidentSetSize of job (KB)
...
006 (7197998.004.000) 09/07 10:47:44 Image size of job updated: 4637448
	4484  -  MemoryUsage of job (MB)
	4591092  -  ResidentSetSize of job (KB)
...
006 (7197998.004.000) 09/07 11:32:49 Image size of job updated: 4684408
	4575  -  MemoryUsage of job (MB)
	4684408  -  ResidentSetSize of job (KB)
...
006 (7197998.004.000) 09/07 11:37:49 Image size of job updated: 4809512
	4697  -  MemoryUsage of job (MB)
	4809512  -  ResidentSetSize of job (KB)
...
006 (7197998.004.000) 09/07 11:42:50 Image size of job updated: 4935272
	4820  -  MemoryUsage of job (MB)
	4934832  -  ResidentSetSize of job (KB)
...
006 (7197998.004.000) 09/07 11:47:50 Image size of job updated: 5061436
	4943  -  MemoryUsage of job (MB)
	5061216  -  ResidentSetSize of job (KB)
...
006 (7197998.004.000) 09/07 11:51:41 Image size of job updated: 5137048
	4943  -  MemoryUsage of job (MB)
	5061472  -  ResidentSetSize of job (KB)
...
040 (7197998.004.000) 09/07 11:51:42 Started transferring output files
...
040 (7197998.004.000) 09/07 11:51:42 Finished transferring output files
...
005 (7197998.004.000) 09/07 11:51:42 Job terminated.
	(1) Normal termination (return value 50)
		Usr 0 23:19:32, Sys 0 00:07:16  -  Run Remote Usage
		Usr 0 00:00:00, Sys 0 00:00:00  -  Run Local Usage
		Usr 0 23:19:32, Sys 0 00:07:16  -  Total Remote Usage
		Usr 0 00:00:00, Sys 0 00:00:00  -  Total Local Usage
	74315  -  Run Bytes Sent By Job
	2930  -  Run Bytes Received By Job
	74315  -  Total Bytes Sent By Job
	2930  -  Total Bytes Received By Job
	Partitionable Resources :      Usage  Request Allocated 
	   Cpus                 :       0.96        1         1 
	   Disk (KB)            : 2100321           3   3048819 
	   Memory (MB)          :    4943        2000      2000 

	Job terminated of its own accord at 2024-09-07T09:51:41Z with exit-code 50.
...
