000 (7217796.001.000) 09/23 13:21:21 Job submitted from host: <137.138.44.55:9618?addrs=137.138.44.55-9618+[2001-1458-d00-1a--48]-9618&alias=bigbird17.cern.ch&noUDP&sock=schedd_1981_6134>
...
040 (7217796.001.000) 09/23 21:33:34 Started transferring input files
	Transferring to host: <188.185.238.12:9618?addrs=188.185.238.12-9618+[2001-1458-303-28--100-8]-9618&alias=b9pgpun001.cern.ch&noUDP&sock=slot1_2_240309_2e05_32135>
...
040 (7217796.001.000) 09/23 21:33:34 Finished transferring input files
...
001 (7217796.001.000) 09/23 21:33:35 Job executing on host: <188.185.238.12:9618?addrs=188.185.238.12-9618+[2001-1458-303-28--100-8]-9618&alias=b9pgpun001.cern.ch&noUDP&sock=startd_240269_20b4>
	SlotName: slot1_2@b9pgpun001.cern.ch
	AvailableGPUs = { GPUs_GPU_8b6364bc }
	CondorScratchDir = "/pool/condor/dir_1339517"
	Cpus = 1
	Disk = 6875389
	GPUs = 1
	GPUs_GPU_8b6364bc = [ GlobalMemoryMb = 95235; MaxSupportedVersion = 12040; DriverVersion = 12.4; DeviceName = "NVIDIA H100 NVL"; CoresPerCU = 128; ECCEnabled = true; ComputeUnits = 132; ClockMhz = 1785.0; Id = "GPU-8b6364bc"; Capability = 9.0; DevicePciBusId = "0000:3B:00.0"; DeviceUuid = "8b6364bc-045c-d99d-b867-6ceb39f9bcba" ]
	Memory = 2000
...
006 (7217796.001.000) 09/23 21:33:43 Image size of job updated: 2427588
	1860  -  MemoryUsage of job (MB)
	1904220  -  ResidentSetSize of job (KB)
...
006 (7217796.001.000) 09/23 21:38:43 Image size of job updated: 2427588
	2096  -  MemoryUsage of job (MB)
	2146288  -  ResidentSetSize of job (KB)
...
006 (7217796.001.000) 09/23 21:43:44 Image size of job updated: 2427588
	2251  -  MemoryUsage of job (MB)
	2304380  -  ResidentSetSize of job (KB)
...
006 (7217796.001.000) 09/23 21:48:44 Image size of job updated: 2427588
	2265  -  MemoryUsage of job (MB)
	2319172  -  ResidentSetSize of job (KB)
...
006 (7217796.001.000) 09/23 21:53:44 Image size of job updated: 2427588
	2277  -  MemoryUsage of job (MB)
	2331500  -  ResidentSetSize of job (KB)
...
006 (7217796.001.000) 09/23 21:58:45 Image size of job updated: 2427588
	2285  -  MemoryUsage of job (MB)
	2339032  -  ResidentSetSize of job (KB)
...
006 (7217796.001.000) 09/23 22:03:45 Image size of job updated: 2427588
	2290  -  MemoryUsage of job (MB)
	2344544  -  ResidentSetSize of job (KB)
...
006 (7217796.001.000) 09/23 22:08:46 Image size of job updated: 2427588
	2305  -  MemoryUsage of job (MB)
	2360160  -  ResidentSetSize of job (KB)
...
006 (7217796.001.000) 09/23 22:13:47 Image size of job updated: 2427588
	2306  -  MemoryUsage of job (MB)
	2360928  -  ResidentSetSize of job (KB)
...
006 (7217796.001.000) 09/23 22:18:47 Image size of job updated: 2427588
	2315  -  MemoryUsage of job (MB)
	2370016  -  ResidentSetSize of job (KB)
...
006 (7217796.001.000) 09/23 22:23:48 Image size of job updated: 2427588
	2323  -  MemoryUsage of job (MB)
	2378652  -  ResidentSetSize of job (KB)
...
006 (7217796.001.000) 09/23 22:33:48 Image size of job updated: 2427588
	2337  -  MemoryUsage of job (MB)
	2392424  -  ResidentSetSize of job (KB)
...
006 (7217796.001.000) 09/23 22:38:49 Image size of job updated: 2427588
	2343  -  MemoryUsage of job (MB)
	2398276  -  ResidentSetSize of job (KB)
...
006 (7217796.001.000) 09/23 22:43:49 Image size of job updated: 2625260
	2553  -  MemoryUsage of job (MB)
	2613428  -  ResidentSetSize of job (KB)
...
006 (7217796.001.000) 09/23 22:48:51 Image size of job updated: 3011196
	2886  -  MemoryUsage of job (MB)
	2954288  -  ResidentSetSize of job (KB)
...
006 (7217796.001.000) 09/23 22:53:51 Image size of job updated: 6705132
	6548  -  MemoryUsage of job (MB)
	6705132  -  ResidentSetSize of job (KB)
...
006 (7217796.001.000) 09/23 22:55:40 Image size of job updated: 6946288
	6548  -  MemoryUsage of job (MB)
	6705132  -  ResidentSetSize of job (KB)
...
040 (7217796.001.000) 09/23 22:55:40 Started transferring output files
...
040 (7217796.001.000) 09/23 22:55:40 Finished transferring output files
...
005 (7217796.001.000) 09/23 22:55:40 Job terminated.
	(1) Normal termination (return value 0)
		Usr 0 01:21:25, Sys 0 00:00:54  -  Run Remote Usage
		Usr 0 00:00:00, Sys 0 00:00:00  -  Run Local Usage
		Usr 0 01:21:25, Sys 0 00:00:54  -  Total Remote Usage
		Usr 0 00:00:00, Sys 0 00:00:00  -  Total Local Usage
	64825  -  Run Bytes Sent By Job
	1414  -  Run Bytes Received By Job
	64825  -  Total Bytes Sent By Job
	1414  -  Total Bytes Received By Job
	Partitionable Resources :      Usage  Request Allocated Assigned
	   Cpus                 :       1.00        1         1 
	   Disk (KB)            : 2806243           2   6875389 
	   Gpus (Average)       :       0.00        1         1 "GPU-8b6364bc"
	   GpusMemory (MB)      :     599                       
	   Memory (MB)          :    6548        2000      2000 

	Job terminated of its own accord at 2024-09-23T20:55:40Z with exit-code 0.
...
