000 (7186282.001.000) 08/22 15:33:19 Job submitted from host: <137.138.44.55:9618?addrs=137.138.44.55-9618+[2001-1458-d00-1a--48]-9618&alias=bigbird17.cern.ch&noUDP&sock=schedd_23962_8474>
...
040 (7186282.001.000) 08/22 22:18:39 Started transferring input files
	Transferring to host: <188.185.93.14:9618?addrs=188.185.93.14-9618+[2001-1458-d00-6c--100-3cf]-9618&alias=b9g57n9600.cern.ch&noUDP&sock=slot1_1_17414_7cfd_105554>
...
040 (7186282.001.000) 08/22 22:18:39 Finished transferring input files
...
001 (7186282.001.000) 08/22 22:18:40 Job executing on host: <188.185.93.14:9618?addrs=188.185.93.14-9618+[2001-1458-d00-6c--100-3cf]-9618&alias=b9g57n9600.cern.ch&noUDP&sock=startd_17374_b286>
	SlotName: slot1_1@b9g57n9600.cern.ch
	AvailableGPUs = { GPUs_GPU_b0315e2a }
	CondorScratchDir = "/pool/condor/dir_3416060"
	Cpus = 1
	Disk = 321609
	GPUs = 1
	GPUs_GPU_b0315e2a = [ GlobalMemoryMb = 40326; MaxSupportedVersion = 12040; DriverVersion = 12.4; DeviceUuid = "b0315e2a-398c-3794-58e5-7fc069bfb315"; DeviceName = "NVIDIA A100-PCIE-40GB"; CoresPerCU = 64; ECCEnabled = true; ComputeUnits = 108; ClockMhz = 1410.0; Id = "GPU-b0315e2a"; DevicePciBusId = "0000:06:00.0"; Capability = 8.0 ]
	Memory = 2000
...
006 (7186282.001.000) 08/22 22:18:49 Image size of job updated: 476260
	269  -  MemoryUsage of job (MB)
	275308  -  ResidentSetSize of job (KB)
...
006 (7186282.001.000) 08/22 22:23:49 Image size of job updated: 3799732
	3711  -  MemoryUsage of job (MB)
	3799732  -  ResidentSetSize of job (KB)
...
006 (7186282.001.000) 08/22 22:28:50 Image size of job updated: 4719940
	4610  -  MemoryUsage of job (MB)
	4719940  -  ResidentSetSize of job (KB)
...
006 (7186282.001.000) 08/22 22:33:51 Image size of job updated: 5636716
	5505  -  MemoryUsage of job (MB)
	5636716  -  ResidentSetSize of job (KB)
...
006 (7186282.001.000) 08/22 22:38:51 Image size of job updated: 6548712
	6396  -  MemoryUsage of job (MB)
	6548712  -  ResidentSetSize of job (KB)
...
006 (7186282.001.000) 08/22 22:43:52 Image size of job updated: 7448520
	7274  -  MemoryUsage of job (MB)
	7448520  -  ResidentSetSize of job (KB)
...
006 (7186282.001.000) 08/22 22:48:52 Image size of job updated: 8365048
	8169  -  MemoryUsage of job (MB)
	8365048  -  ResidentSetSize of job (KB)
...
006 (7186282.001.000) 08/22 22:53:52 Image size of job updated: 9275212
	9058  -  MemoryUsage of job (MB)
	9275212  -  ResidentSetSize of job (KB)
...
006 (7186282.001.000) 08/22 22:58:54 Image size of job updated: 10191444
	9953  -  MemoryUsage of job (MB)
	10191444  -  ResidentSetSize of job (KB)
...
006 (7186282.001.000) 08/22 23:02:35 Image size of job updated: 10652360
	9953  -  MemoryUsage of job (MB)
	10191444  -  ResidentSetSize of job (KB)
...
040 (7186282.001.000) 08/22 23:02:35 Started transferring output files
...
040 (7186282.001.000) 08/22 23:02:35 Finished transferring output files
...
005 (7186282.001.000) 08/22 23:02:35 Job terminated.
	(1) Normal termination (return value 50)
		Usr 0 00:42:40, Sys 0 00:00:49  -  Run Remote Usage
		Usr 0 00:00:00, Sys 0 00:00:00  -  Run Local Usage
		Usr 0 00:42:40, Sys 0 00:00:49  -  Total Remote Usage
		Usr 0 00:00:00, Sys 0 00:00:00  -  Total Local Usage
	20186  -  Run Bytes Sent By Job
	2773  -  Run Bytes Received By Job
	20186  -  Total Bytes Sent By Job
	2773  -  Total Bytes Received By Job
	Partitionable Resources :      Usage  Request Allocated Assigned
	   Cpus                 :       1.00        1         1 
	   Disk (KB)            : 7215782           3    321609 
	   Gpus (Average)       :       0.00        1         1 "GPU-b0315e2a"
	   GpusMemory (MB)      :    1065                       
	   Memory (MB)          :    9953        2000      2000 

	Job terminated of its own accord at 2024-08-22T21:02:35Z with exit-code 50.
...
