000 (7191346.000.000) 09/02 11:57:04 Job submitted from host: <137.138.44.55:9618?addrs=137.138.44.55-9618+[2001-1458-d00-1a--48]-9618&alias=bigbird17.cern.ch&noUDP&sock=schedd_23962_8474>
...
040 (7191346.000.000) 09/03 06:26:40 Started transferring input files
	Transferring to host: <188.185.92.94:9618?addrs=188.185.92.94-9618+[2001-1458-d00-6c--100-91]-9618&alias=b9g57n5555.cern.ch&noUDP&sock=slot1_1_17435_48de_114478>
...
040 (7191346.000.000) 09/03 06:26:40 Finished transferring input files
...
001 (7191346.000.000) 09/03 06:26:41 Job executing on host: <188.185.92.94:9618?addrs=188.185.92.94-9618+[2001-1458-d00-6c--100-91]-9618&alias=b9g57n5555.cern.ch&noUDP&sock=startd_17379_207f>
	SlotName: slot1_1@b9g57n5555.cern.ch
	AvailableGPUs = { GPUs_GPU_c25adc0c }
	CondorScratchDir = "/pool/condor/dir_2511059"
	Cpus = 1
	Disk = 297906
	GPUs = 1
	GPUs_GPU_c25adc0c = [ GlobalMemoryMb = 40326; MaxSupportedVersion = 12040; DriverVersion = 12.4; DeviceUuid = "c25adc0c-f079-799e-ebde-bae2b8d3b142"; DeviceName = "NVIDIA A100-PCIE-40GB"; CoresPerCU = 64; ECCEnabled = true; ComputeUnits = 108; ClockMhz = 1410.0; Id = "GPU-c25adc0c"; DevicePciBusId = "0000:06:00.0"; Capability = 8.0 ]
	Memory = 2000
...
006 (7191346.000.000) 09/03 06:26:50 Image size of job updated: 59002392
	30190  -  MemoryUsage of job (MB)
	30913992  -  ResidentSetSize of job (KB)
...
006 (7191346.000.000) 09/03 06:31:52 Image size of job updated: 59002392
	37820  -  MemoryUsage of job (MB)
	38727104  -  ResidentSetSize of job (KB)
...
006 (7191346.000.000) 09/03 06:36:54 Image size of job updated: 59002392
	38793  -  MemoryUsage of job (MB)
	39723488  -  ResidentSetSize of job (KB)
...
006 (7191346.000.000) 09/03 06:41:53 Image size of job updated: 59002392
	39169  -  MemoryUsage of job (MB)
	40108068  -  ResidentSetSize of job (KB)
...
006 (7191346.000.000) 09/03 06:46:54 Image size of job updated: 59002392
	39269  -  MemoryUsage of job (MB)
	40211236  -  ResidentSetSize of job (KB)
...
006 (7191346.000.000) 09/03 07:11:58 Image size of job updated: 59002392
	39336  -  MemoryUsage of job (MB)
	40279252  -  ResidentSetSize of job (KB)
...
006 (7191346.000.000) 09/03 07:16:59 Image size of job updated: 59002392
	39450  -  MemoryUsage of job (MB)
	40396760  -  ResidentSetSize of job (KB)
...
006 (7191346.000.000) 09/03 07:21:58 Image size of job updated: 59002392
	39536  -  MemoryUsage of job (MB)
	40484180  -  ResidentSetSize of job (KB)
...
006 (7191346.000.000) 09/03 07:32:00 Image size of job updated: 59002392
	39711  -  MemoryUsage of job (MB)
	40663204  -  ResidentSetSize of job (KB)
...
006 (7191346.000.000) 09/03 07:36:59 Image size of job updated: 59002392
	39759  -  MemoryUsage of job (MB)
	40712684  -  ResidentSetSize of job (KB)
...
006 (7191346.000.000) 09/03 07:42:00 Image size of job updated: 59002392
	39873  -  MemoryUsage of job (MB)
	40829220  -  ResidentSetSize of job (KB)
...
006 (7191346.000.000) 09/03 07:52:01 Image size of job updated: 59002392
	39972  -  MemoryUsage of job (MB)
	40930820  -  ResidentSetSize of job (KB)
...
006 (7191346.000.000) 09/03 07:57:02 Image size of job updated: 59002392
	39987  -  MemoryUsage of job (MB)
	40946440  -  ResidentSetSize of job (KB)
...
006 (7191346.000.000) 09/03 08:07:04 Image size of job updated: 59002392
	40022  -  MemoryUsage of job (MB)
	40981728  -  ResidentSetSize of job (KB)
...
006 (7191346.000.000) 09/03 08:22:05 Image size of job updated: 59002392
	40076  -  MemoryUsage of job (MB)
	41037516  -  ResidentSetSize of job (KB)
...
006 (7191346.000.000) 09/03 08:27:06 Image size of job updated: 59002392
	40527  -  MemoryUsage of job (MB)
	41498756  -  ResidentSetSize of job (KB)
...
006 (7191346.000.000) 09/03 08:37:06 Image size of job updated: 59002392
	40568  -  MemoryUsage of job (MB)
	41540908  -  ResidentSetSize of job (KB)
...
006 (7191346.000.000) 09/03 08:42:07 Image size of job updated: 59002392
	40568  -  MemoryUsage of job (MB)
	41541164  -  ResidentSetSize of job (KB)
...
006 (7191346.000.000) 09/03 08:47:08 Image size of job updated: 59002392
	40633  -  MemoryUsage of job (MB)
	41607412  -  ResidentSetSize of job (KB)
...
006 (7191346.000.000) 09/03 08:52:09 Image size of job updated: 59002392
	40650  -  MemoryUsage of job (MB)
	41625084  -  ResidentSetSize of job (KB)
...
006 (7191346.000.000) 09/03 09:07:11 Image size of job updated: 59002392
	40727  -  MemoryUsage of job (MB)
	41703500  -  ResidentSetSize of job (KB)
...
006 (7191346.000.000) 09/03 09:12:10 Image size of job updated: 59002392
	40986  -  MemoryUsage of job (MB)
	41969240  -  ResidentSetSize of job (KB)
...
006 (7191346.000.000) 09/03 09:17:11 Image size of job updated: 59002392
	41000  -  MemoryUsage of job (MB)
	41983000  -  ResidentSetSize of job (KB)
...
006 (7191346.000.000) 09/03 09:22:12 Image size of job updated: 59002392
	41275  -  MemoryUsage of job (MB)
	42264664  -  ResidentSetSize of job (KB)
...
006 (7191346.000.000) 09/03 09:27:13 Image size of job updated: 59002392
	41522  -  MemoryUsage of job (MB)
	42518020  -  ResidentSetSize of job (KB)
...
006 (7191346.000.000) 09/03 09:32:12 Image size of job updated: 59002392
	41538  -  MemoryUsage of job (MB)
	42534172  -  ResidentSetSize of job (KB)
...
006 (7191346.000.000) 09/03 09:47:15 Image size of job updated: 59002392
	41809  -  MemoryUsage of job (MB)
	42812180  -  ResidentSetSize of job (KB)
...
006 (7191346.000.000) 09/03 09:52:14 Image size of job updated: 59002392
	41813  -  MemoryUsage of job (MB)
	42816504  -  ResidentSetSize of job (KB)
...
006 (7191346.000.000) 09/03 09:57:15 Image size of job updated: 59002392
	41868  -  MemoryUsage of job (MB)
	42872188  -  ResidentSetSize of job (KB)
...
006 (7191346.000.000) 09/03 10:12:16 Image size of job updated: 59002392
	41906  -  MemoryUsage of job (MB)
	42911180  -  ResidentSetSize of job (KB)
...
006 (7191346.000.000) 09/03 10:17:17 Image size of job updated: 59002392
	41978  -  MemoryUsage of job (MB)
	42985424  -  ResidentSetSize of job (KB)
...
006 (7191346.000.000) 09/03 10:22:18 Image size of job updated: 59002392
	42001  -  MemoryUsage of job (MB)
	43008964  -  ResidentSetSize of job (KB)
...
006 (7191346.000.000) 09/03 10:27:19 Image size of job updated: 59002392
	42763  -  MemoryUsage of job (MB)
	43788772  -  ResidentSetSize of job (KB)
...
006 (7191346.000.000) 09/03 10:32:19 Image size of job updated: 59002392
	42766  -  MemoryUsage of job (MB)
	43792192  -  ResidentSetSize of job (KB)
...
006 (7191346.000.000) 09/03 10:42:20 Image size of job updated: 59002392
	42939  -  MemoryUsage of job (MB)
	43969524  -  ResidentSetSize of job (KB)
...
006 (7191346.000.000) 09/03 11:32:25 Image size of job updated: 59002392
	43092  -  MemoryUsage of job (MB)
	44125316  -  ResidentSetSize of job (KB)
...
006 (7191346.000.000) 09/03 11:42:26 Image size of job updated: 59002392
	43376  -  MemoryUsage of job (MB)
	44416684  -  ResidentSetSize of job (KB)
...
006 (7191346.000.000) 09/03 11:47:27 Image size of job updated: 59002392
	43816  -  MemoryUsage of job (MB)
	44867232  -  ResidentSetSize of job (KB)
...
006 (7191346.000.000) 09/03 11:52:28 Image size of job updated: 59002392
	43816  -  MemoryUsage of job (MB)
	44867488  -  ResidentSetSize of job (KB)
...
006 (7191346.000.000) 09/03 12:12:30 Image size of job updated: 59002392
	43927  -  MemoryUsage of job (MB)
	44980600  -  ResidentSetSize of job (KB)
...
006 (7191346.000.000) 09/03 12:17:31 Image size of job updated: 59002392
	43974  -  MemoryUsage of job (MB)
	45029116  -  ResidentSetSize of job (KB)
...
006 (7191346.000.000) 09/03 12:22:31 Image size of job updated: 59002392
	44037  -  MemoryUsage of job (MB)
	45092992  -  ResidentSetSize of job (KB)
...
006 (7191346.000.000) 09/03 12:27:32 Image size of job updated: 59002392
	44037  -  MemoryUsage of job (MB)
	45093040  -  ResidentSetSize of job (KB)
...
006 (7191346.000.000) 09/03 12:57:34 Image size of job updated: 59002392
	44151  -  MemoryUsage of job (MB)
	45210508  -  ResidentSetSize of job (KB)
...
006 (7191346.000.000) 09/03 13:02:35 Image size of job updated: 59002392
	44163  -  MemoryUsage of job (MB)
	45222228  -  ResidentSetSize of job (KB)
...
006 (7191346.000.000) 09/03 13:07:36 Image size of job updated: 59002392
	44174  -  MemoryUsage of job (MB)
	45233200  -  ResidentSetSize of job (KB)
...
006 (7191346.000.000) 09/03 13:12:37 Image size of job updated: 59002392
	44299  -  MemoryUsage of job (MB)
	45361284  -  ResidentSetSize of job (KB)
...
006 (7191346.000.000) 09/03 13:17:36 Image size of job updated: 59002392
	44529  -  MemoryUsage of job (MB)
	45597212  -  ResidentSetSize of job (KB)
...
006 (7191346.000.000) 09/03 13:47:39 Image size of job updated: 59002392
	44568  -  MemoryUsage of job (MB)
	45636952  -  ResidentSetSize of job (KB)
...
006 (7191346.000.000) 09/03 14:17:42 Image size of job updated: 59002392
	44811  -  MemoryUsage of job (MB)
	45886232  -  ResidentSetSize of job (KB)
...
006 (7191346.000.000) 09/03 14:32:43 Image size of job updated: 59002392
	44816  -  MemoryUsage of job (MB)
	45890960  -  ResidentSetSize of job (KB)
...
006 (7191346.000.000) 09/03 14:37:42 Image size of job updated: 59002392
	44919  -  MemoryUsage of job (MB)
	45996688  -  ResidentSetSize of job (KB)
...
006 (7191346.000.000) 09/03 17:08:00 Image size of job updated: 59002392
	44932  -  MemoryUsage of job (MB)
	46010136  -  ResidentSetSize of job (KB)
...
006 (7191346.000.000) 09/03 17:18:00 Image size of job updated: 59002392
	44973  -  MemoryUsage of job (MB)
	46051604  -  ResidentSetSize of job (KB)
...
006 (7191346.000.000) 09/03 17:23:01 Image size of job updated: 59002392
	45201  -  MemoryUsage of job (MB)
	46285808  -  ResidentSetSize of job (KB)
...
006 (7191346.000.000) 09/03 17:28:02 Image size of job updated: 59002392
	45349  -  MemoryUsage of job (MB)
	46437348  -  ResidentSetSize of job (KB)
...
006 (7191346.000.000) 09/03 17:33:02 Image size of job updated: 59002392
	45350  -  MemoryUsage of job (MB)
	46437604  -  ResidentSetSize of job (KB)
...
006 (7191346.000.000) 09/03 18:28:08 Image size of job updated: 59002392
	45379  -  MemoryUsage of job (MB)
	46467800  -  ResidentSetSize of job (KB)
...
006 (7191346.000.000) 09/03 18:33:08 Image size of job updated: 59002392
	45445  -  MemoryUsage of job (MB)
	46535048  -  ResidentSetSize of job (KB)
...
006 (7191346.000.000) 09/03 18:38:07 Image size of job updated: 59002392
	45630  -  MemoryUsage of job (MB)
	46724544  -  ResidentSetSize of job (KB)
...
006 (7191346.000.000) 09/03 18:43:08 Image size of job updated: 59002392
	45681  -  MemoryUsage of job (MB)
	46777208  -  ResidentSetSize of job (KB)
...
006 (7191346.000.000) 09/03 19:08:12 Image size of job updated: 59002392
	45908  -  MemoryUsage of job (MB)
	47008992  -  ResidentSetSize of job (KB)
...
006 (7191346.000.000) 09/03 19:28:15 Image size of job updated: 59002392
	45985  -  MemoryUsage of job (MB)
	47087824  -  ResidentSetSize of job (KB)
...
006 (7191346.000.000) 09/03 19:38:15 Image size of job updated: 59002392
	46071  -  MemoryUsage of job (MB)
	47176372  -  ResidentSetSize of job (KB)
...
006 (7191346.000.000) 09/03 19:48:17 Image size of job updated: 59002392
	46165  -  MemoryUsage of job (MB)
	47272532  -  ResidentSetSize of job (KB)
...
006 (7191346.000.000) 09/03 19:53:17 Image size of job updated: 59002392
	46277  -  MemoryUsage of job (MB)
	47387452  -  ResidentSetSize of job (KB)
...
006 (7191346.000.000) 09/04 06:04:18 Image size of job updated: 59002392
	46419  -  MemoryUsage of job (MB)
	47532428  -  ResidentSetSize of job (KB)
...
006 (7191346.000.000) 09/04 06:09:19 Image size of job updated: 59002392
	46519  -  MemoryUsage of job (MB)
	47635340  -  ResidentSetSize of job (KB)
...
006 (7191346.000.000) 09/04 06:14:20 Image size of job updated: 59002392
	46781  -  MemoryUsage of job (MB)
	47902932  -  ResidentSetSize of job (KB)
...
006 (7191346.000.000) 09/04 06:19:21 Image size of job updated: 59002392
	46916  -  MemoryUsage of job (MB)
	48041644  -  ResidentSetSize of job (KB)
...
006 (7191346.000.000) 09/04 06:24:21 Image size of job updated: 59002392
	46918  -  MemoryUsage of job (MB)
	48043512  -  ResidentSetSize of job (KB)
...
006 (7191346.000.000) 09/04 06:39:23 Image size of job updated: 59002392
	47188  -  MemoryUsage of job (MB)
	48320084  -  ResidentSetSize of job (KB)
...
006 (7191346.000.000) 09/04 06:49:24 Image size of job updated: 59002392
	47223  -  MemoryUsage of job (MB)
	48356288  -  ResidentSetSize of job (KB)
...
006 (7191346.000.000) 09/04 07:49:29 Image size of job updated: 59002392
	47308  -  MemoryUsage of job (MB)
	48442944  -  ResidentSetSize of job (KB)
...
006 (7191346.000.000) 09/04 08:09:30 Image size of job updated: 59002392
	47379  -  MemoryUsage of job (MB)
	48515760  -  ResidentSetSize of job (KB)
...
006 (7191346.000.000) 09/04 08:29:32 Image size of job updated: 59002392
	47538  -  MemoryUsage of job (MB)
	48678908  -  ResidentSetSize of job (KB)
...
006 (7191346.000.000) 09/04 08:49:35 Image size of job updated: 59002392
	47747  -  MemoryUsage of job (MB)
	48892856  -  ResidentSetSize of job (KB)
...
006 (7191346.000.000) 09/04 08:54:36 Image size of job updated: 59002392
	47896  -  MemoryUsage of job (MB)
	49044684  -  ResidentSetSize of job (KB)
...
006 (7191346.000.000) 09/04 08:59:36 Image size of job updated: 59002392
	47905  -  MemoryUsage of job (MB)
	49054156  -  ResidentSetSize of job (KB)
...
006 (7191346.000.000) 09/04 09:04:38 Image size of job updated: 59002392
	48030  -  MemoryUsage of job (MB)
	49181812  -  ResidentSetSize of job (KB)
...
006 (7191346.000.000) 09/04 09:09:38 Image size of job updated: 59002392
	48346  -  MemoryUsage of job (MB)
	49505396  -  ResidentSetSize of job (KB)
...
006 (7191346.000.000) 09/04 10:29:43 Image size of job updated: 59002392
	48448  -  MemoryUsage of job (MB)
	49610200  -  ResidentSetSize of job (KB)
...
006 (7191346.000.000) 09/04 10:34:44 Image size of job updated: 59002392
	48816  -  MemoryUsage of job (MB)
	49987128  -  ResidentSetSize of job (KB)
...
006 (7191346.000.000) 09/04 10:39:45 Image size of job updated: 59002392
	49162  -  MemoryUsage of job (MB)
	50341580  -  ResidentSetSize of job (KB)
...
006 (7191346.000.000) 09/04 10:44:46 Image size of job updated: 59002392
	49345  -  MemoryUsage of job (MB)
	50528884  -  ResidentSetSize of job (KB)
...
006 (7191346.000.000) 09/04 10:49:47 Image size of job updated: 59002392
	49648  -  MemoryUsage of job (MB)
	50838968  -  ResidentSetSize of job (KB)
...
006 (7191346.000.000) 09/04 10:54:48 Image size of job updated: 59002392
	50043  -  MemoryUsage of job (MB)
	51243352  -  ResidentSetSize of job (KB)
...
006 (7191346.000.000) 09/04 10:59:49 Image size of job updated: 59002392
	50428  -  MemoryUsage of job (MB)
	51638212  -  ResidentSetSize of job (KB)
...
006 (7191346.000.000) 09/04 11:04:50 Image size of job updated: 59002392
	50431  -  MemoryUsage of job (MB)
	51641284  -  ResidentSetSize of job (KB)
...
006 (7191346.000.000) 09/04 11:24:52 Image size of job updated: 59002392
	50621  -  MemoryUsage of job (MB)
	51834932  -  ResidentSetSize of job (KB)
...
006 (7191346.000.000) 09/04 11:29:53 Image size of job updated: 59002392
	51408  -  MemoryUsage of job (MB)
	52641600  -  ResidentSetSize of job (KB)
...
006 (7191346.000.000) 09/04 11:34:54 Image size of job updated: 59002392
	52198  -  MemoryUsage of job (MB)
	53450472  -  ResidentSetSize of job (KB)
...
006 (7191346.000.000) 09/04 11:39:53 Image size of job updated: 59002392
	52986  -  MemoryUsage of job (MB)
	54256964  -  ResidentSetSize of job (KB)
...
006 (7191346.000.000) 09/04 11:44:54 Image size of job updated: 59002392
	52990  -  MemoryUsage of job (MB)
	54261572  -  ResidentSetSize of job (KB)
...
040 (7191346.000.000) 09/04 11:47:37 Started transferring output files
...
040 (7191346.000.000) 09/04 11:47:37 Finished transferring output files
...
005 (7191346.000.000) 09/04 11:47:39 Job terminated.
	(1) Normal termination (return value 0)
		Usr 5 06:53:00, Sys 2 17:32:51  -  Run Remote Usage
		Usr 0 00:00:00, Sys 0 00:00:00  -  Run Local Usage
		Usr 5 06:53:00, Sys 2 17:32:51  -  Total Remote Usage
		Usr 0 00:00:00, Sys 0 00:00:00  -  Total Local Usage
	466167  -  Run Bytes Sent By Job
	2939  -  Run Bytes Received By Job
	466167  -  Total Bytes Sent By Job
	2939  -  Total Bytes Received By Job
	Partitionable Resources :       Usage  Request Allocated Assigned
	   Cpus                 :        1.00        1         1 
	   Disk (KB)            : 16261789           3    297906 
	   Gpus (Average)       :        0.03        1         1 "GPU-c25adc0c"
	   GpusMemory (MB)      :     3147                       
	   Memory (MB)          :    52990        2000      2000 

	Job terminated of its own accord at 2024-09-04T09:47:35Z with exit-code 0.
...
