000 (7223598.001.000) 09/25 06:46:11 Job submitted from host: <137.138.44.55:9618?addrs=137.138.44.55-9618+[2001-1458-d00-1a--48]-9618&alias=bigbird17.cern.ch&noUDP&sock=schedd_1981_6134>
...
040 (7223598.001.000) 09/26 12:32:13 Started transferring input files
	Transferring to host: <188.185.190.94:9618?addrs=188.185.190.94-9618+[2001-1458-d03-b--100-15]-9618&alias=b9pgpun004.cern.ch&noUDP&sock=slot1_4_1705970_f1b6_18203>
...
040 (7223598.001.000) 09/26 12:32:13 Finished transferring input files
...
001 (7223598.001.000) 09/26 12:32:14 Job executing on host: <188.185.190.94:9618?addrs=188.185.190.94-9618+[2001-1458-d03-b--100-15]-9618&alias=b9pgpun004.cern.ch&noUDP&sock=startd_192842_268b>
	SlotName: slot1_4@b9pgpun004.cern.ch
	AvailableGPUs = { GPUs_GPU_704390e1 }
	CondorScratchDir = "/pool/condor/dir_1541192"
	Cpus = 1
	Disk = 3408563
	GPUs = 1
	GPUs_GPU_704390e1 = [ GlobalMemoryMb = 95235; MaxSupportedVersion = 12040; DriverVersion = 12.4; DeviceName = "NVIDIA H100 NVL"; CoresPerCU = 128; ECCEnabled = true; ComputeUnits = 132; ClockMhz = 1785.0; Id = "GPU-704390e1"; Capability = 9.0; DevicePciBusId = "0000:09:00.0"; DeviceUuid = "704390e1-320d-4335-fcdc-007b85ffea04" ]
	Memory = 2000
...
006 (7223598.001.000) 09/26 12:32:23 Image size of job updated: 2771488
	2707  -  MemoryUsage of job (MB)
	2771476  -  ResidentSetSize of job (KB)
...
006 (7223598.001.000) 09/26 12:37:26 Image size of job updated: 21205328
	20703  -  MemoryUsage of job (MB)
	21199796  -  ResidentSetSize of job (KB)
...
006 (7223598.001.000) 09/26 12:42:25 Image size of job updated: 21686756
	21163  -  MemoryUsage of job (MB)
	21670552  -  ResidentSetSize of job (KB)
...
006 (7223598.001.000) 09/26 12:47:26 Image size of job updated: 21853564
	21337  -  MemoryUsage of job (MB)
	21848260  -  ResidentSetSize of job (KB)
...
006 (7223598.001.000) 09/26 12:52:27 Image size of job updated: 21902700
	21379  -  MemoryUsage of job (MB)
	21891580  -  ResidentSetSize of job (KB)
...
006 (7223598.001.000) 09/26 12:57:28 Image size of job updated: 21976828
	21454  -  MemoryUsage of job (MB)
	21968076  -  ResidentSetSize of job (KB)
...
006 (7223598.001.000) 09/26 13:02:29 Image size of job updated: 22177752
	21649  -  MemoryUsage of job (MB)
	22168556  -  ResidentSetSize of job (KB)
...
006 (7223598.001.000) 09/26 13:07:30 Image size of job updated: 22265004
	21738  -  MemoryUsage of job (MB)
	22259292  -  ResidentSetSize of job (KB)
...
006 (7223598.001.000) 09/26 13:12:31 Image size of job updated: 22364232
	21827  -  MemoryUsage of job (MB)
	22350476  -  ResidentSetSize of job (KB)
...
006 (7223598.001.000) 09/26 13:17:31 Image size of job updated: 22653300
	22097  -  MemoryUsage of job (MB)
	22626936  -  ResidentSetSize of job (KB)
...
006 (7223598.001.000) 09/26 13:22:31 Image size of job updated: 22794052
	22260  -  MemoryUsage of job (MB)
	22794052  -  ResidentSetSize of job (KB)
...
006 (7223598.001.000) 09/26 13:27:32 Image size of job updated: 23407008
	22742  -  MemoryUsage of job (MB)
	23287244  -  ResidentSetSize of job (KB)
...
006 (7223598.001.000) 09/26 13:30:53 Image size of job updated: 25981228
	22742  -  MemoryUsage of job (MB)
	23287244  -  ResidentSetSize of job (KB)
...
040 (7223598.001.000) 09/26 13:30:54 Started transferring output files
...
040 (7223598.001.000) 09/26 13:30:54 Finished transferring output files
...
005 (7223598.001.000) 09/26 13:30:55 Job terminated.
	(1) Normal termination (return value 50)
		Usr 0 00:57:58, Sys 0 00:42:08  -  Run Remote Usage
		Usr 0 00:00:00, Sys 0 00:00:00  -  Run Local Usage
		Usr 0 00:57:58, Sys 0 00:42:08  -  Total Remote Usage
		Usr 0 00:00:00, Sys 0 00:00:00  -  Total Local Usage
	179566  -  Run Bytes Sent By Job
	1405  -  Run Bytes Received By Job
	179566  -  Total Bytes Sent By Job
	1405  -  Total Bytes Received By Job
	Partitionable Resources :       Usage  Request Allocated Assigned
	   Cpus                 :        1.00        1         1 
	   Disk (KB)            : 21710265           2   3408563 
	   Gpus (Average)       :        0.00        1         1 "GPU-704390e1"
	   GpusMemory (MB)      :      599                       
	   Memory (MB)          :    22742        2000      2000 

	Job terminated of its own accord at 2024-09-26T11:30:53Z with exit-code 50.
...
