000 (7234687.006.000) 10/04 05:18:45 Job submitted from host: <137.138.44.55:9618?addrs=137.138.44.55-9618+[2001-1458-d00-1a--48]-9618&alias=bigbird17.cern.ch&noUDP&sock=schedd_1981_6134>
...
040 (7234687.006.000) 10/04 19:24:16 Started transferring input files
	Transferring to host: <188.185.198.111:9618?addrs=188.185.198.111-9618+[2001-1458-303-25--100-6b]-9618&alias=b9p15p4924.cern.ch&noUDP&sock=slot1_30_1047965_e550_14357>
...
040 (7234687.006.000) 10/04 19:24:16 Finished transferring input files
...
001 (7234687.006.000) 10/04 19:24:17 Job executing on host: <188.185.198.111:9618?addrs=188.185.198.111-9618+[2001-1458-303-25--100-6b]-9618&alias=b9p15p4924.cern.ch&noUDP&sock=startd_11856_ceef>
	SlotName: slot1_30@b9p15p4924.cern.ch
	CondorScratchDir = "/pool/condor/dir_532294"
	Cpus = 1
	Disk = 3149390
	Memory = 2000
...
006 (7234687.006.000) 10/04 19:24:26 Image size of job updated: 278216
	272  -  MemoryUsage of job (MB)
	278156  -  ResidentSetSize of job (KB)
...
006 (7234687.006.000) 10/04 19:29:26 Image size of job updated: 946788
	725  -  MemoryUsage of job (MB)
	742268  -  ResidentSetSize of job (KB)
...
006 (7234687.006.000) 10/04 19:34:27 Image size of job updated: 946788
	728  -  MemoryUsage of job (MB)
	744660  -  ResidentSetSize of job (KB)
...
006 (7234687.006.000) 10/04 19:39:27 Image size of job updated: 946788
	729  -  MemoryUsage of job (MB)
	746244  -  ResidentSetSize of job (KB)
...
006 (7234687.006.000) 10/04 19:44:28 Image size of job updated: 946788
	731  -  MemoryUsage of job (MB)
	747624  -  ResidentSetSize of job (KB)
...
006 (7234687.006.000) 10/04 19:49:28 Image size of job updated: 946788
	732  -  MemoryUsage of job (MB)
	748816  -  ResidentSetSize of job (KB)
...
006 (7234687.006.000) 10/04 19:54:29 Image size of job updated: 946788
	736  -  MemoryUsage of job (MB)
	753424  -  ResidentSetSize of job (KB)
...
006 (7234687.006.000) 10/04 19:59:29 Image size of job updated: 946788
	737  -  MemoryUsage of job (MB)
	754640  -  ResidentSetSize of job (KB)
...
006 (7234687.006.000) 10/04 20:04:30 Image size of job updated: 946788
	738  -  MemoryUsage of job (MB)
	755668  -  ResidentSetSize of job (KB)
...
006 (7234687.006.000) 10/04 20:09:30 Image size of job updated: 946788
	741  -  MemoryUsage of job (MB)
	758088  -  ResidentSetSize of job (KB)
...
006 (7234687.006.000) 10/04 20:19:31 Image size of job updated: 946788
	745  -  MemoryUsage of job (MB)
	761948  -  ResidentSetSize of job (KB)
...
006 (7234687.006.000) 10/04 20:34:32 Image size of job updated: 946788
	746  -  MemoryUsage of job (MB)
	763152  -  ResidentSetSize of job (KB)
...
006 (7234687.006.000) 10/04 20:39:32 Image size of job updated: 946788
	748  -  MemoryUsage of job (MB)
	765624  -  ResidentSetSize of job (KB)
...
006 (7234687.006.000) 10/04 21:09:34 Image size of job updated: 946788
	749  -  MemoryUsage of job (MB)
	766672  -  ResidentSetSize of job (KB)
...
006 (7234687.006.000) 10/04 21:14:35 Image size of job updated: 946788
	750  -  MemoryUsage of job (MB)
	767232  -  ResidentSetSize of job (KB)
...
006 (7234687.006.000) 10/04 21:19:35 Image size of job updated: 946788
	753  -  MemoryUsage of job (MB)
	770280  -  ResidentSetSize of job (KB)
...
006 (7234687.006.000) 10/04 21:24:35 Image size of job updated: 946788
	756  -  MemoryUsage of job (MB)
	773468  -  ResidentSetSize of job (KB)
...
006 (7234687.006.000) 10/04 21:29:36 Image size of job updated: 946788
	757  -  MemoryUsage of job (MB)
	774652  -  ResidentSetSize of job (KB)
...
006 (7234687.006.000) 10/04 21:44:37 Image size of job updated: 946788
	757  -  MemoryUsage of job (MB)
	774660  -  ResidentSetSize of job (KB)
...
006 (7234687.006.000) 10/04 21:49:37 Image size of job updated: 946788
	762  -  MemoryUsage of job (MB)
	779820  -  ResidentSetSize of job (KB)
...
006 (7234687.006.000) 10/04 22:04:38 Image size of job updated: 946788
	765  -  MemoryUsage of job (MB)
	782432  -  ResidentSetSize of job (KB)
...
006 (7234687.006.000) 10/04 22:09:39 Image size of job updated: 946788
	767  -  MemoryUsage of job (MB)
	784676  -  ResidentSetSize of job (KB)
...
006 (7234687.006.000) 10/04 22:19:40 Image size of job updated: 946788
	770  -  MemoryUsage of job (MB)
	788412  -  ResidentSetSize of job (KB)
...
006 (7234687.006.000) 10/04 22:29:41 Image size of job updated: 946788
	772  -  MemoryUsage of job (MB)
	790328  -  ResidentSetSize of job (KB)
...
006 (7234687.006.000) 10/04 22:34:42 Image size of job updated: 946788
	773  -  MemoryUsage of job (MB)
	791504  -  ResidentSetSize of job (KB)
...
006 (7234687.006.000) 10/04 22:39:43 Image size of job updated: 946788
	776  -  MemoryUsage of job (MB)
	793692  -  ResidentSetSize of job (KB)
...
006 (7234687.006.000) 10/04 22:49:44 Image size of job updated: 946788
	777  -  MemoryUsage of job (MB)
	795040  -  ResidentSetSize of job (KB)
...
006 (7234687.006.000) 10/04 22:54:45 Image size of job updated: 946788
	777  -  MemoryUsage of job (MB)
	795460  -  ResidentSetSize of job (KB)
...
006 (7234687.006.000) 10/04 22:59:45 Image size of job updated: 946788
	778  -  MemoryUsage of job (MB)
	796600  -  ResidentSetSize of job (KB)
...
006 (7234687.006.000) 10/04 23:04:46 Image size of job updated: 946788
	780  -  MemoryUsage of job (MB)
	797952  -  ResidentSetSize of job (KB)
...
006 (7234687.006.000) 10/04 23:09:47 Image size of job updated: 946788
	781  -  MemoryUsage of job (MB)
	798960  -  ResidentSetSize of job (KB)
...
006 (7234687.006.000) 10/04 23:14:47 Image size of job updated: 946788
	782  -  MemoryUsage of job (MB)
	800188  -  ResidentSetSize of job (KB)
...
006 (7234687.006.000) 10/04 23:19:48 Image size of job updated: 946788
	783  -  MemoryUsage of job (MB)
	801728  -  ResidentSetSize of job (KB)
...
006 (7234687.006.000) 10/04 23:24:49 Image size of job updated: 946788
	784  -  MemoryUsage of job (MB)
	802752  -  ResidentSetSize of job (KB)
...
006 (7234687.006.000) 10/04 23:29:49 Image size of job updated: 946788
	786  -  MemoryUsage of job (MB)
	804748  -  ResidentSetSize of job (KB)
...
006 (7234687.006.000) 10/04 23:34:50 Image size of job updated: 946788
	788  -  MemoryUsage of job (MB)
	806620  -  ResidentSetSize of job (KB)
...
006 (7234687.006.000) 10/04 23:39:51 Image size of job updated: 946788
	790  -  MemoryUsage of job (MB)
	808160  -  ResidentSetSize of job (KB)
...
006 (7234687.006.000) 10/04 23:44:51 Image size of job updated: 946788
	790  -  MemoryUsage of job (MB)
	808692  -  ResidentSetSize of job (KB)
...
006 (7234687.006.000) 10/04 23:49:52 Image size of job updated: 946788
	792  -  MemoryUsage of job (MB)
	810320  -  ResidentSetSize of job (KB)
...
006 (7234687.006.000) 10/04 23:54:52 Image size of job updated: 946788
	795  -  MemoryUsage of job (MB)
	813844  -  ResidentSetSize of job (KB)
...
006 (7234687.006.000) 10/05 00:14:53 Image size of job updated: 946788
	796  -  MemoryUsage of job (MB)
	814468  -  ResidentSetSize of job (KB)
...
006 (7234687.006.000) 10/05 00:24:54 Image size of job updated: 946788
	797  -  MemoryUsage of job (MB)
	815432  -  ResidentSetSize of job (KB)
...
006 (7234687.006.000) 10/05 00:29:55 Image size of job updated: 946788
	798  -  MemoryUsage of job (MB)
	816304  -  ResidentSetSize of job (KB)
...
006 (7234687.006.000) 10/05 00:34:55 Image size of job updated: 946788
	798  -  MemoryUsage of job (MB)
	816560  -  ResidentSetSize of job (KB)
...
006 (7234687.006.000) 10/05 00:39:56 Image size of job updated: 946788
	800  -  MemoryUsage of job (MB)
	818892  -  ResidentSetSize of job (KB)
...
006 (7234687.006.000) 10/05 00:49:57 Image size of job updated: 946788
	801  -  MemoryUsage of job (MB)
	819524  -  ResidentSetSize of job (KB)
...
006 (7234687.006.000) 10/05 00:54:58 Image size of job updated: 946788
	801  -  MemoryUsage of job (MB)
	820032  -  ResidentSetSize of job (KB)
...
006 (7234687.006.000) 10/05 00:59:58 Image size of job updated: 946788
	802  -  MemoryUsage of job (MB)
	820432  -  ResidentSetSize of job (KB)
...
006 (7234687.006.000) 10/05 01:04:58 Image size of job updated: 946788
	803  -  MemoryUsage of job (MB)
	821296  -  ResidentSetSize of job (KB)
...
006 (7234687.006.000) 10/05 01:14:59 Image size of job updated: 946788
	806  -  MemoryUsage of job (MB)
	824540  -  ResidentSetSize of job (KB)
...
006 (7234687.006.000) 10/05 01:25:00 Image size of job updated: 946788
	806  -  MemoryUsage of job (MB)
	825236  -  ResidentSetSize of job (KB)
...
006 (7234687.006.000) 10/05 01:30:01 Image size of job updated: 946788
	807  -  MemoryUsage of job (MB)
	825816  -  ResidentSetSize of job (KB)
...
006 (7234687.006.000) 10/05 01:35:02 Image size of job updated: 946788
	810  -  MemoryUsage of job (MB)
	829080  -  ResidentSetSize of job (KB)
...
006 (7234687.006.000) 10/05 01:40:02 Image size of job updated: 946788
	811  -  MemoryUsage of job (MB)
	829608  -  ResidentSetSize of job (KB)
...
006 (7234687.006.000) 10/05 01:55:04 Image size of job updated: 946788
	811  -  MemoryUsage of job (MB)
	830328  -  ResidentSetSize of job (KB)
...
006 (7234687.006.000) 10/05 02:00:05 Image size of job updated: 946788
	812  -  MemoryUsage of job (MB)
	830836  -  ResidentSetSize of job (KB)
...
006 (7234687.006.000) 10/05 02:05:05 Image size of job updated: 946788
	812  -  MemoryUsage of job (MB)
	831456  -  ResidentSetSize of job (KB)
...
006 (7234687.006.000) 10/05 02:10:05 Image size of job updated: 946788
	814  -  MemoryUsage of job (MB)
	833352  -  ResidentSetSize of job (KB)
...
006 (7234687.006.000) 10/05 02:15:06 Image size of job updated: 946788
	815  -  MemoryUsage of job (MB)
	834148  -  ResidentSetSize of job (KB)
...
006 (7234687.006.000) 10/05 02:20:06 Image size of job updated: 946788
	815  -  MemoryUsage of job (MB)
	834316  -  ResidentSetSize of job (KB)
...
006 (7234687.006.000) 10/05 02:25:06 Image size of job updated: 946788
	816  -  MemoryUsage of job (MB)
	835000  -  ResidentSetSize of job (KB)
...
006 (7234687.006.000) 10/05 02:30:07 Image size of job updated: 946788
	816  -  MemoryUsage of job (MB)
	835048  -  ResidentSetSize of job (KB)
...
006 (7234687.006.000) 10/05 02:35:07 Image size of job updated: 946788
	816  -  MemoryUsage of job (MB)
	835336  -  ResidentSetSize of job (KB)
...
006 (7234687.006.000) 10/05 02:40:08 Image size of job updated: 946788
	818  -  MemoryUsage of job (MB)
	837524  -  ResidentSetSize of job (KB)
...
006 (7234687.006.000) 10/05 02:45:08 Image size of job updated: 946788
	819  -  MemoryUsage of job (MB)
	838652  -  ResidentSetSize of job (KB)
...
006 (7234687.006.000) 10/05 02:50:09 Image size of job updated: 946788
	821  -  MemoryUsage of job (MB)
	840052  -  ResidentSetSize of job (KB)
...
006 (7234687.006.000) 10/05 02:55:10 Image size of job updated: 946788
	821  -  MemoryUsage of job (MB)
	840428  -  ResidentSetSize of job (KB)
...
006 (7234687.006.000) 10/05 03:00:10 Image size of job updated: 946788
	822  -  MemoryUsage of job (MB)
	840860  -  ResidentSetSize of job (KB)
...
006 (7234687.006.000) 10/05 03:05:11 Image size of job updated: 946788
	823  -  MemoryUsage of job (MB)
	842388  -  ResidentSetSize of job (KB)
...
006 (7234687.006.000) 10/05 03:10:12 Image size of job updated: 946788
	825  -  MemoryUsage of job (MB)
	844224  -  ResidentSetSize of job (KB)
...
006 (7234687.006.000) 10/05 03:15:12 Image size of job updated: 946788
	825  -  MemoryUsage of job (MB)
	844512  -  ResidentSetSize of job (KB)
...
006 (7234687.006.000) 10/05 03:20:13 Image size of job updated: 946788
	826  -  MemoryUsage of job (MB)
	845748  -  ResidentSetSize of job (KB)
...
006 (7234687.006.000) 10/05 03:25:14 Image size of job updated: 946788
	827  -  MemoryUsage of job (MB)
	846324  -  ResidentSetSize of job (KB)
...
006 (7234687.006.000) 10/05 03:30:15 Image size of job updated: 946788
	827  -  MemoryUsage of job (MB)
	846580  -  ResidentSetSize of job (KB)
...
006 (7234687.006.000) 10/05 03:35:15 Image size of job updated: 946788
	828  -  MemoryUsage of job (MB)
	847712  -  ResidentSetSize of job (KB)
...
006 (7234687.006.000) 10/05 03:40:16 Image size of job updated: 946788
	830  -  MemoryUsage of job (MB)
	849684  -  ResidentSetSize of job (KB)
...
006 (7234687.006.000) 10/05 03:45:17 Image size of job updated: 946788
	831  -  MemoryUsage of job (MB)
	850160  -  ResidentSetSize of job (KB)
...
006 (7234687.006.000) 10/05 03:50:17 Image size of job updated: 946788
	832  -  MemoryUsage of job (MB)
	851116  -  ResidentSetSize of job (KB)
...
006 (7234687.006.000) 10/05 03:55:18 Image size of job updated: 946788
	833  -  MemoryUsage of job (MB)
	852852  -  ResidentSetSize of job (KB)
...
006 (7234687.006.000) 10/05 04:00:19 Image size of job updated: 946788
	833  -  MemoryUsage of job (MB)
	852888  -  ResidentSetSize of job (KB)
...
006 (7234687.006.000) 10/05 04:05:19 Image size of job updated: 946788
	835  -  MemoryUsage of job (MB)
	854560  -  ResidentSetSize of job (KB)
...
006 (7234687.006.000) 10/05 04:10:20 Image size of job updated: 946788
	836  -  MemoryUsage of job (MB)
	856044  -  ResidentSetSize of job (KB)
...
006 (7234687.006.000) 10/05 04:15:21 Image size of job updated: 946788
	837  -  MemoryUsage of job (MB)
	856952  -  ResidentSetSize of job (KB)
...
006 (7234687.006.000) 10/05 04:20:21 Image size of job updated: 946788
	838  -  MemoryUsage of job (MB)
	857768  -  ResidentSetSize of job (KB)
...
006 (7234687.006.000) 10/05 04:25:22 Image size of job updated: 946788
	839  -  MemoryUsage of job (MB)
	858392  -  ResidentSetSize of job (KB)
...
006 (7234687.006.000) 10/05 04:30:22 Image size of job updated: 946788
	843  -  MemoryUsage of job (MB)
	862524  -  ResidentSetSize of job (KB)
...
006 (7234687.006.000) 10/05 04:35:22 Image size of job updated: 946788
	843  -  MemoryUsage of job (MB)
	862836  -  ResidentSetSize of job (KB)
...
006 (7234687.006.000) 10/05 04:40:23 Image size of job updated: 946788
	844  -  MemoryUsage of job (MB)
	863540  -  ResidentSetSize of job (KB)
...
006 (7234687.006.000) 10/05 04:45:23 Image size of job updated: 946788
	845  -  MemoryUsage of job (MB)
	864948  -  ResidentSetSize of job (KB)
...
006 (7234687.006.000) 10/05 04:50:23 Image size of job updated: 946788
	847  -  MemoryUsage of job (MB)
	866560  -  ResidentSetSize of job (KB)
...
006 (7234687.006.000) 10/05 04:55:24 Image size of job updated: 946788
	848  -  MemoryUsage of job (MB)
	867572  -  ResidentSetSize of job (KB)
...
006 (7234687.006.000) 10/05 05:05:25 Image size of job updated: 946788
	851  -  MemoryUsage of job (MB)
	870972  -  ResidentSetSize of job (KB)
...
006 (7234687.006.000) 10/05 05:10:25 Image size of job updated: 946788
	853  -  MemoryUsage of job (MB)
	873272  -  ResidentSetSize of job (KB)
...
006 (7234687.006.000) 10/05 05:15:25 Image size of job updated: 946788
	855  -  MemoryUsage of job (MB)
	874736  -  ResidentSetSize of job (KB)
...
006 (7234687.006.000) 10/05 05:25:26 Image size of job updated: 946788
	855  -  MemoryUsage of job (MB)
	875320  -  ResidentSetSize of job (KB)
...
006 (7234687.006.000) 10/05 05:30:27 Image size of job updated: 946788
	857  -  MemoryUsage of job (MB)
	877088  -  ResidentSetSize of job (KB)
...
006 (7234687.006.000) 10/05 05:50:30 Image size of job updated: 946788
	858  -  MemoryUsage of job (MB)
	878340  -  ResidentSetSize of job (KB)
...
006 (7234687.006.000) 10/05 05:55:30 Image size of job updated: 946788
	862  -  MemoryUsage of job (MB)
	881892  -  ResidentSetSize of job (KB)
...
006 (7234687.006.000) 10/05 06:00:31 Image size of job updated: 946788
	863  -  MemoryUsage of job (MB)
	883404  -  ResidentSetSize of job (KB)
...
006 (7234687.006.000) 10/05 06:05:32 Image size of job updated: 946788
	866  -  MemoryUsage of job (MB)
	886560  -  ResidentSetSize of job (KB)
...
006 (7234687.006.000) 10/05 06:10:32 Image size of job updated: 946788
	867  -  MemoryUsage of job (MB)
	887168  -  ResidentSetSize of job (KB)
...
006 (7234687.006.000) 10/05 06:15:33 Image size of job updated: 946788
	875  -  MemoryUsage of job (MB)
	894980  -  ResidentSetSize of job (KB)
...
006 (7234687.006.000) 10/05 06:20:34 Image size of job updated: 946788
	875  -  MemoryUsage of job (MB)
	895748  -  ResidentSetSize of job (KB)
...
006 (7234687.006.000) 10/05 06:50:36 Image size of job updated: 946788
	879  -  MemoryUsage of job (MB)
	899272  -  ResidentSetSize of job (KB)
...
006 (7234687.006.000) 10/05 06:55:37 Image size of job updated: 946788
	882  -  MemoryUsage of job (MB)
	902412  -  ResidentSetSize of job (KB)
...
022 (7234687.006.000) 10/07 11:58:01 Job disconnected, attempting to reconnect
    Socket between submit and execute hosts closed unexpectedly
    Trying to reconnect to slot1_30@b9p15p4924.cern.ch <188.185.198.111:9618?addrs=188.185.198.111-9618+[2001-1458-303-25--100-6b]-9618&alias=b9p15p4924.cern.ch&noUDP&sock=startd_11856_ceef>
...
024 (7234687.006.000) 10/07 13:28:01 Job reconnection failed
    Job disconnected too long: JobLeaseDuration (5400 seconds) expired
    Can not reconnect to slot1_30@b9p15p4924.cern.ch, rescheduling job
...
040 (7234687.006.000) 10/07 14:14:20 Started transferring input files
	Transferring to host: <188.185.198.111:9618?addrs=188.185.198.111-9618+[2001-1458-303-25--100-6b]-9618&alias=b9p15p4924.cern.ch&noUDP&sock=slot1_16_2276467_b0b5_119>
...
040 (7234687.006.000) 10/07 14:14:20 Finished transferring input files
...
001 (7234687.006.000) 10/07 14:14:21 Job executing on host: <188.185.198.111:9618?addrs=188.185.198.111-9618+[2001-1458-303-25--100-6b]-9618&alias=b9p15p4924.cern.ch&noUDP&sock=startd_11856_ceef>
	SlotName: slot1_16@b9p15p4924.cern.ch
	CondorScratchDir = "/pool/condor/dir_2417506"
	Cpus = 1
	Disk = 3148369
	Memory = 2000
...
006 (7234687.006.000) 10/08 01:20:38 Image size of job updated: 1002316
	977  -  MemoryUsage of job (MB)
	1000000  -  ResidentSetSize of job (KB)
...
006 (7234687.006.000) 10/08 01:40:40 Image size of job updated: 1003532
	977  -  MemoryUsage of job (MB)
	1000000  -  ResidentSetSize of job (KB)
...
006 (7234687.006.000) 10/08 01:45:41 Image size of job updated: 1009048
	977  -  MemoryUsage of job (MB)
	1000372  -  ResidentSetSize of job (KB)
...
006 (7234687.006.000) 10/08 01:50:41 Image size of job updated: 1013384
	981  -  MemoryUsage of job (MB)
	1003784  -  ResidentSetSize of job (KB)
...
006 (7234687.006.000) 10/08 01:55:42 Image size of job updated: 1016196
	985  -  MemoryUsage of job (MB)
	1007696  -  ResidentSetSize of job (KB)
...
006 (7234687.006.000) 10/08 02:00:43 Image size of job updated: 1021152
	988  -  MemoryUsage of job (MB)
	1011556  -  ResidentSetSize of job (KB)
...
006 (7234687.006.000) 10/08 02:05:43 Image size of job updated: 1024652
	993  -  MemoryUsage of job (MB)
	1015820  -  ResidentSetSize of job (KB)
...
006 (7234687.006.000) 10/08 02:10:43 Image size of job updated: 1024652
	995  -  MemoryUsage of job (MB)
	1018268  -  ResidentSetSize of job (KB)
...
006 (7234687.006.000) 10/08 02:15:43 Image size of job updated: 1031440
	998  -  MemoryUsage of job (MB)
	1021652  -  ResidentSetSize of job (KB)
...
006 (7234687.006.000) 10/08 02:20:44 Image size of job updated: 1031440
	1000  -  MemoryUsage of job (MB)
	1023168  -  ResidentSetSize of job (KB)
...
006 (7234687.006.000) 10/08 02:25:44 Image size of job updated: 1031440
	1001  -  MemoryUsage of job (MB)
	1024792  -  ResidentSetSize of job (KB)
...
006 (7234687.006.000) 10/08 02:30:45 Image size of job updated: 1034168
	1003  -  MemoryUsage of job (MB)
	1026760  -  ResidentSetSize of job (KB)
...
006 (7234687.006.000) 10/08 02:35:46 Image size of job updated: 1035348
	1006  -  MemoryUsage of job (MB)
	1029268  -  ResidentSetSize of job (KB)
...
006 (7234687.006.000) 10/08 02:40:46 Image size of job updated: 1038176
	1008  -  MemoryUsage of job (MB)
	1031880  -  ResidentSetSize of job (KB)
...
006 (7234687.006.000) 10/08 02:45:47 Image size of job updated: 1041784
	1011  -  MemoryUsage of job (MB)
	1035148  -  ResidentSetSize of job (KB)
...
006 (7234687.006.000) 10/08 02:50:48 Image size of job updated: 1043268
	1014  -  MemoryUsage of job (MB)
	1037416  -  ResidentSetSize of job (KB)
...
006 (7234687.006.000) 10/08 02:55:48 Image size of job updated: 1054396
	1018  -  MemoryUsage of job (MB)
	1041580  -  ResidentSetSize of job (KB)
...
006 (7234687.006.000) 10/08 03:00:49 Image size of job updated: 1054396
	1022  -  MemoryUsage of job (MB)
	1046172  -  ResidentSetSize of job (KB)
...
006 (7234687.006.000) 10/08 03:05:49 Image size of job updated: 1056136
	1022  -  MemoryUsage of job (MB)
	1046456  -  ResidentSetSize of job (KB)
...
006 (7234687.006.000) 10/08 03:10:50 Image size of job updated: 1056136
	1026  -  MemoryUsage of job (MB)
	1049916  -  ResidentSetSize of job (KB)
...
006 (7234687.006.000) 10/08 03:15:51 Image size of job updated: 1057472
	1028  -  MemoryUsage of job (MB)
	1052428  -  ResidentSetSize of job (KB)
...
006 (7234687.006.000) 10/08 03:20:51 Image size of job updated: 1058320
	1034  -  MemoryUsage of job (MB)
	1057972  -  ResidentSetSize of job (KB)
...
006 (7234687.006.000) 10/08 03:25:51 Image size of job updated: 1065732
	1036  -  MemoryUsage of job (MB)
	1060564  -  ResidentSetSize of job (KB)
...
006 (7234687.006.000) 10/08 03:40:52 Image size of job updated: 1069552
	1039  -  MemoryUsage of job (MB)
	1063416  -  ResidentSetSize of job (KB)
...
006 (7234687.006.000) 10/08 03:45:53 Image size of job updated: 1069552
	1040  -  MemoryUsage of job (MB)
	1064876  -  ResidentSetSize of job (KB)
...
006 (7234687.006.000) 10/08 03:50:53 Image size of job updated: 1073176
	1043  -  MemoryUsage of job (MB)
	1067468  -  ResidentSetSize of job (KB)
...
006 (7234687.006.000) 10/08 03:55:54 Image size of job updated: 1073176
	1044  -  MemoryUsage of job (MB)
	1068948  -  ResidentSetSize of job (KB)
...
006 (7234687.006.000) 10/08 04:00:55 Image size of job updated: 1073772
	1046  -  MemoryUsage of job (MB)
	1070464  -  ResidentSetSize of job (KB)
...
006 (7234687.006.000) 10/08 04:05:55 Image size of job updated: 1077192
	1048  -  MemoryUsage of job (MB)
	1072340  -  ResidentSetSize of job (KB)
...
006 (7234687.006.000) 10/08 04:10:56 Image size of job updated: 1077896
	1049  -  MemoryUsage of job (MB)
	1074096  -  ResidentSetSize of job (KB)
...
006 (7234687.006.000) 10/08 04:15:56 Image size of job updated: 1080324
	1051  -  MemoryUsage of job (MB)
	1075696  -  ResidentSetSize of job (KB)
...
006 (7234687.006.000) 10/08 04:20:57 Image size of job updated: 1080928
	1052  -  MemoryUsage of job (MB)
	1077172  -  ResidentSetSize of job (KB)
...
006 (7234687.006.000) 10/08 04:25:57 Image size of job updated: 1081604
	1054  -  MemoryUsage of job (MB)
	1078760  -  ResidentSetSize of job (KB)
...
006 (7234687.006.000) 10/08 04:30:58 Image size of job updated: 1083836
	1055  -  MemoryUsage of job (MB)
	1080108  -  ResidentSetSize of job (KB)
...
006 (7234687.006.000) 10/08 04:35:58 Image size of job updated: 1083836
	1056  -  MemoryUsage of job (MB)
	1080620  -  ResidentSetSize of job (KB)
...
006 (7234687.006.000) 10/08 04:40:59 Image size of job updated: 1087496
	1058  -  MemoryUsage of job (MB)
	1082672  -  ResidentSetSize of job (KB)
...
006 (7234687.006.000) 10/08 04:45:59 Image size of job updated: 1091320
	1063  -  MemoryUsage of job (MB)
	1088228  -  ResidentSetSize of job (KB)
...
006 (7234687.006.000) 10/08 04:51:00 Image size of job updated: 1096412
	1064  -  MemoryUsage of job (MB)
	1089216  -  ResidentSetSize of job (KB)
...
006 (7234687.006.000) 10/08 04:56:00 Image size of job updated: 1096412
	1065  -  MemoryUsage of job (MB)
	1089808  -  ResidentSetSize of job (KB)
...
006 (7234687.006.000) 10/08 05:01:01 Image size of job updated: 1096832
	1069  -  MemoryUsage of job (MB)
	1094316  -  ResidentSetSize of job (KB)
...
006 (7234687.006.000) 10/08 05:16:03 Image size of job updated: 1096832
	1071  -  MemoryUsage of job (MB)
	1095792  -  ResidentSetSize of job (KB)
...
006 (7234687.006.000) 10/08 05:21:03 Image size of job updated: 1097740
	1071  -  MemoryUsage of job (MB)
	1095792  -  ResidentSetSize of job (KB)
...
006 (7234687.006.000) 10/08 05:31:04 Image size of job updated: 1098392
	1071  -  MemoryUsage of job (MB)
	1095792  -  ResidentSetSize of job (KB)
...
006 (7234687.006.000) 10/08 05:36:05 Image size of job updated: 1099320
	1074  -  MemoryUsage of job (MB)
	1098916  -  ResidentSetSize of job (KB)
...
006 (7234687.006.000) 10/08 05:41:05 Image size of job updated: 1102200
	1077  -  MemoryUsage of job (MB)
	1102056  -  ResidentSetSize of job (KB)
...
006 (7234687.006.000) 10/08 05:46:06 Image size of job updated: 1106120
	1077  -  MemoryUsage of job (MB)
	1102056  -  ResidentSetSize of job (KB)
...
006 (7234687.006.000) 10/08 06:26:10 Image size of job updated: 1106120
	1077  -  MemoryUsage of job (MB)
	1102716  -  ResidentSetSize of job (KB)
...
006 (7234687.006.000) 10/08 06:31:11 Image size of job updated: 1106120
	1078  -  MemoryUsage of job (MB)
	1103576  -  ResidentSetSize of job (KB)
...
006 (7234687.006.000) 10/08 06:36:12 Image size of job updated: 1107736
	1078  -  MemoryUsage of job (MB)
	1103576  -  ResidentSetSize of job (KB)
...
006 (7234687.006.000) 10/08 07:16:15 Image size of job updated: 1107964
	1078  -  MemoryUsage of job (MB)
	1103576  -  ResidentSetSize of job (KB)
...
006 (7234687.006.000) 10/08 07:21:15 Image size of job updated: 1110968
	1081  -  MemoryUsage of job (MB)
	1106268  -  ResidentSetSize of job (KB)
...
006 (7234687.006.000) 10/08 07:26:16 Image size of job updated: 1111012
	1081  -  MemoryUsage of job (MB)
	1106268  -  ResidentSetSize of job (KB)
...
006 (7234687.006.000) 10/08 07:31:17 Image size of job updated: 1111012
	1083  -  MemoryUsage of job (MB)
	1108836  -  ResidentSetSize of job (KB)
...
006 (7234687.006.000) 10/08 07:36:17 Image size of job updated: 1113936
	1083  -  MemoryUsage of job (MB)
	1108836  -  ResidentSetSize of job (KB)
...
006 (7234687.006.000) 10/08 07:41:18 Image size of job updated: 1118772
	1086  -  MemoryUsage of job (MB)
	1111896  -  ResidentSetSize of job (KB)
...
006 (7234687.006.000) 10/08 07:46:18 Image size of job updated: 1118772
	1087  -  MemoryUsage of job (MB)
	1112500  -  ResidentSetSize of job (KB)
...
006 (7234687.006.000) 10/08 07:51:19 Image size of job updated: 1118772
	1088  -  MemoryUsage of job (MB)
	1113352  -  ResidentSetSize of job (KB)
...
006 (7234687.006.000) 10/08 07:56:19 Image size of job updated: 1120772
	1090  -  MemoryUsage of job (MB)
	1115180  -  ResidentSetSize of job (KB)
...
006 (7234687.006.000) 10/08 08:01:20 Image size of job updated: 1122252
	1091  -  MemoryUsage of job (MB)
	1116968  -  ResidentSetSize of job (KB)
...
006 (7234687.006.000) 10/08 08:06:20 Image size of job updated: 1124220
	1093  -  MemoryUsage of job (MB)
	1119152  -  ResidentSetSize of job (KB)
...
006 (7234687.006.000) 10/08 08:11:21 Image size of job updated: 1125292
	1094  -  MemoryUsage of job (MB)
	1119892  -  ResidentSetSize of job (KB)
...
006 (7234687.006.000) 10/08 08:16:21 Image size of job updated: 1125640
	1096  -  MemoryUsage of job (MB)
	1121856  -  ResidentSetSize of job (KB)
...
006 (7234687.006.000) 10/08 08:21:21 Image size of job updated: 1128800
	1098  -  MemoryUsage of job (MB)
	1123680  -  ResidentSetSize of job (KB)
...
006 (7234687.006.000) 10/08 08:26:22 Image size of job updated: 1130660
	1100  -  MemoryUsage of job (MB)
	1126216  -  ResidentSetSize of job (KB)
...
006 (7234687.006.000) 10/08 08:31:22 Image size of job updated: 1131072
	1101  -  MemoryUsage of job (MB)
	1126896  -  ResidentSetSize of job (KB)
...
006 (7234687.006.000) 10/08 08:36:23 Image size of job updated: 1134852
	1104  -  MemoryUsage of job (MB)
	1130304  -  ResidentSetSize of job (KB)
...
006 (7234687.006.000) 10/08 08:41:23 Image size of job updated: 1134852
	1108  -  MemoryUsage of job (MB)
	1133644  -  ResidentSetSize of job (KB)
...
006 (7234687.006.000) 10/08 08:46:24 Image size of job updated: 1137232
	1108  -  MemoryUsage of job (MB)
	1133644  -  ResidentSetSize of job (KB)
...
006 (7234687.006.000) 10/08 09:01:25 Image size of job updated: 1144812
	1108  -  MemoryUsage of job (MB)
	1133644  -  ResidentSetSize of job (KB)
...
006 (7234687.006.000) 10/08 09:06:26 Image size of job updated: 1144812
	1108  -  MemoryUsage of job (MB)
	1134264  -  ResidentSetSize of job (KB)
...
006 (7234687.006.000) 10/08 09:11:26 Image size of job updated: 1144812
	1110  -  MemoryUsage of job (MB)
	1136272  -  ResidentSetSize of job (KB)
...
006 (7234687.006.000) 10/08 09:16:27 Image size of job updated: 1144812
	1115  -  MemoryUsage of job (MB)
	1141044  -  ResidentSetSize of job (KB)
...
006 (7234687.006.000) 10/08 09:26:28 Image size of job updated: 1147624
	1116  -  MemoryUsage of job (MB)
	1141920  -  ResidentSetSize of job (KB)
...
006 (7234687.006.000) 10/08 09:31:28 Image size of job updated: 1151276
	1116  -  MemoryUsage of job (MB)
	1141920  -  ResidentSetSize of job (KB)
...
006 (7234687.006.000) 10/08 09:41:29 Image size of job updated: 1151276
	1119  -  MemoryUsage of job (MB)
	1145296  -  ResidentSetSize of job (KB)
...
006 (7234687.006.000) 10/08 09:46:29 Image size of job updated: 1151276
	1122  -  MemoryUsage of job (MB)
	1148928  -  ResidentSetSize of job (KB)
...
006 (7234687.006.000) 10/08 09:51:30 Image size of job updated: 1154764
	1127  -  MemoryUsage of job (MB)
	1153928  -  ResidentSetSize of job (KB)
...
006 (7234687.006.000) 10/08 09:56:30 Image size of job updated: 1160284
	1127  -  MemoryUsage of job (MB)
	1153928  -  ResidentSetSize of job (KB)
...
006 (7234687.006.000) 10/08 10:01:31 Image size of job updated: 1160284
	1132  -  MemoryUsage of job (MB)
	1158484  -  ResidentSetSize of job (KB)
...
006 (7234687.006.000) 10/08 10:06:31 Image size of job updated: 1167356
	1138  -  MemoryUsage of job (MB)
	1164512  -  ResidentSetSize of job (KB)
...
006 (7234687.006.000) 10/08 10:11:32 Image size of job updated: 1172060
	1138  -  MemoryUsage of job (MB)
	1164512  -  ResidentSetSize of job (KB)
...
006 (7234687.006.000) 10/08 10:41:36 Image size of job updated: 1172060
	1141  -  MemoryUsage of job (MB)
	1167536  -  ResidentSetSize of job (KB)
...
006 (7234687.006.000) 10/08 10:46:37 Image size of job updated: 1177256
	1141  -  MemoryUsage of job (MB)
	1167536  -  ResidentSetSize of job (KB)
...
006 (7234687.006.000) 10/08 10:56:38 Image size of job updated: 1177256
	1147  -  MemoryUsage of job (MB)
	1173812  -  ResidentSetSize of job (KB)
...
006 (7234687.006.000) 10/08 11:01:39 Image size of job updated: 1177856
	1149  -  MemoryUsage of job (MB)
	1175920  -  ResidentSetSize of job (KB)
...
006 (7234687.006.000) 10/08 11:06:39 Image size of job updated: 1179700
	1153  -  MemoryUsage of job (MB)
	1179652  -  ResidentSetSize of job (KB)
...
006 (7234687.006.000) 10/08 11:11:40 Image size of job updated: 1188696
	1153  -  MemoryUsage of job (MB)
	1179652  -  ResidentSetSize of job (KB)
...
006 (7234687.006.000) 10/08 11:51:43 Image size of job updated: 1188696
	1155  -  MemoryUsage of job (MB)
	1181764  -  ResidentSetSize of job (KB)
...
006 (7234687.006.000) 10/08 11:56:44 Image size of job updated: 1188696
	1158  -  MemoryUsage of job (MB)
	1185688  -  ResidentSetSize of job (KB)
...
006 (7234687.006.000) 10/08 12:01:44 Image size of job updated: 1188696
	1159  -  MemoryUsage of job (MB)
	1186256  -  ResidentSetSize of job (KB)
...
006 (7234687.006.000) 10/08 12:06:45 Image size of job updated: 1191128
	1164  -  MemoryUsage of job (MB)
	1191116  -  ResidentSetSize of job (KB)
...
006 (7234687.006.000) 10/08 12:11:45 Image size of job updated: 1195756
	1168  -  MemoryUsage of job (MB)
	1195560  -  ResidentSetSize of job (KB)
...
006 (7234687.006.000) 10/08 12:16:46 Image size of job updated: 1200052
	1172  -  MemoryUsage of job (MB)
	1199872  -  ResidentSetSize of job (KB)
...
006 (7234687.006.000) 10/08 12:21:46 Image size of job updated: 1216968
	1172  -  MemoryUsage of job (MB)
	1199872  -  ResidentSetSize of job (KB)
...
006 (7234687.006.000) 10/08 13:26:53 Image size of job updated: 1216968
	1173  -  MemoryUsage of job (MB)
	1200504  -  ResidentSetSize of job (KB)
...
006 (7234687.006.000) 10/08 13:31:53 Image size of job updated: 1216968
	1179  -  MemoryUsage of job (MB)
	1206784  -  ResidentSetSize of job (KB)
...
006 (7234687.006.000) 10/08 13:36:54 Image size of job updated: 1216968
	1181  -  MemoryUsage of job (MB)
	1208776  -  ResidentSetSize of job (KB)
...
006 (7234687.006.000) 10/08 13:41:54 Image size of job updated: 1216968
	1183  -  MemoryUsage of job (MB)
	1211376  -  ResidentSetSize of job (KB)
...
006 (7234687.006.000) 10/08 13:46:55 Image size of job updated: 1216968
	1187  -  MemoryUsage of job (MB)
	1214504  -  ResidentSetSize of job (KB)
...
006 (7234687.006.000) 10/08 13:51:55 Image size of job updated: 1216968
	1188  -  MemoryUsage of job (MB)
	1215976  -  ResidentSetSize of job (KB)
...
006 (7234687.006.000) 10/08 13:56:56 Image size of job updated: 1217836
	1190  -  MemoryUsage of job (MB)
	1217700  -  ResidentSetSize of job (KB)
...
006 (7234687.006.000) 10/08 14:01:57 Image size of job updated: 1226796
	1190  -  MemoryUsage of job (MB)
	1217700  -  ResidentSetSize of job (KB)
...
006 (7234687.006.000) 10/08 14:36:59 Image size of job updated: 1226796
	1192  -  MemoryUsage of job (MB)
	1220260  -  ResidentSetSize of job (KB)
...
006 (7234687.006.000) 10/08 14:41:59 Image size of job updated: 1226796
	1195  -  MemoryUsage of job (MB)
	1223152  -  ResidentSetSize of job (KB)
...
006 (7234687.006.000) 10/08 14:52:00 Image size of job updated: 1228272
	1195  -  MemoryUsage of job (MB)
	1223152  -  ResidentSetSize of job (KB)
...
006 (7234687.006.000) 10/08 15:22:03 Image size of job updated: 1228272
	1195  -  MemoryUsage of job (MB)
	1223204  -  ResidentSetSize of job (KB)
...
006 (7234687.006.000) 10/08 15:27:03 Image size of job updated: 1228272
	1197  -  MemoryUsage of job (MB)
	1225064  -  ResidentSetSize of job (KB)
...
006 (7234687.006.000) 10/08 15:32:03 Image size of job updated: 1228272
	1198  -  MemoryUsage of job (MB)
	1226452  -  ResidentSetSize of job (KB)
...
006 (7234687.006.000) 10/08 15:37:04 Image size of job updated: 1236180
	1198  -  MemoryUsage of job (MB)
	1226452  -  ResidentSetSize of job (KB)
...
006 (7234687.006.000) 10/08 15:42:04 Image size of job updated: 1236180
	1199  -  MemoryUsage of job (MB)
	1227460  -  ResidentSetSize of job (KB)
...
006 (7234687.006.000) 10/08 15:47:05 Image size of job updated: 1236180
	1202  -  MemoryUsage of job (MB)
	1230212  -  ResidentSetSize of job (KB)
...
006 (7234687.006.000) 10/08 15:52:05 Image size of job updated: 1236180
	1204  -  MemoryUsage of job (MB)
	1232820  -  ResidentSetSize of job (KB)
...
006 (7234687.006.000) 10/08 15:57:06 Image size of job updated: 1236180
	1207  -  MemoryUsage of job (MB)
	1235572  -  ResidentSetSize of job (KB)
...
006 (7234687.006.000) 10/08 16:02:07 Image size of job updated: 1237660
	1209  -  MemoryUsage of job (MB)
	1237568  -  ResidentSetSize of job (KB)
...
006 (7234687.006.000) 10/08 16:07:07 Image size of job updated: 1239360
	1211  -  MemoryUsage of job (MB)
	1239248  -  ResidentSetSize of job (KB)
...
006 (7234687.006.000) 10/08 16:12:08 Image size of job updated: 1241416
	1213  -  MemoryUsage of job (MB)
	1241260  -  ResidentSetSize of job (KB)
...
006 (7234687.006.000) 10/08 16:17:08 Image size of job updated: 1256176
	1213  -  MemoryUsage of job (MB)
	1241260  -  ResidentSetSize of job (KB)
...
040 (7234687.006.000) 10/09 21:30:16 Started transferring output files
...
040 (7234687.006.000) 10/09 21:30:16 Finished transferring output files
...
005 (7234687.006.000) 10/09 21:30:17 Job terminated.
	(1) Normal termination (return value 135)
		Usr 2 06:54:04, Sys 0 00:03:16  -  Run Remote Usage
		Usr 0 00:00:00, Sys 0 00:00:00  -  Run Local Usage
		Usr 4 19:10:04, Sys 0 00:11:42  -  Total Remote Usage
		Usr 0 00:00:00, Sys 0 00:00:00  -  Total Local Usage
	10747  -  Run Bytes Sent By Job
	2419  -  Run Bytes Received By Job
	10747  -  Total Bytes Sent By Job
	4838  -  Total Bytes Received By Job
	Partitionable Resources :      Usage  Request Allocated 
	   Cpus                 :       1.00        1         1 
	   Disk (KB)            : 1016747     1250000   3148369 
	   Memory (MB)          :    1213        2000      2000 

	Job terminated of its own accord at 2024-10-09T19:30:16Z with exit-code 135.
...
