000 (7234687.001.000) 10/04 05:18:45 Job submitted from host: <137.138.44.55:9618?addrs=137.138.44.55-9618+[2001-1458-d00-1a--48]-9618&alias=bigbird17.cern.ch&noUDP&sock=schedd_1981_6134>
...
040 (7234687.001.000) 10/04 19:24:16 Started transferring input files
	Transferring to host: <188.185.198.111:9618?addrs=188.185.198.111-9618+[2001-1458-303-25--100-6b]-9618&alias=b9p15p4924.cern.ch&noUDP&sock=slot1_19_1047965_e550_14356>
...
040 (7234687.001.000) 10/04 19:24:16 Finished transferring input files
...
001 (7234687.001.000) 10/04 19:24:17 Job executing on host: <188.185.198.111:9618?addrs=188.185.198.111-9618+[2001-1458-303-25--100-6b]-9618&alias=b9p15p4924.cern.ch&noUDP&sock=startd_11856_ceef>
	SlotName: slot1_19@b9p15p4924.cern.ch
	CondorScratchDir = "/pool/condor/dir_532293"
	Cpus = 1
	Disk = 3149390
	Memory = 2000
...
006 (7234687.001.000) 10/04 19:24:26 Image size of job updated: 297288
	291  -  MemoryUsage of job (MB)
	297280  -  ResidentSetSize of job (KB)
...
006 (7234687.001.000) 10/04 19:29:26 Image size of job updated: 948324
	728  -  MemoryUsage of job (MB)
	744468  -  ResidentSetSize of job (KB)
...
006 (7234687.001.000) 10/04 19:34:26 Image size of job updated: 948324
	729  -  MemoryUsage of job (MB)
	746452  -  ResidentSetSize of job (KB)
...
006 (7234687.001.000) 10/04 19:39:27 Image size of job updated: 948324
	730  -  MemoryUsage of job (MB)
	747380  -  ResidentSetSize of job (KB)
...
006 (7234687.001.000) 10/04 19:44:27 Image size of job updated: 948324
	733  -  MemoryUsage of job (MB)
	749788  -  ResidentSetSize of job (KB)
...
006 (7234687.001.000) 10/04 20:09:30 Image size of job updated: 948324
	733  -  MemoryUsage of job (MB)
	749952  -  ResidentSetSize of job (KB)
...
006 (7234687.001.000) 10/04 20:14:30 Image size of job updated: 948324
	739  -  MemoryUsage of job (MB)
	756180  -  ResidentSetSize of job (KB)
...
006 (7234687.001.000) 10/04 20:24:31 Image size of job updated: 948324
	741  -  MemoryUsage of job (MB)
	758264  -  ResidentSetSize of job (KB)
...
006 (7234687.001.000) 10/04 20:39:33 Image size of job updated: 948324
	742  -  MemoryUsage of job (MB)
	759660  -  ResidentSetSize of job (KB)
...
006 (7234687.001.000) 10/04 20:44:33 Image size of job updated: 948324
	744  -  MemoryUsage of job (MB)
	761480  -  ResidentSetSize of job (KB)
...
006 (7234687.001.000) 10/04 20:49:34 Image size of job updated: 948324
	745  -  MemoryUsage of job (MB)
	762624  -  ResidentSetSize of job (KB)
...
006 (7234687.001.000) 10/04 20:54:34 Image size of job updated: 948324
	751  -  MemoryUsage of job (MB)
	768384  -  ResidentSetSize of job (KB)
...
006 (7234687.001.000) 10/04 21:19:36 Image size of job updated: 948324
	751  -  MemoryUsage of job (MB)
	768896  -  ResidentSetSize of job (KB)
...
006 (7234687.001.000) 10/04 21:24:36 Image size of job updated: 948324
	753  -  MemoryUsage of job (MB)
	770908  -  ResidentSetSize of job (KB)
...
006 (7234687.001.000) 10/04 21:29:36 Image size of job updated: 948324
	758  -  MemoryUsage of job (MB)
	775404  -  ResidentSetSize of job (KB)
...
006 (7234687.001.000) 10/04 21:49:38 Image size of job updated: 948324
	758  -  MemoryUsage of job (MB)
	775892  -  ResidentSetSize of job (KB)
...
006 (7234687.001.000) 10/04 21:54:38 Image size of job updated: 948324
	761  -  MemoryUsage of job (MB)
	778276  -  ResidentSetSize of job (KB)
...
006 (7234687.001.000) 10/04 22:04:39 Image size of job updated: 948324
	761  -  MemoryUsage of job (MB)
	778392  -  ResidentSetSize of job (KB)
...
006 (7234687.001.000) 10/04 22:09:39 Image size of job updated: 948324
	763  -  MemoryUsage of job (MB)
	780628  -  ResidentSetSize of job (KB)
...
006 (7234687.001.000) 10/04 22:14:39 Image size of job updated: 948324
	764  -  MemoryUsage of job (MB)
	782176  -  ResidentSetSize of job (KB)
...
006 (7234687.001.000) 10/04 22:19:40 Image size of job updated: 948324
	766  -  MemoryUsage of job (MB)
	784184  -  ResidentSetSize of job (KB)
...
006 (7234687.001.000) 10/04 22:24:40 Image size of job updated: 948324
	768  -  MemoryUsage of job (MB)
	785584  -  ResidentSetSize of job (KB)
...
006 (7234687.001.000) 10/04 22:29:40 Image size of job updated: 948324
	771  -  MemoryUsage of job (MB)
	789268  -  ResidentSetSize of job (KB)
...
006 (7234687.001.000) 10/04 22:34:41 Image size of job updated: 948324
	773  -  MemoryUsage of job (MB)
	790804  -  ResidentSetSize of job (KB)
...
006 (7234687.001.000) 10/04 22:39:41 Image size of job updated: 948324
	773  -  MemoryUsage of job (MB)
	790872  -  ResidentSetSize of job (KB)
...
006 (7234687.001.000) 10/04 22:44:41 Image size of job updated: 948324
	774  -  MemoryUsage of job (MB)
	791912  -  ResidentSetSize of job (KB)
...
006 (7234687.001.000) 10/04 22:49:42 Image size of job updated: 948324
	776  -  MemoryUsage of job (MB)
	793740  -  ResidentSetSize of job (KB)
...
006 (7234687.001.000) 10/04 22:54:42 Image size of job updated: 948324
	778  -  MemoryUsage of job (MB)
	796000  -  ResidentSetSize of job (KB)
...
006 (7234687.001.000) 10/04 22:59:42 Image size of job updated: 948324
	778  -  MemoryUsage of job (MB)
	796528  -  ResidentSetSize of job (KB)
...
006 (7234687.001.000) 10/04 23:04:43 Image size of job updated: 948324
	779  -  MemoryUsage of job (MB)
	797132  -  ResidentSetSize of job (KB)
...
006 (7234687.001.000) 10/04 23:09:43 Image size of job updated: 948324
	780  -  MemoryUsage of job (MB)
	797780  -  ResidentSetSize of job (KB)
...
006 (7234687.001.000) 10/04 23:14:43 Image size of job updated: 948324
	781  -  MemoryUsage of job (MB)
	799068  -  ResidentSetSize of job (KB)
...
006 (7234687.001.000) 10/04 23:19:44 Image size of job updated: 948324
	782  -  MemoryUsage of job (MB)
	800296  -  ResidentSetSize of job (KB)
...
006 (7234687.001.000) 10/04 23:24:44 Image size of job updated: 948324
	783  -  MemoryUsage of job (MB)
	801588  -  ResidentSetSize of job (KB)
...
006 (7234687.001.000) 10/04 23:29:44 Image size of job updated: 948324
	785  -  MemoryUsage of job (MB)
	802836  -  ResidentSetSize of job (KB)
...
006 (7234687.001.000) 10/04 23:34:45 Image size of job updated: 948324
	786  -  MemoryUsage of job (MB)
	804848  -  ResidentSetSize of job (KB)
...
006 (7234687.001.000) 10/04 23:44:45 Image size of job updated: 948324
	790  -  MemoryUsage of job (MB)
	808492  -  ResidentSetSize of job (KB)
...
006 (7234687.001.000) 10/04 23:49:46 Image size of job updated: 948324
	791  -  MemoryUsage of job (MB)
	809756  -  ResidentSetSize of job (KB)
...
006 (7234687.001.000) 10/04 23:54:46 Image size of job updated: 948324
	792  -  MemoryUsage of job (MB)
	810400  -  ResidentSetSize of job (KB)
...
006 (7234687.001.000) 10/04 23:59:46 Image size of job updated: 948324
	793  -  MemoryUsage of job (MB)
	811484  -  ResidentSetSize of job (KB)
...
006 (7234687.001.000) 10/05 00:04:47 Image size of job updated: 948324
	794  -  MemoryUsage of job (MB)
	812076  -  ResidentSetSize of job (KB)
...
006 (7234687.001.000) 10/05 00:09:47 Image size of job updated: 948324
	795  -  MemoryUsage of job (MB)
	813772  -  ResidentSetSize of job (KB)
...
006 (7234687.001.000) 10/05 00:19:48 Image size of job updated: 948324
	796  -  MemoryUsage of job (MB)
	814292  -  ResidentSetSize of job (KB)
...
006 (7234687.001.000) 10/05 00:24:48 Image size of job updated: 948324
	796  -  MemoryUsage of job (MB)
	814796  -  ResidentSetSize of job (KB)
...
006 (7234687.001.000) 10/05 00:29:48 Image size of job updated: 948324
	797  -  MemoryUsage of job (MB)
	815204  -  ResidentSetSize of job (KB)
...
006 (7234687.001.000) 10/05 00:39:49 Image size of job updated: 948324
	798  -  MemoryUsage of job (MB)
	816160  -  ResidentSetSize of job (KB)
...
006 (7234687.001.000) 10/05 00:44:49 Image size of job updated: 948324
	801  -  MemoryUsage of job (MB)
	819856  -  ResidentSetSize of job (KB)
...
006 (7234687.001.000) 10/05 00:54:50 Image size of job updated: 948324
	802  -  MemoryUsage of job (MB)
	820608  -  ResidentSetSize of job (KB)
...
006 (7234687.001.000) 10/05 00:59:50 Image size of job updated: 948324
	802  -  MemoryUsage of job (MB)
	820876  -  ResidentSetSize of job (KB)
...
006 (7234687.001.000) 10/05 01:14:52 Image size of job updated: 948324
	803  -  MemoryUsage of job (MB)
	821504  -  ResidentSetSize of job (KB)
...
006 (7234687.001.000) 10/05 01:19:52 Image size of job updated: 948324
	803  -  MemoryUsage of job (MB)
	821996  -  ResidentSetSize of job (KB)
...
022 (7234687.001.000) 10/07 11:58:01 Job disconnected, attempting to reconnect
    Socket between submit and execute hosts closed unexpectedly
    Trying to reconnect to slot1_19@b9p15p4924.cern.ch <188.185.198.111:9618?addrs=188.185.198.111-9618+[2001-1458-303-25--100-6b]-9618&alias=b9p15p4924.cern.ch&noUDP&sock=startd_11856_ceef>
...
024 (7234687.001.000) 10/07 11:58:01 Job reconnection failed
    Job disconnected too long: JobLeaseDuration (5400 seconds) expired
    Can not reconnect to slot1_19@b9p15p4924.cern.ch, rescheduling job
...
040 (7234687.001.000) 10/07 12:30:23 Started transferring input files
	Transferring to host: <128.142.248.123:9618?addrs=128.142.248.123-9618+[2001-1458-301-73--100-16b]-9618&alias=b9g23p2657.cern.ch&noUDP&sock=slot1_1_2796932_5dc1_87>
...
040 (7234687.001.000) 10/07 12:30:23 Finished transferring input files
...
001 (7234687.001.000) 10/07 12:30:24 Job executing on host: <128.142.248.123:9618?addrs=128.142.248.123-9618+[2001-1458-301-73--100-16b]-9618&alias=b9g23p2657.cern.ch&noUDP&sock=startd_7091_6a27>
	SlotName: slot1_1@b9g23p2657.cern.ch
	CondorScratchDir = "/pool/condor/dir_2816199"
	Cpus = 1
	Disk = 3014997
	Memory = 2000
...
006 (7234687.001.000) 10/08 01:07:01 Image size of job updated: 1006060
	977  -  MemoryUsage of job (MB)
	1000000  -  ResidentSetSize of job (KB)
...
006 (7234687.001.000) 10/08 01:27:02 Image size of job updated: 1006060
	978  -  MemoryUsage of job (MB)
	1000656  -  ResidentSetSize of job (KB)
...
006 (7234687.001.000) 10/08 01:32:03 Image size of job updated: 1007464
	979  -  MemoryUsage of job (MB)
	1002108  -  ResidentSetSize of job (KB)
...
006 (7234687.001.000) 10/08 01:37:03 Image size of job updated: 1009596
	980  -  MemoryUsage of job (MB)
	1003108  -  ResidentSetSize of job (KB)
...
006 (7234687.001.000) 10/08 01:42:04 Image size of job updated: 1011900
	982  -  MemoryUsage of job (MB)
	1005048  -  ResidentSetSize of job (KB)
...
006 (7234687.001.000) 10/08 01:47:04 Image size of job updated: 1017296
	985  -  MemoryUsage of job (MB)
	1007892  -  ResidentSetSize of job (KB)
...
006 (7234687.001.000) 10/08 01:52:04 Image size of job updated: 1017296
	990  -  MemoryUsage of job (MB)
	1013204  -  ResidentSetSize of job (KB)
...
006 (7234687.001.000) 10/08 01:57:04 Image size of job updated: 1020908
	991  -  MemoryUsage of job (MB)
	1014492  -  ResidentSetSize of job (KB)
...
006 (7234687.001.000) 10/08 02:02:05 Image size of job updated: 1028568
	995  -  MemoryUsage of job (MB)
	1018856  -  ResidentSetSize of job (KB)
...
006 (7234687.001.000) 10/08 02:07:05 Image size of job updated: 1028568
	997  -  MemoryUsage of job (MB)
	1020088  -  ResidentSetSize of job (KB)
...
006 (7234687.001.000) 10/08 02:12:05 Image size of job updated: 1033568
	1000  -  MemoryUsage of job (MB)
	1023000  -  ResidentSetSize of job (KB)
...
006 (7234687.001.000) 10/08 02:17:06 Image size of job updated: 1033568
	1001  -  MemoryUsage of job (MB)
	1024816  -  ResidentSetSize of job (KB)
...
006 (7234687.001.000) 10/08 02:22:06 Image size of job updated: 1036820
	1005  -  MemoryUsage of job (MB)
	1028248  -  ResidentSetSize of job (KB)
...
006 (7234687.001.000) 10/08 02:27:07 Image size of job updated: 1036820
	1006  -  MemoryUsage of job (MB)
	1030124  -  ResidentSetSize of job (KB)
...
006 (7234687.001.000) 10/08 02:32:07 Image size of job updated: 1043884
	1008  -  MemoryUsage of job (MB)
	1032080  -  ResidentSetSize of job (KB)
...
006 (7234687.001.000) 10/08 02:37:08 Image size of job updated: 1043884
	1010  -  MemoryUsage of job (MB)
	1034068  -  ResidentSetSize of job (KB)
...
006 (7234687.001.000) 10/08 02:42:08 Image size of job updated: 1043884
	1011  -  MemoryUsage of job (MB)
	1035108  -  ResidentSetSize of job (KB)
...
006 (7234687.001.000) 10/08 02:47:08 Image size of job updated: 1043884
	1012  -  MemoryUsage of job (MB)
	1036236  -  ResidentSetSize of job (KB)
...
006 (7234687.001.000) 10/08 02:52:09 Image size of job updated: 1043884
	1014  -  MemoryUsage of job (MB)
	1037412  -  ResidentSetSize of job (KB)
...
006 (7234687.001.000) 10/08 02:57:09 Image size of job updated: 1046536
	1015  -  MemoryUsage of job (MB)
	1038904  -  ResidentSetSize of job (KB)
...
006 (7234687.001.000) 10/08 03:02:09 Image size of job updated: 1046536
	1017  -  MemoryUsage of job (MB)
	1040672  -  ResidentSetSize of job (KB)
...
006 (7234687.001.000) 10/08 03:07:10 Image size of job updated: 1050640
	1019  -  MemoryUsage of job (MB)
	1042520  -  ResidentSetSize of job (KB)
...
006 (7234687.001.000) 10/08 03:12:11 Image size of job updated: 1050640
	1020  -  MemoryUsage of job (MB)
	1043968  -  ResidentSetSize of job (KB)
...
006 (7234687.001.000) 10/08 03:17:11 Image size of job updated: 1054224
	1022  -  MemoryUsage of job (MB)
	1046380  -  ResidentSetSize of job (KB)
...
006 (7234687.001.000) 10/08 03:22:12 Image size of job updated: 1054224
	1024  -  MemoryUsage of job (MB)
	1048108  -  ResidentSetSize of job (KB)
...
006 (7234687.001.000) 10/08 03:27:12 Image size of job updated: 1055680
	1026  -  MemoryUsage of job (MB)
	1049764  -  ResidentSetSize of job (KB)
...
006 (7234687.001.000) 10/08 03:32:12 Image size of job updated: 1066784
	1029  -  MemoryUsage of job (MB)
	1053648  -  ResidentSetSize of job (KB)
...
006 (7234687.001.000) 10/08 03:37:13 Image size of job updated: 1066784
	1032  -  MemoryUsage of job (MB)
	1055904  -  ResidentSetSize of job (KB)
...
006 (7234687.001.000) 10/08 03:42:13 Image size of job updated: 1068204
	1033  -  MemoryUsage of job (MB)
	1056972  -  ResidentSetSize of job (KB)
...
006 (7234687.001.000) 10/08 03:52:14 Image size of job updated: 1068204
	1033  -  MemoryUsage of job (MB)
	1057576  -  ResidentSetSize of job (KB)
...
006 (7234687.001.000) 10/08 03:57:15 Image size of job updated: 1068204
	1035  -  MemoryUsage of job (MB)
	1059516  -  ResidentSetSize of job (KB)
...
006 (7234687.001.000) 10/08 04:02:15 Image size of job updated: 1068204
	1036  -  MemoryUsage of job (MB)
	1060648  -  ResidentSetSize of job (KB)
...
006 (7234687.001.000) 10/08 04:07:15 Image size of job updated: 1068204
	1037  -  MemoryUsage of job (MB)
	1061092  -  ResidentSetSize of job (KB)
...
006 (7234687.001.000) 10/08 04:12:15 Image size of job updated: 1074064
	1037  -  MemoryUsage of job (MB)
	1061532  -  ResidentSetSize of job (KB)
...
006 (7234687.001.000) 10/08 04:17:16 Image size of job updated: 1074064
	1039  -  MemoryUsage of job (MB)
	1063040  -  ResidentSetSize of job (KB)
...
006 (7234687.001.000) 10/08 04:22:17 Image size of job updated: 1074144
	1040  -  MemoryUsage of job (MB)
	1064668  -  ResidentSetSize of job (KB)
...
006 (7234687.001.000) 10/08 04:27:17 Image size of job updated: 1074144
	1046  -  MemoryUsage of job (MB)
	1070664  -  ResidentSetSize of job (KB)
...
006 (7234687.001.000) 10/08 04:32:17 Image size of job updated: 1080340
	1052  -  MemoryUsage of job (MB)
	1076864  -  ResidentSetSize of job (KB)
...
006 (7234687.001.000) 10/08 04:37:17 Image size of job updated: 1081216
	1054  -  MemoryUsage of job (MB)
	1078656  -  ResidentSetSize of job (KB)
...
006 (7234687.001.000) 10/08 04:42:18 Image size of job updated: 1084616
	1054  -  MemoryUsage of job (MB)
	1078656  -  ResidentSetSize of job (KB)
...
006 (7234687.001.000) 10/08 04:47:18 Image size of job updated: 1084616
	1056  -  MemoryUsage of job (MB)
	1081212  -  ResidentSetSize of job (KB)
...
006 (7234687.001.000) 10/08 04:52:19 Image size of job updated: 1085216
	1058  -  MemoryUsage of job (MB)
	1082600  -  ResidentSetSize of job (KB)
...
006 (7234687.001.000) 10/08 04:57:19 Image size of job updated: 1086264
	1058  -  MemoryUsage of job (MB)
	1083216  -  ResidentSetSize of job (KB)
...
006 (7234687.001.000) 10/08 05:02:20 Image size of job updated: 1090864
	1060  -  MemoryUsage of job (MB)
	1085236  -  ResidentSetSize of job (KB)
...
006 (7234687.001.000) 10/08 05:07:20 Image size of job updated: 1090864
	1061  -  MemoryUsage of job (MB)
	1086288  -  ResidentSetSize of job (KB)
...
006 (7234687.001.000) 10/08 05:12:21 Image size of job updated: 1091340
	1062  -  MemoryUsage of job (MB)
	1087256  -  ResidentSetSize of job (KB)
...
006 (7234687.001.000) 10/08 05:17:22 Image size of job updated: 1094076
	1064  -  MemoryUsage of job (MB)
	1088940  -  ResidentSetSize of job (KB)
...
006 (7234687.001.000) 10/08 05:22:22 Image size of job updated: 1094148
	1065  -  MemoryUsage of job (MB)
	1090236  -  ResidentSetSize of job (KB)
...
006 (7234687.001.000) 10/08 05:27:23 Image size of job updated: 1094428
	1066  -  MemoryUsage of job (MB)
	1091012  -  ResidentSetSize of job (KB)
...
006 (7234687.001.000) 10/08 05:32:23 Image size of job updated: 1095044
	1067  -  MemoryUsage of job (MB)
	1092128  -  ResidentSetSize of job (KB)
...
006 (7234687.001.000) 10/08 05:37:24 Image size of job updated: 1095584
	1068  -  MemoryUsage of job (MB)
	1092704  -  ResidentSetSize of job (KB)
...
006 (7234687.001.000) 10/08 05:42:24 Image size of job updated: 1097560
	1069  -  MemoryUsage of job (MB)
	1093952  -  ResidentSetSize of job (KB)
...
006 (7234687.001.000) 10/08 05:47:24 Image size of job updated: 1098100
	1069  -  MemoryUsage of job (MB)
	1094456  -  ResidentSetSize of job (KB)
...
006 (7234687.001.000) 10/08 05:52:25 Image size of job updated: 1098100
	1070  -  MemoryUsage of job (MB)
	1095052  -  ResidentSetSize of job (KB)
...
006 (7234687.001.000) 10/08 05:57:26 Image size of job updated: 1100252
	1071  -  MemoryUsage of job (MB)
	1096520  -  ResidentSetSize of job (KB)
...
006 (7234687.001.000) 10/08 06:02:26 Image size of job updated: 1100252
	1072  -  MemoryUsage of job (MB)
	1097028  -  ResidentSetSize of job (KB)
...
006 (7234687.001.000) 10/08 06:07:27 Image size of job updated: 1100280
	1072  -  MemoryUsage of job (MB)
	1097528  -  ResidentSetSize of job (KB)
...
006 (7234687.001.000) 10/08 06:12:27 Image size of job updated: 1105384
	1075  -  MemoryUsage of job (MB)
	1100512  -  ResidentSetSize of job (KB)
...
006 (7234687.001.000) 10/08 06:22:28 Image size of job updated: 1105384
	1077  -  MemoryUsage of job (MB)
	1101864  -  ResidentSetSize of job (KB)
...
006 (7234687.001.000) 10/08 06:27:28 Image size of job updated: 1105880
	1079  -  MemoryUsage of job (MB)
	1104160  -  ResidentSetSize of job (KB)
...
006 (7234687.001.000) 10/08 07:17:34 Image size of job updated: 1105880
	1079  -  MemoryUsage of job (MB)
	1104684  -  ResidentSetSize of job (KB)
...
006 (7234687.001.000) 10/08 07:22:34 Image size of job updated: 1106876
	1081  -  MemoryUsage of job (MB)
	1106876  -  ResidentSetSize of job (KB)
...
006 (7234687.001.000) 10/08 07:27:35 Image size of job updated: 1108424
	1083  -  MemoryUsage of job (MB)
	1108264  -  ResidentSetSize of job (KB)
...
006 (7234687.001.000) 10/08 07:32:36 Image size of job updated: 1110280
	1083  -  MemoryUsage of job (MB)
	1108264  -  ResidentSetSize of job (KB)
...
006 (7234687.001.000) 10/08 07:52:37 Image size of job updated: 1110280
	1083  -  MemoryUsage of job (MB)
	1108388  -  ResidentSetSize of job (KB)
...
006 (7234687.001.000) 10/08 07:57:37 Image size of job updated: 1110280
	1084  -  MemoryUsage of job (MB)
	1109812  -  ResidentSetSize of job (KB)
...
006 (7234687.001.000) 10/08 08:02:37 Image size of job updated: 1111216
	1085  -  MemoryUsage of job (MB)
	1110748  -  ResidentSetSize of job (KB)
...
006 (7234687.001.000) 10/08 08:07:38 Image size of job updated: 1111992
	1085  -  MemoryUsage of job (MB)
	1110748  -  ResidentSetSize of job (KB)
...
006 (7234687.001.000) 10/08 09:32:47 Image size of job updated: 1113364
	1085  -  MemoryUsage of job (MB)
	1110748  -  ResidentSetSize of job (KB)
...
006 (7234687.001.000) 10/08 09:42:48 Image size of job updated: 1113364
	1086  -  MemoryUsage of job (MB)
	1111520  -  ResidentSetSize of job (KB)
...
006 (7234687.001.000) 10/08 09:47:49 Image size of job updated: 1113540
	1086  -  MemoryUsage of job (MB)
	1111520  -  ResidentSetSize of job (KB)
...
006 (7234687.001.000) 10/08 09:57:50 Image size of job updated: 1115920
	1086  -  MemoryUsage of job (MB)
	1111520  -  ResidentSetSize of job (KB)
...
006 (7234687.001.000) 10/08 10:02:51 Image size of job updated: 1117404
	1086  -  MemoryUsage of job (MB)
	1111520  -  ResidentSetSize of job (KB)
...
006 (7234687.001.000) 10/08 10:07:51 Image size of job updated: 1121284
	1089  -  MemoryUsage of job (MB)
	1114360  -  ResidentSetSize of job (KB)
...
006 (7234687.001.000) 10/08 10:12:52 Image size of job updated: 1121284
	1089  -  MemoryUsage of job (MB)
	1114880  -  ResidentSetSize of job (KB)
...
006 (7234687.001.000) 10/08 10:17:52 Image size of job updated: 1121284
	1090  -  MemoryUsage of job (MB)
	1115928  -  ResidentSetSize of job (KB)
...
006 (7234687.001.000) 10/08 10:22:52 Image size of job updated: 1121284
	1091  -  MemoryUsage of job (MB)
	1116956  -  ResidentSetSize of job (KB)
...
006 (7234687.001.000) 10/08 10:27:53 Image size of job updated: 1121628
	1091  -  MemoryUsage of job (MB)
	1116956  -  ResidentSetSize of job (KB)
...
006 (7234687.001.000) 10/08 10:37:54 Image size of job updated: 1121672
	1091  -  MemoryUsage of job (MB)
	1116956  -  ResidentSetSize of job (KB)
...
006 (7234687.001.000) 10/08 10:42:55 Image size of job updated: 1121672
	1091  -  MemoryUsage of job (MB)
	1116988  -  ResidentSetSize of job (KB)
...
006 (7234687.001.000) 10/08 10:47:56 Image size of job updated: 1124476
	1093  -  MemoryUsage of job (MB)
	1119012  -  ResidentSetSize of job (KB)
...
006 (7234687.001.000) 10/08 10:52:56 Image size of job updated: 1124852
	1094  -  MemoryUsage of job (MB)
	1119352  -  ResidentSetSize of job (KB)
...
006 (7234687.001.000) 10/08 10:57:57 Image size of job updated: 1125300
	1095  -  MemoryUsage of job (MB)
	1121152  -  ResidentSetSize of job (KB)
...
006 (7234687.001.000) 10/08 11:02:57 Image size of job updated: 1128044
	1096  -  MemoryUsage of job (MB)
	1121784  -  ResidentSetSize of job (KB)
...
006 (7234687.001.000) 10/08 11:07:58 Image size of job updated: 1128044
	1097  -  MemoryUsage of job (MB)
	1122856  -  ResidentSetSize of job (KB)
...
006 (7234687.001.000) 10/08 11:12:59 Image size of job updated: 1129912
	1099  -  MemoryUsage of job (MB)
	1124816  -  ResidentSetSize of job (KB)
...
006 (7234687.001.000) 10/08 11:17:59 Image size of job updated: 1129912
	1100  -  MemoryUsage of job (MB)
	1125712  -  ResidentSetSize of job (KB)
...
006 (7234687.001.000) 10/08 11:23:00 Image size of job updated: 1129912
	1100  -  MemoryUsage of job (MB)
	1126196  -  ResidentSetSize of job (KB)
...
006 (7234687.001.000) 10/08 11:28:01 Image size of job updated: 1134116
	1102  -  MemoryUsage of job (MB)
	1127620  -  ResidentSetSize of job (KB)
...
006 (7234687.001.000) 10/08 11:33:01 Image size of job updated: 1134116
	1103  -  MemoryUsage of job (MB)
	1129440  -  ResidentSetSize of job (KB)
...
006 (7234687.001.000) 10/08 11:38:01 Image size of job updated: 1134248
	1104  -  MemoryUsage of job (MB)
	1130096  -  ResidentSetSize of job (KB)
...
006 (7234687.001.000) 10/08 11:43:01 Image size of job updated: 1136556
	1105  -  MemoryUsage of job (MB)
	1131132  -  ResidentSetSize of job (KB)
...
006 (7234687.001.000) 10/08 11:48:02 Image size of job updated: 1138284
	1107  -  MemoryUsage of job (MB)
	1132900  -  ResidentSetSize of job (KB)
...
006 (7234687.001.000) 10/08 11:53:02 Image size of job updated: 1139812
	1108  -  MemoryUsage of job (MB)
	1134348  -  ResidentSetSize of job (KB)
...
006 (7234687.001.000) 10/08 11:58:02 Image size of job updated: 1139812
	1110  -  MemoryUsage of job (MB)
	1136484  -  ResidentSetSize of job (KB)
...
006 (7234687.001.000) 10/08 12:03:03 Image size of job updated: 1149096
	1110  -  MemoryUsage of job (MB)
	1136536  -  ResidentSetSize of job (KB)
...
006 (7234687.001.000) 10/08 12:08:04 Image size of job updated: 1149096
	1112  -  MemoryUsage of job (MB)
	1138228  -  ResidentSetSize of job (KB)
...
006 (7234687.001.000) 10/08 12:13:04 Image size of job updated: 1149096
	1113  -  MemoryUsage of job (MB)
	1139448  -  ResidentSetSize of job (KB)
...
006 (7234687.001.000) 10/08 12:18:05 Image size of job updated: 1149096
	1118  -  MemoryUsage of job (MB)
	1143972  -  ResidentSetSize of job (KB)
...
006 (7234687.001.000) 10/08 12:38:06 Image size of job updated: 1149096
	1122  -  MemoryUsage of job (MB)
	1148612  -  ResidentSetSize of job (KB)
...
006 (7234687.001.000) 10/08 12:48:07 Image size of job updated: 1150896
	1124  -  MemoryUsage of job (MB)
	1150680  -  ResidentSetSize of job (KB)
...
006 (7234687.001.000) 10/08 12:53:08 Image size of job updated: 1155448
	1124  -  MemoryUsage of job (MB)
	1150680  -  ResidentSetSize of job (KB)
...
006 (7234687.001.000) 10/08 13:23:12 Image size of job updated: 1156472
	1130  -  MemoryUsage of job (MB)
	1156388  -  ResidentSetSize of job (KB)
...
006 (7234687.001.000) 10/08 13:28:12 Image size of job updated: 1158720
	1130  -  MemoryUsage of job (MB)
	1156388  -  ResidentSetSize of job (KB)
...
006 (7234687.001.000) 10/08 13:38:13 Image size of job updated: 1159044
	1130  -  MemoryUsage of job (MB)
	1156740  -  ResidentSetSize of job (KB)
...
006 (7234687.001.000) 10/08 13:43:13 Image size of job updated: 1165956
	1136  -  MemoryUsage of job (MB)
	1162964  -  ResidentSetSize of job (KB)
...
006 (7234687.001.000) 10/08 13:48:14 Image size of job updated: 1170508
	1136  -  MemoryUsage of job (MB)
	1162964  -  ResidentSetSize of job (KB)
...
006 (7234687.001.000) 10/08 14:08:17 Image size of job updated: 1170508
	1139  -  MemoryUsage of job (MB)
	1165332  -  ResidentSetSize of job (KB)
...
006 (7234687.001.000) 10/08 14:13:17 Image size of job updated: 1170508
	1142  -  MemoryUsage of job (MB)
	1168876  -  ResidentSetSize of job (KB)
...
006 (7234687.001.000) 10/08 14:28:18 Image size of job updated: 1170820
	1144  -  MemoryUsage of job (MB)
	1170660  -  ResidentSetSize of job (KB)
...
006 (7234687.001.000) 10/08 14:33:18 Image size of job updated: 1173220
	1146  -  MemoryUsage of job (MB)
	1173216  -  ResidentSetSize of job (KB)
...
006 (7234687.001.000) 10/08 14:38:18 Image size of job updated: 1175324
	1148  -  MemoryUsage of job (MB)
	1175324  -  ResidentSetSize of job (KB)
...
006 (7234687.001.000) 10/08 14:43:19 Image size of job updated: 1177896
	1151  -  MemoryUsage of job (MB)
	1177896  -  ResidentSetSize of job (KB)
...
006 (7234687.001.000) 10/08 14:48:19 Image size of job updated: 1185216
	1151  -  MemoryUsage of job (MB)
	1177896  -  ResidentSetSize of job (KB)
...
006 (7234687.001.000) 10/11 02:04:27 Image size of job updated: 2328472
	2274  -  MemoryUsage of job (MB)
	2328472  -  ResidentSetSize of job (KB)
...
006 (7234687.001.000) 10/11 02:09:27 Image size of job updated: 2534428
	2475  -  MemoryUsage of job (MB)
	2534296  -  ResidentSetSize of job (KB)
...
006 (7234687.001.000) 10/11 02:14:27 Image size of job updated: 2752128
	2688  -  MemoryUsage of job (MB)
	2752128  -  ResidentSetSize of job (KB)
...
006 (7234687.001.000) 10/11 02:19:28 Image size of job updated: 2973140
	2904  -  MemoryUsage of job (MB)
	2973140  -  ResidentSetSize of job (KB)
...
006 (7234687.001.000) 10/11 02:24:28 Image size of job updated: 3190960
	3117  -  MemoryUsage of job (MB)
	3190960  -  ResidentSetSize of job (KB)
...
006 (7234687.001.000) 10/11 02:29:28 Image size of job updated: 3388876
	3117  -  MemoryUsage of job (MB)
	3191088  -  ResidentSetSize of job (KB)
...
040 (7234687.001.000) 10/11 02:29:43 Started transferring output files
...
040 (7234687.001.000) 10/11 02:29:43 Finished transferring output files
...
005 (7234687.001.000) 10/11 02:29:44 Job terminated.
	(1) Normal termination (return value 54)
		Usr 3 12:04:27, Sys 0 00:04:34  -  Run Remote Usage
		Usr 0 00:00:00, Sys 0 00:00:00  -  Run Local Usage
		Usr 6 00:28:14, Sys 0 00:12:38  -  Total Remote Usage
		Usr 0 00:00:00, Sys 0 00:00:00  -  Total Local Usage
	16242  -  Run Bytes Sent By Job
	2419  -  Run Bytes Received By Job
	16242  -  Total Bytes Sent By Job
	4838  -  Total Bytes Received By Job
	Partitionable Resources :      Usage  Request Allocated 
	   Cpus                 :       0.99        1         1 
	   Disk (KB)            : 1606838     1250000   3014997 
	   Memory (MB)          :    3117        2000      2000 

	Job terminated of its own accord at 2024-10-11T00:29:43Z with exit-code 54.
...
