000 (7234687.004.000) 10/04 05:18:45 Job submitted from host: <137.138.44.55:9618?addrs=137.138.44.55-9618+[2001-1458-d00-1a--48]-9618&alias=bigbird17.cern.ch&noUDP&sock=schedd_1981_6134>
...
040 (7234687.004.000) 10/04 19:24:16 Started transferring input files
	Transferring to host: <188.185.198.111:9618?addrs=188.185.198.111-9618+[2001-1458-303-25--100-6b]-9618&alias=b9p15p4924.cern.ch&noUDP&sock=slot1_25_1047965_e550_14359>
...
040 (7234687.004.000) 10/04 19:24:16 Finished transferring input files
...
001 (7234687.004.000) 10/04 19:24:17 Job executing on host: <188.185.198.111:9618?addrs=188.185.198.111-9618+[2001-1458-303-25--100-6b]-9618&alias=b9p15p4924.cern.ch&noUDP&sock=startd_11856_ceef>
	SlotName: slot1_25@b9p15p4924.cern.ch
	CondorScratchDir = "/pool/condor/dir_532296"
	Cpus = 1
	Disk = 3149390
	Memory = 2000
...
006 (7234687.004.000) 10/04 19:24:26 Image size of job updated: 277492
	271  -  MemoryUsage of job (MB)
	277424  -  ResidentSetSize of job (KB)
...
006 (7234687.004.000) 10/04 19:29:26 Image size of job updated: 937332
	689  -  MemoryUsage of job (MB)
	705348  -  ResidentSetSize of job (KB)
...
022 (7234687.004.000) 10/07 11:58:01 Job disconnected, attempting to reconnect
    Socket between submit and execute hosts closed unexpectedly
    Trying to reconnect to slot1_25@b9p15p4924.cern.ch <188.185.198.111:9618?addrs=188.185.198.111-9618+[2001-1458-303-25--100-6b]-9618&alias=b9p15p4924.cern.ch&noUDP&sock=startd_11856_ceef>
...
024 (7234687.004.000) 10/07 13:28:01 Job reconnection failed
    Job disconnected too long: JobLeaseDuration (5400 seconds) expired
    Can not reconnect to slot1_25@b9p15p4924.cern.ch, rescheduling job
...
040 (7234687.004.000) 10/07 14:14:20 Started transferring input files
	Transferring to host: <188.185.198.111:9618?addrs=188.185.198.111-9618+[2001-1458-303-25--100-6b]-9618&alias=b9p15p4924.cern.ch&noUDP&sock=slot1_10_2276467_b0b5_118>
...
040 (7234687.004.000) 10/07 14:14:20 Finished transferring input files
...
001 (7234687.004.000) 10/07 14:14:21 Job executing on host: <188.185.198.111:9618?addrs=188.185.198.111-9618+[2001-1458-303-25--100-6b]-9618&alias=b9p15p4924.cern.ch&noUDP&sock=startd_11856_ceef>
	SlotName: slot1_10@b9p15p4924.cern.ch
	CondorScratchDir = "/pool/condor/dir_2417504"
	Cpus = 1
	Disk = 3148369
	Memory = 2000
...
006 (7234687.004.000) 10/07 14:19:30 Image size of job updated: 1000000
	756  -  MemoryUsage of job (MB)
	773864  -  ResidentSetSize of job (KB)
...
006 (7234687.004.000) 10/07 14:24:31 Image size of job updated: 1000000
	760  -  MemoryUsage of job (MB)
	777400  -  ResidentSetSize of job (KB)
...
006 (7234687.004.000) 10/07 14:29:31 Image size of job updated: 1000000
	762  -  MemoryUsage of job (MB)
	780164  -  ResidentSetSize of job (KB)
...
006 (7234687.004.000) 10/07 14:34:32 Image size of job updated: 1000000
	767  -  MemoryUsage of job (MB)
	784664  -  ResidentSetSize of job (KB)
...
006 (7234687.004.000) 10/07 14:39:32 Image size of job updated: 1000000
	771  -  MemoryUsage of job (MB)
	788852  -  ResidentSetSize of job (KB)
...
006 (7234687.004.000) 10/07 15:04:35 Image size of job updated: 1000000
	771  -  MemoryUsage of job (MB)
	789400  -  ResidentSetSize of job (KB)
...
006 (7234687.004.000) 10/07 15:09:35 Image size of job updated: 1000000
	773  -  MemoryUsage of job (MB)
	790632  -  ResidentSetSize of job (KB)
...
006 (7234687.004.000) 10/07 15:14:36 Image size of job updated: 1000000
	776  -  MemoryUsage of job (MB)
	794400  -  ResidentSetSize of job (KB)
...
006 (7234687.004.000) 10/07 15:19:36 Image size of job updated: 1000000
	777  -  MemoryUsage of job (MB)
	794656  -  ResidentSetSize of job (KB)
...
006 (7234687.004.000) 10/07 15:24:37 Image size of job updated: 1000000
	778  -  MemoryUsage of job (MB)
	796064  -  ResidentSetSize of job (KB)
...
006 (7234687.004.000) 10/07 15:29:37 Image size of job updated: 1000000
	781  -  MemoryUsage of job (MB)
	798880  -  ResidentSetSize of job (KB)
...
006 (7234687.004.000) 10/07 15:34:38 Image size of job updated: 1000000
	785  -  MemoryUsage of job (MB)
	803680  -  ResidentSetSize of job (KB)
...
006 (7234687.004.000) 10/07 15:39:38 Image size of job updated: 1000000
	787  -  MemoryUsage of job (MB)
	805504  -  ResidentSetSize of job (KB)
...
006 (7234687.004.000) 10/07 15:44:39 Image size of job updated: 1000000
	790  -  MemoryUsage of job (MB)
	808468  -  ResidentSetSize of job (KB)
...
006 (7234687.004.000) 10/07 15:49:39 Image size of job updated: 1000000
	793  -  MemoryUsage of job (MB)
	811124  -  ResidentSetSize of job (KB)
...
006 (7234687.004.000) 10/07 15:54:40 Image size of job updated: 1000000
	795  -  MemoryUsage of job (MB)
	813148  -  ResidentSetSize of job (KB)
...
006 (7234687.004.000) 10/07 15:59:41 Image size of job updated: 1000000
	798  -  MemoryUsage of job (MB)
	816224  -  ResidentSetSize of job (KB)
...
006 (7234687.004.000) 10/07 16:04:41 Image size of job updated: 1000000
	800  -  MemoryUsage of job (MB)
	818676  -  ResidentSetSize of job (KB)
...
006 (7234687.004.000) 10/07 16:09:42 Image size of job updated: 1000000
	803  -  MemoryUsage of job (MB)
	821836  -  ResidentSetSize of job (KB)
...
006 (7234687.004.000) 10/07 16:14:42 Image size of job updated: 1000000
	805  -  MemoryUsage of job (MB)
	823668  -  ResidentSetSize of job (KB)
...
006 (7234687.004.000) 10/07 16:19:42 Image size of job updated: 1000000
	806  -  MemoryUsage of job (MB)
	825316  -  ResidentSetSize of job (KB)
...
006 (7234687.004.000) 10/07 16:24:43 Image size of job updated: 1000000
	809  -  MemoryUsage of job (MB)
	827532  -  ResidentSetSize of job (KB)
...
006 (7234687.004.000) 10/07 16:29:44 Image size of job updated: 1000000
	811  -  MemoryUsage of job (MB)
	829620  -  ResidentSetSize of job (KB)
...
006 (7234687.004.000) 10/07 16:34:44 Image size of job updated: 1000000
	813  -  MemoryUsage of job (MB)
	832332  -  ResidentSetSize of job (KB)
...
006 (7234687.004.000) 10/07 16:39:44 Image size of job updated: 1000000
	816  -  MemoryUsage of job (MB)
	835284  -  ResidentSetSize of job (KB)
...
006 (7234687.004.000) 10/07 16:44:44 Image size of job updated: 1000000
	818  -  MemoryUsage of job (MB)
	836972  -  ResidentSetSize of job (KB)
...
006 (7234687.004.000) 10/07 16:49:45 Image size of job updated: 1000000
	820  -  MemoryUsage of job (MB)
	838724  -  ResidentSetSize of job (KB)
...
006 (7234687.004.000) 10/07 16:54:45 Image size of job updated: 1000000
	821  -  MemoryUsage of job (MB)
	839716  -  ResidentSetSize of job (KB)
...
006 (7234687.004.000) 10/07 16:59:46 Image size of job updated: 1000000
	822  -  MemoryUsage of job (MB)
	841216  -  ResidentSetSize of job (KB)
...
006 (7234687.004.000) 10/07 17:39:50 Image size of job updated: 1000000
	826  -  MemoryUsage of job (MB)
	845036  -  ResidentSetSize of job (KB)
...
006 (7234687.004.000) 10/07 17:59:53 Image size of job updated: 1000000
	827  -  MemoryUsage of job (MB)
	846712  -  ResidentSetSize of job (KB)
...
006 (7234687.004.000) 10/07 18:04:54 Image size of job updated: 1000000
	832  -  MemoryUsage of job (MB)
	851116  -  ResidentSetSize of job (KB)
...
006 (7234687.004.000) 10/07 18:09:54 Image size of job updated: 1000000
	833  -  MemoryUsage of job (MB)
	852112  -  ResidentSetSize of job (KB)
...
006 (7234687.004.000) 10/07 18:29:56 Image size of job updated: 1000000
	834  -  MemoryUsage of job (MB)
	853376  -  ResidentSetSize of job (KB)
...
006 (7234687.004.000) 10/07 18:34:56 Image size of job updated: 1000000
	836  -  MemoryUsage of job (MB)
	855816  -  ResidentSetSize of job (KB)
...
006 (7234687.004.000) 10/07 18:39:57 Image size of job updated: 1000000
	839  -  MemoryUsage of job (MB)
	858536  -  ResidentSetSize of job (KB)
...
006 (7234687.004.000) 10/07 18:44:58 Image size of job updated: 1000000
	840  -  MemoryUsage of job (MB)
	859388  -  ResidentSetSize of job (KB)
...
006 (7234687.004.000) 10/07 18:49:58 Image size of job updated: 1000000
	842  -  MemoryUsage of job (MB)
	861916  -  ResidentSetSize of job (KB)
...
006 (7234687.004.000) 10/07 18:54:58 Image size of job updated: 1000000
	844  -  MemoryUsage of job (MB)
	863612  -  ResidentSetSize of job (KB)
...
006 (7234687.004.000) 10/07 18:59:58 Image size of job updated: 1000000
	845  -  MemoryUsage of job (MB)
	864304  -  ResidentSetSize of job (KB)
...
006 (7234687.004.000) 10/07 19:04:59 Image size of job updated: 1000000
	846  -  MemoryUsage of job (MB)
	865864  -  ResidentSetSize of job (KB)
...
006 (7234687.004.000) 10/07 19:09:59 Image size of job updated: 1000000
	848  -  MemoryUsage of job (MB)
	868108  -  ResidentSetSize of job (KB)
...
006 (7234687.004.000) 10/07 19:15:00 Image size of job updated: 1000000
	849  -  MemoryUsage of job (MB)
	869236  -  ResidentSetSize of job (KB)
...
006 (7234687.004.000) 10/07 19:20:00 Image size of job updated: 1000000
	851  -  MemoryUsage of job (MB)
	871184  -  ResidentSetSize of job (KB)
...
006 (7234687.004.000) 10/07 19:25:01 Image size of job updated: 1000000
	853  -  MemoryUsage of job (MB)
	873416  -  ResidentSetSize of job (KB)
...
006 (7234687.004.000) 10/07 19:30:02 Image size of job updated: 1000000
	855  -  MemoryUsage of job (MB)
	875484  -  ResidentSetSize of job (KB)
...
006 (7234687.004.000) 10/07 19:35:02 Image size of job updated: 1000000
	857  -  MemoryUsage of job (MB)
	876760  -  ResidentSetSize of job (KB)
...
006 (7234687.004.000) 10/07 19:40:03 Image size of job updated: 1000000
	859  -  MemoryUsage of job (MB)
	879020  -  ResidentSetSize of job (KB)
...
006 (7234687.004.000) 10/07 19:45:03 Image size of job updated: 1000000
	861  -  MemoryUsage of job (MB)
	881560  -  ResidentSetSize of job (KB)
...
006 (7234687.004.000) 10/07 19:50:04 Image size of job updated: 1000000
	864  -  MemoryUsage of job (MB)
	883776  -  ResidentSetSize of job (KB)
...
006 (7234687.004.000) 10/07 19:55:04 Image size of job updated: 1000000
	865  -  MemoryUsage of job (MB)
	885472  -  ResidentSetSize of job (KB)
...
006 (7234687.004.000) 10/07 20:00:05 Image size of job updated: 1000000
	866  -  MemoryUsage of job (MB)
	886716  -  ResidentSetSize of job (KB)
...
006 (7234687.004.000) 10/07 20:05:06 Image size of job updated: 1000000
	868  -  MemoryUsage of job (MB)
	888200  -  ResidentSetSize of job (KB)
...
006 (7234687.004.000) 10/07 20:10:06 Image size of job updated: 1000000
	869  -  MemoryUsage of job (MB)
	889464  -  ResidentSetSize of job (KB)
...
006 (7234687.004.000) 10/07 20:15:07 Image size of job updated: 1000000
	871  -  MemoryUsage of job (MB)
	891116  -  ResidentSetSize of job (KB)
...
006 (7234687.004.000) 10/07 20:20:07 Image size of job updated: 1000000
	872  -  MemoryUsage of job (MB)
	892904  -  ResidentSetSize of job (KB)
...
006 (7234687.004.000) 10/07 20:25:08 Image size of job updated: 1000000
	873  -  MemoryUsage of job (MB)
	893624  -  ResidentSetSize of job (KB)
...
006 (7234687.004.000) 10/07 20:30:08 Image size of job updated: 1000000
	876  -  MemoryUsage of job (MB)
	896448  -  ResidentSetSize of job (KB)
...
006 (7234687.004.000) 10/07 20:35:09 Image size of job updated: 1000000
	880  -  MemoryUsage of job (MB)
	900564  -  ResidentSetSize of job (KB)
...
006 (7234687.004.000) 10/07 20:40:09 Image size of job updated: 1000000
	881  -  MemoryUsage of job (MB)
	901664  -  ResidentSetSize of job (KB)
...
006 (7234687.004.000) 10/07 20:45:10 Image size of job updated: 1000000
	884  -  MemoryUsage of job (MB)
	904256  -  ResidentSetSize of job (KB)
...
006 (7234687.004.000) 10/07 20:50:10 Image size of job updated: 1000000
	885  -  MemoryUsage of job (MB)
	906128  -  ResidentSetSize of job (KB)
...
006 (7234687.004.000) 10/07 20:55:11 Image size of job updated: 1000000
	887  -  MemoryUsage of job (MB)
	908220  -  ResidentSetSize of job (KB)
...
006 (7234687.004.000) 10/07 21:00:12 Image size of job updated: 1000000
	891  -  MemoryUsage of job (MB)
	911500  -  ResidentSetSize of job (KB)
...
006 (7234687.004.000) 10/07 21:05:12 Image size of job updated: 1000000
	895  -  MemoryUsage of job (MB)
	916440  -  ResidentSetSize of job (KB)
...
006 (7234687.004.000) 10/07 21:35:15 Image size of job updated: 1000000
	896  -  MemoryUsage of job (MB)
	916724  -  ResidentSetSize of job (KB)
...
006 (7234687.004.000) 10/07 21:40:15 Image size of job updated: 1000000
	896  -  MemoryUsage of job (MB)
	917048  -  ResidentSetSize of job (KB)
...
006 (7234687.004.000) 10/07 21:45:16 Image size of job updated: 1000000
	897  -  MemoryUsage of job (MB)
	917564  -  ResidentSetSize of job (KB)
...
006 (7234687.004.000) 10/07 21:50:17 Image size of job updated: 1000000
	897  -  MemoryUsage of job (MB)
	917800  -  ResidentSetSize of job (KB)
...
006 (7234687.004.000) 10/07 21:55:17 Image size of job updated: 1000000
	897  -  MemoryUsage of job (MB)
	917940  -  ResidentSetSize of job (KB)
...
006 (7234687.004.000) 10/07 22:00:18 Image size of job updated: 1000000
	897  -  MemoryUsage of job (MB)
	918284  -  ResidentSetSize of job (KB)
...
006 (7234687.004.000) 10/07 22:10:19 Image size of job updated: 1000000
	898  -  MemoryUsage of job (MB)
	919124  -  ResidentSetSize of job (KB)
...
006 (7234687.004.000) 10/07 22:15:19 Image size of job updated: 1000000
	899  -  MemoryUsage of job (MB)
	920048  -  ResidentSetSize of job (KB)
...
006 (7234687.004.000) 10/07 22:20:20 Image size of job updated: 1000000
	900  -  MemoryUsage of job (MB)
	921144  -  ResidentSetSize of job (KB)
...
006 (7234687.004.000) 10/07 22:25:21 Image size of job updated: 1000000
	901  -  MemoryUsage of job (MB)
	921928  -  ResidentSetSize of job (KB)
...
006 (7234687.004.000) 10/07 22:35:21 Image size of job updated: 1000000
	901  -  MemoryUsage of job (MB)
	922088  -  ResidentSetSize of job (KB)
...
006 (7234687.004.000) 10/07 22:40:21 Image size of job updated: 1000000
	901  -  MemoryUsage of job (MB)
	922196  -  ResidentSetSize of job (KB)
...
006 (7234687.004.000) 10/07 22:45:22 Image size of job updated: 1000000
	901  -  MemoryUsage of job (MB)
	922572  -  ResidentSetSize of job (KB)
...
006 (7234687.004.000) 10/07 23:10:25 Image size of job updated: 1000000
	902  -  MemoryUsage of job (MB)
	922932  -  ResidentSetSize of job (KB)
...
006 (7234687.004.000) 10/07 23:15:25 Image size of job updated: 1000000
	906  -  MemoryUsage of job (MB)
	926984  -  ResidentSetSize of job (KB)
...
006 (7234687.004.000) 10/07 23:20:26 Image size of job updated: 1000000
	907  -  MemoryUsage of job (MB)
	927980  -  ResidentSetSize of job (KB)
...
006 (7234687.004.000) 10/07 23:25:26 Image size of job updated: 1000000
	909  -  MemoryUsage of job (MB)
	930340  -  ResidentSetSize of job (KB)
...
006 (7234687.004.000) 10/07 23:30:26 Image size of job updated: 1000000
	910  -  MemoryUsage of job (MB)
	931808  -  ResidentSetSize of job (KB)
...
006 (7234687.004.000) 10/07 23:35:27 Image size of job updated: 1000000
	913  -  MemoryUsage of job (MB)
	934004  -  ResidentSetSize of job (KB)
...
006 (7234687.004.000) 10/07 23:40:27 Image size of job updated: 1000000
	913  -  MemoryUsage of job (MB)
	934596  -  ResidentSetSize of job (KB)
...
006 (7234687.004.000) 10/07 23:45:28 Image size of job updated: 1000000
	914  -  MemoryUsage of job (MB)
	935608  -  ResidentSetSize of job (KB)
...
006 (7234687.004.000) 10/07 23:50:29 Image size of job updated: 1000000
	915  -  MemoryUsage of job (MB)
	936844  -  ResidentSetSize of job (KB)
...
006 (7234687.004.000) 10/07 23:55:29 Image size of job updated: 1000000
	921  -  MemoryUsage of job (MB)
	942912  -  ResidentSetSize of job (KB)
...
006 (7234687.004.000) 10/08 00:00:29 Image size of job updated: 1000000
	925  -  MemoryUsage of job (MB)
	946884  -  ResidentSetSize of job (KB)
...
006 (7234687.004.000) 10/08 00:05:29 Image size of job updated: 1000000
	929  -  MemoryUsage of job (MB)
	950936  -  ResidentSetSize of job (KB)
...
006 (7234687.004.000) 10/08 00:10:30 Image size of job updated: 1000000
	933  -  MemoryUsage of job (MB)
	954808  -  ResidentSetSize of job (KB)
...
006 (7234687.004.000) 10/08 00:15:31 Image size of job updated: 1000000
	937  -  MemoryUsage of job (MB)
	959472  -  ResidentSetSize of job (KB)
...
006 (7234687.004.000) 10/08 00:20:31 Image size of job updated: 1000000
	939  -  MemoryUsage of job (MB)
	961268  -  ResidentSetSize of job (KB)
...
006 (7234687.004.000) 10/08 00:25:32 Image size of job updated: 1000000
	943  -  MemoryUsage of job (MB)
	965448  -  ResidentSetSize of job (KB)
...
006 (7234687.004.000) 10/08 00:30:32 Image size of job updated: 1000000
	947  -  MemoryUsage of job (MB)
	969296  -  ResidentSetSize of job (KB)
...
006 (7234687.004.000) 10/08 00:35:33 Image size of job updated: 1000000
	948  -  MemoryUsage of job (MB)
	970320  -  ResidentSetSize of job (KB)
...
006 (7234687.004.000) 10/08 00:40:34 Image size of job updated: 1000000
	951  -  MemoryUsage of job (MB)
	972932  -  ResidentSetSize of job (KB)
...
006 (7234687.004.000) 10/08 00:45:34 Image size of job updated: 1000000
	959  -  MemoryUsage of job (MB)
	981288  -  ResidentSetSize of job (KB)
...
006 (7234687.004.000) 10/08 00:50:35 Image size of job updated: 1000000
	962  -  MemoryUsage of job (MB)
	984520  -  ResidentSetSize of job (KB)
...
006 (7234687.004.000) 10/08 01:00:36 Image size of job updated: 1000000
	963  -  MemoryUsage of job (MB)
	985864  -  ResidentSetSize of job (KB)
...
006 (7234687.004.000) 10/08 01:10:37 Image size of job updated: 1000008
	967  -  MemoryUsage of job (MB)
	989228  -  ResidentSetSize of job (KB)
...
006 (7234687.004.000) 10/08 01:15:38 Image size of job updated: 1000064
	970  -  MemoryUsage of job (MB)
	993032  -  ResidentSetSize of job (KB)
...
006 (7234687.004.000) 10/08 01:20:38 Image size of job updated: 1000376
	973  -  MemoryUsage of job (MB)
	995536  -  ResidentSetSize of job (KB)
...
006 (7234687.004.000) 10/08 01:25:39 Image size of job updated: 1001500
	976  -  MemoryUsage of job (MB)
	999252  -  ResidentSetSize of job (KB)
...
006 (7234687.004.000) 10/08 01:30:39 Image size of job updated: 1007716
	979  -  MemoryUsage of job (MB)
	1001656  -  ResidentSetSize of job (KB)
...
006 (7234687.004.000) 10/08 01:35:40 Image size of job updated: 1015620
	983  -  MemoryUsage of job (MB)
	1006164  -  ResidentSetSize of job (KB)
...
006 (7234687.004.000) 10/08 01:40:41 Image size of job updated: 1015620
	986  -  MemoryUsage of job (MB)
	1008736  -  ResidentSetSize of job (KB)
...
006 (7234687.004.000) 10/08 01:45:41 Image size of job updated: 1019952
	986  -  MemoryUsage of job (MB)
	1008984  -  ResidentSetSize of job (KB)
...
006 (7234687.004.000) 10/08 01:50:42 Image size of job updated: 1019952
	989  -  MemoryUsage of job (MB)
	1011820  -  ResidentSetSize of job (KB)
...
006 (7234687.004.000) 10/08 01:55:42 Image size of job updated: 1023936
	991  -  MemoryUsage of job (MB)
	1014136  -  ResidentSetSize of job (KB)
...
006 (7234687.004.000) 10/08 02:00:43 Image size of job updated: 1027436
	996  -  MemoryUsage of job (MB)
	1019384  -  ResidentSetSize of job (KB)
...
006 (7234687.004.000) 10/08 02:05:43 Image size of job updated: 1027436
	998  -  MemoryUsage of job (MB)
	1021364  -  ResidentSetSize of job (KB)
...
006 (7234687.004.000) 10/08 02:10:44 Image size of job updated: 1034328
	1002  -  MemoryUsage of job (MB)
	1025028  -  ResidentSetSize of job (KB)
...
006 (7234687.004.000) 10/08 02:15:44 Image size of job updated: 1034328
	1003  -  MemoryUsage of job (MB)
	1026304  -  ResidentSetSize of job (KB)
...
006 (7234687.004.000) 10/08 02:20:45 Image size of job updated: 1034328
	1004  -  MemoryUsage of job (MB)
	1027588  -  ResidentSetSize of job (KB)
...
006 (7234687.004.000) 10/08 02:25:46 Image size of job updated: 1036940
	1006  -  MemoryUsage of job (MB)
	1029820  -  ResidentSetSize of job (KB)
...
006 (7234687.004.000) 10/08 02:30:46 Image size of job updated: 1037964
	1008  -  MemoryUsage of job (MB)
	1032036  -  ResidentSetSize of job (KB)
...
006 (7234687.004.000) 10/08 02:35:47 Image size of job updated: 1040996
	1011  -  MemoryUsage of job (MB)
	1034372  -  ResidentSetSize of job (KB)
...
006 (7234687.004.000) 10/08 02:40:47 Image size of job updated: 1044664
	1014  -  MemoryUsage of job (MB)
	1038180  -  ResidentSetSize of job (KB)
...
006 (7234687.004.000) 10/08 02:45:48 Image size of job updated: 1046068
	1016  -  MemoryUsage of job (MB)
	1039924  -  ResidentSetSize of job (KB)
...
006 (7234687.004.000) 10/08 02:50:48 Image size of job updated: 1057220
	1020  -  MemoryUsage of job (MB)
	1044300  -  ResidentSetSize of job (KB)
...
006 (7234687.004.000) 10/08 02:55:49 Image size of job updated: 1057220
	1022  -  MemoryUsage of job (MB)
	1045748  -  ResidentSetSize of job (KB)
...
006 (7234687.004.000) 10/08 03:00:49 Image size of job updated: 1058648
	1025  -  MemoryUsage of job (MB)
	1049552  -  ResidentSetSize of job (KB)
...
006 (7234687.004.000) 10/08 03:05:50 Image size of job updated: 1058648
	1029  -  MemoryUsage of job (MB)
	1052808  -  ResidentSetSize of job (KB)
...
006 (7234687.004.000) 10/08 03:10:50 Image size of job updated: 1060472
	1031  -  MemoryUsage of job (MB)
	1055316  -  ResidentSetSize of job (KB)
...
006 (7234687.004.000) 10/08 03:15:51 Image size of job updated: 1061100
	1036  -  MemoryUsage of job (MB)
	1060412  -  ResidentSetSize of job (KB)
...
006 (7234687.004.000) 10/08 03:20:52 Image size of job updated: 1068404
	1036  -  MemoryUsage of job (MB)
	1060412  -  ResidentSetSize of job (KB)
...
006 (7234687.004.000) 10/08 03:25:52 Image size of job updated: 1068516
	1036  -  MemoryUsage of job (MB)
	1060412  -  ResidentSetSize of job (KB)
...
006 (7234687.004.000) 10/08 03:30:53 Image size of job updated: 1071328
	1042  -  MemoryUsage of job (MB)
	1066240  -  ResidentSetSize of job (KB)
...
006 (7234687.004.000) 10/08 03:35:53 Image size of job updated: 1075664
	1045  -  MemoryUsage of job (MB)
	1069444  -  ResidentSetSize of job (KB)
...
006 (7234687.004.000) 10/08 03:40:54 Image size of job updated: 1079104
	1047  -  MemoryUsage of job (MB)
	1072112  -  ResidentSetSize of job (KB)
...
006 (7234687.004.000) 10/08 03:50:55 Image size of job updated: 1079104
	1048  -  MemoryUsage of job (MB)
	1072264  -  ResidentSetSize of job (KB)
...
006 (7234687.004.000) 10/08 03:55:55 Image size of job updated: 1080180
	1049  -  MemoryUsage of job (MB)
	1074052  -  ResidentSetSize of job (KB)
...
006 (7234687.004.000) 10/08 04:00:56 Image size of job updated: 1080180
	1051  -  MemoryUsage of job (MB)
	1075712  -  ResidentSetSize of job (KB)
...
006 (7234687.004.000) 10/08 04:05:56 Image size of job updated: 1080928
	1052  -  MemoryUsage of job (MB)
	1076920  -  ResidentSetSize of job (KB)
...
006 (7234687.004.000) 10/08 04:10:57 Image size of job updated: 1083568
	1054  -  MemoryUsage of job (MB)
	1078552  -  ResidentSetSize of job (KB)
...
006 (7234687.004.000) 10/08 04:15:57 Image size of job updated: 1083568
	1055  -  MemoryUsage of job (MB)
	1079972  -  ResidentSetSize of job (KB)
...
006 (7234687.004.000) 10/08 04:20:57 Image size of job updated: 1084476
	1057  -  MemoryUsage of job (MB)
	1081624  -  ResidentSetSize of job (KB)
...
006 (7234687.004.000) 10/08 04:25:58 Image size of job updated: 1086936
	1058  -  MemoryUsage of job (MB)
	1083228  -  ResidentSetSize of job (KB)
...
006 (7234687.004.000) 10/08 04:30:58 Image size of job updated: 1086968
	1060  -  MemoryUsage of job (MB)
	1084856  -  ResidentSetSize of job (KB)
...
006 (7234687.004.000) 10/08 04:35:59 Image size of job updated: 1089456
	1061  -  MemoryUsage of job (MB)
	1085660  -  ResidentSetSize of job (KB)
...
006 (7234687.004.000) 10/08 04:41:00 Image size of job updated: 1089456
	1061  -  MemoryUsage of job (MB)
	1086260  -  ResidentSetSize of job (KB)
...
006 (7234687.004.000) 10/08 04:46:00 Image size of job updated: 1090740
	1065  -  MemoryUsage of job (MB)
	1090284  -  ResidentSetSize of job (KB)
...
006 (7234687.004.000) 10/08 04:51:01 Image size of job updated: 1094544
	1065  -  MemoryUsage of job (MB)
	1090284  -  ResidentSetSize of job (KB)
...
006 (7234687.004.000) 10/08 04:56:01 Image size of job updated: 1094920
	1070  -  MemoryUsage of job (MB)
	1094828  -  ResidentSetSize of job (KB)
...
006 (7234687.004.000) 10/08 05:16:03 Image size of job updated: 1095456
	1070  -  MemoryUsage of job (MB)
	1094828  -  ResidentSetSize of job (KB)
...
006 (7234687.004.000) 10/08 05:26:05 Image size of job updated: 1096532
	1070  -  MemoryUsage of job (MB)
	1094828  -  ResidentSetSize of job (KB)
...
006 (7234687.004.000) 10/08 05:31:05 Image size of job updated: 1098476
	1072  -  MemoryUsage of job (MB)
	1096816  -  ResidentSetSize of job (KB)
...
006 (7234687.004.000) 10/08 05:36:06 Image size of job updated: 1100096
	1075  -  MemoryUsage of job (MB)
	1099844  -  ResidentSetSize of job (KB)
...
006 (7234687.004.000) 10/08 05:41:06 Image size of job updated: 1104276
	1075  -  MemoryUsage of job (MB)
	1099844  -  ResidentSetSize of job (KB)
...
006 (7234687.004.000) 10/08 06:21:11 Image size of job updated: 1104276
	1075  -  MemoryUsage of job (MB)
	1100124  -  ResidentSetSize of job (KB)
...
006 (7234687.004.000) 10/08 06:26:11 Image size of job updated: 1104276
	1079  -  MemoryUsage of job (MB)
	1104112  -  ResidentSetSize of job (KB)
...
006 (7234687.004.000) 10/08 06:31:12 Image size of job updated: 1104312
	1079  -  MemoryUsage of job (MB)
	1104112  -  ResidentSetSize of job (KB)
...
006 (7234687.004.000) 10/08 06:46:14 Image size of job updated: 1104500
	1079  -  MemoryUsage of job (MB)
	1104128  -  ResidentSetSize of job (KB)
...
006 (7234687.004.000) 10/08 06:51:14 Image size of job updated: 1105576
	1080  -  MemoryUsage of job (MB)
	1105432  -  ResidentSetSize of job (KB)
...
006 (7234687.004.000) 10/08 06:56:15 Image size of job updated: 1106984
	1080  -  MemoryUsage of job (MB)
	1105432  -  ResidentSetSize of job (KB)
...
006 (7234687.004.000) 10/08 07:16:17 Image size of job updated: 1108864
	1080  -  MemoryUsage of job (MB)
	1105432  -  ResidentSetSize of job (KB)
...
006 (7234687.004.000) 10/08 07:26:18 Image size of job updated: 1108864
	1082  -  MemoryUsage of job (MB)
	1107808  -  ResidentSetSize of job (KB)
...
006 (7234687.004.000) 10/08 07:31:19 Image size of job updated: 1119332
	1086  -  MemoryUsage of job (MB)
	1111188  -  ResidentSetSize of job (KB)
...
006 (7234687.004.000) 10/08 07:36:20 Image size of job updated: 1119332
	1087  -  MemoryUsage of job (MB)
	1112828  -  ResidentSetSize of job (KB)
...
006 (7234687.004.000) 10/08 07:41:20 Image size of job updated: 1119332
	1092  -  MemoryUsage of job (MB)
	1117924  -  ResidentSetSize of job (KB)
...
006 (7234687.004.000) 10/08 07:46:21 Image size of job updated: 1119828
	1092  -  MemoryUsage of job (MB)
	1117924  -  ResidentSetSize of job (KB)
...
006 (7234687.004.000) 10/08 07:56:22 Image size of job updated: 1121196
	1092  -  MemoryUsage of job (MB)
	1117924  -  ResidentSetSize of job (KB)
...
006 (7234687.004.000) 10/08 08:01:23 Image size of job updated: 1124152
	1093  -  MemoryUsage of job (MB)
	1118400  -  ResidentSetSize of job (KB)
...
006 (7234687.004.000) 10/08 08:06:23 Image size of job updated: 1124152
	1093  -  MemoryUsage of job (MB)
	1119160  -  ResidentSetSize of job (KB)
...
006 (7234687.004.000) 10/08 08:11:24 Image size of job updated: 1127776
	1096  -  MemoryUsage of job (MB)
	1121688  -  ResidentSetSize of job (KB)
...
006 (7234687.004.000) 10/08 08:16:24 Image size of job updated: 1129464
	1097  -  MemoryUsage of job (MB)
	1123184  -  ResidentSetSize of job (KB)
...
006 (7234687.004.000) 10/08 08:21:25 Image size of job updated: 1129608
	1100  -  MemoryUsage of job (MB)
	1125440  -  ResidentSetSize of job (KB)
...
006 (7234687.004.000) 10/08 08:31:26 Image size of job updated: 1130616
	1100  -  MemoryUsage of job (MB)
	1125612  -  ResidentSetSize of job (KB)
...
006 (7234687.004.000) 10/08 08:36:26 Image size of job updated: 1131580
	1101  -  MemoryUsage of job (MB)
	1126528  -  ResidentSetSize of job (KB)
...
006 (7234687.004.000) 10/08 08:41:26 Image size of job updated: 1133048
	1102  -  MemoryUsage of job (MB)
	1127936  -  ResidentSetSize of job (KB)
...
006 (7234687.004.000) 10/08 08:46:27 Image size of job updated: 1133148
	1103  -  MemoryUsage of job (MB)
	1129232  -  ResidentSetSize of job (KB)
...
006 (7234687.004.000) 10/08 08:51:27 Image size of job updated: 1135412
	1107  -  MemoryUsage of job (MB)
	1133260  -  ResidentSetSize of job (KB)
...
006 (7234687.004.000) 10/08 08:56:28 Image size of job updated: 1144648
	1107  -  MemoryUsage of job (MB)
	1133492  -  ResidentSetSize of job (KB)
...
006 (7234687.004.000) 10/08 09:01:28 Image size of job updated: 1144648
	1111  -  MemoryUsage of job (MB)
	1136840  -  ResidentSetSize of job (KB)
...
006 (7234687.004.000) 10/08 09:06:29 Image size of job updated: 1144648
	1114  -  MemoryUsage of job (MB)
	1140196  -  ResidentSetSize of job (KB)
...
006 (7234687.004.000) 10/08 09:16:29 Image size of job updated: 1144648
	1118  -  MemoryUsage of job (MB)
	1144204  -  ResidentSetSize of job (KB)
...
006 (7234687.004.000) 10/08 09:21:30 Image size of job updated: 1145964
	1120  -  MemoryUsage of job (MB)
	1145960  -  ResidentSetSize of job (KB)
...
006 (7234687.004.000) 10/08 09:26:30 Image size of job updated: 1151056
	1120  -  MemoryUsage of job (MB)
	1145960  -  ResidentSetSize of job (KB)
...
006 (7234687.004.000) 10/08 09:36:31 Image size of job updated: 1151064
	1120  -  MemoryUsage of job (MB)
	1145960  -  ResidentSetSize of job (KB)
...
006 (7234687.004.000) 10/08 09:46:33 Image size of job updated: 1153044
	1125  -  MemoryUsage of job (MB)
	1151724  -  ResidentSetSize of job (KB)
...
006 (7234687.004.000) 10/08 09:51:33 Image size of job updated: 1155208
	1125  -  MemoryUsage of job (MB)
	1151724  -  ResidentSetSize of job (KB)
...
006 (7234687.004.000) 10/08 09:56:34 Image size of job updated: 1155540
	1128  -  MemoryUsage of job (MB)
	1154324  -  ResidentSetSize of job (KB)
...
006 (7234687.004.000) 10/08 10:01:34 Image size of job updated: 1166984
	1128  -  MemoryUsage of job (MB)
	1154324  -  ResidentSetSize of job (KB)
...
006 (7234687.004.000) 10/08 10:16:36 Image size of job updated: 1166984
	1130  -  MemoryUsage of job (MB)
	1156352  -  ResidentSetSize of job (KB)
...
006 (7234687.004.000) 10/08 10:21:36 Image size of job updated: 1166984
	1132  -  MemoryUsage of job (MB)
	1158864  -  ResidentSetSize of job (KB)
...
006 (7234687.004.000) 10/08 10:26:37 Image size of job updated: 1166984
	1134  -  MemoryUsage of job (MB)
	1161172  -  ResidentSetSize of job (KB)
...
006 (7234687.004.000) 10/08 10:31:38 Image size of job updated: 1166984
	1139  -  MemoryUsage of job (MB)
	1165880  -  ResidentSetSize of job (KB)
...
006 (7234687.004.000) 10/08 10:36:38 Image size of job updated: 1170020
	1143  -  MemoryUsage of job (MB)
	1170020  -  ResidentSetSize of job (KB)
...
006 (7234687.004.000) 10/08 10:41:39 Image size of job updated: 1177160
	1143  -  MemoryUsage of job (MB)
	1170020  -  ResidentSetSize of job (KB)
...
006 (7234687.004.000) 10/08 10:51:40 Image size of job updated: 1177160
	1149  -  MemoryUsage of job (MB)
	1176292  -  ResidentSetSize of job (KB)
...
006 (7234687.004.000) 10/08 11:01:41 Image size of job updated: 1179900
	1153  -  MemoryUsage of job (MB)
	1179652  -  ResidentSetSize of job (KB)
...
006 (7234687.004.000) 10/08 11:06:42 Image size of job updated: 1187180
	1153  -  MemoryUsage of job (MB)
	1179652  -  ResidentSetSize of job (KB)
...
006 (7234687.004.000) 10/08 11:46:46 Image size of job updated: 1187180
	1154  -  MemoryUsage of job (MB)
	1181156  -  ResidentSetSize of job (KB)
...
006 (7234687.004.000) 10/08 11:51:46 Image size of job updated: 1187180
	1155  -  MemoryUsage of job (MB)
	1182272  -  ResidentSetSize of job (KB)
...
006 (7234687.004.000) 10/08 11:56:47 Image size of job updated: 1187228
	1160  -  MemoryUsage of job (MB)
	1187072  -  ResidentSetSize of job (KB)
...
006 (7234687.004.000) 10/08 12:01:47 Image size of job updated: 1192128
	1165  -  MemoryUsage of job (MB)
	1192004  -  ResidentSetSize of job (KB)
...
006 (7234687.004.000) 10/08 12:06:47 Image size of job updated: 1196332
	1169  -  MemoryUsage of job (MB)
	1196256  -  ResidentSetSize of job (KB)
...
006 (7234687.004.000) 10/08 12:11:48 Image size of job updated: 1215984
	1169  -  MemoryUsage of job (MB)
	1196256  -  ResidentSetSize of job (KB)
...
006 (7234687.004.000) 10/08 13:16:55 Image size of job updated: 1215984
	1171  -  MemoryUsage of job (MB)
	1198448  -  ResidentSetSize of job (KB)
...
006 (7234687.004.000) 10/08 13:21:56 Image size of job updated: 1215984
	1174  -  MemoryUsage of job (MB)
	1201400  -  ResidentSetSize of job (KB)
...
006 (7234687.004.000) 10/08 13:26:57 Image size of job updated: 1215984
	1179  -  MemoryUsage of job (MB)
	1207080  -  ResidentSetSize of job (KB)
...
006 (7234687.004.000) 10/08 13:31:57 Image size of job updated: 1215984
	1181  -  MemoryUsage of job (MB)
	1209048  -  ResidentSetSize of job (KB)
...
006 (7234687.004.000) 10/08 13:36:58 Image size of job updated: 1215984
	1185  -  MemoryUsage of job (MB)
	1212736  -  ResidentSetSize of job (KB)
...
006 (7234687.004.000) 10/08 13:41:58 Image size of job updated: 1215984
	1187  -  MemoryUsage of job (MB)
	1214684  -  ResidentSetSize of job (KB)
...
006 (7234687.004.000) 10/08 13:46:59 Image size of job updated: 1217784
	1188  -  MemoryUsage of job (MB)
	1216248  -  ResidentSetSize of job (KB)
...
006 (7234687.004.000) 10/08 13:51:59 Image size of job updated: 1217784
	1189  -  MemoryUsage of job (MB)
	1217460  -  ResidentSetSize of job (KB)
...
006 (7234687.004.000) 10/08 13:57:00 Image size of job updated: 1226656
	1189  -  MemoryUsage of job (MB)
	1217460  -  ResidentSetSize of job (KB)
...
006 (7234687.004.000) 10/08 14:37:05 Image size of job updated: 1226656
	1191  -  MemoryUsage of job (MB)
	1218784  -  ResidentSetSize of job (KB)
...
006 (7234687.004.000) 10/08 14:42:06 Image size of job updated: 1227916
	1191  -  MemoryUsage of job (MB)
	1218784  -  ResidentSetSize of job (KB)
...
006 (7234687.004.000) 10/08 15:07:07 Image size of job updated: 1227916
	1194  -  MemoryUsage of job (MB)
	1222460  -  ResidentSetSize of job (KB)
...
006 (7234687.004.000) 10/08 15:17:08 Image size of job updated: 1227916
	1196  -  MemoryUsage of job (MB)
	1224188  -  ResidentSetSize of job (KB)
...
006 (7234687.004.000) 10/08 15:22:08 Image size of job updated: 1227916
	1198  -  MemoryUsage of job (MB)
	1226472  -  ResidentSetSize of job (KB)
...
006 (7234687.004.000) 10/08 15:27:09 Image size of job updated: 1236648
	1208  -  MemoryUsage of job (MB)
	1236644  -  ResidentSetSize of job (KB)
...
006 (7234687.004.000) 10/08 15:52:12 Image size of job updated: 1237780
	1209  -  MemoryUsage of job (MB)
	1237660  -  ResidentSetSize of job (KB)
...
006 (7234687.004.000) 10/08 15:57:12 Image size of job updated: 1239448
	1211  -  MemoryUsage of job (MB)
	1239356  -  ResidentSetSize of job (KB)
...
006 (7234687.004.000) 10/08 16:02:13 Image size of job updated: 1241528
	1213  -  MemoryUsage of job (MB)
	1241528  -  ResidentSetSize of job (KB)
...
006 (7234687.004.000) 10/08 16:07:13 Image size of job updated: 1243068
	1214  -  MemoryUsage of job (MB)
	1242952  -  ResidentSetSize of job (KB)
...
006 (7234687.004.000) 10/08 16:12:13 Image size of job updated: 1256864
	1214  -  MemoryUsage of job (MB)
	1242952  -  ResidentSetSize of job (KB)
...
040 (7234687.004.000) 10/09 21:17:32 Started transferring output files
...
040 (7234687.004.000) 10/09 21:17:32 Finished transferring output files
...
005 (7234687.004.000) 10/09 21:17:32 Job terminated.
	(1) Normal termination (return value 135)
		Usr 2 06:41:12, Sys 0 00:03:18  -  Run Remote Usage
		Usr 0 00:00:00, Sys 0 00:00:00  -  Run Local Usage
		Usr 4 19:09:09, Sys 0 00:11:15  -  Total Remote Usage
		Usr 0 00:00:00, Sys 0 00:00:00  -  Total Local Usage
	23135  -  Run Bytes Sent By Job
	2419  -  Run Bytes Received By Job
	23135  -  Total Bytes Sent By Job
	4838  -  Total Bytes Received By Job
	Partitionable Resources :      Usage  Request Allocated 
	   Cpus                 :       1.00        1         1 
	   Disk (KB)            : 1017850     1250000   3148369 
	   Memory (MB)          :    1214        2000      2000 

	Job terminated of its own accord at 2024-10-09T19:17:29Z with exit-code 135.
...
