000 (7187307.002.000) 08/26 07:55:57 Job submitted from host: <137.138.44.55:9618?addrs=137.138.44.55-9618+[2001-1458-d00-1a--48]-9618&alias=bigbird17.cern.ch&noUDP&sock=schedd_23962_8474>
...
040 (7187307.002.000) 08/26 13:54:52 Started transferring input files
	Transferring to host: <128.142.248.81:9618?addrs=128.142.248.81-9618+[2001-1458-301-73--100-141]-9618&alias=b9g23p3234.cern.ch&noUDP&sock=slot1_23_3493222_a91c_10688>
...
040 (7187307.002.000) 08/26 13:54:52 Finished transferring input files
...
001 (7187307.002.000) 08/26 13:54:53 Job executing on host: <128.142.248.81:9618?addrs=128.142.248.81-9618+[2001-1458-301-73--100-141]-9618&alias=b9g23p3234.cern.ch&noUDP&sock=startd_5923_4389>
	SlotName: slot1_23@b9g23p3234.cern.ch
	CondorScratchDir = "/pool/condor/dir_12755"
	Cpus = 1
	Disk = 3086254
	Memory = 2000
...
006 (7187307.002.000) 08/26 13:55:02 Image size of job updated: 1167936
	1141  -  MemoryUsage of job (MB)
	1167876  -  ResidentSetSize of job (KB)
...
006 (7187307.002.000) 08/26 14:00:03 Image size of job updated: 1434864
	1162  -  MemoryUsage of job (MB)
	1189580  -  ResidentSetSize of job (KB)
...
006 (7187307.002.000) 08/26 14:40:07 Image size of job updated: 1434864
	1199  -  MemoryUsage of job (MB)
	1226896  -  ResidentSetSize of job (KB)
...
006 (7187307.002.000) 08/26 14:45:07 Image size of job updated: 1434864
	1248  -  MemoryUsage of job (MB)
	1277400  -  ResidentSetSize of job (KB)
...
006 (7187307.002.000) 08/26 14:50:07 Image size of job updated: 1434864
	1294  -  MemoryUsage of job (MB)
	1324908  -  ResidentSetSize of job (KB)
...
006 (7187307.002.000) 08/26 14:55:08 Image size of job updated: 1434864
	1340  -  MemoryUsage of job (MB)
	1371756  -  ResidentSetSize of job (KB)
...
006 (7187307.002.000) 08/26 15:00:08 Image size of job updated: 1434864
	1370  -  MemoryUsage of job (MB)
	1402444  -  ResidentSetSize of job (KB)
...
006 (7187307.002.000) 08/26 15:05:09 Image size of job updated: 1434864
	1389  -  MemoryUsage of job (MB)
	1421624  -  ResidentSetSize of job (KB)
...
006 (7187307.002.000) 08/26 15:10:09 Image size of job updated: 1456388
	1414  -  MemoryUsage of job (MB)
	1447124  -  ResidentSetSize of job (KB)
...
006 (7187307.002.000) 08/26 15:15:10 Image size of job updated: 1496696
	1454  -  MemoryUsage of job (MB)
	1488244  -  ResidentSetSize of job (KB)
...
006 (7187307.002.000) 08/26 15:20:11 Image size of job updated: 1512300
	1470  -  MemoryUsage of job (MB)
	1504488  -  ResidentSetSize of job (KB)
...
006 (7187307.002.000) 08/26 15:25:11 Image size of job updated: 1533112
	1488  -  MemoryUsage of job (MB)
	1523356  -  ResidentSetSize of job (KB)
...
006 (7187307.002.000) 08/26 15:30:12 Image size of job updated: 1569296
	1515  -  MemoryUsage of job (MB)
	1551328  -  ResidentSetSize of job (KB)
...
006 (7187307.002.000) 08/26 15:40:13 Image size of job updated: 1596416
	1515  -  MemoryUsage of job (MB)
	1551328  -  ResidentSetSize of job (KB)
...
006 (7187307.002.000) 08/26 16:15:17 Image size of job updated: 1596416
	1543  -  MemoryUsage of job (MB)
	1579608  -  ResidentSetSize of job (KB)
...
006 (7187307.002.000) 08/26 16:20:17 Image size of job updated: 1625592
	1577  -  MemoryUsage of job (MB)
	1614276  -  ResidentSetSize of job (KB)
...
006 (7187307.002.000) 08/26 16:25:18 Image size of job updated: 1665200
	1620  -  MemoryUsage of job (MB)
	1657956  -  ResidentSetSize of job (KB)
...
006 (7187307.002.000) 08/26 16:30:19 Image size of job updated: 1696408
	1650  -  MemoryUsage of job (MB)
	1689112  -  ResidentSetSize of job (KB)
...
006 (7187307.002.000) 08/26 16:35:19 Image size of job updated: 1728940
	1686  -  MemoryUsage of job (MB)
	1725496  -  ResidentSetSize of job (KB)
...
006 (7187307.002.000) 08/26 16:40:20 Image size of job updated: 1794092
	1710  -  MemoryUsage of job (MB)
	1750908  -  ResidentSetSize of job (KB)
...
006 (7187307.002.000) 08/26 16:45:20 Image size of job updated: 1851960
	1806  -  MemoryUsage of job (MB)
	1848488  -  ResidentSetSize of job (KB)
...
006 (7187307.002.000) 08/26 16:50:20 Image size of job updated: 1911996
	1860  -  MemoryUsage of job (MB)
	1904216  -  ResidentSetSize of job (KB)
...
006 (7187307.002.000) 08/26 16:55:21 Image size of job updated: 1970208
	1916  -  MemoryUsage of job (MB)
	1961172  -  ResidentSetSize of job (KB)
...
006 (7187307.002.000) 08/26 17:00:22 Image size of job updated: 2045660
	1987  -  MemoryUsage of job (MB)
	2034352  -  ResidentSetSize of job (KB)
...
006 (7187307.002.000) 08/26 17:05:22 Image size of job updated: 2102740
	2041  -  MemoryUsage of job (MB)
	2089440  -  ResidentSetSize of job (KB)
...
006 (7187307.002.000) 08/26 17:10:23 Image size of job updated: 2139144
	2072  -  MemoryUsage of job (MB)
	2120920  -  ResidentSetSize of job (KB)
...
006 (7187307.002.000) 08/26 17:15:23 Image size of job updated: 2163780
	2107  -  MemoryUsage of job (MB)
	2157296  -  ResidentSetSize of job (KB)
...
006 (7187307.002.000) 08/26 17:20:24 Image size of job updated: 2186208
	2124  -  MemoryUsage of job (MB)
	2174712  -  ResidentSetSize of job (KB)
...
006 (7187307.002.000) 08/26 17:25:24 Image size of job updated: 2186208
	2125  -  MemoryUsage of job (MB)
	2175992  -  ResidentSetSize of job (KB)
...
006 (7187307.002.000) 08/26 18:20:29 Image size of job updated: 2195160
	2125  -  MemoryUsage of job (MB)
	2175992  -  ResidentSetSize of job (KB)
...
006 (7187307.002.000) 08/26 18:25:30 Image size of job updated: 2209444
	2153  -  MemoryUsage of job (MB)
	2204288  -  ResidentSetSize of job (KB)
...
006 (7187307.002.000) 08/26 18:30:30 Image size of job updated: 2246624
	2174  -  MemoryUsage of job (MB)
	2226016  -  ResidentSetSize of job (KB)
...
006 (7187307.002.000) 08/26 18:35:31 Image size of job updated: 2273196
	2213  -  MemoryUsage of job (MB)
	2265688  -  ResidentSetSize of job (KB)
...
006 (7187307.002.000) 08/26 18:40:32 Image size of job updated: 2281220
	2226  -  MemoryUsage of job (MB)
	2278480  -  ResidentSetSize of job (KB)
...
006 (7187307.002.000) 08/26 18:45:32 Image size of job updated: 2324900
	2265  -  MemoryUsage of job (MB)
	2318924  -  ResidentSetSize of job (KB)
...
006 (7187307.002.000) 08/26 18:50:33 Image size of job updated: 2367704
	2313  -  MemoryUsage of job (MB)
	2367704  -  ResidentSetSize of job (KB)
...
006 (7187307.002.000) 08/26 18:55:33 Image size of job updated: 2410332
	2313  -  MemoryUsage of job (MB)
	2367940  -  ResidentSetSize of job (KB)
...
006 (7187307.002.000) 08/26 20:00:41 Image size of job updated: 2893364
	2826  -  MemoryUsage of job (MB)
	2893364  -  ResidentSetSize of job (KB)
...
006 (7187307.002.000) 08/26 20:05:41 Image size of job updated: 2956804
	2878  -  MemoryUsage of job (MB)
	2946904  -  ResidentSetSize of job (KB)
...
006 (7187307.002.000) 08/26 20:10:42 Image size of job updated: 2956828
	2884  -  MemoryUsage of job (MB)
	2952604  -  ResidentSetSize of job (KB)
...
006 (7187307.002.000) 08/26 20:15:42 Image size of job updated: 3030112
	2941  -  MemoryUsage of job (MB)
	3011308  -  ResidentSetSize of job (KB)
...
006 (7187307.002.000) 08/26 20:20:42 Image size of job updated: 3162996
	3051  -  MemoryUsage of job (MB)
	3123720  -  ResidentSetSize of job (KB)
...
006 (7187307.002.000) 08/26 20:40:45 Image size of job updated: 4382744
	4281  -  MemoryUsage of job (MB)
	4382744  -  ResidentSetSize of job (KB)
...
006 (7187307.002.000) 08/26 20:45:46 Image size of job updated: 4638408
	4530  -  MemoryUsage of job (MB)
	4638408  -  ResidentSetSize of job (KB)
...
006 (7187307.002.000) 08/26 20:50:46 Image size of job updated: 4968032
	4852  -  MemoryUsage of job (MB)
	4968032  -  ResidentSetSize of job (KB)
...
006 (7187307.002.000) 08/26 20:55:46 Image size of job updated: 5247736
	5125  -  MemoryUsage of job (MB)
	5247736  -  ResidentSetSize of job (KB)
...
006 (7187307.002.000) 08/26 21:00:47 Image size of job updated: 5515844
	5387  -  MemoryUsage of job (MB)
	5515844  -  ResidentSetSize of job (KB)
...
006 (7187307.002.000) 08/26 21:05:48 Image size of job updated: 5755892
	5621  -  MemoryUsage of job (MB)
	5755892  -  ResidentSetSize of job (KB)
...
006 (7187307.002.000) 08/26 21:10:48 Image size of job updated: 6090016
	5948  -  MemoryUsage of job (MB)
	6090016  -  ResidentSetSize of job (KB)
...
006 (7187307.002.000) 08/26 21:15:49 Image size of job updated: 6407204
	6258  -  MemoryUsage of job (MB)
	6407204  -  ResidentSetSize of job (KB)
...
006 (7187307.002.000) 08/26 21:20:49 Image size of job updated: 6758704
	6601  -  MemoryUsage of job (MB)
	6758704  -  ResidentSetSize of job (KB)
...
006 (7187307.002.000) 08/26 21:25:50 Image size of job updated: 7071020
	6906  -  MemoryUsage of job (MB)
	7071020  -  ResidentSetSize of job (KB)
...
006 (7187307.002.000) 08/26 21:30:51 Image size of job updated: 7366384
	7194  -  MemoryUsage of job (MB)
	7366384  -  ResidentSetSize of job (KB)
...
006 (7187307.002.000) 08/26 21:35:51 Image size of job updated: 7665176
	7195  -  MemoryUsage of job (MB)
	7366896  -  ResidentSetSize of job (KB)
...
040 (7187307.002.000) 08/26 21:37:36 Started transferring output files
...
040 (7187307.002.000) 08/26 21:37:36 Finished transferring output files
...
005 (7187307.002.000) 08/26 21:37:37 Job terminated.
	(1) Normal termination (return value 50)
		Usr 0 07:34:46, Sys 0 00:06:39  -  Run Remote Usage
		Usr 0 00:00:00, Sys 0 00:00:00  -  Run Local Usage
		Usr 0 07:34:46, Sys 0 00:06:39  -  Total Remote Usage
		Usr 0 00:00:00, Sys 0 00:00:00  -  Total Local Usage
	19167  -  Run Bytes Sent By Job
	2934  -  Run Bytes Received By Job
	19167  -  Total Bytes Sent By Job
	2934  -  Total Bytes Received By Job
	Partitionable Resources :      Usage  Request Allocated 
	   Cpus                 :       1.03        1         1 
	   Disk (KB)            : 4304380           3   3086254 
	   Memory (MB)          :    7195        2000      2000 

	Job terminated of its own accord at 2024-08-26T19:37:36Z with exit-code 50.
...
