000 (7217789.005.000) 09/23 13:21:16 Job submitted from host: <137.138.44.55:9618?addrs=137.138.44.55-9618+[2001-1458-d00-1a--48]-9618&alias=bigbird17.cern.ch&noUDP&sock=schedd_1981_6134>
...
040 (7217789.005.000) 09/23 14:10:11 Started transferring input files
	Transferring to host: <188.185.190.106:9618?addrs=188.185.190.106-9618+[2001-1458-d03-b--100-2fd]-9618&alias=b9pgpun016.cern.ch&noUDP&sock=slot1_1_253491_175d_26649>
...
040 (7217789.005.000) 09/23 14:10:11 Finished transferring input files
...
001 (7217789.005.000) 09/23 14:10:12 Job executing on host: <188.185.190.106:9618?addrs=188.185.190.106-9618+[2001-1458-d03-b--100-2fd]-9618&alias=b9pgpun016.cern.ch&noUDP&sock=startd_216310_3f20>
	SlotName: slot1_1@b9pgpun016.cern.ch
	AvailableGPUs = { GPUs_GPU_95cca48a }
	CondorScratchDir = "/pool/condor/dir_2963964"
	Cpus = 1
	Disk = 6890702
	GPUs = 1
	GPUs_GPU_95cca48a = [ GlobalMemoryMb = 95235; MaxSupportedVersion = 12040; DriverVersion = 12.4; DeviceName = "NVIDIA H100 NVL"; CoresPerCU = 128; ECCEnabled = true; ComputeUnits = 132; ClockMhz = 1785.0; Id = "GPU-95cca48a"; Capability = 9.0; DevicePciBusId = "0000:3A:00.0"; DeviceUuid = "95cca48a-05f7-42ea-0e49-466adab8f198" ]
	Memory = 2000
...
006 (7217789.005.000) 09/23 14:10:21 Image size of job updated: 6396
	3  -  MemoryUsage of job (MB)
	2780  -  ResidentSetSize of job (KB)
...
006 (7217789.005.000) 09/23 14:15:22 Image size of job updated: 2445080
	2036  -  MemoryUsage of job (MB)
	2084668  -  ResidentSetSize of job (KB)
...
006 (7217789.005.000) 09/23 14:20:22 Image size of job updated: 2445080
	2053  -  MemoryUsage of job (MB)
	2101420  -  ResidentSetSize of job (KB)
...
006 (7217789.005.000) 09/23 14:25:23 Image size of job updated: 2445080
	2072  -  MemoryUsage of job (MB)
	2120872  -  ResidentSetSize of job (KB)
...
006 (7217789.005.000) 09/23 14:30:24 Image size of job updated: 2445080
	2164  -  MemoryUsage of job (MB)
	2215184  -  ResidentSetSize of job (KB)
...
006 (7217789.005.000) 09/23 14:35:24 Image size of job updated: 2445080
	2183  -  MemoryUsage of job (MB)
	2234620  -  ResidentSetSize of job (KB)
...
006 (7217789.005.000) 09/23 14:40:25 Image size of job updated: 2445080
	2201  -  MemoryUsage of job (MB)
	2253288  -  ResidentSetSize of job (KB)
...
006 (7217789.005.000) 09/23 14:45:25 Image size of job updated: 2445080
	2203  -  MemoryUsage of job (MB)
	2255448  -  ResidentSetSize of job (KB)
...
006 (7217789.005.000) 09/23 14:50:25 Image size of job updated: 2445080
	2210  -  MemoryUsage of job (MB)
	2262100  -  ResidentSetSize of job (KB)
...
006 (7217789.005.000) 09/23 14:55:26 Image size of job updated: 2445080
	2212  -  MemoryUsage of job (MB)
	2264320  -  ResidentSetSize of job (KB)
...
006 (7217789.005.000) 09/23 15:00:26 Image size of job updated: 2445080
	2214  -  MemoryUsage of job (MB)
	2266672  -  ResidentSetSize of job (KB)
...
006 (7217789.005.000) 09/23 15:05:27 Image size of job updated: 2445080
	2215  -  MemoryUsage of job (MB)
	2267920  -  ResidentSetSize of job (KB)
...
006 (7217789.005.000) 09/23 15:10:28 Image size of job updated: 2445080
	2218  -  MemoryUsage of job (MB)
	2271180  -  ResidentSetSize of job (KB)
...
006 (7217789.005.000) 09/23 15:15:28 Image size of job updated: 2445080
	2221  -  MemoryUsage of job (MB)
	2273324  -  ResidentSetSize of job (KB)
...
006 (7217789.005.000) 09/23 15:45:31 Image size of job updated: 2445080
	2221  -  MemoryUsage of job (MB)
	2273792  -  ResidentSetSize of job (KB)
...
006 (7217789.005.000) 09/23 15:50:32 Image size of job updated: 2445080
	2222  -  MemoryUsage of job (MB)
	2274600  -  ResidentSetSize of job (KB)
...
006 (7217789.005.000) 09/23 15:55:32 Image size of job updated: 2445080
	2223  -  MemoryUsage of job (MB)
	2275908  -  ResidentSetSize of job (KB)
...
006 (7217789.005.000) 09/23 16:00:33 Image size of job updated: 2445080
	2224  -  MemoryUsage of job (MB)
	2277020  -  ResidentSetSize of job (KB)
...
006 (7217789.005.000) 09/23 16:05:33 Image size of job updated: 2445080
	2227  -  MemoryUsage of job (MB)
	2279716  -  ResidentSetSize of job (KB)
...
006 (7217789.005.000) 09/23 16:10:33 Image size of job updated: 2445080
	2228  -  MemoryUsage of job (MB)
	2280452  -  ResidentSetSize of job (KB)
...
006 (7217789.005.000) 09/23 16:15:34 Image size of job updated: 2445080
	2231  -  MemoryUsage of job (MB)
	2284540  -  ResidentSetSize of job (KB)
...
006 (7217789.005.000) 09/23 16:25:34 Image size of job updated: 2445080
	2232  -  MemoryUsage of job (MB)
	2284876  -  ResidentSetSize of job (KB)
...
006 (7217789.005.000) 09/23 16:30:35 Image size of job updated: 2445080
	2234  -  MemoryUsage of job (MB)
	2286620  -  ResidentSetSize of job (KB)
...
006 (7217789.005.000) 09/23 16:35:35 Image size of job updated: 2445080
	2236  -  MemoryUsage of job (MB)
	2289508  -  ResidentSetSize of job (KB)
...
006 (7217789.005.000) 09/23 16:40:36 Image size of job updated: 2445080
	2239  -  MemoryUsage of job (MB)
	2291884  -  ResidentSetSize of job (KB)
...
006 (7217789.005.000) 09/23 16:45:37 Image size of job updated: 2445080
	2241  -  MemoryUsage of job (MB)
	2293788  -  ResidentSetSize of job (KB)
...
006 (7217789.005.000) 09/23 16:55:38 Image size of job updated: 2445080
	2243  -  MemoryUsage of job (MB)
	2296232  -  ResidentSetSize of job (KB)
...
006 (7217789.005.000) 09/23 17:00:38 Image size of job updated: 2445080
	2244  -  MemoryUsage of job (MB)
	2297468  -  ResidentSetSize of job (KB)
...
006 (7217789.005.000) 09/23 17:05:38 Image size of job updated: 2445080
	2246  -  MemoryUsage of job (MB)
	2298940  -  ResidentSetSize of job (KB)
...
006 (7217789.005.000) 09/23 17:10:39 Image size of job updated: 2445080
	2248  -  MemoryUsage of job (MB)
	2301484  -  ResidentSetSize of job (KB)
...
006 (7217789.005.000) 09/23 17:15:39 Image size of job updated: 2445080
	2254  -  MemoryUsage of job (MB)
	2307212  -  ResidentSetSize of job (KB)
...
006 (7217789.005.000) 09/23 17:25:41 Image size of job updated: 2445080
	2279  -  MemoryUsage of job (MB)
	2333588  -  ResidentSetSize of job (KB)
...
006 (7217789.005.000) 09/23 17:30:41 Image size of job updated: 2577924
	2502  -  MemoryUsage of job (MB)
	2561384  -  ResidentSetSize of job (KB)
...
006 (7217789.005.000) 09/23 17:35:43 Image size of job updated: 2597880
	2526  -  MemoryUsage of job (MB)
	2585816  -  ResidentSetSize of job (KB)
...
006 (7217789.005.000) 09/23 17:40:43 Image size of job updated: 2609816
	2541  -  MemoryUsage of job (MB)
	2601648  -  ResidentSetSize of job (KB)
...
006 (7217789.005.000) 09/23 17:45:43 Image size of job updated: 2622124
	2554  -  MemoryUsage of job (MB)
	2614496  -  ResidentSetSize of job (KB)
...
006 (7217789.005.000) 09/23 17:50:44 Image size of job updated: 5484360
	5356  -  MemoryUsage of job (MB)
	5484360  -  ResidentSetSize of job (KB)
...
006 (7217789.005.000) 09/23 17:52:31 Image size of job updated: 5745152
	5357  -  MemoryUsage of job (MB)
	5484616  -  ResidentSetSize of job (KB)
...
040 (7217789.005.000) 09/23 17:52:31 Started transferring output files
...
040 (7217789.005.000) 09/23 17:52:31 Finished transferring output files
...
005 (7217789.005.000) 09/23 17:52:31 Job terminated.
	(1) Normal termination (return value 50)
		Usr 0 03:39:03, Sys 0 00:00:52  -  Run Remote Usage
		Usr 0 00:00:00, Sys 0 00:00:00  -  Run Local Usage
		Usr 0 03:39:03, Sys 0 00:00:52  -  Total Remote Usage
		Usr 0 00:00:00, Sys 0 00:00:00  -  Total Local Usage
	22015  -  Run Bytes Sent By Job
	1414  -  Run Bytes Received By Job
	22015  -  Total Bytes Sent By Job
	1414  -  Total Bytes Received By Job
	Partitionable Resources :      Usage  Request Allocated Assigned
	   Cpus                 :       0.62        1         1 
	   Disk (KB)            : 2421969           2   6890702 
	   Gpus (Average)       :       0.00        1         1 "GPU-95cca48a"
	   GpusMemory (MB)      :    1122                       
	   Memory (MB)          :    5357        2000      2000 

	Job terminated of its own accord at 2024-09-23T15:52:31Z with exit-code 50.
...
