000 (7234690.003.000) 10/04 05:18:47 Job submitted from host: <137.138.44.55:9618?addrs=137.138.44.55-9618+[2001-1458-d00-1a--48]-9618&alias=bigbird17.cern.ch&noUDP&sock=schedd_1981_6134>
...
040 (7234690.003.000) 10/04 21:42:51 Started transferring input files
	Transferring to host: <128.142.248.197:9618?addrs=128.142.248.197-9618+[2001-1458-301-73--100-c4]-9618&alias=b9g23p2961.cern.ch&noUDP&sock=slot1_60_2232953_240b_37495>
...
040 (7234690.003.000) 10/04 21:42:51 Finished transferring input files
...
001 (7234690.003.000) 10/04 21:42:52 Job executing on host: <128.142.248.197:9618?addrs=128.142.248.197-9618+[2001-1458-301-73--100-c4]-9618&alias=b9g23p2961.cern.ch&noUDP&sock=startd_5911_0866>
	SlotName: slot1_60@b9g23p2961.cern.ch
	CondorScratchDir = "/pool/condor/dir_3131882"
	Cpus = 1
	Disk = 3087590
	Memory = 2000
...
006 (7234690.003.000) 10/04 21:43:01 Image size of job updated: 3
	0  -  MemoryUsage of job (MB)
	0  -  ResidentSetSize of job (KB)
...
006 (7234690.003.000) 10/04 21:48:01 Image size of job updated: 885488
	670  -  MemoryUsage of job (MB)
	685516  -  ResidentSetSize of job (KB)
...
006 (7234690.003.000) 10/05 04:43:44 Image size of job updated: 2094112
	2046  -  MemoryUsage of job (MB)
	2094108  -  ResidentSetSize of job (KB)
...
006 (7234690.003.000) 10/05 04:45:49 Image size of job updated: 2185192
	2046  -  MemoryUsage of job (MB)
	2094364  -  ResidentSetSize of job (KB)
...
040 (7234690.003.000) 10/05 04:45:50 Started transferring output files
...
040 (7234690.003.000) 10/05 04:45:50 Finished transferring output files
...
005 (7234690.003.000) 10/05 04:45:50 Job terminated.
	(1) Normal termination (return value 50)
		Usr 0 06:52:17, Sys 0 00:05:30  -  Run Remote Usage
		Usr 0 00:00:00, Sys 0 00:00:00  -  Run Local Usage
		Usr 0 06:52:17, Sys 0 00:05:30  -  Total Remote Usage
		Usr 0 00:00:00, Sys 0 00:00:00  -  Total Local Usage
	68168  -  Run Bytes Sent By Job
	2400  -  Run Bytes Received By Job
	68168  -  Total Bytes Sent By Job
	2400  -  Total Bytes Received By Job
	Partitionable Resources :     Usage  Request Allocated 
	   Cpus                 :      0.99        1         1 
	   Disk (KB)            : 753512           3   3087590 
	   Memory (MB)          :   2046        2000      2000 

	Job terminated of its own accord at 2024-10-05T02:45:49Z with exit-code 50.
...
