000 (7217802.007.000) 09/23 13:21:27 Job submitted from host: <137.138.44.55:9618?addrs=137.138.44.55-9618+[2001-1458-d00-1a--48]-9618&alias=bigbird17.cern.ch&noUDP&sock=schedd_1981_6134>
...
040 (7217802.007.000) 09/24 05:45:23 Started transferring input files
	Transferring to host: <188.185.190.109:9618?addrs=188.185.190.109-9618+[2001-1458-d03-b--100-300]-9618&alias=b9pgpun014.cern.ch&noUDP&sock=slot1_2_3185867_4229_16636>
...
040 (7217802.007.000) 09/24 05:45:23 Finished transferring input files
...
001 (7217802.007.000) 09/24 05:45:24 Job executing on host: <188.185.190.109:9618?addrs=188.185.190.109-9618+[2001-1458-d03-b--100-300]-9618&alias=b9pgpun014.cern.ch&noUDP&sock=startd_215167_3e60>
	SlotName: slot1_2@b9pgpun014.cern.ch
	AvailableGPUs = { GPUs_GPU_45f32e65 }
	CondorScratchDir = "/pool/condor/dir_3948923"
	Cpus = 1
	Disk = 6875254
	GPUs = 1
	GPUs_GPU_45f32e65 = [ GlobalMemoryMb = 95235; MaxSupportedVersion = 12040; DriverVersion = 12.4; DeviceName = "NVIDIA H100 NVL"; CoresPerCU = 128; ECCEnabled = true; ComputeUnits = 132; ClockMhz = 1785.0; Id = "GPU-45f32e65"; Capability = 9.0; DevicePciBusId = "0000:3B:00.0"; DeviceUuid = "45f32e65-fddf-18a1-63a5-d7c14d13255c" ]
	Memory = 2000
...
006 (7217802.007.000) 09/24 05:45:33 Image size of job updated: 2321052
	2267  -  MemoryUsage of job (MB)
	2321028  -  ResidentSetSize of job (KB)
...
006 (7217802.007.000) 09/24 05:50:33 Image size of job updated: 2429340
	2275  -  MemoryUsage of job (MB)
	2328620  -  ResidentSetSize of job (KB)
...
006 (7217802.007.000) 09/24 06:05:34 Image size of job updated: 2429340
	2279  -  MemoryUsage of job (MB)
	2332952  -  ResidentSetSize of job (KB)
...
006 (7217802.007.000) 09/24 06:10:35 Image size of job updated: 2429340
	2300  -  MemoryUsage of job (MB)
	2354392  -  ResidentSetSize of job (KB)
...
006 (7217802.007.000) 09/24 06:20:36 Image size of job updated: 2429340
	2306  -  MemoryUsage of job (MB)
	2360856  -  ResidentSetSize of job (KB)
...
006 (7217802.007.000) 09/24 06:25:37 Image size of job updated: 2429340
	2317  -  MemoryUsage of job (MB)
	2372244  -  ResidentSetSize of job (KB)
...
006 (7217802.007.000) 09/24 06:30:37 Image size of job updated: 2429340
	2327  -  MemoryUsage of job (MB)
	2382292  -  ResidentSetSize of job (KB)
...
006 (7217802.007.000) 09/24 06:35:37 Image size of job updated: 2429340
	2330  -  MemoryUsage of job (MB)
	2385176  -  ResidentSetSize of job (KB)
...
006 (7217802.007.000) 09/24 06:40:38 Image size of job updated: 2429340
	2346  -  MemoryUsage of job (MB)
	2401364  -  ResidentSetSize of job (KB)
...
006 (7217802.007.000) 09/24 06:45:38 Image size of job updated: 2626020
	2554  -  MemoryUsage of job (MB)
	2615024  -  ResidentSetSize of job (KB)
...
006 (7217802.007.000) 09/24 06:50:40 Image size of job updated: 3008128
	2887  -  MemoryUsage of job (MB)
	2955660  -  ResidentSetSize of job (KB)
...
006 (7217802.007.000) 09/24 06:55:40 Image size of job updated: 6785324
	6627  -  MemoryUsage of job (MB)
	6785324  -  ResidentSetSize of job (KB)
...
006 (7217802.007.000) 09/24 06:56:56 Image size of job updated: 6946436
	6627  -  MemoryUsage of job (MB)
	6785580  -  ResidentSetSize of job (KB)
...
040 (7217802.007.000) 09/24 06:56:56 Started transferring output files
...
040 (7217802.007.000) 09/24 06:56:56 Finished transferring output files
...
005 (7217802.007.000) 09/24 06:56:56 Job terminated.
	(1) Normal termination (return value 50)
		Usr 0 01:10:51, Sys 0 00:00:55  -  Run Remote Usage
		Usr 0 00:00:00, Sys 0 00:00:00  -  Run Local Usage
		Usr 0 01:10:51, Sys 0 00:00:55  -  Total Remote Usage
		Usr 0 00:00:00, Sys 0 00:00:00  -  Total Local Usage
	64869  -  Run Bytes Sent By Job
	1414  -  Run Bytes Received By Job
	64869  -  Total Bytes Sent By Job
	1414  -  Total Bytes Received By Job
	Partitionable Resources :      Usage  Request Allocated Assigned
	   Cpus                 :       1.59        1         1 
	   Disk (KB)            : 2810197           2   6875254 
	   Gpus (Average)       :       0.00        1         1 "GPU-45f32e65"
	   GpusMemory (MB)      :     599                       
	   Memory (MB)          :    6627        2000      2000 

	Job terminated of its own accord at 2024-09-24T04:56:56Z with exit-code 50.
...
