000 (7217802.000.000) 09/23 13:21:26 Job submitted from host: <137.138.44.55:9618?addrs=137.138.44.55-9618+[2001-1458-d00-1a--48]-9618&alias=bigbird17.cern.ch&noUDP&sock=schedd_1981_6134>
...
040 (7217802.000.000) 09/24 04:50:25 Started transferring input files
	Transferring to host: <188.185.190.107:9618?addrs=188.185.190.107-9618+[2001-1458-d03-b--100-2fe]-9618&alias=b9pgpun013.cern.ch&noUDP&sock=slot1_4_223718_51c2_26317>
...
040 (7217802.000.000) 09/24 04:50:25 Finished transferring input files
...
001 (7217802.000.000) 09/24 04:50:26 Job executing on host: <188.185.190.107:9618?addrs=188.185.190.107-9618+[2001-1458-d03-b--100-2fe]-9618&alias=b9pgpun013.cern.ch&noUDP&sock=startd_204990_ab0b>
	SlotName: slot1_4@b9pgpun013.cern.ch
	AvailableGPUs = { GPUs_GPU_49a3c76d }
	CondorScratchDir = "/pool/condor/dir_3239010"
	Cpus = 1
	Disk = 6893919
	GPUs = 1
	GPUs_GPU_49a3c76d = [ GlobalMemoryMb = 95235; MaxSupportedVersion = 12040; DriverVersion = 12.4; DeviceName = "NVIDIA H100 NVL"; CoresPerCU = 128; ECCEnabled = true; ComputeUnits = 132; ClockMhz = 1785.0; Id = "GPU-49a3c76d"; Capability = 9.0; DevicePciBusId = "0000:AE:00.0"; DeviceUuid = "49a3c76d-089b-8e94-1c4a-b0c322ed2738" ]
	Memory = 2000
...
006 (7217802.000.000) 09/24 04:50:35 Image size of job updated: 2443124
	1886  -  MemoryUsage of job (MB)
	1930616  -  ResidentSetSize of job (KB)
...
006 (7217802.000.000) 09/24 04:55:36 Image size of job updated: 2443124
	2120  -  MemoryUsage of job (MB)
	2170408  -  ResidentSetSize of job (KB)
...
006 (7217802.000.000) 09/24 05:00:36 Image size of job updated: 2443124
	2273  -  MemoryUsage of job (MB)
	2327124  -  ResidentSetSize of job (KB)
...
006 (7217802.000.000) 09/24 05:05:36 Image size of job updated: 2443124
	2285  -  MemoryUsage of job (MB)
	2339540  -  ResidentSetSize of job (KB)
...
006 (7217802.000.000) 09/24 05:10:37 Image size of job updated: 2443124
	2296  -  MemoryUsage of job (MB)
	2350976  -  ResidentSetSize of job (KB)
...
006 (7217802.000.000) 09/24 05:15:37 Image size of job updated: 2443124
	2313  -  MemoryUsage of job (MB)
	2367548  -  ResidentSetSize of job (KB)
...
006 (7217802.000.000) 09/24 05:20:38 Image size of job updated: 2443124
	2315  -  MemoryUsage of job (MB)
	2370368  -  ResidentSetSize of job (KB)
...
006 (7217802.000.000) 09/24 05:25:39 Image size of job updated: 2443124
	2323  -  MemoryUsage of job (MB)
	2378036  -  ResidentSetSize of job (KB)
...
006 (7217802.000.000) 09/24 05:30:39 Image size of job updated: 2443124
	2341  -  MemoryUsage of job (MB)
	2397148  -  ResidentSetSize of job (KB)
...
006 (7217802.000.000) 09/24 05:35:40 Image size of job updated: 2443124
	2342  -  MemoryUsage of job (MB)
	2398168  -  ResidentSetSize of job (KB)
...
006 (7217802.000.000) 09/24 05:40:40 Image size of job updated: 2443124
	2354  -  MemoryUsage of job (MB)
	2410416  -  ResidentSetSize of job (KB)
...
006 (7217802.000.000) 09/24 05:45:40 Image size of job updated: 2443124
	2361  -  MemoryUsage of job (MB)
	2417584  -  ResidentSetSize of job (KB)
...
006 (7217802.000.000) 09/24 05:50:41 Image size of job updated: 2638160
	2567  -  MemoryUsage of job (MB)
	2627724  -  ResidentSetSize of job (KB)
...
006 (7217802.000.000) 09/24 05:55:41 Image size of job updated: 3025692
	2902  -  MemoryUsage of job (MB)
	2970780  -  ResidentSetSize of job (KB)
...
006 (7217802.000.000) 09/24 06:00:43 Image size of job updated: 6756744
	6599  -  MemoryUsage of job (MB)
	6756744  -  ResidentSetSize of job (KB)
...
006 (7217802.000.000) 09/24 06:02:15 Image size of job updated: 6960776
	6599  -  MemoryUsage of job (MB)
	6756744  -  ResidentSetSize of job (KB)
...
040 (7217802.000.000) 09/24 06:02:15 Started transferring output files
...
040 (7217802.000.000) 09/24 06:02:15 Finished transferring output files
...
005 (7217802.000.000) 09/24 06:02:16 Job terminated.
	(1) Normal termination (return value 0)
		Usr 0 01:10:50, Sys 0 00:00:55  -  Run Remote Usage
		Usr 0 00:00:00, Sys 0 00:00:00  -  Run Local Usage
		Usr 0 01:10:50, Sys 0 00:00:55  -  Total Remote Usage
		Usr 0 00:00:00, Sys 0 00:00:00  -  Total Local Usage
	64826  -  Run Bytes Sent By Job
	1414  -  Run Bytes Received By Job
	64826  -  Total Bytes Sent By Job
	1414  -  Total Bytes Received By Job
	Partitionable Resources :      Usage  Request Allocated Assigned
	   Cpus                 :       1.00        1         1 
	   Disk (KB)            : 2809626           2   6893919 
	   Gpus (Average)       :       0.00        1         1 "GPU-49a3c76d"
	   GpusMemory (MB)      :     599                       
	   Memory (MB)          :    6599        2000      2000 

	Job terminated of its own accord at 2024-09-24T04:02:15Z with exit-code 0.
...
