000 (7197255.003.000) 09/03 11:42:01 Job submitted from host: <137.138.44.55:9618?addrs=137.138.44.55-9618+[2001-1458-d00-1a--48]-9618&alias=bigbird17.cern.ch&noUDP&sock=schedd_23962_8474>
...
040 (7197255.003.000) 09/06 11:54:58 Started transferring input files
	Transferring to host: <128.142.248.197:9618?addrs=128.142.248.197-9618+[2001-1458-301-73--100-c4]-9618&alias=b9g23p2961.cern.ch&noUDP&sock=slot1_42_2232953_240b_5311>
...
040 (7197255.003.000) 09/06 11:54:58 Finished transferring input files
...
001 (7197255.003.000) 09/06 11:54:59 Job executing on host: <128.142.248.197:9618?addrs=128.142.248.197-9618+[2001-1458-301-73--100-c4]-9618&alias=b9g23p2961.cern.ch&noUDP&sock=startd_5911_0866>
	SlotName: slot1_42@b9g23p2961.cern.ch
	CondorScratchDir = "/pool/condor/dir_11050"
	Cpus = 1
	Disk = 3048813
	Memory = 2000
...
006 (7197255.003.000) 09/06 11:55:07 Image size of job updated: 3
	0  -  MemoryUsage of job (MB)
	0  -  ResidentSetSize of job (KB)
...
006 (7197255.003.000) 09/06 12:00:07 Image size of job updated: 1019868
	685  -  MemoryUsage of job (MB)
	700980  -  ResidentSetSize of job (KB)
...
006 (7197255.003.000) 09/06 12:05:08 Image size of job updated: 1019868
	692  -  MemoryUsage of job (MB)
	708420  -  ResidentSetSize of job (KB)
...
006 (7197255.003.000) 09/07 14:22:53 Image size of job updated: 1019868
	698  -  MemoryUsage of job (MB)
	714392  -  ResidentSetSize of job (KB)
...
006 (7197255.003.000) 09/07 14:27:54 Image size of job updated: 1019868
	837  -  MemoryUsage of job (MB)
	856472  -  ResidentSetSize of job (KB)
...
006 (7197255.003.000) 09/07 14:32:54 Image size of job updated: 1187548
	1160  -  MemoryUsage of job (MB)
	1187316  -  ResidentSetSize of job (KB)
...
006 (7197255.003.000) 09/07 14:37:55 Image size of job updated: 1437060
	1404  -  MemoryUsage of job (MB)
	1436824  -  ResidentSetSize of job (KB)
...
006 (7197255.003.000) 09/07 14:42:55 Image size of job updated: 3497948
	3416  -  MemoryUsage of job (MB)
	3497728  -  ResidentSetSize of job (KB)
...
006 (7197255.003.000) 09/07 14:47:56 Image size of job updated: 3663568
	3578  -  MemoryUsage of job (MB)
	3663568  -  ResidentSetSize of job (KB)
...
006 (7197255.003.000) 09/07 14:52:56 Image size of job updated: 3840348
	3751  -  MemoryUsage of job (MB)
	3840344  -  ResidentSetSize of job (KB)
...
006 (7197255.003.000) 09/07 14:57:57 Image size of job updated: 4016304
	3923  -  MemoryUsage of job (MB)
	4016304  -  ResidentSetSize of job (KB)
...
006 (7197255.003.000) 09/07 15:02:57 Image size of job updated: 4190400
	4093  -  MemoryUsage of job (MB)
	4190400  -  ResidentSetSize of job (KB)
...
006 (7197255.003.000) 09/07 15:07:58 Image size of job updated: 4362076
	4260  -  MemoryUsage of job (MB)
	4361856  -  ResidentSetSize of job (KB)
...
006 (7197255.003.000) 09/07 15:12:58 Image size of job updated: 4532788
	4427  -  MemoryUsage of job (MB)
	4532788  -  ResidentSetSize of job (KB)
...
006 (7197255.003.000) 09/07 15:17:59 Image size of job updated: 4709004
	4599  -  MemoryUsage of job (MB)
	4709004  -  ResidentSetSize of job (KB)
...
006 (7197255.003.000) 09/07 15:22:59 Image size of job updated: 4885748
	4772  -  MemoryUsage of job (MB)
	4885748  -  ResidentSetSize of job (KB)
...
006 (7197255.003.000) 09/07 15:28:00 Image size of job updated: 5058012
	4940  -  MemoryUsage of job (MB)
	5058012  -  ResidentSetSize of job (KB)
...
006 (7197255.003.000) 09/07 15:33:00 Image size of job updated: 5229936
	5108  -  MemoryUsage of job (MB)
	5229936  -  ResidentSetSize of job (KB)
...
006 (7197255.003.000) 09/07 15:38:01 Image size of job updated: 5403492
	5277  -  MemoryUsage of job (MB)
	5403492  -  ResidentSetSize of job (KB)
...
006 (7197255.003.000) 09/07 15:43:02 Image size of job updated: 5456036
	5277  -  MemoryUsage of job (MB)
	5403492  -  ResidentSetSize of job (KB)
...
006 (7197255.003.000) 09/07 16:13:05 Image size of job updated: 5514552
	5386  -  MemoryUsage of job (MB)
	5514552  -  ResidentSetSize of job (KB)
...
006 (7197255.003.000) 09/07 16:18:05 Image size of job updated: 5692460
	5560  -  MemoryUsage of job (MB)
	5692460  -  ResidentSetSize of job (KB)
...
006 (7197255.003.000) 09/07 16:23:06 Image size of job updated: 5872740
	5735  -  MemoryUsage of job (MB)
	5872556  -  ResidentSetSize of job (KB)
...
006 (7197255.003.000) 09/07 16:27:41 Image size of job updated: 5962380
	5735  -  MemoryUsage of job (MB)
	5872556  -  ResidentSetSize of job (KB)
...
040 (7197255.003.000) 09/07 16:27:42 Started transferring output files
...
040 (7197255.003.000) 09/07 16:27:42 Finished transferring output files
...
005 (7197255.003.000) 09/07 16:27:42 Job terminated.
	(1) Normal termination (return value 50)
		Usr 1 03:46:01, Sys 0 00:10:10  -  Run Remote Usage
		Usr 0 00:00:00, Sys 0 00:00:00  -  Run Local Usage
		Usr 1 03:46:01, Sys 0 00:10:10  -  Total Remote Usage
		Usr 0 00:00:00, Sys 0 00:00:00  -  Total Local Usage
	18564  -  Run Bytes Sent By Job
	2969  -  Run Bytes Received By Job
	18564  -  Total Bytes Sent By Job
	2969  -  Total Bytes Received By Job
	Partitionable Resources :      Usage  Request Allocated 
	   Cpus                 :       0.98        1         1 
	   Disk (KB)            : 4021396           3   3048813 
	   Memory (MB)          :    5735        2000      2000 

	Job terminated of its own accord at 2024-09-07T14:27:41Z with exit-code 50.
...
