000 (7186284.002.000) 08/22 15:33:20 Job submitted from host: <137.138.44.55:9618?addrs=137.138.44.55-9618+[2001-1458-d00-1a--48]-9618&alias=bigbird17.cern.ch&noUDP&sock=schedd_23962_8474>
...
040 (7186284.002.000) 08/22 17:27:22 Started transferring input files
	Transferring to host: <128.142.248.214:9618?addrs=128.142.248.214-9618+[2001-1458-301-73--100-d5]-9618&alias=b9g23p2447.cern.ch&noUDP&sock=slot1_53_2572410_4e57_17707>
...
040 (7186284.002.000) 08/22 17:27:22 Finished transferring input files
...
001 (7186284.002.000) 08/22 17:27:23 Job executing on host: <128.142.248.214:9618?addrs=128.142.248.214-9618+[2001-1458-301-73--100-d5]-9618&alias=b9g23p2447.cern.ch&noUDP&sock=startd_3197_745e>
	SlotName: slot1_53@b9g23p2447.cern.ch
	CondorScratchDir = "/pool/condor/dir_2452499"
	Cpus = 1
	Disk = 2954889
	Memory = 2000
...
006 (7186284.002.000) 08/22 17:27:34 Image size of job updated: 398228
	389  -  MemoryUsage of job (MB)
	398228  -  ResidentSetSize of job (KB)
...
006 (7186284.002.000) 08/22 17:32:36 Image size of job updated: 735168
	718  -  MemoryUsage of job (MB)
	734664  -  ResidentSetSize of job (KB)
...
006 (7186284.002.000) 08/22 17:37:36 Image size of job updated: 3438832
	3359  -  MemoryUsage of job (MB)
	3438832  -  ResidentSetSize of job (KB)
...
006 (7186284.002.000) 08/22 17:42:36 Image size of job updated: 3617516
	3533  -  MemoryUsage of job (MB)
	3617512  -  ResidentSetSize of job (KB)
...
006 (7186284.002.000) 08/22 17:45:48 Image size of job updated: 3721932
	3533  -  MemoryUsage of job (MB)
	3617512  -  ResidentSetSize of job (KB)
...
040 (7186284.002.000) 08/22 17:45:48 Started transferring output files
...
040 (7186284.002.000) 08/22 17:45:48 Finished transferring output files
...
005 (7186284.002.000) 08/22 17:45:48 Job terminated.
	(1) Normal termination (return value 50)
		Usr 0 00:12:04, Sys 0 00:00:20  -  Run Remote Usage
		Usr 0 00:00:00, Sys 0 00:00:00  -  Run Local Usage
		Usr 0 00:12:04, Sys 0 00:00:20  -  Total Remote Usage
		Usr 0 00:00:00, Sys 0 00:00:00  -  Total Local Usage
	15883  -  Run Bytes Sent By Job
	2782  -  Run Bytes Received By Job
	15883  -  Total Bytes Sent By Job
	2782  -  Total Bytes Received By Job
	Partitionable Resources :     Usage  Request Allocated 
	   Cpus                 :      0.96        1         1 
	   Disk (KB)            : 477833           3   2954889 
	   Memory (MB)          :   3533        2000      2000 

	Job terminated of its own accord at 2024-08-22T15:45:48Z with exit-code 50.
...
