000 (7187257.000.000) 08/26 07:55:14 Job submitted from host: <137.138.44.55:9618?addrs=137.138.44.55-9618+[2001-1458-d00-1a--48]-9618&alias=bigbird17.cern.ch&noUDP&sock=schedd_23962_8474>
...
040 (7187257.000.000) 08/26 10:52:51 Started transferring input files
	Transferring to host: <128.142.248.123:9618?addrs=128.142.248.123-9618+[2001-1458-301-73--100-16b]-9618&alias=b9g23p2657.cern.ch&noUDP&sock=slot1_16_1296705_ba53_8228>
...
040 (7187257.000.000) 08/26 10:52:51 Finished transferring input files
...
001 (7187257.000.000) 08/26 10:52:52 Job executing on host: <128.142.248.123:9618?addrs=128.142.248.123-9618+[2001-1458-301-73--100-16b]-9618&alias=b9g23p2657.cern.ch&noUDP&sock=startd_3078_d498>
	SlotName: slot1_16@b9g23p2657.cern.ch
	CondorScratchDir = "/pool/condor/dir_249930"
	Cpus = 1
	Disk = 2989544
	Memory = 2000
...
006 (7187257.000.000) 08/26 10:53:01 Image size of job updated: 553560
	303  -  MemoryUsage of job (MB)
	309688  -  ResidentSetSize of job (KB)
...
006 (7187257.000.000) 08/26 10:58:02 Image size of job updated: 821280
	753  -  MemoryUsage of job (MB)
	770932  -  ResidentSetSize of job (KB)
...
006 (7187257.000.000) 08/26 11:03:03 Image size of job updated: 3440532
	3360  -  MemoryUsage of job (MB)
	3440528  -  ResidentSetSize of job (KB)
...
006 (7187257.000.000) 08/26 11:08:03 Image size of job updated: 3696284
	3610  -  MemoryUsage of job (MB)
	3696284  -  ResidentSetSize of job (KB)
...
006 (7187257.000.000) 08/26 11:13:04 Image size of job updated: 3963804
	3871  -  MemoryUsage of job (MB)
	3963800  -  ResidentSetSize of job (KB)
...
006 (7187257.000.000) 08/26 11:14:33 Image size of job updated: 4022428
	3871  -  MemoryUsage of job (MB)
	3963800  -  ResidentSetSize of job (KB)
...
040 (7187257.000.000) 08/26 11:14:33 Started transferring output files
...
040 (7187257.000.000) 08/26 11:14:33 Finished transferring output files
...
005 (7187257.000.000) 08/26 11:14:33 Job terminated.
	(1) Normal termination (return value 50)
		Usr 0 00:20:47, Sys 0 00:00:27  -  Run Remote Usage
		Usr 0 00:00:00, Sys 0 00:00:00  -  Run Local Usage
		Usr 0 00:20:47, Sys 0 00:00:27  -  Total Remote Usage
		Usr 0 00:00:00, Sys 0 00:00:00  -  Total Local Usage
	15963  -  Run Bytes Sent By Job
	2910  -  Run Bytes Received By Job
	15963  -  Total Bytes Sent By Job
	2910  -  Total Bytes Received By Job
	Partitionable Resources :     Usage  Request Allocated 
	   Cpus                 :      1.00        1         1 
	   Disk (KB)            : 867081           3   2989544 
	   Memory (MB)          :   3871        2000      2000 

	Job terminated of its own accord at 2024-08-26T09:14:33Z with exit-code 50.
...
