000 (7187257.004.000) 08/26 07:55:14 Job submitted from host: <137.138.44.55:9618?addrs=137.138.44.55-9618+[2001-1458-d00-1a--48]-9618&alias=bigbird17.cern.ch&noUDP&sock=schedd_23962_8474>
...
040 (7187257.004.000) 08/26 10:55:25 Started transferring input files
	Transferring to host: <128.142.248.197:9618?addrs=128.142.248.197-9618+[2001-1458-301-73--100-c4]-9618&alias=b9g23p2961.cern.ch&noUDP&sock=slot1_7_7499_794a_4784>
...
040 (7187257.004.000) 08/26 10:55:25 Finished transferring input files
...
001 (7187257.004.000) 08/26 10:55:26 Job executing on host: <128.142.248.197:9618?addrs=128.142.248.197-9618+[2001-1458-301-73--100-c4]-9618&alias=b9g23p2961.cern.ch&noUDP&sock=startd_5911_0866>
	SlotName: slot1_7@b9g23p2961.cern.ch
	CondorScratchDir = "/pool/condor/dir_2443818"
	Cpus = 1
	Disk = 3079757
	Memory = 2000
...
006 (7187257.004.000) 08/26 10:55:35 Image size of job updated: 551204
	326  -  MemoryUsage of job (MB)
	333748  -  ResidentSetSize of job (KB)
...
006 (7187257.004.000) 08/26 11:00:35 Image size of job updated: 2757436
	2693  -  MemoryUsage of job (MB)
	2757436  -  ResidentSetSize of job (KB)
...
006 (7187257.004.000) 08/26 11:05:35 Image size of job updated: 3849152
	3759  -  MemoryUsage of job (MB)
	3849152  -  ResidentSetSize of job (KB)
...
006 (7187257.004.000) 08/26 11:08:34 Image size of job updated: 4108908
	3759  -  MemoryUsage of job (MB)
	3849152  -  ResidentSetSize of job (KB)
...
040 (7187257.004.000) 08/26 11:08:34 Started transferring output files
...
040 (7187257.004.000) 08/26 11:08:34 Finished transferring output files
...
005 (7187257.004.000) 08/26 11:08:34 Job terminated.
	(1) Normal termination (return value 50)
		Usr 0 00:12:39, Sys 0 00:00:21  -  Run Remote Usage
		Usr 0 00:00:00, Sys 0 00:00:00  -  Run Local Usage
		Usr 0 00:12:39, Sys 0 00:00:21  -  Total Remote Usage
		Usr 0 00:00:00, Sys 0 00:00:00  -  Total Local Usage
	15961  -  Run Bytes Sent By Job
	2910  -  Run Bytes Received By Job
	15961  -  Total Bytes Sent By Job
	2910  -  Total Bytes Received By Job
	Partitionable Resources :     Usage  Request Allocated 
	   Cpus                 :      1.00        1         1 
	   Disk (KB)            : 867082           3   3079757 
	   Memory (MB)          :   3759        2000      2000 

	Job terminated of its own accord at 2024-08-26T09:08:34Z with exit-code 50.
...
