000 (7216417.000.000) 09/16 07:43:55 Job submitted from host: <137.138.44.55:9618?addrs=137.138.44.55-9618+[2001-1458-d00-1a--48]-9618&alias=bigbird17.cern.ch&noUDP&sock=schedd_1980_b19c>
...
022 (7216417.000.000) 09/17 13:31:14 Job disconnected, attempting to reconnect
    Local schedd and job shadow died, schedd now running again
    Trying to reconnect to slot1_48@b9g23p2790.cern.ch <128.142.248.94:9618?addrs=128.142.248.94-9618+[2001-1458-301-73--100-14e]-9618&alias=b9g23p2790.cern.ch&noUDP&sock=startd_3310_f691>
...
023 (7216417.000.000) 09/17 14:02:03 Job reconnected to slot1_48@b9g23p2790.cern.ch
    startd address: <128.142.248.94:9618?addrs=128.142.248.94-9618+[2001-1458-301-73--100-14e]-9618&alias=b9g23p2790.cern.ch&noUDP&sock=startd_3310_f691>
    starter address: <128.142.248.94:9618?addrs=128.142.248.94-9618+[2001-1458-301-73--100-14e]-9618&alias=b9g23p2790.cern.ch&noUDP&sock=slot1_48_3359_7822_11161>
...
006 (7216417.000.000) 09/17 14:33:53 Image size of job updated: 1000000
	743  -  MemoryUsage of job (MB)
	760520  -  ResidentSetSize of job (KB)
...
006 (7216417.000.000) 09/17 15:27:20 Image size of job updated: 1000000
	759  -  MemoryUsage of job (MB)
	776868  -  ResidentSetSize of job (KB)
...
006 (7216417.000.000) 09/17 15:32:20 Image size of job updated: 1000000
	766  -  MemoryUsage of job (MB)
	783616  -  ResidentSetSize of job (KB)
...
006 (7216417.000.000) 09/17 15:57:23 Image size of job updated: 1000000
	768  -  MemoryUsage of job (MB)
	786244  -  ResidentSetSize of job (KB)
...
006 (7216417.000.000) 09/17 16:02:24 Image size of job updated: 1000000
	773  -  MemoryUsage of job (MB)
	790884  -  ResidentSetSize of job (KB)
...
006 (7216417.000.000) 09/17 16:07:24 Image size of job updated: 1000000
	777  -  MemoryUsage of job (MB)
	794812  -  ResidentSetSize of job (KB)
...
006 (7216417.000.000) 09/17 16:37:29 Image size of job updated: 1000000
	777  -  MemoryUsage of job (MB)
	795532  -  ResidentSetSize of job (KB)
...
006 (7216417.000.000) 09/17 16:42:29 Image size of job updated: 1000000
	783  -  MemoryUsage of job (MB)
	801220  -  ResidentSetSize of job (KB)
...
006 (7216417.000.000) 09/17 17:27:34 Image size of job updated: 1000000
	792  -  MemoryUsage of job (MB)
	810460  -  ResidentSetSize of job (KB)
...
006 (7216417.000.000) 09/17 17:32:35 Image size of job updated: 1000000
	811  -  MemoryUsage of job (MB)
	829828  -  ResidentSetSize of job (KB)
...
006 (7216417.000.000) 09/17 17:57:37 Image size of job updated: 1000000
	812  -  MemoryUsage of job (MB)
	830780  -  ResidentSetSize of job (KB)
...
006 (7216417.000.000) 09/17 18:02:37 Image size of job updated: 1000000
	816  -  MemoryUsage of job (MB)
	835100  -  ResidentSetSize of job (KB)
...
006 (7216417.000.000) 09/17 18:07:38 Image size of job updated: 1000000
	820  -  MemoryUsage of job (MB)
	839340  -  ResidentSetSize of job (KB)
...
006 (7216417.000.000) 09/17 18:12:38 Image size of job updated: 1000000
	823  -  MemoryUsage of job (MB)
	842624  -  ResidentSetSize of job (KB)
...
006 (7216417.000.000) 09/17 18:17:39 Image size of job updated: 1000000
	826  -  MemoryUsage of job (MB)
	845760  -  ResidentSetSize of job (KB)
...
006 (7216417.000.000) 09/17 18:22:39 Image size of job updated: 1000000
	830  -  MemoryUsage of job (MB)
	848916  -  ResidentSetSize of job (KB)
...
006 (7216417.000.000) 09/17 19:07:45 Image size of job updated: 1000000
	833  -  MemoryUsage of job (MB)
	852508  -  ResidentSetSize of job (KB)
...
006 (7216417.000.000) 09/17 19:12:45 Image size of job updated: 1000000
	837  -  MemoryUsage of job (MB)
	857008  -  ResidentSetSize of job (KB)
...
006 (7216417.000.000) 09/17 19:17:45 Image size of job updated: 1000000
	841  -  MemoryUsage of job (MB)
	861148  -  ResidentSetSize of job (KB)
...
006 (7216417.000.000) 09/17 19:22:46 Image size of job updated: 1000000
	845  -  MemoryUsage of job (MB)
	865260  -  ResidentSetSize of job (KB)
...
006 (7216417.000.000) 09/17 19:27:47 Image size of job updated: 1000000
	850  -  MemoryUsage of job (MB)
	869512  -  ResidentSetSize of job (KB)
...
022 (7216417.000.000) 09/26 17:54:01 Job disconnected, attempting to reconnect
    Local schedd and job shadow died, schedd now running again
    Trying to reconnect to slot1_48@b9g23p2790.cern.ch <128.142.248.94:9618?addrs=128.142.248.94-9618+[2001-1458-301-73--100-14e]-9618&alias=b9g23p2790.cern.ch&noUDP&sock=startd_3310_f691>
...
023 (7216417.000.000) 09/26 17:54:39 Job reconnected to slot1_48@b9g23p2790.cern.ch
    startd address: <128.142.248.94:9618?addrs=128.142.248.94-9618+[2001-1458-301-73--100-14e]-9618&alias=b9g23p2790.cern.ch&noUDP&sock=startd_3310_f691>
    starter address: <128.142.248.94:9618?addrs=128.142.248.94-9618+[2001-1458-301-73--100-14e]-9618&alias=b9g23p2790.cern.ch&noUDP&sock=slot1_48_3359_7822_11161>
...
006 (7216417.000.000) 09/30 19:13:02 Image size of job updated: 1550372
	977  -  MemoryUsage of job (MB)
	1000000  -  ResidentSetSize of job (KB)
...
004 (7216417.000.000) 10/02 17:26:28 Job was evicted.
	(0) CPU times
		Usr 15 22:32:31, Sys 0 01:27:19  -  Run Remote Usage
		Usr 0 00:00:00, Sys 0 00:00:00  -  Run Local Usage
	255243  -  Run Bytes Sent By Job
	0  -  Run Bytes Received By Job
	Partitionable Resources :      Usage  Request Allocated 
	   Cpus                 :       1.00        1         1 
	   Disk (KB)            : 1958724     1958724   3045537 
	   Memory (MB)          :     977        2000      2000 
...
009 (7216417.000.000) 10/02 17:26:28 Job was aborted.
	via condor_rm (by user choij)
...
