000 (7187265.003.000) 08/26 07:55:21 Job submitted from host: <137.138.44.55:9618?addrs=137.138.44.55-9618+[2001-1458-d00-1a--48]-9618&alias=bigbird17.cern.ch&noUDP&sock=schedd_23962_8474>
...
040 (7187265.003.000) 08/26 21:14:45 Started transferring input files
	Transferring to host: <188.185.93.146:9618?addrs=188.185.93.146-9618+[2001-1458-d00-6c--100-31a]-9618&alias=b9g57n0740.cern.ch&noUDP&sock=slot1_1_3222_f0bc_110085>
...
040 (7187265.003.000) 08/26 21:14:45 Finished transferring input files
...
001 (7187265.003.000) 08/26 21:14:46 Job executing on host: <188.185.93.146:9618?addrs=188.185.93.146-9618+[2001-1458-d00-6c--100-31a]-9618&alias=b9g57n0740.cern.ch&noUDP&sock=startd_2845_0307>
	SlotName: slot1_1@b9g57n0740.cern.ch
	AvailableGPUs = { GPUs_GPU_9a98ebeb }
	CondorScratchDir = "/pool/condor/dir_942444"
	Cpus = 1
	Disk = 338623
	GPUs = 1
	GPUs_GPU_9a98ebeb = [ GlobalMemoryMb = 40326; MaxSupportedVersion = 12040; DriverVersion = 12.4; DeviceUuid = "9a98ebeb-911f-1d15-1176-f7aa715b1065"; DeviceName = "NVIDIA A100-PCIE-40GB"; CoresPerCU = 64; ECCEnabled = true; ComputeUnits = 108; ClockMhz = 1410.0; Id = "GPU-9a98ebeb"; DevicePciBusId = "0000:06:00.0"; Capability = 8.0 ]
	Memory = 2000
...
006 (7187265.003.000) 08/26 21:14:55 Image size of job updated: 628932
	358  -  MemoryUsage of job (MB)
	366396  -  ResidentSetSize of job (KB)
...
006 (7187265.003.000) 08/26 21:19:56 Image size of job updated: 3716448
	3630  -  MemoryUsage of job (MB)
	3716448  -  ResidentSetSize of job (KB)
...
006 (7187265.003.000) 08/26 21:24:57 Image size of job updated: 4550828
	4445  -  MemoryUsage of job (MB)
	4550828  -  ResidentSetSize of job (KB)
...
006 (7187265.003.000) 08/26 21:29:57 Image size of job updated: 5384108
	5258  -  MemoryUsage of job (MB)
	5384108  -  ResidentSetSize of job (KB)
...
006 (7187265.003.000) 08/26 21:34:58 Image size of job updated: 6190860
	6046  -  MemoryUsage of job (MB)
	6190860  -  ResidentSetSize of job (KB)
...
006 (7187265.003.000) 08/26 21:39:59 Image size of job updated: 7023108
	6859  -  MemoryUsage of job (MB)
	7023108  -  ResidentSetSize of job (KB)
...
006 (7187265.003.000) 08/26 21:41:05 Image size of job updated: 7109892
	6859  -  MemoryUsage of job (MB)
	7023108  -  ResidentSetSize of job (KB)
...
040 (7187265.003.000) 08/26 21:41:05 Started transferring output files
...
040 (7187265.003.000) 08/26 21:41:05 Finished transferring output files
...
005 (7187265.003.000) 08/26 21:41:05 Job terminated.
	(1) Normal termination (return value 50)
		Usr 0 00:25:10, Sys 0 00:00:55  -  Run Remote Usage
		Usr 0 00:00:00, Sys 0 00:00:00  -  Run Local Usage
		Usr 0 00:25:10, Sys 0 00:00:55  -  Total Remote Usage
		Usr 0 00:00:00, Sys 0 00:00:00  -  Total Local Usage
	17619  -  Run Bytes Sent By Job
	2919  -  Run Bytes Received By Job
	17619  -  Total Bytes Sent By Job
	2919  -  Total Bytes Received By Job
	Partitionable Resources :      Usage  Request Allocated Assigned
	   Cpus                 :       1.00        1         1 
	   Disk (KB)            : 3799134           3    338623 
	   Gpus (Average)       :       0.00        1         1 "GPU-9a98ebeb"
	   GpusMemory (MB)      :    1069                       
	   Memory (MB)          :    6859        2000      2000 

	Job terminated of its own accord at 2024-08-26T19:41:05Z with exit-code 50.
...
