000 (7223595.003.000) 09/25 06:46:06 Job submitted from host: <137.138.44.55:9618?addrs=137.138.44.55-9618+[2001-1458-d00-1a--48]-9618&alias=bigbird17.cern.ch&noUDP&sock=schedd_1981_6134>
...
040 (7223595.003.000) 09/26 09:46:35 Started transferring input files
	Transferring to host: <188.185.190.108:9618?addrs=188.185.190.108-9618+[2001-1458-d03-b--100-2ff]-9618&alias=b9pgpun015.cern.ch&noUDP&sock=slot1_1_241727_49ff_27897>
...
040 (7223595.003.000) 09/26 09:46:35 Finished transferring input files
...
001 (7223595.003.000) 09/26 09:46:36 Job executing on host: <188.185.190.108:9618?addrs=188.185.190.108-9618+[2001-1458-d03-b--100-2ff]-9618&alias=b9pgpun015.cern.ch&noUDP&sock=startd_205776_cc7b>
	SlotName: slot1_1@b9pgpun015.cern.ch
	AvailableGPUs = { GPUs_GPU_b24b403a }
	CondorScratchDir = "/pool/condor/dir_2199834"
	Cpus = 1
	Disk = 6822319
	GPUs = 1
	GPUs_GPU_b24b403a = [ GlobalMemoryMb = 95235; MaxSupportedVersion = 12040; DriverVersion = 12.4; DeviceName = "NVIDIA H100 NVL"; CoresPerCU = 128; ECCEnabled = true; ComputeUnits = 132; ClockMhz = 1785.0; Id = "GPU-b24b403a"; Capability = 9.0; DevicePciBusId = "0000:3A:00.0"; DeviceUuid = "b24b403a-c8dc-04db-3428-2ea4c127b0ed" ]
	Memory = 2000
...
006 (7223595.003.000) 09/26 09:46:45 Image size of job updated: 2892616
	2825  -  MemoryUsage of job (MB)
	2892560  -  ResidentSetSize of job (KB)
...
006 (7223595.003.000) 09/26 09:51:46 Image size of job updated: 21659444
	21134  -  MemoryUsage of job (MB)
	21640452  -  ResidentSetSize of job (KB)
...
006 (7223595.003.000) 09/26 09:56:47 Image size of job updated: 21786252
	21274  -  MemoryUsage of job (MB)
	21783572  -  ResidentSetSize of job (KB)
...
006 (7223595.003.000) 09/26 10:01:48 Image size of job updated: 21815024
	21297  -  MemoryUsage of job (MB)
	21807772  -  ResidentSetSize of job (KB)
...
006 (7223595.003.000) 09/26 10:06:49 Image size of job updated: 21826924
	21310  -  MemoryUsage of job (MB)
	21820572  -  ResidentSetSize of job (KB)
...
006 (7223595.003.000) 09/26 10:11:48 Image size of job updated: 21885716
	21366  -  MemoryUsage of job (MB)
	21877892  -  ResidentSetSize of job (KB)
...
006 (7223595.003.000) 09/26 10:16:49 Image size of job updated: 21944624
	21399  -  MemoryUsage of job (MB)
	21912392  -  ResidentSetSize of job (KB)
...
006 (7223595.003.000) 09/26 10:21:50 Image size of job updated: 22037608
	21516  -  MemoryUsage of job (MB)
	22032368  -  ResidentSetSize of job (KB)
...
006 (7223595.003.000) 09/26 10:26:50 Image size of job updated: 22056860
	21536  -  MemoryUsage of job (MB)
	22052204  -  ResidentSetSize of job (KB)
...
006 (7223595.003.000) 09/26 10:31:51 Image size of job updated: 22060432
	21542  -  MemoryUsage of job (MB)
	22058060  -  ResidentSetSize of job (KB)
...
006 (7223595.003.000) 09/26 10:36:52 Image size of job updated: 22075996
	21544  -  MemoryUsage of job (MB)
	22060108  -  ResidentSetSize of job (KB)
...
006 (7223595.003.000) 09/26 10:41:53 Image size of job updated: 22201844
	21677  -  MemoryUsage of job (MB)
	22197076  -  ResidentSetSize of job (KB)
...
006 (7223595.003.000) 09/26 10:46:52 Image size of job updated: 22288468
	21734  -  MemoryUsage of job (MB)
	22255596  -  ResidentSetSize of job (KB)
...
006 (7223595.003.000) 09/26 10:51:53 Image size of job updated: 22298772
	21770  -  MemoryUsage of job (MB)
	22291744  -  ResidentSetSize of job (KB)
...
006 (7223595.003.000) 09/26 10:56:54 Image size of job updated: 22350524
	21812  -  MemoryUsage of job (MB)
	22334748  -  ResidentSetSize of job (KB)
...
006 (7223595.003.000) 09/26 11:01:53 Image size of job updated: 22431080
	21902  -  MemoryUsage of job (MB)
	22426772  -  ResidentSetSize of job (KB)
...
006 (7223595.003.000) 09/26 11:06:54 Image size of job updated: 22445172
	21913  -  MemoryUsage of job (MB)
	22438384  -  ResidentSetSize of job (KB)
...
006 (7223595.003.000) 09/26 11:11:55 Image size of job updated: 22457884
	21928  -  MemoryUsage of job (MB)
	22454092  -  ResidentSetSize of job (KB)
...
006 (7223595.003.000) 09/26 11:16:55 Image size of job updated: 22465468
	21929  -  MemoryUsage of job (MB)
	22454656  -  ResidentSetSize of job (KB)
...
006 (7223595.003.000) 09/26 11:21:56 Image size of job updated: 22589628
	22056  -  MemoryUsage of job (MB)
	22584456  -  ResidentSetSize of job (KB)
...
006 (7223595.003.000) 09/26 11:26:57 Image size of job updated: 22647288
	22108  -  MemoryUsage of job (MB)
	22638524  -  ResidentSetSize of job (KB)
...
006 (7223595.003.000) 09/26 11:31:58 Image size of job updated: 22662512
	22132  -  MemoryUsage of job (MB)
	22662424  -  ResidentSetSize of job (KB)
...
006 (7223595.003.000) 09/26 11:36:57 Image size of job updated: 22679380
	22137  -  MemoryUsage of job (MB)
	22668096  -  ResidentSetSize of job (KB)
...
006 (7223595.003.000) 09/26 11:41:58 Image size of job updated: 22691408
	22160  -  MemoryUsage of job (MB)
	22691340  -  ResidentSetSize of job (KB)
...
006 (7223595.003.000) 09/26 11:46:59 Image size of job updated: 22812800
	22266  -  MemoryUsage of job (MB)
	22800104  -  ResidentSetSize of job (KB)
...
006 (7223595.003.000) 09/26 11:51:58 Image size of job updated: 22832328
	22292  -  MemoryUsage of job (MB)
	22826720  -  ResidentSetSize of job (KB)
...
006 (7223595.003.000) 09/26 11:56:59 Image size of job updated: 22880956
	22335  -  MemoryUsage of job (MB)
	22871004  -  ResidentSetSize of job (KB)
...
006 (7223595.003.000) 09/26 12:02:00 Image size of job updated: 22888316
	22346  -  MemoryUsage of job (MB)
	22881904  -  ResidentSetSize of job (KB)
...
006 (7223595.003.000) 09/26 12:07:01 Image size of job updated: 23046488
	22500  -  MemoryUsage of job (MB)
	23039232  -  ResidentSetSize of job (KB)
...
006 (7223595.003.000) 09/26 12:12:00 Image size of job updated: 23087408
	22530  -  MemoryUsage of job (MB)
	23070036  -  ResidentSetSize of job (KB)
...
006 (7223595.003.000) 09/26 12:17:01 Image size of job updated: 23199476
	22649  -  MemoryUsage of job (MB)
	23192424  -  ResidentSetSize of job (KB)
...
006 (7223595.003.000) 09/26 12:22:02 Image size of job updated: 23219328
	22659  -  MemoryUsage of job (MB)
	23202456  -  ResidentSetSize of job (KB)
...
006 (7223595.003.000) 09/26 12:27:01 Image size of job updated: 23328512
	22770  -  MemoryUsage of job (MB)
	23315748  -  ResidentSetSize of job (KB)
...
006 (7223595.003.000) 09/26 12:32:02 Image size of job updated: 23407544
	22846  -  MemoryUsage of job (MB)
	23393288  -  ResidentSetSize of job (KB)
...
006 (7223595.003.000) 09/26 12:37:03 Image size of job updated: 23521888
	22965  -  MemoryUsage of job (MB)
	23515264  -  ResidentSetSize of job (KB)
...
006 (7223595.003.000) 09/26 12:42:04 Image size of job updated: 23524880
	22970  -  MemoryUsage of job (MB)
	23520992  -  ResidentSetSize of job (KB)
...
006 (7223595.003.000) 09/26 12:47:04 Image size of job updated: 23707184
	23128  -  MemoryUsage of job (MB)
	23682936  -  ResidentSetSize of job (KB)
...
006 (7223595.003.000) 09/26 12:52:05 Image size of job updated: 23790996
	23230  -  MemoryUsage of job (MB)
	23786556  -  ResidentSetSize of job (KB)
...
006 (7223595.003.000) 09/26 12:57:06 Image size of job updated: 23816164
	23255  -  MemoryUsage of job (MB)
	23813008  -  ResidentSetSize of job (KB)
...
006 (7223595.003.000) 09/26 13:02:05 Image size of job updated: 23886832
	23273  -  MemoryUsage of job (MB)
	23830692  -  ResidentSetSize of job (KB)
...
006 (7223595.003.000) 09/26 13:07:06 Image size of job updated: 23975420
	23407  -  MemoryUsage of job (MB)
	23968596  -  ResidentSetSize of job (KB)
...
006 (7223595.003.000) 09/26 13:12:07 Image size of job updated: 23998340
	23425  -  MemoryUsage of job (MB)
	23986648  -  ResidentSetSize of job (KB)
...
006 (7223595.003.000) 09/26 13:17:08 Image size of job updated: 24134604
	23560  -  MemoryUsage of job (MB)
	24125020  -  ResidentSetSize of job (KB)
...
006 (7223595.003.000) 09/26 13:22:07 Image size of job updated: 24292488
	23704  -  MemoryUsage of job (MB)
	24272504  -  ResidentSetSize of job (KB)
...
006 (7223595.003.000) 09/26 13:27:08 Image size of job updated: 24522436
	23948  -  MemoryUsage of job (MB)
	24522436  -  ResidentSetSize of job (KB)
...
006 (7223595.003.000) 09/26 13:32:09 Image size of job updated: 25152008
	24542  -  MemoryUsage of job (MB)
	25130264  -  ResidentSetSize of job (KB)
...
006 (7223595.003.000) 09/26 13:37:10 Image size of job updated: 25430376
	24835  -  MemoryUsage of job (MB)
	25430376  -  ResidentSetSize of job (KB)
...
006 (7223595.003.000) 09/26 13:42:09 Image size of job updated: 25669424
	25068  -  MemoryUsage of job (MB)
	25669424  -  ResidentSetSize of job (KB)
...
006 (7223595.003.000) 09/26 13:47:10 Image size of job updated: 26107612
	25496  -  MemoryUsage of job (MB)
	26107612  -  ResidentSetSize of job (KB)
...
006 (7223595.003.000) 09/26 13:52:11 Image size of job updated: 26426836
	25498  -  MemoryUsage of job (MB)
	26109148  -  ResidentSetSize of job (KB)
...
006 (7223595.003.000) 09/26 13:57:12 Image size of job updated: 27216472
	26579  -  MemoryUsage of job (MB)
	27216472  -  ResidentSetSize of job (KB)
...
006 (7223595.003.000) 09/26 14:02:12 Image size of job updated: 28347084
	27683  -  MemoryUsage of job (MB)
	28347084  -  ResidentSetSize of job (KB)
...
006 (7223595.003.000) 09/26 14:06:48 Image size of job updated: 29275820
	27686  -  MemoryUsage of job (MB)
	28349900  -  ResidentSetSize of job (KB)
...
040 (7223595.003.000) 09/26 14:06:49 Started transferring output files
...
040 (7223595.003.000) 09/26 14:06:49 Finished transferring output files
...
005 (7223595.003.000) 09/26 14:06:49 Job terminated.
	(1) Normal termination (return value 50)
		Usr 0 04:17:27, Sys 0 00:14:37  -  Run Remote Usage
		Usr 0 00:00:00, Sys 0 00:00:00  -  Run Local Usage
		Usr 0 04:17:27, Sys 0 00:14:37  -  Total Remote Usage
		Usr 0 00:00:00, Sys 0 00:00:00  -  Total Local Usage
	420349  -  Run Bytes Sent By Job
	1407  -  Run Bytes Received By Job
	420349  -  Total Bytes Sent By Job
	1407  -  Total Bytes Received By Job
	Partitionable Resources :       Usage  Request Allocated Assigned
	   Cpus                 :        1.00        1         1 
	   Disk (KB)            : 24458534           2   6822319 
	   Gpus (Average)       :        0.00        1         1 "GPU-b24b403a"
	   GpusMemory (MB)      :      599                       
	   Memory (MB)          :    27686        2000      2000 

	Job terminated of its own accord at 2024-09-26T12:06:48Z with exit-code 50.
...
