000 (7186275.001.000) 08/22 15:33:13 Job submitted from host: <137.138.44.55:9618?addrs=137.138.44.55-9618+[2001-1458-d00-1a--48]-9618&alias=bigbird17.cern.ch&noUDP&sock=schedd_23962_8474>
...
040 (7186275.001.000) 08/22 16:48:10 Started transferring input files
	Transferring to host: <128.142.248.94:9618?addrs=128.142.248.94-9618+[2001-1458-301-73--100-14e]-9618&alias=b9g23p2790.cern.ch&noUDP&sock=slot1_54_5757_13c3_4911>
...
040 (7186275.001.000) 08/22 16:48:10 Finished transferring input files
...
001 (7186275.001.000) 08/22 16:48:11 Job executing on host: <128.142.248.94:9618?addrs=128.142.248.94-9618+[2001-1458-301-73--100-14e]-9618&alias=b9g23p2790.cern.ch&noUDP&sock=startd_4576_5577>
	SlotName: slot1_54@b9g23p2790.cern.ch
	CondorScratchDir = "/pool/condor/dir_2221155"
	Cpus = 1
	Disk = 2947764
	Memory = 2000
...
006 (7186275.001.000) 08/22 16:48:21 Image size of job updated: 437720
	428  -  MemoryUsage of job (MB)
	437660  -  ResidentSetSize of job (KB)
...
006 (7186275.001.000) 08/22 16:53:22 Image size of job updated: 3251008
	3175  -  MemoryUsage of job (MB)
	3251004  -  ResidentSetSize of job (KB)
...
006 (7186275.001.000) 08/22 16:58:22 Image size of job updated: 4875852
	4762  -  MemoryUsage of job (MB)
	4875632  -  ResidentSetSize of job (KB)
...
006 (7186275.001.000) 08/22 17:03:22 Image size of job updated: 5110752
	4991  -  MemoryUsage of job (MB)
	5110752  -  ResidentSetSize of job (KB)
...
006 (7186275.001.000) 08/22 17:08:23 Image size of job updated: 5394904
	5269  -  MemoryUsage of job (MB)
	5394904  -  ResidentSetSize of job (KB)
...
006 (7186275.001.000) 08/22 17:13:23 Image size of job updated: 5685448
	5553  -  MemoryUsage of job (MB)
	5685448  -  ResidentSetSize of job (KB)
...
006 (7186275.001.000) 08/22 17:18:23 Image size of job updated: 5953328
	5814  -  MemoryUsage of job (MB)
	5953328  -  ResidentSetSize of job (KB)
...
006 (7186275.001.000) 08/22 17:23:24 Image size of job updated: 5964692
	5814  -  MemoryUsage of job (MB)
	5953328  -  ResidentSetSize of job (KB)
...
040 (7186275.001.000) 08/22 18:02:47 Started transferring output files
...
040 (7186275.001.000) 08/22 18:02:47 Finished transferring output files
...
005 (7186275.001.000) 08/22 18:02:47 Job terminated.
	(1) Normal termination (return value 50)
		Usr 0 01:04:17, Sys 0 00:00:40  -  Run Remote Usage
		Usr 0 00:00:00, Sys 0 00:00:00  -  Run Local Usage
		Usr 0 01:04:17, Sys 0 00:00:40  -  Total Remote Usage
		Usr 0 00:00:00, Sys 0 00:00:00  -  Total Local Usage
	18020  -  Run Bytes Sent By Job
	2769  -  Run Bytes Received By Job
	18020  -  Total Bytes Sent By Job
	2769  -  Total Bytes Received By Job
	Partitionable Resources :      Usage  Request Allocated 
	   Cpus                 :       0.66        1         1 
	   Disk (KB)            : 3660411           3   2947764 
	   Memory (MB)          :    5814        2000      2000 

	Job terminated of its own accord at 2024-08-22T16:02:47Z with exit-code 50.
...
