000 (7187248.002.000) 08/26 07:55:06 Job submitted from host: <137.138.44.55:9618?addrs=137.138.44.55-9618+[2001-1458-d00-1a--48]-9618&alias=bigbird17.cern.ch&noUDP&sock=schedd_23962_8474>
...
040 (7187248.002.000) 08/26 19:08:06 Started transferring input files
	Transferring to host: <188.185.92.146:9618?addrs=188.185.92.146-9618+[2001-1458-d00-6c--100-1c5]-9618&alias=b9g57n0713.cern.ch&noUDP&sock=slot1_1_15784_017b_108547>
...
040 (7187248.002.000) 08/26 19:08:06 Finished transferring input files
...
001 (7187248.002.000) 08/26 19:08:07 Job executing on host: <188.185.92.146:9618?addrs=188.185.92.146-9618+[2001-1458-d00-6c--100-1c5]-9618&alias=b9g57n0713.cern.ch&noUDP&sock=startd_14967_b211>
	SlotName: slot1_1@b9g57n0713.cern.ch
	AvailableGPUs = { GPUs_GPU_8e36ebf7 }
	CondorScratchDir = "/pool/condor/dir_725917"
	Cpus = 1
	Disk = 311087
	GPUs = 1
	GPUs_GPU_8e36ebf7 = [ GlobalMemoryMb = 40326; MaxSupportedVersion = 12040; DriverVersion = 12.4; DeviceUuid = "8e36ebf7-cfeb-baed-bbe4-21263bcdba53"; DeviceName = "NVIDIA A100-PCIE-40GB"; CoresPerCU = 64; ECCEnabled = true; ComputeUnits = 108; ClockMhz = 1410.0; Id = "GPU-8e36ebf7"; DevicePciBusId = "0000:06:00.0"; Capability = 8.0 ]
	Memory = 2000
...
006 (7187248.002.000) 08/26 19:08:16 Image size of job updated: 506208
	293  -  MemoryUsage of job (MB)
	299724  -  ResidentSetSize of job (KB)
...
006 (7187248.002.000) 08/26 19:13:17 Image size of job updated: 4946860
	4831  -  MemoryUsage of job (MB)
	4946860  -  ResidentSetSize of job (KB)
...
006 (7187248.002.000) 08/26 19:18:18 Image size of job updated: 5844052
	5708  -  MemoryUsage of job (MB)
	5844052  -  ResidentSetSize of job (KB)
...
006 (7187248.002.000) 08/26 19:23:18 Image size of job updated: 6735404
	6578  -  MemoryUsage of job (MB)
	6735404  -  ResidentSetSize of job (KB)
...
006 (7187248.002.000) 08/26 19:28:19 Image size of job updated: 7632020
	7454  -  MemoryUsage of job (MB)
	7632020  -  ResidentSetSize of job (KB)
...
006 (7187248.002.000) 08/26 19:33:20 Image size of job updated: 8531604
	8332  -  MemoryUsage of job (MB)
	8531604  -  ResidentSetSize of job (KB)
...
006 (7187248.002.000) 08/26 19:38:20 Image size of job updated: 9432468
	9212  -  MemoryUsage of job (MB)
	9432468  -  ResidentSetSize of job (KB)
...
006 (7187248.002.000) 08/26 19:43:21 Image size of job updated: 10330628
	10089  -  MemoryUsage of job (MB)
	10330628  -  ResidentSetSize of job (KB)
...
006 (7187248.002.000) 08/26 19:48:22 Image size of job updated: 10556676
	10089  -  MemoryUsage of job (MB)
	10330628  -  ResidentSetSize of job (KB)
...
006 (7187248.002.000) 08/26 19:52:59 Image size of job updated: 10667728
	10089  -  MemoryUsage of job (MB)
	10330628  -  ResidentSetSize of job (KB)
...
040 (7187248.002.000) 08/26 19:52:59 Started transferring output files
...
040 (7187248.002.000) 08/26 19:52:59 Finished transferring output files
...
005 (7187248.002.000) 08/26 19:52:59 Job terminated.
	(1) Normal termination (return value 50)
		Usr 0 00:43:57, Sys 0 00:00:41  -  Run Remote Usage
		Usr 0 00:00:00, Sys 0 00:00:00  -  Run Local Usage
		Usr 0 00:43:57, Sys 0 00:00:41  -  Total Remote Usage
		Usr 0 00:00:00, Sys 0 00:00:00  -  Total Local Usage
	20554  -  Run Bytes Sent By Job
	2919  -  Run Bytes Received By Job
	20554  -  Total Bytes Sent By Job
	2919  -  Total Bytes Received By Job
	Partitionable Resources :      Usage  Request Allocated Assigned
	   Cpus                 :       1.00        1         1 
	   Disk (KB)            : 7229951           3    311087 
	   Gpus (Average)       :       0.00        1         1 "GPU-8e36ebf7"
	   GpusMemory (MB)      :    1065                       
	   Memory (MB)          :   10089        2000      2000 

	Job terminated of its own accord at 2024-08-26T17:52:59Z with exit-code 50.
...
