000 (7187278.005.000) 08/26 07:55:35 Job submitted from host: <137.138.44.55:9618?addrs=137.138.44.55-9618+[2001-1458-d00-1a--48]-9618&alias=bigbird17.cern.ch&noUDP&sock=schedd_23962_8474>
...
040 (7187278.005.000) 08/26 12:30:21 Started transferring input files
	Transferring to host: <128.142.248.197:9618?addrs=128.142.248.197-9618+[2001-1458-301-73--100-c4]-9618&alias=b9g23p2961.cern.ch&noUDP&sock=slot1_24_7499_794a_4890>
...
040 (7187278.005.000) 08/26 12:30:21 Finished transferring input files
...
001 (7187278.005.000) 08/26 12:30:22 Job executing on host: <128.142.248.197:9618?addrs=128.142.248.197-9618+[2001-1458-301-73--100-c4]-9618&alias=b9g23p2961.cern.ch&noUDP&sock=startd_5911_0866>
	SlotName: slot1_24@b9g23p2961.cern.ch
	CondorScratchDir = "/pool/condor/dir_3170634"
	Cpus = 1
	Disk = 3032589
	Memory = 2000
...
006 (7187278.005.000) 08/26 12:30:31 Image size of job updated: 995336
	554  -  MemoryUsage of job (MB)
	566636  -  ResidentSetSize of job (KB)
...
006 (7187278.005.000) 08/26 12:35:32 Image size of job updated: 1020224
	970  -  MemoryUsage of job (MB)
	992332  -  ResidentSetSize of job (KB)
...
006 (7187278.005.000) 08/26 12:40:32 Image size of job updated: 1331168
	1299  -  MemoryUsage of job (MB)
	1329448  -  ResidentSetSize of job (KB)
...
006 (7187278.005.000) 08/26 12:45:32 Image size of job updated: 1580368
	1485  -  MemoryUsage of job (MB)
	1520472  -  ResidentSetSize of job (KB)
...
006 (7187278.005.000) 08/26 12:50:33 Image size of job updated: 1673864
	1486  -  MemoryUsage of job (MB)
	1520984  -  ResidentSetSize of job (KB)
...
006 (7187278.005.000) 08/26 13:05:35 Image size of job updated: 1762104
	1721  -  MemoryUsage of job (MB)
	1762104  -  ResidentSetSize of job (KB)
...
006 (7187278.005.000) 08/26 13:10:35 Image size of job updated: 2136856
	2059  -  MemoryUsage of job (MB)
	2107532  -  ResidentSetSize of job (KB)
...
006 (7187278.005.000) 08/26 13:15:36 Image size of job updated: 3747116
	3660  -  MemoryUsage of job (MB)
	3747116  -  ResidentSetSize of job (KB)
...
006 (7187278.005.000) 08/26 13:20:36 Image size of job updated: 4193528
	4096  -  MemoryUsage of job (MB)
	4193528  -  ResidentSetSize of job (KB)
...
006 (7187278.005.000) 08/26 13:25:37 Image size of job updated: 4631668
	4524  -  MemoryUsage of job (MB)
	4631664  -  ResidentSetSize of job (KB)
...
006 (7187278.005.000) 08/26 13:30:37 Image size of job updated: 5049508
	4930  -  MemoryUsage of job (MB)
	5047716  -  ResidentSetSize of job (KB)
...
006 (7187278.005.000) 08/26 13:35:38 Image size of job updated: 5507740
	5379  -  MemoryUsage of job (MB)
	5507740  -  ResidentSetSize of job (KB)
...
006 (7187278.005.000) 08/26 13:40:39 Image size of job updated: 5920388
	5782  -  MemoryUsage of job (MB)
	5920388  -  ResidentSetSize of job (KB)
...
006 (7187278.005.000) 08/26 13:45:39 Image size of job updated: 6347500
	6189  -  MemoryUsage of job (MB)
	6337512  -  ResidentSetSize of job (KB)
...
006 (7187278.005.000) 08/26 13:50:40 Image size of job updated: 6709512
	6553  -  MemoryUsage of job (MB)
	6709512  -  ResidentSetSize of job (KB)
...
006 (7187278.005.000) 08/26 13:55:40 Image size of job updated: 7085736
	6920  -  MemoryUsage of job (MB)
	7085736  -  ResidentSetSize of job (KB)
...
006 (7187278.005.000) 08/26 14:00:41 Image size of job updated: 7504544
	7329  -  MemoryUsage of job (MB)
	7504544  -  ResidentSetSize of job (KB)
...
006 (7187278.005.000) 08/26 14:05:42 Image size of job updated: 7921560
	7736  -  MemoryUsage of job (MB)
	7921560  -  ResidentSetSize of job (KB)
...
006 (7187278.005.000) 08/26 14:10:42 Image size of job updated: 8391948
	8196  -  MemoryUsage of job (MB)
	8391948  -  ResidentSetSize of job (KB)
...
006 (7187278.005.000) 08/26 14:15:43 Image size of job updated: 8847012
	8640  -  MemoryUsage of job (MB)
	8847012  -  ResidentSetSize of job (KB)
...
006 (7187278.005.000) 08/26 14:20:43 Image size of job updated: 9275164
	9058  -  MemoryUsage of job (MB)
	9275164  -  ResidentSetSize of job (KB)
...
006 (7187278.005.000) 08/26 14:25:44 Image size of job updated: 9748548
	9521  -  MemoryUsage of job (MB)
	9748548  -  ResidentSetSize of job (KB)
...
006 (7187278.005.000) 08/26 14:30:44 Image size of job updated: 10194404
	9956  -  MemoryUsage of job (MB)
	10194404  -  ResidentSetSize of job (KB)
...
006 (7187278.005.000) 08/26 14:35:44 Image size of job updated: 10646044
	10397  -  MemoryUsage of job (MB)
	10646044  -  ResidentSetSize of job (KB)
...
006 (7187278.005.000) 08/26 14:38:36 Image size of job updated: 10661660
	10397  -  MemoryUsage of job (MB)
	10646044  -  ResidentSetSize of job (KB)
...
040 (7187278.005.000) 08/26 14:38:37 Started transferring output files
...
040 (7187278.005.000) 08/26 14:38:37 Finished transferring output files
...
005 (7187278.005.000) 08/26 14:38:37 Job terminated.
	(1) Normal termination (return value 50)
		Usr 0 02:06:13, Sys 0 00:01:44  -  Run Remote Usage
		Usr 0 00:00:00, Sys 0 00:00:00  -  Run Local Usage
		Usr 0 02:06:13, Sys 0 00:01:44  -  Total Remote Usage
		Usr 0 00:00:00, Sys 0 00:00:00  -  Total Local Usage
	45593  -  Run Bytes Sent By Job
	2914  -  Run Bytes Received By Job
	45593  -  Total Bytes Sent By Job
	2914  -  Total Bytes Received By Job
	Partitionable Resources :      Usage  Request Allocated 
	   Cpus                 :       1.00        1         1 
	   Disk (KB)            : 7819794           3   3032589 
	   Memory (MB)          :   10397        2000      2000 

	Job terminated of its own accord at 2024-08-26T12:38:36Z with exit-code 50.
...
