000 (7191335.001.000) 09/02 11:53:36 Job submitted from host: <137.138.44.55:9618?addrs=137.138.44.55-9618+[2001-1458-d00-1a--48]-9618&alias=bigbird17.cern.ch&noUDP&sock=schedd_23962_8474>
...
040 (7191335.001.000) 09/02 12:00:15 Started transferring input files
	Transferring to host: <128.142.248.81:9618?addrs=128.142.248.81-9618+[2001-1458-301-73--100-141]-9618&alias=b9g23p3234.cern.ch&noUDP&sock=slot1_2_133542_2b70_2779>
...
040 (7191335.001.000) 09/02 12:00:15 Finished transferring input files
...
001 (7191335.001.000) 09/02 12:00:16 Job executing on host: <128.142.248.81:9618?addrs=128.142.248.81-9618+[2001-1458-301-73--100-141]-9618&alias=b9g23p3234.cern.ch&noUDP&sock=startd_2952_67aa>
	SlotName: slot1_2@b9g23p3234.cern.ch
	CondorScratchDir = "/pool/condor/dir_1134914"
	Cpus = 1
	Disk = 3088594
	Memory = 2000
...
006 (7191335.001.000) 09/02 12:00:25 Image size of job updated: 617024
	603  -  MemoryUsage of job (MB)
	616736  -  ResidentSetSize of job (KB)
...
006 (7191335.001.000) 09/02 12:05:25 Image size of job updated: 829592
	604  -  MemoryUsage of job (MB)
	618232  -  ResidentSetSize of job (KB)
...
006 (7191335.001.000) 09/02 14:20:39 Image size of job updated: 829592
	605  -  MemoryUsage of job (MB)
	619036  -  ResidentSetSize of job (KB)
...
006 (7191335.001.000) 09/02 14:30:40 Image size of job updated: 829592
	607  -  MemoryUsage of job (MB)
	620628  -  ResidentSetSize of job (KB)
...
006 (7191335.001.000) 09/02 14:35:40 Image size of job updated: 829592
	607  -  MemoryUsage of job (MB)
	621072  -  ResidentSetSize of job (KB)
...
006 (7191335.001.000) 09/02 14:40:41 Image size of job updated: 829592
	608  -  MemoryUsage of job (MB)
	621908  -  ResidentSetSize of job (KB)
...
006 (7191335.001.000) 09/02 14:45:41 Image size of job updated: 829592
	608  -  MemoryUsage of job (MB)
	622176  -  ResidentSetSize of job (KB)
...
006 (7191335.001.000) 09/02 14:55:42 Image size of job updated: 829592
	609  -  MemoryUsage of job (MB)
	622796  -  ResidentSetSize of job (KB)
...
006 (7191335.001.000) 09/02 15:00:44 Image size of job updated: 829592
	609  -  MemoryUsage of job (MB)
	623084  -  ResidentSetSize of job (KB)
...
006 (7191335.001.000) 09/02 15:05:44 Image size of job updated: 829592
	609  -  MemoryUsage of job (MB)
	623572  -  ResidentSetSize of job (KB)
...
006 (7191335.001.000) 09/02 15:10:44 Image size of job updated: 829592
	610  -  MemoryUsage of job (MB)
	623792  -  ResidentSetSize of job (KB)
...
006 (7191335.001.000) 09/02 15:15:45 Image size of job updated: 829592
	611  -  MemoryUsage of job (MB)
	625056  -  ResidentSetSize of job (KB)
...
006 (7191335.001.000) 09/02 15:20:45 Image size of job updated: 829592
	611  -  MemoryUsage of job (MB)
	625124  -  ResidentSetSize of job (KB)
...
006 (7191335.001.000) 09/02 15:25:46 Image size of job updated: 829592
	613  -  MemoryUsage of job (MB)
	627308  -  ResidentSetSize of job (KB)
...
006 (7191335.001.000) 09/02 15:30:46 Image size of job updated: 829592
	614  -  MemoryUsage of job (MB)
	628048  -  ResidentSetSize of job (KB)
...
006 (7191335.001.000) 09/02 15:35:47 Image size of job updated: 829592
	615  -  MemoryUsage of job (MB)
	628944  -  ResidentSetSize of job (KB)
...
006 (7191335.001.000) 09/02 15:40:47 Image size of job updated: 829592
	615  -  MemoryUsage of job (MB)
	629032  -  ResidentSetSize of job (KB)
...
006 (7191335.001.000) 09/02 15:45:48 Image size of job updated: 829592
	616  -  MemoryUsage of job (MB)
	630308  -  ResidentSetSize of job (KB)
...
006 (7191335.001.000) 09/02 15:50:48 Image size of job updated: 829592
	618  -  MemoryUsage of job (MB)
	632384  -  ResidentSetSize of job (KB)
...
006 (7191335.001.000) 09/02 16:05:49 Image size of job updated: 829592
	618  -  MemoryUsage of job (MB)
	632776  -  ResidentSetSize of job (KB)
...
006 (7191335.001.000) 09/02 16:10:50 Image size of job updated: 829592
	619  -  MemoryUsage of job (MB)
	633268  -  ResidentSetSize of job (KB)
...
006 (7191335.001.000) 09/02 16:15:50 Image size of job updated: 829592
	621  -  MemoryUsage of job (MB)
	635792  -  ResidentSetSize of job (KB)
...
006 (7191335.001.000) 09/02 16:20:51 Image size of job updated: 829592
	622  -  MemoryUsage of job (MB)
	636096  -  ResidentSetSize of job (KB)
...
006 (7191335.001.000) 09/02 16:25:51 Image size of job updated: 829592
	622  -  MemoryUsage of job (MB)
	636280  -  ResidentSetSize of job (KB)
...
006 (7191335.001.000) 09/02 16:35:52 Image size of job updated: 829592
	624  -  MemoryUsage of job (MB)
	638024  -  ResidentSetSize of job (KB)
...
006 (7191335.001.000) 09/02 16:40:53 Image size of job updated: 829592
	624  -  MemoryUsage of job (MB)
	638100  -  ResidentSetSize of job (KB)
...
006 (7191335.001.000) 09/02 16:45:53 Image size of job updated: 829592
	625  -  MemoryUsage of job (MB)
	639352  -  ResidentSetSize of job (KB)
...
006 (7191335.001.000) 09/02 16:50:54 Image size of job updated: 829592
	627  -  MemoryUsage of job (MB)
	641236  -  ResidentSetSize of job (KB)
...
006 (7191335.001.000) 09/02 17:05:55 Image size of job updated: 829592
	628  -  MemoryUsage of job (MB)
	642104  -  ResidentSetSize of job (KB)
...
006 (7191335.001.000) 09/02 17:10:56 Image size of job updated: 829592
	628  -  MemoryUsage of job (MB)
	642248  -  ResidentSetSize of job (KB)
...
006 (7191335.001.000) 09/02 17:20:57 Image size of job updated: 829592
	628  -  MemoryUsage of job (MB)
	642256  -  ResidentSetSize of job (KB)
...
006 (7191335.001.000) 09/02 17:30:59 Image size of job updated: 829592
	628  -  MemoryUsage of job (MB)
	642560  -  ResidentSetSize of job (KB)
...
006 (7191335.001.000) 09/02 17:35:59 Image size of job updated: 829592
	628  -  MemoryUsage of job (MB)
	642668  -  ResidentSetSize of job (KB)
...
006 (7191335.001.000) 09/02 17:40:59 Image size of job updated: 829592
	628  -  MemoryUsage of job (MB)
	642976  -  ResidentSetSize of job (KB)
...
006 (7191335.001.000) 09/02 17:51:00 Image size of job updated: 829592
	630  -  MemoryUsage of job (MB)
	644796  -  ResidentSetSize of job (KB)
...
006 (7191335.001.000) 09/02 17:56:01 Image size of job updated: 829592
	630  -  MemoryUsage of job (MB)
	644860  -  ResidentSetSize of job (KB)
...
006 (7191335.001.000) 09/02 18:01:01 Image size of job updated: 829592
	631  -  MemoryUsage of job (MB)
	645476  -  ResidentSetSize of job (KB)
...
006 (7191335.001.000) 09/02 18:26:04 Image size of job updated: 829592
	633  -  MemoryUsage of job (MB)
	647860  -  ResidentSetSize of job (KB)
...
006 (7191335.001.000) 09/02 18:36:05 Image size of job updated: 829592
	634  -  MemoryUsage of job (MB)
	648460  -  ResidentSetSize of job (KB)
...
006 (7191335.001.000) 09/02 18:41:05 Image size of job updated: 829592
	635  -  MemoryUsage of job (MB)
	649568  -  ResidentSetSize of job (KB)
...
006 (7191335.001.000) 09/02 18:46:06 Image size of job updated: 829592
	635  -  MemoryUsage of job (MB)
	649808  -  ResidentSetSize of job (KB)
...
006 (7191335.001.000) 09/02 18:51:06 Image size of job updated: 829592
	637  -  MemoryUsage of job (MB)
	652080  -  ResidentSetSize of job (KB)
...
006 (7191335.001.000) 09/02 18:56:06 Image size of job updated: 829592
	638  -  MemoryUsage of job (MB)
	652704  -  ResidentSetSize of job (KB)
...
006 (7191335.001.000) 09/02 19:01:07 Image size of job updated: 829592
	638  -  MemoryUsage of job (MB)
	652828  -  ResidentSetSize of job (KB)
...
006 (7191335.001.000) 09/02 19:06:07 Image size of job updated: 829592
	638  -  MemoryUsage of job (MB)
	653256  -  ResidentSetSize of job (KB)
...
006 (7191335.001.000) 09/02 19:11:08 Image size of job updated: 829592
	639  -  MemoryUsage of job (MB)
	653724  -  ResidentSetSize of job (KB)
...
006 (7191335.001.000) 09/02 19:16:08 Image size of job updated: 829592
	640  -  MemoryUsage of job (MB)
	654924  -  ResidentSetSize of job (KB)
...
006 (7191335.001.000) 09/02 19:21:10 Image size of job updated: 829592
	641  -  MemoryUsage of job (MB)
	655908  -  ResidentSetSize of job (KB)
...
006 (7191335.001.000) 09/02 19:26:10 Image size of job updated: 829592
	641  -  MemoryUsage of job (MB)
	656204  -  ResidentSetSize of job (KB)
...
006 (7191335.001.000) 09/02 19:31:11 Image size of job updated: 829592
	642  -  MemoryUsage of job (MB)
	656708  -  ResidentSetSize of job (KB)
...
006 (7191335.001.000) 09/02 19:36:11 Image size of job updated: 829592
	642  -  MemoryUsage of job (MB)
	657232  -  ResidentSetSize of job (KB)
...
006 (7191335.001.000) 09/02 19:41:11 Image size of job updated: 829592
	643  -  MemoryUsage of job (MB)
	658184  -  ResidentSetSize of job (KB)
...
006 (7191335.001.000) 09/02 19:46:12 Image size of job updated: 829592
	643  -  MemoryUsage of job (MB)
	658260  -  ResidentSetSize of job (KB)
...
006 (7191335.001.000) 09/02 19:51:12 Image size of job updated: 829592
	644  -  MemoryUsage of job (MB)
	658944  -  ResidentSetSize of job (KB)
...
006 (7191335.001.000) 09/02 19:56:13 Image size of job updated: 829592
	644  -  MemoryUsage of job (MB)
	659272  -  ResidentSetSize of job (KB)
...
006 (7191335.001.000) 09/02 20:01:13 Image size of job updated: 829592
	647  -  MemoryUsage of job (MB)
	661860  -  ResidentSetSize of job (KB)
...
006 (7191335.001.000) 09/02 20:16:15 Image size of job updated: 829592
	648  -  MemoryUsage of job (MB)
	662796  -  ResidentSetSize of job (KB)
...
006 (7191335.001.000) 09/02 20:21:15 Image size of job updated: 829592
	648  -  MemoryUsage of job (MB)
	663028  -  ResidentSetSize of job (KB)
...
006 (7191335.001.000) 09/02 20:31:16 Image size of job updated: 829592
	649  -  MemoryUsage of job (MB)
	663636  -  ResidentSetSize of job (KB)
...
006 (7191335.001.000) 09/02 20:36:18 Image size of job updated: 829592
	649  -  MemoryUsage of job (MB)
	663724  -  ResidentSetSize of job (KB)
...
006 (7191335.001.000) 09/02 20:41:18 Image size of job updated: 829592
	649  -  MemoryUsage of job (MB)
	664312  -  ResidentSetSize of job (KB)
...
006 (7191335.001.000) 09/02 20:46:19 Image size of job updated: 829592
	650  -  MemoryUsage of job (MB)
	664660  -  ResidentSetSize of job (KB)
...
006 (7191335.001.000) 09/02 20:51:19 Image size of job updated: 829592
	656  -  MemoryUsage of job (MB)
	671296  -  ResidentSetSize of job (KB)
...
006 (7191335.001.000) 09/02 20:56:19 Image size of job updated: 829592
	656  -  MemoryUsage of job (MB)
	671504  -  ResidentSetSize of job (KB)
...
006 (7191335.001.000) 09/02 21:06:20 Image size of job updated: 829592
	658  -  MemoryUsage of job (MB)
	673572  -  ResidentSetSize of job (KB)
...
006 (7191335.001.000) 09/02 22:16:28 Image size of job updated: 829592
	673  -  MemoryUsage of job (MB)
	688752  -  ResidentSetSize of job (KB)
...
006 (7191335.001.000) 09/02 22:21:28 Image size of job updated: 829592
	679  -  MemoryUsage of job (MB)
	695088  -  ResidentSetSize of job (KB)
...
006 (7191335.001.000) 09/02 22:26:29 Image size of job updated: 829592
	689  -  MemoryUsage of job (MB)
	705524  -  ResidentSetSize of job (KB)
...
006 (7191335.001.000) 09/02 22:31:29 Image size of job updated: 829592
	694  -  MemoryUsage of job (MB)
	709704  -  ResidentSetSize of job (KB)
...
006 (7191335.001.000) 09/02 22:36:30 Image size of job updated: 829592
	699  -  MemoryUsage of job (MB)
	715132  -  ResidentSetSize of job (KB)
...
006 (7191335.001.000) 09/02 22:41:30 Image size of job updated: 829592
	706  -  MemoryUsage of job (MB)
	722304  -  ResidentSetSize of job (KB)
...
006 (7191335.001.000) 09/02 22:46:31 Image size of job updated: 829592
	712  -  MemoryUsage of job (MB)
	728348  -  ResidentSetSize of job (KB)
...
006 (7191335.001.000) 09/02 22:51:31 Image size of job updated: 829592
	715  -  MemoryUsage of job (MB)
	731196  -  ResidentSetSize of job (KB)
...
006 (7191335.001.000) 09/02 22:56:32 Image size of job updated: 829592
	719  -  MemoryUsage of job (MB)
	735340  -  ResidentSetSize of job (KB)
...
006 (7191335.001.000) 09/02 23:01:32 Image size of job updated: 829592
	721  -  MemoryUsage of job (MB)
	738232  -  ResidentSetSize of job (KB)
...
006 (7191335.001.000) 09/02 23:06:33 Image size of job updated: 829592
	729  -  MemoryUsage of job (MB)
	746052  -  ResidentSetSize of job (KB)
...
006 (7191335.001.000) 09/02 23:11:33 Image size of job updated: 829592
	735  -  MemoryUsage of job (MB)
	752248  -  ResidentSetSize of job (KB)
...
006 (7191335.001.000) 09/02 23:16:34 Image size of job updated: 829592
	737  -  MemoryUsage of job (MB)
	753960  -  ResidentSetSize of job (KB)
...
006 (7191335.001.000) 09/02 23:21:34 Image size of job updated: 829592
	744  -  MemoryUsage of job (MB)
	761632  -  ResidentSetSize of job (KB)
...
006 (7191335.001.000) 09/02 23:26:35 Image size of job updated: 829592
	749  -  MemoryUsage of job (MB)
	766736  -  ResidentSetSize of job (KB)
...
006 (7191335.001.000) 09/02 23:31:35 Image size of job updated: 829592
	758  -  MemoryUsage of job (MB)
	775608  -  ResidentSetSize of job (KB)
...
006 (7191335.001.000) 09/02 23:36:36 Image size of job updated: 829592
	763  -  MemoryUsage of job (MB)
	780304  -  ResidentSetSize of job (KB)
...
006 (7191335.001.000) 09/02 23:41:36 Image size of job updated: 829592
	764  -  MemoryUsage of job (MB)
	781936  -  ResidentSetSize of job (KB)
...
006 (7191335.001.000) 09/02 23:46:37 Image size of job updated: 829592
	771  -  MemoryUsage of job (MB)
	788760  -  ResidentSetSize of job (KB)
...
006 (7191335.001.000) 09/02 23:51:37 Image size of job updated: 829592
	775  -  MemoryUsage of job (MB)
	792740  -  ResidentSetSize of job (KB)
...
006 (7191335.001.000) 09/02 23:56:38 Image size of job updated: 829592
	780  -  MemoryUsage of job (MB)
	798616  -  ResidentSetSize of job (KB)
...
006 (7191335.001.000) 09/03 00:01:38 Image size of job updated: 829592
	791  -  MemoryUsage of job (MB)
	809656  -  ResidentSetSize of job (KB)
...
006 (7191335.001.000) 09/03 00:06:40 Image size of job updated: 851804
	805  -  MemoryUsage of job (MB)
	823608  -  ResidentSetSize of job (KB)
...
006 (7191335.001.000) 09/03 00:11:40 Image size of job updated: 861320
	836  -  MemoryUsage of job (MB)
	855160  -  ResidentSetSize of job (KB)
...
006 (7191335.001.000) 09/03 00:16:41 Image size of job updated: 868144
	840  -  MemoryUsage of job (MB)
	860144  -  ResidentSetSize of job (KB)
...
006 (7191335.001.000) 09/03 00:21:41 Image size of job updated: 880976
	851  -  MemoryUsage of job (MB)
	870472  -  ResidentSetSize of job (KB)
...
006 (7191335.001.000) 09/03 00:26:41 Image size of job updated: 889864
	856  -  MemoryUsage of job (MB)
	875540  -  ResidentSetSize of job (KB)
...
006 (7191335.001.000) 09/03 00:31:42 Image size of job updated: 925768
	897  -  MemoryUsage of job (MB)
	917876  -  ResidentSetSize of job (KB)
...
006 (7191335.001.000) 09/03 00:36:42 Image size of job updated: 946924
	916  -  MemoryUsage of job (MB)
	937012  -  ResidentSetSize of job (KB)
...
006 (7191335.001.000) 09/03 00:41:43 Image size of job updated: 948764
	926  -  MemoryUsage of job (MB)
	947480  -  ResidentSetSize of job (KB)
...
006 (7191335.001.000) 09/03 00:46:43 Image size of job updated: 956272
	928  -  MemoryUsage of job (MB)
	949392  -  ResidentSetSize of job (KB)
...
006 (7191335.001.000) 09/03 00:51:44 Image size of job updated: 961788
	933  -  MemoryUsage of job (MB)
	954964  -  ResidentSetSize of job (KB)
...
006 (7191335.001.000) 09/03 00:56:44 Image size of job updated: 969668
	941  -  MemoryUsage of job (MB)
	962892  -  ResidentSetSize of job (KB)
...
006 (7191335.001.000) 09/03 01:01:45 Image size of job updated: 974324
	946  -  MemoryUsage of job (MB)
	968024  -  ResidentSetSize of job (KB)
...
006 (7191335.001.000) 09/03 01:06:45 Image size of job updated: 976392
	949  -  MemoryUsage of job (MB)
	971244  -  ResidentSetSize of job (KB)
...
006 (7191335.001.000) 09/03 01:11:46 Image size of job updated: 979136
	952  -  MemoryUsage of job (MB)
	974360  -  ResidentSetSize of job (KB)
...
006 (7191335.001.000) 09/03 01:16:46 Image size of job updated: 984952
	956  -  MemoryUsage of job (MB)
	978108  -  ResidentSetSize of job (KB)
...
006 (7191335.001.000) 09/03 01:21:47 Image size of job updated: 985176
	958  -  MemoryUsage of job (MB)
	980028  -  ResidentSetSize of job (KB)
...
006 (7191335.001.000) 09/03 01:26:47 Image size of job updated: 990524
	963  -  MemoryUsage of job (MB)
	985648  -  ResidentSetSize of job (KB)
...
006 (7191335.001.000) 09/03 01:46:49 Image size of job updated: 3607764
	3524  -  MemoryUsage of job (MB)
	3607764  -  ResidentSetSize of job (KB)
...
006 (7191335.001.000) 09/03 01:50:03 Image size of job updated: 3700816
	3524  -  MemoryUsage of job (MB)
	3607764  -  ResidentSetSize of job (KB)
...
040 (7191335.001.000) 09/03 01:50:03 Started transferring output files
...
040 (7191335.001.000) 09/03 01:50:03 Finished transferring output files
...
005 (7191335.001.000) 09/03 01:50:03 Job terminated.
	(1) Normal termination (return value 50)
		Usr 0 13:42:42, Sys 0 00:01:43  -  Run Remote Usage
		Usr 0 00:00:00, Sys 0 00:00:00  -  Run Local Usage
		Usr 0 13:42:42, Sys 0 00:01:43  -  Total Remote Usage
		Usr 0 00:00:00, Sys 0 00:00:00  -  Total Local Usage
	15992  -  Run Bytes Sent By Job
	2946  -  Run Bytes Received By Job
	15992  -  Total Bytes Sent By Job
	2946  -  Total Bytes Received By Job
	Partitionable Resources :     Usage  Request Allocated 
	   Cpus                 :      0.99        1         1 
	   Disk (KB)            : 848265           3   3088594 
	   Memory (MB)          :   3524        2000      2000 

	Job terminated of its own accord at 2024-09-02T23:50:03Z with exit-code 50.
...
