000 (7191335.004.000) 09/02 11:53:36 Job submitted from host: <137.138.44.55:9618?addrs=137.138.44.55-9618+[2001-1458-d00-1a--48]-9618&alias=bigbird17.cern.ch&noUDP&sock=schedd_23962_8474>
...
040 (7191335.004.000) 09/02 12:00:16 Started transferring input files
	Transferring to host: <128.142.248.81:9618?addrs=128.142.248.81-9618+[2001-1458-301-73--100-141]-9618&alias=b9g23p3234.cern.ch&noUDP&sock=slot1_32_133542_2b70_2782>
...
040 (7191335.004.000) 09/02 12:00:16 Finished transferring input files
...
001 (7191335.004.000) 09/02 12:00:17 Job executing on host: <128.142.248.81:9618?addrs=128.142.248.81-9618+[2001-1458-301-73--100-141]-9618&alias=b9g23p3234.cern.ch&noUDP&sock=startd_2952_67aa>
	SlotName: slot1_32@b9g23p3234.cern.ch
	CondorScratchDir = "/pool/condor/dir_1134921"
	Cpus = 1
	Disk = 3088594
	Memory = 2000
...
006 (7191335.004.000) 09/02 12:00:27 Image size of job updated: 705348
	689  -  MemoryUsage of job (MB)
	705328  -  ResidentSetSize of job (KB)
...
006 (7191335.004.000) 09/02 12:05:27 Image size of job updated: 821236
	693  -  MemoryUsage of job (MB)
	709336  -  ResidentSetSize of job (KB)
...
006 (7191335.004.000) 09/02 22:31:32 Image size of job updated: 821236
	697  -  MemoryUsage of job (MB)
	713192  -  ResidentSetSize of job (KB)
...
006 (7191335.004.000) 09/02 22:36:32 Image size of job updated: 821236
	703  -  MemoryUsage of job (MB)
	719676  -  ResidentSetSize of job (KB)
...
006 (7191335.004.000) 09/02 22:41:33 Image size of job updated: 821236
	708  -  MemoryUsage of job (MB)
	724656  -  ResidentSetSize of job (KB)
...
006 (7191335.004.000) 09/02 22:46:33 Image size of job updated: 821236
	712  -  MemoryUsage of job (MB)
	728140  -  ResidentSetSize of job (KB)
...
006 (7191335.004.000) 09/02 22:51:33 Image size of job updated: 821236
	715  -  MemoryUsage of job (MB)
	732088  -  ResidentSetSize of job (KB)
...
006 (7191335.004.000) 09/02 22:56:34 Image size of job updated: 821236
	720  -  MemoryUsage of job (MB)
	737180  -  ResidentSetSize of job (KB)
...
006 (7191335.004.000) 09/02 23:01:34 Image size of job updated: 821236
	727  -  MemoryUsage of job (MB)
	743872  -  ResidentSetSize of job (KB)
...
006 (7191335.004.000) 09/02 23:06:35 Image size of job updated: 821236
	733  -  MemoryUsage of job (MB)
	749780  -  ResidentSetSize of job (KB)
...
006 (7191335.004.000) 09/02 23:11:35 Image size of job updated: 821236
	737  -  MemoryUsage of job (MB)
	754480  -  ResidentSetSize of job (KB)
...
006 (7191335.004.000) 09/02 23:16:36 Image size of job updated: 821236
	744  -  MemoryUsage of job (MB)
	761440  -  ResidentSetSize of job (KB)
...
006 (7191335.004.000) 09/02 23:21:36 Image size of job updated: 821236
	747  -  MemoryUsage of job (MB)
	764288  -  ResidentSetSize of job (KB)
...
006 (7191335.004.000) 09/02 23:26:37 Image size of job updated: 821236
	755  -  MemoryUsage of job (MB)
	772320  -  ResidentSetSize of job (KB)
...
006 (7191335.004.000) 09/02 23:31:37 Image size of job updated: 821236
	756  -  MemoryUsage of job (MB)
	773800  -  ResidentSetSize of job (KB)
...
006 (7191335.004.000) 09/02 23:41:38 Image size of job updated: 821236
	769  -  MemoryUsage of job (MB)
	786644  -  ResidentSetSize of job (KB)
...
006 (7191335.004.000) 09/02 23:46:39 Image size of job updated: 821236
	775  -  MemoryUsage of job (MB)
	792592  -  ResidentSetSize of job (KB)
...
006 (7191335.004.000) 09/02 23:51:39 Image size of job updated: 821236
	776  -  MemoryUsage of job (MB)
	793624  -  ResidentSetSize of job (KB)
...
006 (7191335.004.000) 09/02 23:56:41 Image size of job updated: 827336
	803  -  MemoryUsage of job (MB)
	821284  -  ResidentSetSize of job (KB)
...
006 (7191335.004.000) 09/03 00:01:41 Image size of job updated: 853476
	824  -  MemoryUsage of job (MB)
	842864  -  ResidentSetSize of job (KB)
...
006 (7191335.004.000) 09/03 00:06:42 Image size of job updated: 860580
	834  -  MemoryUsage of job (MB)
	853720  -  ResidentSetSize of job (KB)
...
006 (7191335.004.000) 09/03 00:11:42 Image size of job updated: 868352
	837  -  MemoryUsage of job (MB)
	856816  -  ResidentSetSize of job (KB)
...
006 (7191335.004.000) 09/03 00:16:42 Image size of job updated: 880264
	852  -  MemoryUsage of job (MB)
	871464  -  ResidentSetSize of job (KB)
...
006 (7191335.004.000) 09/03 00:21:43 Image size of job updated: 908280
	883  -  MemoryUsage of job (MB)
	903792  -  ResidentSetSize of job (KB)
...
006 (7191335.004.000) 09/03 00:26:43 Image size of job updated: 939388
	902  -  MemoryUsage of job (MB)
	923116  -  ResidentSetSize of job (KB)
...
006 (7191335.004.000) 09/03 00:31:44 Image size of job updated: 943664
	909  -  MemoryUsage of job (MB)
	930152  -  ResidentSetSize of job (KB)
...
006 (7191335.004.000) 09/03 00:36:44 Image size of job updated: 945104
	919  -  MemoryUsage of job (MB)
	940260  -  ResidentSetSize of job (KB)
...
006 (7191335.004.000) 09/03 00:41:45 Image size of job updated: 955124
	922  -  MemoryUsage of job (MB)
	943796  -  ResidentSetSize of job (KB)
...
006 (7191335.004.000) 09/03 00:46:45 Image size of job updated: 961884
	933  -  MemoryUsage of job (MB)
	955064  -  ResidentSetSize of job (KB)
...
006 (7191335.004.000) 09/03 00:51:47 Image size of job updated: 964008
	933  -  MemoryUsage of job (MB)
	955064  -  ResidentSetSize of job (KB)
...
006 (7191335.004.000) 09/03 00:56:47 Image size of job updated: 968696
	942  -  MemoryUsage of job (MB)
	963600  -  ResidentSetSize of job (KB)
...
006 (7191335.004.000) 09/03 01:01:47 Image size of job updated: 972140
	945  -  MemoryUsage of job (MB)
	967128  -  ResidentSetSize of job (KB)
...
006 (7191335.004.000) 09/03 01:06:48 Image size of job updated: 977164
	948  -  MemoryUsage of job (MB)
	970248  -  ResidentSetSize of job (KB)
...
006 (7191335.004.000) 09/03 01:11:48 Image size of job updated: 978956
	953  -  MemoryUsage of job (MB)
	975276  -  ResidentSetSize of job (KB)
...
006 (7191335.004.000) 09/03 01:16:49 Image size of job updated: 985080
	955  -  MemoryUsage of job (MB)
	977748  -  ResidentSetSize of job (KB)
...
006 (7191335.004.000) 09/03 01:21:49 Image size of job updated: 989156
	959  -  MemoryUsage of job (MB)
	981892  -  ResidentSetSize of job (KB)
...
006 (7191335.004.000) 09/03 01:26:50 Image size of job updated: 992720
	963  -  MemoryUsage of job (MB)
	985384  -  ResidentSetSize of job (KB)
...
006 (7191335.004.000) 09/03 01:31:50 Image size of job updated: 1009644
	980  -  MemoryUsage of job (MB)
	1002572  -  ResidentSetSize of job (KB)
...
006 (7191335.004.000) 09/03 01:36:51 Image size of job updated: 3618428
	3534  -  MemoryUsage of job (MB)
	3618424  -  ResidentSetSize of job (KB)
...
006 (7191335.004.000) 09/03 01:41:21 Image size of job updated: 3740052
	3534  -  MemoryUsage of job (MB)
	3618680  -  ResidentSetSize of job (KB)
...
040 (7191335.004.000) 09/03 01:41:21 Started transferring output files
...
040 (7191335.004.000) 09/03 01:41:21 Finished transferring output files
...
005 (7191335.004.000) 09/03 01:41:21 Job terminated.
	(1) Normal termination (return value 50)
		Usr 0 13:34:05, Sys 0 00:01:44  -  Run Remote Usage
		Usr 0 00:00:00, Sys 0 00:00:00  -  Run Local Usage
		Usr 0 13:34:05, Sys 0 00:01:44  -  Total Remote Usage
		Usr 0 00:00:00, Sys 0 00:00:00  -  Total Local Usage
	15992  -  Run Bytes Sent By Job
	2946  -  Run Bytes Received By Job
	15992  -  Total Bytes Sent By Job
	2946  -  Total Bytes Received By Job
	Partitionable Resources :     Usage  Request Allocated 
	   Cpus                 :      0.87        1         1 
	   Disk (KB)            : 841922           3   3088594 
	   Memory (MB)          :   3534        2000      2000 

	Job terminated of its own accord at 2024-09-02T23:41:21Z with exit-code 50.
...
