000 (7191335.006.000) 09/02 11:53:36 Job submitted from host: <137.138.44.55:9618?addrs=137.138.44.55-9618+[2001-1458-d00-1a--48]-9618&alias=bigbird17.cern.ch&noUDP&sock=schedd_23962_8474>
...
040 (7191335.006.000) 09/02 12:00:16 Started transferring input files
	Transferring to host: <128.142.248.81:9618?addrs=128.142.248.81-9618+[2001-1458-301-73--100-141]-9618&alias=b9g23p3234.cern.ch&noUDP&sock=slot1_36_133542_2b70_2784>
...
040 (7191335.006.000) 09/02 12:00:16 Finished transferring input files
...
001 (7191335.006.000) 09/02 12:00:17 Job executing on host: <128.142.248.81:9618?addrs=128.142.248.81-9618+[2001-1458-301-73--100-141]-9618&alias=b9g23p3234.cern.ch&noUDP&sock=startd_2952_67aa>
	SlotName: slot1_36@b9g23p3234.cern.ch
	CondorScratchDir = "/pool/condor/dir_1134923"
	Cpus = 1
	Disk = 3088594
	Memory = 2000
...
006 (7191335.006.000) 09/02 12:00:27 Image size of job updated: 653188
	638  -  MemoryUsage of job (MB)
	652940  -  ResidentSetSize of job (KB)
...
006 (7191335.006.000) 09/02 12:05:27 Image size of job updated: 819904
	642  -  MemoryUsage of job (MB)
	657208  -  ResidentSetSize of job (KB)
...
006 (7191335.006.000) 09/02 20:31:19 Image size of job updated: 819904
	643  -  MemoryUsage of job (MB)
	658032  -  ResidentSetSize of job (KB)
...
006 (7191335.006.000) 09/02 20:36:19 Image size of job updated: 819904
	643  -  MemoryUsage of job (MB)
	658344  -  ResidentSetSize of job (KB)
...
006 (7191335.006.000) 09/02 20:41:20 Image size of job updated: 819904
	650  -  MemoryUsage of job (MB)
	665124  -  ResidentSetSize of job (KB)
...
006 (7191335.006.000) 09/02 22:01:28 Image size of job updated: 819904
	654  -  MemoryUsage of job (MB)
	669696  -  ResidentSetSize of job (KB)
...
006 (7191335.006.000) 09/02 22:06:29 Image size of job updated: 819904
	665  -  MemoryUsage of job (MB)
	680580  -  ResidentSetSize of job (KB)
...
006 (7191335.006.000) 09/02 22:11:29 Image size of job updated: 819904
	675  -  MemoryUsage of job (MB)
	690276  -  ResidentSetSize of job (KB)
...
006 (7191335.006.000) 09/02 22:16:30 Image size of job updated: 819904
	679  -  MemoryUsage of job (MB)
	695020  -  ResidentSetSize of job (KB)
...
006 (7191335.006.000) 09/02 22:21:30 Image size of job updated: 819904
	684  -  MemoryUsage of job (MB)
	700240  -  ResidentSetSize of job (KB)
...
006 (7191335.006.000) 09/02 22:26:31 Image size of job updated: 819904
	690  -  MemoryUsage of job (MB)
	705668  -  ResidentSetSize of job (KB)
...
006 (7191335.006.000) 09/02 22:31:31 Image size of job updated: 819904
	697  -  MemoryUsage of job (MB)
	713472  -  ResidentSetSize of job (KB)
...
006 (7191335.006.000) 09/02 22:36:31 Image size of job updated: 819904
	700  -  MemoryUsage of job (MB)
	715984  -  ResidentSetSize of job (KB)
...
006 (7191335.006.000) 09/02 22:41:32 Image size of job updated: 819904
	704  -  MemoryUsage of job (MB)
	720572  -  ResidentSetSize of job (KB)
...
006 (7191335.006.000) 09/02 22:46:32 Image size of job updated: 819904
	708  -  MemoryUsage of job (MB)
	724716  -  ResidentSetSize of job (KB)
...
006 (7191335.006.000) 09/02 22:51:33 Image size of job updated: 819904
	714  -  MemoryUsage of job (MB)
	730404  -  ResidentSetSize of job (KB)
...
006 (7191335.006.000) 09/02 22:56:33 Image size of job updated: 819904
	722  -  MemoryUsage of job (MB)
	738844  -  ResidentSetSize of job (KB)
...
006 (7191335.006.000) 09/02 23:01:34 Image size of job updated: 819904
	725  -  MemoryUsage of job (MB)
	742352  -  ResidentSetSize of job (KB)
...
006 (7191335.006.000) 09/02 23:06:34 Image size of job updated: 819904
	731  -  MemoryUsage of job (MB)
	747700  -  ResidentSetSize of job (KB)
...
006 (7191335.006.000) 09/02 23:11:35 Image size of job updated: 819904
	737  -  MemoryUsage of job (MB)
	754376  -  ResidentSetSize of job (KB)
...
006 (7191335.006.000) 09/02 23:16:35 Image size of job updated: 819904
	741  -  MemoryUsage of job (MB)
	758696  -  ResidentSetSize of job (KB)
...
006 (7191335.006.000) 09/02 23:21:36 Image size of job updated: 819904
	749  -  MemoryUsage of job (MB)
	766224  -  ResidentSetSize of job (KB)
...
006 (7191335.006.000) 09/02 23:26:36 Image size of job updated: 819904
	752  -  MemoryUsage of job (MB)
	769176  -  ResidentSetSize of job (KB)
...
006 (7191335.006.000) 09/02 23:31:37 Image size of job updated: 819904
	754  -  MemoryUsage of job (MB)
	771916  -  ResidentSetSize of job (KB)
...
006 (7191335.006.000) 09/02 23:36:37 Image size of job updated: 819904
	762  -  MemoryUsage of job (MB)
	779420  -  ResidentSetSize of job (KB)
...
006 (7191335.006.000) 09/02 23:41:38 Image size of job updated: 819904
	769  -  MemoryUsage of job (MB)
	786880  -  ResidentSetSize of job (KB)
...
006 (7191335.006.000) 09/02 23:46:38 Image size of job updated: 819904
	774  -  MemoryUsage of job (MB)
	791628  -  ResidentSetSize of job (KB)
...
006 (7191335.006.000) 09/02 23:51:39 Image size of job updated: 833600
	807  -  MemoryUsage of job (MB)
	826244  -  ResidentSetSize of job (KB)
...
006 (7191335.006.000) 09/02 23:56:39 Image size of job updated: 846296
	819  -  MemoryUsage of job (MB)
	837880  -  ResidentSetSize of job (KB)
...
006 (7191335.006.000) 09/03 00:01:40 Image size of job updated: 852464
	825  -  MemoryUsage of job (MB)
	844716  -  ResidentSetSize of job (KB)
...
006 (7191335.006.000) 09/03 00:06:40 Image size of job updated: 866728
	833  -  MemoryUsage of job (MB)
	852476  -  ResidentSetSize of job (KB)
...
006 (7191335.006.000) 09/03 00:11:41 Image size of job updated: 873452
	844  -  MemoryUsage of job (MB)
	863836  -  ResidentSetSize of job (KB)
...
006 (7191335.006.000) 09/03 00:16:41 Image size of job updated: 911388
	891  -  MemoryUsage of job (MB)
	911388  -  ResidentSetSize of job (KB)
...
006 (7191335.006.000) 09/03 00:21:42 Image size of job updated: 935612
	893  -  MemoryUsage of job (MB)
	913828  -  ResidentSetSize of job (KB)
...
006 (7191335.006.000) 09/03 00:26:42 Image size of job updated: 935612
	904  -  MemoryUsage of job (MB)
	925480  -  ResidentSetSize of job (KB)
...
006 (7191335.006.000) 09/03 00:31:43 Image size of job updated: 940536
	908  -  MemoryUsage of job (MB)
	929240  -  ResidentSetSize of job (KB)
...
006 (7191335.006.000) 09/03 00:36:43 Image size of job updated: 947712
	917  -  MemoryUsage of job (MB)
	938068  -  ResidentSetSize of job (KB)
...
006 (7191335.006.000) 09/03 00:41:44 Image size of job updated: 955456
	926  -  MemoryUsage of job (MB)
	947204  -  ResidentSetSize of job (KB)
...
006 (7191335.006.000) 09/03 00:46:44 Image size of job updated: 959864
	927  -  MemoryUsage of job (MB)
	948952  -  ResidentSetSize of job (KB)
...
006 (7191335.006.000) 09/03 00:51:44 Image size of job updated: 961076
	931  -  MemoryUsage of job (MB)
	952568  -  ResidentSetSize of job (KB)
...
006 (7191335.006.000) 09/03 00:56:45 Image size of job updated: 965068
	937  -  MemoryUsage of job (MB)
	958752  -  ResidentSetSize of job (KB)
...
006 (7191335.006.000) 09/03 01:01:45 Image size of job updated: 969192
	941  -  MemoryUsage of job (MB)
	962656  -  ResidentSetSize of job (KB)
...
006 (7191335.006.000) 09/03 01:06:46 Image size of job updated: 971104
	945  -  MemoryUsage of job (MB)
	967448  -  ResidentSetSize of job (KB)
...
006 (7191335.006.000) 09/03 01:11:46 Image size of job updated: 976444
	948  -  MemoryUsage of job (MB)
	970196  -  ResidentSetSize of job (KB)
...
006 (7191335.006.000) 09/03 01:16:47 Image size of job updated: 981576
	952  -  MemoryUsage of job (MB)
	973832  -  ResidentSetSize of job (KB)
...
006 (7191335.006.000) 09/03 01:21:47 Image size of job updated: 984872
	955  -  MemoryUsage of job (MB)
	977600  -  ResidentSetSize of job (KB)
...
006 (7191335.006.000) 09/03 01:26:48 Image size of job updated: 1002176
	978  -  MemoryUsage of job (MB)
	1000764  -  ResidentSetSize of job (KB)
...
006 (7191335.006.000) 09/03 01:31:48 Image size of job updated: 3610200
	3525  -  MemoryUsage of job (MB)
	3609100  -  ResidentSetSize of job (KB)
...
006 (7191335.006.000) 09/03 01:36:11 Image size of job updated: 3732800
	3525  -  MemoryUsage of job (MB)
	3609352  -  ResidentSetSize of job (KB)
...
040 (7191335.006.000) 09/03 01:36:12 Started transferring output files
...
040 (7191335.006.000) 09/03 01:36:12 Finished transferring output files
...
005 (7191335.006.000) 09/03 01:36:12 Job terminated.
	(1) Normal termination (return value 50)
		Usr 0 13:28:57, Sys 0 00:01:46  -  Run Remote Usage
		Usr 0 00:00:00, Sys 0 00:00:00  -  Run Local Usage
		Usr 0 13:28:57, Sys 0 00:01:46  -  Total Remote Usage
		Usr 0 00:00:00, Sys 0 00:00:00  -  Total Local Usage
	15994  -  Run Bytes Sent By Job
	2946  -  Run Bytes Received By Job
	15994  -  Total Bytes Sent By Job
	2946  -  Total Bytes Received By Job
	Partitionable Resources :     Usage  Request Allocated 
	   Cpus                 :      0.99        1         1 
	   Disk (KB)            : 840853           3   3088594 
	   Memory (MB)          :   3525        2000      2000 

	Job terminated of its own accord at 2024-09-02T23:36:11Z with exit-code 50.
...
