000 (7186290.003.000) 08/22 15:33:25 Job submitted from host: <137.138.44.55:9618?addrs=137.138.44.55-9618+[2001-1458-d00-1a--48]-9618&alias=bigbird17.cern.ch&noUDP&sock=schedd_23962_8474>
...
040 (7186290.003.000) 08/23 18:31:29 Started transferring input files
	Transferring to host: <128.142.248.81:9618?addrs=128.142.248.81-9618+[2001-1458-301-73--100-141]-9618&alias=b9g23p3234.cern.ch&noUDP&sock=slot1_42_3493222_a91c_6318>
...
040 (7186290.003.000) 08/23 18:31:29 Finished transferring input files
...
001 (7186290.003.000) 08/23 18:31:30 Job executing on host: <128.142.248.81:9618?addrs=128.142.248.81-9618+[2001-1458-301-73--100-141]-9618&alias=b9g23p3234.cern.ch&noUDP&sock=startd_5923_4389>
	SlotName: slot1_42@b9g23p3234.cern.ch
	CondorScratchDir = "/pool/condor/dir_2272338"
	Cpus = 1
	Disk = 3115264
	Memory = 2000
...
006 (7186290.003.000) 08/23 18:31:39 Image size of job updated: 494412
	286  -  MemoryUsage of job (MB)
	292020  -  ResidentSetSize of job (KB)
...
006 (7186290.003.000) 08/23 18:36:39 Image size of job updated: 3848092
	3632  -  MemoryUsage of job (MB)
	3719008  -  ResidentSetSize of job (KB)
...
040 (7186290.003.000) 08/23 18:44:31 Started transferring output files
...
040 (7186290.003.000) 08/23 18:44:31 Finished transferring output files
...
005 (7186290.003.000) 08/23 18:44:31 Job terminated.
	(1) Normal termination (return value 50)
		Usr 0 00:12:06, Sys 0 00:00:26  -  Run Remote Usage
		Usr 0 00:00:00, Sys 0 00:00:00  -  Run Local Usage
		Usr 0 00:12:06, Sys 0 00:00:26  -  Total Remote Usage
		Usr 0 00:00:00, Sys 0 00:00:00  -  Total Local Usage
	15872  -  Run Bytes Sent By Job
	2766  -  Run Bytes Received By Job
	15872  -  Total Bytes Sent By Job
	2766  -  Total Bytes Received By Job
	Partitionable Resources :     Usage  Request Allocated 
	   Cpus                 :      0.99        1         1 
	   Disk (KB)            : 479607           3   3115264 
	   Memory (MB)          :   3632        2000      2000 

	Job terminated of its own accord at 2024-08-23T16:44:31Z with exit-code 50.
...
