000 (7186290.000.000) 08/22 15:33:25 Job submitted from host: <137.138.44.55:9618?addrs=137.138.44.55-9618+[2001-1458-d00-1a--48]-9618&alias=bigbird17.cern.ch&noUDP&sock=schedd_23962_8474>
...
040 (7186290.000.000) 08/22 20:14:37 Started transferring input files
	Transferring to host: <128.142.248.214:9618?addrs=128.142.248.214-9618+[2001-1458-301-73--100-d5]-9618&alias=b9g23p2447.cern.ch&noUDP&sock=slot1_48_2572410_4e57_17848>
...
040 (7186290.000.000) 08/22 20:14:37 Finished transferring input files
...
001 (7186290.000.000) 08/22 20:14:38 Job executing on host: <128.142.248.214:9618?addrs=128.142.248.214-9618+[2001-1458-301-73--100-d5]-9618&alias=b9g23p2447.cern.ch&noUDP&sock=startd_3197_745e>
	SlotName: slot1_48@b9g23p2447.cern.ch
	CondorScratchDir = "/pool/condor/dir_2492922"
	Cpus = 1
	Disk = 2957879
	Memory = 2000
...
006 (7186290.000.000) 08/22 20:14:48 Image size of job updated: 426432
	417  -  MemoryUsage of job (MB)
	426372  -  ResidentSetSize of job (KB)
...
006 (7186290.000.000) 08/22 20:19:49 Image size of job updated: 3370924
	3292  -  MemoryUsage of job (MB)
	3370920  -  ResidentSetSize of job (KB)
...
006 (7186290.000.000) 08/22 20:24:49 Image size of job updated: 3567976
	3485  -  MemoryUsage of job (MB)
	3567976  -  ResidentSetSize of job (KB)
...
006 (7186290.000.000) 08/22 20:28:37 Image size of job updated: 3705372
	3485  -  MemoryUsage of job (MB)
	3567976  -  ResidentSetSize of job (KB)
...
040 (7186290.000.000) 08/22 20:28:38 Started transferring output files
...
040 (7186290.000.000) 08/22 20:28:38 Finished transferring output files
...
005 (7186290.000.000) 08/22 20:28:38 Job terminated.
	(1) Normal termination (return value 50)
		Usr 0 00:11:40, Sys 0 00:00:20  -  Run Remote Usage
		Usr 0 00:00:00, Sys 0 00:00:00  -  Run Local Usage
		Usr 0 00:11:40, Sys 0 00:00:20  -  Total Remote Usage
		Usr 0 00:00:00, Sys 0 00:00:00  -  Total Local Usage
	15874  -  Run Bytes Sent By Job
	2766  -  Run Bytes Received By Job
	15874  -  Total Bytes Sent By Job
	2766  -  Total Bytes Received By Job
	Partitionable Resources :     Usage  Request Allocated 
	   Cpus                 :      0.90        1         1 
	   Disk (KB)            : 479608           3   2957879 
	   Memory (MB)          :   3485        2000      2000 

	Job terminated of its own accord at 2024-08-22T18:28:37Z with exit-code 50.
...
