000 (7216731.001.000) 09/18 03:14:59 Job submitted from host: <137.138.44.55:9618?addrs=137.138.44.55-9618+[2001-1458-d00-1a--48]-9618&alias=bigbird17.cern.ch&noUDP&sock=schedd_1981_6134>
...
040 (7216731.001.000) 09/18 11:40:17 Started transferring input files
	Transferring to host: <128.142.248.123:9618?addrs=128.142.248.123-9618+[2001-1458-301-73--100-16b]-9618&alias=b9g23p2657.cern.ch&noUDP&sock=slot1_52_443391_d207_19190>
...
040 (7216731.001.000) 09/18 11:40:17 Finished transferring input files
...
001 (7216731.001.000) 09/18 11:40:18 Job executing on host: <128.142.248.123:9618?addrs=128.142.248.123-9618+[2001-1458-301-73--100-16b]-9618&alias=b9g23p2657.cern.ch&noUDP&sock=startd_7091_6a27>
	SlotName: slot1_52@b9g23p2657.cern.ch
	CondorScratchDir = "/pool/condor/dir_895826"
	Cpus = 1
	Disk = 3068009
	Memory = 2000
...
006 (7216731.001.000) 09/18 11:40:27 Image size of job updated: 593220
	580  -  MemoryUsage of job (MB)
	593020  -  ResidentSetSize of job (KB)
...
006 (7216731.001.000) 09/18 11:45:28 Image size of job updated: 1778396
	1494  -  MemoryUsage of job (MB)
	1529852  -  ResidentSetSize of job (KB)
...
006 (7216731.001.000) 09/18 11:50:28 Image size of job updated: 1778396
	1578  -  MemoryUsage of job (MB)
	1615256  -  ResidentSetSize of job (KB)
...
006 (7216731.001.000) 09/18 11:55:29 Image size of job updated: 1778396
	1598  -  MemoryUsage of job (MB)
	1635528  -  ResidentSetSize of job (KB)
...
006 (7216731.001.000) 09/18 12:00:30 Image size of job updated: 1778396
	1628  -  MemoryUsage of job (MB)
	1666928  -  ResidentSetSize of job (KB)
...
006 (7216731.001.000) 09/18 12:05:31 Image size of job updated: 1778396
	1648  -  MemoryUsage of job (MB)
	1687208  -  ResidentSetSize of job (KB)
...
006 (7216731.001.000) 09/18 12:10:32 Image size of job updated: 1778396
	1670  -  MemoryUsage of job (MB)
	1709088  -  ResidentSetSize of job (KB)
...
006 (7216731.001.000) 09/18 12:15:33 Image size of job updated: 1778396
	1690  -  MemoryUsage of job (MB)
	1730124  -  ResidentSetSize of job (KB)
...
006 (7216731.001.000) 09/18 12:20:33 Image size of job updated: 1778396
	1710  -  MemoryUsage of job (MB)
	1750796  -  ResidentSetSize of job (KB)
...
006 (7216731.001.000) 09/18 12:25:34 Image size of job updated: 1806340
	1754  -  MemoryUsage of job (MB)
	1795988  -  ResidentSetSize of job (KB)
...
006 (7216731.001.000) 09/18 12:30:35 Image size of job updated: 1840248
	1785  -  MemoryUsage of job (MB)
	1827156  -  ResidentSetSize of job (KB)
...
006 (7216731.001.000) 09/18 12:35:36 Image size of job updated: 1865764
	1815  -  MemoryUsage of job (MB)
	1858332  -  ResidentSetSize of job (KB)
...
006 (7216731.001.000) 09/18 12:40:36 Image size of job updated: 1880008
	1831  -  MemoryUsage of job (MB)
	1874248  -  ResidentSetSize of job (KB)
...
006 (7216731.001.000) 09/18 12:45:36 Image size of job updated: 1907532
	1858  -  MemoryUsage of job (MB)
	1902288  -  ResidentSetSize of job (KB)
...
006 (7216731.001.000) 09/18 12:50:36 Image size of job updated: 1942376
	1888  -  MemoryUsage of job (MB)
	1932932  -  ResidentSetSize of job (KB)
...
006 (7216731.001.000) 09/18 12:55:36 Image size of job updated: 1975272
	1921  -  MemoryUsage of job (MB)
	1966648  -  ResidentSetSize of job (KB)
...
006 (7216731.001.000) 09/18 13:00:36 Image size of job updated: 2029380
	1966  -  MemoryUsage of job (MB)
	2012516  -  ResidentSetSize of job (KB)
...
006 (7216731.001.000) 09/18 13:05:36 Image size of job updated: 2070480
	2015  -  MemoryUsage of job (MB)
	2062940  -  ResidentSetSize of job (KB)
...
006 (7216731.001.000) 09/18 13:10:36 Image size of job updated: 2084232
	2025  -  MemoryUsage of job (MB)
	2073400  -  ResidentSetSize of job (KB)
...
006 (7216731.001.000) 09/18 13:15:36 Image size of job updated: 2105968
	2052  -  MemoryUsage of job (MB)
	2100348  -  ResidentSetSize of job (KB)
...
006 (7216731.001.000) 09/18 13:20:37 Image size of job updated: 2120640
	2068  -  MemoryUsage of job (MB)
	2116672  -  ResidentSetSize of job (KB)
...
006 (7216731.001.000) 09/18 13:25:38 Image size of job updated: 2154292
	2097  -  MemoryUsage of job (MB)
	2146448  -  ResidentSetSize of job (KB)
...
006 (7216731.001.000) 09/18 13:30:39 Image size of job updated: 2175944
	2115  -  MemoryUsage of job (MB)
	2165568  -  ResidentSetSize of job (KB)
...
006 (7216731.001.000) 09/18 13:35:40 Image size of job updated: 2207976
	2149  -  MemoryUsage of job (MB)
	2199724  -  ResidentSetSize of job (KB)
...
006 (7216731.001.000) 09/18 13:40:40 Image size of job updated: 2228560
	2167  -  MemoryUsage of job (MB)
	2218540  -  ResidentSetSize of job (KB)
...
006 (7216731.001.000) 09/18 13:45:41 Image size of job updated: 2253376
	2194  -  MemoryUsage of job (MB)
	2245820  -  ResidentSetSize of job (KB)
...
006 (7216731.001.000) 09/18 13:50:42 Image size of job updated: 2288796
	2227  -  MemoryUsage of job (MB)
	2279932  -  ResidentSetSize of job (KB)
...
006 (7216731.001.000) 09/18 13:55:43 Image size of job updated: 2322792
	2262  -  MemoryUsage of job (MB)
	2316200  -  ResidentSetSize of job (KB)
...
006 (7216731.001.000) 09/18 14:00:44 Image size of job updated: 2348124
	2286  -  MemoryUsage of job (MB)
	2340572  -  ResidentSetSize of job (KB)
...
006 (7216731.001.000) 09/18 14:05:45 Image size of job updated: 2382084
	2316  -  MemoryUsage of job (MB)
	2370624  -  ResidentSetSize of job (KB)
...
006 (7216731.001.000) 09/18 14:10:45 Image size of job updated: 2471004
	2410  -  MemoryUsage of job (MB)
	2466896  -  ResidentSetSize of job (KB)
...
006 (7216731.001.000) 09/18 14:15:45 Image size of job updated: 2490620
	2424  -  MemoryUsage of job (MB)
	2481592  -  ResidentSetSize of job (KB)
...
006 (7216731.001.000) 09/18 14:20:45 Image size of job updated: 2581920
	2502  -  MemoryUsage of job (MB)
	2561764  -  ResidentSetSize of job (KB)
...
006 (7216731.001.000) 09/18 14:25:45 Image size of job updated: 2670220
	2605  -  MemoryUsage of job (MB)
	2666640  -  ResidentSetSize of job (KB)
...
006 (7216731.001.000) 09/18 14:30:45 Image size of job updated: 2723288
	2651  -  MemoryUsage of job (MB)
	2713940  -  ResidentSetSize of job (KB)
...
006 (7216731.001.000) 09/18 14:35:45 Image size of job updated: 2760520
	2688  -  MemoryUsage of job (MB)
	2752128  -  ResidentSetSize of job (KB)
...
006 (7216731.001.000) 09/18 14:40:45 Image size of job updated: 2807080
	2734  -  MemoryUsage of job (MB)
	2799060  -  ResidentSetSize of job (KB)
...
006 (7216731.001.000) 09/18 14:45:45 Image size of job updated: 2843004
	2769  -  MemoryUsage of job (MB)
	2834504  -  ResidentSetSize of job (KB)
...
006 (7216731.001.000) 09/18 14:50:45 Image size of job updated: 2879732
	2783  -  MemoryUsage of job (MB)
	2849212  -  ResidentSetSize of job (KB)
...
006 (7216731.001.000) 09/18 14:55:46 Image size of job updated: 2881056
	2804  -  MemoryUsage of job (MB)
	2871136  -  ResidentSetSize of job (KB)
...
006 (7216731.001.000) 09/18 15:00:47 Image size of job updated: 2904384
	2804  -  MemoryUsage of job (MB)
	2871136  -  ResidentSetSize of job (KB)
...
006 (7216731.001.000) 09/18 15:10:49 Image size of job updated: 2908424
	2830  -  MemoryUsage of job (MB)
	2897308  -  ResidentSetSize of job (KB)
...
006 (7216731.001.000) 09/18 15:15:50 Image size of job updated: 2983064
	2903  -  MemoryUsage of job (MB)
	2971800  -  ResidentSetSize of job (KB)
...
006 (7216731.001.000) 09/18 15:20:51 Image size of job updated: 3048512
	2972  -  MemoryUsage of job (MB)
	3042468  -  ResidentSetSize of job (KB)
...
006 (7216731.001.000) 09/18 15:25:52 Image size of job updated: 3075780
	2999  -  MemoryUsage of job (MB)
	3070668  -  ResidentSetSize of job (KB)
...
006 (7216731.001.000) 09/18 15:30:53 Image size of job updated: 3124948
	3045  -  MemoryUsage of job (MB)
	3117456  -  ResidentSetSize of job (KB)
...
006 (7216731.001.000) 09/18 15:35:54 Image size of job updated: 3139324
	3051  -  MemoryUsage of job (MB)
	3124092  -  ResidentSetSize of job (KB)
...
006 (7216731.001.000) 09/18 15:40:55 Image size of job updated: 3143416
	3052  -  MemoryUsage of job (MB)
	3125012  -  ResidentSetSize of job (KB)
...
006 (7216731.001.000) 09/18 15:50:56 Image size of job updated: 3146256
	3065  -  MemoryUsage of job (MB)
	3137928  -  ResidentSetSize of job (KB)
...
006 (7216731.001.000) 09/18 15:55:57 Image size of job updated: 3161764
	3082  -  MemoryUsage of job (MB)
	3155460  -  ResidentSetSize of job (KB)
...
006 (7216731.001.000) 09/18 16:00:58 Image size of job updated: 3188564
	3107  -  MemoryUsage of job (MB)
	3181408  -  ResidentSetSize of job (KB)
...
006 (7216731.001.000) 09/18 16:05:59 Image size of job updated: 3214924
	3134  -  MemoryUsage of job (MB)
	3208908  -  ResidentSetSize of job (KB)
...
006 (7216731.001.000) 09/18 16:10:59 Image size of job updated: 3273892
	3158  -  MemoryUsage of job (MB)
	3233028  -  ResidentSetSize of job (KB)
...
006 (7216731.001.000) 09/18 16:15:59 Image size of job updated: 3305652
	3210  -  MemoryUsage of job (MB)
	3286500  -  ResidentSetSize of job (KB)
...
006 (7216731.001.000) 09/18 16:20:59 Image size of job updated: 3305652
	3220  -  MemoryUsage of job (MB)
	3297004  -  ResidentSetSize of job (KB)
...
006 (7216731.001.000) 09/18 16:25:59 Image size of job updated: 3316548
	3237  -  MemoryUsage of job (MB)
	3314280  -  ResidentSetSize of job (KB)
...
006 (7216731.001.000) 09/18 16:30:59 Image size of job updated: 3328876
	3237  -  MemoryUsage of job (MB)
	3314280  -  ResidentSetSize of job (KB)
...
006 (7216731.001.000) 09/18 16:35:59 Image size of job updated: 3348160
	3264  -  MemoryUsage of job (MB)
	3341472  -  ResidentSetSize of job (KB)
...
006 (7216731.001.000) 09/18 16:40:59 Image size of job updated: 3426280
	3341  -  MemoryUsage of job (MB)
	3420344  -  ResidentSetSize of job (KB)
...
006 (7216731.001.000) 09/18 16:45:59 Image size of job updated: 3535512
	3445  -  MemoryUsage of job (MB)
	3527368  -  ResidentSetSize of job (KB)
...
006 (7216731.001.000) 09/18 16:50:59 Image size of job updated: 3608992
	3520  -  MemoryUsage of job (MB)
	3603508  -  ResidentSetSize of job (KB)
...
006 (7216731.001.000) 09/18 16:55:59 Image size of job updated: 3746432
	3650  -  MemoryUsage of job (MB)
	3736852  -  ResidentSetSize of job (KB)
...
006 (7216731.001.000) 09/18 17:00:59 Image size of job updated: 3926312
	3826  -  MemoryUsage of job (MB)
	3917316  -  ResidentSetSize of job (KB)
...
006 (7216731.001.000) 09/18 17:05:59 Image size of job updated: 4248808
	4150  -  MemoryUsage of job (MB)
	4248808  -  ResidentSetSize of job (KB)
...
006 (7216731.001.000) 09/18 17:10:59 Image size of job updated: 4596756
	4366  -  MemoryUsage of job (MB)
	4470536  -  ResidentSetSize of job (KB)
...
006 (7216731.001.000) 09/18 17:15:59 Image size of job updated: 4596756
	4403  -  MemoryUsage of job (MB)
	4508376  -  ResidentSetSize of job (KB)
...
006 (7216731.001.000) 09/18 17:20:59 Image size of job updated: 4596756
	4447  -  MemoryUsage of job (MB)
	4553384  -  ResidentSetSize of job (KB)
...
006 (7216731.001.000) 09/18 17:25:59 Image size of job updated: 4596756
	4471  -  MemoryUsage of job (MB)
	4577512  -  ResidentSetSize of job (KB)
...
006 (7216731.001.000) 09/18 17:30:59 Image size of job updated: 4596756
	4473  -  MemoryUsage of job (MB)
	4580340  -  ResidentSetSize of job (KB)
...
006 (7216731.001.000) 09/18 17:36:00 Image size of job updated: 4620256
	4512  -  MemoryUsage of job (MB)
	4620256  -  ResidentSetSize of job (KB)
...
006 (7216731.001.000) 09/18 17:41:02 Image size of job updated: 4648476
	4539  -  MemoryUsage of job (MB)
	4647856  -  ResidentSetSize of job (KB)
...
006 (7216731.001.000) 09/18 17:46:03 Image size of job updated: 4750188
	4639  -  MemoryUsage of job (MB)
	4749928  -  ResidentSetSize of job (KB)
...
006 (7216731.001.000) 09/18 17:51:04 Image size of job updated: 4853596
	4740  -  MemoryUsage of job (MB)
	4853352  -  ResidentSetSize of job (KB)
...
006 (7216731.001.000) 09/18 17:56:05 Image size of job updated: 4930872
	4816  -  MemoryUsage of job (MB)
	4930872  -  ResidentSetSize of job (KB)
...
006 (7216731.001.000) 09/18 18:01:06 Image size of job updated: 4993744
	4877  -  MemoryUsage of job (MB)
	4993332  -  ResidentSetSize of job (KB)
...
006 (7216731.001.000) 09/18 18:06:07 Image size of job updated: 5029260
	4904  -  MemoryUsage of job (MB)
	5021484  -  ResidentSetSize of job (KB)
...
006 (7216731.001.000) 09/18 18:11:08 Image size of job updated: 5101076
	4982  -  MemoryUsage of job (MB)
	5101076  -  ResidentSetSize of job (KB)
...
006 (7216731.001.000) 09/18 18:16:09 Image size of job updated: 5137752
	5016  -  MemoryUsage of job (MB)
	5136052  -  ResidentSetSize of job (KB)
...
006 (7216731.001.000) 09/18 18:21:10 Image size of job updated: 5211108
	5089  -  MemoryUsage of job (MB)
	5210800  -  ResidentSetSize of job (KB)
...
006 (7216731.001.000) 09/18 18:26:11 Image size of job updated: 5321548
	5197  -  MemoryUsage of job (MB)
	5321288  -  ResidentSetSize of job (KB)
...
006 (7216731.001.000) 09/18 18:31:11 Image size of job updated: 5383172
	5258  -  MemoryUsage of job (MB)
	5383172  -  ResidentSetSize of job (KB)
...
006 (7216731.001.000) 09/18 18:36:11 Image size of job updated: 5500980
	5373  -  MemoryUsage of job (MB)
	5500980  -  ResidentSetSize of job (KB)
...
006 (7216731.001.000) 09/18 18:41:11 Image size of job updated: 5807536
	5672  -  MemoryUsage of job (MB)
	5807536  -  ResidentSetSize of job (KB)
...
006 (7216731.001.000) 09/18 18:46:11 Image size of job updated: 6006276
	5672  -  MemoryUsage of job (MB)
	5807792  -  ResidentSetSize of job (KB)
...
006 (7216731.001.000) 09/18 19:11:14 Image size of job updated: 6014360
	5874  -  MemoryUsage of job (MB)
	6014360  -  ResidentSetSize of job (KB)
...
006 (7216731.001.000) 09/18 19:16:15 Image size of job updated: 6247644
	6102  -  MemoryUsage of job (MB)
	6247644  -  ResidentSetSize of job (KB)
...
006 (7216731.001.000) 09/18 19:21:16 Image size of job updated: 6483468
	6332  -  MemoryUsage of job (MB)
	6483248  -  ResidentSetSize of job (KB)
...
006 (7216731.001.000) 09/18 19:26:17 Image size of job updated: 6719900
	6563  -  MemoryUsage of job (MB)
	6719900  -  ResidentSetSize of job (KB)
...
006 (7216731.001.000) 09/18 19:31:18 Image size of job updated: 6947924
	6786  -  MemoryUsage of job (MB)
	6947924  -  ResidentSetSize of job (KB)
...
006 (7216731.001.000) 09/18 19:36:19 Image size of job updated: 7182752
	7015  -  MemoryUsage of job (MB)
	7182752  -  ResidentSetSize of job (KB)
...
006 (7216731.001.000) 09/18 19:41:20 Image size of job updated: 7417092
	7244  -  MemoryUsage of job (MB)
	7417092  -  ResidentSetSize of job (KB)
...
006 (7216731.001.000) 09/18 19:46:21 Image size of job updated: 7652628
	7474  -  MemoryUsage of job (MB)
	7652408  -  ResidentSetSize of job (KB)
...
006 (7216731.001.000) 09/18 19:51:22 Image size of job updated: 7886824
	7702  -  MemoryUsage of job (MB)
	7886824  -  ResidentSetSize of job (KB)
...
006 (7216731.001.000) 09/18 19:56:23 Image size of job updated: 8118904
	7929  -  MemoryUsage of job (MB)
	8118904  -  ResidentSetSize of job (KB)
...
006 (7216731.001.000) 09/18 20:01:24 Image size of job updated: 8350392
	8155  -  MemoryUsage of job (MB)
	8350392  -  ResidentSetSize of job (KB)
...
006 (7216731.001.000) 09/18 20:06:25 Image size of job updated: 8578680
	8378  -  MemoryUsage of job (MB)
	8578680  -  ResidentSetSize of job (KB)
...
006 (7216731.001.000) 09/18 20:11:26 Image size of job updated: 8811816
	8606  -  MemoryUsage of job (MB)
	8811816  -  ResidentSetSize of job (KB)
...
006 (7216731.001.000) 09/18 20:16:27 Image size of job updated: 9051676
	8840  -  MemoryUsage of job (MB)
	9051672  -  ResidentSetSize of job (KB)
...
006 (7216731.001.000) 09/18 20:21:28 Image size of job updated: 9278064
	9059  -  MemoryUsage of job (MB)
	9276016  -  ResidentSetSize of job (KB)
...
006 (7216731.001.000) 09/18 20:26:29 Image size of job updated: 9505792
	9283  -  MemoryUsage of job (MB)
	9505792  -  ResidentSetSize of job (KB)
...
006 (7216731.001.000) 09/18 20:31:30 Image size of job updated: 9737256
	9510  -  MemoryUsage of job (MB)
	9737256  -  ResidentSetSize of job (KB)
...
006 (7216731.001.000) 09/18 20:36:31 Image size of job updated: 9971980
	9739  -  MemoryUsage of job (MB)
	9971724  -  ResidentSetSize of job (KB)
...
006 (7216731.001.000) 09/18 20:41:32 Image size of job updated: 10207696
	9969  -  MemoryUsage of job (MB)
	10207696  -  ResidentSetSize of job (KB)
...
006 (7216731.001.000) 09/18 20:46:33 Image size of job updated: 10442492
	10198  -  MemoryUsage of job (MB)
	10442492  -  ResidentSetSize of job (KB)
...
006 (7216731.001.000) 09/18 20:51:34 Image size of job updated: 10687536
	10438  -  MemoryUsage of job (MB)
	10687536  -  ResidentSetSize of job (KB)
...
006 (7216731.001.000) 09/18 20:56:34 Image size of job updated: 10921220
	10666  -  MemoryUsage of job (MB)
	10921220  -  ResidentSetSize of job (KB)
...
006 (7216731.001.000) 09/18 21:01:35 Image size of job updated: 11157976
	10897  -  MemoryUsage of job (MB)
	11157976  -  ResidentSetSize of job (KB)
...
006 (7216731.001.000) 09/18 21:06:36 Image size of job updated: 11388976
	11123  -  MemoryUsage of job (MB)
	11388976  -  ResidentSetSize of job (KB)
...
006 (7216731.001.000) 09/18 21:11:37 Image size of job updated: 11614096
	11123  -  MemoryUsage of job (MB)
	11389012  -  ResidentSetSize of job (KB)
...
040 (7216731.001.000) 09/18 21:15:33 Started transferring output files
...
040 (7216731.001.000) 09/18 21:15:33 Finished transferring output files
...
005 (7216731.001.000) 09/18 21:15:34 Job terminated.
	(1) Normal termination (return value 50)
		Usr 0 09:05:59, Sys 0 00:09:03  -  Run Remote Usage
		Usr 0 00:00:00, Sys 0 00:00:00  -  Run Local Usage
		Usr 0 09:05:59, Sys 0 00:09:03  -  Total Remote Usage
		Usr 0 00:00:00, Sys 0 00:00:00  -  Total Local Usage
	22379  -  Run Bytes Sent By Job
	2949  -  Run Bytes Received By Job
	22379  -  Total Bytes Sent By Job
	2949  -  Total Bytes Received By Job
	Partitionable Resources :      Usage  Request Allocated 
	   Cpus                 :       0.96        1         1 
	   Disk (KB)            : 8166879           3   3068009 
	   Memory (MB)          :   11123        2000      2000 

	Job terminated of its own accord at 2024-09-18T19:15:33Z with exit-code 50.
...
