000 (7187310.000.000) 08/26 07:55:59 Job submitted from host: <137.138.44.55:9618?addrs=137.138.44.55-9618+[2001-1458-d00-1a--48]-9618&alias=bigbird17.cern.ch&noUDP&sock=schedd_23962_8474>
...
040 (7187310.000.000) 08/26 14:21:57 Started transferring input files
	Transferring to host: <128.142.248.15:9618?addrs=128.142.248.15-9618+[2001-1458-301-73--100-ff]-9618&alias=b9g23p2723.cern.ch&noUDP&sock=slot1_28_3961800_404a_9368>
...
040 (7187310.000.000) 08/26 14:21:57 Finished transferring input files
...
001 (7187310.000.000) 08/26 14:21:58 Job executing on host: <128.142.248.15:9618?addrs=128.142.248.15-9618+[2001-1458-301-73--100-ff]-9618&alias=b9g23p2723.cern.ch&noUDP&sock=startd_5130_54ef>
	SlotName: slot1_28@b9g23p2723.cern.ch
	CondorScratchDir = "/pool/condor/dir_324538"
	Cpus = 1
	Disk = 2964128
	Memory = 2000
...
006 (7187310.000.000) 08/26 14:22:07 Image size of job updated: 848388
	829  -  MemoryUsage of job (MB)
	848184  -  ResidentSetSize of job (KB)
...
006 (7187310.000.000) 08/26 14:27:08 Image size of job updated: 1446648
	1128  -  MemoryUsage of job (MB)
	1154416  -  ResidentSetSize of job (KB)
...
006 (7187310.000.000) 08/26 14:32:08 Image size of job updated: 1446648
	1195  -  MemoryUsage of job (MB)
	1223564  -  ResidentSetSize of job (KB)
...
006 (7187310.000.000) 08/26 14:37:09 Image size of job updated: 1446648
	1261  -  MemoryUsage of job (MB)
	1291012  -  ResidentSetSize of job (KB)
...
006 (7187310.000.000) 08/26 14:42:09 Image size of job updated: 1446648
	1298  -  MemoryUsage of job (MB)
	1328908  -  ResidentSetSize of job (KB)
...
006 (7187310.000.000) 08/26 14:47:09 Image size of job updated: 1446648
	1334  -  MemoryUsage of job (MB)
	1365304  -  ResidentSetSize of job (KB)
...
006 (7187310.000.000) 08/26 14:52:10 Image size of job updated: 1446648
	1383  -  MemoryUsage of job (MB)
	1415852  -  ResidentSetSize of job (KB)
...
006 (7187310.000.000) 08/26 14:57:10 Image size of job updated: 1480644
	1445  -  MemoryUsage of job (MB)
	1479044  -  ResidentSetSize of job (KB)
...
006 (7187310.000.000) 08/26 15:02:11 Image size of job updated: 1529740
	1491  -  MemoryUsage of job (MB)
	1526136  -  ResidentSetSize of job (KB)
...
006 (7187310.000.000) 08/26 15:07:12 Image size of job updated: 1597632
	1550  -  MemoryUsage of job (MB)
	1586988  -  ResidentSetSize of job (KB)
...
006 (7187310.000.000) 08/26 15:12:12 Image size of job updated: 1634412
	1581  -  MemoryUsage of job (MB)
	1618328  -  ResidentSetSize of job (KB)
...
006 (7187310.000.000) 08/26 15:17:13 Image size of job updated: 1688700
	1650  -  MemoryUsage of job (MB)
	1688700  -  ResidentSetSize of job (KB)
...
006 (7187310.000.000) 08/26 15:22:13 Image size of job updated: 1743148
	1694  -  MemoryUsage of job (MB)
	1733740  -  ResidentSetSize of job (KB)
...
006 (7187310.000.000) 08/26 15:27:14 Image size of job updated: 1795964
	1749  -  MemoryUsage of job (MB)
	1790388  -  ResidentSetSize of job (KB)
...
006 (7187310.000.000) 08/26 15:32:14 Image size of job updated: 1883208
	1833  -  MemoryUsage of job (MB)
	1876124  -  ResidentSetSize of job (KB)
...
006 (7187310.000.000) 08/26 15:37:14 Image size of job updated: 1938720
	1840  -  MemoryUsage of job (MB)
	1883780  -  ResidentSetSize of job (KB)
...
006 (7187310.000.000) 08/26 15:42:15 Image size of job updated: 1963420
	1911  -  MemoryUsage of job (MB)
	1956280  -  ResidentSetSize of job (KB)
...
006 (7187310.000.000) 08/26 15:47:15 Image size of job updated: 2004848
	1947  -  MemoryUsage of job (MB)
	1993076  -  ResidentSetSize of job (KB)
...
006 (7187310.000.000) 08/26 15:52:16 Image size of job updated: 2058812
	2000  -  MemoryUsage of job (MB)
	2047352  -  ResidentSetSize of job (KB)
...
006 (7187310.000.000) 08/26 15:57:16 Image size of job updated: 2126704
	2071  -  MemoryUsage of job (MB)
	2120040  -  ResidentSetSize of job (KB)
...
006 (7187310.000.000) 08/26 16:02:17 Image size of job updated: 2190156
	2139  -  MemoryUsage of job (MB)
	2190156  -  ResidentSetSize of job (KB)
...
006 (7187310.000.000) 08/26 16:07:18 Image size of job updated: 2261348
	2199  -  MemoryUsage of job (MB)
	2251032  -  ResidentSetSize of job (KB)
...
006 (7187310.000.000) 08/26 16:22:19 Image size of job updated: 2281512
	2223  -  MemoryUsage of job (MB)
	2276088  -  ResidentSetSize of job (KB)
...
006 (7187310.000.000) 08/26 16:27:19 Image size of job updated: 2317636
	2256  -  MemoryUsage of job (MB)
	2309516  -  ResidentSetSize of job (KB)
...
006 (7187310.000.000) 08/26 16:32:19 Image size of job updated: 2391624
	2309  -  MemoryUsage of job (MB)
	2363492  -  ResidentSetSize of job (KB)
...
006 (7187310.000.000) 08/26 16:37:20 Image size of job updated: 2448728
	2383  -  MemoryUsage of job (MB)
	2439740  -  ResidentSetSize of job (KB)
...
006 (7187310.000.000) 08/26 16:42:20 Image size of job updated: 2452408
	2383  -  MemoryUsage of job (MB)
	2439740  -  ResidentSetSize of job (KB)
...
006 (7187310.000.000) 08/26 16:47:21 Image size of job updated: 4412060
	4309  -  MemoryUsage of job (MB)
	4412060  -  ResidentSetSize of job (KB)
...
006 (7187310.000.000) 08/26 16:52:21 Image size of job updated: 4664468
	4556  -  MemoryUsage of job (MB)
	4664468  -  ResidentSetSize of job (KB)
...
006 (7187310.000.000) 08/26 16:53:19 Image size of job updated: 4708124
	4556  -  MemoryUsage of job (MB)
	4664680  -  ResidentSetSize of job (KB)
...
040 (7187310.000.000) 08/26 16:53:19 Started transferring output files
...
040 (7187310.000.000) 08/26 16:53:19 Finished transferring output files
...
005 (7187310.000.000) 08/26 16:53:20 Job terminated.
	(1) Normal termination (return value 50)
		Usr 0 02:20:07, Sys 0 00:04:28  -  Run Remote Usage
		Usr 0 00:00:00, Sys 0 00:00:00  -  Run Local Usage
		Usr 0 02:20:07, Sys 0 00:04:28  -  Total Remote Usage
		Usr 0 00:00:00, Sys 0 00:00:00  -  Total Local Usage
	130101  -  Run Bytes Sent By Job
	2910  -  Run Bytes Received By Job
	130101  -  Total Bytes Sent By Job
	2910  -  Total Bytes Received By Job
	Partitionable Resources :      Usage  Request Allocated 
	   Cpus                 :       0.99        1         1 
	   Disk (KB)            : 2180845           3   2964128 
	   Memory (MB)          :    4556        2000      2000 

	Job terminated of its own accord at 2024-08-26T14:53:19Z with exit-code 50.
...
