000 (7187310.003.000) 08/26 07:55:59 Job submitted from host: <137.138.44.55:9618?addrs=137.138.44.55-9618+[2001-1458-d00-1a--48]-9618&alias=bigbird17.cern.ch&noUDP&sock=schedd_23962_8474>
...
040 (7187310.003.000) 08/26 14:26:26 Started transferring input files
	Transferring to host: <128.142.248.123:9618?addrs=128.142.248.123-9618+[2001-1458-301-73--100-16b]-9618&alias=b9g23p2657.cern.ch&noUDP&sock=slot1_13_1296705_ba53_8349>
...
040 (7187310.003.000) 08/26 14:26:26 Finished transferring input files
...
001 (7187310.003.000) 08/26 14:26:27 Job executing on host: <128.142.248.123:9618?addrs=128.142.248.123-9618+[2001-1458-301-73--100-16b]-9618&alias=b9g23p2657.cern.ch&noUDP&sock=startd_3078_d498>
	SlotName: slot1_13@b9g23p2657.cern.ch
	CondorScratchDir = "/pool/condor/dir_465846"
	Cpus = 1
	Disk = 2983435
	Memory = 2000
...
006 (7187310.003.000) 08/26 14:26:36 Image size of job updated: 750984
	734  -  MemoryUsage of job (MB)
	750948  -  ResidentSetSize of job (KB)
...
006 (7187310.003.000) 08/26 14:31:37 Image size of job updated: 1436844
	1107  -  MemoryUsage of job (MB)
	1132840  -  ResidentSetSize of job (KB)
...
006 (7187310.003.000) 08/26 14:36:38 Image size of job updated: 1436844
	1130  -  MemoryUsage of job (MB)
	1157076  -  ResidentSetSize of job (KB)
...
006 (7187310.003.000) 08/26 14:41:38 Image size of job updated: 1436844
	1238  -  MemoryUsage of job (MB)
	1267296  -  ResidentSetSize of job (KB)
...
006 (7187310.003.000) 08/26 14:46:39 Image size of job updated: 1436844
	1292  -  MemoryUsage of job (MB)
	1322692  -  ResidentSetSize of job (KB)
...
006 (7187310.003.000) 08/26 14:51:39 Image size of job updated: 1436844
	1321  -  MemoryUsage of job (MB)
	1352280  -  ResidentSetSize of job (KB)
...
006 (7187310.003.000) 08/26 14:56:39 Image size of job updated: 1436844
	1360  -  MemoryUsage of job (MB)
	1391936  -  ResidentSetSize of job (KB)
...
006 (7187310.003.000) 08/26 15:01:40 Image size of job updated: 1472404
	1430  -  MemoryUsage of job (MB)
	1463512  -  ResidentSetSize of job (KB)
...
006 (7187310.003.000) 08/26 15:06:40 Image size of job updated: 1524340
	1483  -  MemoryUsage of job (MB)
	1517820  -  ResidentSetSize of job (KB)
...
006 (7187310.003.000) 08/26 15:11:41 Image size of job updated: 1592224
	1548  -  MemoryUsage of job (MB)
	1584428  -  ResidentSetSize of job (KB)
...
006 (7187310.003.000) 08/26 15:16:41 Image size of job updated: 1643948
	1602  -  MemoryUsage of job (MB)
	1639884  -  ResidentSetSize of job (KB)
...
006 (7187310.003.000) 08/26 15:21:41 Image size of job updated: 1693548
	1654  -  MemoryUsage of job (MB)
	1693548  -  ResidentSetSize of job (KB)
...
006 (7187310.003.000) 08/26 15:26:42 Image size of job updated: 1750584
	1710  -  MemoryUsage of job (MB)
	1750584  -  ResidentSetSize of job (KB)
...
006 (7187310.003.000) 08/26 15:31:42 Image size of job updated: 1806852
	1753  -  MemoryUsage of job (MB)
	1794664  -  ResidentSetSize of job (KB)
...
006 (7187310.003.000) 08/26 15:36:43 Image size of job updated: 1888824
	1834  -  MemoryUsage of job (MB)
	1877188  -  ResidentSetSize of job (KB)
...
006 (7187310.003.000) 08/26 15:41:43 Image size of job updated: 1934544
	1888  -  MemoryUsage of job (MB)
	1932904  -  ResidentSetSize of job (KB)
...
006 (7187310.003.000) 08/26 15:46:43 Image size of job updated: 1966580
	1905  -  MemoryUsage of job (MB)
	1950112  -  ResidentSetSize of job (KB)
...
006 (7187310.003.000) 08/26 15:51:44 Image size of job updated: 2020268
	1957  -  MemoryUsage of job (MB)
	2003432  -  ResidentSetSize of job (KB)
...
006 (7187310.003.000) 08/26 15:56:44 Image size of job updated: 2077164
	2029  -  MemoryUsage of job (MB)
	2077164  -  ResidentSetSize of job (KB)
...
006 (7187310.003.000) 08/26 16:01:45 Image size of job updated: 2141244
	2092  -  MemoryUsage of job (MB)
	2141244  -  ResidentSetSize of job (KB)
...
006 (7187310.003.000) 08/26 16:06:45 Image size of job updated: 2207568
	2156  -  MemoryUsage of job (MB)
	2207568  -  ResidentSetSize of job (KB)
...
006 (7187310.003.000) 08/26 16:11:46 Image size of job updated: 2248400
	2156  -  MemoryUsage of job (MB)
	2207568  -  ResidentSetSize of job (KB)
...
006 (7187310.003.000) 08/26 16:21:47 Image size of job updated: 2254904
	2156  -  MemoryUsage of job (MB)
	2207568  -  ResidentSetSize of job (KB)
...
006 (7187310.003.000) 08/26 16:26:47 Image size of job updated: 2292964
	2232  -  MemoryUsage of job (MB)
	2285428  -  ResidentSetSize of job (KB)
...
006 (7187310.003.000) 08/26 16:31:47 Image size of job updated: 2366560
	2312  -  MemoryUsage of job (MB)
	2366560  -  ResidentSetSize of job (KB)
...
006 (7187310.003.000) 08/26 16:36:47 Image size of job updated: 2418656
	2351  -  MemoryUsage of job (MB)
	2406428  -  ResidentSetSize of job (KB)
...
006 (7187310.003.000) 08/26 16:41:48 Image size of job updated: 2442964
	2351  -  MemoryUsage of job (MB)
	2406428  -  ResidentSetSize of job (KB)
...
006 (7187310.003.000) 08/26 16:46:48 Image size of job updated: 4950788
	4835  -  MemoryUsage of job (MB)
	4950788  -  ResidentSetSize of job (KB)
...
006 (7187310.003.000) 08/26 16:51:49 Image size of job updated: 5203252
	5082  -  MemoryUsage of job (MB)
	5203028  -  ResidentSetSize of job (KB)
...
006 (7187310.003.000) 08/26 16:53:52 Image size of job updated: 5296740
	5082  -  MemoryUsage of job (MB)
	5203284  -  ResidentSetSize of job (KB)
...
040 (7187310.003.000) 08/26 16:53:53 Started transferring output files
...
040 (7187310.003.000) 08/26 16:53:53 Finished transferring output files
...
005 (7187310.003.000) 08/26 16:53:53 Job terminated.
	(1) Normal termination (return value 50)
		Usr 0 02:18:20, Sys 0 00:04:18  -  Run Remote Usage
		Usr 0 00:00:00, Sys 0 00:00:00  -  Run Local Usage
		Usr 0 02:18:20, Sys 0 00:04:18  -  Total Remote Usage
		Usr 0 00:00:00, Sys 0 00:00:00  -  Total Local Usage
	130101  -  Run Bytes Sent By Job
	2910  -  Run Bytes Received By Job
	130101  -  Total Bytes Sent By Job
	2910  -  Total Bytes Received By Job
	Partitionable Resources :      Usage  Request Allocated 
	   Cpus                 :       1.00        1         1 
	   Disk (KB)            : 2175416           3   2983435 
	   Memory (MB)          :    5082        2000      2000 

	Job terminated of its own accord at 2024-08-26T14:53:52Z with exit-code 50.
...
