000 (7187310.001.000) 08/26 07:55:59 Job submitted from host: <137.138.44.55:9618?addrs=137.138.44.55-9618+[2001-1458-d00-1a--48]-9618&alias=bigbird17.cern.ch&noUDP&sock=schedd_23962_8474>
...
040 (7187310.001.000) 08/26 14:23:00 Started transferring input files
	Transferring to host: <128.142.248.123:9618?addrs=128.142.248.123-9618+[2001-1458-301-73--100-16b]-9618&alias=b9g23p2657.cern.ch&noUDP&sock=slot1_3_1296705_ba53_8346>
...
040 (7187310.001.000) 08/26 14:23:00 Finished transferring input files
...
001 (7187310.001.000) 08/26 14:23:01 Job executing on host: <128.142.248.123:9618?addrs=128.142.248.123-9618+[2001-1458-301-73--100-16b]-9618&alias=b9g23p2657.cern.ch&noUDP&sock=startd_3078_d498>
	SlotName: slot1_3@b9g23p2657.cern.ch
	CondorScratchDir = "/pool/condor/dir_430500"
	Cpus = 1
	Disk = 2976700
	Memory = 2000
...
006 (7187310.001.000) 08/26 14:23:10 Image size of job updated: 730632
	714  -  MemoryUsage of job (MB)
	730512  -  ResidentSetSize of job (KB)
...
006 (7187310.001.000) 08/26 14:28:10 Image size of job updated: 1437424
	1116  -  MemoryUsage of job (MB)
	1142432  -  ResidentSetSize of job (KB)
...
006 (7187310.001.000) 08/26 14:33:11 Image size of job updated: 1437424
	1158  -  MemoryUsage of job (MB)
	1184824  -  ResidentSetSize of job (KB)
...
006 (7187310.001.000) 08/26 14:38:11 Image size of job updated: 1437424
	1209  -  MemoryUsage of job (MB)
	1237408  -  ResidentSetSize of job (KB)
...
006 (7187310.001.000) 08/26 14:43:12 Image size of job updated: 1437424
	1292  -  MemoryUsage of job (MB)
	1322828  -  ResidentSetSize of job (KB)
...
006 (7187310.001.000) 08/26 14:48:12 Image size of job updated: 1437424
	1318  -  MemoryUsage of job (MB)
	1349500  -  ResidentSetSize of job (KB)
...
006 (7187310.001.000) 08/26 14:53:13 Image size of job updated: 1437424
	1378  -  MemoryUsage of job (MB)
	1410756  -  ResidentSetSize of job (KB)
...
006 (7187310.001.000) 08/26 14:58:14 Image size of job updated: 1482036
	1444  -  MemoryUsage of job (MB)
	1478436  -  ResidentSetSize of job (KB)
...
006 (7187310.001.000) 08/26 15:03:14 Image size of job updated: 1535976
	1489  -  MemoryUsage of job (MB)
	1524716  -  ResidentSetSize of job (KB)
...
006 (7187310.001.000) 08/26 15:08:15 Image size of job updated: 1595212
	1552  -  MemoryUsage of job (MB)
	1588368  -  ResidentSetSize of job (KB)
...
006 (7187310.001.000) 08/26 15:13:15 Image size of job updated: 1649184
	1596  -  MemoryUsage of job (MB)
	1633684  -  ResidentSetSize of job (KB)
...
006 (7187310.001.000) 08/26 15:18:16 Image size of job updated: 1701676
	1642  -  MemoryUsage of job (MB)
	1681200  -  ResidentSetSize of job (KB)
...
006 (7187310.001.000) 08/26 15:23:16 Image size of job updated: 1754148
	1702  -  MemoryUsage of job (MB)
	1742184  -  ResidentSetSize of job (KB)
...
006 (7187310.001.000) 08/26 15:28:17 Image size of job updated: 1811844
	1767  -  MemoryUsage of job (MB)
	1809132  -  ResidentSetSize of job (KB)
...
006 (7187310.001.000) 08/26 15:33:18 Image size of job updated: 1893736
	1843  -  MemoryUsage of job (MB)
	1886348  -  ResidentSetSize of job (KB)
...
006 (7187310.001.000) 08/26 15:38:18 Image size of job updated: 1941724
	1889  -  MemoryUsage of job (MB)
	1934152  -  ResidentSetSize of job (KB)
...
006 (7187310.001.000) 08/26 15:43:19 Image size of job updated: 1969436
	1924  -  MemoryUsage of job (MB)
	1969256  -  ResidentSetSize of job (KB)
...
006 (7187310.001.000) 08/26 15:48:19 Image size of job updated: 2022812
	1957  -  MemoryUsage of job (MB)
	2003456  -  ResidentSetSize of job (KB)
...
006 (7187310.001.000) 08/26 15:53:19 Image size of job updated: 2082468
	2034  -  MemoryUsage of job (MB)
	2081820  -  ResidentSetSize of job (KB)
...
006 (7187310.001.000) 08/26 15:58:20 Image size of job updated: 2146232
	2095  -  MemoryUsage of job (MB)
	2144544  -  ResidentSetSize of job (KB)
...
006 (7187310.001.000) 08/26 16:03:20 Image size of job updated: 2246640
	2174  -  MemoryUsage of job (MB)
	2225256  -  ResidentSetSize of job (KB)
...
006 (7187310.001.000) 08/26 16:18:21 Image size of job updated: 2260156
	2201  -  MemoryUsage of job (MB)
	2253436  -  ResidentSetSize of job (KB)
...
006 (7187310.001.000) 08/26 16:23:22 Image size of job updated: 2293272
	2238  -  MemoryUsage of job (MB)
	2290784  -  ResidentSetSize of job (KB)
...
006 (7187310.001.000) 08/26 16:28:23 Image size of job updated: 2377904
	2302  -  MemoryUsage of job (MB)
	2356956  -  ResidentSetSize of job (KB)
...
006 (7187310.001.000) 08/26 16:33:23 Image size of job updated: 2435024
	2359  -  MemoryUsage of job (MB)
	2414804  -  ResidentSetSize of job (KB)
...
006 (7187310.001.000) 08/26 16:38:24 Image size of job updated: 2438360
	2359  -  MemoryUsage of job (MB)
	2414804  -  ResidentSetSize of job (KB)
...
006 (7187310.001.000) 08/26 16:43:24 Image size of job updated: 5316128
	5192  -  MemoryUsage of job (MB)
	5316128  -  ResidentSetSize of job (KB)
...
006 (7187310.001.000) 08/26 16:48:25 Image size of job updated: 5431012
	5192  -  MemoryUsage of job (MB)
	5316384  -  ResidentSetSize of job (KB)
...
040 (7187310.001.000) 08/26 16:49:35 Started transferring output files
...
040 (7187310.001.000) 08/26 16:49:35 Finished transferring output files
...
005 (7187310.001.000) 08/26 16:49:36 Job terminated.
	(1) Normal termination (return value 50)
		Usr 0 02:18:15, Sys 0 00:04:29  -  Run Remote Usage
		Usr 0 00:00:00, Sys 0 00:00:00  -  Run Local Usage
		Usr 0 02:18:15, Sys 0 00:04:29  -  Total Remote Usage
		Usr 0 00:00:00, Sys 0 00:00:00  -  Total Local Usage
	130098  -  Run Bytes Sent By Job
	2910  -  Run Bytes Received By Job
	130098  -  Total Bytes Sent By Job
	2910  -  Total Bytes Received By Job
	Partitionable Resources :      Usage  Request Allocated 
	   Cpus                 :       1.00        1         1 
	   Disk (KB)            : 2177927           3   2976700 
	   Memory (MB)          :    5192        2000      2000 

	Job terminated of its own accord at 2024-08-26T14:49:35Z with exit-code 50.
...
