000 (7186294.002.000) 08/22 15:33:29 Job submitted from host: <137.138.44.55:9618?addrs=137.138.44.55-9618+[2001-1458-d00-1a--48]-9618&alias=bigbird17.cern.ch&noUDP&sock=schedd_23962_8474>
...
040 (7186294.002.000) 08/23 19:48:16 Started transferring input files
	Transferring to host: <128.142.248.81:9618?addrs=128.142.248.81-9618+[2001-1458-301-73--100-141]-9618&alias=b9g23p3234.cern.ch&noUDP&sock=slot1_54_3493222_a91c_6382>
...
040 (7186294.002.000) 08/23 19:48:16 Finished transferring input files
...
001 (7186294.002.000) 08/23 19:48:17 Job executing on host: <128.142.248.81:9618?addrs=128.142.248.81-9618+[2001-1458-301-73--100-141]-9618&alias=b9g23p3234.cern.ch&noUDP&sock=startd_5923_4389>
	SlotName: slot1_54@b9g23p3234.cern.ch
	CondorScratchDir = "/pool/condor/dir_2298725"
	Cpus = 1
	Disk = 3109697
	Memory = 2000
...
006 (7186294.002.000) 08/23 19:48:26 Image size of job updated: 488348
	268  -  MemoryUsage of job (MB)
	274276  -  ResidentSetSize of job (KB)
...
006 (7186294.002.000) 08/23 19:53:26 Image size of job updated: 499576
	481  -  MemoryUsage of job (MB)
	491872  -  ResidentSetSize of job (KB)
...
006 (7186294.002.000) 08/23 19:58:27 Image size of job updated: 917432
	829  -  MemoryUsage of job (MB)
	848224  -  ResidentSetSize of job (KB)
...
006 (7186294.002.000) 08/23 20:03:28 Image size of job updated: 933604
	906  -  MemoryUsage of job (MB)
	927184  -  ResidentSetSize of job (KB)
...
006 (7186294.002.000) 08/23 20:08:28 Image size of job updated: 1067992
	906  -  MemoryUsage of job (MB)
	927184  -  ResidentSetSize of job (KB)
...
006 (7186294.002.000) 08/23 20:38:31 Image size of job updated: 1726276
	1686  -  MemoryUsage of job (MB)
	1726048  -  ResidentSetSize of job (KB)
...
006 (7186294.002.000) 08/23 20:43:32 Image size of job updated: 3582392
	3499  -  MemoryUsage of job (MB)
	3582392  -  ResidentSetSize of job (KB)
...
006 (7186294.002.000) 08/23 20:48:32 Image size of job updated: 3741576
	3654  -  MemoryUsage of job (MB)
	3741576  -  ResidentSetSize of job (KB)
...
006 (7186294.002.000) 08/23 20:53:34 Image size of job updated: 3963428
	3871  -  MemoryUsage of job (MB)
	3963208  -  ResidentSetSize of job (KB)
...
006 (7186294.002.000) 08/23 20:58:34 Image size of job updated: 4139452
	3871  -  MemoryUsage of job (MB)
	3963208  -  ResidentSetSize of job (KB)
...
006 (7186294.002.000) 08/23 21:03:34 Image size of job updated: 4139452
	4008  -  MemoryUsage of job (MB)
	4103780  -  ResidentSetSize of job (KB)
...
006 (7186294.002.000) 08/23 21:08:35 Image size of job updated: 4300432
	4200  -  MemoryUsage of job (MB)
	4300432  -  ResidentSetSize of job (KB)
...
006 (7186294.002.000) 08/23 21:13:35 Image size of job updated: 4476560
	4372  -  MemoryUsage of job (MB)
	4476560  -  ResidentSetSize of job (KB)
...
006 (7186294.002.000) 08/23 21:18:35 Image size of job updated: 4672356
	4563  -  MemoryUsage of job (MB)
	4672356  -  ResidentSetSize of job (KB)
...
006 (7186294.002.000) 08/23 21:23:36 Image size of job updated: 4889048
	4775  -  MemoryUsage of job (MB)
	4889048  -  ResidentSetSize of job (KB)
...
006 (7186294.002.000) 08/23 21:28:36 Image size of job updated: 5071396
	4953  -  MemoryUsage of job (MB)
	5071396  -  ResidentSetSize of job (KB)
...
006 (7186294.002.000) 08/23 21:33:43 Image size of job updated: 5088692
	4953  -  MemoryUsage of job (MB)
	5071396  -  ResidentSetSize of job (KB)
...
006 (7186294.002.000) 08/23 21:38:38 Image size of job updated: 5151276
	5031  -  MemoryUsage of job (MB)
	5151276  -  ResidentSetSize of job (KB)
...
006 (7186294.002.000) 08/23 21:43:39 Image size of job updated: 5337912
	5213  -  MemoryUsage of job (MB)
	5337912  -  ResidentSetSize of job (KB)
...
006 (7186294.002.000) 08/23 21:48:39 Image size of job updated: 5518184
	5389  -  MemoryUsage of job (MB)
	5518184  -  ResidentSetSize of job (KB)
...
006 (7186294.002.000) 08/23 21:53:41 Image size of job updated: 5684288
	5552  -  MemoryUsage of job (MB)
	5684288  -  ResidentSetSize of job (KB)
...
006 (7186294.002.000) 08/23 21:58:41 Image size of job updated: 5864908
	5716  -  MemoryUsage of job (MB)
	5853084  -  ResidentSetSize of job (KB)
...
006 (7186294.002.000) 08/23 23:38:52 Image size of job updated: 6038904
	5898  -  MemoryUsage of job (MB)
	6038904  -  ResidentSetSize of job (KB)
...
006 (7186294.002.000) 08/23 23:43:53 Image size of job updated: 6236596
	6091  -  MemoryUsage of job (MB)
	6236596  -  ResidentSetSize of job (KB)
...
006 (7186294.002.000) 08/23 23:48:53 Image size of job updated: 6426500
	6276  -  MemoryUsage of job (MB)
	6426500  -  ResidentSetSize of job (KB)
...
006 (7186294.002.000) 08/23 23:52:47 Image size of job updated: 7190412
	7014  -  MemoryUsage of job (MB)
	7181364  -  ResidentSetSize of job (KB)
...
040 (7186294.002.000) 08/23 23:52:47 Started transferring output files
...
040 (7186294.002.000) 08/23 23:52:47 Finished transferring output files
...
005 (7186294.002.000) 08/23 23:52:47 Job terminated.
	(1) Normal termination (return value 50)
		Usr 0 03:55:56, Sys 0 00:02:43  -  Run Remote Usage
		Usr 0 00:00:00, Sys 0 00:00:00  -  Run Local Usage
		Usr 0 03:55:56, Sys 0 00:02:43  -  Total Remote Usage
		Usr 0 00:00:00, Sys 0 00:00:00  -  Total Local Usage
	20484  -  Run Bytes Sent By Job
	2769  -  Run Bytes Received By Job
	20484  -  Total Bytes Sent By Job
	2769  -  Total Bytes Received By Job
	Partitionable Resources :      Usage  Request Allocated 
	   Cpus                 :       0.99        1         1 
	   Disk (KB)            : 7510221           3   3109697 
	   Memory (MB)          :    7014        2000      2000 

	Job terminated of its own accord at 2024-08-23T21:52:47Z with exit-code 50.
...
