000 (7186294.005.000) 08/22 15:33:29 Job submitted from host: <137.138.44.55:9618?addrs=137.138.44.55-9618+[2001-1458-d00-1a--48]-9618&alias=bigbird17.cern.ch&noUDP&sock=schedd_23962_8474>
...
040 (7186294.005.000) 08/23 19:52:03 Started transferring input files
	Transferring to host: <128.142.248.94:9618?addrs=128.142.248.94-9618+[2001-1458-301-73--100-14e]-9618&alias=b9g23p2790.cern.ch&noUDP&sock=slot1_27_5757_13c3_6060>
...
040 (7186294.005.000) 08/23 19:52:03 Finished transferring input files
...
001 (7186294.005.000) 08/23 19:52:04 Job executing on host: <128.142.248.94:9618?addrs=128.142.248.94-9618+[2001-1458-301-73--100-14e]-9618&alias=b9g23p2790.cern.ch&noUDP&sock=startd_4576_5577>
	SlotName: slot1_27@b9g23p2790.cern.ch
	CondorScratchDir = "/pool/condor/dir_2599580"
	Cpus = 1
	Disk = 2965303
	Memory = 2000
...
006 (7186294.005.000) 08/23 19:52:14 Image size of job updated: 393564
	385  -  MemoryUsage of job (MB)
	393564  -  ResidentSetSize of job (KB)
...
006 (7186294.005.000) 08/23 19:57:15 Image size of job updated: 630172
	592  -  MemoryUsage of job (MB)
	605300  -  ResidentSetSize of job (KB)
...
006 (7186294.005.000) 08/23 20:02:15 Image size of job updated: 1061772
	968  -  MemoryUsage of job (MB)
	990412  -  ResidentSetSize of job (KB)
...
006 (7186294.005.000) 08/23 20:07:17 Image size of job updated: 1168000
	1141  -  MemoryUsage of job (MB)
	1168000  -  ResidentSetSize of job (KB)
...
006 (7186294.005.000) 08/23 20:12:17 Image size of job updated: 1248524
	1141  -  MemoryUsage of job (MB)
	1168256  -  ResidentSetSize of job (KB)
...
006 (7186294.005.000) 08/23 20:42:19 Image size of job updated: 3653096
	3568  -  MemoryUsage of job (MB)
	3653096  -  ResidentSetSize of job (KB)
...
006 (7186294.005.000) 08/23 20:47:19 Image size of job updated: 3860000
	3770  -  MemoryUsage of job (MB)
	3860000  -  ResidentSetSize of job (KB)
...
006 (7186294.005.000) 08/23 20:52:20 Image size of job updated: 4072772
	3978  -  MemoryUsage of job (MB)
	4072772  -  ResidentSetSize of job (KB)
...
006 (7186294.005.000) 08/23 20:57:20 Image size of job updated: 4274116
	4174  -  MemoryUsage of job (MB)
	4273932  -  ResidentSetSize of job (KB)
...
006 (7186294.005.000) 08/23 21:02:21 Image size of job updated: 4469540
	4365  -  MemoryUsage of job (MB)
	4469540  -  ResidentSetSize of job (KB)
...
006 (7186294.005.000) 08/23 21:07:22 Image size of job updated: 4664152
	4555  -  MemoryUsage of job (MB)
	4664152  -  ResidentSetSize of job (KB)
...
006 (7186294.005.000) 08/23 21:12:22 Image size of job updated: 4859932
	4747  -  MemoryUsage of job (MB)
	4859932  -  ResidentSetSize of job (KB)
...
006 (7186294.005.000) 08/23 21:17:24 Image size of job updated: 5072232
	4954  -  MemoryUsage of job (MB)
	5072232  -  ResidentSetSize of job (KB)
...
006 (7186294.005.000) 08/23 21:22:24 Image size of job updated: 5272472
	5149  -  MemoryUsage of job (MB)
	5272472  -  ResidentSetSize of job (KB)
...
006 (7186294.005.000) 08/23 21:27:24 Image size of job updated: 5469476
	5342  -  MemoryUsage of job (MB)
	5469256  -  ResidentSetSize of job (KB)
...
006 (7186294.005.000) 08/23 21:32:25 Image size of job updated: 5665048
	5533  -  MemoryUsage of job (MB)
	5665048  -  ResidentSetSize of job (KB)
...
006 (7186294.005.000) 08/23 21:37:25 Image size of job updated: 5859496
	5723  -  MemoryUsage of job (MB)
	5859496  -  ResidentSetSize of job (KB)
...
006 (7186294.005.000) 08/23 21:42:25 Image size of job updated: 6063904
	5922  -  MemoryUsage of job (MB)
	6063696  -  ResidentSetSize of job (KB)
...
006 (7186294.005.000) 08/23 21:47:26 Image size of job updated: 6266832
	6120  -  MemoryUsage of job (MB)
	6266832  -  ResidentSetSize of job (KB)
...
006 (7186294.005.000) 08/23 21:52:26 Image size of job updated: 6363252
	6211  -  MemoryUsage of job (MB)
	6359908  -  ResidentSetSize of job (KB)
...
006 (7186294.005.000) 08/23 21:57:26 Image size of job updated: 6583772
	6430  -  MemoryUsage of job (MB)
	6583772  -  ResidentSetSize of job (KB)
...
006 (7186294.005.000) 08/23 22:02:27 Image size of job updated: 6794880
	6636  -  MemoryUsage of job (MB)
	6794880  -  ResidentSetSize of job (KB)
...
006 (7186294.005.000) 08/23 22:07:27 Image size of job updated: 7003404
	6840  -  MemoryUsage of job (MB)
	7003404  -  ResidentSetSize of job (KB)
...
006 (7186294.005.000) 08/23 22:12:28 Image size of job updated: 7225480
	7057  -  MemoryUsage of job (MB)
	7225480  -  ResidentSetSize of job (KB)
...
006 (7186294.005.000) 08/23 22:17:29 Image size of job updated: 7445964
	7272  -  MemoryUsage of job (MB)
	7445964  -  ResidentSetSize of job (KB)
...
006 (7186294.005.000) 08/23 22:22:29 Image size of job updated: 7661348
	7482  -  MemoryUsage of job (MB)
	7661348  -  ResidentSetSize of job (KB)
...
006 (7186294.005.000) 08/23 22:27:30 Image size of job updated: 7881836
	7698  -  MemoryUsage of job (MB)
	7881836  -  ResidentSetSize of job (KB)
...
006 (7186294.005.000) 08/23 22:32:31 Image size of job updated: 8096624
	7907  -  MemoryUsage of job (MB)
	8096624  -  ResidentSetSize of job (KB)
...
006 (7186294.005.000) 08/23 22:37:31 Image size of job updated: 8322976
	8128  -  MemoryUsage of job (MB)
	8322976  -  ResidentSetSize of job (KB)
...
006 (7186294.005.000) 08/23 22:42:32 Image size of job updated: 8539300
	8340  -  MemoryUsage of job (MB)
	8539300  -  ResidentSetSize of job (KB)
...
006 (7186294.005.000) 08/23 22:47:33 Image size of job updated: 8761920
	8557  -  MemoryUsage of job (MB)
	8761920  -  ResidentSetSize of job (KB)
...
006 (7186294.005.000) 08/23 22:52:33 Image size of job updated: 8984520
	8774  -  MemoryUsage of job (MB)
	8984520  -  ResidentSetSize of job (KB)
...
006 (7186294.005.000) 08/23 22:57:34 Image size of job updated: 9228300
	9013  -  MemoryUsage of job (MB)
	9228300  -  ResidentSetSize of job (KB)
...
006 (7186294.005.000) 08/23 23:02:35 Image size of job updated: 9466548
	9245  -  MemoryUsage of job (MB)
	9466548  -  ResidentSetSize of job (KB)
...
006 (7186294.005.000) 08/23 23:07:35 Image size of job updated: 9702640
	9476  -  MemoryUsage of job (MB)
	9702640  -  ResidentSetSize of job (KB)
...
006 (7186294.005.000) 08/23 23:12:37 Image size of job updated: 9934160
	9702  -  MemoryUsage of job (MB)
	9933956  -  ResidentSetSize of job (KB)
...
006 (7186294.005.000) 08/23 23:17:37 Image size of job updated: 10150300
	9913  -  MemoryUsage of job (MB)
	10150300  -  ResidentSetSize of job (KB)
...
006 (7186294.005.000) 08/23 23:22:37 Image size of job updated: 10364840
	10122  -  MemoryUsage of job (MB)
	10364840  -  ResidentSetSize of job (KB)
...
006 (7186294.005.000) 08/23 23:27:38 Image size of job updated: 10568900
	10322  -  MemoryUsage of job (MB)
	10568900  -  ResidentSetSize of job (KB)
...
006 (7186294.005.000) 08/23 23:32:33 Image size of job updated: 10644568
	10322  -  MemoryUsage of job (MB)
	10568900  -  ResidentSetSize of job (KB)
...
040 (7186294.005.000) 08/23 23:32:33 Started transferring output files
...
040 (7186294.005.000) 08/23 23:32:33 Finished transferring output files
...
005 (7186294.005.000) 08/23 23:32:33 Job terminated.
	(1) Normal termination (return value 50)
		Usr 0 03:34:46, Sys 0 00:01:48  -  Run Remote Usage
		Usr 0 00:00:00, Sys 0 00:00:00  -  Run Local Usage
		Usr 0 03:34:46, Sys 0 00:01:48  -  Total Remote Usage
		Usr 0 00:00:00, Sys 0 00:00:00  -  Total Local Usage
	20483  -  Run Bytes Sent By Job
	2769  -  Run Bytes Received By Job
	20483  -  Total Bytes Sent By Job
	2769  -  Total Bytes Received By Job
	Partitionable Resources :      Usage  Request Allocated 
	   Cpus                 :       1.00        1         1 
	   Disk (KB)            : 7445792           3   2965303 
	   Memory (MB)          :   10322        2000      2000 

	Job terminated of its own accord at 2024-08-23T21:32:33Z with exit-code 50.
...
