000 (7216423.004.000) 09/16 07:43:59 Job submitted from host: <137.138.44.55:9618?addrs=137.138.44.55-9618+[2001-1458-d00-1a--48]-9618&alias=bigbird17.cern.ch&noUDP&sock=schedd_1980_b19c>
...
040 (7216423.004.000) 09/16 11:59:34 Started transferring input files
	Transferring to host: <188.185.93.105:9618?addrs=188.185.93.105-9618+[2001-1458-d00-6c--100-242]-9618&alias=b9g57n8656.cern.ch&noUDP&sock=slot1_3_18300_c161_126475>
...
040 (7216423.004.000) 09/16 11:59:34 Finished transferring input files
...
001 (7216423.004.000) 09/16 11:59:35 Job executing on host: <188.185.93.105:9618?addrs=188.185.93.105-9618+[2001-1458-d00-6c--100-242]-9618&alias=b9g57n8656.cern.ch&noUDP&sock=startd_17874_a7e1>
	SlotName: slot1_3@b9g57n8656.cern.ch
	AvailableGPUs = { GPUs_GPU_486de2a4 }
	CondorScratchDir = "/pool/condor/dir_1936519"
	Cpus = 1
	Disk = 1444821
	GPUs = 1
	GPUs_GPU_486de2a4 = [ GlobalMemoryMb = 40326; MaxSupportedVersion = 12040; DriverVersion = 12.4; DeviceName = "NVIDIA A100-PCIE-40GB"; CoresPerCU = 64; ECCEnabled = true; ComputeUnits = 108; ClockMhz = 1410.0; Id = "GPU-486de2a4"; Capability = 8.0; DevicePciBusId = "0000:08:00.0"; DeviceUuid = "486de2a4-09f0-beaa-a3c7-aeb8fe4639c5" ]
	Memory = 2000
...
006 (7216423.004.000) 09/16 11:59:45 Image size of job updated: 35439268
	8082  -  MemoryUsage of job (MB)
	8275936  -  ResidentSetSize of job (KB)
...
006 (7216423.004.000) 09/16 12:04:45 Image size of job updated: 35439268
	8291  -  MemoryUsage of job (MB)
	8488980  -  ResidentSetSize of job (KB)
...
006 (7216423.004.000) 09/16 12:09:45 Image size of job updated: 35439268
	8420  -  MemoryUsage of job (MB)
	8621876  -  ResidentSetSize of job (KB)
...
006 (7216423.004.000) 09/16 12:14:45 Image size of job updated: 35439268
	8472  -  MemoryUsage of job (MB)
	8675032  -  ResidentSetSize of job (KB)
...
006 (7216423.004.000) 09/16 12:19:46 Image size of job updated: 35439268
	8510  -  MemoryUsage of job (MB)
	8713640  -  ResidentSetSize of job (KB)
...
006 (7216423.004.000) 09/16 12:24:46 Image size of job updated: 35439268
	8563  -  MemoryUsage of job (MB)
	8768392  -  ResidentSetSize of job (KB)
...
006 (7216423.004.000) 09/16 12:29:47 Image size of job updated: 35439268
	8610  -  MemoryUsage of job (MB)
	8816320  -  ResidentSetSize of job (KB)
...
006 (7216423.004.000) 09/16 12:34:47 Image size of job updated: 35439268
	8640  -  MemoryUsage of job (MB)
	8846548  -  ResidentSetSize of job (KB)
...
006 (7216423.004.000) 09/16 12:39:48 Image size of job updated: 35439268
	8647  -  MemoryUsage of job (MB)
	8854460  -  ResidentSetSize of job (KB)
...
006 (7216423.004.000) 09/16 12:44:48 Image size of job updated: 35439268
	8693  -  MemoryUsage of job (MB)
	8901260  -  ResidentSetSize of job (KB)
...
006 (7216423.004.000) 09/16 12:49:49 Image size of job updated: 35439268
	8799  -  MemoryUsage of job (MB)
	9010096  -  ResidentSetSize of job (KB)
...
006 (7216423.004.000) 09/16 12:54:50 Image size of job updated: 35439268
	8803  -  MemoryUsage of job (MB)
	9014192  -  ResidentSetSize of job (KB)
...
006 (7216423.004.000) 09/16 19:30:32 Image size of job updated: 35439268
	8828  -  MemoryUsage of job (MB)
	9039040  -  ResidentSetSize of job (KB)
...
006 (7216423.004.000) 09/16 19:45:34 Image size of job updated: 35439268
	8979  -  MemoryUsage of job (MB)
	9194064  -  ResidentSetSize of job (KB)
...
006 (7216423.004.000) 09/16 20:00:36 Image size of job updated: 35439268
	8987  -  MemoryUsage of job (MB)
	9202260  -  ResidentSetSize of job (KB)
...
006 (7216423.004.000) 09/16 20:20:38 Image size of job updated: 35439268
	9174  -  MemoryUsage of job (MB)
	9393572  -  ResidentSetSize of job (KB)
...
006 (7216423.004.000) 09/16 20:25:40 Image size of job updated: 35439268
	9257  -  MemoryUsage of job (MB)
	9478156  -  ResidentSetSize of job (KB)
...
006 (7216423.004.000) 09/16 20:35:41 Image size of job updated: 35439268
	9576  -  MemoryUsage of job (MB)
	9805300  -  ResidentSetSize of job (KB)
...
006 (7216423.004.000) 09/16 20:50:43 Image size of job updated: 35439268
	9582  -  MemoryUsage of job (MB)
	9811288  -  ResidentSetSize of job (KB)
...
006 (7216423.004.000) 09/16 21:05:44 Image size of job updated: 35439268
	9725  -  MemoryUsage of job (MB)
	9958024  -  ResidentSetSize of job (KB)
...
006 (7216423.004.000) 09/16 21:10:45 Image size of job updated: 35439268
	9737  -  MemoryUsage of job (MB)
	9970312  -  ResidentSetSize of job (KB)
...
006 (7216423.004.000) 09/16 21:35:47 Image size of job updated: 35439268
	10202  -  MemoryUsage of job (MB)
	10445912  -  ResidentSetSize of job (KB)
...
006 (7216423.004.000) 09/16 21:45:48 Image size of job updated: 35439268
	10338  -  MemoryUsage of job (MB)
	10585216  -  ResidentSetSize of job (KB)
...
006 (7216423.004.000) 09/16 22:15:51 Image size of job updated: 35439268
	10350  -  MemoryUsage of job (MB)
	10598268  -  ResidentSetSize of job (KB)
...
006 (7216423.004.000) 09/16 22:25:52 Image size of job updated: 35439268
	10378  -  MemoryUsage of job (MB)
	10626828  -  ResidentSetSize of job (KB)
...
006 (7216423.004.000) 09/16 22:50:55 Image size of job updated: 35439268
	10541  -  MemoryUsage of job (MB)
	10793076  -  ResidentSetSize of job (KB)
...
006 (7216423.004.000) 09/16 23:05:57 Image size of job updated: 35439268
	10825  -  MemoryUsage of job (MB)
	11084416  -  ResidentSetSize of job (KB)
...
006 (7216423.004.000) 09/16 23:41:00 Image size of job updated: 35439268
	10871  -  MemoryUsage of job (MB)
	11131244  -  ResidentSetSize of job (KB)
...
006 (7216423.004.000) 09/16 23:46:00 Image size of job updated: 35439268
	11053  -  MemoryUsage of job (MB)
	11318124  -  ResidentSetSize of job (KB)
...
006 (7216423.004.000) 09/17 00:21:05 Image size of job updated: 35439268
	11172  -  MemoryUsage of job (MB)
	11439784  -  ResidentSetSize of job (KB)
...
006 (7216423.004.000) 09/17 00:25:39 Image size of job updated: 35439268
	11172  -  MemoryUsage of job (MB)
	11440040  -  ResidentSetSize of job (KB)
...
040 (7216423.004.000) 09/17 00:25:39 Started transferring output files
...
040 (7216423.004.000) 09/17 00:25:39 Finished transferring output files
...
005 (7216423.004.000) 09/17 00:25:39 Job terminated.
	(1) Normal termination (return value 50)
		Usr 6 12:25:30, Sys 2 16:58:27  -  Run Remote Usage
		Usr 0 00:00:00, Sys 0 00:00:00  -  Run Local Usage
		Usr 6 12:25:30, Sys 2 16:58:27  -  Total Remote Usage
		Usr 0 00:00:00, Sys 0 00:00:00  -  Total Local Usage
	141704  -  Run Bytes Sent By Job
	2974  -  Run Bytes Received By Job
	141704  -  Total Bytes Sent By Job
	2974  -  Total Bytes Received By Job
	Partitionable Resources :      Usage  Request Allocated Assigned
	   Cpus                 :       1.00        1         1 
	   Disk (KB)            : 3073886           3   1444821 
	   Gpus (Average)       :       0.11        1         1 "GPU-486de2a4"
	   GpusMemory (MB)      :    3133                       
	   Memory (MB)          :   11172        2000      2000 

	Job terminated of its own accord at 2024-09-16T22:25:39Z with exit-code 50.
...
