000 (7186310.004.000) 08/22 15:33:41 Job submitted from host: <137.138.44.55:9618?addrs=137.138.44.55-9618+[2001-1458-d00-1a--48]-9618&alias=bigbird17.cern.ch&noUDP&sock=schedd_23962_8474>
...
040 (7186310.004.000) 08/23 21:42:58 Started transferring input files
	Transferring to host: <128.142.248.81:9618?addrs=128.142.248.81-9618+[2001-1458-301-73--100-141]-9618&alias=b9g23p3234.cern.ch&noUDP&sock=slot1_28_3493222_a91c_6492>
...
040 (7186310.004.000) 08/23 21:42:58 Finished transferring input files
...
001 (7186310.004.000) 08/23 21:42:59 Job executing on host: <128.142.248.81:9618?addrs=128.142.248.81-9618+[2001-1458-301-73--100-141]-9618&alias=b9g23p3234.cern.ch&noUDP&sock=startd_5923_4389>
	SlotName: slot1_28@b9g23p3234.cern.ch
	CondorScratchDir = "/pool/condor/dir_2348191"
	Cpus = 1
	Disk = 3102008
	Memory = 2000
...
006 (7186310.004.000) 08/23 21:43:08 Image size of job updated: 592928
	333  -  MemoryUsage of job (MB)
	340936  -  ResidentSetSize of job (KB)
...
006 (7186310.004.000) 08/23 21:48:10 Image size of job updated: 592928
	381  -  MemoryUsage of job (MB)
	389148  -  ResidentSetSize of job (KB)
...
006 (7186310.004.000) 08/23 21:53:10 Image size of job updated: 592928
	409  -  MemoryUsage of job (MB)
	418256  -  ResidentSetSize of job (KB)
...
006 (7186310.004.000) 08/23 21:58:10 Image size of job updated: 592928
	449  -  MemoryUsage of job (MB)
	459236  -  ResidentSetSize of job (KB)
...
006 (7186310.004.000) 08/23 22:18:12 Image size of job updated: 3606224
	3522  -  MemoryUsage of job (MB)
	3606224  -  ResidentSetSize of job (KB)
...
006 (7186310.004.000) 08/23 22:23:14 Image size of job updated: 3633532
	3522  -  MemoryUsage of job (MB)
	3606224  -  ResidentSetSize of job (KB)
...
006 (7186310.004.000) 08/23 22:48:16 Image size of job updated: 3766668
	3679  -  MemoryUsage of job (MB)
	3766668  -  ResidentSetSize of job (KB)
...
006 (7186310.004.000) 08/23 22:53:16 Image size of job updated: 3949892
	3858  -  MemoryUsage of job (MB)
	3949892  -  ResidentSetSize of job (KB)
...
006 (7186310.004.000) 08/23 22:58:17 Image size of job updated: 4163580
	4066  -  MemoryUsage of job (MB)
	4163580  -  ResidentSetSize of job (KB)
...
006 (7186310.004.000) 08/23 23:03:18 Image size of job updated: 4336756
	4236  -  MemoryUsage of job (MB)
	4336756  -  ResidentSetSize of job (KB)
...
006 (7186310.004.000) 08/23 23:08:18 Image size of job updated: 4534444
	4429  -  MemoryUsage of job (MB)
	4534444  -  ResidentSetSize of job (KB)
...
006 (7186310.004.000) 08/23 23:10:42 Image size of job updated: 4611688
	4429  -  MemoryUsage of job (MB)
	4534444  -  ResidentSetSize of job (KB)
...
040 (7186310.004.000) 08/23 23:10:42 Started transferring output files
...
040 (7186310.004.000) 08/23 23:10:42 Finished transferring output files
...
005 (7186310.004.000) 08/23 23:10:43 Job terminated.
	(1) Normal termination (return value 50)
		Usr 0 01:22:46, Sys 0 00:01:29  -  Run Remote Usage
		Usr 0 00:00:00, Sys 0 00:00:00  -  Run Local Usage
		Usr 0 01:22:46, Sys 0 00:01:29  -  Total Remote Usage
		Usr 0 00:00:00, Sys 0 00:00:00  -  Total Local Usage
	28690  -  Run Bytes Sent By Job
	2766  -  Run Bytes Received By Job
	28690  -  Total Bytes Sent By Job
	2766  -  Total Bytes Received By Job
	Partitionable Resources :      Usage  Request Allocated 
	   Cpus                 :       0.99        1         1 
	   Disk (KB)            : 1973193           3   3102008 
	   Memory (MB)          :    4429        2000      2000 

	Job terminated of its own accord at 2024-08-23T21:10:42Z with exit-code 50.
...
