000 (7187233.007.000) 08/26 07:54:57 Job submitted from host: <137.138.44.55:9618?addrs=137.138.44.55-9618+[2001-1458-d00-1a--48]-9618&alias=bigbird17.cern.ch&noUDP&sock=schedd_23962_8474>
...
040 (7187233.007.000) 08/26 08:05:21 Started transferring input files
	Transferring to host: <128.142.248.197:9618?addrs=128.142.248.197-9618+[2001-1458-301-73--100-c4]-9618&alias=b9g23p2961.cern.ch&noUDP&sock=slot1_8_7499_794a_4677>
...
040 (7187233.007.000) 08/26 08:05:21 Finished transferring input files
...
001 (7187233.007.000) 08/26 08:05:22 Job executing on host: <128.142.248.197:9618?addrs=128.142.248.197-9618+[2001-1458-301-73--100-c4]-9618&alias=b9g23p2961.cern.ch&noUDP&sock=startd_5911_0866>
	SlotName: slot1_8@b9g23p2961.cern.ch
	CondorScratchDir = "/pool/condor/dir_2343853"
	Cpus = 1
	Disk = 3083701
	Memory = 2000
...
006 (7187233.007.000) 08/26 08:05:31 Image size of job updated: 478956
	290  -  MemoryUsage of job (MB)
	296876  -  ResidentSetSize of job (KB)
...
006 (7187233.007.000) 08/26 08:10:32 Image size of job updated: 3724668
	3638  -  MemoryUsage of job (MB)
	3724668  -  ResidentSetSize of job (KB)
...
006 (7187233.007.000) 08/26 08:14:46 Image size of job updated: 4062016
	3638  -  MemoryUsage of job (MB)
	3724924  -  ResidentSetSize of job (KB)
...
040 (7187233.007.000) 08/26 08:14:46 Started transferring output files
...
040 (7187233.007.000) 08/26 08:14:46 Finished transferring output files
...
005 (7187233.007.000) 08/26 08:14:46 Job terminated.
	(1) Normal termination (return value 50)
		Usr 0 00:09:03, Sys 0 00:00:13  -  Run Remote Usage
		Usr 0 00:00:00, Sys 0 00:00:00  -  Run Local Usage
		Usr 0 00:09:03, Sys 0 00:00:13  -  Total Remote Usage
		Usr 0 00:00:00, Sys 0 00:00:00  -  Total Local Usage
	15825  -  Run Bytes Sent By Job
	2930  -  Run Bytes Received By Job
	15825  -  Total Bytes Sent By Job
	2930  -  Total Bytes Received By Job
	Partitionable Resources :    Usage  Request Allocated 
	   Cpus                 :                 1         1 
	   Disk (KB)            :   828506        3   3083701 
	   Memory (MB)          :     3638     2000      2000 

	Job terminated of its own accord at 2024-08-26T06:14:46Z with exit-code 50.
...
