000 (7198000.007.000) 09/06 11:06:25 Job submitted from host: <137.138.44.55:9618?addrs=137.138.44.55-9618+[2001-1458-d00-1a--48]-9618&alias=bigbird17.cern.ch&noUDP&sock=schedd_23962_8474>
...
040 (7198000.007.000) 09/06 11:55:18 Started transferring input files
	Transferring to host: <188.185.198.111:9618?addrs=188.185.198.111-9618+[2001-1458-303-25--100-6b]-9618&alias=b9p15p4924.cern.ch&noUDP&sock=slot1_64_11906_9a9d_21701>
...
040 (7198000.007.000) 09/06 11:55:18 Finished transferring input files
...
001 (7198000.007.000) 09/06 11:55:19 Job executing on host: <188.185.198.111:9618?addrs=188.185.198.111-9618+[2001-1458-303-25--100-6b]-9618&alias=b9p15p4924.cern.ch&noUDP&sock=startd_11856_ceef>
	SlotName: slot1_64@b9p15p4924.cern.ch
	CondorScratchDir = "/pool/condor/dir_4078796"
	Cpus = 1
	Disk = 3255394
	Memory = 2000
...
006 (7198000.007.000) 09/06 11:55:29 Image size of job updated: 643080
	628  -  MemoryUsage of job (MB)
	642800  -  ResidentSetSize of job (KB)
...
006 (7198000.007.000) 09/06 12:00:30 Image size of job updated: 798680
	632  -  MemoryUsage of job (MB)
	646632  -  ResidentSetSize of job (KB)
...
006 (7198000.007.000) 09/08 16:25:56 Image size of job updated: 1163760
	1135  -  MemoryUsage of job (MB)
	1161948  -  ResidentSetSize of job (KB)
...
006 (7198000.007.000) 09/08 16:30:57 Image size of job updated: 1407508
	1375  -  MemoryUsage of job (MB)
	1407504  -  ResidentSetSize of job (KB)
...
006 (7198000.007.000) 09/08 16:35:57 Image size of job updated: 1801588
	1731  -  MemoryUsage of job (MB)
	1772124  -  ResidentSetSize of job (KB)
...
006 (7198000.007.000) 09/08 16:40:59 Image size of job updated: 1965892
	1886  -  MemoryUsage of job (MB)
	1930984  -  ResidentSetSize of job (KB)
...
006 (7198000.007.000) 09/08 16:45:59 Image size of job updated: 2197028
	2133  -  MemoryUsage of job (MB)
	2183956  -  ResidentSetSize of job (KB)
...
006 (7198000.007.000) 09/08 16:50:59 Image size of job updated: 3728404
	3642  -  MemoryUsage of job (MB)
	3728404  -  ResidentSetSize of job (KB)
...
006 (7198000.007.000) 09/08 16:56:00 Image size of job updated: 3964096
	3872  -  MemoryUsage of job (MB)
	3964096  -  ResidentSetSize of job (KB)
...
006 (7198000.007.000) 09/08 17:01:00 Image size of job updated: 4199508
	4102  -  MemoryUsage of job (MB)
	4199508  -  ResidentSetSize of job (KB)
...
006 (7198000.007.000) 09/08 17:06:01 Image size of job updated: 4432716
	4329  -  MemoryUsage of job (MB)
	4432716  -  ResidentSetSize of job (KB)
...
006 (7198000.007.000) 09/08 17:11:01 Image size of job updated: 4660480
	4552  -  MemoryUsage of job (MB)
	4660480  -  ResidentSetSize of job (KB)
...
006 (7198000.007.000) 09/08 17:16:02 Image size of job updated: 4890916
	4777  -  MemoryUsage of job (MB)
	4890916  -  ResidentSetSize of job (KB)
...
006 (7198000.007.000) 09/08 17:21:02 Image size of job updated: 5130156
	5010  -  MemoryUsage of job (MB)
	5130156  -  ResidentSetSize of job (KB)
...
006 (7198000.007.000) 09/08 17:26:02 Image size of job updated: 5359120
	5234  -  MemoryUsage of job (MB)
	5359120  -  ResidentSetSize of job (KB)
...
006 (7198000.007.000) 09/08 17:31:03 Image size of job updated: 5598976
	5468  -  MemoryUsage of job (MB)
	5598976  -  ResidentSetSize of job (KB)
...
006 (7198000.007.000) 09/08 17:36:03 Image size of job updated: 5843656
	5707  -  MemoryUsage of job (MB)
	5843656  -  ResidentSetSize of job (KB)
...
006 (7198000.007.000) 09/08 17:41:04 Image size of job updated: 6087004
	5945  -  MemoryUsage of job (MB)
	6087004  -  ResidentSetSize of job (KB)
...
006 (7198000.007.000) 09/08 17:46:04 Image size of job updated: 6319820
	6172  -  MemoryUsage of job (MB)
	6319820  -  ResidentSetSize of job (KB)
...
006 (7198000.007.000) 09/08 17:51:06 Image size of job updated: 6557600
	6404  -  MemoryUsage of job (MB)
	6557600  -  ResidentSetSize of job (KB)
...
006 (7198000.007.000) 09/08 17:56:06 Image size of job updated: 6803336
	6644  -  MemoryUsage of job (MB)
	6803336  -  ResidentSetSize of job (KB)
...
006 (7198000.007.000) 09/08 18:01:06 Image size of job updated: 7043664
	6879  -  MemoryUsage of job (MB)
	7043664  -  ResidentSetSize of job (KB)
...
006 (7198000.007.000) 09/08 18:06:07 Image size of job updated: 7284004
	7114  -  MemoryUsage of job (MB)
	7284004  -  ResidentSetSize of job (KB)
...
006 (7198000.007.000) 09/08 18:11:07 Image size of job updated: 7513336
	7328  -  MemoryUsage of job (MB)
	7503300  -  ResidentSetSize of job (KB)
...
006 (7198000.007.000) 09/08 18:16:08 Image size of job updated: 7514360
	7328  -  MemoryUsage of job (MB)
	7503300  -  ResidentSetSize of job (KB)
...
006 (7198000.007.000) 09/08 18:36:09 Image size of job updated: 7514360
	7334  -  MemoryUsage of job (MB)
	7509328  -  ResidentSetSize of job (KB)
...
006 (7198000.007.000) 09/08 18:41:10 Image size of job updated: 7600176
	7414  -  MemoryUsage of job (MB)
	7591728  -  ResidentSetSize of job (KB)
...
006 (7198000.007.000) 09/08 18:46:10 Image size of job updated: 7742864
	7562  -  MemoryUsage of job (MB)
	7742864  -  ResidentSetSize of job (KB)
...
006 (7198000.007.000) 09/08 18:51:11 Image size of job updated: 7872700
	7685  -  MemoryUsage of job (MB)
	7868860  -  ResidentSetSize of job (KB)
...
006 (7198000.007.000) 09/08 18:56:11 Image size of job updated: 7969540
	7783  -  MemoryUsage of job (MB)
	7969028  -  ResidentSetSize of job (KB)
...
006 (7198000.007.000) 09/08 19:01:12 Image size of job updated: 8044660
	7857  -  MemoryUsage of job (MB)
	8044660  -  ResidentSetSize of job (KB)
...
006 (7198000.007.000) 09/08 19:06:12 Image size of job updated: 8213480
	8021  -  MemoryUsage of job (MB)
	8213480  -  ResidentSetSize of job (KB)
...
006 (7198000.007.000) 09/08 19:11:13 Image size of job updated: 8364872
	8163  -  MemoryUsage of job (MB)
	8357960  -  ResidentSetSize of job (KB)
...
006 (7198000.007.000) 09/08 19:16:13 Image size of job updated: 8506756
	8308  -  MemoryUsage of job (MB)
	8506756  -  ResidentSetSize of job (KB)
...
006 (7198000.007.000) 09/08 19:21:13 Image size of job updated: 8663288
	8461  -  MemoryUsage of job (MB)
	8663288  -  ResidentSetSize of job (KB)
...
006 (7198000.007.000) 09/08 19:24:35 Image size of job updated: 8696280
	8461  -  MemoryUsage of job (MB)
	8663288  -  ResidentSetSize of job (KB)
...
040 (7198000.007.000) 09/08 19:24:35 Started transferring output files
...
040 (7198000.007.000) 09/08 19:24:35 Finished transferring output files
...
005 (7198000.007.000) 09/08 19:24:35 Job terminated.
	(1) Normal termination (return value 50)
		Usr 2 06:22:00, Sys 0 00:17:06  -  Run Remote Usage
		Usr 0 00:00:00, Sys 0 00:00:00  -  Run Local Usage
		Usr 2 06:22:00, Sys 0 00:17:06  -  Total Remote Usage
		Usr 0 00:00:00, Sys 0 00:00:00  -  Total Local Usage
	87684  -  Run Bytes Sent By Job
	2934  -  Run Bytes Received By Job
	87684  -  Total Bytes Sent By Job
	2934  -  Total Bytes Received By Job
	Partitionable Resources :      Usage  Request Allocated 
	   Cpus                 :       1.00        1         1 
	   Disk (KB)            : 7829471           3   3255394 
	   Memory (MB)          :    8461        2000      2000 

	Job terminated of its own accord at 2024-09-08T17:24:35Z with exit-code 50.
...
