000 (7198000.004.000) 09/06 11:06:25 Job submitted from host: <137.138.44.55:9618?addrs=137.138.44.55-9618+[2001-1458-d00-1a--48]-9618&alias=bigbird17.cern.ch&noUDP&sock=schedd_23962_8474>
...
040 (7198000.004.000) 09/06 11:55:17 Started transferring input files
	Transferring to host: <188.185.198.111:9618?addrs=188.185.198.111-9618+[2001-1458-303-25--100-6b]-9618&alias=b9p15p4924.cern.ch&noUDP&sock=slot1_62_11906_9a9d_21699>
...
040 (7198000.004.000) 09/06 11:55:17 Finished transferring input files
...
001 (7198000.004.000) 09/06 11:55:18 Job executing on host: <188.185.198.111:9618?addrs=188.185.198.111-9618+[2001-1458-303-25--100-6b]-9618&alias=b9p15p4924.cern.ch&noUDP&sock=startd_11856_ceef>
	SlotName: slot1_62@b9p15p4924.cern.ch
	CondorScratchDir = "/pool/condor/dir_4073934"
	Cpus = 1
	Disk = 3256027
	Memory = 2000
...
006 (7198000.004.000) 09/06 11:55:27 Image size of job updated: 567180
	554  -  MemoryUsage of job (MB)
	566872  -  ResidentSetSize of job (KB)
...
006 (7198000.004.000) 09/06 12:00:27 Image size of job updated: 792988
	565  -  MemoryUsage of job (MB)
	578224  -  ResidentSetSize of job (KB)
...
006 (7198000.004.000) 09/06 12:05:28 Image size of job updated: 792988
	587  -  MemoryUsage of job (MB)
	600252  -  ResidentSetSize of job (KB)
...
006 (7198000.004.000) 09/06 12:10:28 Image size of job updated: 792988
	587  -  MemoryUsage of job (MB)
	600764  -  ResidentSetSize of job (KB)
...
006 (7198000.004.000) 09/06 16:45:56 Image size of job updated: 792988
	587  -  MemoryUsage of job (MB)
	600936  -  ResidentSetSize of job (KB)
...
006 (7198000.004.000) 09/08 16:20:53 Image size of job updated: 1057292
	1033  -  MemoryUsage of job (MB)
	1057292  -  ResidentSetSize of job (KB)
...
006 (7198000.004.000) 09/08 16:25:53 Image size of job updated: 1355628
	1268  -  MemoryUsage of job (MB)
	1297552  -  ResidentSetSize of job (KB)
...
006 (7198000.004.000) 09/08 16:30:53 Image size of job updated: 1639260
	1601  -  MemoryUsage of job (MB)
	1639260  -  ResidentSetSize of job (KB)
...
006 (7198000.004.000) 09/08 16:35:54 Image size of job updated: 1961212
	1916  -  MemoryUsage of job (MB)
	1961212  -  ResidentSetSize of job (KB)
...
006 (7198000.004.000) 09/08 16:40:54 Image size of job updated: 2083480
	2035  -  MemoryUsage of job (MB)
	2083480  -  ResidentSetSize of job (KB)
...
006 (7198000.004.000) 09/08 16:45:55 Image size of job updated: 3629392
	3545  -  MemoryUsage of job (MB)
	3629388  -  ResidentSetSize of job (KB)
...
006 (7198000.004.000) 09/08 16:50:55 Image size of job updated: 3859216
	3769  -  MemoryUsage of job (MB)
	3859216  -  ResidentSetSize of job (KB)
...
006 (7198000.004.000) 09/08 16:55:56 Image size of job updated: 4096552
	4001  -  MemoryUsage of job (MB)
	4096552  -  ResidentSetSize of job (KB)
...
006 (7198000.004.000) 09/08 17:00:56 Image size of job updated: 4323996
	4223  -  MemoryUsage of job (MB)
	4323996  -  ResidentSetSize of job (KB)
...
006 (7198000.004.000) 09/08 17:05:56 Image size of job updated: 4559872
	4453  -  MemoryUsage of job (MB)
	4559872  -  ResidentSetSize of job (KB)
...
006 (7198000.004.000) 09/08 17:10:57 Image size of job updated: 4785660
	4674  -  MemoryUsage of job (MB)
	4785660  -  ResidentSetSize of job (KB)
...
006 (7198000.004.000) 09/08 17:15:57 Image size of job updated: 5010824
	4894  -  MemoryUsage of job (MB)
	5010824  -  ResidentSetSize of job (KB)
...
006 (7198000.004.000) 09/08 17:20:58 Image size of job updated: 5243404
	5121  -  MemoryUsage of job (MB)
	5243404  -  ResidentSetSize of job (KB)
...
006 (7198000.004.000) 09/08 17:25:58 Image size of job updated: 5485172
	5357  -  MemoryUsage of job (MB)
	5485172  -  ResidentSetSize of job (KB)
...
006 (7198000.004.000) 09/08 17:30:58 Image size of job updated: 5728936
	5595  -  MemoryUsage of job (MB)
	5728936  -  ResidentSetSize of job (KB)
...
006 (7198000.004.000) 09/08 17:35:59 Image size of job updated: 5967508
	5828  -  MemoryUsage of job (MB)
	5967508  -  ResidentSetSize of job (KB)
...
006 (7198000.004.000) 09/08 17:40:59 Image size of job updated: 6213376
	6068  -  MemoryUsage of job (MB)
	6213376  -  ResidentSetSize of job (KB)
...
006 (7198000.004.000) 09/08 17:46:00 Image size of job updated: 6453216
	6302  -  MemoryUsage of job (MB)
	6453216  -  ResidentSetSize of job (KB)
...
006 (7198000.004.000) 09/08 17:51:00 Image size of job updated: 6680592
	6525  -  MemoryUsage of job (MB)
	6680588  -  ResidentSetSize of job (KB)
...
006 (7198000.004.000) 09/08 17:56:01 Image size of job updated: 6930020
	6768  -  MemoryUsage of job (MB)
	6930020  -  ResidentSetSize of job (KB)
...
006 (7198000.004.000) 09/08 18:01:02 Image size of job updated: 7169380
	7002  -  MemoryUsage of job (MB)
	7169380  -  ResidentSetSize of job (KB)
...
006 (7198000.004.000) 09/08 18:06:02 Image size of job updated: 7415828
	7243  -  MemoryUsage of job (MB)
	7415828  -  ResidentSetSize of job (KB)
...
006 (7198000.004.000) 09/08 18:11:03 Image size of job updated: 7655116
	7476  -  MemoryUsage of job (MB)
	7655116  -  ResidentSetSize of job (KB)
...
006 (7198000.004.000) 09/08 18:16:03 Image size of job updated: 7668764
	7476  -  MemoryUsage of job (MB)
	7655372  -  ResidentSetSize of job (KB)
...
006 (7198000.004.000) 09/08 18:51:07 Image size of job updated: 7733696
	7544  -  MemoryUsage of job (MB)
	7724480  -  ResidentSetSize of job (KB)
...
006 (7198000.004.000) 09/08 18:56:08 Image size of job updated: 7802916
	7610  -  MemoryUsage of job (MB)
	7792260  -  ResidentSetSize of job (KB)
...
006 (7198000.004.000) 09/08 19:06:10 Image size of job updated: 7904432
	7720  -  MemoryUsage of job (MB)
	7904432  -  ResidentSetSize of job (KB)
...
006 (7198000.004.000) 09/08 19:11:10 Image size of job updated: 8007140
	7811  -  MemoryUsage of job (MB)
	7998180  -  ResidentSetSize of job (KB)
...
006 (7198000.004.000) 09/08 19:16:10 Image size of job updated: 8123652
	7934  -  MemoryUsage of job (MB)
	8123652  -  ResidentSetSize of job (KB)
...
006 (7198000.004.000) 09/08 19:21:11 Image size of job updated: 8196000
	7934  -  MemoryUsage of job (MB)
	8123652  -  ResidentSetSize of job (KB)
...
040 (7198000.004.000) 09/08 19:21:25 Started transferring output files
...
040 (7198000.004.000) 09/08 19:21:25 Finished transferring output files
...
005 (7198000.004.000) 09/08 19:21:25 Job terminated.
	(1) Normal termination (return value 50)
		Usr 2 06:17:09, Sys 0 00:17:00  -  Run Remote Usage
		Usr 0 00:00:00, Sys 0 00:00:00  -  Run Local Usage
		Usr 2 06:17:09, Sys 0 00:17:00  -  Total Remote Usage
		Usr 0 00:00:00, Sys 0 00:00:00  -  Total Local Usage
	87689  -  Run Bytes Sent By Job
	2934  -  Run Bytes Received By Job
	87689  -  Total Bytes Sent By Job
	2934  -  Total Bytes Received By Job
	Partitionable Resources :      Usage  Request Allocated 
	   Cpus                 :       1.00        1         1 
	   Disk (KB)            : 7732912           3   3256027 
	   Memory (MB)          :    7934        2000      2000 

	Job terminated of its own accord at 2024-09-08T17:21:25Z with exit-code 50.
...
