000 (7198000.006.000) 09/06 11:06:25 Job submitted from host: <137.138.44.55:9618?addrs=137.138.44.55-9618+[2001-1458-d00-1a--48]-9618&alias=bigbird17.cern.ch&noUDP&sock=schedd_23962_8474>
...
040 (7198000.006.000) 09/06 11:55:17 Started transferring input files
	Transferring to host: <188.185.198.111:9618?addrs=188.185.198.111-9618+[2001-1458-303-25--100-6b]-9618&alias=b9p15p4924.cern.ch&noUDP&sock=slot1_63_11906_9a9d_21700>
...
040 (7198000.006.000) 09/06 11:55:17 Finished transferring input files
...
001 (7198000.006.000) 09/06 11:55:18 Job executing on host: <188.185.198.111:9618?addrs=188.185.198.111-9618+[2001-1458-303-25--100-6b]-9618&alias=b9p15p4924.cern.ch&noUDP&sock=startd_11856_ceef>
	SlotName: slot1_63@b9p15p4924.cern.ch
	CondorScratchDir = "/pool/condor/dir_4074405"
	Cpus = 1
	Disk = 3255987
	Memory = 2000
...
006 (7198000.006.000) 09/06 11:55:28 Image size of job updated: 622052
	608  -  MemoryUsage of job (MB)
	622048  -  ResidentSetSize of job (KB)
...
006 (7198000.006.000) 09/06 12:00:29 Image size of job updated: 795076
	611  -  MemoryUsage of job (MB)
	625592  -  ResidentSetSize of job (KB)
...
006 (7198000.006.000) 09/06 12:05:29 Image size of job updated: 795076
	637  -  MemoryUsage of job (MB)
	652124  -  ResidentSetSize of job (KB)
...
006 (7198000.006.000) 09/08 16:15:52 Image size of job updated: 1324368
	1250  -  MemoryUsage of job (MB)
	1279288  -  ResidentSetSize of job (KB)
...
006 (7198000.006.000) 09/08 16:20:53 Image size of job updated: 1585720
	1549  -  MemoryUsage of job (MB)
	1585720  -  ResidentSetSize of job (KB)
...
006 (7198000.006.000) 09/08 16:25:53 Image size of job updated: 1801116
	1759  -  MemoryUsage of job (MB)
	1801040  -  ResidentSetSize of job (KB)
...
006 (7198000.006.000) 09/08 16:30:54 Image size of job updated: 2017588
	1967  -  MemoryUsage of job (MB)
	2013500  -  ResidentSetSize of job (KB)
...
006 (7198000.006.000) 09/08 16:35:54 Image size of job updated: 2263404
	1967  -  MemoryUsage of job (MB)
	2013500  -  ResidentSetSize of job (KB)
...
006 (7198000.006.000) 09/08 16:40:55 Image size of job updated: 4994876
	4878  -  MemoryUsage of job (MB)
	4994876  -  ResidentSetSize of job (KB)
...
006 (7198000.006.000) 09/08 16:45:55 Image size of job updated: 5238204
	5116  -  MemoryUsage of job (MB)
	5238204  -  ResidentSetSize of job (KB)
...
006 (7198000.006.000) 09/08 16:50:56 Image size of job updated: 5475036
	5347  -  MemoryUsage of job (MB)
	5475036  -  ResidentSetSize of job (KB)
...
006 (7198000.006.000) 09/08 16:55:56 Image size of job updated: 5710400
	5577  -  MemoryUsage of job (MB)
	5710400  -  ResidentSetSize of job (KB)
...
006 (7198000.006.000) 09/08 17:00:56 Image size of job updated: 5944984
	5806  -  MemoryUsage of job (MB)
	5944984  -  ResidentSetSize of job (KB)
...
006 (7198000.006.000) 09/08 17:05:57 Image size of job updated: 6170144
	6026  -  MemoryUsage of job (MB)
	6170144  -  ResidentSetSize of job (KB)
...
006 (7198000.006.000) 09/08 17:10:57 Image size of job updated: 6397332
	6248  -  MemoryUsage of job (MB)
	6397332  -  ResidentSetSize of job (KB)
...
006 (7198000.006.000) 09/08 17:15:58 Image size of job updated: 6626072
	6471  -  MemoryUsage of job (MB)
	6626072  -  ResidentSetSize of job (KB)
...
006 (7198000.006.000) 09/08 17:20:58 Image size of job updated: 6866836
	6706  -  MemoryUsage of job (MB)
	6866836  -  ResidentSetSize of job (KB)
...
006 (7198000.006.000) 09/08 17:25:59 Image size of job updated: 7100640
	6935  -  MemoryUsage of job (MB)
	7100640  -  ResidentSetSize of job (KB)
...
006 (7198000.006.000) 09/08 17:30:59 Image size of job updated: 7338256
	7167  -  MemoryUsage of job (MB)
	7338256  -  ResidentSetSize of job (KB)
...
006 (7198000.006.000) 09/08 17:35:59 Image size of job updated: 7584900
	7408  -  MemoryUsage of job (MB)
	7584900  -  ResidentSetSize of job (KB)
...
006 (7198000.006.000) 09/08 17:41:00 Image size of job updated: 7830288
	7647  -  MemoryUsage of job (MB)
	7830288  -  ResidentSetSize of job (KB)
...
006 (7198000.006.000) 09/08 17:46:01 Image size of job updated: 8074588
	7886  -  MemoryUsage of job (MB)
	8074588  -  ResidentSetSize of job (KB)
...
006 (7198000.006.000) 09/08 17:51:01 Image size of job updated: 8099180
	7886  -  MemoryUsage of job (MB)
	8074844  -  ResidentSetSize of job (KB)
...
006 (7198000.006.000) 09/08 18:11:03 Image size of job updated: 8099180
	7899  -  MemoryUsage of job (MB)
	8088380  -  ResidentSetSize of job (KB)
...
006 (7198000.006.000) 09/08 18:16:04 Image size of job updated: 8102716
	7899  -  MemoryUsage of job (MB)
	8088380  -  ResidentSetSize of job (KB)
...
006 (7198000.006.000) 09/08 18:51:08 Image size of job updated: 8154484
	7954  -  MemoryUsage of job (MB)
	8144480  -  ResidentSetSize of job (KB)
...
006 (7198000.006.000) 09/08 18:56:08 Image size of job updated: 8237000
	8038  -  MemoryUsage of job (MB)
	8230172  -  ResidentSetSize of job (KB)
...
006 (7198000.006.000) 09/08 19:01:09 Image size of job updated: 8244508
	8045  -  MemoryUsage of job (MB)
	8237776  -  ResidentSetSize of job (KB)
...
006 (7198000.006.000) 09/08 19:06:09 Image size of job updated: 8394696
	8198  -  MemoryUsage of job (MB)
	8394696  -  ResidentSetSize of job (KB)
...
006 (7198000.006.000) 09/08 19:11:10 Image size of job updated: 8474064
	8198  -  MemoryUsage of job (MB)
	8394696  -  ResidentSetSize of job (KB)
...
040 (7198000.006.000) 09/08 19:12:34 Started transferring output files
...
040 (7198000.006.000) 09/08 19:12:34 Finished transferring output files
...
005 (7198000.006.000) 09/08 19:12:34 Job terminated.
	(1) Normal termination (return value 0)
		Usr 2 06:05:48, Sys 0 00:18:04  -  Run Remote Usage
		Usr 0 00:00:00, Sys 0 00:00:00  -  Run Local Usage
		Usr 2 06:05:48, Sys 0 00:18:04  -  Total Remote Usage
		Usr 0 00:00:00, Sys 0 00:00:00  -  Total Local Usage
	87647  -  Run Bytes Sent By Job
	2934  -  Run Bytes Received By Job
	87647  -  Total Bytes Sent By Job
	2934  -  Total Bytes Received By Job
	Partitionable Resources :      Usage  Request Allocated 
	   Cpus                 :       1.00        1         1 
	   Disk (KB)            : 7688419           3   3255987 
	   Memory (MB)          :    8198        2000      2000 

	Job terminated of its own accord at 2024-09-08T17:12:34Z with exit-code 0.
...
