000 (7186271.005.000) 08/22 15:33:10 Job submitted from host: <137.138.44.55:9618?addrs=137.138.44.55-9618+[2001-1458-d00-1a--48]-9618&alias=bigbird17.cern.ch&noUDP&sock=schedd_23962_8474>
...
040 (7186271.005.000) 08/22 16:15:02 Started transferring input files
	Transferring to host: <128.142.248.81:9618?addrs=128.142.248.81-9618+[2001-1458-301-73--100-141]-9618&alias=b9g23p3234.cern.ch&noUDP&sock=slot1_62_3493222_a91c_5138>
...
040 (7186271.005.000) 08/22 16:15:02 Finished transferring input files
...
001 (7186271.005.000) 08/22 16:15:03 Job executing on host: <128.142.248.81:9618?addrs=128.142.248.81-9618+[2001-1458-301-73--100-141]-9618&alias=b9g23p3234.cern.ch&noUDP&sock=startd_5923_4389>
	SlotName: slot1_62@b9g23p3234.cern.ch
	CondorScratchDir = "/pool/condor/dir_1882842"
	Cpus = 1
	Disk = 3077366
	Memory = 2000
...
006 (7186271.005.000) 08/22 16:15:13 Image size of job updated: 252252
	247  -  MemoryUsage of job (MB)
	252160  -  ResidentSetSize of job (KB)
...
006 (7186271.005.000) 08/22 16:20:14 Image size of job updated: 3399328
	3320  -  MemoryUsage of job (MB)
	3399328  -  ResidentSetSize of job (KB)
...
006 (7186271.005.000) 08/22 16:22:19 Image size of job updated: 3488500
	3320  -  MemoryUsage of job (MB)
	3399328  -  ResidentSetSize of job (KB)
...
040 (7186271.005.000) 08/22 16:22:20 Started transferring output files
...
040 (7186271.005.000) 08/22 16:22:20 Finished transferring output files
...
005 (7186271.005.000) 08/22 16:22:20 Job terminated.
	(1) Normal termination (return value 50)
		Usr 0 00:04:55, Sys 0 00:00:15  -  Run Remote Usage
		Usr 0 00:00:00, Sys 0 00:00:00  -  Run Local Usage
		Usr 0 00:04:55, Sys 0 00:00:15  -  Total Remote Usage
		Usr 0 00:00:00, Sys 0 00:00:00  -  Total Local Usage
	15725  -  Run Bytes Sent By Job
	2763  -  Run Bytes Received By Job
	15725  -  Total Bytes Sent By Job
	2763  -  Total Bytes Received By Job
	Partitionable Resources :    Usage  Request Allocated 
	   Cpus                 :        0        1         1 
	   Disk (KB)            :   290136        3   3077366 
	   Memory (MB)          :     3320     2000      2000 

	Job terminated of its own accord at 2024-08-22T14:22:19Z with exit-code 50.
...
