000 (7234688.004.000) 10/04 05:18:45 Job submitted from host: <137.138.44.55:9618?addrs=137.138.44.55-9618+[2001-1458-d00-1a--48]-9618&alias=bigbird17.cern.ch&noUDP&sock=schedd_1981_6134>
...
040 (7234688.004.000) 10/04 19:24:16 Started transferring input files
	Transferring to host: <188.185.198.111:9618?addrs=188.185.198.111-9618+[2001-1458-303-25--100-6b]-9618&alias=b9p15p4924.cern.ch&noUDP&sock=slot1_42_1047965_e550_14368>
...
040 (7234688.004.000) 10/04 19:24:16 Finished transferring input files
...
001 (7234688.004.000) 10/04 19:24:17 Job executing on host: <188.185.198.111:9618?addrs=188.185.198.111-9618+[2001-1458-303-25--100-6b]-9618&alias=b9p15p4924.cern.ch&noUDP&sock=startd_11856_ceef>
	SlotName: slot1_42@b9p15p4924.cern.ch
	CondorScratchDir = "/pool/condor/dir_532308"
	Cpus = 1
	Disk = 3149389
	Memory = 2000
...
006 (7234688.004.000) 10/04 19:24:26 Image size of job updated: 265016
	259  -  MemoryUsage of job (MB)
	265016  -  ResidentSetSize of job (KB)
...
006 (7234688.004.000) 10/04 19:29:26 Image size of job updated: 930240
	708  -  MemoryUsage of job (MB)
	724640  -  ResidentSetSize of job (KB)
...
006 (7234688.004.000) 10/04 19:34:27 Image size of job updated: 930240
	708  -  MemoryUsage of job (MB)
	724648  -  ResidentSetSize of job (KB)
...
006 (7234688.004.000) 10/04 19:39:27 Image size of job updated: 930240
	713  -  MemoryUsage of job (MB)
	729548  -  ResidentSetSize of job (KB)
...
006 (7234688.004.000) 10/04 19:44:27 Image size of job updated: 930240
	715  -  MemoryUsage of job (MB)
	731616  -  ResidentSetSize of job (KB)
...
006 (7234688.004.000) 10/04 19:49:27 Image size of job updated: 930240
	721  -  MemoryUsage of job (MB)
	737436  -  ResidentSetSize of job (KB)
...
006 (7234688.004.000) 10/04 19:54:28 Image size of job updated: 930240
	724  -  MemoryUsage of job (MB)
	740472  -  ResidentSetSize of job (KB)
...
006 (7234688.004.000) 10/04 19:59:29 Image size of job updated: 930240
	724  -  MemoryUsage of job (MB)
	740728  -  ResidentSetSize of job (KB)
...
006 (7234688.004.000) 10/04 20:14:31 Image size of job updated: 930240
	725  -  MemoryUsage of job (MB)
	742076  -  ResidentSetSize of job (KB)
...
006 (7234688.004.000) 10/04 20:19:31 Image size of job updated: 930240
	731  -  MemoryUsage of job (MB)
	748032  -  ResidentSetSize of job (KB)
...
006 (7234688.004.000) 10/04 20:24:32 Image size of job updated: 930240
	732  -  MemoryUsage of job (MB)
	748860  -  ResidentSetSize of job (KB)
...
006 (7234688.004.000) 10/04 20:39:33 Image size of job updated: 930240
	733  -  MemoryUsage of job (MB)
	749940  -  ResidentSetSize of job (KB)
...
006 (7234688.004.000) 10/04 20:44:33 Image size of job updated: 930240
	738  -  MemoryUsage of job (MB)
	755464  -  ResidentSetSize of job (KB)
...
006 (7234688.004.000) 10/04 20:49:33 Image size of job updated: 930240
	740  -  MemoryUsage of job (MB)
	757084  -  ResidentSetSize of job (KB)
...
006 (7234688.004.000) 10/04 20:54:34 Image size of job updated: 930240
	742  -  MemoryUsage of job (MB)
	758816  -  ResidentSetSize of job (KB)
...
006 (7234688.004.000) 10/04 20:59:34 Image size of job updated: 930240
	744  -  MemoryUsage of job (MB)
	760948  -  ResidentSetSize of job (KB)
...
006 (7234688.004.000) 10/04 21:04:34 Image size of job updated: 930240
	745  -  MemoryUsage of job (MB)
	762372  -  ResidentSetSize of job (KB)
...
006 (7234688.004.000) 10/04 21:09:35 Image size of job updated: 930240
	747  -  MemoryUsage of job (MB)
	764044  -  ResidentSetSize of job (KB)
...
006 (7234688.004.000) 10/04 21:14:35 Image size of job updated: 930240
	749  -  MemoryUsage of job (MB)
	766036  -  ResidentSetSize of job (KB)
...
006 (7234688.004.000) 10/04 21:19:35 Image size of job updated: 930240
	750  -  MemoryUsage of job (MB)
	767388  -  ResidentSetSize of job (KB)
...
006 (7234688.004.000) 10/04 21:24:36 Image size of job updated: 930240
	751  -  MemoryUsage of job (MB)
	768140  -  ResidentSetSize of job (KB)
...
006 (7234688.004.000) 10/04 21:29:36 Image size of job updated: 930240
	753  -  MemoryUsage of job (MB)
	770284  -  ResidentSetSize of job (KB)
...
006 (7234688.004.000) 10/04 21:34:36 Image size of job updated: 930240
	754  -  MemoryUsage of job (MB)
	771604  -  ResidentSetSize of job (KB)
...
006 (7234688.004.000) 10/04 21:39:37 Image size of job updated: 930240
	754  -  MemoryUsage of job (MB)
	771620  -  ResidentSetSize of job (KB)
...
006 (7234688.004.000) 10/04 22:04:40 Image size of job updated: 930240
	755  -  MemoryUsage of job (MB)
	772680  -  ResidentSetSize of job (KB)
...
006 (7234688.004.000) 10/04 22:09:40 Image size of job updated: 930240
	759  -  MemoryUsage of job (MB)
	777048  -  ResidentSetSize of job (KB)
...
006 (7234688.004.000) 10/04 22:14:41 Image size of job updated: 930240
	761  -  MemoryUsage of job (MB)
	778712  -  ResidentSetSize of job (KB)
...
006 (7234688.004.000) 10/04 22:29:43 Image size of job updated: 930240
	762  -  MemoryUsage of job (MB)
	779668  -  ResidentSetSize of job (KB)
...
006 (7234688.004.000) 10/04 22:34:44 Image size of job updated: 930240
	763  -  MemoryUsage of job (MB)
	781040  -  ResidentSetSize of job (KB)
...
006 (7234688.004.000) 10/04 22:44:45 Image size of job updated: 930240
	766  -  MemoryUsage of job (MB)
	783760  -  ResidentSetSize of job (KB)
...
006 (7234688.004.000) 10/04 22:49:46 Image size of job updated: 930240
	771  -  MemoryUsage of job (MB)
	788584  -  ResidentSetSize of job (KB)
...
006 (7234688.004.000) 10/04 22:54:46 Image size of job updated: 930240
	774  -  MemoryUsage of job (MB)
	792324  -  ResidentSetSize of job (KB)
...
006 (7234688.004.000) 10/04 22:59:47 Image size of job updated: 930240
	778  -  MemoryUsage of job (MB)
	795892  -  ResidentSetSize of job (KB)
...
006 (7234688.004.000) 10/04 23:04:48 Image size of job updated: 930240
	781  -  MemoryUsage of job (MB)
	798948  -  ResidentSetSize of job (KB)
...
006 (7234688.004.000) 10/05 00:09:54 Image size of job updated: 930240
	785  -  MemoryUsage of job (MB)
	803376  -  ResidentSetSize of job (KB)
...
006 (7234688.004.000) 10/05 00:19:55 Image size of job updated: 930240
	786  -  MemoryUsage of job (MB)
	804668  -  ResidentSetSize of job (KB)
...
006 (7234688.004.000) 10/05 00:24:55 Image size of job updated: 930240
	789  -  MemoryUsage of job (MB)
	807424  -  ResidentSetSize of job (KB)
...
006 (7234688.004.000) 10/05 00:29:56 Image size of job updated: 930240
	790  -  MemoryUsage of job (MB)
	808520  -  ResidentSetSize of job (KB)
...
006 (7234688.004.000) 10/05 00:34:56 Image size of job updated: 930240
	790  -  MemoryUsage of job (MB)
	808932  -  ResidentSetSize of job (KB)
...
006 (7234688.004.000) 10/05 00:44:57 Image size of job updated: 930240
	793  -  MemoryUsage of job (MB)
	811176  -  ResidentSetSize of job (KB)
...
006 (7234688.004.000) 10/05 00:49:58 Image size of job updated: 930240
	794  -  MemoryUsage of job (MB)
	812460  -  ResidentSetSize of job (KB)
...
006 (7234688.004.000) 10/05 00:54:58 Image size of job updated: 930240
	795  -  MemoryUsage of job (MB)
	813512  -  ResidentSetSize of job (KB)
...
006 (7234688.004.000) 10/05 00:59:59 Image size of job updated: 930240
	796  -  MemoryUsage of job (MB)
	814484  -  ResidentSetSize of job (KB)
...
006 (7234688.004.000) 10/05 01:04:59 Image size of job updated: 930240
	797  -  MemoryUsage of job (MB)
	815976  -  ResidentSetSize of job (KB)
...
006 (7234688.004.000) 10/05 01:09:59 Image size of job updated: 930240
	799  -  MemoryUsage of job (MB)
	817324  -  ResidentSetSize of job (KB)
...
006 (7234688.004.000) 10/05 01:15:00 Image size of job updated: 930240
	800  -  MemoryUsage of job (MB)
	818792  -  ResidentSetSize of job (KB)
...
006 (7234688.004.000) 10/05 01:20:00 Image size of job updated: 930240
	802  -  MemoryUsage of job (MB)
	820520  -  ResidentSetSize of job (KB)
...
006 (7234688.004.000) 10/05 01:25:00 Image size of job updated: 930240
	803  -  MemoryUsage of job (MB)
	822148  -  ResidentSetSize of job (KB)
...
006 (7234688.004.000) 10/05 01:30:01 Image size of job updated: 930240
	804  -  MemoryUsage of job (MB)
	822656  -  ResidentSetSize of job (KB)
...
006 (7234688.004.000) 10/05 01:35:01 Image size of job updated: 930240
	806  -  MemoryUsage of job (MB)
	824844  -  ResidentSetSize of job (KB)
...
006 (7234688.004.000) 10/05 01:40:02 Image size of job updated: 930240
	806  -  MemoryUsage of job (MB)
	825248  -  ResidentSetSize of job (KB)
...
006 (7234688.004.000) 10/05 01:45:02 Image size of job updated: 930240
	807  -  MemoryUsage of job (MB)
	825780  -  ResidentSetSize of job (KB)
...
006 (7234688.004.000) 10/05 01:50:03 Image size of job updated: 930240
	808  -  MemoryUsage of job (MB)
	826444  -  ResidentSetSize of job (KB)
...
006 (7234688.004.000) 10/05 01:55:04 Image size of job updated: 930240
	809  -  MemoryUsage of job (MB)
	827756  -  ResidentSetSize of job (KB)
...
006 (7234688.004.000) 10/05 02:00:04 Image size of job updated: 930240
	809  -  MemoryUsage of job (MB)
	828196  -  ResidentSetSize of job (KB)
...
006 (7234688.004.000) 10/05 02:05:05 Image size of job updated: 930240
	810  -  MemoryUsage of job (MB)
	828508  -  ResidentSetSize of job (KB)
...
006 (7234688.004.000) 10/05 02:10:06 Image size of job updated: 930240
	811  -  MemoryUsage of job (MB)
	829628  -  ResidentSetSize of job (KB)
...
006 (7234688.004.000) 10/05 02:15:06 Image size of job updated: 930240
	811  -  MemoryUsage of job (MB)
	830276  -  ResidentSetSize of job (KB)
...
006 (7234688.004.000) 10/05 02:20:07 Image size of job updated: 930240
	812  -  MemoryUsage of job (MB)
	831476  -  ResidentSetSize of job (KB)
...
006 (7234688.004.000) 10/05 02:25:07 Image size of job updated: 930240
	814  -  MemoryUsage of job (MB)
	832920  -  ResidentSetSize of job (KB)
...
006 (7234688.004.000) 10/05 02:30:07 Image size of job updated: 930240
	816  -  MemoryUsage of job (MB)
	835308  -  ResidentSetSize of job (KB)
...
006 (7234688.004.000) 10/05 02:35:08 Image size of job updated: 930240
	821  -  MemoryUsage of job (MB)
	839812  -  ResidentSetSize of job (KB)
...
006 (7234688.004.000) 10/05 03:00:11 Image size of job updated: 930240
	823  -  MemoryUsage of job (MB)
	842636  -  ResidentSetSize of job (KB)
...
006 (7234688.004.000) 10/05 03:25:14 Image size of job updated: 930240
	824  -  MemoryUsage of job (MB)
	842872  -  ResidentSetSize of job (KB)
...
006 (7234688.004.000) 10/05 03:30:14 Image size of job updated: 930240
	825  -  MemoryUsage of job (MB)
	844104  -  ResidentSetSize of job (KB)
...
006 (7234688.004.000) 10/05 03:35:14 Image size of job updated: 930240
	825  -  MemoryUsage of job (MB)
	844444  -  ResidentSetSize of job (KB)
...
006 (7234688.004.000) 10/05 03:40:15 Image size of job updated: 930240
	826  -  MemoryUsage of job (MB)
	845172  -  ResidentSetSize of job (KB)
...
006 (7234688.004.000) 10/05 03:45:15 Image size of job updated: 930240
	826  -  MemoryUsage of job (MB)
	845584  -  ResidentSetSize of job (KB)
...
006 (7234688.004.000) 10/05 03:50:16 Image size of job updated: 930240
	832  -  MemoryUsage of job (MB)
	851460  -  ResidentSetSize of job (KB)
...
006 (7234688.004.000) 10/05 04:25:20 Image size of job updated: 930240
	834  -  MemoryUsage of job (MB)
	853616  -  ResidentSetSize of job (KB)
...
006 (7234688.004.000) 10/05 04:50:24 Image size of job updated: 930240
	836  -  MemoryUsage of job (MB)
	855196  -  ResidentSetSize of job (KB)
...
006 (7234688.004.000) 10/05 05:05:26 Image size of job updated: 930240
	838  -  MemoryUsage of job (MB)
	857120  -  ResidentSetSize of job (KB)
...
006 (7234688.004.000) 10/05 05:20:27 Image size of job updated: 930240
	838  -  MemoryUsage of job (MB)
	857496  -  ResidentSetSize of job (KB)
...
006 (7234688.004.000) 10/05 05:30:28 Image size of job updated: 930240
	838  -  MemoryUsage of job (MB)
	857832  -  ResidentSetSize of job (KB)
...
006 (7234688.004.000) 10/05 05:40:29 Image size of job updated: 930240
	840  -  MemoryUsage of job (MB)
	859428  -  ResidentSetSize of job (KB)
...
006 (7234688.004.000) 10/05 05:45:30 Image size of job updated: 930240
	844  -  MemoryUsage of job (MB)
	864216  -  ResidentSetSize of job (KB)
...
006 (7234688.004.000) 10/05 06:00:31 Image size of job updated: 930240
	846  -  MemoryUsage of job (MB)
	866136  -  ResidentSetSize of job (KB)
...
006 (7234688.004.000) 10/05 06:05:32 Image size of job updated: 930240
	847  -  MemoryUsage of job (MB)
	866996  -  ResidentSetSize of job (KB)
...
006 (7234688.004.000) 10/05 06:10:33 Image size of job updated: 930240
	848  -  MemoryUsage of job (MB)
	868120  -  ResidentSetSize of job (KB)
...
006 (7234688.004.000) 10/05 06:15:33 Image size of job updated: 930240
	849  -  MemoryUsage of job (MB)
	869320  -  ResidentSetSize of job (KB)
...
006 (7234688.004.000) 10/05 06:20:34 Image size of job updated: 930240
	851  -  MemoryUsage of job (MB)
	870796  -  ResidentSetSize of job (KB)
...
006 (7234688.004.000) 10/05 06:25:35 Image size of job updated: 930240
	852  -  MemoryUsage of job (MB)
	871808  -  ResidentSetSize of job (KB)
...
006 (7234688.004.000) 10/05 06:30:35 Image size of job updated: 930240
	854  -  MemoryUsage of job (MB)
	873848  -  ResidentSetSize of job (KB)
...
006 (7234688.004.000) 10/05 06:35:36 Image size of job updated: 930240
	855  -  MemoryUsage of job (MB)
	874788  -  ResidentSetSize of job (KB)
...
006 (7234688.004.000) 10/05 06:40:36 Image size of job updated: 930240
	855  -  MemoryUsage of job (MB)
	875016  -  ResidentSetSize of job (KB)
...
006 (7234688.004.000) 10/05 06:45:36 Image size of job updated: 930240
	856  -  MemoryUsage of job (MB)
	876396  -  ResidentSetSize of job (KB)
...
006 (7234688.004.000) 10/05 06:55:37 Image size of job updated: 930240
	858  -  MemoryUsage of job (MB)
	877884  -  ResidentSetSize of job (KB)
...
006 (7234688.004.000) 10/05 07:00:37 Image size of job updated: 930240
	858  -  MemoryUsage of job (MB)
	878340  -  ResidentSetSize of job (KB)
...
006 (7234688.004.000) 10/05 07:05:38 Image size of job updated: 930240
	859  -  MemoryUsage of job (MB)
	879588  -  ResidentSetSize of job (KB)
...
006 (7234688.004.000) 10/05 07:10:38 Image size of job updated: 930240
	860  -  MemoryUsage of job (MB)
	880352  -  ResidentSetSize of job (KB)
...
006 (7234688.004.000) 10/05 07:15:39 Image size of job updated: 930240
	863  -  MemoryUsage of job (MB)
	883476  -  ResidentSetSize of job (KB)
...
006 (7234688.004.000) 10/05 07:25:40 Image size of job updated: 930240
	864  -  MemoryUsage of job (MB)
	884376  -  ResidentSetSize of job (KB)
...
006 (7234688.004.000) 10/05 07:30:41 Image size of job updated: 930240
	865  -  MemoryUsage of job (MB)
	885076  -  ResidentSetSize of job (KB)
...
006 (7234688.004.000) 10/05 07:35:41 Image size of job updated: 930240
	868  -  MemoryUsage of job (MB)
	888056  -  ResidentSetSize of job (KB)
...
006 (7234688.004.000) 10/05 07:45:43 Image size of job updated: 930240
	868  -  MemoryUsage of job (MB)
	888584  -  ResidentSetSize of job (KB)
...
006 (7234688.004.000) 10/05 07:50:43 Image size of job updated: 930240
	869  -  MemoryUsage of job (MB)
	889752  -  ResidentSetSize of job (KB)
...
006 (7234688.004.000) 10/05 07:55:44 Image size of job updated: 930240
	871  -  MemoryUsage of job (MB)
	890956  -  ResidentSetSize of job (KB)
...
006 (7234688.004.000) 10/05 08:00:45 Image size of job updated: 930240
	872  -  MemoryUsage of job (MB)
	892208  -  ResidentSetSize of job (KB)
...
006 (7234688.004.000) 10/05 08:05:45 Image size of job updated: 930240
	873  -  MemoryUsage of job (MB)
	893576  -  ResidentSetSize of job (KB)
...
006 (7234688.004.000) 10/05 08:10:46 Image size of job updated: 930240
	875  -  MemoryUsage of job (MB)
	895020  -  ResidentSetSize of job (KB)
...
006 (7234688.004.000) 10/05 08:15:46 Image size of job updated: 930240
	876  -  MemoryUsage of job (MB)
	896220  -  ResidentSetSize of job (KB)
...
006 (7234688.004.000) 10/05 08:20:46 Image size of job updated: 930240
	879  -  MemoryUsage of job (MB)
	899600  -  ResidentSetSize of job (KB)
...
022 (7234688.004.000) 10/07 11:58:01 Job disconnected, attempting to reconnect
    Socket between submit and execute hosts closed unexpectedly
    Trying to reconnect to slot1_42@b9p15p4924.cern.ch <188.185.198.111:9618?addrs=188.185.198.111-9618+[2001-1458-303-25--100-6b]-9618&alias=b9p15p4924.cern.ch&noUDP&sock=startd_11856_ceef>
...
024 (7234688.004.000) 10/07 13:28:01 Job reconnection failed
    Job disconnected too long: JobLeaseDuration (5400 seconds) expired
    Can not reconnect to slot1_42@b9p15p4924.cern.ch, rescheduling job
...
040 (7234688.004.000) 10/07 14:28:45 Started transferring input files
	Transferring to host: <188.185.198.111:9618?addrs=188.185.198.111-9618+[2001-1458-303-25--100-6b]-9618&alias=b9p15p4924.cern.ch&noUDP&sock=slot1_15_2276467_b0b5_133>
...
040 (7234688.004.000) 10/07 14:28:45 Finished transferring input files
...
001 (7234688.004.000) 10/07 14:28:46 Job executing on host: <188.185.198.111:9618?addrs=188.185.198.111-9618+[2001-1458-303-25--100-6b]-9618&alias=b9p15p4924.cern.ch&noUDP&sock=startd_11856_ceef>
	SlotName: slot1_15@b9p15p4924.cern.ch
	CondorScratchDir = "/pool/condor/dir_2606565"
	Cpus = 1
	Disk = 3146269
	Memory = 2000
...
006 (7234688.004.000) 10/08 09:20:52 Image size of job updated: 1002756
	977  -  MemoryUsage of job (MB)
	1000000  -  ResidentSetSize of job (KB)
...
006 (7234688.004.000) 10/08 09:25:52 Image size of job updated: 1003352
	977  -  MemoryUsage of job (MB)
	1000000  -  ResidentSetSize of job (KB)
...
006 (7234688.004.000) 10/08 09:30:53 Image size of job updated: 1006816
	978  -  MemoryUsage of job (MB)
	1001412  -  ResidentSetSize of job (KB)
...
006 (7234688.004.000) 10/08 09:35:54 Image size of job updated: 1006816
	980  -  MemoryUsage of job (MB)
	1002652  -  ResidentSetSize of job (KB)
...
006 (7234688.004.000) 10/08 09:40:54 Image size of job updated: 1007412
	981  -  MemoryUsage of job (MB)
	1004268  -  ResidentSetSize of job (KB)
...
006 (7234688.004.000) 10/08 09:45:55 Image size of job updated: 1011664
	988  -  MemoryUsage of job (MB)
	1011400  -  ResidentSetSize of job (KB)
...
006 (7234688.004.000) 10/08 09:50:55 Image size of job updated: 1013376
	988  -  MemoryUsage of job (MB)
	1011400  -  ResidentSetSize of job (KB)
...
006 (7234688.004.000) 10/08 10:05:56 Image size of job updated: 1015964
	988  -  MemoryUsage of job (MB)
	1011400  -  ResidentSetSize of job (KB)
...
006 (7234688.004.000) 10/08 10:10:57 Image size of job updated: 1024924
	996  -  MemoryUsage of job (MB)
	1019748  -  ResidentSetSize of job (KB)
...
006 (7234688.004.000) 10/08 10:15:57 Image size of job updated: 1027804
	999  -  MemoryUsage of job (MB)
	1022720  -  ResidentSetSize of job (KB)
...
006 (7234688.004.000) 10/08 10:51:00 Image size of job updated: 1028192
	1004  -  MemoryUsage of job (MB)
	1027320  -  ResidentSetSize of job (KB)
...
006 (7234688.004.000) 10/08 10:56:01 Image size of job updated: 1030144
	1005  -  MemoryUsage of job (MB)
	1028800  -  ResidentSetSize of job (KB)
...
006 (7234688.004.000) 10/08 11:01:01 Image size of job updated: 1033816
	1010  -  MemoryUsage of job (MB)
	1033708  -  ResidentSetSize of job (KB)
...
006 (7234688.004.000) 10/08 11:06:02 Image size of job updated: 1036952
	1013  -  MemoryUsage of job (MB)
	1036952  -  ResidentSetSize of job (KB)
...
006 (7234688.004.000) 10/08 11:11:02 Image size of job updated: 1046164
	1020  -  MemoryUsage of job (MB)
	1044120  -  ResidentSetSize of job (KB)
...
006 (7234688.004.000) 10/08 11:16:03 Image size of job updated: 1046348
	1022  -  MemoryUsage of job (MB)
	1046108  -  ResidentSetSize of job (KB)
...
006 (7234688.004.000) 10/08 11:21:03 Image size of job updated: 1046508
	1022  -  MemoryUsage of job (MB)
	1046260  -  ResidentSetSize of job (KB)
...
006 (7234688.004.000) 10/08 11:26:04 Image size of job updated: 1046652
	1022  -  MemoryUsage of job (MB)
	1046420  -  ResidentSetSize of job (KB)
...
006 (7234688.004.000) 10/08 11:31:05 Image size of job updated: 1051552
	1022  -  MemoryUsage of job (MB)
	1046420  -  ResidentSetSize of job (KB)
...
006 (7234688.004.000) 10/08 11:36:05 Image size of job updated: 1051552
	1025  -  MemoryUsage of job (MB)
	1048704  -  ResidentSetSize of job (KB)
...
006 (7234688.004.000) 10/08 11:41:07 Image size of job updated: 1053208
	1029  -  MemoryUsage of job (MB)
	1053072  -  ResidentSetSize of job (KB)
...
006 (7234688.004.000) 10/08 11:46:07 Image size of job updated: 1057396
	1033  -  MemoryUsage of job (MB)
	1057160  -  ResidentSetSize of job (KB)
...
006 (7234688.004.000) 10/08 11:51:08 Image size of job updated: 1061800
	1037  -  MemoryUsage of job (MB)
	1061704  -  ResidentSetSize of job (KB)
...
006 (7234688.004.000) 10/08 11:56:08 Image size of job updated: 1066340
	1042  -  MemoryUsage of job (MB)
	1066268  -  ResidentSetSize of job (KB)
...
006 (7234688.004.000) 10/08 12:01:09 Image size of job updated: 1067712
	1043  -  MemoryUsage of job (MB)
	1067560  -  ResidentSetSize of job (KB)
...
006 (7234688.004.000) 10/08 12:06:09 Image size of job updated: 1068524
	1044  -  MemoryUsage of job (MB)
	1068524  -  ResidentSetSize of job (KB)
...
006 (7234688.004.000) 10/08 12:11:10 Image size of job updated: 1069140
	1044  -  MemoryUsage of job (MB)
	1068972  -  ResidentSetSize of job (KB)
...
006 (7234688.004.000) 10/08 12:16:10 Image size of job updated: 1085144
	1044  -  MemoryUsage of job (MB)
	1068972  -  ResidentSetSize of job (KB)
...
040 (7234688.004.000) 10/09 13:29:11 Started transferring output files
...
040 (7234688.004.000) 10/09 13:29:11 Finished transferring output files
...
005 (7234688.004.000) 10/09 13:29:11 Job terminated.
	(1) Normal termination (return value 135)
		Usr 1 22:39:01, Sys 0 00:04:01  -  Run Remote Usage
		Usr 0 00:00:00, Sys 0 00:00:00  -  Run Local Usage
		Usr 4 10:13:06, Sys 0 00:14:02  -  Total Remote Usage
		Usr 0 00:00:00, Sys 0 00:00:00  -  Total Local Usage
	23145  -  Run Bytes Sent By Job
	2422  -  Run Bytes Received By Job
	23145  -  Total Bytes Sent By Job
	4844  -  Total Bytes Received By Job
	Partitionable Resources :      Usage  Request Allocated 
	   Cpus                 :       0.99        1         1 
	   Disk (KB)            : 1066384     1250000   3146269 
	   Memory (MB)          :    1044        2000      2000 

	Job terminated of its own accord at 2024-10-09T11:29:11Z with exit-code 135.
...
