000 (7234688.006.000) 10/04 05:18:45 Job submitted from host: <137.138.44.55:9618?addrs=137.138.44.55-9618+[2001-1458-d00-1a--48]-9618&alias=bigbird17.cern.ch&noUDP&sock=schedd_1981_6134>
...
040 (7234688.006.000) 10/04 19:24:16 Started transferring input files
	Transferring to host: <188.185.198.111:9618?addrs=188.185.198.111-9618+[2001-1458-303-25--100-6b]-9618&alias=b9p15p4924.cern.ch&noUDP&sock=slot1_47_1047965_e550_14369>
...
040 (7234688.006.000) 10/04 19:24:16 Finished transferring input files
...
001 (7234688.006.000) 10/04 19:24:17 Job executing on host: <188.185.198.111:9618?addrs=188.185.198.111-9618+[2001-1458-303-25--100-6b]-9618&alias=b9p15p4924.cern.ch&noUDP&sock=startd_11856_ceef>
	SlotName: slot1_47@b9p15p4924.cern.ch
	CondorScratchDir = "/pool/condor/dir_532310"
	Cpus = 1
	Disk = 3149388
	Memory = 2000
...
006 (7234688.006.000) 10/04 19:24:26 Image size of job updated: 284852
	279  -  MemoryUsage of job (MB)
	284848  -  ResidentSetSize of job (KB)
...
006 (7234688.006.000) 10/04 19:29:26 Image size of job updated: 927036
	706  -  MemoryUsage of job (MB)
	722188  -  ResidentSetSize of job (KB)
...
006 (7234688.006.000) 10/07 07:41:06 Image size of job updated: 927036
	707  -  MemoryUsage of job (MB)
	723040  -  ResidentSetSize of job (KB)
...
006 (7234688.006.000) 10/07 07:46:07 Image size of job updated: 927036
	710  -  MemoryUsage of job (MB)
	726404  -  ResidentSetSize of job (KB)
...
006 (7234688.006.000) 10/07 07:51:07 Image size of job updated: 927036
	714  -  MemoryUsage of job (MB)
	730736  -  ResidentSetSize of job (KB)
...
006 (7234688.006.000) 10/07 07:56:08 Image size of job updated: 927036
	715  -  MemoryUsage of job (MB)
	731892  -  ResidentSetSize of job (KB)
...
006 (7234688.006.000) 10/07 08:01:08 Image size of job updated: 927036
	717  -  MemoryUsage of job (MB)
	733548  -  ResidentSetSize of job (KB)
...
006 (7234688.006.000) 10/07 08:06:08 Image size of job updated: 927036
	718  -  MemoryUsage of job (MB)
	734592  -  ResidentSetSize of job (KB)
...
006 (7234688.006.000) 10/07 08:11:09 Image size of job updated: 927036
	719  -  MemoryUsage of job (MB)
	735600  -  ResidentSetSize of job (KB)
...
006 (7234688.006.000) 10/07 08:16:09 Image size of job updated: 927036
	720  -  MemoryUsage of job (MB)
	737112  -  ResidentSetSize of job (KB)
...
006 (7234688.006.000) 10/07 08:21:10 Image size of job updated: 927036
	721  -  MemoryUsage of job (MB)
	738284  -  ResidentSetSize of job (KB)
...
006 (7234688.006.000) 10/07 08:26:10 Image size of job updated: 927036
	722  -  MemoryUsage of job (MB)
	739288  -  ResidentSetSize of job (KB)
...
006 (7234688.006.000) 10/07 08:31:11 Image size of job updated: 927036
	723  -  MemoryUsage of job (MB)
	740016  -  ResidentSetSize of job (KB)
...
006 (7234688.006.000) 10/07 08:36:12 Image size of job updated: 927036
	724  -  MemoryUsage of job (MB)
	741148  -  ResidentSetSize of job (KB)
...
006 (7234688.006.000) 10/07 08:41:12 Image size of job updated: 927036
	726  -  MemoryUsage of job (MB)
	742600  -  ResidentSetSize of job (KB)
...
006 (7234688.006.000) 10/07 08:46:13 Image size of job updated: 927036
	734  -  MemoryUsage of job (MB)
	750660  -  ResidentSetSize of job (KB)
...
006 (7234688.006.000) 10/07 08:51:13 Image size of job updated: 927036
	736  -  MemoryUsage of job (MB)
	753488  -  ResidentSetSize of job (KB)
...
006 (7234688.006.000) 10/07 08:56:14 Image size of job updated: 927036
	740  -  MemoryUsage of job (MB)
	757092  -  ResidentSetSize of job (KB)
...
006 (7234688.006.000) 10/07 09:01:14 Image size of job updated: 927036
	742  -  MemoryUsage of job (MB)
	759372  -  ResidentSetSize of job (KB)
...
006 (7234688.006.000) 10/07 09:06:15 Image size of job updated: 927036
	744  -  MemoryUsage of job (MB)
	761284  -  ResidentSetSize of job (KB)
...
006 (7234688.006.000) 10/07 09:11:15 Image size of job updated: 927036
	747  -  MemoryUsage of job (MB)
	764016  -  ResidentSetSize of job (KB)
...
006 (7234688.006.000) 10/07 09:16:16 Image size of job updated: 927036
	749  -  MemoryUsage of job (MB)
	766724  -  ResidentSetSize of job (KB)
...
006 (7234688.006.000) 10/07 09:21:16 Image size of job updated: 927036
	755  -  MemoryUsage of job (MB)
	773072  -  ResidentSetSize of job (KB)
...
006 (7234688.006.000) 10/07 09:26:17 Image size of job updated: 927036
	756  -  MemoryUsage of job (MB)
	773640  -  ResidentSetSize of job (KB)
...
006 (7234688.006.000) 10/07 09:31:17 Image size of job updated: 927036
	757  -  MemoryUsage of job (MB)
	774792  -  ResidentSetSize of job (KB)
...
006 (7234688.006.000) 10/07 09:36:18 Image size of job updated: 927036
	760  -  MemoryUsage of job (MB)
	777516  -  ResidentSetSize of job (KB)
...
006 (7234688.006.000) 10/07 09:41:18 Image size of job updated: 927036
	761  -  MemoryUsage of job (MB)
	778772  -  ResidentSetSize of job (KB)
...
006 (7234688.006.000) 10/07 09:46:19 Image size of job updated: 927036
	766  -  MemoryUsage of job (MB)
	783720  -  ResidentSetSize of job (KB)
...
006 (7234688.006.000) 10/07 10:06:20 Image size of job updated: 927036
	768  -  MemoryUsage of job (MB)
	785604  -  ResidentSetSize of job (KB)
...
006 (7234688.006.000) 10/07 10:11:21 Image size of job updated: 927036
	770  -  MemoryUsage of job (MB)
	787500  -  ResidentSetSize of job (KB)
...
006 (7234688.006.000) 10/07 10:16:22 Image size of job updated: 927036
	777  -  MemoryUsage of job (MB)
	794816  -  ResidentSetSize of job (KB)
...
022 (7234688.006.000) 10/07 11:58:01 Job disconnected, attempting to reconnect
    Socket between submit and execute hosts closed unexpectedly
    Trying to reconnect to slot1_47@b9p15p4924.cern.ch <188.185.198.111:9618?addrs=188.185.198.111-9618+[2001-1458-303-25--100-6b]-9618&alias=b9p15p4924.cern.ch&noUDP&sock=startd_11856_ceef>
...
024 (7234688.006.000) 10/07 13:28:01 Job reconnection failed
    Job disconnected too long: JobLeaseDuration (5400 seconds) expired
    Can not reconnect to slot1_47@b9p15p4924.cern.ch, rescheduling job
...
040 (7234688.006.000) 10/07 14:30:31 Started transferring input files
	Transferring to host: <128.142.248.218:9618?addrs=128.142.248.218-9618+[2001-1458-301-73--100-d9]-9618&alias=b9g23p2883.cern.ch&noUDP&sock=slot1_15_1412154_fe0a_41769>
...
040 (7234688.006.000) 10/07 14:30:31 Finished transferring input files
...
001 (7234688.006.000) 10/07 14:30:32 Job executing on host: <128.142.248.218:9618?addrs=128.142.248.218-9618+[2001-1458-301-73--100-d9]-9618&alias=b9g23p2883.cern.ch&noUDP&sock=startd_1412115_0387>
	SlotName: slot1_15@b9g23p2883.cern.ch
	CondorScratchDir = "/pool/condor/dir_832147"
	Cpus = 1
	Disk = 2976059
	Memory = 2000
...
040 (7234688.006.000) 10/11 16:16:41 Started transferring output files
...
040 (7234688.006.000) 10/11 16:16:41 Finished transferring output files
...
004 (7234688.006.000) 10/11 16:16:41 Job was evicted.
	(0) CPU times
		Usr 3 22:02:14, Sys 0 00:21:08  -  Run Remote Usage
		Usr 0 00:00:00, Sys 0 00:00:00  -  Run Local Usage
	10803  -  Run Bytes Sent By Job
	2422  -  Run Bytes Received By Job
	Partitionable Resources :      Usage  Request Allocated 
	   Cpus                 :       0.99        1         1 
	   Disk (KB)            : 1136374     1250000   2976059 
	   Memory (MB)          :     977        2000      2000 
...
009 (7234688.006.000) 10/11 16:16:41 Job was aborted.
	via condor_rm (by user choij)
...
