000 (7186281.002.000) 08/22 15:33:18 Job submitted from host: <137.138.44.55:9618?addrs=137.138.44.55-9618+[2001-1458-d00-1a--48]-9618&alias=bigbird17.cern.ch&noUDP&sock=schedd_23962_8474>
...
040 (7186281.002.000) 08/22 21:55:52 Started transferring input files
	Transferring to host: <188.185.93.14:9618?addrs=188.185.93.14-9618+[2001-1458-d00-6c--100-3cf]-9618&alias=b9g57n9600.cern.ch&noUDP&sock=slot1_1_17414_7cfd_105545>
...
040 (7186281.002.000) 08/22 21:55:52 Finished transferring input files
...
001 (7186281.002.000) 08/22 21:55:53 Job executing on host: <188.185.93.14:9618?addrs=188.185.93.14-9618+[2001-1458-d00-6c--100-3cf]-9618&alias=b9g57n9600.cern.ch&noUDP&sock=startd_17374_b286>
	SlotName: slot1_1@b9g57n9600.cern.ch
	AvailableGPUs = { GPUs_GPU_b0315e2a }
	CondorScratchDir = "/pool/condor/dir_3411728"
	Cpus = 1
	Disk = 321642
	GPUs = 1
	GPUs_GPU_b0315e2a = [ GlobalMemoryMb = 40326; MaxSupportedVersion = 12040; DriverVersion = 12.4; DeviceUuid = "b0315e2a-398c-3794-58e5-7fc069bfb315"; DeviceName = "NVIDIA A100-PCIE-40GB"; CoresPerCU = 64; ECCEnabled = true; ComputeUnits = 108; ClockMhz = 1410.0; Id = "GPU-b0315e2a"; DevicePciBusId = "0000:06:00.0"; Capability = 8.0 ]
	Memory = 2000
...
006 (7186281.002.000) 08/22 21:56:02 Image size of job updated: 479408
	285  -  MemoryUsage of job (MB)
	291656  -  ResidentSetSize of job (KB)
...
006 (7186281.002.000) 08/22 22:01:03 Image size of job updated: 3893948
	3803  -  MemoryUsage of job (MB)
	3893948  -  ResidentSetSize of job (KB)
...
006 (7186281.002.000) 08/22 22:06:03 Image size of job updated: 4803216
	4691  -  MemoryUsage of job (MB)
	4803216  -  ResidentSetSize of job (KB)
...
006 (7186281.002.000) 08/22 22:11:03 Image size of job updated: 5719452
	5586  -  MemoryUsage of job (MB)
	5719452  -  ResidentSetSize of job (KB)
...
006 (7186281.002.000) 08/22 22:16:04 Image size of job updated: 6633356
	6478  -  MemoryUsage of job (MB)
	6633356  -  ResidentSetSize of job (KB)
...
006 (7186281.002.000) 08/22 22:18:38 Image size of job updated: 6996640
	6478  -  MemoryUsage of job (MB)
	6633356  -  ResidentSetSize of job (KB)
...
040 (7186281.002.000) 08/22 22:18:38 Started transferring output files
...
040 (7186281.002.000) 08/22 22:18:38 Finished transferring output files
...
005 (7186281.002.000) 08/22 22:18:38 Job terminated.
	(1) Normal termination (return value 50)
		Usr 0 00:21:31, Sys 0 00:00:46  -  Run Remote Usage
		Usr 0 00:00:00, Sys 0 00:00:00  -  Run Local Usage
		Usr 0 00:21:31, Sys 0 00:00:46  -  Total Remote Usage
		Usr 0 00:00:00, Sys 0 00:00:00  -  Total Local Usage
	17748  -  Run Bytes Sent By Job
	2773  -  Run Bytes Received By Job
	17748  -  Total Bytes Sent By Job
	2773  -  Total Bytes Received By Job
	Partitionable Resources :      Usage  Request Allocated Assigned
	   Cpus                 :       1.00        1         1 
	   Disk (KB)            : 3668123           3    321642 
	   Gpus (Average)       :       0.00        1         1 "GPU-b0315e2a"
	   GpusMemory (MB)      :    1065                       
	   Memory (MB)          :    6478        2000      2000 

	Job terminated of its own accord at 2024-08-22T20:18:38Z with exit-code 50.
...
