000 (7186311.004.000) 08/22 15:33:42 Job submitted from host: <137.138.44.55:9618?addrs=137.138.44.55-9618+[2001-1458-d00-1a--48]-9618&alias=bigbird17.cern.ch&noUDP&sock=schedd_23962_8474>
...
040 (7186311.004.000) 08/23 21:58:16 Started transferring input files
	Transferring to host: <128.142.248.241:9618?addrs=128.142.248.241-9618+[2001-1458-301-73--100-f0]-9618&alias=b9g23p2273.cern.ch&noUDP&sock=slot1_41_1598332_3c5d_5594>
...
040 (7186311.004.000) 08/23 21:58:16 Finished transferring input files
...
001 (7186311.004.000) 08/23 21:58:17 Job executing on host: <128.142.248.241:9618?addrs=128.142.248.241-9618+[2001-1458-301-73--100-f0]-9618&alias=b9g23p2273.cern.ch&noUDP&sock=startd_6509_3609>
	SlotName: slot1_41@b9g23p2273.cern.ch
	CondorScratchDir = "/pool/condor/dir_21625"
	Cpus = 1
	Disk = 3132489
	Memory = 2000
...
006 (7186311.004.000) 08/23 21:58:27 Image size of job updated: 598200
	330  -  MemoryUsage of job (MB)
	337804  -  ResidentSetSize of job (KB)
...
006 (7186311.004.000) 08/23 22:03:27 Image size of job updated: 648800
	580  -  MemoryUsage of job (MB)
	593840  -  ResidentSetSize of job (KB)
...
006 (7186311.004.000) 08/23 22:08:27 Image size of job updated: 774272
	755  -  MemoryUsage of job (MB)
	772816  -  ResidentSetSize of job (KB)
...
006 (7186311.004.000) 08/23 22:13:28 Image size of job updated: 866392
	829  -  MemoryUsage of job (MB)
	848480  -  ResidentSetSize of job (KB)
...
006 (7186311.004.000) 08/23 22:18:28 Image size of job updated: 942400
	871  -  MemoryUsage of job (MB)
	891080  -  ResidentSetSize of job (KB)
...
006 (7186311.004.000) 08/23 22:23:28 Image size of job updated: 958964
	902  -  MemoryUsage of job (MB)
	923648  -  ResidentSetSize of job (KB)
...
006 (7186311.004.000) 08/23 22:28:29 Image size of job updated: 1066380
	928  -  MemoryUsage of job (MB)
	950084  -  ResidentSetSize of job (KB)
...
006 (7186311.004.000) 08/23 22:33:29 Image size of job updated: 1090616
	1016  -  MemoryUsage of job (MB)
	1039768  -  ResidentSetSize of job (KB)
...
006 (7186311.004.000) 08/23 22:38:30 Image size of job updated: 1090616
	1059  -  MemoryUsage of job (MB)
	1084388  -  ResidentSetSize of job (KB)
...
006 (7186311.004.000) 08/23 22:43:31 Image size of job updated: 4839492
	4727  -  MemoryUsage of job (MB)
	4839492  -  ResidentSetSize of job (KB)
...
006 (7186311.004.000) 08/23 22:48:31 Image size of job updated: 4998624
	4882  -  MemoryUsage of job (MB)
	4998624  -  ResidentSetSize of job (KB)
...
006 (7186311.004.000) 08/23 22:53:32 Image size of job updated: 5179240
	5058  -  MemoryUsage of job (MB)
	5179240  -  ResidentSetSize of job (KB)
...
006 (7186311.004.000) 08/23 22:58:32 Image size of job updated: 5378644
	5253  -  MemoryUsage of job (MB)
	5378644  -  ResidentSetSize of job (KB)
...
006 (7186311.004.000) 08/23 23:03:32 Image size of job updated: 5534160
	5405  -  MemoryUsage of job (MB)
	5534160  -  ResidentSetSize of job (KB)
...
006 (7186311.004.000) 08/23 23:08:33 Image size of job updated: 5690080
	5557  -  MemoryUsage of job (MB)
	5690080  -  ResidentSetSize of job (KB)
...
006 (7186311.004.000) 08/23 23:13:33 Image size of job updated: 5835624
	5699  -  MemoryUsage of job (MB)
	5835624  -  ResidentSetSize of job (KB)
...
006 (7186311.004.000) 08/23 23:18:33 Image size of job updated: 5985964
	5846  -  MemoryUsage of job (MB)
	5985964  -  ResidentSetSize of job (KB)
...
006 (7186311.004.000) 08/23 23:23:34 Image size of job updated: 6135992
	5993  -  MemoryUsage of job (MB)
	6135992  -  ResidentSetSize of job (KB)
...
006 (7186311.004.000) 08/23 23:28:34 Image size of job updated: 6286724
	6140  -  MemoryUsage of job (MB)
	6286724  -  ResidentSetSize of job (KB)
...
006 (7186311.004.000) 08/23 23:33:36 Image size of job updated: 6437176
	6287  -  MemoryUsage of job (MB)
	6437176  -  ResidentSetSize of job (KB)
...
006 (7186311.004.000) 08/23 23:38:36 Image size of job updated: 6590152
	6436  -  MemoryUsage of job (MB)
	6590152  -  ResidentSetSize of job (KB)
...
006 (7186311.004.000) 08/23 23:43:36 Image size of job updated: 6736456
	6579  -  MemoryUsage of job (MB)
	6736456  -  ResidentSetSize of job (KB)
...
006 (7186311.004.000) 08/23 23:48:37 Image size of job updated: 6786876
	6579  -  MemoryUsage of job (MB)
	6736456  -  ResidentSetSize of job (KB)
...
006 (7186311.004.000) 08/24 00:23:40 Image size of job updated: 6786876
	6608  -  MemoryUsage of job (MB)
	6765620  -  ResidentSetSize of job (KB)
...
006 (7186311.004.000) 08/24 00:28:41 Image size of job updated: 6918704
	6757  -  MemoryUsage of job (MB)
	6918704  -  ResidentSetSize of job (KB)
...
006 (7186311.004.000) 08/24 00:33:41 Image size of job updated: 7066928
	6902  -  MemoryUsage of job (MB)
	7066928  -  ResidentSetSize of job (KB)
...
006 (7186311.004.000) 08/24 00:38:23 Image size of job updated: 7168136
	6902  -  MemoryUsage of job (MB)
	7066928  -  ResidentSetSize of job (KB)
...
040 (7186311.004.000) 08/24 00:38:28 Entered queue to transfer output files
...
040 (7186311.004.000) 08/24 00:38:44 Started transferring output files
...
040 (7186311.004.000) 08/24 00:38:44 Finished transferring output files
...
005 (7186311.004.000) 08/24 00:38:45 Job terminated.
	(1) Normal termination (return value 50)
		Usr 0 02:37:00, Sys 0 00:01:44  -  Run Remote Usage
		Usr 0 00:00:00, Sys 0 00:00:00  -  Run Local Usage
		Usr 0 02:37:00, Sys 0 00:01:44  -  Total Remote Usage
		Usr 0 00:00:00, Sys 0 00:00:00  -  Total Local Usage
	30127  -  Run Bytes Sent By Job
	2769  -  Run Bytes Received By Job
	30127  -  Total Bytes Sent By Job
	2769  -  Total Bytes Received By Job
	Partitionable Resources :      Usage  Request Allocated 
	   Cpus                 :       0.99        1         1 
	   Disk (KB)            : 3820016           3   3132489 
	   Memory (MB)          :    6902        2000      2000 

	Job terminated of its own accord at 2024-08-23T22:38:23Z with exit-code 50.
...
