000 (7186311.002.000) 08/22 15:33:42 Job submitted from host: <137.138.44.55:9618?addrs=137.138.44.55-9618+[2001-1458-d00-1a--48]-9618&alias=bigbird17.cern.ch&noUDP&sock=schedd_23962_8474>
...
040 (7186311.002.000) 08/23 21:57:08 Started transferring input files
	Transferring to host: <128.142.248.197:9618?addrs=128.142.248.197-9618+[2001-1458-301-73--100-c4]-9618&alias=b9g23p2961.cern.ch&noUDP&sock=slot1_9_7499_794a_1191>
...
040 (7186311.002.000) 08/23 21:57:08 Finished transferring input files
...
001 (7186311.002.000) 08/23 21:57:09 Job executing on host: <128.142.248.197:9618?addrs=128.142.248.197-9618+[2001-1458-301-73--100-c4]-9618&alias=b9g23p2961.cern.ch&noUDP&sock=startd_5911_0866>
	SlotName: slot1_9@b9g23p2961.cern.ch
	CondorScratchDir = "/pool/condor/dir_1348930"
	Cpus = 1
	Disk = 3051021
	Memory = 2000
...
006 (7186311.002.000) 08/23 21:57:18 Image size of job updated: 585536
	340  -  MemoryUsage of job (MB)
	347932  -  ResidentSetSize of job (KB)
...
006 (7186311.002.000) 08/23 22:02:19 Image size of job updated: 606396
	544  -  MemoryUsage of job (MB)
	556984  -  ResidentSetSize of job (KB)
...
006 (7186311.002.000) 08/23 22:07:19 Image size of job updated: 728552
	711  -  MemoryUsage of job (MB)
	727736  -  ResidentSetSize of job (KB)
...
006 (7186311.002.000) 08/23 22:12:20 Image size of job updated: 821344
	782  -  MemoryUsage of job (MB)
	799760  -  ResidentSetSize of job (KB)
...
006 (7186311.002.000) 08/23 22:17:21 Image size of job updated: 855720
	818  -  MemoryUsage of job (MB)
	837560  -  ResidentSetSize of job (KB)
...
006 (7186311.002.000) 08/23 22:22:21 Image size of job updated: 900052
	879  -  MemoryUsage of job (MB)
	900028  -  ResidentSetSize of job (KB)
...
006 (7186311.002.000) 08/23 22:27:22 Image size of job updated: 977752
	952  -  MemoryUsage of job (MB)
	974196  -  ResidentSetSize of job (KB)
...
006 (7186311.002.000) 08/23 22:32:22 Image size of job updated: 1023712
	956  -  MemoryUsage of job (MB)
	978604  -  ResidentSetSize of job (KB)
...
006 (7186311.002.000) 08/23 22:37:22 Image size of job updated: 1048376
	1008  -  MemoryUsage of job (MB)
	1031464  -  ResidentSetSize of job (KB)
...
006 (7186311.002.000) 08/23 22:42:23 Image size of job updated: 3636832
	3552  -  MemoryUsage of job (MB)
	3636832  -  ResidentSetSize of job (KB)
...
006 (7186311.002.000) 08/23 22:47:23 Image size of job updated: 3825128
	3736  -  MemoryUsage of job (MB)
	3825128  -  ResidentSetSize of job (KB)
...
006 (7186311.002.000) 08/23 22:52:23 Image size of job updated: 3982076
	3889  -  MemoryUsage of job (MB)
	3982076  -  ResidentSetSize of job (KB)
...
006 (7186311.002.000) 08/23 22:57:24 Image size of job updated: 4134800
	4038  -  MemoryUsage of job (MB)
	4134800  -  ResidentSetSize of job (KB)
...
006 (7186311.002.000) 08/23 23:02:24 Image size of job updated: 4287104
	4187  -  MemoryUsage of job (MB)
	4287104  -  ResidentSetSize of job (KB)
...
006 (7186311.002.000) 08/23 23:07:25 Image size of job updated: 4435452
	4332  -  MemoryUsage of job (MB)
	4435452  -  ResidentSetSize of job (KB)
...
006 (7186311.002.000) 08/23 23:12:26 Image size of job updated: 4573824
	4465  -  MemoryUsage of job (MB)
	4572140  -  ResidentSetSize of job (KB)
...
006 (7186311.002.000) 08/23 23:17:26 Image size of job updated: 4720228
	4610  -  MemoryUsage of job (MB)
	4720224  -  ResidentSetSize of job (KB)
...
006 (7186311.002.000) 08/23 23:22:27 Image size of job updated: 4860944
	4748  -  MemoryUsage of job (MB)
	4860944  -  ResidentSetSize of job (KB)
...
006 (7186311.002.000) 08/23 23:27:27 Image size of job updated: 5007192
	4890  -  MemoryUsage of job (MB)
	5007192  -  ResidentSetSize of job (KB)
...
006 (7186311.002.000) 08/23 23:32:27 Image size of job updated: 5145236
	5025  -  MemoryUsage of job (MB)
	5145236  -  ResidentSetSize of job (KB)
...
006 (7186311.002.000) 08/23 23:37:28 Image size of job updated: 5324772
	5200  -  MemoryUsage of job (MB)
	5324772  -  ResidentSetSize of job (KB)
...
006 (7186311.002.000) 08/23 23:42:28 Image size of job updated: 5503644
	5375  -  MemoryUsage of job (MB)
	5503644  -  ResidentSetSize of job (KB)
...
006 (7186311.002.000) 08/23 23:47:28 Image size of job updated: 5689484
	5557  -  MemoryUsage of job (MB)
	5689484  -  ResidentSetSize of job (KB)
...
006 (7186311.002.000) 08/23 23:52:29 Image size of job updated: 5894048
	5756  -  MemoryUsage of job (MB)
	5894048  -  ResidentSetSize of job (KB)
...
006 (7186311.002.000) 08/23 23:57:29 Image size of job updated: 6068556
	5927  -  MemoryUsage of job (MB)
	6068556  -  ResidentSetSize of job (KB)
...
006 (7186311.002.000) 08/24 00:02:30 Image size of job updated: 6254496
	6108  -  MemoryUsage of job (MB)
	6254496  -  ResidentSetSize of job (KB)
...
006 (7186311.002.000) 08/24 00:07:31 Image size of job updated: 6422648
	6273  -  MemoryUsage of job (MB)
	6422648  -  ResidentSetSize of job (KB)
...
006 (7186311.002.000) 08/24 00:12:31 Image size of job updated: 6601264
	6447  -  MemoryUsage of job (MB)
	6601264  -  ResidentSetSize of job (KB)
...
006 (7186311.002.000) 08/24 00:17:32 Image size of job updated: 6692516
	6528  -  MemoryUsage of job (MB)
	6684328  -  ResidentSetSize of job (KB)
...
006 (7186311.002.000) 08/24 00:22:32 Image size of job updated: 6826740
	6667  -  MemoryUsage of job (MB)
	6826740  -  ResidentSetSize of job (KB)
...
006 (7186311.002.000) 08/24 00:27:32 Image size of job updated: 6973244
	6810  -  MemoryUsage of job (MB)
	6973244  -  ResidentSetSize of job (KB)
...
006 (7186311.002.000) 08/24 00:29:59 Image size of job updated: 6987368
	6810  -  MemoryUsage of job (MB)
	6973244  -  ResidentSetSize of job (KB)
...
040 (7186311.002.000) 08/24 00:29:59 Started transferring output files
...
040 (7186311.002.000) 08/24 00:29:59 Finished transferring output files
...
005 (7186311.002.000) 08/24 00:29:59 Job terminated.
	(1) Normal termination (return value 50)
		Usr 0 02:30:47, Sys 0 00:01:03  -  Run Remote Usage
		Usr 0 00:00:00, Sys 0 00:00:00  -  Run Local Usage
		Usr 0 02:30:47, Sys 0 00:01:03  -  Total Remote Usage
		Usr 0 00:00:00, Sys 0 00:00:00  -  Total Local Usage
	30122  -  Run Bytes Sent By Job
	2769  -  Run Bytes Received By Job
	30122  -  Total Bytes Sent By Job
	2769  -  Total Bytes Received By Job
	Partitionable Resources :      Usage  Request Allocated 
	   Cpus                 :       0.99        1         1 
	   Disk (KB)            : 3904834           3   3051021 
	   Memory (MB)          :    6810        2000      2000 

	Job terminated of its own accord at 2024-08-23T22:29:59Z with exit-code 50.
...
