000 (7191340.001.000) 09/02 11:53:44 Job submitted from host: <137.138.44.55:9618?addrs=137.138.44.55-9618+[2001-1458-d00-1a--48]-9618&alias=bigbird17.cern.ch&noUDP&sock=schedd_23962_8474>
...
040 (7191340.001.000) 09/06 11:54:43 Started transferring input files
	Transferring to host: <128.142.248.197:9618?addrs=128.142.248.197-9618+[2001-1458-301-73--100-c4]-9618&alias=b9g23p2961.cern.ch&noUDP&sock=slot1_9_2232953_240b_5298>
...
040 (7191340.001.000) 09/06 11:54:43 Finished transferring input files
...
001 (7191340.001.000) 09/06 11:54:45 Job executing on host: <128.142.248.197:9618?addrs=128.142.248.197-9618+[2001-1458-301-73--100-c4]-9618&alias=b9g23p2961.cern.ch&noUDP&sock=startd_5911_0866>
	SlotName: slot1_9@b9g23p2961.cern.ch
	CondorScratchDir = "/pool/condor/dir_9799"
	Cpus = 1
	Disk = 3048814
	Memory = 2000
...
006 (7191340.001.000) 09/06 11:54:53 Image size of job updated: 3
	0  -  MemoryUsage of job (MB)
	0  -  ResidentSetSize of job (KB)
...
006 (7191340.001.000) 09/06 11:59:53 Image size of job updated: 834076
	607  -  MemoryUsage of job (MB)
	620740  -  ResidentSetSize of job (KB)
...
006 (7191340.001.000) 09/06 12:04:54 Image size of job updated: 834076
	616  -  MemoryUsage of job (MB)
	630248  -  ResidentSetSize of job (KB)
...
006 (7191340.001.000) 09/12 19:20:16 Image size of job updated: 834076
	646  -  MemoryUsage of job (MB)
	661412  -  ResidentSetSize of job (KB)
...
006 (7191340.001.000) 09/12 19:25:17 Image size of job updated: 1074984
	1050  -  MemoryUsage of job (MB)
	1074816  -  ResidentSetSize of job (KB)
...
006 (7191340.001.000) 09/12 19:30:18 Image size of job updated: 1352648
	1282  -  MemoryUsage of job (MB)
	1312576  -  ResidentSetSize of job (KB)
...
006 (7191340.001.000) 09/12 19:35:18 Image size of job updated: 1488828
	1425  -  MemoryUsage of job (MB)
	1458992  -  ResidentSetSize of job (KB)
...
006 (7191340.001.000) 09/12 19:40:19 Image size of job updated: 1705156
	1638  -  MemoryUsage of job (MB)
	1676956  -  ResidentSetSize of job (KB)
...
006 (7191340.001.000) 09/12 19:45:19 Image size of job updated: 4048436
	3954  -  MemoryUsage of job (MB)
	4048420  -  ResidentSetSize of job (KB)
...
006 (7191340.001.000) 09/12 19:50:21 Image size of job updated: 4935828
	3963  -  MemoryUsage of job (MB)
	4057120  -  ResidentSetSize of job (KB)
...
006 (7191340.001.000) 09/12 20:00:21 Image size of job updated: 4935828
	4189  -  MemoryUsage of job (MB)
	4289028  -  ResidentSetSize of job (KB)
...
006 (7191340.001.000) 09/12 20:05:22 Image size of job updated: 4935828
	4446  -  MemoryUsage of job (MB)
	4551976  -  ResidentSetSize of job (KB)
...
006 (7191340.001.000) 09/12 20:10:22 Image size of job updated: 4935828
	4698  -  MemoryUsage of job (MB)
	4809880  -  ResidentSetSize of job (KB)
...
006 (7191340.001.000) 09/12 20:15:23 Image size of job updated: 5063488
	4945  -  MemoryUsage of job (MB)
	5063268  -  ResidentSetSize of job (KB)
...
006 (7191340.001.000) 09/12 20:20:23 Image size of job updated: 5323180
	5199  -  MemoryUsage of job (MB)
	5323180  -  ResidentSetSize of job (KB)
...
006 (7191340.001.000) 09/12 20:25:23 Image size of job updated: 5578624
	5448  -  MemoryUsage of job (MB)
	5578436  -  ResidentSetSize of job (KB)
...
006 (7191340.001.000) 09/12 20:30:24 Image size of job updated: 5843144
	5707  -  MemoryUsage of job (MB)
	5843144  -  ResidentSetSize of job (KB)
...
006 (7191340.001.000) 09/12 20:35:24 Image size of job updated: 6100020
	5957  -  MemoryUsage of job (MB)
	6098996  -  ResidentSetSize of job (KB)
...
006 (7191340.001.000) 09/12 20:40:26 Image size of job updated: 6353208
	6205  -  MemoryUsage of job (MB)
	6353060  -  ResidentSetSize of job (KB)
...
006 (7191340.001.000) 09/12 20:45:26 Image size of job updated: 6612580
	6458  -  MemoryUsage of job (MB)
	6612580  -  ResidentSetSize of job (KB)
...
006 (7191340.001.000) 09/12 20:50:26 Image size of job updated: 6872320
	6712  -  MemoryUsage of job (MB)
	6872320  -  ResidentSetSize of job (KB)
...
006 (7191340.001.000) 09/12 20:55:27 Image size of job updated: 7121404
	6955  -  MemoryUsage of job (MB)
	7121404  -  ResidentSetSize of job (KB)
...
006 (7191340.001.000) 09/12 21:00:27 Image size of job updated: 7347940
	7176  -  MemoryUsage of job (MB)
	7347940  -  ResidentSetSize of job (KB)
...
006 (7191340.001.000) 09/12 21:05:28 Image size of job updated: 7593144
	7416  -  MemoryUsage of job (MB)
	7593144  -  ResidentSetSize of job (KB)
...
006 (7191340.001.000) 09/12 21:10:28 Image size of job updated: 7832852
	7650  -  MemoryUsage of job (MB)
	7832852  -  ResidentSetSize of job (KB)
...
006 (7191340.001.000) 09/12 21:15:28 Image size of job updated: 8080408
	7892  -  MemoryUsage of job (MB)
	8080408  -  ResidentSetSize of job (KB)
...
006 (7191340.001.000) 09/12 21:20:28 Image size of job updated: 8331680
	8137  -  MemoryUsage of job (MB)
	8331680  -  ResidentSetSize of job (KB)
...
006 (7191340.001.000) 09/12 21:25:29 Image size of job updated: 8559276
	8359  -  MemoryUsage of job (MB)
	8559276  -  ResidentSetSize of job (KB)
...
006 (7191340.001.000) 09/12 21:30:29 Image size of job updated: 8809988
	8604  -  MemoryUsage of job (MB)
	8809988  -  ResidentSetSize of job (KB)
...
006 (7191340.001.000) 09/12 21:35:30 Image size of job updated: 9050684
	8839  -  MemoryUsage of job (MB)
	9050684  -  ResidentSetSize of job (KB)
...
006 (7191340.001.000) 09/12 21:40:30 Image size of job updated: 9238764
	9023  -  MemoryUsage of job (MB)
	9238764  -  ResidentSetSize of job (KB)
...
006 (7191340.001.000) 09/12 21:45:32 Image size of job updated: 9430224
	9210  -  MemoryUsage of job (MB)
	9430224  -  ResidentSetSize of job (KB)
...
006 (7191340.001.000) 09/12 21:50:32 Image size of job updated: 9606036
	9381  -  MemoryUsage of job (MB)
	9606036  -  ResidentSetSize of job (KB)
...
006 (7191340.001.000) 09/12 21:55:33 Image size of job updated: 9763208
	9535  -  MemoryUsage of job (MB)
	9763208  -  ResidentSetSize of job (KB)
...
006 (7191340.001.000) 09/12 22:00:33 Image size of job updated: 9928076
	9696  -  MemoryUsage of job (MB)
	9928076  -  ResidentSetSize of job (KB)
...
006 (7191340.001.000) 09/12 22:05:33 Image size of job updated: 10142600
	9905  -  MemoryUsage of job (MB)
	10142600  -  ResidentSetSize of job (KB)
...
006 (7191340.001.000) 09/12 22:10:34 Image size of job updated: 10286592
	10045  -  MemoryUsage of job (MB)
	10285520  -  ResidentSetSize of job (KB)
...
006 (7191340.001.000) 09/12 22:15:34 Image size of job updated: 10475280
	10230  -  MemoryUsage of job (MB)
	10475280  -  ResidentSetSize of job (KB)
...
006 (7191340.001.000) 09/12 22:20:35 Image size of job updated: 10721688
	10471  -  MemoryUsage of job (MB)
	10721688  -  ResidentSetSize of job (KB)
...
006 (7191340.001.000) 09/12 22:25:35 Image size of job updated: 10863156
	10471  -  MemoryUsage of job (MB)
	10721688  -  ResidentSetSize of job (KB)
...
040 (7191340.001.000) 09/12 22:25:57 Started transferring output files
...
040 (7191340.001.000) 09/12 22:25:57 Finished transferring output files
...
005 (7191340.001.000) 09/12 22:25:57 Job terminated.
	(1) Normal termination (return value 50)
		Usr 6 08:33:15, Sys 0 00:20:12  -  Run Remote Usage
		Usr 0 00:00:00, Sys 0 00:00:00  -  Run Local Usage
		Usr 6 08:33:15, Sys 0 00:20:12  -  Total Remote Usage
		Usr 0 00:00:00, Sys 0 00:00:00  -  Total Local Usage
	20783  -  Run Bytes Sent By Job
	2954  -  Run Bytes Received By Job
	20783  -  Total Bytes Sent By Job
	2954  -  Total Bytes Received By Job
	Partitionable Resources :      Usage  Request Allocated 
	   Cpus                 :       1.00        1         1 
	   Disk (KB)            : 7736724           3   3048814 
	   Memory (MB)          :   10471        2000      2000 

	Job terminated of its own accord at 2024-09-12T20:25:54Z with exit-code 50.
...
