000 (7191340.000.000) 09/02 11:53:44 Job submitted from host: <137.138.44.55:9618?addrs=137.138.44.55-9618+[2001-1458-d00-1a--48]-9618&alias=bigbird17.cern.ch&noUDP&sock=schedd_23962_8474>
...
040 (7191340.000.000) 09/06 11:42:25 Started transferring input files
	Transferring to host: <128.142.248.123:9618?addrs=128.142.248.123-9618+[2001-1458-301-73--100-16b]-9618&alias=b9g23p2657.cern.ch&noUDP&sock=slot1_7_443391_d207_4953>
...
040 (7191340.000.000) 09/06 11:42:25 Finished transferring input files
...
001 (7191340.000.000) 09/06 11:42:26 Job executing on host: <128.142.248.123:9618?addrs=128.142.248.123-9618+[2001-1458-301-73--100-16b]-9618&alias=b9g23p2657.cern.ch&noUDP&sock=startd_7091_6a27>
	SlotName: slot1_7@b9g23p2657.cern.ch
	CondorScratchDir = "/pool/condor/dir_2245611"
	Cpus = 1
	Disk = 2970245
	Memory = 2000
...
006 (7191340.000.000) 09/06 11:42:35 Image size of job updated: 826160
	478  -  MemoryUsage of job (MB)
	489068  -  ResidentSetSize of job (KB)
...
006 (7191340.000.000) 09/06 11:47:36 Image size of job updated: 826160
	604  -  MemoryUsage of job (MB)
	617580  -  ResidentSetSize of job (KB)
...
006 (7191340.000.000) 09/06 11:52:36 Image size of job updated: 826160
	637  -  MemoryUsage of job (MB)
	651316  -  ResidentSetSize of job (KB)
...
006 (7191340.000.000) 09/06 11:57:36 Image size of job updated: 826160
	678  -  MemoryUsage of job (MB)
	693500  -  ResidentSetSize of job (KB)
...
006 (7191340.000.000) 09/06 12:02:37 Image size of job updated: 826160
	678  -  MemoryUsage of job (MB)
	694012  -  ResidentSetSize of job (KB)
...
006 (7191340.000.000) 09/13 06:09:18 Image size of job updated: 826160
	689  -  MemoryUsage of job (MB)
	704808  -  ResidentSetSize of job (KB)
...
006 (7191340.000.000) 09/13 06:14:18 Image size of job updated: 1099492
	1074  -  MemoryUsage of job (MB)
	1099492  -  ResidentSetSize of job (KB)
...
006 (7191340.000.000) 09/13 06:19:19 Image size of job updated: 1269832
	1241  -  MemoryUsage of job (MB)
	1269832  -  ResidentSetSize of job (KB)
...
006 (7191340.000.000) 09/13 06:24:19 Image size of job updated: 1429276
	1383  -  MemoryUsage of job (MB)
	1415808  -  ResidentSetSize of job (KB)
...
006 (7191340.000.000) 09/13 06:29:20 Image size of job updated: 1563644
	1527  -  MemoryUsage of job (MB)
	1563492  -  ResidentSetSize of job (KB)
...
006 (7191340.000.000) 09/13 06:34:20 Image size of job updated: 1805924
	1764  -  MemoryUsage of job (MB)
	1805560  -  ResidentSetSize of job (KB)
...
006 (7191340.000.000) 09/13 06:39:21 Image size of job updated: 4795760
	4682  -  MemoryUsage of job (MB)
	4793748  -  ResidentSetSize of job (KB)
...
006 (7191340.000.000) 09/13 06:44:21 Image size of job updated: 4973328
	4857  -  MemoryUsage of job (MB)
	4973328  -  ResidentSetSize of job (KB)
...
006 (7191340.000.000) 09/13 06:49:22 Image size of job updated: 5103908
	4858  -  MemoryUsage of job (MB)
	4973584  -  ResidentSetSize of job (KB)
...
006 (7191340.000.000) 09/13 07:24:25 Image size of job updated: 5103908
	4975  -  MemoryUsage of job (MB)
	5093968  -  ResidentSetSize of job (KB)
...
006 (7191340.000.000) 09/13 07:29:26 Image size of job updated: 5243036
	5121  -  MemoryUsage of job (MB)
	5243036  -  ResidentSetSize of job (KB)
...
006 (7191340.000.000) 09/13 07:34:26 Image size of job updated: 5392980
	5267  -  MemoryUsage of job (MB)
	5392760  -  ResidentSetSize of job (KB)
...
006 (7191340.000.000) 09/13 07:39:27 Image size of job updated: 5453120
	5267  -  MemoryUsage of job (MB)
	5392796  -  ResidentSetSize of job (KB)
...
006 (7191340.000.000) 09/13 08:34:33 Image size of job updated: 5489136
	5361  -  MemoryUsage of job (MB)
	5489136  -  ResidentSetSize of job (KB)
...
006 (7191340.000.000) 09/13 08:39:34 Image size of job updated: 5644832
	5513  -  MemoryUsage of job (MB)
	5644832  -  ResidentSetSize of job (KB)
...
006 (7191340.000.000) 09/13 08:44:34 Image size of job updated: 5801688
	5666  -  MemoryUsage of job (MB)
	5801688  -  ResidentSetSize of job (KB)
...
006 (7191340.000.000) 09/13 08:49:35 Image size of job updated: 5955620
	5817  -  MemoryUsage of job (MB)
	5955620  -  ResidentSetSize of job (KB)
...
006 (7191340.000.000) 09/13 08:54:35 Image size of job updated: 6112440
	5970  -  MemoryUsage of job (MB)
	6112440  -  ResidentSetSize of job (KB)
...
006 (7191340.000.000) 09/13 08:59:35 Image size of job updated: 6268528
	6122  -  MemoryUsage of job (MB)
	6268528  -  ResidentSetSize of job (KB)
...
006 (7191340.000.000) 09/13 09:04:36 Image size of job updated: 6421460
	6271  -  MemoryUsage of job (MB)
	6421240  -  ResidentSetSize of job (KB)
...
006 (7191340.000.000) 09/13 09:09:37 Image size of job updated: 6575816
	6422  -  MemoryUsage of job (MB)
	6575812  -  ResidentSetSize of job (KB)
...
006 (7191340.000.000) 09/13 09:14:37 Image size of job updated: 6732528
	6575  -  MemoryUsage of job (MB)
	6732528  -  ResidentSetSize of job (KB)
...
006 (7191340.000.000) 09/13 09:19:38 Image size of job updated: 6890092
	6729  -  MemoryUsage of job (MB)
	6890092  -  ResidentSetSize of job (KB)
...
006 (7191340.000.000) 09/13 09:24:38 Image size of job updated: 7042032
	6877  -  MemoryUsage of job (MB)
	7042032  -  ResidentSetSize of job (KB)
...
006 (7191340.000.000) 09/13 09:29:39 Image size of job updated: 7198716
	7030  -  MemoryUsage of job (MB)
	7198496  -  ResidentSetSize of job (KB)
...
006 (7191340.000.000) 09/13 09:34:39 Image size of job updated: 7353800
	7182  -  MemoryUsage of job (MB)
	7353800  -  ResidentSetSize of job (KB)
...
006 (7191340.000.000) 09/13 09:39:40 Image size of job updated: 7505400
	7330  -  MemoryUsage of job (MB)
	7505400  -  ResidentSetSize of job (KB)
...
006 (7191340.000.000) 09/13 09:44:40 Image size of job updated: 7658628
	7480  -  MemoryUsage of job (MB)
	7658628  -  ResidentSetSize of job (KB)
...
006 (7191340.000.000) 09/13 09:49:40 Image size of job updated: 7813860
	7631  -  MemoryUsage of job (MB)
	7813848  -  ResidentSetSize of job (KB)
...
006 (7191340.000.000) 09/13 09:54:41 Image size of job updated: 7966176
	7780  -  MemoryUsage of job (MB)
	7966176  -  ResidentSetSize of job (KB)
...
006 (7191340.000.000) 09/13 09:59:41 Image size of job updated: 8123000
	7933  -  MemoryUsage of job (MB)
	8123000  -  ResidentSetSize of job (KB)
...
006 (7191340.000.000) 09/13 10:04:42 Image size of job updated: 8290180
	8096  -  MemoryUsage of job (MB)
	8289960  -  ResidentSetSize of job (KB)
...
006 (7191340.000.000) 09/13 10:09:42 Image size of job updated: 8466508
	8269  -  MemoryUsage of job (MB)
	8466508  -  ResidentSetSize of job (KB)
...
006 (7191340.000.000) 09/13 10:14:43 Image size of job updated: 8638624
	8437  -  MemoryUsage of job (MB)
	8638624  -  ResidentSetSize of job (KB)
...
006 (7191340.000.000) 09/13 10:19:43 Image size of job updated: 8804912
	8599  -  MemoryUsage of job (MB)
	8804692  -  ResidentSetSize of job (KB)
...
006 (7191340.000.000) 09/13 10:24:44 Image size of job updated: 8981500
	8771  -  MemoryUsage of job (MB)
	8981280  -  ResidentSetSize of job (KB)
...
006 (7191340.000.000) 09/13 10:29:44 Image size of job updated: 9156532
	8942  -  MemoryUsage of job (MB)
	9156532  -  ResidentSetSize of job (KB)
...
006 (7191340.000.000) 09/13 10:34:45 Image size of job updated: 9316400
	9099  -  MemoryUsage of job (MB)
	9316400  -  ResidentSetSize of job (KB)
...
006 (7191340.000.000) 09/13 10:39:32 Image size of job updated: 9357492
	9099  -  MemoryUsage of job (MB)
	9316400  -  ResidentSetSize of job (KB)
...
040 (7191340.000.000) 09/13 10:39:33 Started transferring output files
...
040 (7191340.000.000) 09/13 10:39:33 Finished transferring output files
...
005 (7191340.000.000) 09/13 10:39:33 Job terminated.
	(1) Normal termination (return value 50)
		Usr 6 20:30:50, Sys 0 00:28:35  -  Run Remote Usage
		Usr 0 00:00:00, Sys 0 00:00:00  -  Run Local Usage
		Usr 6 20:30:50, Sys 0 00:28:35  -  Total Remote Usage
		Usr 0 00:00:00, Sys 0 00:00:00  -  Total Local Usage
	20790  -  Run Bytes Sent By Job
	2954  -  Run Bytes Received By Job
	20790  -  Total Bytes Sent By Job
	2954  -  Total Bytes Received By Job
	Partitionable Resources :      Usage  Request Allocated 
	   Cpus                 :       0.97        1         1 
	   Disk (KB)            : 7836218           3   2970245 
	   Memory (MB)          :    9099        2000      2000 

	Job terminated of its own accord at 2024-09-13T08:39:32Z with exit-code 50.
...
