000 (7191340.004.000) 09/02 11:53:44 Job submitted from host: <137.138.44.55:9618?addrs=137.138.44.55-9618+[2001-1458-d00-1a--48]-9618&alias=bigbird17.cern.ch&noUDP&sock=schedd_23962_8474>
...
040 (7191340.004.000) 09/06 11:54:43 Started transferring input files
	Transferring to host: <188.185.198.111:9618?addrs=188.185.198.111-9618+[2001-1458-303-25--100-6b]-9618&alias=b9p15p4924.cern.ch&noUDP&sock=slot1_5_11906_9a9d_21663>
...
040 (7191340.004.000) 09/06 11:54:43 Finished transferring input files
...
001 (7191340.004.000) 09/06 11:54:44 Job executing on host: <188.185.198.111:9618?addrs=188.185.198.111-9618+[2001-1458-303-25--100-6b]-9618&alias=b9p15p4924.cern.ch&noUDP&sock=startd_11856_ceef>
	SlotName: slot1_5@b9p15p4924.cern.ch
	CondorScratchDir = "/pool/condor/dir_3999089"
	Cpus = 1
	Disk = 3270694
	Memory = 2000
...
006 (7191340.004.000) 09/06 11:54:53 Image size of job updated: 834604
	476  -  MemoryUsage of job (MB)
	486532  -  ResidentSetSize of job (KB)
...
006 (7191340.004.000) 09/06 11:59:54 Image size of job updated: 834604
	591  -  MemoryUsage of job (MB)
	604828  -  ResidentSetSize of job (KB)
...
006 (7191340.004.000) 09/12 14:24:46 Image size of job updated: 1014840
	986  -  MemoryUsage of job (MB)
	1009592  -  ResidentSetSize of job (KB)
...
006 (7191340.004.000) 09/12 14:29:47 Image size of job updated: 1271124
	1242  -  MemoryUsage of job (MB)
	1271124  -  ResidentSetSize of job (KB)
...
006 (7191340.004.000) 09/12 14:34:47 Image size of job updated: 1451096
	1380  -  MemoryUsage of job (MB)
	1412324  -  ResidentSetSize of job (KB)
...
006 (7191340.004.000) 09/12 14:39:48 Image size of job updated: 1663880
	1625  -  MemoryUsage of job (MB)
	1663880  -  ResidentSetSize of job (KB)
...
006 (7191340.004.000) 09/12 14:44:48 Image size of job updated: 2013264
	1967  -  MemoryUsage of job (MB)
	2013264  -  ResidentSetSize of job (KB)
...
006 (7191340.004.000) 09/12 14:49:50 Image size of job updated: 3840028
	3751  -  MemoryUsage of job (MB)
	3840028  -  ResidentSetSize of job (KB)
...
006 (7191340.004.000) 09/12 14:54:50 Image size of job updated: 4014768
	3921  -  MemoryUsage of job (MB)
	4014496  -  ResidentSetSize of job (KB)
...
006 (7191340.004.000) 09/12 14:59:50 Image size of job updated: 4115992
	3999  -  MemoryUsage of job (MB)
	4094904  -  ResidentSetSize of job (KB)
...
006 (7191340.004.000) 09/12 15:04:51 Image size of job updated: 4266648
	4167  -  MemoryUsage of job (MB)
	4266428  -  ResidentSetSize of job (KB)
...
006 (7191340.004.000) 09/12 15:09:51 Image size of job updated: 4440076
	4336  -  MemoryUsage of job (MB)
	4439928  -  ResidentSetSize of job (KB)
...
006 (7191340.004.000) 09/12 15:14:52 Image size of job updated: 4623916
	4516  -  MemoryUsage of job (MB)
	4623916  -  ResidentSetSize of job (KB)
...
006 (7191340.004.000) 09/12 15:19:52 Image size of job updated: 4802680
	4690  -  MemoryUsage of job (MB)
	4802460  -  ResidentSetSize of job (KB)
...
006 (7191340.004.000) 09/12 15:24:54 Image size of job updated: 4984408
	4868  -  MemoryUsage of job (MB)
	4984408  -  ResidentSetSize of job (KB)
...
006 (7191340.004.000) 09/12 15:29:54 Image size of job updated: 5013920
	4868  -  MemoryUsage of job (MB)
	4984408  -  ResidentSetSize of job (KB)
...
006 (7191340.004.000) 09/12 15:34:54 Image size of job updated: 5113716
	4994  -  MemoryUsage of job (MB)
	5113716  -  ResidentSetSize of job (KB)
...
006 (7191340.004.000) 09/12 15:39:55 Image size of job updated: 5289244
	5166  -  MemoryUsage of job (MB)
	5289024  -  ResidentSetSize of job (KB)
...
006 (7191340.004.000) 09/12 15:44:55 Image size of job updated: 5463364
	5336  -  MemoryUsage of job (MB)
	5463144  -  ResidentSetSize of job (KB)
...
006 (7191340.004.000) 09/12 15:49:56 Image size of job updated: 5635424
	5504  -  MemoryUsage of job (MB)
	5635204  -  ResidentSetSize of job (KB)
...
006 (7191340.004.000) 09/12 15:54:56 Image size of job updated: 5812468
	5677  -  MemoryUsage of job (MB)
	5812468  -  ResidentSetSize of job (KB)
...
006 (7191340.004.000) 09/12 15:59:57 Image size of job updated: 6005016
	5865  -  MemoryUsage of job (MB)
	6004868  -  ResidentSetSize of job (KB)
...
006 (7191340.004.000) 09/12 16:04:58 Image size of job updated: 6083632
	5865  -  MemoryUsage of job (MB)
	6005124  -  ResidentSetSize of job (KB)
...
006 (7191340.004.000) 09/12 17:05:04 Image size of job updated: 6147316
	6004  -  MemoryUsage of job (MB)
	6147316  -  ResidentSetSize of job (KB)
...
006 (7191340.004.000) 09/12 17:10:04 Image size of job updated: 6370808
	6222  -  MemoryUsage of job (MB)
	6370808  -  ResidentSetSize of job (KB)
...
006 (7191340.004.000) 09/12 17:15:05 Image size of job updated: 6589108
	6435  -  MemoryUsage of job (MB)
	6589108  -  ResidentSetSize of job (KB)
...
006 (7191340.004.000) 09/12 17:20:05 Image size of job updated: 6593172
	6435  -  MemoryUsage of job (MB)
	6589108  -  ResidentSetSize of job (KB)
...
006 (7191340.004.000) 09/12 17:25:06 Image size of job updated: 6644928
	6490  -  MemoryUsage of job (MB)
	6644928  -  ResidentSetSize of job (KB)
...
006 (7191340.004.000) 09/12 17:30:06 Image size of job updated: 6826804
	6667  -  MemoryUsage of job (MB)
	6826804  -  ResidentSetSize of job (KB)
...
006 (7191340.004.000) 09/12 17:35:08 Image size of job updated: 7058200
	6893  -  MemoryUsage of job (MB)
	7058200  -  ResidentSetSize of job (KB)
...
006 (7191340.004.000) 09/12 17:40:08 Image size of job updated: 7284624
	7114  -  MemoryUsage of job (MB)
	7284624  -  ResidentSetSize of job (KB)
...
006 (7191340.004.000) 09/12 17:45:08 Image size of job updated: 7515328
	7340  -  MemoryUsage of job (MB)
	7515328  -  ResidentSetSize of job (KB)
...
006 (7191340.004.000) 09/12 17:50:09 Image size of job updated: 7750548
	7569  -  MemoryUsage of job (MB)
	7750548  -  ResidentSetSize of job (KB)
...
006 (7191340.004.000) 09/12 17:55:09 Image size of job updated: 7957764
	7569  -  MemoryUsage of job (MB)
	7750548  -  ResidentSetSize of job (KB)
...
040 (7191340.004.000) 09/12 17:56:28 Started transferring output files
...
040 (7191340.004.000) 09/12 17:56:28 Finished transferring output files
...
005 (7191340.004.000) 09/12 17:56:28 Job terminated.
	(1) Normal termination (return value 50)
		Usr 6 03:18:58, Sys 0 00:45:24  -  Run Remote Usage
		Usr 0 00:00:00, Sys 0 00:00:00  -  Run Local Usage
		Usr 6 03:18:58, Sys 0 00:45:24  -  Total Remote Usage
		Usr 0 00:00:00, Sys 0 00:00:00  -  Total Local Usage
	20733  -  Run Bytes Sent By Job
	2954  -  Run Bytes Received By Job
	20733  -  Total Bytes Sent By Job
	2954  -  Total Bytes Received By Job
	Partitionable Resources :      Usage  Request Allocated 
	   Cpus                 :       0.99        1         1 
	   Disk (KB)            : 7668751           3   3270694 
	   Memory (MB)          :    7569        2000      2000 

	Job terminated of its own accord at 2024-09-12T15:56:28Z with exit-code 50.
...
