000 (7234691.001.000) 10/04 05:18:47 Job submitted from host: <137.138.44.55:9618?addrs=137.138.44.55-9618+[2001-1458-d00-1a--48]-9618&alias=bigbird17.cern.ch&noUDP&sock=schedd_1981_6134>
...
040 (7234691.001.000) 10/04 22:27:04 Started transferring input files
	Transferring to host: <128.142.248.81:9618?addrs=128.142.248.81-9618+[2001-1458-301-73--100-141]-9618&alias=b9g23p3234.cern.ch&noUDP&sock=slot1_59_133542_2b70_41091>
...
040 (7234691.001.000) 10/04 22:27:04 Finished transferring input files
...
001 (7234691.001.000) 10/04 22:27:05 Job executing on host: <128.142.248.81:9618?addrs=128.142.248.81-9618+[2001-1458-301-73--100-141]-9618&alias=b9g23p3234.cern.ch&noUDP&sock=startd_2952_67aa>
	SlotName: slot1_59@b9g23p3234.cern.ch
	CondorScratchDir = "/pool/condor/dir_4085376"
	Cpus = 1
	Disk = 2948907
	Memory = 2000
...
006 (7234691.001.000) 10/04 22:27:13 Image size of job updated: 778516
	761  -  MemoryUsage of job (MB)
	778476  -  ResidentSetSize of job (KB)
...
006 (7234691.001.000) 10/04 22:32:13 Image size of job updated: 885620
	768  -  MemoryUsage of job (MB)
	785884  -  ResidentSetSize of job (KB)
...
006 (7234691.001.000) 10/05 09:28:21 Image size of job updated: 2152924
	2103  -  MemoryUsage of job (MB)
	2152920  -  ResidentSetSize of job (KB)
...
006 (7234691.001.000) 10/05 09:32:29 Image size of job updated: 2348652
	2103  -  MemoryUsage of job (MB)
	2153176  -  ResidentSetSize of job (KB)
...
040 (7234691.001.000) 10/05 09:32:29 Started transferring output files
...
040 (7234691.001.000) 10/05 09:32:29 Finished transferring output files
...
005 (7234691.001.000) 10/05 09:32:29 Job terminated.
	(1) Normal termination (return value 50)
		Usr 0 10:45:13, Sys 0 00:09:02  -  Run Remote Usage
		Usr 0 00:00:00, Sys 0 00:00:00  -  Run Local Usage
		Usr 0 10:45:13, Sys 0 00:09:02  -  Total Remote Usage
		Usr 0 00:00:00, Sys 0 00:00:00  -  Total Local Usage
	80999  -  Run Bytes Sent By Job
	2403  -  Run Bytes Received By Job
	80999  -  Total Bytes Sent By Job
	2403  -  Total Bytes Received By Job
	Partitionable Resources :     Usage  Request Allocated 
	   Cpus                 :      0.99        1         1 
	   Disk (KB)            : 822935           3   2948907 
	   Memory (MB)          :   2103        2000      2000 

	Job terminated of its own accord at 2024-10-05T07:32:29Z with exit-code 50.
...
