000 (7234691.005.000) 10/04 05:18:47 Job submitted from host: <137.138.44.55:9618?addrs=137.138.44.55-9618+[2001-1458-d00-1a--48]-9618&alias=bigbird17.cern.ch&noUDP&sock=schedd_1981_6134>
...
040 (7234691.005.000) 10/04 22:38:44 Started transferring input files
	Transferring to host: <128.142.248.94:9618?addrs=128.142.248.94-9618+[2001-1458-301-73--100-14e]-9618&alias=b9g23p2790.cern.ch&noUDP&sock=slot1_61_3359_7822_34803>
...
040 (7234691.005.000) 10/04 22:38:44 Finished transferring input files
...
001 (7234691.005.000) 10/04 22:38:45 Job executing on host: <128.142.248.94:9618?addrs=128.142.248.94-9618+[2001-1458-301-73--100-14e]-9618&alias=b9g23p2790.cern.ch&noUDP&sock=startd_3310_f691>
	SlotName: slot1_61@b9g23p2790.cern.ch
	CondorScratchDir = "/pool/condor/dir_1863668"
	Cpus = 1
	Disk = 2958474
	Memory = 2000
...
006 (7234691.005.000) 10/04 22:38:53 Image size of job updated: 785460
	768  -  MemoryUsage of job (MB)
	785420  -  ResidentSetSize of job (KB)
...
006 (7234691.005.000) 10/04 22:43:54 Image size of job updated: 886312
	773  -  MemoryUsage of job (MB)
	791408  -  ResidentSetSize of job (KB)
...
006 (7234691.005.000) 10/04 23:33:58 Image size of job updated: 886312
	779  -  MemoryUsage of job (MB)
	797232  -  ResidentSetSize of job (KB)
...
006 (7234691.005.000) 10/05 09:29:58 Image size of job updated: 2146720
	2097  -  MemoryUsage of job (MB)
	2146720  -  ResidentSetSize of job (KB)
...
006 (7234691.005.000) 10/05 09:34:04 Image size of job updated: 2340996
	2097  -  MemoryUsage of job (MB)
	2146848  -  ResidentSetSize of job (KB)
...
040 (7234691.005.000) 10/05 09:34:05 Started transferring output files
...
040 (7234691.005.000) 10/05 09:34:05 Finished transferring output files
...
005 (7234691.005.000) 10/05 09:34:05 Job terminated.
	(1) Normal termination (return value 50)
		Usr 0 10:34:09, Sys 0 00:09:18  -  Run Remote Usage
		Usr 0 00:00:00, Sys 0 00:00:00  -  Run Local Usage
		Usr 0 10:34:09, Sys 0 00:09:18  -  Total Remote Usage
		Usr 0 00:00:00, Sys 0 00:00:00  -  Total Local Usage
	80998  -  Run Bytes Sent By Job
	2403  -  Run Bytes Received By Job
	80998  -  Total Bytes Sent By Job
	2403  -  Total Bytes Received By Job
	Partitionable Resources :     Usage  Request Allocated 
	   Cpus                 :      0.99        1         1 
	   Disk (KB)            : 823429           3   2958474 
	   Memory (MB)          :   2097        2000      2000 

	Job terminated of its own accord at 2024-10-05T07:34:04Z with exit-code 50.
...
