000 (7186949.002.000) 08/25 10:08:52 Job submitted from host: <137.138.44.55:9618?addrs=137.138.44.55-9618+[2001-1458-d00-1a--48]-9618&alias=bigbird17.cern.ch&noUDP&sock=schedd_23962_8474>
...
040 (7186949.002.000) 08/25 10:15:03 Started transferring input files
	Transferring to host: <188.185.93.208:9618?addrs=188.185.93.208-9618+[2001-1458-d00-6c--100-e9]-9618&alias=b9g57n3665.cern.ch&noUDP&sock=slot1_1_14828_6ad4_106857>
...
040 (7186949.002.000) 08/25 10:15:03 Finished transferring input files
...
001 (7186949.002.000) 08/25 10:15:04 Job executing on host: <188.185.93.208:9618?addrs=188.185.93.208-9618+[2001-1458-d00-6c--100-e9]-9618&alias=b9g57n3665.cern.ch&noUDP&sock=startd_13612_473d>
	SlotName: slot1_1@b9g57n3665.cern.ch
	AvailableGPUs = { GPUs_GPU_836178fb }
	CondorScratchDir = "/pool/condor/dir_852030"
	Cpus = 1
	Disk = 330402
	GPUs = 1
	GPUs_GPU_836178fb = [ GlobalMemoryMb = 40326; MaxSupportedVersion = 12040; DriverVersion = 12.4; DeviceUuid = "836178fb-b193-b354-8ad9-dc95f395b443"; DeviceName = "NVIDIA A100-PCIE-40GB"; CoresPerCU = 64; ECCEnabled = true; ComputeUnits = 108; ClockMhz = 1410.0; Id = "GPU-836178fb"; DevicePciBusId = "0000:06:00.0"; Capability = 8.0 ]
	Memory = 2000
...
006 (7186949.002.000) 08/25 10:15:13 Image size of job updated: 54988
	41  -  MemoryUsage of job (MB)
	41528  -  ResidentSetSize of job (KB)
...
006 (7186949.002.000) 08/25 10:15:24 Image size of job updated: 63880
	41  -  MemoryUsage of job (MB)
	41528  -  ResidentSetSize of job (KB)
...
040 (7186949.002.000) 08/25 10:15:24 Started transferring output files
...
040 (7186949.002.000) 08/25 10:15:24 Finished transferring output files
...
005 (7186949.002.000) 08/25 10:15:24 Job terminated.
	(1) Normal termination (return value 50)
		Usr 0 00:00:02, Sys 0 00:00:13  -  Run Remote Usage
		Usr 0 00:00:00, Sys 0 00:00:00  -  Run Local Usage
		Usr 0 00:00:02, Sys 0 00:00:13  -  Total Remote Usage
		Usr 0 00:00:00, Sys 0 00:00:00  -  Total Local Usage
	42067  -  Run Bytes Sent By Job
	2978  -  Run Bytes Received By Job
	42067  -  Total Bytes Sent By Job
	2978  -  Total Bytes Received By Job
	Partitionable Resources :    Usage  Request Allocated Assigned
	   Cpus                 :                 1         1 
	   Disk (KB)            :     8378        3    330402 
	   Gpus (Average)       :                 1         1 "GPU-836178fb"
	   Memory (MB)          :       41     2000      2000 

	Job terminated of its own accord at 2024-08-25T08:15:24Z with exit-code 50.
...
