000 (7227821.006.000) 10/02 08:39:22 Job submitted from host: <137.138.44.55:9618?addrs=137.138.44.55-9618+[2001-1458-d00-1a--48]-9618&alias=bigbird17.cern.ch&noUDP&sock=schedd_1981_6134>
...
040 (7227821.006.000) 10/03 13:22:40 Started transferring input files
	Transferring to host: <128.142.248.81:9618?addrs=128.142.248.81-9618+[2001-1458-301-73--100-141]-9618&alias=b9g23p3234.cern.ch&noUDP&sock=slot1_43_133542_2b70_39844>
...
040 (7227821.006.000) 10/03 13:22:40 Finished transferring input files
...
001 (7227821.006.000) 10/03 13:22:41 Job executing on host: <128.142.248.81:9618?addrs=128.142.248.81-9618+[2001-1458-301-73--100-141]-9618&alias=b9g23p3234.cern.ch&noUDP&sock=startd_2952_67aa>
	SlotName: slot1_43@b9g23p3234.cern.ch
	CondorScratchDir = "/pool/condor/dir_3348117"
	Cpus = 1
	Disk = 2957835
	Memory = 2000
...
006 (7227821.006.000) 10/03 13:22:49 Image size of job updated: 885852
	866  -  MemoryUsage of job (MB)
	885824  -  ResidentSetSize of job (KB)
...
006 (7227821.006.000) 10/03 13:27:49 Image size of job updated: 1117796
	871  -  MemoryUsage of job (MB)
	891308  -  ResidentSetSize of job (KB)
...
006 (7227821.006.000) 10/03 15:23:00 Image size of job updated: 1150244
	1069  -  MemoryUsage of job (MB)
	1094116  -  ResidentSetSize of job (KB)
...
006 (7227821.006.000) 10/03 15:27:04 Image size of job updated: 2676224
	1190  -  MemoryUsage of job (MB)
	1217788  -  ResidentSetSize of job (KB)
...
040 (7227821.006.000) 10/03 15:27:04 Started transferring output files
...
040 (7227821.006.000) 10/03 15:27:04 Finished transferring output files
...
005 (7227821.006.000) 10/03 15:27:04 Job terminated.
	(1) Normal termination (return value 50)
		Usr 0 02:00:46, Sys 0 00:03:29  -  Run Remote Usage
		Usr 0 00:00:00, Sys 0 00:00:00  -  Run Local Usage
		Usr 0 02:00:46, Sys 0 00:03:29  -  Total Remote Usage
		Usr 0 00:00:00, Sys 0 00:00:00  -  Total Local Usage
	48109  -  Run Bytes Sent By Job
	2419  -  Run Bytes Received By Job
	48109  -  Total Bytes Sent By Job
	2419  -  Total Bytes Received By Job
	Partitionable Resources :      Usage  Request Allocated 
	   Cpus                 :       0.36        1         1 
	   Disk (KB)            : 1126594           3   2957835 
	   Memory (MB)          :    1190        2000      2000 

	Job terminated of its own accord at 2024-10-03T13:27:04Z with exit-code 50.
...
