000 (7227821.005.000) 10/02 08:39:22 Job submitted from host: <137.138.44.55:9618?addrs=137.138.44.55-9618+[2001-1458-d00-1a--48]-9618&alias=bigbird17.cern.ch&noUDP&sock=schedd_1981_6134>
...
040 (7227821.005.000) 10/03 13:14:43 Started transferring input files
	Transferring to host: <128.142.248.197:9618?addrs=128.142.248.197-9618+[2001-1458-301-73--100-c4]-9618&alias=b9g23p2961.cern.ch&noUDP&sock=slot1_35_2232953_240b_36302>
...
040 (7227821.005.000) 10/03 13:14:43 Finished transferring input files
...
001 (7227821.005.000) 10/03 13:14:44 Job executing on host: <128.142.248.197:9618?addrs=128.142.248.197-9618+[2001-1458-301-73--100-c4]-9618&alias=b9g23p2961.cern.ch&noUDP&sock=startd_5911_0866>
	SlotName: slot1_35@b9g23p2961.cern.ch
	CondorScratchDir = "/pool/condor/dir_2196363"
	Cpus = 1
	Disk = 3097504
	Memory = 2000
...
006 (7227821.005.000) 10/03 13:14:53 Image size of job updated: 3
	0  -  MemoryUsage of job (MB)
	0  -  ResidentSetSize of job (KB)
...
006 (7227821.005.000) 10/03 13:19:53 Image size of job updated: 1116244
	818  -  MemoryUsage of job (MB)
	837616  -  ResidentSetSize of job (KB)
...
006 (7227821.005.000) 10/03 13:24:54 Image size of job updated: 1116244
	824  -  MemoryUsage of job (MB)
	843184  -  ResidentSetSize of job (KB)
...
006 (7227821.005.000) 10/03 13:34:55 Image size of job updated: 1116244
	825  -  MemoryUsage of job (MB)
	844544  -  ResidentSetSize of job (KB)
...
006 (7227821.005.000) 10/03 15:28:44 Image size of job updated: 1895736
	825  -  MemoryUsage of job (MB)
	844544  -  ResidentSetSize of job (KB)
...
040 (7227821.005.000) 10/03 15:28:45 Started transferring output files
...
040 (7227821.005.000) 10/03 15:28:45 Finished transferring output files
...
005 (7227821.005.000) 10/03 15:28:45 Job terminated.
	(1) Normal termination (return value 50)
		Usr 0 02:08:48, Sys 0 00:03:44  -  Run Remote Usage
		Usr 0 00:00:00, Sys 0 00:00:00  -  Run Local Usage
		Usr 0 02:08:48, Sys 0 00:03:44  -  Total Remote Usage
		Usr 0 00:00:00, Sys 0 00:00:00  -  Total Local Usage
	48111  -  Run Bytes Sent By Job
	2419  -  Run Bytes Received By Job
	48111  -  Total Bytes Sent By Job
	2419  -  Total Bytes Received By Job
	Partitionable Resources :     Usage  Request Allocated 
	   Cpus                 :      0.74        1         1 
	   Disk (KB)            : 901187           3   3097504 
	   Memory (MB)          :    825        2000      2000 

	Job terminated of its own accord at 2024-10-03T13:28:44Z with exit-code 50.
...
