000 (7187237.001.000) 08/26 07:54:59 Job submitted from host: <137.138.44.55:9618?addrs=137.138.44.55-9618+[2001-1458-d00-1a--48]-9618&alias=bigbird17.cern.ch&noUDP&sock=schedd_23962_8474>
...
040 (7187237.001.000) 08/26 08:30:23 Started transferring input files
	Transferring to host: <128.142.248.94:9618?addrs=128.142.248.94-9618+[2001-1458-301-73--100-14e]-9618&alias=b9g23p2790.cern.ch&noUDP&sock=slot1_9_5757_13c3_10121>
...
040 (7187237.001.000) 08/26 08:30:23 Finished transferring input files
...
001 (7187237.001.000) 08/26 08:30:24 Job executing on host: <128.142.248.94:9618?addrs=128.142.248.94-9618+[2001-1458-301-73--100-14e]-9618&alias=b9g23p2790.cern.ch&noUDP&sock=startd_4576_5577>
	SlotName: slot1_9@b9g23p2790.cern.ch
	CondorScratchDir = "/pool/condor/dir_3837697"
	Cpus = 1
	Disk = 2963079
	Memory = 2000
...
006 (7187237.001.000) 08/26 08:30:33 Image size of job updated: 481828
	296  -  MemoryUsage of job (MB)
	302276  -  ResidentSetSize of job (KB)
...
006 (7187237.001.000) 08/26 08:33:18 Image size of job updated: 3516620
	313  -  MemoryUsage of job (MB)
	319492  -  ResidentSetSize of job (KB)
...
040 (7187237.001.000) 08/26 08:33:18 Started transferring output files
...
040 (7187237.001.000) 08/26 08:33:18 Finished transferring output files
...
005 (7187237.001.000) 08/26 08:33:18 Job terminated.
	(1) Normal termination (return value 50)
		Usr 0 00:02:39, Sys 0 00:00:10  -  Run Remote Usage
		Usr 0 00:00:00, Sys 0 00:00:00  -  Run Local Usage
		Usr 0 00:02:39, Sys 0 00:00:10  -  Total Remote Usage
		Usr 0 00:00:00, Sys 0 00:00:00  -  Total Local Usage
	16087  -  Run Bytes Sent By Job
	2906  -  Run Bytes Received By Job
	16087  -  Total Bytes Sent By Job
	2906  -  Total Bytes Received By Job
	Partitionable Resources :     Usage  Request Allocated 
	   Cpus                 :      1.00        1         1 
	   Disk (KB)            : 298094           3   2963079 
	   Memory (MB)          :    313        2000      2000 

	Job terminated of its own accord at 2024-08-26T06:33:18Z with exit-code 50.
...
