000 (7186946.004.000) 08/25 10:08:50 Job submitted from host: <137.138.44.55:9618?addrs=137.138.44.55-9618+[2001-1458-d00-1a--48]-9618&alias=bigbird17.cern.ch&noUDP&sock=schedd_23962_8474>
...
040 (7186946.004.000) 08/25 10:14:35 Started transferring input files
	Transferring to host: <188.185.93.14:9618?addrs=188.185.93.14-9618+[2001-1458-d00-6c--100-3cf]-9618&alias=b9g57n9600.cern.ch&noUDP&sock=slot1_1_17414_7cfd_107479>
...
040 (7186946.004.000) 08/25 10:14:35 Finished transferring input files
...
001 (7186946.004.000) 08/25 10:14:36 Job executing on host: <188.185.93.14:9618?addrs=188.185.93.14-9618+[2001-1458-d00-6c--100-3cf]-9618&alias=b9g57n9600.cern.ch&noUDP&sock=startd_17374_b286>
	SlotName: slot1_1@b9g57n9600.cern.ch
	AvailableGPUs = { GPUs_GPU_b0315e2a }
	CondorScratchDir = "/pool/condor/dir_3752536"
	Cpus = 1
	Disk = 320561
	GPUs = 1
	GPUs_GPU_b0315e2a = [ GlobalMemoryMb = 40326; MaxSupportedVersion = 12040; DriverVersion = 12.4; DeviceUuid = "b0315e2a-398c-3794-58e5-7fc069bfb315"; DeviceName = "NVIDIA A100-PCIE-40GB"; CoresPerCU = 64; ECCEnabled = true; ComputeUnits = 108; ClockMhz = 1410.0; Id = "GPU-b0315e2a"; DevicePciBusId = "0000:06:00.0"; Capability = 8.0 ]
	Memory = 2000
...
006 (7186946.004.000) 08/25 10:14:45 Image size of job updated: 43720
	39  -  MemoryUsage of job (MB)
	39052  -  ResidentSetSize of job (KB)
...
006 (7186946.004.000) 08/25 10:15:02 Image size of job updated: 63296
	39  -  MemoryUsage of job (MB)
	39052  -  ResidentSetSize of job (KB)
...
040 (7186946.004.000) 08/25 10:15:02 Started transferring output files
...
040 (7186946.004.000) 08/25 10:15:02 Finished transferring output files
...
005 (7186946.004.000) 08/25 10:15:02 Job terminated.
	(1) Normal termination (return value 50)
		Usr 0 00:00:03, Sys 0 00:00:17  -  Run Remote Usage
		Usr 0 00:00:00, Sys 0 00:00:00  -  Run Local Usage
		Usr 0 00:00:03, Sys 0 00:00:17  -  Total Remote Usage
		Usr 0 00:00:00, Sys 0 00:00:00  -  Total Local Usage
	41617  -  Run Bytes Sent By Job
	2974  -  Run Bytes Received By Job
	41617  -  Total Bytes Sent By Job
	2974  -  Total Bytes Received By Job
	Partitionable Resources :    Usage  Request Allocated Assigned
	   Cpus                 :                 1         1 
	   Disk (KB)            :     8377        3    320561 
	   Gpus (Average)       :                 1         1 "GPU-b0315e2a"
	   Memory (MB)          :       39     2000      2000 

	Job terminated of its own accord at 2024-08-25T08:15:02Z with exit-code 50.
...
