000 (7186946.000.000) 08/25 10:08:50 Job submitted from host: <137.138.44.55:9618?addrs=137.138.44.55-9618+[2001-1458-d00-1a--48]-9618&alias=bigbird17.cern.ch&noUDP&sock=schedd_23962_8474>
...
040 (7186946.000.000) 08/25 10:14:32 Started transferring input files
	Transferring to host: <188.185.93.15:9618?addrs=188.185.93.15-9618+[2001-1458-d00-6c--100-19a]-9618&alias=b9g57n1708.cern.ch&noUDP&sock=slot1_1_13098_79ce_107825>
...
040 (7186946.000.000) 08/25 10:14:32 Finished transferring input files
...
001 (7186946.000.000) 08/25 10:14:33 Job executing on host: <188.185.93.15:9618?addrs=188.185.93.15-9618+[2001-1458-d00-6c--100-19a]-9618&alias=b9g57n1708.cern.ch&noUDP&sock=startd_12239_83b4>
	SlotName: slot1_1@b9g57n1708.cern.ch
	AvailableGPUs = { GPUs_GPU_02690ba6 }
	CondorScratchDir = "/pool/condor/dir_3086261"
	Cpus = 1
	Disk = 324653
	GPUs = 1
	GPUs_GPU_02690ba6 = [ GlobalMemoryMb = 40326; MaxSupportedVersion = 12040; DriverVersion = 12.4; DeviceUuid = "02690ba6-da8f-b9f3-f5f5-ed6909a5a343"; DeviceName = "NVIDIA A100-PCIE-40GB"; CoresPerCU = 64; ECCEnabled = true; ComputeUnits = 108; ClockMhz = 1410.0; Id = "GPU-02690ba6"; DevicePciBusId = "0000:06:00.0"; Capability = 8.0 ]
	Memory = 2000
...
006 (7186946.000.000) 08/25 10:14:42 Image size of job updated: 24790508
	498  -  MemoryUsage of job (MB)
	509872  -  ResidentSetSize of job (KB)
...
006 (7186946.000.000) 08/25 10:14:55 Image size of job updated: 24790508
	498  -  MemoryUsage of job (MB)
	509896  -  ResidentSetSize of job (KB)
...
040 (7186946.000.000) 08/25 10:14:55 Started transferring output files
...
040 (7186946.000.000) 08/25 10:14:55 Finished transferring output files
...
005 (7186946.000.000) 08/25 10:14:56 Job terminated.
	(1) Normal termination (return value 50)
		Usr 0 14:58:50, Sys 1 06:03:30  -  Run Remote Usage
		Usr 0 00:00:00, Sys 0 00:00:00  -  Run Local Usage
		Usr 0 14:58:50, Sys 1 06:03:30  -  Total Remote Usage
		Usr 0 00:00:00, Sys 0 00:00:00  -  Total Local Usage
	41617  -  Run Bytes Sent By Job
	2974  -  Run Bytes Received By Job
	41617  -  Total Bytes Sent By Job
	2974  -  Total Bytes Received By Job
	Partitionable Resources :    Usage  Request Allocated Assigned
	   Cpus                 :                 1         1 
	   Disk (KB)            :     8377        3    324653 
	   Gpus (Average)       :                 1         1 "GPU-02690ba6"
	   Memory (MB)          :      498     2000      2000 

	Job terminated of its own accord at 2024-08-25T08:14:55Z with exit-code 50.
...
