000 (7187300.002.000) 08/26 07:55:53 Job submitted from host: <137.138.44.55:9618?addrs=137.138.44.55-9618+[2001-1458-d00-1a--48]-9618&alias=bigbird17.cern.ch&noUDP&sock=schedd_23962_8474>
...
040 (7187300.002.000) 08/27 16:34:39 Started transferring input files
	Transferring to host: <188.185.93.105:9618?addrs=188.185.93.105-9618+[2001-1458-d00-6c--100-242]-9618&alias=b9g57n8656.cern.ch&noUDP&sock=slot1_3_18300_c161_112636>
...
040 (7187300.002.000) 08/27 16:34:39 Finished transferring input files
...
001 (7187300.002.000) 08/27 16:34:40 Job executing on host: <188.185.93.105:9618?addrs=188.185.93.105-9618+[2001-1458-d00-6c--100-242]-9618&alias=b9g57n8656.cern.ch&noUDP&sock=startd_17874_a7e1>
	SlotName: slot1_3@b9g57n8656.cern.ch
	AvailableGPUs = { GPUs_GPU_486de2a4 }
	CondorScratchDir = "/pool/condor/dir_420402"
	Cpus = 1
	Disk = 1466109
	GPUs = 1
	GPUs_GPU_486de2a4 = [ GlobalMemoryMb = 40326; MaxSupportedVersion = 12040; DriverVersion = 12.4; DeviceName = "NVIDIA A100-PCIE-40GB"; CoresPerCU = 64; ECCEnabled = true; ComputeUnits = 108; ClockMhz = 1410.0; Id = "GPU-486de2a4"; Capability = 8.0; DevicePciBusId = "0000:08:00.0"; DeviceUuid = "486de2a4-09f0-beaa-a3c7-aeb8fe4639c5" ]
	Memory = 2000
...
006 (7187300.002.000) 08/27 16:34:50 Image size of job updated: 13159860
	4894  -  MemoryUsage of job (MB)
	5011280  -  ResidentSetSize of job (KB)
...
006 (7187300.002.000) 08/27 16:39:50 Image size of job updated: 13159860
	5371  -  MemoryUsage of job (MB)
	5499336  -  ResidentSetSize of job (KB)
...
006 (7187300.002.000) 08/27 16:44:50 Image size of job updated: 13159860
	5804  -  MemoryUsage of job (MB)
	5943056  -  ResidentSetSize of job (KB)
...
006 (7187300.002.000) 08/27 16:49:51 Image size of job updated: 13159860
	5806  -  MemoryUsage of job (MB)
	5944568  -  ResidentSetSize of job (KB)
...
006 (7187300.002.000) 08/27 16:59:53 Image size of job updated: 13159860
	8529  -  MemoryUsage of job (MB)
	8733412  -  ResidentSetSize of job (KB)
...
006 (7187300.002.000) 08/27 17:04:53 Image size of job updated: 13159860
	9320  -  MemoryUsage of job (MB)
	9543232  -  ResidentSetSize of job (KB)
...
040 (7187300.002.000) 08/27 17:08:50 Started transferring output files
...
040 (7187300.002.000) 08/27 17:08:50 Finished transferring output files
...
005 (7187300.002.000) 08/27 17:08:50 Job terminated.
	(1) Normal termination (return value 50)
		Usr 0 11:45:15, Sys 1 16:04:19  -  Run Remote Usage
		Usr 0 00:00:00, Sys 0 00:00:00  -  Run Local Usage
		Usr 0 11:45:15, Sys 1 16:04:19  -  Total Remote Usage
		Usr 0 00:00:00, Sys 0 00:00:00  -  Total Local Usage
	35995  -  Run Bytes Sent By Job
	2925  -  Run Bytes Received By Job
	35995  -  Total Bytes Sent By Job
	2925  -  Total Bytes Received By Job
	Partitionable Resources :      Usage  Request Allocated Assigned
	   Cpus                 :       1.00        1         1 
	   Disk (KB)            : 2510848           3   1466109 
	   Gpus (Average)       :       0.01        1         1 "GPU-486de2a4"
	   GpusMemory (MB)      :    1077                       
	   Memory (MB)          :    9320        2000      2000 

	Job terminated of its own accord at 2024-08-27T15:08:50Z with exit-code 50.
...
