000 (7223599.006.000) 09/25 06:46:12 Job submitted from host: <137.138.44.55:9618?addrs=137.138.44.55-9618+[2001-1458-d00-1a--48]-9618&alias=bigbird17.cern.ch&noUDP&sock=schedd_1981_6134>
...
040 (7223599.006.000) 09/26 14:58:08 Started transferring input files
	Transferring to host: <188.185.190.109:9618?addrs=188.185.190.109-9618+[2001-1458-d03-b--100-300]-9618&alias=b9pgpun014.cern.ch&noUDP&sock=slot1_4_3185867_4229_18434>
...
040 (7223599.006.000) 09/26 14:58:08 Finished transferring input files
...
001 (7223599.006.000) 09/26 14:58:09 Job executing on host: <188.185.190.109:9618?addrs=188.185.190.109-9618+[2001-1458-d03-b--100-300]-9618&alias=b9pgpun014.cern.ch&noUDP&sock=startd_215167_3e60>
	SlotName: slot1_4@b9pgpun014.cern.ch
	AvailableGPUs = { GPUs_GPU_5b10c343 }
	CondorScratchDir = "/pool/condor/dir_4165423"
	Cpus = 1
	Disk = 6812535
	GPUs = 1
	GPUs_GPU_5b10c343 = [ GlobalMemoryMb = 95235; MaxSupportedVersion = 12040; DriverVersion = 12.4; DeviceName = "NVIDIA H100 NVL"; CoresPerCU = 128; ECCEnabled = true; ComputeUnits = 132; ClockMhz = 1785.0; Id = "GPU-5b10c343"; Capability = 9.0; DevicePciBusId = "0000:AE:00.0"; DeviceUuid = "5b10c343-d8c6-ecec-0fd5-9cb86aac472a" ]
	Memory = 2000
...
006 (7223599.006.000) 09/26 14:58:18 Image size of job updated: 2890728
	2823  -  MemoryUsage of job (MB)
	2890684  -  ResidentSetSize of job (KB)
...
006 (7223599.006.000) 09/26 15:03:20 Image size of job updated: 21652268
	21136  -  MemoryUsage of job (MB)
	21642684  -  ResidentSetSize of job (KB)
...
006 (7223599.006.000) 09/26 15:08:21 Image size of job updated: 21731728
	21215  -  MemoryUsage of job (MB)
	21723432  -  ResidentSetSize of job (KB)
...
006 (7223599.006.000) 09/26 15:13:22 Image size of job updated: 21776096
	21260  -  MemoryUsage of job (MB)
	21769456  -  ResidentSetSize of job (KB)
...
006 (7223599.006.000) 09/26 15:18:23 Image size of job updated: 21851420
	21334  -  MemoryUsage of job (MB)
	21845232  -  ResidentSetSize of job (KB)
...
006 (7223599.006.000) 09/26 15:23:24 Image size of job updated: 21875132
	21359  -  MemoryUsage of job (MB)
	21871064  -  ResidentSetSize of job (KB)
...
006 (7223599.006.000) 09/26 15:28:25 Image size of job updated: 21990780
	21470  -  MemoryUsage of job (MB)
	21985224  -  ResidentSetSize of job (KB)
...
006 (7223599.006.000) 09/26 15:33:24 Image size of job updated: 22153096
	21625  -  MemoryUsage of job (MB)
	22143984  -  ResidentSetSize of job (KB)
...
006 (7223599.006.000) 09/26 15:38:24 Image size of job updated: 22294348
	21769  -  MemoryUsage of job (MB)
	22290956  -  ResidentSetSize of job (KB)
...
006 (7223599.006.000) 09/26 15:43:25 Image size of job updated: 22518760
	21982  -  MemoryUsage of job (MB)
	22509032  -  ResidentSetSize of job (KB)
...
006 (7223599.006.000) 09/26 15:48:26 Image size of job updated: 22572112
	22037  -  MemoryUsage of job (MB)
	22565876  -  ResidentSetSize of job (KB)
...
006 (7223599.006.000) 09/26 15:53:27 Image size of job updated: 22648360
	22113  -  MemoryUsage of job (MB)
	22643640  -  ResidentSetSize of job (KB)
...
006 (7223599.006.000) 09/26 15:58:28 Image size of job updated: 22844624
	22285  -  MemoryUsage of job (MB)
	22819140  -  ResidentSetSize of job (KB)
...
006 (7223599.006.000) 09/26 16:03:29 Image size of job updated: 23024904
	22473  -  MemoryUsage of job (MB)
	23012156  -  ResidentSetSize of job (KB)
...
006 (7223599.006.000) 09/26 16:08:28 Image size of job updated: 23804792
	23140  -  MemoryUsage of job (MB)
	23695268  -  ResidentSetSize of job (KB)
...
006 (7223599.006.000) 09/26 16:13:28 Image size of job updated: 26268228
	25653  -  MemoryUsage of job (MB)
	26268228  -  ResidentSetSize of job (KB)
...
006 (7223599.006.000) 09/26 16:13:46 Image size of job updated: 26308936
	25656  -  MemoryUsage of job (MB)
	26271044  -  ResidentSetSize of job (KB)
...
040 (7223599.006.000) 09/26 16:13:46 Started transferring output files
...
040 (7223599.006.000) 09/26 16:13:46 Finished transferring output files
...
005 (7223599.006.000) 09/26 16:13:47 Job terminated.
	(1) Normal termination (return value 50)
		Usr 0 01:14:45, Sys 0 00:13:26  -  Run Remote Usage
		Usr 0 00:00:00, Sys 0 00:00:00  -  Run Local Usage
		Usr 0 01:14:45, Sys 0 00:13:26  -  Total Remote Usage
		Usr 0 00:00:00, Sys 0 00:00:00  -  Total Local Usage
	228417  -  Run Bytes Sent By Job
	1405  -  Run Bytes Received By Job
	228417  -  Total Bytes Sent By Job
	1405  -  Total Bytes Received By Job
	Partitionable Resources :       Usage  Request Allocated Assigned
	   Cpus                 :        0.96        1         1 
	   Disk (KB)            : 22126563           2   6812535 
	   Gpus (Average)       :        0.00        1         1 "GPU-5b10c343"
	   GpusMemory (MB)      :     1029                       
	   Memory (MB)          :    25656        2000      2000 

	Job terminated of its own accord at 2024-09-26T14:13:46Z with exit-code 50.
...
