000 (7223580.002.000) 09/25 06:45:51 Job submitted from host: <137.138.44.55:9618?addrs=137.138.44.55-9618+[2001-1458-d00-1a--48]-9618&alias=bigbird17.cern.ch&noUDP&sock=schedd_1981_6134>
...
040 (7223580.002.000) 09/25 06:46:08 Started transferring input files
	Transferring to host: <188.185.190.109:9618?addrs=188.185.190.109-9618+[2001-1458-d03-b--100-300]-9618&alias=b9pgpun014.cern.ch&noUDP&sock=slot1_4_3185867_4229_17515>
...
040 (7223580.002.000) 09/25 06:46:08 Finished transferring input files
...
001 (7223580.002.000) 09/25 06:46:09 Job executing on host: <188.185.190.109:9618?addrs=188.185.190.109-9618+[2001-1458-d03-b--100-300]-9618&alias=b9pgpun014.cern.ch&noUDP&sock=startd_215167_3e60>
	SlotName: slot1_4@b9pgpun014.cern.ch
	AvailableGPUs = { GPUs_GPU_5b10c343 }
	CondorScratchDir = "/pool/condor/dir_513355"
	Cpus = 1
	Disk = 6876493
	GPUs = 1
	GPUs_GPU_5b10c343 = [ GlobalMemoryMb = 95235; MaxSupportedVersion = 12040; DriverVersion = 12.4; DeviceName = "NVIDIA H100 NVL"; CoresPerCU = 128; ECCEnabled = true; ComputeUnits = 132; ClockMhz = 1785.0; Id = "GPU-5b10c343"; Capability = 9.0; DevicePciBusId = "0000:AE:00.0"; DeviceUuid = "5b10c343-d8c6-ecec-0fd5-9cb86aac472a" ]
	Memory = 2000
...
006 (7223580.002.000) 09/25 06:46:18 Image size of job updated: 3098804
	3027  -  MemoryUsage of job (MB)
	3098736  -  ResidentSetSize of job (KB)
...
006 (7223580.002.000) 09/25 06:51:19 Image size of job updated: 20466844
	19819  -  MemoryUsage of job (MB)
	20294256  -  ResidentSetSize of job (KB)
...
006 (7223580.002.000) 09/25 06:56:20 Image size of job updated: 20466844
	19837  -  MemoryUsage of job (MB)
	20312284  -  ResidentSetSize of job (KB)
...
006 (7223580.002.000) 09/25 07:01:20 Image size of job updated: 20466844
	19840  -  MemoryUsage of job (MB)
	20315480  -  ResidentSetSize of job (KB)
...
006 (7223580.002.000) 09/25 07:06:21 Image size of job updated: 20466844
	19857  -  MemoryUsage of job (MB)
	20332660  -  ResidentSetSize of job (KB)
...
006 (7223580.002.000) 09/25 07:11:21 Image size of job updated: 20466844
	19858  -  MemoryUsage of job (MB)
	20334056  -  ResidentSetSize of job (KB)
...
006 (7223580.002.000) 09/25 07:21:23 Image size of job updated: 20466844
	19860  -  MemoryUsage of job (MB)
	20336576  -  ResidentSetSize of job (KB)
...
006 (7223580.002.000) 09/25 07:26:23 Image size of job updated: 20466844
	19864  -  MemoryUsage of job (MB)
	20340228  -  ResidentSetSize of job (KB)
...
006 (7223580.002.000) 09/25 07:31:24 Image size of job updated: 20466844
	19868  -  MemoryUsage of job (MB)
	20344620  -  ResidentSetSize of job (KB)
...
006 (7223580.002.000) 09/25 07:36:24 Image size of job updated: 20466844
	19869  -  MemoryUsage of job (MB)
	20345776  -  ResidentSetSize of job (KB)
...
006 (7223580.002.000) 09/25 07:41:25 Image size of job updated: 20466844
	19873  -  MemoryUsage of job (MB)
	20349440  -  ResidentSetSize of job (KB)
...
006 (7223580.002.000) 09/25 07:46:25 Image size of job updated: 20466844
	19873  -  MemoryUsage of job (MB)
	20349468  -  ResidentSetSize of job (KB)
...
006 (7223580.002.000) 09/25 07:51:26 Image size of job updated: 20466844
	19881  -  MemoryUsage of job (MB)
	20357368  -  ResidentSetSize of job (KB)
...
006 (7223580.002.000) 09/25 08:41:31 Image size of job updated: 20466844
	19882  -  MemoryUsage of job (MB)
	20358176  -  ResidentSetSize of job (KB)
...
006 (7223580.002.000) 09/25 09:06:33 Image size of job updated: 20466844
	19882  -  MemoryUsage of job (MB)
	20358388  -  ResidentSetSize of job (KB)
...
006 (7223580.002.000) 09/25 09:11:33 Image size of job updated: 20466844
	19902  -  MemoryUsage of job (MB)
	20378708  -  ResidentSetSize of job (KB)
...
006 (7223580.002.000) 09/25 09:16:34 Image size of job updated: 20466844
	19916  -  MemoryUsage of job (MB)
	20392980  -  ResidentSetSize of job (KB)
...
006 (7223580.002.000) 09/25 09:21:34 Image size of job updated: 20466844
	19921  -  MemoryUsage of job (MB)
	20398980  -  ResidentSetSize of job (KB)
...
006 (7223580.002.000) 09/25 09:26:35 Image size of job updated: 20466844
	19926  -  MemoryUsage of job (MB)
	20403704  -  ResidentSetSize of job (KB)
...
006 (7223580.002.000) 09/25 10:11:40 Image size of job updated: 20466844
	19927  -  MemoryUsage of job (MB)
	20404904  -  ResidentSetSize of job (KB)
...
006 (7223580.002.000) 09/25 10:16:39 Image size of job updated: 20466844
	19932  -  MemoryUsage of job (MB)
	20409384  -  ResidentSetSize of job (KB)
...
006 (7223580.002.000) 09/25 10:21:40 Image size of job updated: 20466844
	19935  -  MemoryUsage of job (MB)
	20413048  -  ResidentSetSize of job (KB)
...
006 (7223580.002.000) 09/25 10:26:40 Image size of job updated: 20466844
	19942  -  MemoryUsage of job (MB)
	20419664  -  ResidentSetSize of job (KB)
...
006 (7223580.002.000) 09/25 10:31:41 Image size of job updated: 20466844
	19942  -  MemoryUsage of job (MB)
	20420356  -  ResidentSetSize of job (KB)
...
006 (7223580.002.000) 09/25 10:36:41 Image size of job updated: 20466844
	19947  -  MemoryUsage of job (MB)
	20425600  -  ResidentSetSize of job (KB)
...
006 (7223580.002.000) 09/25 10:41:42 Image size of job updated: 20466844
	19972  -  MemoryUsage of job (MB)
	20451072  -  ResidentSetSize of job (KB)
...
006 (7223580.002.000) 09/25 10:46:42 Image size of job updated: 20468844
	19983  -  MemoryUsage of job (MB)
	20462132  -  ResidentSetSize of job (KB)
...
006 (7223580.002.000) 09/25 10:51:43 Image size of job updated: 20468936
	19986  -  MemoryUsage of job (MB)
	20465112  -  ResidentSetSize of job (KB)
...
006 (7223580.002.000) 09/25 10:56:43 Image size of job updated: 20469540
	19986  -  MemoryUsage of job (MB)
	20465112  -  ResidentSetSize of job (KB)
...
006 (7223580.002.000) 09/25 11:01:44 Image size of job updated: 20470796
	19986  -  MemoryUsage of job (MB)
	20465612  -  ResidentSetSize of job (KB)
...
006 (7223580.002.000) 09/25 11:06:44 Image size of job updated: 20481880
	19997  -  MemoryUsage of job (MB)
	20476572  -  ResidentSetSize of job (KB)
...
006 (7223580.002.000) 09/25 11:21:46 Image size of job updated: 20481880
	19999  -  MemoryUsage of job (MB)
	20478568  -  ResidentSetSize of job (KB)
...
006 (7223580.002.000) 09/25 11:31:47 Image size of job updated: 20482724
	19999  -  MemoryUsage of job (MB)
	20478568  -  ResidentSetSize of job (KB)
...
006 (7223580.002.000) 09/25 11:41:48 Image size of job updated: 20483068
	19999  -  MemoryUsage of job (MB)
	20478568  -  ResidentSetSize of job (KB)
...
006 (7223580.002.000) 09/25 11:46:49 Image size of job updated: 20483068
	20000  -  MemoryUsage of job (MB)
	20479236  -  ResidentSetSize of job (KB)
...
006 (7223580.002.000) 09/25 11:51:49 Image size of job updated: 20493676
	20007  -  MemoryUsage of job (MB)
	20486712  -  ResidentSetSize of job (KB)
...
006 (7223580.002.000) 09/25 11:56:50 Image size of job updated: 20495268
	20007  -  MemoryUsage of job (MB)
	20486712  -  ResidentSetSize of job (KB)
...
006 (7223580.002.000) 09/25 12:01:50 Image size of job updated: 20495268
	20012  -  MemoryUsage of job (MB)
	20491988  -  ResidentSetSize of job (KB)
...
006 (7223580.002.000) 09/25 12:06:51 Image size of job updated: 20496912
	20017  -  MemoryUsage of job (MB)
	20496912  -  ResidentSetSize of job (KB)
...
006 (7223580.002.000) 09/25 12:11:52 Image size of job updated: 20506816
	20017  -  MemoryUsage of job (MB)
	20496912  -  ResidentSetSize of job (KB)
...
006 (7223580.002.000) 09/25 13:01:56 Image size of job updated: 20506816
	20018  -  MemoryUsage of job (MB)
	20497416  -  ResidentSetSize of job (KB)
...
006 (7223580.002.000) 09/25 13:06:57 Image size of job updated: 20506816
	20018  -  MemoryUsage of job (MB)
	20498380  -  ResidentSetSize of job (KB)
...
006 (7223580.002.000) 09/25 13:11:57 Image size of job updated: 20506816
	20020  -  MemoryUsage of job (MB)
	20500332  -  ResidentSetSize of job (KB)
...
006 (7223580.002.000) 09/25 13:26:59 Image size of job updated: 20506816
	20021  -  MemoryUsage of job (MB)
	20500852  -  ResidentSetSize of job (KB)
...
006 (7223580.002.000) 09/25 13:31:59 Image size of job updated: 20506816
	20022  -  MemoryUsage of job (MB)
	20501928  -  ResidentSetSize of job (KB)
...
006 (7223580.002.000) 09/25 13:42:00 Image size of job updated: 20506988
	20022  -  MemoryUsage of job (MB)
	20501928  -  ResidentSetSize of job (KB)
...
006 (7223580.002.000) 09/25 14:02:03 Image size of job updated: 20506988
	20023  -  MemoryUsage of job (MB)
	20503244  -  ResidentSetSize of job (KB)
...
006 (7223580.002.000) 09/25 14:07:03 Image size of job updated: 20507152
	20027  -  MemoryUsage of job (MB)
	20506924  -  ResidentSetSize of job (KB)
...
006 (7223580.002.000) 09/25 14:12:04 Image size of job updated: 20534484
	20035  -  MemoryUsage of job (MB)
	20514980  -  ResidentSetSize of job (KB)
...
006 (7223580.002.000) 09/25 14:27:05 Image size of job updated: 20534484
	20039  -  MemoryUsage of job (MB)
	20519352  -  ResidentSetSize of job (KB)
...
006 (7223580.002.000) 09/25 14:32:06 Image size of job updated: 20534484
	20044  -  MemoryUsage of job (MB)
	20524492  -  ResidentSetSize of job (KB)
...
006 (7223580.002.000) 09/25 14:37:06 Image size of job updated: 20536020
	20044  -  MemoryUsage of job (MB)
	20524492  -  ResidentSetSize of job (KB)
...
006 (7223580.002.000) 09/25 15:07:10 Image size of job updated: 20536020
	20048  -  MemoryUsage of job (MB)
	20528840  -  ResidentSetSize of job (KB)
...
006 (7223580.002.000) 09/25 15:12:09 Image size of job updated: 20536020
	20051  -  MemoryUsage of job (MB)
	20531400  -  ResidentSetSize of job (KB)
...
006 (7223580.002.000) 09/25 15:17:10 Image size of job updated: 20536020
	20052  -  MemoryUsage of job (MB)
	20532552  -  ResidentSetSize of job (KB)
...
006 (7223580.002.000) 09/25 15:27:12 Image size of job updated: 20536876
	20052  -  MemoryUsage of job (MB)
	20532552  -  ResidentSetSize of job (KB)
...
006 (7223580.002.000) 09/25 15:32:11 Image size of job updated: 20557952
	20063  -  MemoryUsage of job (MB)
	20543952  -  ResidentSetSize of job (KB)
...
006 (7223580.002.000) 09/25 15:37:12 Image size of job updated: 20561676
	20071  -  MemoryUsage of job (MB)
	20552228  -  ResidentSetSize of job (KB)
...
006 (7223580.002.000) 09/25 15:42:13 Image size of job updated: 20561676
	20073  -  MemoryUsage of job (MB)
	20553804  -  ResidentSetSize of job (KB)
...
006 (7223580.002.000) 09/25 15:52:12 Image size of job updated: 20567680
	20082  -  MemoryUsage of job (MB)
	20563272  -  ResidentSetSize of job (KB)
...
006 (7223580.002.000) 09/25 15:57:13 Image size of job updated: 20584608
	20097  -  MemoryUsage of job (MB)
	20578940  -  ResidentSetSize of job (KB)
...
006 (7223580.002.000) 09/25 16:02:14 Image size of job updated: 20590076
	20104  -  MemoryUsage of job (MB)
	20586240  -  ResidentSetSize of job (KB)
...
006 (7223580.002.000) 09/25 16:07:15 Image size of job updated: 20625164
	20115  -  MemoryUsage of job (MB)
	20597264  -  ResidentSetSize of job (KB)
...
006 (7223580.002.000) 09/25 16:12:14 Image size of job updated: 20625164
	20121  -  MemoryUsage of job (MB)
	20603248  -  ResidentSetSize of job (KB)
...
006 (7223580.002.000) 09/25 16:17:15 Image size of job updated: 20625164
	20132  -  MemoryUsage of job (MB)
	20614484  -  ResidentSetSize of job (KB)
...
006 (7223580.002.000) 09/25 16:22:16 Image size of job updated: 20632700
	20145  -  MemoryUsage of job (MB)
	20628316  -  ResidentSetSize of job (KB)
...
006 (7223580.002.000) 09/25 16:27:17 Image size of job updated: 20683128
	20179  -  MemoryUsage of job (MB)
	20662292  -  ResidentSetSize of job (KB)
...
006 (7223580.002.000) 09/25 16:32:16 Image size of job updated: 20732480
	20234  -  MemoryUsage of job (MB)
	20718632  -  ResidentSetSize of job (KB)
...
006 (7223580.002.000) 09/25 16:37:17 Image size of job updated: 20801656
	20296  -  MemoryUsage of job (MB)
	20782536  -  ResidentSetSize of job (KB)
...
006 (7223580.002.000) 09/25 16:42:18 Image size of job updated: 20958988
	20445  -  MemoryUsage of job (MB)
	20935356  -  ResidentSetSize of job (KB)
...
006 (7223580.002.000) 09/25 16:47:19 Image size of job updated: 21135012
	20629  -  MemoryUsage of job (MB)
	21123336  -  ResidentSetSize of job (KB)
...
006 (7223580.002.000) 09/25 16:52:19 Image size of job updated: 21204584
	20698  -  MemoryUsage of job (MB)
	21193952  -  ResidentSetSize of job (KB)
...
006 (7223580.002.000) 09/25 16:57:20 Image size of job updated: 21300396
	20789  -  MemoryUsage of job (MB)
	21287208  -  ResidentSetSize of job (KB)
...
006 (7223580.002.000) 09/25 17:02:21 Image size of job updated: 24614216
	24038  -  MemoryUsage of job (MB)
	24614216  -  ResidentSetSize of job (KB)
...
006 (7223580.002.000) 09/25 17:02:55 Image size of job updated: 24729388
	24040  -  MemoryUsage of job (MB)
	24616776  -  ResidentSetSize of job (KB)
...
040 (7223580.002.000) 09/25 17:02:56 Started transferring output files
...
040 (7223580.002.000) 09/25 17:02:56 Finished transferring output files
...
005 (7223580.002.000) 09/25 17:02:56 Job terminated.
	(1) Normal termination (return value 50)
		Usr 0 10:14:09, Sys 0 00:01:40  -  Run Remote Usage
		Usr 0 00:00:00, Sys 0 00:00:00  -  Run Local Usage
		Usr 0 10:14:09, Sys 0 00:01:40  -  Total Remote Usage
		Usr 0 00:00:00, Sys 0 00:00:00  -  Total Local Usage
	90120  -  Run Bytes Sent By Job
	1405  -  Run Bytes Received By Job
	90120  -  Total Bytes Sent By Job
	1405  -  Total Bytes Received By Job
	Partitionable Resources :       Usage  Request Allocated Assigned
	   Cpus                 :        1.09        1         1 
	   Disk (KB)            : 19767348           2   6876493 
	   Gpus (Average)       :        0.00        1         1 "GPU-5b10c343"
	   GpusMemory (MB)      :      599                       
	   Memory (MB)          :    24040        2000      2000 

	Job terminated of its own accord at 2024-09-25T15:02:55Z with exit-code 50.
...
