000 (7217811.003.000) 09/23 13:21:43 Job submitted from host: <137.138.44.55:9618?addrs=137.138.44.55-9618+[2001-1458-d00-1a--48]-9618&alias=bigbird17.cern.ch&noUDP&sock=schedd_1981_6134>
...
040 (7217811.003.000) 09/24 11:11:16 Started transferring input files
	Transferring to host: <188.185.190.109:9618?addrs=188.185.190.109-9618+[2001-1458-d03-b--100-300]-9618&alias=b9pgpun014.cern.ch&noUDP&sock=slot1_1_3185867_4229_16797>
...
040 (7217811.003.000) 09/24 11:11:16 Finished transferring input files
...
001 (7217811.003.000) 09/24 11:11:17 Job executing on host: <188.185.190.109:9618?addrs=188.185.190.109-9618+[2001-1458-d03-b--100-300]-9618&alias=b9pgpun014.cern.ch&noUDP&sock=startd_215167_3e60>
	SlotName: slot1_1@b9pgpun014.cern.ch
	AvailableGPUs = { GPUs_GPU_d55ce482 }
	CondorScratchDir = "/pool/condor/dir_68976"
	Cpus = 1
	Disk = 6870029
	GPUs = 1
	GPUs_GPU_d55ce482 = [ GlobalMemoryMb = 95235; MaxSupportedVersion = 12040; DriverVersion = 12.4; DeviceName = "NVIDIA H100 NVL"; CoresPerCU = 128; ECCEnabled = true; ComputeUnits = 132; ClockMhz = 1785.0; Id = "GPU-d55ce482"; Capability = 9.0; DevicePciBusId = "0000:3A:00.0"; DeviceUuid = "d55ce482-6b29-aba5-2387-d8dadb7ee20f" ]
	Memory = 2000
...
006 (7217811.003.000) 09/24 11:11:27 Image size of job updated: 2303500
	2250  -  MemoryUsage of job (MB)
	2303468  -  ResidentSetSize of job (KB)
...
006 (7217811.003.000) 09/24 11:16:27 Image size of job updated: 2427164
	2252  -  MemoryUsage of job (MB)
	2305144  -  ResidentSetSize of job (KB)
...
006 (7217811.003.000) 09/24 12:56:37 Image size of job updated: 2427164
	2288  -  MemoryUsage of job (MB)
	2342540  -  ResidentSetSize of job (KB)
...
006 (7217811.003.000) 09/24 13:01:37 Image size of job updated: 2472848
	2403  -  MemoryUsage of job (MB)
	2460012  -  ResidentSetSize of job (KB)
...
006 (7217811.003.000) 09/24 13:06:37 Image size of job updated: 2621064
	2545  -  MemoryUsage of job (MB)
	2605936  -  ResidentSetSize of job (KB)
...
006 (7217811.003.000) 09/24 13:11:38 Image size of job updated: 2822936
	2747  -  MemoryUsage of job (MB)
	2812792  -  ResidentSetSize of job (KB)
...
006 (7217811.003.000) 09/24 13:16:38 Image size of job updated: 2901344
	2823  -  MemoryUsage of job (MB)
	2889944  -  ResidentSetSize of job (KB)
...
006 (7217811.003.000) 09/24 13:21:38 Image size of job updated: 2951704
	2857  -  MemoryUsage of job (MB)
	2924812  -  ResidentSetSize of job (KB)
...
006 (7217811.003.000) 09/24 13:26:39 Image size of job updated: 3322136
	3243  -  MemoryUsage of job (MB)
	3320280  -  ResidentSetSize of job (KB)
...
006 (7217811.003.000) 09/24 13:31:39 Image size of job updated: 3892284
	3728  -  MemoryUsage of job (MB)
	3816812  -  ResidentSetSize of job (KB)
...
006 (7217811.003.000) 09/24 13:36:40 Image size of job updated: 4068704
	3947  -  MemoryUsage of job (MB)
	4040756  -  ResidentSetSize of job (KB)
...
006 (7217811.003.000) 09/24 13:41:41 Image size of job updated: 5400480
	5274  -  MemoryUsage of job (MB)
	5400480  -  ResidentSetSize of job (KB)
...
006 (7217811.003.000) 09/24 13:46:41 Image size of job updated: 6137272
	5994  -  MemoryUsage of job (MB)
	6137272  -  ResidentSetSize of job (KB)
...
006 (7217811.003.000) 09/24 13:51:42 Image size of job updated: 6875188
	6715  -  MemoryUsage of job (MB)
	6875188  -  ResidentSetSize of job (KB)
...
006 (7217811.003.000) 09/24 13:56:42 Image size of job updated: 7614040
	7436  -  MemoryUsage of job (MB)
	7614040  -  ResidentSetSize of job (KB)
...
006 (7217811.003.000) 09/24 14:01:42 Image size of job updated: 8352936
	8158  -  MemoryUsage of job (MB)
	8352936  -  ResidentSetSize of job (KB)
...
006 (7217811.003.000) 09/24 14:06:43 Image size of job updated: 9091080
	8879  -  MemoryUsage of job (MB)
	9091080  -  ResidentSetSize of job (KB)
...
006 (7217811.003.000) 09/24 14:11:43 Image size of job updated: 9828840
	9599  -  MemoryUsage of job (MB)
	9828840  -  ResidentSetSize of job (KB)
...
006 (7217811.003.000) 09/24 14:16:45 Image size of job updated: 10573008
	10326  -  MemoryUsage of job (MB)
	10573008  -  ResidentSetSize of job (KB)
...
006 (7217811.003.000) 09/24 14:21:45 Image size of job updated: 11314712
	11050  -  MemoryUsage of job (MB)
	11314712  -  ResidentSetSize of job (KB)
...
006 (7217811.003.000) 09/24 14:26:45 Image size of job updated: 12056784
	11775  -  MemoryUsage of job (MB)
	12056784  -  ResidentSetSize of job (KB)
...
006 (7217811.003.000) 09/24 14:30:32 Image size of job updated: 12472304
	11775  -  MemoryUsage of job (MB)
	12057040  -  ResidentSetSize of job (KB)
...
040 (7217811.003.000) 09/24 14:30:34 Started transferring output files
...
040 (7217811.003.000) 09/24 14:30:34 Finished transferring output files
...
005 (7217811.003.000) 09/24 14:30:34 Job terminated.
	(1) Normal termination (return value 50)
		Usr 0 03:17:50, Sys 0 00:01:20  -  Run Remote Usage
		Usr 0 00:00:00, Sys 0 00:00:00  -  Run Local Usage
		Usr 0 03:17:50, Sys 0 00:01:20  -  Total Remote Usage
		Usr 0 00:00:00, Sys 0 00:00:00  -  Total Local Usage
	94865  -  Run Bytes Sent By Job
	1416  -  Run Bytes Received By Job
	94865  -  Total Bytes Sent By Job
	1416  -  Total Bytes Received By Job
	Partitionable Resources :      Usage  Request Allocated Assigned
	   Cpus                 :       1.00        1         1 
	   Disk (KB)            : 8904938           2   6870029 
	   Gpus (Average)       :       0.00        1         1 "GPU-d55ce482"
	   GpusMemory (MB)      :     599                       
	   Memory (MB)          :   11775        2000      2000 

	Job terminated of its own accord at 2024-09-24T12:30:32Z with exit-code 50.
...
