000 (7217811.004.000) 09/23 13:21:43 Job submitted from host: <137.138.44.55:9618?addrs=137.138.44.55-9618+[2001-1458-d00-1a--48]-9618&alias=bigbird17.cern.ch&noUDP&sock=schedd_1981_6134>
...
040 (7217811.004.000) 09/24 11:12:56 Started transferring input files
	Transferring to host: <188.185.238.11:9618?addrs=188.185.238.11-9618+[2001-1458-303-28--100-7]-9618&alias=b9pgpun003.cern.ch&noUDP&sock=slot1_3_818830_8f4b_29841>
...
040 (7217811.004.000) 09/24 11:12:56 Finished transferring input files
...
001 (7217811.004.000) 09/24 11:12:57 Job executing on host: <188.185.238.11:9618?addrs=188.185.238.11-9618+[2001-1458-303-28--100-7]-9618&alias=b9pgpun003.cern.ch&noUDP&sock=startd_217080_670c>
	SlotName: slot1_3@b9pgpun003.cern.ch
	AvailableGPUs = { GPUs_GPU_b0236122 }
	CondorScratchDir = "/pool/condor/dir_3854670"
	Cpus = 1
	Disk = 6884709
	GPUs = 1
	GPUs_GPU_b0236122 = [ GlobalMemoryMb = 95235; MaxSupportedVersion = 12040; DriverVersion = 12.4; DeviceName = "NVIDIA H100 NVL"; CoresPerCU = 128; ECCEnabled = true; ComputeUnits = 132; ClockMhz = 1785.0; Id = "GPU-b0236122"; Capability = 9.0; DevicePciBusId = "0000:AD:00.0"; DeviceUuid = "b0236122-3dad-e41f-0e67-9f9775407a9b" ]
	Memory = 2000
...
006 (7217811.004.000) 09/24 11:13:06 Image size of job updated: 2333316
	2279  -  MemoryUsage of job (MB)
	2333240  -  ResidentSetSize of job (KB)
...
006 (7217811.004.000) 09/24 11:18:06 Image size of job updated: 2445604
	2286  -  MemoryUsage of job (MB)
	2340348  -  ResidentSetSize of job (KB)
...
006 (7217811.004.000) 09/24 12:58:16 Image size of job updated: 2445604
	2300  -  MemoryUsage of job (MB)
	2354332  -  ResidentSetSize of job (KB)
...
006 (7217811.004.000) 09/24 13:03:16 Image size of job updated: 2475776
	2406  -  MemoryUsage of job (MB)
	2463448  -  ResidentSetSize of job (KB)
...
006 (7217811.004.000) 09/24 13:08:16 Image size of job updated: 2635868
	2565  -  MemoryUsage of job (MB)
	2625900  -  ResidentSetSize of job (KB)
...
006 (7217811.004.000) 09/24 13:13:17 Image size of job updated: 2831596
	2733  -  MemoryUsage of job (MB)
	2798388  -  ResidentSetSize of job (KB)
...
006 (7217811.004.000) 09/24 13:18:17 Image size of job updated: 2916048
	2833  -  MemoryUsage of job (MB)
	2900880  -  ResidentSetSize of job (KB)
...
006 (7217811.004.000) 09/24 13:23:17 Image size of job updated: 2965548
	2865  -  MemoryUsage of job (MB)
	2933004  -  ResidentSetSize of job (KB)
...
006 (7217811.004.000) 09/24 13:28:18 Image size of job updated: 3310836
	3227  -  MemoryUsage of job (MB)
	3303736  -  ResidentSetSize of job (KB)
...
006 (7217811.004.000) 09/24 13:33:18 Image size of job updated: 3908160
	3760  -  MemoryUsage of job (MB)
	3849944  -  ResidentSetSize of job (KB)
...
006 (7217811.004.000) 09/24 13:38:19 Image size of job updated: 4075096
	3980  -  MemoryUsage of job (MB)
	4075096  -  ResidentSetSize of job (KB)
...
006 (7217811.004.000) 09/24 13:43:20 Image size of job updated: 5388456
	5263  -  MemoryUsage of job (MB)
	5388456  -  ResidentSetSize of job (KB)
...
006 (7217811.004.000) 09/24 13:48:20 Image size of job updated: 6116332
	5973  -  MemoryUsage of job (MB)
	6116332  -  ResidentSetSize of job (KB)
...
006 (7217811.004.000) 09/24 13:53:21 Image size of job updated: 6847144
	6687  -  MemoryUsage of job (MB)
	6847144  -  ResidentSetSize of job (KB)
...
006 (7217811.004.000) 09/24 13:58:22 Image size of job updated: 7576232
	7399  -  MemoryUsage of job (MB)
	7576232  -  ResidentSetSize of job (KB)
...
006 (7217811.004.000) 09/24 14:03:22 Image size of job updated: 8306852
	8113  -  MemoryUsage of job (MB)
	8306852  -  ResidentSetSize of job (KB)
...
006 (7217811.004.000) 09/24 14:08:23 Image size of job updated: 9039300
	8828  -  MemoryUsage of job (MB)
	9039300  -  ResidentSetSize of job (KB)
...
006 (7217811.004.000) 09/24 14:13:24 Image size of job updated: 9767336
	9539  -  MemoryUsage of job (MB)
	9767336  -  ResidentSetSize of job (KB)
...
006 (7217811.004.000) 09/24 14:18:24 Image size of job updated: 10499240
	10254  -  MemoryUsage of job (MB)
	10499240  -  ResidentSetSize of job (KB)
...
006 (7217811.004.000) 09/24 14:23:25 Image size of job updated: 11227816
	10965  -  MemoryUsage of job (MB)
	11227816  -  ResidentSetSize of job (KB)
...
006 (7217811.004.000) 09/24 14:28:25 Image size of job updated: 11956704
	11677  -  MemoryUsage of job (MB)
	11956704  -  ResidentSetSize of job (KB)
...
006 (7217811.004.000) 09/24 14:33:02 Image size of job updated: 12485856
	11677  -  MemoryUsage of job (MB)
	11956704  -  ResidentSetSize of job (KB)
...
040 (7217811.004.000) 09/24 14:33:02 Started transferring output files
...
040 (7217811.004.000) 09/24 14:33:02 Finished transferring output files
...
005 (7217811.004.000) 09/24 14:33:02 Job terminated.
	(1) Normal termination (return value 50)
		Usr 0 03:18:35, Sys 0 00:01:25  -  Run Remote Usage
		Usr 0 00:00:00, Sys 0 00:00:00  -  Run Local Usage
		Usr 0 03:18:35, Sys 0 00:01:25  -  Total Remote Usage
		Usr 0 00:00:00, Sys 0 00:00:00  -  Total Local Usage
	94865  -  Run Bytes Sent By Job
	1416  -  Run Bytes Received By Job
	94865  -  Total Bytes Sent By Job
	1416  -  Total Bytes Received By Job
	Partitionable Resources :      Usage  Request Allocated Assigned
	   Cpus                 :       1.00        1         1 
	   Disk (KB)            : 8904938           2   6884709 
	   Gpus (Average)       :       0.00        1         1 "GPU-b0236122"
	   GpusMemory (MB)      :     599                       
	   Memory (MB)          :   11677        2000      2000 

	Job terminated of its own accord at 2024-09-24T12:33:02Z with exit-code 50.
...
