000 (7187343.001.000) 08/26 07:58:28 Job submitted from host: <137.138.44.55:9618?addrs=137.138.44.55-9618+[2001-1458-d00-1a--48]-9618&alias=bigbird17.cern.ch&noUDP&sock=schedd_23962_8474>
...
040 (7187343.001.000) 08/29 10:14:19 Started transferring input files
	Transferring to host: <188.185.93.234:9618?addrs=188.185.93.234-9618+[2001-1458-d00-6c--100-2e]-9618&alias=b9g57n6763.cern.ch&noUDP&sock=slot1_1_170185_7a62_64192>
...
040 (7187343.001.000) 08/29 10:14:19 Finished transferring input files
...
001 (7187343.001.000) 08/29 10:14:21 Job executing on host: <188.185.93.234:9618?addrs=188.185.93.234-9618+[2001-1458-d00-6c--100-2e]-9618&alias=b9g57n6763.cern.ch&noUDP&sock=startd_154457_3bb9>
	SlotName: slot1_1@b9g57n6763.cern.ch
	AvailableGPUs = { GPUs_GPU_b1587b5f }
	CondorScratchDir = "/pool/condor/dir_2461602"
	Cpus = 1
	Disk = 333622
	GPUs = 1
	GPUs_GPU_b1587b5f = [ GlobalMemoryMb = 40326; MaxSupportedVersion = 12040; DriverVersion = 12.4; DeviceUuid = "b1587b5f-5c26-3004-6bcf-3ce828349df6"; DeviceName = "NVIDIA A100-PCIE-40GB"; CoresPerCU = 64; ECCEnabled = true; ComputeUnits = 108; ClockMhz = 1410.0; Id = "GPU-b1587b5f"; DevicePciBusId = "0000:06:00.0"; Capability = 8.0 ]
	Memory = 2000
...
006 (7187343.001.000) 08/29 10:14:30 Image size of job updated: 1319976
	785  -  MemoryUsage of job (MB)
	803704  -  ResidentSetSize of job (KB)
...
006 (7187343.001.000) 08/29 10:19:30 Image size of job updated: 1733044
	1681  -  MemoryUsage of job (MB)
	1720656  -  ResidentSetSize of job (KB)
...
006 (7187343.001.000) 08/29 10:24:31 Image size of job updated: 1879268
	1757  -  MemoryUsage of job (MB)
	1798700  -  ResidentSetSize of job (KB)
...
006 (7187343.001.000) 08/29 10:29:31 Image size of job updated: 1883068
	1781  -  MemoryUsage of job (MB)
	1823588  -  ResidentSetSize of job (KB)
...
006 (7187343.001.000) 08/29 10:34:33 Image size of job updated: 2000116
	1912  -  MemoryUsage of job (MB)
	1956996  -  ResidentSetSize of job (KB)
...
006 (7187343.001.000) 08/29 10:39:33 Image size of job updated: 2113896
	1912  -  MemoryUsage of job (MB)
	1956996  -  ResidentSetSize of job (KB)
...
006 (7187343.001.000) 08/29 10:44:33 Image size of job updated: 2411924
	2288  -  MemoryUsage of job (MB)
	2342160  -  ResidentSetSize of job (KB)
...
006 (7187343.001.000) 08/29 10:49:34 Image size of job updated: 2638404
	2288  -  MemoryUsage of job (MB)
	2342160  -  ResidentSetSize of job (KB)
...
006 (7187343.001.000) 08/29 11:04:35 Image size of job updated: 2841888
	2776  -  MemoryUsage of job (MB)
	2841888  -  ResidentSetSize of job (KB)
...
006 (7187343.001.000) 08/29 11:09:36 Image size of job updated: 3034432
	2776  -  MemoryUsage of job (MB)
	2841888  -  ResidentSetSize of job (KB)
...
006 (7187343.001.000) 08/29 11:14:36 Image size of job updated: 3090044
	2776  -  MemoryUsage of job (MB)
	2841888  -  ResidentSetSize of job (KB)
...
006 (7187343.001.000) 08/29 11:19:37 Image size of job updated: 4021240
	3872  -  MemoryUsage of job (MB)
	3964724  -  ResidentSetSize of job (KB)
...
006 (7187343.001.000) 08/29 11:24:37 Image size of job updated: 5105244
	3992  -  MemoryUsage of job (MB)
	4087600  -  ResidentSetSize of job (KB)
...
006 (7187343.001.000) 08/29 11:29:38 Image size of job updated: 5318032
	4843  -  MemoryUsage of job (MB)
	4958568  -  ResidentSetSize of job (KB)
...
006 (7187343.001.000) 08/29 11:34:38 Image size of job updated: 5352616
	4849  -  MemoryUsage of job (MB)
	4964496  -  ResidentSetSize of job (KB)
...
006 (7187343.001.000) 08/29 11:39:40 Image size of job updated: 5478228
	4849  -  MemoryUsage of job (MB)
	4964496  -  ResidentSetSize of job (KB)
...
006 (7187343.001.000) 08/29 11:44:40 Image size of job updated: 5592852
	4849  -  MemoryUsage of job (MB)
	4964496  -  ResidentSetSize of job (KB)
...
006 (7187343.001.000) 08/29 11:49:41 Image size of job updated: 5648392
	5137  -  MemoryUsage of job (MB)
	5259512  -  ResidentSetSize of job (KB)
...
006 (7187343.001.000) 08/29 11:54:41 Image size of job updated: 5736356
	5602  -  MemoryUsage of job (MB)
	5735588  -  ResidentSetSize of job (KB)
...
006 (7187343.001.000) 08/29 11:59:41 Image size of job updated: 5789220
	5602  -  MemoryUsage of job (MB)
	5735588  -  ResidentSetSize of job (KB)
...
006 (7187343.001.000) 08/29 12:04:42 Image size of job updated: 5947920
	5602  -  MemoryUsage of job (MB)
	5735588  -  ResidentSetSize of job (KB)
...
006 (7187343.001.000) 08/29 12:09:42 Image size of job updated: 5982372
	5602  -  MemoryUsage of job (MB)
	5735588  -  ResidentSetSize of job (KB)
...
006 (7187343.001.000) 08/29 12:14:43 Image size of job updated: 6398124
	5897  -  MemoryUsage of job (MB)
	6038036  -  ResidentSetSize of job (KB)
...
006 (7187343.001.000) 08/29 12:19:43 Image size of job updated: 6526012
	6023  -  MemoryUsage of job (MB)
	6166580  -  ResidentSetSize of job (KB)
...
006 (7187343.001.000) 08/29 12:24:44 Image size of job updated: 6664308
	6507  -  MemoryUsage of job (MB)
	6662260  -  ResidentSetSize of job (KB)
...
006 (7187343.001.000) 08/29 12:29:44 Image size of job updated: 6772940
	6507  -  MemoryUsage of job (MB)
	6662260  -  ResidentSetSize of job (KB)
...
006 (7187343.001.000) 08/29 12:34:45 Image size of job updated: 6837556
	6507  -  MemoryUsage of job (MB)
	6662260  -  ResidentSetSize of job (KB)
...
006 (7187343.001.000) 08/29 12:39:45 Image size of job updated: 6999256
	6507  -  MemoryUsage of job (MB)
	6662260  -  ResidentSetSize of job (KB)
...
006 (7187343.001.000) 08/29 12:44:46 Image size of job updated: 7189836
	6635  -  MemoryUsage of job (MB)
	6793300  -  ResidentSetSize of job (KB)
...
006 (7187343.001.000) 08/29 12:49:46 Image size of job updated: 7342916
	6820  -  MemoryUsage of job (MB)
	6983568  -  ResidentSetSize of job (KB)
...
006 (7187343.001.000) 08/29 12:54:47 Image size of job updated: 7465560
	6995  -  MemoryUsage of job (MB)
	7162532  -  ResidentSetSize of job (KB)
...
006 (7187343.001.000) 08/29 12:59:47 Image size of job updated: 7595880
	6995  -  MemoryUsage of job (MB)
	7162532  -  ResidentSetSize of job (KB)
...
006 (7187343.001.000) 08/29 13:54:52 Image size of job updated: 7595880
	7355  -  MemoryUsage of job (MB)
	7530656  -  ResidentSetSize of job (KB)
...
006 (7187343.001.000) 08/29 13:59:53 Image size of job updated: 8052256
	7864  -  MemoryUsage of job (MB)
	8052256  -  ResidentSetSize of job (KB)
...
006 (7187343.001.000) 08/29 14:04:53 Image size of job updated: 8573820
	8373  -  MemoryUsage of job (MB)
	8573820  -  ResidentSetSize of job (KB)
...
006 (7187343.001.000) 08/29 14:09:54 Image size of job updated: 9095432
	8883  -  MemoryUsage of job (MB)
	9095432  -  ResidentSetSize of job (KB)
...
006 (7187343.001.000) 08/29 14:14:54 Image size of job updated: 9619808
	9395  -  MemoryUsage of job (MB)
	9619808  -  ResidentSetSize of job (KB)
...
006 (7187343.001.000) 08/29 14:16:12 Image size of job updated: 9698980
	9395  -  MemoryUsage of job (MB)
	9619808  -  ResidentSetSize of job (KB)
...
040 (7187343.001.000) 08/29 14:16:12 Started transferring output files
...
040 (7187343.001.000) 08/29 14:16:12 Finished transferring output files
...
005 (7187343.001.000) 08/29 14:16:12 Job terminated.
	(1) Normal termination (return value 50)
		Usr 0 03:14:56, Sys 0 00:20:24  -  Run Remote Usage
		Usr 0 00:00:00, Sys 0 00:00:00  -  Run Local Usage
		Usr 0 03:14:56, Sys 0 00:20:24  -  Total Remote Usage
		Usr 0 00:00:00, Sys 0 00:00:00  -  Total Local Usage
	77992  -  Run Bytes Sent By Job
	2954  -  Run Bytes Received By Job
	77992  -  Total Bytes Sent By Job
	2954  -  Total Bytes Received By Job
	Partitionable Resources :      Usage  Request Allocated Assigned
	   Cpus                 :       1.00        1         1 
	   Disk (KB)            : 4275371           3    333622 
	   Gpus (Average)       :       0.05        1         1 "GPU-b1587b5f"
	   GpusMemory (MB)      :    6687                       
	   Memory (MB)          :    9395        2000      2000 

	Job terminated of its own accord at 2024-08-29T12:16:12Z with exit-code 50.
...
