000 (7187343.006.000) 08/26 07:58:28 Job submitted from host: <137.138.44.55:9618?addrs=137.138.44.55-9618+[2001-1458-d00-1a--48]-9618&alias=bigbird17.cern.ch&noUDP&sock=schedd_23962_8474>
...
040 (7187343.006.000) 08/29 11:46:17 Started transferring input files
	Transferring to host: <188.185.92.146:9618?addrs=188.185.92.146-9618+[2001-1458-d00-6c--100-1c5]-9618&alias=b9g57n0713.cern.ch&noUDP&sock=slot1_1_15784_017b_110414>
...
040 (7187343.006.000) 08/29 11:46:17 Finished transferring input files
...
001 (7187343.006.000) 08/29 11:46:18 Job executing on host: <188.185.92.146:9618?addrs=188.185.92.146-9618+[2001-1458-d00-6c--100-1c5]-9618&alias=b9g57n0713.cern.ch&noUDP&sock=startd_14967_b211>
	SlotName: slot1_1@b9g57n0713.cern.ch
	AvailableGPUs = { GPUs_GPU_8e36ebf7 }
	CondorScratchDir = "/pool/condor/dir_1301316"
	Cpus = 1
	Disk = 329046
	GPUs = 1
	GPUs_GPU_8e36ebf7 = [ GlobalMemoryMb = 40326; MaxSupportedVersion = 12040; DriverVersion = 12.4; DeviceUuid = "8e36ebf7-cfeb-baed-bbe4-21263bcdba53"; DeviceName = "NVIDIA A100-PCIE-40GB"; CoresPerCU = 64; ECCEnabled = true; ComputeUnits = 108; ClockMhz = 1410.0; Id = "GPU-8e36ebf7"; DevicePciBusId = "0000:06:00.0"; Capability = 8.0 ]
	Memory = 2000
...
006 (7187343.006.000) 08/29 11:46:27 Image size of job updated: 1326900
	793  -  MemoryUsage of job (MB)
	811320  -  ResidentSetSize of job (KB)
...
006 (7187343.006.000) 08/29 11:51:27 Image size of job updated: 1599944
	1555  -  MemoryUsage of job (MB)
	1591916  -  ResidentSetSize of job (KB)
...
006 (7187343.006.000) 08/29 11:56:28 Image size of job updated: 1692424
	1558  -  MemoryUsage of job (MB)
	1595236  -  ResidentSetSize of job (KB)
...
006 (7187343.006.000) 08/29 12:01:28 Image size of job updated: 1827792
	1558  -  MemoryUsage of job (MB)
	1595236  -  ResidentSetSize of job (KB)
...
006 (7187343.006.000) 08/29 12:06:29 Image size of job updated: 2171068
	1648  -  MemoryUsage of job (MB)
	1686804  -  ResidentSetSize of job (KB)
...
006 (7187343.006.000) 08/29 12:11:29 Image size of job updated: 2326468
	2272  -  MemoryUsage of job (MB)
	2326468  -  ResidentSetSize of job (KB)
...
006 (7187343.006.000) 08/29 12:16:29 Image size of job updated: 2405636
	2272  -  MemoryUsage of job (MB)
	2326468  -  ResidentSetSize of job (KB)
...
006 (7187343.006.000) 08/29 12:21:30 Image size of job updated: 4592628
	4135  -  MemoryUsage of job (MB)
	4233284  -  ResidentSetSize of job (KB)
...
006 (7187343.006.000) 08/29 12:26:30 Image size of job updated: 4654180
	4195  -  MemoryUsage of job (MB)
	4294724  -  ResidentSetSize of job (KB)
...
006 (7187343.006.000) 08/29 12:31:31 Image size of job updated: 4812436
	4195  -  MemoryUsage of job (MB)
	4294724  -  ResidentSetSize of job (KB)
...
006 (7187343.006.000) 08/29 12:36:31 Image size of job updated: 4940904
	4195  -  MemoryUsage of job (MB)
	4294724  -  ResidentSetSize of job (KB)
...
006 (7187343.006.000) 08/29 12:41:32 Image size of job updated: 5056800
	4939  -  MemoryUsage of job (MB)
	5056556  -  ResidentSetSize of job (KB)
...
006 (7187343.006.000) 08/29 12:46:32 Image size of job updated: 5111320
	4939  -  MemoryUsage of job (MB)
	5056556  -  ResidentSetSize of job (KB)
...
006 (7187343.006.000) 08/29 12:51:33 Image size of job updated: 5207748
	4939  -  MemoryUsage of job (MB)
	5056556  -  ResidentSetSize of job (KB)
...
006 (7187343.006.000) 08/29 12:56:33 Image size of job updated: 5242264
	4939  -  MemoryUsage of job (MB)
	5056556  -  ResidentSetSize of job (KB)
...
006 (7187343.006.000) 08/29 13:01:34 Image size of job updated: 5360852
	4939  -  MemoryUsage of job (MB)
	5056556  -  ResidentSetSize of job (KB)
...
006 (7187343.006.000) 08/29 13:06:34 Image size of job updated: 5430392
	4939  -  MemoryUsage of job (MB)
	5056556  -  ResidentSetSize of job (KB)
...
006 (7187343.006.000) 08/29 13:11:35 Image size of job updated: 5501824
	4990  -  MemoryUsage of job (MB)
	5108828  -  ResidentSetSize of job (KB)
...
006 (7187343.006.000) 08/29 13:16:35 Image size of job updated: 5601688
	5471  -  MemoryUsage of job (MB)
	5601688  -  ResidentSetSize of job (KB)
...
006 (7187343.006.000) 08/29 13:21:37 Image size of job updated: 5747904
	5471  -  MemoryUsage of job (MB)
	5601688  -  ResidentSetSize of job (KB)
...
006 (7187343.006.000) 08/29 13:26:37 Image size of job updated: 5877056
	5471  -  MemoryUsage of job (MB)
	5601688  -  ResidentSetSize of job (KB)
...
006 (7187343.006.000) 08/29 13:31:38 Image size of job updated: 6067344
	5926  -  MemoryUsage of job (MB)
	6067344  -  ResidentSetSize of job (KB)
...
006 (7187343.006.000) 08/29 13:36:38 Image size of job updated: 6198552
	6054  -  MemoryUsage of job (MB)
	6198552  -  ResidentSetSize of job (KB)
...
006 (7187343.006.000) 08/29 13:41:38 Image size of job updated: 6252732
	6054  -  MemoryUsage of job (MB)
	6198552  -  ResidentSetSize of job (KB)
...
006 (7187343.006.000) 08/29 13:46:39 Image size of job updated: 6350132
	6202  -  MemoryUsage of job (MB)
	6350132  -  ResidentSetSize of job (KB)
...
006 (7187343.006.000) 08/29 13:51:39 Image size of job updated: 6378804
	6202  -  MemoryUsage of job (MB)
	6350132  -  ResidentSetSize of job (KB)
...
006 (7187343.006.000) 08/29 13:56:40 Image size of job updated: 6379788
	6202  -  MemoryUsage of job (MB)
	6350132  -  ResidentSetSize of job (KB)
...
006 (7187343.006.000) 08/29 14:06:40 Image size of job updated: 6382572
	6202  -  MemoryUsage of job (MB)
	6350132  -  ResidentSetSize of job (KB)
...
006 (7187343.006.000) 08/29 14:11:41 Image size of job updated: 6382844
	6202  -  MemoryUsage of job (MB)
	6350132  -  ResidentSetSize of job (KB)
...
006 (7187343.006.000) 08/29 14:16:41 Image size of job updated: 6388208
	6202  -  MemoryUsage of job (MB)
	6350132  -  ResidentSetSize of job (KB)
...
006 (7187343.006.000) 08/29 14:21:42 Image size of job updated: 6390332
	6202  -  MemoryUsage of job (MB)
	6350132  -  ResidentSetSize of job (KB)
...
006 (7187343.006.000) 08/29 14:26:42 Image size of job updated: 6398100
	6202  -  MemoryUsage of job (MB)
	6350132  -  ResidentSetSize of job (KB)
...
006 (7187343.006.000) 08/29 14:41:45 Image size of job updated: 6398100
	6228  -  MemoryUsage of job (MB)
	6376900  -  ResidentSetSize of job (KB)
...
006 (7187343.006.000) 08/29 14:46:45 Image size of job updated: 6399172
	6228  -  MemoryUsage of job (MB)
	6376900  -  ResidentSetSize of job (KB)
...
006 (7187343.006.000) 08/29 14:51:45 Image size of job updated: 6400620
	6228  -  MemoryUsage of job (MB)
	6376900  -  ResidentSetSize of job (KB)
...
006 (7187343.006.000) 08/29 14:56:46 Image size of job updated: 6401952
	6228  -  MemoryUsage of job (MB)
	6376900  -  ResidentSetSize of job (KB)
...
006 (7187343.006.000) 08/29 15:01:46 Image size of job updated: 6509624
	6228  -  MemoryUsage of job (MB)
	6376900  -  ResidentSetSize of job (KB)
...
006 (7187343.006.000) 08/29 15:06:47 Image size of job updated: 6744560
	6587  -  MemoryUsage of job (MB)
	6744344  -  ResidentSetSize of job (KB)
...
006 (7187343.006.000) 08/29 15:11:47 Image size of job updated: 6832192
	6587  -  MemoryUsage of job (MB)
	6744344  -  ResidentSetSize of job (KB)
...
006 (7187343.006.000) 08/29 15:16:48 Image size of job updated: 6866812
	6587  -  MemoryUsage of job (MB)
	6744344  -  ResidentSetSize of job (KB)
...
006 (7187343.006.000) 08/29 15:21:48 Image size of job updated: 6867960
	6587  -  MemoryUsage of job (MB)
	6744344  -  ResidentSetSize of job (KB)
...
006 (7187343.006.000) 08/29 16:01:53 Image size of job updated: 8551380
	8351  -  MemoryUsage of job (MB)
	8551380  -  ResidentSetSize of job (KB)
...
006 (7187343.006.000) 08/29 16:06:53 Image size of job updated: 9067472
	8855  -  MemoryUsage of job (MB)
	9067472  -  ResidentSetSize of job (KB)
...
006 (7187343.006.000) 08/29 16:11:54 Image size of job updated: 9589852
	9366  -  MemoryUsage of job (MB)
	9589852  -  ResidentSetSize of job (KB)
...
006 (7187343.006.000) 08/29 16:16:54 Image size of job updated: 10114352
	9878  -  MemoryUsage of job (MB)
	10114352  -  ResidentSetSize of job (KB)
...
006 (7187343.006.000) 08/29 16:21:55 Image size of job updated: 10636136
	10387  -  MemoryUsage of job (MB)
	10636136  -  ResidentSetSize of job (KB)
...
006 (7187343.006.000) 08/29 16:26:55 Image size of job updated: 11155424
	10894  -  MemoryUsage of job (MB)
	11155424  -  ResidentSetSize of job (KB)
...
006 (7187343.006.000) 08/29 16:31:56 Image size of job updated: 11679404
	11406  -  MemoryUsage of job (MB)
	11679404  -  ResidentSetSize of job (KB)
...
006 (7187343.006.000) 08/29 16:34:10 Image size of job updated: 11852224
	11406  -  MemoryUsage of job (MB)
	11679408  -  ResidentSetSize of job (KB)
...
040 (7187343.006.000) 08/29 16:34:10 Started transferring output files
...
040 (7187343.006.000) 08/29 16:34:10 Finished transferring output files
...
005 (7187343.006.000) 08/29 16:34:10 Job terminated.
	(1) Normal termination (return value 50)
		Usr 0 04:11:21, Sys 0 00:19:52  -  Run Remote Usage
		Usr 0 00:00:00, Sys 0 00:00:00  -  Run Local Usage
		Usr 0 04:11:21, Sys 0 00:19:52  -  Total Remote Usage
		Usr 0 00:00:00, Sys 0 00:00:00  -  Total Local Usage
	78007  -  Run Bytes Sent By Job
	2954  -  Run Bytes Received By Job
	78007  -  Total Bytes Sent By Job
	2954  -  Total Bytes Received By Job
	Partitionable Resources :      Usage  Request Allocated Assigned
	   Cpus                 :       1.00        1         1 
	   Disk (KB)            : 4212367           3    329046 
	   Gpus (Average)       :       0.04        1         1 "GPU-8e36ebf7"
	   GpusMemory (MB)      :    6687                       
	   Memory (MB)          :   11406        2000      2000 

	Job terminated of its own accord at 2024-08-29T14:34:10Z with exit-code 50.
...
