000 (7216742.006.000) 09/18 03:15:07 Job submitted from host: <137.138.44.55:9618?addrs=137.138.44.55-9618+[2001-1458-d00-1a--48]-9618&alias=bigbird17.cern.ch&noUDP&sock=schedd_1981_6134>
...
040 (7216742.006.000) 09/18 04:54:50 Started transferring input files
	Transferring to host: <188.185.93.118:9618?addrs=188.185.93.118-9618+[2001-1458-d00-6c--100-36b]-9618&alias=b9g57n6545.cern.ch&noUDP&sock=slot1_1_16786_0164_130629>
...
040 (7216742.006.000) 09/18 04:54:50 Finished transferring input files
...
001 (7216742.006.000) 09/18 04:54:51 Job executing on host: <188.185.93.118:9618?addrs=188.185.93.118-9618+[2001-1458-d00-6c--100-36b]-9618&alias=b9g57n6545.cern.ch&noUDP&sock=startd_16364_ebdf>
	SlotName: slot1_1@b9g57n6545.cern.ch
	AvailableGPUs = { GPUs_GPU_1d17f189 }
	CondorScratchDir = "/pool/condor/dir_2457599"
	Cpus = 1
	Disk = 319688
	GPUs = 1
	GPUs_GPU_1d17f189 = [ GlobalMemoryMb = 40326; MaxSupportedVersion = 12040; DriverVersion = 12.4; DeviceUuid = "1d17f189-4819-0334-33fe-0cacfb19687c"; DeviceName = "NVIDIA A100-PCIE-40GB"; CoresPerCU = 64; ECCEnabled = true; ComputeUnits = 108; ClockMhz = 1410.0; Id = "GPU-1d17f189"; DevicePciBusId = "0000:06:00.0"; Capability = 8.0 ]
	Memory = 2000
...
006 (7216742.006.000) 09/18 04:55:00 Image size of job updated: 2040268
	1993  -  MemoryUsage of job (MB)
	2040212  -  ResidentSetSize of job (KB)
...
006 (7216742.006.000) 09/18 05:00:01 Image size of job updated: 2595312
	2476  -  MemoryUsage of job (MB)
	2535396  -  ResidentSetSize of job (KB)
...
006 (7216742.006.000) 09/18 05:05:02 Image size of job updated: 2854596
	2787  -  MemoryUsage of job (MB)
	2853680  -  ResidentSetSize of job (KB)
...
006 (7216742.006.000) 09/18 05:10:02 Image size of job updated: 3148576
	3054  -  MemoryUsage of job (MB)
	3126888  -  ResidentSetSize of job (KB)
...
006 (7216742.006.000) 09/18 05:15:03 Image size of job updated: 3634192
	3550  -  MemoryUsage of job (MB)
	3634192  -  ResidentSetSize of job (KB)
...
006 (7216742.006.000) 09/18 05:20:04 Image size of job updated: 3858344
	3715  -  MemoryUsage of job (MB)
	3803412  -  ResidentSetSize of job (KB)
...
006 (7216742.006.000) 09/18 05:25:04 Image size of job updated: 4184436
	4087  -  MemoryUsage of job (MB)
	4184436  -  ResidentSetSize of job (KB)
...
006 (7216742.006.000) 09/18 05:30:05 Image size of job updated: 4321944
	4090  -  MemoryUsage of job (MB)
	4188100  -  ResidentSetSize of job (KB)
...
006 (7216742.006.000) 09/18 05:35:05 Image size of job updated: 4420396
	4188  -  MemoryUsage of job (MB)
	4288148  -  ResidentSetSize of job (KB)
...
006 (7216742.006.000) 09/18 05:40:06 Image size of job updated: 4582160
	4367  -  MemoryUsage of job (MB)
	4471320  -  ResidentSetSize of job (KB)
...
006 (7216742.006.000) 09/18 05:45:06 Image size of job updated: 4732188
	4601  -  MemoryUsage of job (MB)
	4710492  -  ResidentSetSize of job (KB)
...
006 (7216742.006.000) 09/18 05:50:07 Image size of job updated: 4831888
	4601  -  MemoryUsage of job (MB)
	4710492  -  ResidentSetSize of job (KB)
...
006 (7216742.006.000) 09/18 05:55:07 Image size of job updated: 4968380
	4712  -  MemoryUsage of job (MB)
	4824068  -  ResidentSetSize of job (KB)
...
006 (7216742.006.000) 09/18 06:00:08 Image size of job updated: 5061040
	4852  -  MemoryUsage of job (MB)
	4967852  -  ResidentSetSize of job (KB)
...
006 (7216742.006.000) 09/18 06:05:08 Image size of job updated: 5274212
	5046  -  MemoryUsage of job (MB)
	5166144  -  ResidentSetSize of job (KB)
...
006 (7216742.006.000) 09/18 06:10:09 Image size of job updated: 5428184
	5156  -  MemoryUsage of job (MB)
	5279700  -  ResidentSetSize of job (KB)
...
006 (7216742.006.000) 09/18 06:15:09 Image size of job updated: 5556720
	5425  -  MemoryUsage of job (MB)
	5554580  -  ResidentSetSize of job (KB)
...
006 (7216742.006.000) 09/18 06:20:10 Image size of job updated: 6018952
	5878  -  MemoryUsage of job (MB)
	6018952  -  ResidentSetSize of job (KB)
...
006 (7216742.006.000) 09/18 06:25:10 Image size of job updated: 6246332
	6034  -  MemoryUsage of job (MB)
	6178528  -  ResidentSetSize of job (KB)
...
006 (7216742.006.000) 09/18 06:30:11 Image size of job updated: 6366240
	6218  -  MemoryUsage of job (MB)
	6366240  -  ResidentSetSize of job (KB)
...
006 (7216742.006.000) 09/18 06:35:11 Image size of job updated: 6638344
	6218  -  MemoryUsage of job (MB)
	6366240  -  ResidentSetSize of job (KB)
...
006 (7216742.006.000) 09/18 06:40:12 Image size of job updated: 8029948
	7842  -  MemoryUsage of job (MB)
	8029296  -  ResidentSetSize of job (KB)
...
006 (7216742.006.000) 09/18 06:45:12 Image size of job updated: 8781252
	8576  -  MemoryUsage of job (MB)
	8781252  -  ResidentSetSize of job (KB)
...
006 (7216742.006.000) 09/18 06:50:13 Image size of job updated: 9507764
	9285  -  MemoryUsage of job (MB)
	9507764  -  ResidentSetSize of job (KB)
...
006 (7216742.006.000) 09/18 06:55:13 Image size of job updated: 10225244
	9977  -  MemoryUsage of job (MB)
	10216028  -  ResidentSetSize of job (KB)
...
006 (7216742.006.000) 09/18 06:58:31 Image size of job updated: 10608012
	9978  -  MemoryUsage of job (MB)
	10216796  -  ResidentSetSize of job (KB)
...
040 (7216742.006.000) 09/18 06:58:32 Started transferring output files
...
040 (7216742.006.000) 09/18 06:58:32 Finished transferring output files
...
005 (7216742.006.000) 09/18 06:58:32 Job terminated.
	(1) Normal termination (return value 50)
		Usr 0 01:10:09, Sys 0 00:21:03  -  Run Remote Usage
		Usr 0 00:00:00, Sys 0 00:00:00  -  Run Local Usage
		Usr 0 01:10:09, Sys 0 00:21:03  -  Total Remote Usage
		Usr 0 00:00:00, Sys 0 00:00:00  -  Total Local Usage
	155670  -  Run Bytes Sent By Job
	2934  -  Run Bytes Received By Job
	155670  -  Total Bytes Sent By Job
	2934  -  Total Bytes Received By Job
	Partitionable Resources :      Usage  Request Allocated Assigned
	   Cpus                 :       1.00        1         1 
	   Disk (KB)            : 5394163           3    319688 
	   Gpus (Average)       :       0.03        1         1 "GPU-1d17f189"
	   GpusMemory (MB)      :    1913                       
	   Memory (MB)          :    9978        2000      2000 

	Job terminated of its own accord at 2024-09-18T04:58:31Z with exit-code 50.
...
