000 (7186272.004.000) 08/22 15:33:11 Job submitted from host: <137.138.44.55:9618?addrs=137.138.44.55-9618+[2001-1458-d00-1a--48]-9618&alias=bigbird17.cern.ch&noUDP&sock=schedd_23962_8474>
...
040 (7186272.004.000) 08/22 16:22:15 Started transferring input files
	Transferring to host: <128.142.248.81:9618?addrs=128.142.248.81-9618+[2001-1458-301-73--100-141]-9618&alias=b9g23p3234.cern.ch&noUDP&sock=slot1_17_3493222_a91c_5157>
...
040 (7186272.004.000) 08/22 16:22:15 Finished transferring input files
...
001 (7186272.004.000) 08/22 16:22:16 Job executing on host: <128.142.248.81:9618?addrs=128.142.248.81-9618+[2001-1458-301-73--100-141]-9618&alias=b9g23p3234.cern.ch&noUDP&sock=startd_5923_4389>
	SlotName: slot1_17@b9g23p3234.cern.ch
	CondorScratchDir = "/pool/condor/dir_1892249"
	Cpus = 1
	Disk = 3075439
	Memory = 2000
...
006 (7186272.004.000) 08/22 16:22:26 Image size of job updated: 287040
	281  -  MemoryUsage of job (MB)
	287000  -  ResidentSetSize of job (KB)
...
006 (7186272.004.000) 08/22 16:27:27 Image size of job updated: 3432348
	3352  -  MemoryUsage of job (MB)
	3432348  -  ResidentSetSize of job (KB)
...
006 (7186272.004.000) 08/22 16:32:27 Image size of job updated: 3658064
	3573  -  MemoryUsage of job (MB)
	3658064  -  ResidentSetSize of job (KB)
...
006 (7186272.004.000) 08/22 16:33:24 Image size of job updated: 3691388
	3573  -  MemoryUsage of job (MB)
	3658064  -  ResidentSetSize of job (KB)
...
040 (7186272.004.000) 08/22 16:33:25 Started transferring output files
...
040 (7186272.004.000) 08/22 16:33:25 Finished transferring output files
...
005 (7186272.004.000) 08/22 16:33:25 Job terminated.
	(1) Normal termination (return value 50)
		Usr 0 00:08:42, Sys 0 00:00:16  -  Run Remote Usage
		Usr 0 00:00:00, Sys 0 00:00:00  -  Run Local Usage
		Usr 0 00:08:42, Sys 0 00:00:16  -  Total Remote Usage
		Usr 0 00:00:00, Sys 0 00:00:00  -  Total Local Usage
	15849  -  Run Bytes Sent By Job
	2766  -  Run Bytes Received By Job
	15849  -  Total Bytes Sent By Job
	2766  -  Total Bytes Received By Job
	Partitionable Resources :     Usage  Request Allocated 
	   Cpus                 :      0.93        1         1 
	   Disk (KB)            : 467519           3   3075439 
	   Memory (MB)          :   3573        2000      2000 

	Job terminated of its own accord at 2024-08-22T14:33:24Z with exit-code 50.
...
