000 (7186293.003.000) 08/22 15:33:28 Job submitted from host: <137.138.44.55:9618?addrs=137.138.44.55-9618+[2001-1458-d00-1a--48]-9618&alias=bigbird17.cern.ch&noUDP&sock=schedd_23962_8474>
...
040 (7186293.003.000) 08/23 19:13:37 Started transferring input files
	Transferring to host: <128.142.248.15:9618?addrs=128.142.248.15-9618+[2001-1458-301-73--100-ff]-9618&alias=b9g23p2723.cern.ch&noUDP&sock=slot1_14_3961800_404a_5601>
...
040 (7186293.003.000) 08/23 19:13:37 Finished transferring input files
...
001 (7186293.003.000) 08/23 19:13:38 Job executing on host: <128.142.248.15:9618?addrs=128.142.248.15-9618+[2001-1458-301-73--100-ff]-9618&alias=b9g23p2723.cern.ch&noUDP&sock=startd_5130_54ef>
	SlotName: slot1_14@b9g23p2723.cern.ch
	CondorScratchDir = "/pool/condor/dir_2754503"
	Cpus = 1
	Disk = 2995613
	Memory = 2000
...
006 (7186293.003.000) 08/23 19:13:47 Image size of job updated: 483472
	290  -  MemoryUsage of job (MB)
	296428  -  ResidentSetSize of job (KB)
...
006 (7186293.003.000) 08/23 19:18:48 Image size of job updated: 651224
	600  -  MemoryUsage of job (MB)
	613504  -  ResidentSetSize of job (KB)
...
006 (7186293.003.000) 08/23 19:23:48 Image size of job updated: 779556
	616  -  MemoryUsage of job (MB)
	630384  -  ResidentSetSize of job (KB)
...
006 (7186293.003.000) 08/23 19:28:49 Image size of job updated: 3640360
	3556  -  MemoryUsage of job (MB)
	3640360  -  ResidentSetSize of job (KB)
...
006 (7186293.003.000) 08/23 19:33:50 Image size of job updated: 3862232
	3772  -  MemoryUsage of job (MB)
	3862232  -  ResidentSetSize of job (KB)
...
006 (7186293.003.000) 08/23 19:38:50 Image size of job updated: 4084512
	3989  -  MemoryUsage of job (MB)
	4084512  -  ResidentSetSize of job (KB)
...
006 (7186293.003.000) 08/23 19:43:51 Image size of job updated: 4298336
	4198  -  MemoryUsage of job (MB)
	4298336  -  ResidentSetSize of job (KB)
...
006 (7186293.003.000) 08/23 19:48:51 Image size of job updated: 4505348
	4400  -  MemoryUsage of job (MB)
	4505348  -  ResidentSetSize of job (KB)
...
006 (7186293.003.000) 08/23 19:53:51 Image size of job updated: 4724512
	4614  -  MemoryUsage of job (MB)
	4724512  -  ResidentSetSize of job (KB)
...
006 (7186293.003.000) 08/23 19:58:53 Image size of job updated: 4950992
	4835  -  MemoryUsage of job (MB)
	4950992  -  ResidentSetSize of job (KB)
...
006 (7186293.003.000) 08/23 20:03:53 Image size of job updated: 5157972
	5038  -  MemoryUsage of job (MB)
	5157972  -  ResidentSetSize of job (KB)
...
006 (7186293.003.000) 08/23 20:08:53 Image size of job updated: 5360148
	5235  -  MemoryUsage of job (MB)
	5360148  -  ResidentSetSize of job (KB)
...
006 (7186293.003.000) 08/23 20:13:54 Image size of job updated: 5584120
	5454  -  MemoryUsage of job (MB)
	5584120  -  ResidentSetSize of job (KB)
...
006 (7186293.003.000) 08/23 20:18:54 Image size of job updated: 5784076
	5649  -  MemoryUsage of job (MB)
	5784076  -  ResidentSetSize of job (KB)
...
006 (7186293.003.000) 08/23 20:23:54 Image size of job updated: 6002476
	5862  -  MemoryUsage of job (MB)
	6002220  -  ResidentSetSize of job (KB)
...
006 (7186293.003.000) 08/23 20:28:55 Image size of job updated: 6206144
	6061  -  MemoryUsage of job (MB)
	6206144  -  ResidentSetSize of job (KB)
...
006 (7186293.003.000) 08/23 20:33:55 Image size of job updated: 6415376
	6266  -  MemoryUsage of job (MB)
	6415376  -  ResidentSetSize of job (KB)
...
006 (7186293.003.000) 08/23 20:38:55 Image size of job updated: 6620576
	6466  -  MemoryUsage of job (MB)
	6620468  -  ResidentSetSize of job (KB)
...
006 (7186293.003.000) 08/23 20:43:56 Image size of job updated: 6822752
	6663  -  MemoryUsage of job (MB)
	6822752  -  ResidentSetSize of job (KB)
...
006 (7186293.003.000) 08/23 20:48:56 Image size of job updated: 7029988
	6866  -  MemoryUsage of job (MB)
	7029988  -  ResidentSetSize of job (KB)
...
006 (7186293.003.000) 08/23 20:51:13 Image size of job updated: 7044832
	6866  -  MemoryUsage of job (MB)
	7029988  -  ResidentSetSize of job (KB)
...
040 (7186293.003.000) 08/23 20:51:13 Started transferring output files
...
040 (7186293.003.000) 08/23 20:51:19 Finished transferring output files
...
005 (7186293.003.000) 08/23 20:51:19 Job terminated.
	(1) Normal termination (return value 50)
		Usr 0 01:35:53, Sys 0 00:00:59  -  Run Remote Usage
		Usr 0 00:00:00, Sys 0 00:00:00  -  Run Local Usage
		Usr 0 01:35:53, Sys 0 00:00:59  -  Total Remote Usage
		Usr 0 00:00:00, Sys 0 00:00:00  -  Total Local Usage
	18049  -  Run Bytes Sent By Job
	2769  -  Run Bytes Received By Job
	18049  -  Total Bytes Sent By Job
	2769  -  Total Bytes Received By Job
	Partitionable Resources :      Usage  Request Allocated 
	   Cpus                 :       0.99        1         1 
	   Disk (KB)            : 3805239           3   2995613 
	   Memory (MB)          :    6866        2000      2000 

	Job terminated of its own accord at 2024-08-23T18:51:13Z with exit-code 50.
...
