000 (7186293.001.000) 08/22 15:33:28 Job submitted from host: <137.138.44.55:9618?addrs=137.138.44.55-9618+[2001-1458-d00-1a--48]-9618&alias=bigbird17.cern.ch&noUDP&sock=schedd_23962_8474>
...
040 (7186293.001.000) 08/23 19:09:37 Started transferring input files
	Transferring to host: <128.142.248.81:9618?addrs=128.142.248.81-9618+[2001-1458-301-73--100-141]-9618&alias=b9g23p3234.cern.ch&noUDP&sock=slot1_42_3493222_a91c_6352>
...
040 (7186293.001.000) 08/23 19:09:37 Finished transferring input files
...
001 (7186293.001.000) 08/23 19:09:38 Job executing on host: <128.142.248.81:9618?addrs=128.142.248.81-9618+[2001-1458-301-73--100-141]-9618&alias=b9g23p3234.cern.ch&noUDP&sock=startd_5923_4389>
	SlotName: slot1_42@b9g23p3234.cern.ch
	CondorScratchDir = "/pool/condor/dir_2288924"
	Cpus = 1
	Disk = 3112703
	Memory = 2000
...
006 (7186293.001.000) 08/23 19:09:47 Image size of job updated: 487624
	282  -  MemoryUsage of job (MB)
	288356  -  ResidentSetSize of job (KB)
...
006 (7186293.001.000) 08/23 19:14:48 Image size of job updated: 487624
	309  -  MemoryUsage of job (MB)
	315620  -  ResidentSetSize of job (KB)
...
006 (7186293.001.000) 08/23 19:19:48 Image size of job updated: 1447504
	1414  -  MemoryUsage of job (MB)
	1447248  -  ResidentSetSize of job (KB)
...
006 (7186293.001.000) 08/23 19:24:48 Image size of job updated: 3424096
	2411  -  MemoryUsage of job (MB)
	2468396  -  ResidentSetSize of job (KB)
...
006 (7186293.001.000) 08/23 20:59:59 Image size of job updated: 3424096
	2686  -  MemoryUsage of job (MB)
	2749872  -  ResidentSetSize of job (KB)
...
006 (7186293.001.000) 08/23 21:00:27 Image size of job updated: 3592724
	3504  -  MemoryUsage of job (MB)
	3587436  -  ResidentSetSize of job (KB)
...
040 (7186293.001.000) 08/23 21:00:28 Started transferring output files
...
040 (7186293.001.000) 08/23 21:00:28 Finished transferring output files
...
005 (7186293.001.000) 08/23 21:00:28 Job terminated.
	(1) Normal termination (return value 50)
		Usr 0 01:44:12, Sys 0 00:01:33  -  Run Remote Usage
		Usr 0 00:00:00, Sys 0 00:00:00  -  Run Local Usage
		Usr 0 01:44:12, Sys 0 00:01:33  -  Total Remote Usage
		Usr 0 00:00:00, Sys 0 00:00:00  -  Total Local Usage
	18049  -  Run Bytes Sent By Job
	2769  -  Run Bytes Received By Job
	18049  -  Total Bytes Sent By Job
	2769  -  Total Bytes Received By Job
	Partitionable Resources :      Usage  Request Allocated 
	   Cpus                 :       0.97        1         1 
	   Disk (KB)            : 3695740           3   3112703 
	   Memory (MB)          :    3504        2000      2000 

	Job terminated of its own accord at 2024-08-23T19:00:27Z with exit-code 50.
...
