000 (7223590.007.000) 09/25 06:46:02 Job submitted from host: <137.138.44.55:9618?addrs=137.138.44.55-9618+[2001-1458-d00-1a--48]-9618&alias=bigbird17.cern.ch&noUDP&sock=schedd_1981_6134>
...
040 (7223590.007.000) 09/26 04:02:57 Started transferring input files
	Transferring to host: <188.185.238.10:9618?addrs=188.185.238.10-9618+[2001-1458-303-28--100-6]-9618&alias=b9pgpun002.cern.ch&noUDP&sock=slot1_4_1420705_f206_19279>
...
040 (7223590.007.000) 09/26 04:02:57 Finished transferring input files
...
001 (7223590.007.000) 09/26 04:02:59 Job executing on host: <188.185.238.10:9618?addrs=188.185.238.10-9618+[2001-1458-303-28--100-6]-9618&alias=b9pgpun002.cern.ch&noUDP&sock=startd_600104_020a>
	SlotName: slot1_4@b9pgpun002.cern.ch
	AvailableGPUs = { GPUs_GPU_a111cc3f }
	CondorScratchDir = "/pool/condor/dir_3371303"
	Cpus = 1
	Disk = 6827063
	GPUs = 1
	GPUs_GPU_a111cc3f = [ GlobalMemoryMb = 95235; MaxSupportedVersion = 12040; DriverVersion = 12.4; DeviceName = "NVIDIA H100 NVL"; CoresPerCU = 128; ECCEnabled = true; ComputeUnits = 132; ClockMhz = 1785.0; Id = "GPU-a111cc3f"; Capability = 9.0; DevicePciBusId = "0000:AE:00.0"; DeviceUuid = "a111cc3f-b0ac-64c9-aeec-748e3fd5b066" ]
	Memory = 2000
...
006 (7223590.007.000) 09/26 04:03:07 Image size of job updated: 2536648
	2478  -  MemoryUsage of job (MB)
	2536560  -  ResidentSetSize of job (KB)
...
006 (7223590.007.000) 09/26 04:08:08 Image size of job updated: 21632236
	21116  -  MemoryUsage of job (MB)
	21622152  -  ResidentSetSize of job (KB)
...
006 (7223590.007.000) 09/26 04:13:09 Image size of job updated: 21660140
	21148  -  MemoryUsage of job (MB)
	21654600  -  ResidentSetSize of job (KB)
...
006 (7223590.007.000) 09/26 04:18:09 Image size of job updated: 21766616
	21243  -  MemoryUsage of job (MB)
	21752592  -  ResidentSetSize of job (KB)
...
006 (7223590.007.000) 09/26 04:23:09 Image size of job updated: 21804512
	21271  -  MemoryUsage of job (MB)
	21781152  -  ResidentSetSize of job (KB)
...
006 (7223590.007.000) 09/26 04:28:08 Image size of job updated: 21839420
	21323  -  MemoryUsage of job (MB)
	21834144  -  ResidentSetSize of job (KB)
...
006 (7223590.007.000) 09/26 04:33:09 Image size of job updated: 21964528
	21446  -  MemoryUsage of job (MB)
	21959848  -  ResidentSetSize of job (KB)
...
006 (7223590.007.000) 09/26 04:38:10 Image size of job updated: 21971428
	21453  -  MemoryUsage of job (MB)
	21967632  -  ResidentSetSize of job (KB)
...
006 (7223590.007.000) 09/26 04:43:11 Image size of job updated: 21982856
	21462  -  MemoryUsage of job (MB)
	21977012  -  ResidentSetSize of job (KB)
...
006 (7223590.007.000) 09/26 04:48:12 Image size of job updated: 21995768
	21473  -  MemoryUsage of job (MB)
	21987668  -  ResidentSetSize of job (KB)
...
006 (7223590.007.000) 09/26 04:53:13 Image size of job updated: 22010360
	21486  -  MemoryUsage of job (MB)
	22001300  -  ResidentSetSize of job (KB)
...
006 (7223590.007.000) 09/26 04:58:14 Image size of job updated: 22112144
	21588  -  MemoryUsage of job (MB)
	22105700  -  ResidentSetSize of job (KB)
...
006 (7223590.007.000) 09/26 05:03:14 Image size of job updated: 22180176
	21656  -  MemoryUsage of job (MB)
	22174764  -  ResidentSetSize of job (KB)
...
006 (7223590.007.000) 09/26 05:08:14 Image size of job updated: 22204356
	21684  -  MemoryUsage of job (MB)
	22204108  -  ResidentSetSize of job (KB)
...
006 (7223590.007.000) 09/26 05:13:13 Image size of job updated: 22241344
	21715  -  MemoryUsage of job (MB)
	22235224  -  ResidentSetSize of job (KB)
...
006 (7223590.007.000) 09/26 05:18:14 Image size of job updated: 22263144
	21741  -  MemoryUsage of job (MB)
	22262644  -  ResidentSetSize of job (KB)
...
006 (7223590.007.000) 09/26 05:23:15 Image size of job updated: 22293148
	21754  -  MemoryUsage of job (MB)
	22275728  -  ResidentSetSize of job (KB)
...
006 (7223590.007.000) 09/26 05:28:16 Image size of job updated: 22301464
	21758  -  MemoryUsage of job (MB)
	22279756  -  ResidentSetSize of job (KB)
...
006 (7223590.007.000) 09/26 05:33:17 Image size of job updated: 22327668
	21797  -  MemoryUsage of job (MB)
	22319512  -  ResidentSetSize of job (KB)
...
006 (7223590.007.000) 09/26 05:38:18 Image size of job updated: 22338120
	21809  -  MemoryUsage of job (MB)
	22332020  -  ResidentSetSize of job (KB)
...
006 (7223590.007.000) 09/26 05:43:19 Image size of job updated: 22352436
	21827  -  MemoryUsage of job (MB)
	22350036  -  ResidentSetSize of job (KB)
...
006 (7223590.007.000) 09/26 05:48:19 Image size of job updated: 22433872
	21904  -  MemoryUsage of job (MB)
	22429668  -  ResidentSetSize of job (KB)
...
006 (7223590.007.000) 09/26 05:53:19 Image size of job updated: 22448896
	21921  -  MemoryUsage of job (MB)
	22446752  -  ResidentSetSize of job (KB)
...
006 (7223590.007.000) 09/26 05:58:18 Image size of job updated: 22456292
	21922  -  MemoryUsage of job (MB)
	22447964  -  ResidentSetSize of job (KB)
...
006 (7223590.007.000) 09/26 06:03:18 Image size of job updated: 22462644
	21934  -  MemoryUsage of job (MB)
	22460200  -  ResidentSetSize of job (KB)
...
006 (7223590.007.000) 09/26 06:08:19 Image size of job updated: 22534868
	21956  -  MemoryUsage of job (MB)
	22482856  -  ResidentSetSize of job (KB)
...
006 (7223590.007.000) 09/26 06:13:20 Image size of job updated: 22552448
	22019  -  MemoryUsage of job (MB)
	22547136  -  ResidentSetSize of job (KB)
...
006 (7223590.007.000) 09/26 06:18:21 Image size of job updated: 22564276
	22036  -  MemoryUsage of job (MB)
	22564276  -  ResidentSetSize of job (KB)
...
006 (7223590.007.000) 09/26 06:23:22 Image size of job updated: 22579888
	22046  -  MemoryUsage of job (MB)
	22574332  -  ResidentSetSize of job (KB)
...
006 (7223590.007.000) 09/26 06:28:23 Image size of job updated: 22586380
	22048  -  MemoryUsage of job (MB)
	22577032  -  ResidentSetSize of job (KB)
...
006 (7223590.007.000) 09/26 06:33:24 Image size of job updated: 22588024
	22049  -  MemoryUsage of job (MB)
	22578028  -  ResidentSetSize of job (KB)
...
006 (7223590.007.000) 09/26 06:38:25 Image size of job updated: 22614392
	22078  -  MemoryUsage of job (MB)
	22606932  -  ResidentSetSize of job (KB)
...
006 (7223590.007.000) 09/26 06:43:25 Image size of job updated: 22652588
	22116  -  MemoryUsage of job (MB)
	22645904  -  ResidentSetSize of job (KB)
...
006 (7223590.007.000) 09/26 06:48:25 Image size of job updated: 22734144
	22196  -  MemoryUsage of job (MB)
	22727880  -  ResidentSetSize of job (KB)
...
006 (7223590.007.000) 09/26 06:53:24 Image size of job updated: 22860880
	22296  -  MemoryUsage of job (MB)
	22830156  -  ResidentSetSize of job (KB)
...
006 (7223590.007.000) 09/26 06:58:25 Image size of job updated: 22909760
	22367  -  MemoryUsage of job (MB)
	22903452  -  ResidentSetSize of job (KB)
...
006 (7223590.007.000) 09/26 07:03:26 Image size of job updated: 22996280
	22451  -  MemoryUsage of job (MB)
	22989604  -  ResidentSetSize of job (KB)
...
006 (7223590.007.000) 09/26 07:08:27 Image size of job updated: 23129732
	22580  -  MemoryUsage of job (MB)
	23121596  -  ResidentSetSize of job (KB)
...
006 (7223590.007.000) 09/26 07:13:28 Image size of job updated: 23172684
	22624  -  MemoryUsage of job (MB)
	23166712  -  ResidentSetSize of job (KB)
...
006 (7223590.007.000) 09/26 07:18:29 Image size of job updated: 23263908
	22658  -  MemoryUsage of job (MB)
	23201244  -  ResidentSetSize of job (KB)
...
006 (7223590.007.000) 09/26 07:23:30 Image size of job updated: 23320188
	22772  -  MemoryUsage of job (MB)
	23317848  -  ResidentSetSize of job (KB)
...
006 (7223590.007.000) 09/26 07:28:31 Image size of job updated: 23364132
	22813  -  MemoryUsage of job (MB)
	23359988  -  ResidentSetSize of job (KB)
...
006 (7223590.007.000) 09/26 07:33:31 Image size of job updated: 23389164
	22837  -  MemoryUsage of job (MB)
	23384512  -  ResidentSetSize of job (KB)
...
006 (7223590.007.000) 09/26 07:38:31 Image size of job updated: 23407528
	22853  -  MemoryUsage of job (MB)
	23400608  -  ResidentSetSize of job (KB)
...
006 (7223590.007.000) 09/26 07:43:31 Image size of job updated: 23414952
	22860  -  MemoryUsage of job (MB)
	23408164  -  ResidentSetSize of job (KB)
...
006 (7223590.007.000) 09/26 07:48:31 Image size of job updated: 23480528
	22920  -  MemoryUsage of job (MB)
	23469560  -  ResidentSetSize of job (KB)
...
006 (7223590.007.000) 09/26 07:53:30 Image size of job updated: 23490344
	22935  -  MemoryUsage of job (MB)
	23484872  -  ResidentSetSize of job (KB)
...
006 (7223590.007.000) 09/26 07:58:30 Image size of job updated: 23501264
	22943  -  MemoryUsage of job (MB)
	23493424  -  ResidentSetSize of job (KB)
...
006 (7223590.007.000) 09/26 08:03:31 Image size of job updated: 23509172
	22956  -  MemoryUsage of job (MB)
	23506364  -  ResidentSetSize of job (KB)
...
006 (7223590.007.000) 09/26 08:08:32 Image size of job updated: 23522508
	22969  -  MemoryUsage of job (MB)
	23520168  -  ResidentSetSize of job (KB)
...
006 (7223590.007.000) 09/26 08:13:33 Image size of job updated: 23529356
	22969  -  MemoryUsage of job (MB)
	23520168  -  ResidentSetSize of job (KB)
...
006 (7223590.007.000) 09/26 08:18:34 Image size of job updated: 23563356
	22999  -  MemoryUsage of job (MB)
	23550704  -  ResidentSetSize of job (KB)
...
006 (7223590.007.000) 09/26 08:23:35 Image size of job updated: 23736900
	23172  -  MemoryUsage of job (MB)
	23727812  -  ResidentSetSize of job (KB)
...
006 (7223590.007.000) 09/26 08:28:36 Image size of job updated: 23742844
	23187  -  MemoryUsage of job (MB)
	23742836  -  ResidentSetSize of job (KB)
...
006 (7223590.007.000) 09/26 08:33:37 Image size of job updated: 23792816
	23232  -  MemoryUsage of job (MB)
	23789072  -  ResidentSetSize of job (KB)
...
006 (7223590.007.000) 09/26 08:38:38 Image size of job updated: 23798980
	23238  -  MemoryUsage of job (MB)
	23795380  -  ResidentSetSize of job (KB)
...
006 (7223590.007.000) 09/26 08:43:39 Image size of job updated: 23824372
	23260  -  MemoryUsage of job (MB)
	23817248  -  ResidentSetSize of job (KB)
...
006 (7223590.007.000) 09/26 08:48:40 Image size of job updated: 23843104
	23283  -  MemoryUsage of job (MB)
	23840832  -  ResidentSetSize of job (KB)
...
006 (7223590.007.000) 09/26 08:53:40 Image size of job updated: 23850316
	23284  -  MemoryUsage of job (MB)
	23842088  -  ResidentSetSize of job (KB)
...
006 (7223590.007.000) 09/26 08:58:40 Image size of job updated: 23852512
	23294  -  MemoryUsage of job (MB)
	23852512  -  ResidentSetSize of job (KB)
...
006 (7223590.007.000) 09/26 09:03:40 Image size of job updated: 23866608
	23303  -  MemoryUsage of job (MB)
	23861432  -  ResidentSetSize of job (KB)
...
006 (7223590.007.000) 09/26 09:08:40 Image size of job updated: 23972536
	23406  -  MemoryUsage of job (MB)
	23967660  -  ResidentSetSize of job (KB)
...
006 (7223590.007.000) 09/26 09:13:40 Image size of job updated: 23992924
	23426  -  MemoryUsage of job (MB)
	23987656  -  ResidentSetSize of job (KB)
...
006 (7223590.007.000) 09/26 09:18:40 Image size of job updated: 24029168
	23457  -  MemoryUsage of job (MB)
	24019600  -  ResidentSetSize of job (KB)
...
006 (7223590.007.000) 09/26 09:23:39 Image size of job updated: 24243936
	23668  -  MemoryUsage of job (MB)
	24235512  -  ResidentSetSize of job (KB)
...
006 (7223590.007.000) 09/26 09:28:39 Image size of job updated: 24265132
	23694  -  MemoryUsage of job (MB)
	24262128  -  ResidentSetSize of job (KB)
...
006 (7223590.007.000) 09/26 09:33:39 Image size of job updated: 24282404
	23705  -  MemoryUsage of job (MB)
	24273112  -  ResidentSetSize of job (KB)
...
006 (7223590.007.000) 09/26 09:38:40 Image size of job updated: 24290768
	23715  -  MemoryUsage of job (MB)
	24283360  -  ResidentSetSize of job (KB)
...
006 (7223590.007.000) 09/26 09:43:41 Image size of job updated: 24390764
	23812  -  MemoryUsage of job (MB)
	24382768  -  ResidentSetSize of job (KB)
...
006 (7223590.007.000) 09/26 09:48:42 Image size of job updated: 24415688
	23834  -  MemoryUsage of job (MB)
	24405468  -  ResidentSetSize of job (KB)
...
006 (7223590.007.000) 09/26 09:53:43 Image size of job updated: 24522948
	23942  -  MemoryUsage of job (MB)
	24515940  -  ResidentSetSize of job (KB)
...
006 (7223590.007.000) 09/26 09:58:44 Image size of job updated: 24541544
	23960  -  MemoryUsage of job (MB)
	24534416  -  ResidentSetSize of job (KB)
...
006 (7223590.007.000) 09/26 10:03:45 Image size of job updated: 24626016
	24042  -  MemoryUsage of job (MB)
	24618052  -  ResidentSetSize of job (KB)
...
006 (7223590.007.000) 09/26 10:08:46 Image size of job updated: 24973964
	24384  -  MemoryUsage of job (MB)
	24968248  -  ResidentSetSize of job (KB)
...
006 (7223590.007.000) 09/26 10:13:47 Image size of job updated: 25077152
	24489  -  MemoryUsage of job (MB)
	25075884  -  ResidentSetSize of job (KB)
...
006 (7223590.007.000) 09/26 10:18:48 Image size of job updated: 25151400
	24551  -  MemoryUsage of job (MB)
	25139580  -  ResidentSetSize of job (KB)
...
006 (7223590.007.000) 09/26 10:23:49 Image size of job updated: 25784912
	25170  -  MemoryUsage of job (MB)
	25773492  -  ResidentSetSize of job (KB)
...
006 (7223590.007.000) 09/26 10:28:50 Image size of job updated: 26358152
	25615  -  MemoryUsage of job (MB)
	26229276  -  ResidentSetSize of job (KB)
...
006 (7223590.007.000) 09/26 10:33:51 Image size of job updated: 26476328
	25853  -  MemoryUsage of job (MB)
	26472820  -  ResidentSetSize of job (KB)
...
006 (7223590.007.000) 09/26 10:38:52 Image size of job updated: 26750108
	26124  -  MemoryUsage of job (MB)
	26750108  -  ResidentSetSize of job (KB)
...
006 (7223590.007.000) 09/26 10:43:53 Image size of job updated: 26994556
	26362  -  MemoryUsage of job (MB)
	26994552  -  ResidentSetSize of job (KB)
...
006 (7223590.007.000) 09/26 10:48:54 Image size of job updated: 27508788
	26865  -  MemoryUsage of job (MB)
	27508788  -  ResidentSetSize of job (KB)
...
006 (7223590.007.000) 09/26 10:53:55 Image size of job updated: 27937556
	27283  -  MemoryUsage of job (MB)
	27937556  -  ResidentSetSize of job (KB)
...
006 (7223590.007.000) 09/26 10:58:55 Image size of job updated: 28302488
	27640  -  MemoryUsage of job (MB)
	28302488  -  ResidentSetSize of job (KB)
...
006 (7223590.007.000) 09/26 11:03:55 Image size of job updated: 28560576
	27892  -  MemoryUsage of job (MB)
	28560576  -  ResidentSetSize of job (KB)
...
006 (7223590.007.000) 09/26 11:08:55 Image size of job updated: 29097920
	28416  -  MemoryUsage of job (MB)
	29097920  -  ResidentSetSize of job (KB)
...
006 (7223590.007.000) 09/26 11:13:55 Image size of job updated: 29415360
	28418  -  MemoryUsage of job (MB)
	29099968  -  ResidentSetSize of job (KB)
...
006 (7223590.007.000) 09/26 11:28:54 Image size of job updated: 29534744
	28843  -  MemoryUsage of job (MB)
	29534744  -  ResidentSetSize of job (KB)
...
006 (7223590.007.000) 09/26 11:33:54 Image size of job updated: 30647576
	29930  -  MemoryUsage of job (MB)
	30647576  -  ResidentSetSize of job (KB)
...
006 (7223590.007.000) 09/26 11:38:54 Image size of job updated: 31758612
	31015  -  MemoryUsage of job (MB)
	31758612  -  ResidentSetSize of job (KB)
...
006 (7223590.007.000) 09/26 11:43:55 Image size of job updated: 32877584
	32108  -  MemoryUsage of job (MB)
	32877584  -  ResidentSetSize of job (KB)
...
006 (7223590.007.000) 09/26 11:45:14 Image size of job updated: 32953360
	32110  -  MemoryUsage of job (MB)
	32880400  -  ResidentSetSize of job (KB)
...
040 (7223590.007.000) 09/26 11:45:15 Started transferring output files
...
040 (7223590.007.000) 09/26 11:45:15 Finished transferring output files
...
005 (7223590.007.000) 09/26 11:45:16 Job terminated.
	(1) Normal termination (return value 50)
		Usr 0 07:37:22, Sys 0 00:16:25  -  Run Remote Usage
		Usr 0 00:00:00, Sys 0 00:00:00  -  Run Local Usage
		Usr 0 07:37:22, Sys 0 00:16:25  -  Total Remote Usage
		Usr 0 00:00:00, Sys 0 00:00:00  -  Total Local Usage
	549831  -  Run Bytes Sent By Job
	1407  -  Run Bytes Received By Job
	549831  -  Total Bytes Sent By Job
	1407  -  Total Bytes Received By Job
	Partitionable Resources :       Usage  Request Allocated Assigned
	   Cpus                 :        1.00        1         1 
	   Disk (KB)            : 27434845           2   6827063 
	   Gpus (Average)       :        0.00        1         1 "GPU-a111cc3f"
	   GpusMemory (MB)      :      617                       
	   Memory (MB)          :    32110        2000      2000 

	Job terminated of its own accord at 2024-09-26T09:45:14Z with exit-code 50.
...
