000 (7223590.000.000) 09/25 06:46:02 Job submitted from host: <137.138.44.55:9618?addrs=137.138.44.55-9618+[2001-1458-d00-1a--48]-9618&alias=bigbird17.cern.ch&noUDP&sock=schedd_1981_6134>
...
040 (7223590.000.000) 09/26 01:26:21 Started transferring input files
	Transferring to host: <188.185.190.107:9618?addrs=188.185.190.107-9618+[2001-1458-d03-b--100-2fe]-9618&alias=b9pgpun013.cern.ch&noUDP&sock=slot1_4_223718_51c2_27681>
...
040 (7223590.000.000) 09/26 01:26:21 Finished transferring input files
...
001 (7223590.000.000) 09/26 01:26:22 Job executing on host: <188.185.190.107:9618?addrs=188.185.190.107-9618+[2001-1458-d03-b--100-2fe]-9618&alias=b9pgpun013.cern.ch&noUDP&sock=startd_204990_ab0b>
	SlotName: slot1_4@b9pgpun013.cern.ch
	AvailableGPUs = { GPUs_GPU_49a3c76d }
	CondorScratchDir = "/pool/condor/dir_819838"
	Cpus = 1
	Disk = 6821740
	GPUs = 1
	GPUs_GPU_49a3c76d = [ GlobalMemoryMb = 95235; MaxSupportedVersion = 12040; DriverVersion = 12.4; DeviceName = "NVIDIA H100 NVL"; CoresPerCU = 128; ECCEnabled = true; ComputeUnits = 132; ClockMhz = 1785.0; Id = "GPU-49a3c76d"; Capability = 9.0; DevicePciBusId = "0000:AE:00.0"; DeviceUuid = "49a3c76d-089b-8e94-1c4a-b0c322ed2738" ]
	Memory = 2000
...
006 (7223590.000.000) 09/26 01:26:31 Image size of job updated: 3098420
	3026  -  MemoryUsage of job (MB)
	3098352  -  ResidentSetSize of job (KB)
...
006 (7223590.000.000) 09/26 01:31:33 Image size of job updated: 21662068
	21147  -  MemoryUsage of job (MB)
	21653748  -  ResidentSetSize of job (KB)
...
006 (7223590.000.000) 09/26 01:36:33 Image size of job updated: 21691596
	21178  -  MemoryUsage of job (MB)
	21685972  -  ResidentSetSize of job (KB)
...
006 (7223590.000.000) 09/26 01:41:34 Image size of job updated: 21800532
	21277  -  MemoryUsage of job (MB)
	21786780  -  ResidentSetSize of job (KB)
...
006 (7223590.000.000) 09/26 01:46:35 Image size of job updated: 21817068
	21300  -  MemoryUsage of job (MB)
	21810188  -  ResidentSetSize of job (KB)
...
006 (7223590.000.000) 09/26 01:51:34 Image size of job updated: 21855360
	21340  -  MemoryUsage of job (MB)
	21851572  -  ResidentSetSize of job (KB)
...
006 (7223590.000.000) 09/26 01:56:35 Image size of job updated: 21984336
	21461  -  MemoryUsage of job (MB)
	21975636  -  ResidentSetSize of job (KB)
...
006 (7223590.000.000) 09/26 02:01:36 Image size of job updated: 21987236
	21469  -  MemoryUsage of job (MB)
	21983576  -  ResidentSetSize of job (KB)
...
006 (7223590.000.000) 09/26 02:06:36 Image size of job updated: 22004824
	21480  -  MemoryUsage of job (MB)
	21995368  -  ResidentSetSize of job (KB)
...
006 (7223590.000.000) 09/26 02:11:37 Image size of job updated: 22019412
	21497  -  MemoryUsage of job (MB)
	22012572  -  ResidentSetSize of job (KB)
...
006 (7223590.000.000) 09/26 02:16:38 Image size of job updated: 22033420
	21510  -  MemoryUsage of job (MB)
	22025708  -  ResidentSetSize of job (KB)
...
006 (7223590.000.000) 09/26 02:21:38 Image size of job updated: 22148532
	21612  -  MemoryUsage of job (MB)
	22130688  -  ResidentSetSize of job (KB)
...
006 (7223590.000.000) 09/26 02:26:39 Image size of job updated: 22206276
	21680  -  MemoryUsage of job (MB)
	22199948  -  ResidentSetSize of job (KB)
...
006 (7223590.000.000) 09/26 02:31:40 Image size of job updated: 22236220
	21704  -  MemoryUsage of job (MB)
	22223984  -  ResidentSetSize of job (KB)
...
006 (7223590.000.000) 09/26 02:36:41 Image size of job updated: 22273096
	21741  -  MemoryUsage of job (MB)
	22262140  -  ResidentSetSize of job (KB)
...
006 (7223590.000.000) 09/26 02:41:40 Image size of job updated: 22288060
	21760  -  MemoryUsage of job (MB)
	22281244  -  ResidentSetSize of job (KB)
...
006 (7223590.000.000) 09/26 02:46:41 Image size of job updated: 22314372
	21777  -  MemoryUsage of job (MB)
	22299496  -  ResidentSetSize of job (KB)
...
006 (7223590.000.000) 09/26 02:51:42 Image size of job updated: 22323288
	21782  -  MemoryUsage of job (MB)
	22303780  -  ResidentSetSize of job (KB)
...
006 (7223590.000.000) 09/26 02:56:42 Image size of job updated: 22349644
	21820  -  MemoryUsage of job (MB)
	22343352  -  ResidentSetSize of job (KB)
...
006 (7223590.000.000) 09/26 03:01:43 Image size of job updated: 22362468
	21836  -  MemoryUsage of job (MB)
	22359396  -  ResidentSetSize of job (KB)
...
006 (7223590.000.000) 09/26 03:06:44 Image size of job updated: 22410128
	21877  -  MemoryUsage of job (MB)
	22401552  -  ResidentSetSize of job (KB)
...
006 (7223590.000.000) 09/26 03:11:45 Image size of job updated: 22456168
	21917  -  MemoryUsage of job (MB)
	22442696  -  ResidentSetSize of job (KB)
...
006 (7223590.000.000) 09/26 03:16:45 Image size of job updated: 22469388
	21940  -  MemoryUsage of job (MB)
	22465808  -  ResidentSetSize of job (KB)
...
006 (7223590.000.000) 09/26 03:21:46 Image size of job updated: 22476320
	21946  -  MemoryUsage of job (MB)
	22472388  -  ResidentSetSize of job (KB)
...
006 (7223590.000.000) 09/26 03:26:47 Image size of job updated: 22484696
	21955  -  MemoryUsage of job (MB)
	22481264  -  ResidentSetSize of job (KB)
...
006 (7223590.000.000) 09/26 03:31:46 Image size of job updated: 22561308
	22028  -  MemoryUsage of job (MB)
	22556548  -  ResidentSetSize of job (KB)
...
006 (7223590.000.000) 09/26 03:36:47 Image size of job updated: 22576720
	22043  -  MemoryUsage of job (MB)
	22571116  -  ResidentSetSize of job (KB)
...
006 (7223590.000.000) 09/26 03:41:48 Image size of job updated: 22588064
	22055  -  MemoryUsage of job (MB)
	22583468  -  ResidentSetSize of job (KB)
...
006 (7223590.000.000) 09/26 03:46:47 Image size of job updated: 22599588
	22059  -  MemoryUsage of job (MB)
	22587448  -  ResidentSetSize of job (KB)
...
006 (7223590.000.000) 09/26 03:51:48 Image size of job updated: 22603704
	22066  -  MemoryUsage of job (MB)
	22594800  -  ResidentSetSize of job (KB)
...
006 (7223590.000.000) 09/26 03:56:49 Image size of job updated: 22605704
	22070  -  MemoryUsage of job (MB)
	22599096  -  ResidentSetSize of job (KB)
...
006 (7223590.000.000) 09/26 04:01:48 Image size of job updated: 22670352
	22126  -  MemoryUsage of job (MB)
	22656064  -  ResidentSetSize of job (KB)
...
006 (7223590.000.000) 09/26 04:06:49 Image size of job updated: 22678412
	22139  -  MemoryUsage of job (MB)
	22669964  -  ResidentSetSize of job (KB)
...
006 (7223590.000.000) 09/26 04:11:50 Image size of job updated: 22770280
	22230  -  MemoryUsage of job (MB)
	22762820  -  ResidentSetSize of job (KB)
...
006 (7223590.000.000) 09/26 04:16:50 Image size of job updated: 22909460
	22369  -  MemoryUsage of job (MB)
	22905544  -  ResidentSetSize of job (KB)
...
006 (7223590.000.000) 09/26 04:21:51 Image size of job updated: 23018740
	22461  -  MemoryUsage of job (MB)
	22999636  -  ResidentSetSize of job (KB)
...
006 (7223590.000.000) 09/26 04:26:52 Image size of job updated: 23018740
	22477  -  MemoryUsage of job (MB)
	23015440  -  ResidentSetSize of job (KB)
...
006 (7223590.000.000) 09/26 04:31:53 Image size of job updated: 23176756
	22617  -  MemoryUsage of job (MB)
	23159184  -  ResidentSetSize of job (KB)
...
006 (7223590.000.000) 09/26 04:36:53 Image size of job updated: 23203244
	22657  -  MemoryUsage of job (MB)
	23199864  -  ResidentSetSize of job (KB)
...
006 (7223590.000.000) 09/26 04:41:54 Image size of job updated: 23284028
	22735  -  MemoryUsage of job (MB)
	23279644  -  ResidentSetSize of job (KB)
...
006 (7223590.000.000) 09/26 04:46:55 Image size of job updated: 23340192
	22790  -  MemoryUsage of job (MB)
	23336476  -  ResidentSetSize of job (KB)
...
006 (7223590.000.000) 09/26 04:51:54 Image size of job updated: 23396112
	22841  -  MemoryUsage of job (MB)
	23388388  -  ResidentSetSize of job (KB)
...
006 (7223590.000.000) 09/26 04:56:55 Image size of job updated: 23414820
	22861  -  MemoryUsage of job (MB)
	23408716  -  ResidentSetSize of job (KB)
...
006 (7223590.000.000) 09/26 05:01:56 Image size of job updated: 23426696
	22874  -  MemoryUsage of job (MB)
	23422432  -  ResidentSetSize of job (KB)
...
006 (7223590.000.000) 09/26 05:06:57 Image size of job updated: 23459128
	22908  -  MemoryUsage of job (MB)
	23457660  -  ResidentSetSize of job (KB)
...
006 (7223590.000.000) 09/26 05:11:56 Image size of job updated: 23501584
	22948  -  MemoryUsage of job (MB)
	23497856  -  ResidentSetSize of job (KB)
...
006 (7223590.000.000) 09/26 05:16:57 Image size of job updated: 23513084
	22956  -  MemoryUsage of job (MB)
	23506628  -  ResidentSetSize of job (KB)
...
006 (7223590.000.000) 09/26 05:21:58 Image size of job updated: 23523352
	22967  -  MemoryUsage of job (MB)
	23517396  -  ResidentSetSize of job (KB)
...
006 (7223590.000.000) 09/26 05:26:58 Image size of job updated: 23532776
	22971  -  MemoryUsage of job (MB)
	23521828  -  ResidentSetSize of job (KB)
...
006 (7223590.000.000) 09/26 05:31:59 Image size of job updated: 23546172
	22976  -  MemoryUsage of job (MB)
	23526516  -  ResidentSetSize of job (KB)
...
006 (7223590.000.000) 09/26 05:37:00 Image size of job updated: 23546172
	22982  -  MemoryUsage of job (MB)
	23533164  -  ResidentSetSize of job (KB)
...
006 (7223590.000.000) 09/26 05:42:01 Image size of job updated: 23675556
	23104  -  MemoryUsage of job (MB)
	23658108  -  ResidentSetSize of job (KB)
...
006 (7223590.000.000) 09/26 05:47:00 Image size of job updated: 23753512
	23188  -  MemoryUsage of job (MB)
	23744240  -  ResidentSetSize of job (KB)
...
006 (7223590.000.000) 09/26 05:52:01 Image size of job updated: 23791800
	23230  -  MemoryUsage of job (MB)
	23786968  -  ResidentSetSize of job (KB)
...
006 (7223590.000.000) 09/26 05:57:02 Image size of job updated: 23805060
	23244  -  MemoryUsage of job (MB)
	23801576  -  ResidentSetSize of job (KB)
...
006 (7223590.000.000) 09/26 06:02:02 Image size of job updated: 23822524
	23259  -  MemoryUsage of job (MB)
	23816628  -  ResidentSetSize of job (KB)
...
006 (7223590.000.000) 09/26 06:07:03 Image size of job updated: 23840076
	23280  -  MemoryUsage of job (MB)
	23838468  -  ResidentSetSize of job (KB)
...
006 (7223590.000.000) 09/26 06:12:04 Image size of job updated: 23860364
	23295  -  MemoryUsage of job (MB)
	23853220  -  ResidentSetSize of job (KB)
...
006 (7223590.000.000) 09/26 06:17:05 Image size of job updated: 23862628
	23295  -  MemoryUsage of job (MB)
	23853500  -  ResidentSetSize of job (KB)
...
006 (7223590.000.000) 09/26 06:22:04 Image size of job updated: 23869008
	23297  -  MemoryUsage of job (MB)
	23855440  -  ResidentSetSize of job (KB)
...
006 (7223590.000.000) 09/26 06:27:05 Image size of job updated: 23981312
	23405  -  MemoryUsage of job (MB)
	23966488  -  ResidentSetSize of job (KB)
...
006 (7223590.000.000) 09/26 06:32:06 Image size of job updated: 24005048
	23426  -  MemoryUsage of job (MB)
	23988128  -  ResidentSetSize of job (KB)
...
006 (7223590.000.000) 09/26 06:37:06 Image size of job updated: 24021480
	23452  -  MemoryUsage of job (MB)
	24014356  -  ResidentSetSize of job (KB)
...
006 (7223590.000.000) 09/26 06:42:07 Image size of job updated: 24100516
	23530  -  MemoryUsage of job (MB)
	24094700  -  ResidentSetSize of job (KB)
...
006 (7223590.000.000) 09/26 06:47:08 Image size of job updated: 24270228
	23696  -  MemoryUsage of job (MB)
	24264636  -  ResidentSetSize of job (KB)
...
006 (7223590.000.000) 09/26 06:52:09 Image size of job updated: 24291520
	23721  -  MemoryUsage of job (MB)
	24290188  -  ResidentSetSize of job (KB)
...
006 (7223590.000.000) 09/26 06:57:09 Image size of job updated: 24307336
	23736  -  MemoryUsage of job (MB)
	24304796  -  ResidentSetSize of job (KB)
...
006 (7223590.000.000) 09/26 07:02:10 Image size of job updated: 24390164
	23814  -  MemoryUsage of job (MB)
	24384728  -  ResidentSetSize of job (KB)
...
006 (7223590.000.000) 09/26 07:07:11 Image size of job updated: 24421124
	23840  -  MemoryUsage of job (MB)
	24411276  -  ResidentSetSize of job (KB)
...
006 (7223590.000.000) 09/26 07:12:12 Image size of job updated: 24452756
	23876  -  MemoryUsage of job (MB)
	24448640  -  ResidentSetSize of job (KB)
...
006 (7223590.000.000) 09/26 07:17:11 Image size of job updated: 24551528
	23967  -  MemoryUsage of job (MB)
	24541380  -  ResidentSetSize of job (KB)
...
006 (7223590.000.000) 09/26 07:22:12 Image size of job updated: 24630544
	24050  -  MemoryUsage of job (MB)
	24626508  -  ResidentSetSize of job (KB)
...
006 (7223590.000.000) 09/26 07:27:13 Image size of job updated: 24852800
	24259  -  MemoryUsage of job (MB)
	24840460  -  ResidentSetSize of job (KB)
...
006 (7223590.000.000) 09/26 07:32:14 Image size of job updated: 24992512
	24402  -  MemoryUsage of job (MB)
	24986964  -  ResidentSetSize of job (KB)
...
006 (7223590.000.000) 09/26 07:37:13 Image size of job updated: 25154880
	24554  -  MemoryUsage of job (MB)
	25143104  -  ResidentSetSize of job (KB)
...
006 (7223590.000.000) 09/26 07:42:14 Image size of job updated: 25442376
	24819  -  MemoryUsage of job (MB)
	25413752  -  ResidentSetSize of job (KB)
...
006 (7223590.000.000) 09/26 07:47:15 Image size of job updated: 26370916
	25574  -  MemoryUsage of job (MB)
	26187156  -  ResidentSetSize of job (KB)
...
006 (7223590.000.000) 09/26 07:52:16 Image size of job updated: 26382076
	25752  -  MemoryUsage of job (MB)
	26369400  -  ResidentSetSize of job (KB)
...
006 (7223590.000.000) 09/26 07:57:15 Image size of job updated: 26715252
	26090  -  MemoryUsage of job (MB)
	26715252  -  ResidentSetSize of job (KB)
...
006 (7223590.000.000) 09/26 08:02:16 Image size of job updated: 26969552
	26338  -  MemoryUsage of job (MB)
	26969552  -  ResidentSetSize of job (KB)
...
006 (7223590.000.000) 09/26 08:07:17 Image size of job updated: 27324284
	26684  -  MemoryUsage of job (MB)
	27324284  -  ResidentSetSize of job (KB)
...
006 (7223590.000.000) 09/26 08:12:18 Image size of job updated: 27818236
	27132  -  MemoryUsage of job (MB)
	27782152  -  ResidentSetSize of job (KB)
...
006 (7223590.000.000) 09/26 08:17:19 Image size of job updated: 28166184
	27495  -  MemoryUsage of job (MB)
	28154572  -  ResidentSetSize of job (KB)
...
006 (7223590.000.000) 09/26 08:22:18 Image size of job updated: 28439764
	27774  -  MemoryUsage of job (MB)
	28439764  -  ResidentSetSize of job (KB)
...
006 (7223590.000.000) 09/26 08:27:19 Image size of job updated: 28912956
	28236  -  MemoryUsage of job (MB)
	28912956  -  ResidentSetSize of job (KB)
...
006 (7223590.000.000) 09/26 08:32:20 Image size of job updated: 29437492
	28237  -  MemoryUsage of job (MB)
	28914492  -  ResidentSetSize of job (KB)
...
006 (7223590.000.000) 09/26 08:52:22 Image size of job updated: 29437492
	28440  -  MemoryUsage of job (MB)
	29121748  -  ResidentSetSize of job (KB)
...
006 (7223590.000.000) 09/26 08:57:23 Image size of job updated: 30261480
	29553  -  MemoryUsage of job (MB)
	30261480  -  ResidentSetSize of job (KB)
...
006 (7223590.000.000) 09/26 09:02:22 Image size of job updated: 31397640
	30662  -  MemoryUsage of job (MB)
	31397640  -  ResidentSetSize of job (KB)
...
006 (7223590.000.000) 09/26 09:05:04 Image size of job updated: 31779596
	30665  -  MemoryUsage of job (MB)
	31400200  -  ResidentSetSize of job (KB)
...
040 (7223590.000.000) 09/26 09:05:05 Started transferring output files
...
040 (7223590.000.000) 09/26 09:05:05 Finished transferring output files
...
005 (7223590.000.000) 09/26 09:05:06 Job terminated.
	(1) Normal termination (return value 0)
		Usr 0 07:34:36, Sys 0 00:15:44  -  Run Remote Usage
		Usr 0 00:00:00, Sys 0 00:00:00  -  Run Local Usage
		Usr 0 07:34:36, Sys 0 00:15:44  -  Total Remote Usage
		Usr 0 00:00:00, Sys 0 00:00:00  -  Total Local Usage
	549785  -  Run Bytes Sent By Job
	1407  -  Run Bytes Received By Job
	549785  -  Total Bytes Sent By Job
	1407  -  Total Bytes Received By Job
	Partitionable Resources :       Usage  Request Allocated Assigned
	   Cpus                 :        1.00        1         1 
	   Disk (KB)            : 27228287           2   6821740 
	   Gpus (Average)       :        0.00        1         1 "GPU-49a3c76d"
	   GpusMemory (MB)      :      599                       
	   Memory (MB)          :    30665        2000      2000 

	Job terminated of its own accord at 2024-09-26T07:05:04Z with exit-code 0.
...
