000 (7227812.004.000) 10/02 08:39:17 Job submitted from host: <137.138.44.55:9618?addrs=137.138.44.55-9618+[2001-1458-d00-1a--48]-9618&alias=bigbird17.cern.ch&noUDP&sock=schedd_1981_6134>
...
040 (7227812.004.000) 10/02 16:05:42 Started transferring input files
	Transferring to host: <128.142.248.218:9618?addrs=128.142.248.218-9618+[2001-1458-301-73--100-d9]-9618&alias=b9g23p2883.cern.ch&noUDP&sock=slot1_55_1412154_fe0a_36878>
...
040 (7227812.004.000) 10/02 16:05:42 Finished transferring input files
...
001 (7227812.004.000) 10/02 16:05:43 Job executing on host: <128.142.248.218:9618?addrs=128.142.248.218-9618+[2001-1458-301-73--100-d9]-9618&alias=b9g23p2883.cern.ch&noUDP&sock=startd_1412115_0387>
	SlotName: slot1_55@b9g23p2883.cern.ch
	CondorScratchDir = "/pool/condor/dir_177281"
	Cpus = 1
	Disk = 2981384
	Memory = 2000
...
006 (7227812.004.000) 10/02 16:05:52 Image size of job updated: 1082000
	1057  -  MemoryUsage of job (MB)
	1081988  -  ResidentSetSize of job (KB)
...
006 (7227812.004.000) 10/02 16:10:53 Image size of job updated: 1180800
	1064  -  MemoryUsage of job (MB)
	1088996  -  ResidentSetSize of job (KB)
...
006 (7227812.004.000) 10/02 19:11:10 Image size of job updated: 2204584
	2153  -  MemoryUsage of job (MB)
	2204580  -  ResidentSetSize of job (KB)
...
006 (7227812.004.000) 10/02 19:13:22 Image size of job updated: 2409116
	2153  -  MemoryUsage of job (MB)
	2204580  -  ResidentSetSize of job (KB)
...
040 (7227812.004.000) 10/02 19:13:22 Started transferring output files
...
040 (7227812.004.000) 10/02 19:13:24 Finished transferring output files
...
005 (7227812.004.000) 10/02 19:13:24 Job terminated.
	(1) Normal termination (return value 50)
		Usr 0 03:04:45, Sys 0 00:02:57  -  Run Remote Usage
		Usr 0 00:00:00, Sys 0 00:00:00  -  Run Local Usage
		Usr 0 03:04:45, Sys 0 00:02:57  -  Total Remote Usage
		Usr 0 00:00:00, Sys 0 00:00:00  -  Total Local Usage
	15471  -  Run Bytes Sent By Job
	2435  -  Run Bytes Received By Job
	15471  -  Total Bytes Sent By Job
	2435  -  Total Bytes Received By Job
	Partitionable Resources :     Usage  Request Allocated 
	   Cpus                 :      0.99        1         1 
	   Disk (KB)            : 943359           3   2981384 
	   Memory (MB)          :   2153        2000      2000 

	Job terminated of its own accord at 2024-10-02T17:13:22Z with exit-code 50.
...
