000 (7187355.001.000) 08/26 08:01:39 Job submitted from host: <137.138.44.55:9618?addrs=137.138.44.55-9618+[2001-1458-d00-1a--48]-9618&alias=bigbird17.cern.ch&noUDP&sock=schedd_23962_8474>
...
040 (7187355.001.000) 08/30 06:02:09 Started transferring input files
	Transferring to host: <188.185.92.232:9618?addrs=188.185.92.232-9618+[2001-1458-d00-6c--100-141]-9618&alias=b9g57n3095.cern.ch&noUDP&sock=slot1_1_14562_ff09_111365>
...
040 (7187355.001.000) 08/30 06:02:09 Finished transferring input files
...
001 (7187355.001.000) 08/30 06:02:10 Job executing on host: <188.185.92.232:9618?addrs=188.185.92.232-9618+[2001-1458-d00-6c--100-141]-9618&alias=b9g57n3095.cern.ch&noUDP&sock=startd_13810_16fd>
	SlotName: slot1_1@b9g57n3095.cern.ch
	AvailableGPUs = { GPUs_GPU_9576d3f1 }
	CondorScratchDir = "/pool/condor/dir_918645"
	Cpus = 1
	Disk = 318757
	GPUs = 1
	GPUs_GPU_9576d3f1 = [ GlobalMemoryMb = 40326; MaxSupportedVersion = 12040; DriverVersion = 12.4; DeviceUuid = "9576d3f1-d05d-7c3b-136d-333dbbe9c5a1"; DeviceName = "NVIDIA A100-PCIE-40GB"; CoresPerCU = 64; ECCEnabled = true; ComputeUnits = 108; ClockMhz = 1410.0; Id = "GPU-9576d3f1"; DevicePciBusId = "0000:06:00.0"; Capability = 8.0 ]
	Memory = 2000
...
006 (7187355.001.000) 08/30 06:02:19 Image size of job updated: 1446524
	1413  -  MemoryUsage of job (MB)
	1446440  -  ResidentSetSize of job (KB)
...
006 (7187355.001.000) 08/30 06:07:21 Image size of job updated: 7676780
	7496  -  MemoryUsage of job (MB)
	7675132  -  ResidentSetSize of job (KB)
...
006 (7187355.001.000) 08/30 06:12:21 Image size of job updated: 8860368
	8447  -  MemoryUsage of job (MB)
	8648800  -  ResidentSetSize of job (KB)
...
006 (7187355.001.000) 08/30 06:17:22 Image size of job updated: 8860368
	8516  -  MemoryUsage of job (MB)
	8720252  -  ResidentSetSize of job (KB)
...
006 (7187355.001.000) 08/30 06:22:22 Image size of job updated: 8873288
	8516  -  MemoryUsage of job (MB)
	8720252  -  ResidentSetSize of job (KB)
...
006 (7187355.001.000) 08/30 06:27:22 Image size of job updated: 8974840
	8591  -  MemoryUsage of job (MB)
	8797036  -  ResidentSetSize of job (KB)
...
006 (7187355.001.000) 08/30 06:32:23 Image size of job updated: 9103436
	8865  -  MemoryUsage of job (MB)
	9077240  -  ResidentSetSize of job (KB)
...
006 (7187355.001.000) 08/30 06:37:24 Image size of job updated: 9257272
	9014  -  MemoryUsage of job (MB)
	9229324  -  ResidentSetSize of job (KB)
...
006 (7187355.001.000) 08/30 06:42:25 Image size of job updated: 9789724
	9453  -  MemoryUsage of job (MB)
	9679208  -  ResidentSetSize of job (KB)
...
006 (7187355.001.000) 08/30 06:47:25 Image size of job updated: 9929736
	9453  -  MemoryUsage of job (MB)
	9679208  -  ResidentSetSize of job (KB)
...
006 (7187355.001.000) 08/30 06:52:25 Image size of job updated: 9978024
	9680  -  MemoryUsage of job (MB)
	9911304  -  ResidentSetSize of job (KB)
...
006 (7187355.001.000) 08/30 06:57:26 Image size of job updated: 10023188
	9680  -  MemoryUsage of job (MB)
	9911304  -  ResidentSetSize of job (KB)
...
006 (7187355.001.000) 08/30 07:02:26 Image size of job updated: 10110832
	9765  -  MemoryUsage of job (MB)
	9999124  -  ResidentSetSize of job (KB)
...
006 (7187355.001.000) 08/30 07:07:26 Image size of job updated: 10292060
	9926  -  MemoryUsage of job (MB)
	10163700  -  ResidentSetSize of job (KB)
...
006 (7187355.001.000) 08/30 07:12:27 Image size of job updated: 10340064
	9989  -  MemoryUsage of job (MB)
	10228580  -  ResidentSetSize of job (KB)
...
006 (7187355.001.000) 08/30 07:17:28 Image size of job updated: 10477908
	9989  -  MemoryUsage of job (MB)
	10228580  -  ResidentSetSize of job (KB)
...
006 (7187355.001.000) 08/30 07:22:28 Image size of job updated: 10616712
	10361  -  MemoryUsage of job (MB)
	10608936  -  ResidentSetSize of job (KB)
...
006 (7187355.001.000) 08/30 07:27:29 Image size of job updated: 10645764
	10397  -  MemoryUsage of job (MB)
	10645764  -  ResidentSetSize of job (KB)
...
006 (7187355.001.000) 08/30 07:32:30 Image size of job updated: 10754916
	10397  -  MemoryUsage of job (MB)
	10645764  -  ResidentSetSize of job (KB)
...
006 (7187355.001.000) 08/30 07:37:30 Image size of job updated: 11029048
	10644  -  MemoryUsage of job (MB)
	10899024  -  ResidentSetSize of job (KB)
...
006 (7187355.001.000) 08/30 07:42:31 Image size of job updated: 11164656
	10794  -  MemoryUsage of job (MB)
	11052204  -  ResidentSetSize of job (KB)
...
006 (7187355.001.000) 08/30 07:47:32 Image size of job updated: 11256112
	10884  -  MemoryUsage of job (MB)
	11144596  -  ResidentSetSize of job (KB)
...
006 (7187355.001.000) 08/30 07:52:32 Image size of job updated: 11393732
	11017  -  MemoryUsage of job (MB)
	11280532  -  ResidentSetSize of job (KB)
...
006 (7187355.001.000) 08/30 07:57:32 Image size of job updated: 11611748
	11337  -  MemoryUsage of job (MB)
	11608948  -  ResidentSetSize of job (KB)
...
006 (7187355.001.000) 08/30 08:02:33 Image size of job updated: 11806148
	11343  -  MemoryUsage of job (MB)
	11614836  -  ResidentSetSize of job (KB)
...
006 (7187355.001.000) 08/30 08:07:34 Image size of job updated: 11807728
	11418  -  MemoryUsage of job (MB)
	11691884  -  ResidentSetSize of job (KB)
...
006 (7187355.001.000) 08/30 08:12:34 Image size of job updated: 11989072
	11418  -  MemoryUsage of job (MB)
	11691884  -  ResidentSetSize of job (KB)
...
006 (7187355.001.000) 08/30 08:17:34 Image size of job updated: 12124156
	11492  -  MemoryUsage of job (MB)
	11767296  -  ResidentSetSize of job (KB)
...
006 (7187355.001.000) 08/30 08:22:35 Image size of job updated: 12124156
	11515  -  MemoryUsage of job (MB)
	11790836  -  ResidentSetSize of job (KB)
...
006 (7187355.001.000) 08/30 08:27:35 Image size of job updated: 12124156
	11795  -  MemoryUsage of job (MB)
	12077876  -  ResidentSetSize of job (KB)
...
006 (7187355.001.000) 08/30 08:32:35 Image size of job updated: 12258808
	11921  -  MemoryUsage of job (MB)
	12206296  -  ResidentSetSize of job (KB)
...
006 (7187355.001.000) 08/30 08:37:36 Image size of job updated: 12260372
	11970  -  MemoryUsage of job (MB)
	12257056  -  ResidentSetSize of job (KB)
...
006 (7187355.001.000) 08/30 08:42:37 Image size of job updated: 12312236
	11998  -  MemoryUsage of job (MB)
	12285704  -  ResidentSetSize of job (KB)
...
006 (7187355.001.000) 08/30 08:47:38 Image size of job updated: 12486240
	12159  -  MemoryUsage of job (MB)
	12450584  -  ResidentSetSize of job (KB)
...
006 (7187355.001.000) 08/30 08:52:38 Image size of job updated: 12682284
	12355  -  MemoryUsage of job (MB)
	12650748  -  ResidentSetSize of job (KB)
...
006 (7187355.001.000) 08/30 08:57:38 Image size of job updated: 12767184
	12430  -  MemoryUsage of job (MB)
	12728116  -  ResidentSetSize of job (KB)
...
006 (7187355.001.000) 08/30 09:02:39 Image size of job updated: 12965884
	12661  -  MemoryUsage of job (MB)
	12964696  -  ResidentSetSize of job (KB)
...
006 (7187355.001.000) 08/30 09:07:39 Image size of job updated: 13070752
	12661  -  MemoryUsage of job (MB)
	12964696  -  ResidentSetSize of job (KB)
...
006 (7187355.001.000) 08/30 09:12:39 Image size of job updated: 13562136
	13230  -  MemoryUsage of job (MB)
	13547388  -  ResidentSetSize of job (KB)
...
006 (7187355.001.000) 08/30 09:17:40 Image size of job updated: 13656800
	13232  -  MemoryUsage of job (MB)
	13549180  -  ResidentSetSize of job (KB)
...
006 (7187355.001.000) 08/30 09:27:41 Image size of job updated: 13951104
	13607  -  MemoryUsage of job (MB)
	13932764  -  ResidentSetSize of job (KB)
...
006 (7187355.001.000) 08/30 09:32:42 Image size of job updated: 14070812
	13742  -  MemoryUsage of job (MB)
	14070812  -  ResidentSetSize of job (KB)
...
006 (7187355.001.000) 08/30 09:37:42 Image size of job updated: 14226464
	13780  -  MemoryUsage of job (MB)
	14110128  -  ResidentSetSize of job (KB)
...
006 (7187355.001.000) 08/30 09:42:42 Image size of job updated: 14318512
	13898  -  MemoryUsage of job (MB)
	14231300  -  ResidentSetSize of job (KB)
...
006 (7187355.001.000) 08/30 09:47:43 Image size of job updated: 14497740
	14084  -  MemoryUsage of job (MB)
	14421880  -  ResidentSetSize of job (KB)
...
006 (7187355.001.000) 08/30 09:52:44 Image size of job updated: 14756440
	14310  -  MemoryUsage of job (MB)
	14653440  -  ResidentSetSize of job (KB)
...
006 (7187355.001.000) 08/30 09:57:45 Image size of job updated: 15064560
	14619  -  MemoryUsage of job (MB)
	14969380  -  ResidentSetSize of job (KB)
...
006 (7187355.001.000) 08/30 10:02:44 Image size of job updated: 15246444
	14868  -  MemoryUsage of job (MB)
	15224284  -  ResidentSetSize of job (KB)
...
006 (7187355.001.000) 08/30 10:07:45 Image size of job updated: 15305712
	14868  -  MemoryUsage of job (MB)
	15224284  -  ResidentSetSize of job (KB)
...
006 (7187355.001.000) 08/30 10:12:46 Image size of job updated: 15361268
	14979  -  MemoryUsage of job (MB)
	15338116  -  ResidentSetSize of job (KB)
...
006 (7187355.001.000) 08/30 10:17:46 Image size of job updated: 15403388
	14979  -  MemoryUsage of job (MB)
	15338136  -  ResidentSetSize of job (KB)
...
006 (7187355.001.000) 08/30 10:22:46 Image size of job updated: 15530316
	15055  -  MemoryUsage of job (MB)
	15415688  -  ResidentSetSize of job (KB)
...
006 (7187355.001.000) 08/30 10:27:46 Image size of job updated: 15750784
	15055  -  MemoryUsage of job (MB)
	15415688  -  ResidentSetSize of job (KB)
...
006 (7187355.001.000) 08/30 10:32:47 Image size of job updated: 15901648
	15436  -  MemoryUsage of job (MB)
	15805952  -  ResidentSetSize of job (KB)
...
006 (7187355.001.000) 08/30 10:37:48 Image size of job updated: 15978736
	15436  -  MemoryUsage of job (MB)
	15806208  -  ResidentSetSize of job (KB)
...
006 (7187355.001.000) 08/30 10:42:48 Image size of job updated: 16133540
	15665  -  MemoryUsage of job (MB)
	16040572  -  ResidentSetSize of job (KB)
...
006 (7187355.001.000) 08/30 10:47:48 Image size of job updated: 16347836
	15874  -  MemoryUsage of job (MB)
	16254852  -  ResidentSetSize of job (KB)
...
006 (7187355.001.000) 08/30 10:52:49 Image size of job updated: 16536952
	16143  -  MemoryUsage of job (MB)
	16529700  -  ResidentSetSize of job (KB)
...
006 (7187355.001.000) 08/30 10:57:49 Image size of job updated: 16595084
	16143  -  MemoryUsage of job (MB)
	16529700  -  ResidentSetSize of job (KB)
...
006 (7187355.001.000) 08/30 11:17:50 Image size of job updated: 16639604
	16224  -  MemoryUsage of job (MB)
	16613016  -  ResidentSetSize of job (KB)
...
006 (7187355.001.000) 08/30 11:22:51 Image size of job updated: 16836100
	16399  -  MemoryUsage of job (MB)
	16791804  -  ResidentSetSize of job (KB)
...
006 (7187355.001.000) 08/30 11:27:51 Image size of job updated: 16936380
	16540  -  MemoryUsage of job (MB)
	16936380  -  ResidentSetSize of job (KB)
...
006 (7187355.001.000) 08/30 11:32:51 Image size of job updated: 17328564
	16904  -  MemoryUsage of job (MB)
	17309512  -  ResidentSetSize of job (KB)
...
006 (7187355.001.000) 08/30 11:37:52 Image size of job updated: 17420988
	16904  -  MemoryUsage of job (MB)
	17309512  -  ResidentSetSize of job (KB)
...
006 (7187355.001.000) 08/30 11:42:53 Image size of job updated: 17468388
	16904  -  MemoryUsage of job (MB)
	17309512  -  ResidentSetSize of job (KB)
...
006 (7187355.001.000) 08/30 11:47:54 Image size of job updated: 17514848
	16995  -  MemoryUsage of job (MB)
	17402824  -  ResidentSetSize of job (KB)
...
006 (7187355.001.000) 08/30 11:52:54 Image size of job updated: 17644744
	17131  -  MemoryUsage of job (MB)
	17541664  -  ResidentSetSize of job (KB)
...
006 (7187355.001.000) 08/30 11:57:54 Image size of job updated: 17745912
	17131  -  MemoryUsage of job (MB)
	17541664  -  ResidentSetSize of job (KB)
...
006 (7187355.001.000) 08/30 12:02:55 Image size of job updated: 17840700
	17316  -  MemoryUsage of job (MB)
	17730780  -  ResidentSetSize of job (KB)
...
006 (7187355.001.000) 08/30 12:07:55 Image size of job updated: 17930896
	17316  -  MemoryUsage of job (MB)
	17730780  -  ResidentSetSize of job (KB)
...
006 (7187355.001.000) 08/30 12:12:56 Image size of job updated: 17977588
	17453  -  MemoryUsage of job (MB)
	17871544  -  ResidentSetSize of job (KB)
...
006 (7187355.001.000) 08/30 12:17:57 Image size of job updated: 18218732
	17677  -  MemoryUsage of job (MB)
	18100896  -  ResidentSetSize of job (KB)
...
006 (7187355.001.000) 08/30 12:22:57 Image size of job updated: 18222736
	17789  -  MemoryUsage of job (MB)
	18214936  -  ResidentSetSize of job (KB)
...
006 (7187355.001.000) 08/30 12:27:57 Image size of job updated: 18442376
	17903  -  MemoryUsage of job (MB)
	18332320  -  ResidentSetSize of job (KB)
...
006 (7187355.001.000) 08/30 12:32:58 Image size of job updated: 18538016
	18011  -  MemoryUsage of job (MB)
	18443068  -  ResidentSetSize of job (KB)
...
006 (7187355.001.000) 08/30 12:37:59 Image size of job updated: 18719180
	18175  -  MemoryUsage of job (MB)
	18610364  -  ResidentSetSize of job (KB)
...
006 (7187355.001.000) 08/30 12:42:59 Image size of job updated: 18860584
	18419  -  MemoryUsage of job (MB)
	18860356  -  ResidentSetSize of job (KB)
...
006 (7187355.001.000) 08/30 12:48:00 Image size of job updated: 18994512
	18419  -  MemoryUsage of job (MB)
	18860612  -  ResidentSetSize of job (KB)
...
006 (7187355.001.000) 08/30 12:53:01 Image size of job updated: 19161356
	18687  -  MemoryUsage of job (MB)
	19134608  -  ResidentSetSize of job (KB)
...
006 (7187355.001.000) 08/30 12:58:01 Image size of job updated: 19222252
	18687  -  MemoryUsage of job (MB)
	19134608  -  ResidentSetSize of job (KB)
...
006 (7187355.001.000) 08/30 13:03:01 Image size of job updated: 19331540
	18687  -  MemoryUsage of job (MB)
	19134608  -  ResidentSetSize of job (KB)
...
006 (7187355.001.000) 08/30 13:08:02 Image size of job updated: 19497344
	18935  -  MemoryUsage of job (MB)
	19388720  -  ResidentSetSize of job (KB)
...
006 (7187355.001.000) 08/30 13:13:03 Image size of job updated: 19504064
	18935  -  MemoryUsage of job (MB)
	19388720  -  ResidentSetSize of job (KB)
...
006 (7187355.001.000) 08/30 13:18:03 Image size of job updated: 19567908
	18935  -  MemoryUsage of job (MB)
	19388720  -  ResidentSetSize of job (KB)
...
006 (7187355.001.000) 08/30 13:23:03 Image size of job updated: 19683012
	18935  -  MemoryUsage of job (MB)
	19388720  -  ResidentSetSize of job (KB)
...
006 (7187355.001.000) 08/30 13:28:04 Image size of job updated: 19742232
	19255  -  MemoryUsage of job (MB)
	19716464  -  ResidentSetSize of job (KB)
...
006 (7187355.001.000) 08/30 13:33:05 Image size of job updated: 19855380
	19255  -  MemoryUsage of job (MB)
	19716464  -  ResidentSetSize of job (KB)
...
006 (7187355.001.000) 08/30 13:38:05 Image size of job updated: 19855380
	19288  -  MemoryUsage of job (MB)
	19750184  -  ResidentSetSize of job (KB)
...
006 (7187355.001.000) 08/30 13:43:05 Image size of job updated: 19864200
	19288  -  MemoryUsage of job (MB)
	19750184  -  ResidentSetSize of job (KB)
...
006 (7187355.001.000) 08/30 13:48:06 Image size of job updated: 20081212
	19508  -  MemoryUsage of job (MB)
	19975912  -  ResidentSetSize of job (KB)
...
006 (7187355.001.000) 08/30 13:53:07 Image size of job updated: 20305760
	19725  -  MemoryUsage of job (MB)
	20197644  -  ResidentSetSize of job (KB)
...
006 (7187355.001.000) 08/30 13:58:07 Image size of job updated: 20389052
	19912  -  MemoryUsage of job (MB)
	20389052  -  ResidentSetSize of job (KB)
...
006 (7187355.001.000) 08/30 14:03:07 Image size of job updated: 20498788
	20012  -  MemoryUsage of job (MB)
	20492008  -  ResidentSetSize of job (KB)
...
006 (7187355.001.000) 08/30 14:08:08 Image size of job updated: 20678652
	20012  -  MemoryUsage of job (MB)
	20492008  -  ResidentSetSize of job (KB)
...
006 (7187355.001.000) 08/30 14:13:08 Image size of job updated: 20807720
	20321  -  MemoryUsage of job (MB)
	20807720  -  ResidentSetSize of job (KB)
...
006 (7187355.001.000) 08/30 14:18:08 Image size of job updated: 20974048
	20321  -  MemoryUsage of job (MB)
	20807720  -  ResidentSetSize of job (KB)
...
006 (7187355.001.000) 08/30 14:23:09 Image size of job updated: 21224824
	20321  -  MemoryUsage of job (MB)
	20807720  -  ResidentSetSize of job (KB)
...
006 (7187355.001.000) 08/30 14:28:10 Image size of job updated: 21309880
	20712  -  MemoryUsage of job (MB)
	21208272  -  ResidentSetSize of job (KB)
...
006 (7187355.001.000) 08/30 14:33:10 Image size of job updated: 21502364
	20712  -  MemoryUsage of job (MB)
	21208272  -  ResidentSetSize of job (KB)
...
006 (7187355.001.000) 08/30 14:38:10 Image size of job updated: 21614824
	20712  -  MemoryUsage of job (MB)
	21208272  -  ResidentSetSize of job (KB)
...
006 (7187355.001.000) 08/30 14:43:11 Image size of job updated: 21840612
	20858  -  MemoryUsage of job (MB)
	21358492  -  ResidentSetSize of job (KB)
...
006 (7187355.001.000) 08/30 14:48:11 Image size of job updated: 21957608
	21423  -  MemoryUsage of job (MB)
	21936756  -  ResidentSetSize of job (KB)
...
006 (7187355.001.000) 08/30 14:53:11 Image size of job updated: 22122944
	21431  -  MemoryUsage of job (MB)
	21944692  -  ResidentSetSize of job (KB)
...
006 (7187355.001.000) 08/30 14:58:12 Image size of job updated: 22233756
	21431  -  MemoryUsage of job (MB)
	21944692  -  ResidentSetSize of job (KB)
...
006 (7187355.001.000) 08/30 15:03:12 Image size of job updated: 22399420
	21681  -  MemoryUsage of job (MB)
	22200816  -  ResidentSetSize of job (KB)
...
006 (7187355.001.000) 08/30 15:08:12 Image size of job updated: 22622208
	21982  -  MemoryUsage of job (MB)
	22509392  -  ResidentSetSize of job (KB)
...
006 (7187355.001.000) 08/30 15:13:13 Image size of job updated: 22790512
	22162  -  MemoryUsage of job (MB)
	22693384  -  ResidentSetSize of job (KB)
...
006 (7187355.001.000) 08/30 15:18:13 Image size of job updated: 22790868
	22162  -  MemoryUsage of job (MB)
	22693412  -  ResidentSetSize of job (KB)
...
006 (7187355.001.000) 08/30 15:23:14 Image size of job updated: 22823312
	22289  -  MemoryUsage of job (MB)
	22823312  -  ResidentSetSize of job (KB)
...
006 (7187355.001.000) 08/30 15:28:15 Image size of job updated: 22922616
	22289  -  MemoryUsage of job (MB)
	22823312  -  ResidentSetSize of job (KB)
...
006 (7187355.001.000) 08/30 15:33:16 Image size of job updated: 22972492
	22324  -  MemoryUsage of job (MB)
	22859372  -  ResidentSetSize of job (KB)
...
006 (7187355.001.000) 08/30 15:38:16 Image size of job updated: 23198200
	22638  -  MemoryUsage of job (MB)
	23180384  -  ResidentSetSize of job (KB)
...
006 (7187355.001.000) 08/30 15:43:16 Image size of job updated: 23245904
	22638  -  MemoryUsage of job (MB)
	23180384  -  ResidentSetSize of job (KB)
...
006 (7187355.001.000) 08/30 15:48:17 Image size of job updated: 23288608
	22643  -  MemoryUsage of job (MB)
	23185648  -  ResidentSetSize of job (KB)
...
006 (7187355.001.000) 08/30 15:53:17 Image size of job updated: 23478956
	22818  -  MemoryUsage of job (MB)
	23365100  -  ResidentSetSize of job (KB)
...
006 (7187355.001.000) 08/30 15:58:17 Image size of job updated: 23661748
	22818  -  MemoryUsage of job (MB)
	23365100  -  ResidentSetSize of job (KB)
...
006 (7187355.001.000) 08/30 16:03:18 Image size of job updated: 23838216
	23179  -  MemoryUsage of job (MB)
	23735144  -  ResidentSetSize of job (KB)
...
006 (7187355.001.000) 08/30 16:08:19 Image size of job updated: 23940984
	23375  -  MemoryUsage of job (MB)
	23935836  -  ResidentSetSize of job (KB)
...
006 (7187355.001.000) 08/30 16:13:19 Image size of job updated: 24080680
	23403  -  MemoryUsage of job (MB)
	23963896  -  ResidentSetSize of job (KB)
...
006 (7187355.001.000) 08/30 16:18:20 Image size of job updated: 24127868
	23403  -  MemoryUsage of job (MB)
	23963896  -  ResidentSetSize of job (KB)
...
006 (7187355.001.000) 08/30 16:23:21 Image size of job updated: 24206328
	23539  -  MemoryUsage of job (MB)
	24103392  -  ResidentSetSize of job (KB)
...
006 (7187355.001.000) 08/30 16:28:21 Image size of job updated: 24305496
	23539  -  MemoryUsage of job (MB)
	24103392  -  ResidentSetSize of job (KB)
...
006 (7187355.001.000) 08/30 16:33:22 Image size of job updated: 24387644
	23716  -  MemoryUsage of job (MB)
	24284368  -  ResidentSetSize of job (KB)
...
006 (7187355.001.000) 08/30 16:38:23 Image size of job updated: 24580024
	23987  -  MemoryUsage of job (MB)
	24562216  -  ResidentSetSize of job (KB)
...
006 (7187355.001.000) 08/30 16:43:23 Image size of job updated: 24582800
	23987  -  MemoryUsage of job (MB)
	24562216  -  ResidentSetSize of job (KB)
...
006 (7187355.001.000) 08/30 17:03:26 Image size of job updated: 24632872
	23987  -  MemoryUsage of job (MB)
	24562216  -  ResidentSetSize of job (KB)
...
006 (7187355.001.000) 08/30 17:08:27 Image size of job updated: 24765596
	23987  -  MemoryUsage of job (MB)
	24562216  -  ResidentSetSize of job (KB)
...
006 (7187355.001.000) 08/30 17:13:28 Image size of job updated: 24920460
	24178  -  MemoryUsage of job (MB)
	24757916  -  ResidentSetSize of job (KB)
...
006 (7187355.001.000) 08/30 17:18:28 Image size of job updated: 25046100
	24270  -  MemoryUsage of job (MB)
	24852080  -  ResidentSetSize of job (KB)
...
006 (7187355.001.000) 08/30 17:23:29 Image size of job updated: 25114588
	24497  -  MemoryUsage of job (MB)
	25084468  -  ResidentSetSize of job (KB)
...
006 (7187355.001.000) 08/30 17:28:30 Image size of job updated: 25221068
	24497  -  MemoryUsage of job (MB)
	25084900  -  ResidentSetSize of job (KB)
...
006 (7187355.001.000) 08/30 17:33:29 Image size of job updated: 25240876
	24499  -  MemoryUsage of job (MB)
	25086236  -  ResidentSetSize of job (KB)
...
006 (7187355.001.000) 08/30 17:38:30 Image size of job updated: 25397572
	24754  -  MemoryUsage of job (MB)
	25347388  -  ResidentSetSize of job (KB)
...
006 (7187355.001.000) 08/30 17:43:31 Image size of job updated: 25982624
	25279  -  MemoryUsage of job (MB)
	25885352  -  ResidentSetSize of job (KB)
...
006 (7187355.001.000) 08/30 17:48:31 Image size of job updated: 26166732
	25279  -  MemoryUsage of job (MB)
	25885352  -  ResidentSetSize of job (KB)
...
006 (7187355.001.000) 08/30 17:53:31 Image size of job updated: 26279824
	25279  -  MemoryUsage of job (MB)
	25885352  -  ResidentSetSize of job (KB)
...
006 (7187355.001.000) 08/30 17:58:32 Image size of job updated: 26390456
	25405  -  MemoryUsage of job (MB)
	26014528  -  ResidentSetSize of job (KB)
...
006 (7187355.001.000) 08/30 18:03:33 Image size of job updated: 26610956
	25531  -  MemoryUsage of job (MB)
	26142960  -  ResidentSetSize of job (KB)
...
006 (7187355.001.000) 08/30 18:08:33 Image size of job updated: 26776016
	25531  -  MemoryUsage of job (MB)
	26142960  -  ResidentSetSize of job (KB)
...
006 (7187355.001.000) 08/30 18:13:33 Image size of job updated: 26893468
	25804  -  MemoryUsage of job (MB)
	26422960  -  ResidentSetSize of job (KB)
...
006 (7187355.001.000) 08/30 18:18:34 Image size of job updated: 26951752
	26289  -  MemoryUsage of job (MB)
	26919860  -  ResidentSetSize of job (KB)
...
006 (7187355.001.000) 08/30 18:23:35 Image size of job updated: 27009076
	26289  -  MemoryUsage of job (MB)
	26919860  -  ResidentSetSize of job (KB)
...
006 (7187355.001.000) 08/30 18:28:35 Image size of job updated: 27174740
	26289  -  MemoryUsage of job (MB)
	26919860  -  ResidentSetSize of job (KB)
...
006 (7187355.001.000) 08/30 18:33:35 Image size of job updated: 27313852
	26289  -  MemoryUsage of job (MB)
	26919860  -  ResidentSetSize of job (KB)
...
006 (7187355.001.000) 08/30 18:38:35 Image size of job updated: 27432924
	26697  -  MemoryUsage of job (MB)
	27337032  -  ResidentSetSize of job (KB)
...
006 (7187355.001.000) 08/30 18:43:36 Image size of job updated: 27456952
	26802  -  MemoryUsage of job (MB)
	27444716  -  ResidentSetSize of job (KB)
...
006 (7187355.001.000) 08/30 18:48:37 Image size of job updated: 27518936
	26802  -  MemoryUsage of job (MB)
	27444716  -  ResidentSetSize of job (KB)
...
006 (7187355.001.000) 08/30 18:53:38 Image size of job updated: 27738876
	26802  -  MemoryUsage of job (MB)
	27444716  -  ResidentSetSize of job (KB)
...
006 (7187355.001.000) 08/30 18:58:38 Image size of job updated: 27857340
	27095  -  MemoryUsage of job (MB)
	27744308  -  ResidentSetSize of job (KB)
...
006 (7187355.001.000) 08/30 19:03:38 Image size of job updated: 27913860
	27095  -  MemoryUsage of job (MB)
	27744308  -  ResidentSetSize of job (KB)
...
006 (7187355.001.000) 08/30 19:18:40 Image size of job updated: 27930760
	27265  -  MemoryUsage of job (MB)
	27918372  -  ResidentSetSize of job (KB)
...
006 (7187355.001.000) 08/30 19:23:40 Image size of job updated: 27931004
	27265  -  MemoryUsage of job (MB)
	27918372  -  ResidentSetSize of job (KB)
...
006 (7187355.001.000) 08/30 19:38:40 Image size of job updated: 28288580
	27265  -  MemoryUsage of job (MB)
	27918372  -  ResidentSetSize of job (KB)
...
006 (7187355.001.000) 08/30 19:43:41 Image size of job updated: 28566432
	27789  -  MemoryUsage of job (MB)
	28455000  -  ResidentSetSize of job (KB)
...
006 (7187355.001.000) 08/30 19:48:41 Image size of job updated: 28791648
	28110  -  MemoryUsage of job (MB)
	28783684  -  ResidentSetSize of job (KB)
...
006 (7187355.001.000) 08/30 19:53:41 Image size of job updated: 28883140
	28110  -  MemoryUsage of job (MB)
	28783684  -  ResidentSetSize of job (KB)
...
006 (7187355.001.000) 08/30 20:23:44 Image size of job updated: 28959000
	28172  -  MemoryUsage of job (MB)
	28847204  -  ResidentSetSize of job (KB)
...
006 (7187355.001.000) 08/30 20:28:44 Image size of job updated: 29095812
	28172  -  MemoryUsage of job (MB)
	28847204  -  ResidentSetSize of job (KB)
...
006 (7187355.001.000) 08/30 20:33:45 Image size of job updated: 29236472
	28259  -  MemoryUsage of job (MB)
	28936212  -  ResidentSetSize of job (KB)
...
006 (7187355.001.000) 08/30 20:38:45 Image size of job updated: 29326112
	28530  -  MemoryUsage of job (MB)
	29214208  -  ResidentSetSize of job (KB)
...
006 (7187355.001.000) 08/30 20:43:45 Image size of job updated: 29371552
	28633  -  MemoryUsage of job (MB)
	29320192  -  ResidentSetSize of job (KB)
...
006 (7187355.001.000) 08/30 21:13:49 Image size of job updated: 29436652
	28704  -  MemoryUsage of job (MB)
	29392532  -  ResidentSetSize of job (KB)
...
006 (7187355.001.000) 08/30 21:18:49 Image size of job updated: 29572224
	28746  -  MemoryUsage of job (MB)
	29435028  -  ResidentSetSize of job (KB)
...
006 (7187355.001.000) 08/30 21:33:51 Image size of job updated: 29663900
	28888  -  MemoryUsage of job (MB)
	29580600  -  ResidentSetSize of job (KB)
...
006 (7187355.001.000) 08/30 21:38:51 Image size of job updated: 29669712
	28888  -  MemoryUsage of job (MB)
	29580600  -  ResidentSetSize of job (KB)
...
006 (7187355.001.000) 08/30 21:43:52 Image size of job updated: 29729708
	28987  -  MemoryUsage of job (MB)
	29682436  -  ResidentSetSize of job (KB)
...
006 (7187355.001.000) 08/30 21:48:52 Image size of job updated: 29873792
	29007  -  MemoryUsage of job (MB)
	29702196  -  ResidentSetSize of job (KB)
...
006 (7187355.001.000) 08/30 21:53:52 Image size of job updated: 30024040
	29277  -  MemoryUsage of job (MB)
	29979056  -  ResidentSetSize of job (KB)
...
006 (7187355.001.000) 08/30 21:58:52 Image size of job updated: 30124024
	29277  -  MemoryUsage of job (MB)
	29979056  -  ResidentSetSize of job (KB)
...
006 (7187355.001.000) 08/30 22:08:53 Image size of job updated: 30124024
	29289  -  MemoryUsage of job (MB)
	29991928  -  ResidentSetSize of job (KB)
...
006 (7187355.001.000) 08/30 22:13:53 Image size of job updated: 30201512
	29490  -  MemoryUsage of job (MB)
	30196972  -  ResidentSetSize of job (KB)
...
006 (7187355.001.000) 08/30 22:18:54 Image size of job updated: 30307072
	29554  -  MemoryUsage of job (MB)
	30262560  -  ResidentSetSize of job (KB)
...
006 (7187355.001.000) 08/30 22:23:55 Image size of job updated: 30411484
	29696  -  MemoryUsage of job (MB)
	30407812  -  ResidentSetSize of job (KB)
...
006 (7187355.001.000) 08/30 22:28:56 Image size of job updated: 30590732
	29830  -  MemoryUsage of job (MB)
	30545660  -  ResidentSetSize of job (KB)
...
006 (7187355.001.000) 08/30 22:33:57 Image size of job updated: 30720692
	29896  -  MemoryUsage of job (MB)
	30612856  -  ResidentSetSize of job (KB)
...
006 (7187355.001.000) 08/30 22:38:58 Image size of job updated: 30839376
	30001  -  MemoryUsage of job (MB)
	30720612  -  ResidentSetSize of job (KB)
...
006 (7187355.001.000) 08/30 22:43:59 Image size of job updated: 31005500
	30007  -  MemoryUsage of job (MB)
	30727012  -  ResidentSetSize of job (KB)
...
006 (7187355.001.000) 08/30 22:48:59 Image size of job updated: 31110240
	30382  -  MemoryUsage of job (MB)
	31110240  -  ResidentSetSize of job (KB)
...
006 (7187355.001.000) 08/30 22:54:00 Image size of job updated: 31391968
	30551  -  MemoryUsage of job (MB)
	31283576  -  ResidentSetSize of job (KB)
...
006 (7187355.001.000) 08/30 22:59:01 Image size of job updated: 31611956
	30864  -  MemoryUsage of job (MB)
	31604256  -  ResidentSetSize of job (KB)
...
006 (7187355.001.000) 08/30 23:04:01 Image size of job updated: 31725256
	30864  -  MemoryUsage of job (MB)
	31604256  -  ResidentSetSize of job (KB)
...
006 (7187355.001.000) 08/30 23:29:05 Image size of job updated: 31857532
	31004  -  MemoryUsage of job (MB)
	31747400  -  ResidentSetSize of job (KB)
...
006 (7187355.001.000) 08/30 23:34:06 Image size of job updated: 31972956
	31006  -  MemoryUsage of job (MB)
	31749532  -  ResidentSetSize of job (KB)
...
006 (7187355.001.000) 08/30 23:39:07 Image size of job updated: 32305756
	31200  -  MemoryUsage of job (MB)
	31948764  -  ResidentSetSize of job (KB)
...
006 (7187355.001.000) 08/30 23:44:06 Image size of job updated: 32306684
	31200  -  MemoryUsage of job (MB)
	31948764  -  ResidentSetSize of job (KB)
...
006 (7187355.001.000) 08/30 23:54:08 Image size of job updated: 32306684
	31304  -  MemoryUsage of job (MB)
	32055088  -  ResidentSetSize of job (KB)
...
006 (7187355.001.000) 08/30 23:59:09 Image size of job updated: 32394168
	31534  -  MemoryUsage of job (MB)
	32289988  -  ResidentSetSize of job (KB)
...
006 (7187355.001.000) 08/31 00:04:10 Image size of job updated: 32408732
	31542  -  MemoryUsage of job (MB)
	32298436  -  ResidentSetSize of job (KB)
...
006 (7187355.001.000) 08/31 00:14:11 Image size of job updated: 32519296
	31648  -  MemoryUsage of job (MB)
	32406872  -  ResidentSetSize of job (KB)
...
006 (7187355.001.000) 08/31 00:19:11 Image size of job updated: 32613220
	31741  -  MemoryUsage of job (MB)
	32501772  -  ResidentSetSize of job (KB)
...
006 (7187355.001.000) 08/31 00:24:12 Image size of job updated: 32800192
	31741  -  MemoryUsage of job (MB)
	32501772  -  ResidentSetSize of job (KB)
...
006 (7187355.001.000) 08/31 00:44:12 Image size of job updated: 32832028
	31947  -  MemoryUsage of job (MB)
	32713020  -  ResidentSetSize of job (KB)
...
006 (7187355.001.000) 08/31 00:49:12 Image size of job updated: 32987068
	32214  -  MemoryUsage of job (MB)
	32987068  -  ResidentSetSize of job (KB)
...
006 (7187355.001.000) 08/31 00:54:13 Image size of job updated: 33143244
	32214  -  MemoryUsage of job (MB)
	32987068  -  ResidentSetSize of job (KB)
...
006 (7187355.001.000) 08/31 00:59:13 Image size of job updated: 33236376
	32349  -  MemoryUsage of job (MB)
	33125292  -  ResidentSetSize of job (KB)
...
006 (7187355.001.000) 08/31 01:04:13 Image size of job updated: 33331700
	32349  -  MemoryUsage of job (MB)
	33125292  -  ResidentSetSize of job (KB)
...
006 (7187355.001.000) 08/31 01:19:15 Image size of job updated: 33527964
	32642  -  MemoryUsage of job (MB)
	33424756  -  ResidentSetSize of job (KB)
...
006 (7187355.001.000) 08/31 01:24:16 Image size of job updated: 33540376
	32642  -  MemoryUsage of job (MB)
	33425012  -  ResidentSetSize of job (KB)
...
006 (7187355.001.000) 08/31 01:59:19 Image size of job updated: 33540376
	32644  -  MemoryUsage of job (MB)
	33427228  -  ResidentSetSize of job (KB)
...
006 (7187355.001.000) 08/31 02:04:20 Image size of job updated: 33541668
	32721  -  MemoryUsage of job (MB)
	33505896  -  ResidentSetSize of job (KB)
...
006 (7187355.001.000) 08/31 02:09:20 Image size of job updated: 33649224
	32721  -  MemoryUsage of job (MB)
	33505896  -  ResidentSetSize of job (KB)
...
006 (7187355.001.000) 08/31 02:14:20 Image size of job updated: 33799928
	32964  -  MemoryUsage of job (MB)
	33754720  -  ResidentSetSize of job (KB)
...
006 (7187355.001.000) 08/31 02:19:21 Image size of job updated: 33879332
	33042  -  MemoryUsage of job (MB)
	33834136  -  ResidentSetSize of job (KB)
...
006 (7187355.001.000) 08/31 02:24:22 Image size of job updated: 33959892
	33042  -  MemoryUsage of job (MB)
	33834136  -  ResidentSetSize of job (KB)
...
006 (7187355.001.000) 08/31 02:29:22 Image size of job updated: 34066392
	33042  -  MemoryUsage of job (MB)
	33834136  -  ResidentSetSize of job (KB)
...
006 (7187355.001.000) 08/31 02:39:23 Image size of job updated: 34066392
	33063  -  MemoryUsage of job (MB)
	33856088  -  ResidentSetSize of job (KB)
...
006 (7187355.001.000) 08/31 02:44:24 Image size of job updated: 34180056
	33375  -  MemoryUsage of job (MB)
	34175584  -  ResidentSetSize of job (KB)
...
006 (7187355.001.000) 08/31 02:49:25 Image size of job updated: 34905676
	33740  -  MemoryUsage of job (MB)
	34549616  -  ResidentSetSize of job (KB)
...
006 (7187355.001.000) 08/31 02:54:25 Image size of job updated: 35071684
	33910  -  MemoryUsage of job (MB)
	34723108  -  ResidentSetSize of job (KB)
...
006 (7187355.001.000) 08/31 02:59:26 Image size of job updated: 35294412
	34046  -  MemoryUsage of job (MB)
	34863008  -  ResidentSetSize of job (KB)
...
006 (7187355.001.000) 08/31 03:04:27 Image size of job updated: 35294412
	34048  -  MemoryUsage of job (MB)
	34864544  -  ResidentSetSize of job (KB)
...
006 (7187355.001.000) 08/31 03:09:27 Image size of job updated: 35294412
	34323  -  MemoryUsage of job (MB)
	35146340  -  ResidentSetSize of job (KB)
...
006 (7187355.001.000) 08/31 03:14:27 Image size of job updated: 35390816
	34428  -  MemoryUsage of job (MB)
	35253604  -  ResidentSetSize of job (KB)
...
006 (7187355.001.000) 08/31 03:19:28 Image size of job updated: 35487120
	34562  -  MemoryUsage of job (MB)
	35391348  -  ResidentSetSize of job (KB)
...
006 (7187355.001.000) 08/31 03:24:29 Image size of job updated: 35616700
	34562  -  MemoryUsage of job (MB)
	35391348  -  ResidentSetSize of job (KB)
...
006 (7187355.001.000) 08/31 03:29:29 Image size of job updated: 35783736
	34817  -  MemoryUsage of job (MB)
	35652040  -  ResidentSetSize of job (KB)
...
006 (7187355.001.000) 08/31 03:34:30 Image size of job updated: 35842644
	34832  -  MemoryUsage of job (MB)
	35667104  -  ResidentSetSize of job (KB)
...
006 (7187355.001.000) 08/31 03:54:32 Image size of job updated: 35887644
	34952  -  MemoryUsage of job (MB)
	35790608  -  ResidentSetSize of job (KB)
...
006 (7187355.001.000) 08/31 03:59:32 Image size of job updated: 35958096
	34952  -  MemoryUsage of job (MB)
	35790608  -  ResidentSetSize of job (KB)
...
006 (7187355.001.000) 08/31 04:09:33 Image size of job updated: 35958096
	34972  -  MemoryUsage of job (MB)
	35811052  -  ResidentSetSize of job (KB)
...
006 (7187355.001.000) 08/31 04:14:33 Image size of job updated: 35958096
	35044  -  MemoryUsage of job (MB)
	35884156  -  ResidentSetSize of job (KB)
...
006 (7187355.001.000) 08/31 04:19:33 Image size of job updated: 35968660
	35044  -  MemoryUsage of job (MB)
	35884156  -  ResidentSetSize of job (KB)
...
006 (7187355.001.000) 08/31 04:39:35 Image size of job updated: 35968660
	35077  -  MemoryUsage of job (MB)
	35918412  -  ResidentSetSize of job (KB)
...
006 (7187355.001.000) 08/31 04:44:35 Image size of job updated: 36036740
	35077  -  MemoryUsage of job (MB)
	35918412  -  ResidentSetSize of job (KB)
...
006 (7187355.001.000) 08/31 04:49:36 Image size of job updated: 36649240
	35684  -  MemoryUsage of job (MB)
	36539624  -  ResidentSetSize of job (KB)
...
006 (7187355.001.000) 08/31 04:54:36 Image size of job updated: 36743140
	35684  -  MemoryUsage of job (MB)
	36539624  -  ResidentSetSize of job (KB)
...
006 (7187355.001.000) 08/31 04:59:37 Image size of job updated: 36922732
	35724  -  MemoryUsage of job (MB)
	36580840  -  ResidentSetSize of job (KB)
...
006 (7187355.001.000) 08/31 05:04:37 Image size of job updated: 36929772
	35724  -  MemoryUsage of job (MB)
	36580840  -  ResidentSetSize of job (KB)
...
006 (7187355.001.000) 08/31 05:09:38 Image size of job updated: 36929772
	35789  -  MemoryUsage of job (MB)
	36647740  -  ResidentSetSize of job (KB)
...
006 (7187355.001.000) 08/31 05:14:39 Image size of job updated: 36929772
	35985  -  MemoryUsage of job (MB)
	36847664  -  ResidentSetSize of job (KB)
...
006 (7187355.001.000) 08/31 05:19:39 Image size of job updated: 36985432
	35985  -  MemoryUsage of job (MB)
	36847664  -  ResidentSetSize of job (KB)
...
006 (7187355.001.000) 08/31 05:24:40 Image size of job updated: 37152044
	36169  -  MemoryUsage of job (MB)
	37036804  -  ResidentSetSize of job (KB)
...
006 (7187355.001.000) 08/31 05:29:41 Image size of job updated: 37369528
	36468  -  MemoryUsage of job (MB)
	37342688  -  ResidentSetSize of job (KB)
...
006 (7187355.001.000) 08/31 05:34:41 Image size of job updated: 37531036
	36628  -  MemoryUsage of job (MB)
	37506916  -  ResidentSetSize of job (KB)
...
006 (7187355.001.000) 08/31 05:39:41 Image size of job updated: 37586384
	36628  -  MemoryUsage of job (MB)
	37506916  -  ResidentSetSize of job (KB)
...
006 (7187355.001.000) 08/31 06:04:45 Image size of job updated: 37637496
	36650  -  MemoryUsage of job (MB)
	37528840  -  ResidentSetSize of job (KB)
...
006 (7187355.001.000) 08/31 06:09:46 Image size of job updated: 37752792
	36762  -  MemoryUsage of job (MB)
	37643504  -  ResidentSetSize of job (KB)
...
006 (7187355.001.000) 08/31 06:14:47 Image size of job updated: 37870220
	36876  -  MemoryUsage of job (MB)
	37760952  -  ResidentSetSize of job (KB)
...
006 (7187355.001.000) 08/31 06:19:47 Image size of job updated: 37991992
	36990  -  MemoryUsage of job (MB)
	37877012  -  ResidentSetSize of job (KB)
...
006 (7187355.001.000) 08/31 06:24:48 Image size of job updated: 38107400
	37211  -  MemoryUsage of job (MB)
	38103580  -  ResidentSetSize of job (KB)
...
006 (7187355.001.000) 08/31 06:29:48 Image size of job updated: 38171940
	37211  -  MemoryUsage of job (MB)
	38103580  -  ResidentSetSize of job (KB)
...
006 (7187355.001.000) 08/31 06:49:50 Image size of job updated: 38274264
	37211  -  MemoryUsage of job (MB)
	38103580  -  ResidentSetSize of job (KB)
...
006 (7187355.001.000) 08/31 06:54:51 Image size of job updated: 38321116
	37211  -  MemoryUsage of job (MB)
	38103580  -  ResidentSetSize of job (KB)
...
006 (7187355.001.000) 08/31 06:59:51 Image size of job updated: 38455832
	37451  -  MemoryUsage of job (MB)
	38349124  -  ResidentSetSize of job (KB)
...
006 (7187355.001.000) 08/31 07:04:51 Image size of job updated: 38465988
	37559  -  MemoryUsage of job (MB)
	38459488  -  ResidentSetSize of job (KB)
...
006 (7187355.001.000) 08/31 07:09:52 Image size of job updated: 38549120
	37559  -  MemoryUsage of job (MB)
	38459728  -  ResidentSetSize of job (KB)
...
006 (7187355.001.000) 08/31 07:14:53 Image size of job updated: 38651656
	37636  -  MemoryUsage of job (MB)
	38538844  -  ResidentSetSize of job (KB)
...
006 (7187355.001.000) 08/31 07:19:53 Image size of job updated: 38743188
	37636  -  MemoryUsage of job (MB)
	38538844  -  ResidentSetSize of job (KB)
...
006 (7187355.001.000) 08/31 07:59:57 Image size of job updated: 38743188
	37667  -  MemoryUsage of job (MB)
	38570912  -  ResidentSetSize of job (KB)
...
006 (7187355.001.000) 08/31 08:04:58 Image size of job updated: 39082932
	38065  -  MemoryUsage of job (MB)
	38977708  -  ResidentSetSize of job (KB)
...
006 (7187355.001.000) 08/31 08:09:59 Image size of job updated: 39320632
	38281  -  MemoryUsage of job (MB)
	39198772  -  ResidentSetSize of job (KB)
...
006 (7187355.001.000) 08/31 08:15:00 Image size of job updated: 39322832
	38291  -  MemoryUsage of job (MB)
	39209008  -  ResidentSetSize of job (KB)
...
006 (7187355.001.000) 08/31 08:30:00 Image size of job updated: 39342712
	38357  -  MemoryUsage of job (MB)
	39277324  -  ResidentSetSize of job (KB)
...
006 (7187355.001.000) 08/31 08:35:01 Image size of job updated: 39568092
	38530  -  MemoryUsage of job (MB)
	39454008  -  ResidentSetSize of job (KB)
...
006 (7187355.001.000) 08/31 08:40:01 Image size of job updated: 39779424
	38741  -  MemoryUsage of job (MB)
	39669864  -  ResidentSetSize of job (KB)
...
006 (7187355.001.000) 08/31 08:45:01 Image size of job updated: 39890992
	38741  -  MemoryUsage of job (MB)
	39669864  -  ResidentSetSize of job (KB)
...
006 (7187355.001.000) 08/31 08:50:02 Image size of job updated: 39944960
	38741  -  MemoryUsage of job (MB)
	39669864  -  ResidentSetSize of job (KB)
...
006 (7187355.001.000) 08/31 09:05:03 Image size of job updated: 39944960
	38865  -  MemoryUsage of job (MB)
	39797340  -  ResidentSetSize of job (KB)
...
006 (7187355.001.000) 08/31 09:10:04 Image size of job updated: 39986400
	38922  -  MemoryUsage of job (MB)
	39855444  -  ResidentSetSize of job (KB)
...
006 (7187355.001.000) 08/31 09:15:05 Image size of job updated: 40097472
	39030  -  MemoryUsage of job (MB)
	39966564  -  ResidentSetSize of job (KB)
...
006 (7187355.001.000) 08/31 09:20:05 Image size of job updated: 40254060
	39311  -  MemoryUsage of job (MB)
	40254060  -  ResidentSetSize of job (KB)
...
006 (7187355.001.000) 08/31 09:25:06 Image size of job updated: 40481424
	39311  -  MemoryUsage of job (MB)
	40254060  -  ResidentSetSize of job (KB)
...
006 (7187355.001.000) 08/31 09:30:07 Image size of job updated: 40536604
	39311  -  MemoryUsage of job (MB)
	40254060  -  ResidentSetSize of job (KB)
...
006 (7187355.001.000) 08/31 09:45:09 Image size of job updated: 40536604
	39357  -  MemoryUsage of job (MB)
	40301316  -  ResidentSetSize of job (KB)
...
006 (7187355.001.000) 08/31 09:50:09 Image size of job updated: 40695888
	39357  -  MemoryUsage of job (MB)
	40301316  -  ResidentSetSize of job (KB)
...
006 (7187355.001.000) 08/31 09:55:10 Image size of job updated: 40862284
	39898  -  MemoryUsage of job (MB)
	40855432  -  ResidentSetSize of job (KB)
...
006 (7187355.001.000) 08/31 10:00:11 Image size of job updated: 40971144
	39903  -  MemoryUsage of job (MB)
	40860396  -  ResidentSetSize of job (KB)
...
006 (7187355.001.000) 08/31 10:05:11 Image size of job updated: 41021668
	39951  -  MemoryUsage of job (MB)
	40909796  -  ResidentSetSize of job (KB)
...
006 (7187355.001.000) 08/31 10:10:11 Image size of job updated: 41023964
	39951  -  MemoryUsage of job (MB)
	40909796  -  ResidentSetSize of job (KB)
...
006 (7187355.001.000) 08/31 10:15:12 Image size of job updated: 41070152
	39951  -  MemoryUsage of job (MB)
	40909796  -  ResidentSetSize of job (KB)
...
006 (7187355.001.000) 08/31 10:30:13 Image size of job updated: 41179024
	40114  -  MemoryUsage of job (MB)
	41076200  -  ResidentSetSize of job (KB)
...
006 (7187355.001.000) 08/31 10:35:13 Image size of job updated: 41281840
	40114  -  MemoryUsage of job (MB)
	41076200  -  ResidentSetSize of job (KB)
...
006 (7187355.001.000) 08/31 10:40:13 Image size of job updated: 41461868
	40382  -  MemoryUsage of job (MB)
	41350316  -  ResidentSetSize of job (KB)
...
006 (7187355.001.000) 08/31 10:45:14 Image size of job updated: 41465552
	40382  -  MemoryUsage of job (MB)
	41350316  -  ResidentSetSize of job (KB)
...
006 (7187355.001.000) 08/31 10:50:15 Image size of job updated: 41590356
	40515  -  MemoryUsage of job (MB)
	41487284  -  ResidentSetSize of job (KB)
...
006 (7187355.001.000) 08/31 10:55:16 Image size of job updated: 41599412
	40515  -  MemoryUsage of job (MB)
	41487284  -  ResidentSetSize of job (KB)
...
006 (7187355.001.000) 08/31 11:10:17 Image size of job updated: 41708624
	40732  -  MemoryUsage of job (MB)
	41708624  -  ResidentSetSize of job (KB)
...
006 (7187355.001.000) 08/31 11:15:17 Image size of job updated: 41897736
	40732  -  MemoryUsage of job (MB)
	41708624  -  ResidentSetSize of job (KB)
...
006 (7187355.001.000) 08/31 11:20:17 Image size of job updated: 42034132
	40924  -  MemoryUsage of job (MB)
	41905908  -  ResidentSetSize of job (KB)
...
006 (7187355.001.000) 08/31 11:25:18 Image size of job updated: 42127252
	40940  -  MemoryUsage of job (MB)
	41922056  -  ResidentSetSize of job (KB)
...
006 (7187355.001.000) 08/31 11:35:18 Image size of job updated: 42127252
	40993  -  MemoryUsage of job (MB)
	41976732  -  ResidentSetSize of job (KB)
...
006 (7187355.001.000) 08/31 11:40:19 Image size of job updated: 42127252
	40995  -  MemoryUsage of job (MB)
	41978012  -  ResidentSetSize of job (KB)
...
006 (7187355.001.000) 08/31 11:45:19 Image size of job updated: 42314532
	41318  -  MemoryUsage of job (MB)
	42308624  -  ResidentSetSize of job (KB)
...
006 (7187355.001.000) 08/31 11:50:19 Image size of job updated: 42407284
	41318  -  MemoryUsage of job (MB)
	42308624  -  ResidentSetSize of job (KB)
...
006 (7187355.001.000) 08/31 11:55:20 Image size of job updated: 42588348
	41524  -  MemoryUsage of job (MB)
	42520496  -  ResidentSetSize of job (KB)
...
006 (7187355.001.000) 08/31 12:00:20 Image size of job updated: 42679192
	41524  -  MemoryUsage of job (MB)
	42520496  -  ResidentSetSize of job (KB)
...
006 (7187355.001.000) 08/31 12:30:23 Image size of job updated: 42679192
	41544  -  MemoryUsage of job (MB)
	42540472  -  ResidentSetSize of job (KB)
...
006 (7187355.001.000) 08/31 12:35:23 Image size of job updated: 42734752
	41730  -  MemoryUsage of job (MB)
	42730612  -  ResidentSetSize of job (KB)
...
006 (7187355.001.000) 08/31 12:40:24 Image size of job updated: 42847472
	41730  -  MemoryUsage of job (MB)
	42730612  -  ResidentSetSize of job (KB)
...
006 (7187355.001.000) 08/31 12:55:25 Image size of job updated: 42969544
	41834  -  MemoryUsage of job (MB)
	42837452  -  ResidentSetSize of job (KB)
...
006 (7187355.001.000) 08/31 13:00:26 Image size of job updated: 43070532
	41912  -  MemoryUsage of job (MB)
	42917040  -  ResidentSetSize of job (KB)
...
006 (7187355.001.000) 08/31 13:05:27 Image size of job updated: 43219900
	42055  -  MemoryUsage of job (MB)
	43063472  -  ResidentSetSize of job (KB)
...
006 (7187355.001.000) 08/31 13:10:27 Image size of job updated: 43390772
	42371  -  MemoryUsage of job (MB)
	43387676  -  ResidentSetSize of job (KB)
...
006 (7187355.001.000) 08/31 13:15:28 Image size of job updated: 43392540
	42371  -  MemoryUsage of job (MB)
	43387676  -  ResidentSetSize of job (KB)
...
006 (7187355.001.000) 08/31 13:35:30 Image size of job updated: 43551940
	42484  -  MemoryUsage of job (MB)
	43503184  -  ResidentSetSize of job (KB)
...
006 (7187355.001.000) 08/31 13:40:31 Image size of job updated: 43610100
	42540  -  MemoryUsage of job (MB)
	43560328  -  ResidentSetSize of job (KB)
...
006 (7187355.001.000) 08/31 13:45:31 Image size of job updated: 43733284
	42557  -  MemoryUsage of job (MB)
	43577728  -  ResidentSetSize of job (KB)
...
006 (7187355.001.000) 08/31 13:50:32 Image size of job updated: 43766280
	42715  -  MemoryUsage of job (MB)
	43739752  -  ResidentSetSize of job (KB)
...
006 (7187355.001.000) 08/31 13:55:33 Image size of job updated: 43918276
	42886  -  MemoryUsage of job (MB)
	43914524  -  ResidentSetSize of job (KB)
...
006 (7187355.001.000) 08/31 14:00:33 Image size of job updated: 44015860
	42886  -  MemoryUsage of job (MB)
	43914524  -  ResidentSetSize of job (KB)
...
006 (7187355.001.000) 08/31 14:15:34 Image size of job updated: 44015860
	42907  -  MemoryUsage of job (MB)
	43935760  -  ResidentSetSize of job (KB)
...
006 (7187355.001.000) 08/31 14:20:35 Image size of job updated: 44111996
	43079  -  MemoryUsage of job (MB)
	44111996  -  ResidentSetSize of job (KB)
...
006 (7187355.001.000) 08/31 14:25:36 Image size of job updated: 44220724
	43079  -  MemoryUsage of job (MB)
	44111996  -  ResidentSetSize of job (KB)
...
006 (7187355.001.000) 08/31 14:30:36 Image size of job updated: 44399820
	43331  -  MemoryUsage of job (MB)
	44370076  -  ResidentSetSize of job (KB)
...
006 (7187355.001.000) 08/31 14:35:37 Image size of job updated: 44498788
	43331  -  MemoryUsage of job (MB)
	44370076  -  ResidentSetSize of job (KB)
...
006 (7187355.001.000) 08/31 14:40:38 Image size of job updated: 44574468
	43331  -  MemoryUsage of job (MB)
	44370076  -  ResidentSetSize of job (KB)
...
006 (7187355.001.000) 08/31 14:45:38 Image size of job updated: 44873536
	43416  -  MemoryUsage of job (MB)
	44457792  -  ResidentSetSize of job (KB)
...
006 (7187355.001.000) 08/31 14:50:39 Image size of job updated: 45131776
	43978  -  MemoryUsage of job (MB)
	45033024  -  ResidentSetSize of job (KB)
...
006 (7187355.001.000) 08/31 14:55:39 Image size of job updated: 45260312
	44089  -  MemoryUsage of job (MB)
	45146568  -  ResidentSetSize of job (KB)
...
006 (7187355.001.000) 08/31 15:00:39 Image size of job updated: 45482328
	44189  -  MemoryUsage of job (MB)
	45248712  -  ResidentSetSize of job (KB)
...
006 (7187355.001.000) 08/31 15:05:40 Image size of job updated: 45594876
	44189  -  MemoryUsage of job (MB)
	45248712  -  ResidentSetSize of job (KB)
...
006 (7187355.001.000) 08/31 15:20:41 Image size of job updated: 45595028
	44433  -  MemoryUsage of job (MB)
	45498680  -  ResidentSetSize of job (KB)
...
006 (7187355.001.000) 08/31 15:25:42 Image size of job updated: 45672100
	44433  -  MemoryUsage of job (MB)
	45498680  -  ResidentSetSize of job (KB)
...
006 (7187355.001.000) 08/31 15:30:42 Image size of job updated: 45892844
	44705  -  MemoryUsage of job (MB)
	45777460  -  ResidentSetSize of job (KB)
...
006 (7187355.001.000) 08/31 15:35:43 Image size of job updated: 45949740
	44705  -  MemoryUsage of job (MB)
	45777460  -  ResidentSetSize of job (KB)
...
006 (7187355.001.000) 08/31 15:40:44 Image size of job updated: 46010696
	44843  -  MemoryUsage of job (MB)
	45918604  -  ResidentSetSize of job (KB)
...
006 (7187355.001.000) 08/31 15:45:44 Image size of job updated: 46123744
	44921  -  MemoryUsage of job (MB)
	45998696  -  ResidentSetSize of job (KB)
...
006 (7187355.001.000) 08/31 15:50:45 Image size of job updated: 46130088
	44921  -  MemoryUsage of job (MB)
	45998696  -  ResidentSetSize of job (KB)
...
006 (7187355.001.000) 08/31 16:40:50 Image size of job updated: 46130088
	44994  -  MemoryUsage of job (MB)
	46073544  -  ResidentSetSize of job (KB)
...
006 (7187355.001.000) 08/31 16:45:51 Image size of job updated: 46176356
	45060  -  MemoryUsage of job (MB)
	46141036  -  ResidentSetSize of job (KB)
...
006 (7187355.001.000) 08/31 16:50:50 Image size of job updated: 46252812
	45081  -  MemoryUsage of job (MB)
	46161956  -  ResidentSetSize of job (KB)
...
006 (7187355.001.000) 08/31 16:55:51 Image size of job updated: 46349436
	45165  -  MemoryUsage of job (MB)
	46248132  -  ResidentSetSize of job (KB)
...
006 (7187355.001.000) 08/31 17:00:51 Image size of job updated: 46408168
	45192  -  MemoryUsage of job (MB)
	46276048  -  ResidentSetSize of job (KB)
...
006 (7187355.001.000) 08/31 17:05:52 Image size of job updated: 46497612
	45298  -  MemoryUsage of job (MB)
	46384720  -  ResidentSetSize of job (KB)
...
006 (7187355.001.000) 08/31 17:10:52 Image size of job updated: 46635328
	45435  -  MemoryUsage of job (MB)
	46524868  -  ResidentSetSize of job (KB)
...
006 (7187355.001.000) 08/31 17:15:53 Image size of job updated: 46727604
	45435  -  MemoryUsage of job (MB)
	46524868  -  ResidentSetSize of job (KB)
...
006 (7187355.001.000) 08/31 17:20:54 Image size of job updated: 46819576
	45435  -  MemoryUsage of job (MB)
	46524868  -  ResidentSetSize of job (KB)
...
006 (7187355.001.000) 08/31 17:25:54 Image size of job updated: 46911064
	45435  -  MemoryUsage of job (MB)
	46524868  -  ResidentSetSize of job (KB)
...
006 (7187355.001.000) 08/31 17:30:55 Image size of job updated: 47005016
	45605  -  MemoryUsage of job (MB)
	46698708  -  ResidentSetSize of job (KB)
...
006 (7187355.001.000) 08/31 17:35:56 Image size of job updated: 47232060
	46014  -  MemoryUsage of job (MB)
	47118120  -  ResidentSetSize of job (KB)
...
006 (7187355.001.000) 08/31 18:11:00 Image size of job updated: 47258468
	46107  -  MemoryUsage of job (MB)
	47213472  -  ResidentSetSize of job (KB)
...
006 (7187355.001.000) 08/31 18:16:01 Image size of job updated: 47285572
	46149  -  MemoryUsage of job (MB)
	47256480  -  ResidentSetSize of job (KB)
...
006 (7187355.001.000) 08/31 18:36:04 Image size of job updated: 47299412
	46149  -  MemoryUsage of job (MB)
	47256480  -  ResidentSetSize of job (KB)
...
006 (7187355.001.000) 08/31 18:41:04 Image size of job updated: 47448236
	46149  -  MemoryUsage of job (MB)
	47256480  -  ResidentSetSize of job (KB)
...
006 (7187355.001.000) 08/31 18:46:05 Image size of job updated: 48191168
	46681  -  MemoryUsage of job (MB)
	47800808  -  ResidentSetSize of job (KB)
...
006 (7187355.001.000) 08/31 18:51:05 Image size of job updated: 48293768
	47162  -  MemoryUsage of job (MB)
	48293768  -  ResidentSetSize of job (KB)
...
006 (7187355.001.000) 08/31 18:56:06 Image size of job updated: 48306308
	47162  -  MemoryUsage of job (MB)
	48293768  -  ResidentSetSize of job (KB)
...
006 (7187355.001.000) 08/31 19:11:07 Image size of job updated: 48372484
	47170  -  MemoryUsage of job (MB)
	48301864  -  ResidentSetSize of job (KB)
...
006 (7187355.001.000) 08/31 19:16:08 Image size of job updated: 48591436
	47170  -  MemoryUsage of job (MB)
	48301864  -  ResidentSetSize of job (KB)
...
006 (7187355.001.000) 08/31 19:21:09 Image size of job updated: 48703448
	47435  -  MemoryUsage of job (MB)
	48572704  -  ResidentSetSize of job (KB)
...
006 (7187355.001.000) 08/31 19:26:09 Image size of job updated: 48815280
	47435  -  MemoryUsage of job (MB)
	48572704  -  ResidentSetSize of job (KB)
...
006 (7187355.001.000) 08/31 19:31:10 Image size of job updated: 48872256
	47435  -  MemoryUsage of job (MB)
	48572704  -  ResidentSetSize of job (KB)
...
006 (7187355.001.000) 08/31 19:51:12 Image size of job updated: 48904888
	47653  -  MemoryUsage of job (MB)
	48796168  -  ResidentSetSize of job (KB)
...
006 (7187355.001.000) 08/31 19:56:12 Image size of job updated: 49022224
	47841  -  MemoryUsage of job (MB)
	48988512  -  ResidentSetSize of job (KB)
...
006 (7187355.001.000) 08/31 20:01:12 Image size of job updated: 49091176
	47899  -  MemoryUsage of job (MB)
	49048428  -  ResidentSetSize of job (KB)
...
006 (7187355.001.000) 08/31 20:06:13 Image size of job updated: 49255140
	47995  -  MemoryUsage of job (MB)
	49146352  -  ResidentSetSize of job (KB)
...
006 (7187355.001.000) 08/31 20:11:13 Image size of job updated: 49269836
	47995  -  MemoryUsage of job (MB)
	49146352  -  ResidentSetSize of job (KB)
...
006 (7187355.001.000) 08/31 20:16:14 Image size of job updated: 49408732
	47995  -  MemoryUsage of job (MB)
	49146352  -  ResidentSetSize of job (KB)
...
006 (7187355.001.000) 08/31 20:46:17 Image size of job updated: 49408732
	48134  -  MemoryUsage of job (MB)
	49289076  -  ResidentSetSize of job (KB)
...
006 (7187355.001.000) 08/31 20:51:18 Image size of job updated: 49408732
	48209  -  MemoryUsage of job (MB)
	49365804  -  ResidentSetSize of job (KB)
...
006 (7187355.001.000) 08/31 20:56:18 Image size of job updated: 49449992
	48209  -  MemoryUsage of job (MB)
	49365804  -  ResidentSetSize of job (KB)
...
006 (7187355.001.000) 08/31 21:01:19 Image size of job updated: 49892396
	48609  -  MemoryUsage of job (MB)
	49775484  -  ResidentSetSize of job (KB)
...
006 (7187355.001.000) 08/31 21:06:19 Image size of job updated: 49939788
	48609  -  MemoryUsage of job (MB)
	49775484  -  ResidentSetSize of job (KB)
...
006 (7187355.001.000) 08/31 21:26:21 Image size of job updated: 50008896
	48817  -  MemoryUsage of job (MB)
	49988512  -  ResidentSetSize of job (KB)
...
006 (7187355.001.000) 08/31 21:31:22 Image size of job updated: 50189704
	48817  -  MemoryUsage of job (MB)
	49988512  -  ResidentSetSize of job (KB)
...
006 (7187355.001.000) 08/31 21:36:22 Image size of job updated: 50263844
	49086  -  MemoryUsage of job (MB)
	50263844  -  ResidentSetSize of job (KB)
...
006 (7187355.001.000) 08/31 21:41:22 Image size of job updated: 50422728
	49086  -  MemoryUsage of job (MB)
	50263844  -  ResidentSetSize of job (KB)
...
006 (7187355.001.000) 08/31 21:46:23 Image size of job updated: 50514608
	49086  -  MemoryUsage of job (MB)
	50263844  -  ResidentSetSize of job (KB)
...
006 (7187355.001.000) 08/31 21:56:24 Image size of job updated: 50514608
	49196  -  MemoryUsage of job (MB)
	50376432  -  ResidentSetSize of job (KB)
...
006 (7187355.001.000) 08/31 22:06:25 Image size of job updated: 50537864
	49196  -  MemoryUsage of job (MB)
	50376432  -  ResidentSetSize of job (KB)
...
006 (7187355.001.000) 08/31 22:16:26 Image size of job updated: 50537864
	49259  -  MemoryUsage of job (MB)
	50440524  -  ResidentSetSize of job (KB)
...
006 (7187355.001.000) 08/31 22:21:27 Image size of job updated: 50684496
	49259  -  MemoryUsage of job (MB)
	50440524  -  ResidentSetSize of job (KB)
...
006 (7187355.001.000) 08/31 22:31:29 Image size of job updated: 50684496
	49348  -  MemoryUsage of job (MB)
	50531980  -  ResidentSetSize of job (KB)
...
006 (7187355.001.000) 08/31 22:36:29 Image size of job updated: 50714604
	49348  -  MemoryUsage of job (MB)
	50531980  -  ResidentSetSize of job (KB)
...
006 (7187355.001.000) 08/31 22:41:30 Image size of job updated: 50817384
	49625  -  MemoryUsage of job (MB)
	50815464  -  ResidentSetSize of job (KB)
...
006 (7187355.001.000) 08/31 22:46:30 Image size of job updated: 51317132
	50009  -  MemoryUsage of job (MB)
	51208476  -  ResidentSetSize of job (KB)
...
006 (7187355.001.000) 08/31 22:51:31 Image size of job updated: 51364944
	50009  -  MemoryUsage of job (MB)
	51208476  -  ResidentSetSize of job (KB)
...
006 (7187355.001.000) 08/31 22:56:31 Image size of job updated: 51579544
	50249  -  MemoryUsage of job (MB)
	51454092  -  ResidentSetSize of job (KB)
...
006 (7187355.001.000) 08/31 23:01:31 Image size of job updated: 51743880
	50419  -  MemoryUsage of job (MB)
	51628136  -  ResidentSetSize of job (KB)
...
006 (7187355.001.000) 08/31 23:06:32 Image size of job updated: 51743892
	50419  -  MemoryUsage of job (MB)
	51628136  -  ResidentSetSize of job (KB)
...
006 (7187355.001.000) 08/31 23:31:34 Image size of job updated: 51982876
	50434  -  MemoryUsage of job (MB)
	51643844  -  ResidentSetSize of job (KB)
...
006 (7187355.001.000) 08/31 23:36:34 Image size of job updated: 52075840
	50749  -  MemoryUsage of job (MB)
	51966148  -  ResidentSetSize of job (KB)
...
006 (7187355.001.000) 08/31 23:41:34 Image size of job updated: 52078588
	50749  -  MemoryUsage of job (MB)
	51966148  -  ResidentSetSize of job (KB)
...
006 (7187355.001.000) 08/31 23:46:35 Image size of job updated: 52153296
	50931  -  MemoryUsage of job (MB)
	52153296  -  ResidentSetSize of job (KB)
...
006 (7187355.001.000) 08/31 23:51:35 Image size of job updated: 52261512
	50931  -  MemoryUsage of job (MB)
	52153296  -  ResidentSetSize of job (KB)
...
006 (7187355.001.000) 09/01 00:21:38 Image size of job updated: 52269736
	50996  -  MemoryUsage of job (MB)
	52219120  -  ResidentSetSize of job (KB)
...
006 (7187355.001.000) 09/01 00:26:38 Image size of job updated: 52374464
	51117  -  MemoryUsage of job (MB)
	52343464  -  ResidentSetSize of job (KB)
...
006 (7187355.001.000) 09/01 00:31:38 Image size of job updated: 52426328
	51154  -  MemoryUsage of job (MB)
	52381188  -  ResidentSetSize of job (KB)
...
006 (7187355.001.000) 09/01 00:51:40 Image size of job updated: 52473860
	51154  -  MemoryUsage of job (MB)
	52381188  -  ResidentSetSize of job (KB)
...
006 (7187355.001.000) 09/01 00:56:40 Image size of job updated: 52573932
	51293  -  MemoryUsage of job (MB)
	52523704  -  ResidentSetSize of job (KB)
...
006 (7187355.001.000) 09/01 01:01:41 Image size of job updated: 52749336
	51471  -  MemoryUsage of job (MB)
	52705296  -  ResidentSetSize of job (KB)
...
006 (7187355.001.000) 09/01 01:06:41 Image size of job updated: 52877988
	51636  -  MemoryUsage of job (MB)
	52874492  -  ResidentSetSize of job (KB)
...
006 (7187355.001.000) 09/01 01:11:41 Image size of job updated: 53006784
	51636  -  MemoryUsage of job (MB)
	52874492  -  ResidentSetSize of job (KB)
...
006 (7187355.001.000) 09/01 01:26:43 Image size of job updated: 53006784
	51754  -  MemoryUsage of job (MB)
	52995152  -  ResidentSetSize of job (KB)
...
006 (7187355.001.000) 09/01 01:31:44 Image size of job updated: 53669072
	52388  -  MemoryUsage of job (MB)
	53644832  -  ResidentSetSize of job (KB)
...
006 (7187355.001.000) 09/01 01:36:45 Image size of job updated: 53780920
	52414  -  MemoryUsage of job (MB)
	53671176  -  ResidentSetSize of job (KB)
...
006 (7187355.001.000) 09/01 01:41:46 Image size of job updated: 53922260
	52659  -  MemoryUsage of job (MB)
	53922260  -  ResidentSetSize of job (KB)
...
006 (7187355.001.000) 09/01 01:46:46 Image size of job updated: 54058044
	52659  -  MemoryUsage of job (MB)
	53922260  -  ResidentSetSize of job (KB)
...
006 (7187355.001.000) 09/01 02:01:47 Image size of job updated: 54177956
	52886  -  MemoryUsage of job (MB)
	54154776  -  ResidentSetSize of job (KB)
...
006 (7187355.001.000) 09/01 02:06:48 Image size of job updated: 54281444
	53010  -  MemoryUsage of job (MB)
	54281444  -  ResidentSetSize of job (KB)
...
006 (7187355.001.000) 09/01 02:11:49 Image size of job updated: 54567800
	53178  -  MemoryUsage of job (MB)
	54453800  -  ResidentSetSize of job (KB)
...
006 (7187355.001.000) 09/01 02:16:49 Image size of job updated: 54622624
	53178  -  MemoryUsage of job (MB)
	54453800  -  ResidentSetSize of job (KB)
...
006 (7187355.001.000) 09/01 02:26:51 Image size of job updated: 54622624
	53284  -  MemoryUsage of job (MB)
	54561940  -  ResidentSetSize of job (KB)
...
006 (7187355.001.000) 09/01 02:31:52 Image size of job updated: 54754576
	53410  -  MemoryUsage of job (MB)
	54691180  -  ResidentSetSize of job (KB)
...
006 (7187355.001.000) 09/01 02:36:52 Image size of job updated: 54813276
	53431  -  MemoryUsage of job (MB)
	54712868  -  ResidentSetSize of job (KB)
...
006 (7187355.001.000) 09/01 02:41:53 Image size of job updated: 54981432
	53592  -  MemoryUsage of job (MB)
	54877892  -  ResidentSetSize of job (KB)
...
006 (7187355.001.000) 09/01 02:46:53 Image size of job updated: 54981432
	53592  -  MemoryUsage of job (MB)
	54878148  -  ResidentSetSize of job (KB)
...
006 (7187355.001.000) 09/01 03:16:57 Image size of job updated: 55342344
	53702  -  MemoryUsage of job (MB)
	54990204  -  ResidentSetSize of job (KB)
...
006 (7187355.001.000) 09/01 03:21:58 Image size of job updated: 55435872
	53806  -  MemoryUsage of job (MB)
	55097260  -  ResidentSetSize of job (KB)
...
006 (7187355.001.000) 09/01 03:26:58 Image size of job updated: 55515680
	54115  -  MemoryUsage of job (MB)
	55413676  -  ResidentSetSize of job (KB)
...
006 (7187355.001.000) 09/01 03:31:59 Image size of job updated: 55664768
	54115  -  MemoryUsage of job (MB)
	55413676  -  ResidentSetSize of job (KB)
...
006 (7187355.001.000) 09/01 03:47:00 Image size of job updated: 55664768
	54156  -  MemoryUsage of job (MB)
	55454940  -  ResidentSetSize of job (KB)
...
006 (7187355.001.000) 09/01 03:52:01 Image size of job updated: 55680608
	54264  -  MemoryUsage of job (MB)
	55565468  -  ResidentSetSize of job (KB)
...
006 (7187355.001.000) 09/01 03:57:01 Image size of job updated: 55805316
	54397  -  MemoryUsage of job (MB)
	55702492  -  ResidentSetSize of job (KB)
...
006 (7187355.001.000) 09/01 04:02:02 Image size of job updated: 55910592
	54397  -  MemoryUsage of job (MB)
	55702492  -  ResidentSetSize of job (KB)
...
006 (7187355.001.000) 09/01 04:07:03 Image size of job updated: 55913288
	54533  -  MemoryUsage of job (MB)
	55841680  -  ResidentSetSize of job (KB)
...
006 (7187355.001.000) 09/01 04:12:04 Image size of job updated: 56000304
	54533  -  MemoryUsage of job (MB)
	55841680  -  ResidentSetSize of job (KB)
...
006 (7187355.001.000) 09/01 04:17:04 Image size of job updated: 56139052
	54710  -  MemoryUsage of job (MB)
	56022700  -  ResidentSetSize of job (KB)
...
006 (7187355.001.000) 09/01 04:22:04 Image size of job updated: 56231248
	54711  -  MemoryUsage of job (MB)
	56023532  -  ResidentSetSize of job (KB)
...
006 (7187355.001.000) 09/01 04:47:07 Image size of job updated: 56661588
	55233  -  MemoryUsage of job (MB)
	56558256  -  ResidentSetSize of job (KB)
...
006 (7187355.001.000) 09/01 04:52:07 Image size of job updated: 56810772
	55337  -  MemoryUsage of job (MB)
	56665008  -  ResidentSetSize of job (KB)
...
006 (7187355.001.000) 09/01 05:07:08 Image size of job updated: 56967508
	55530  -  MemoryUsage of job (MB)
	56862376  -  ResidentSetSize of job (KB)
...
006 (7187355.001.000) 09/01 05:12:09 Image size of job updated: 57113372
	55667  -  MemoryUsage of job (MB)
	57002920  -  ResidentSetSize of job (KB)
...
006 (7187355.001.000) 09/01 05:17:10 Image size of job updated: 57119696
	55771  -  MemoryUsage of job (MB)
	57109160  -  ResidentSetSize of job (KB)
...
006 (7187355.001.000) 09/01 05:22:10 Image size of job updated: 57299788
	55847  -  MemoryUsage of job (MB)
	57187320  -  ResidentSetSize of job (KB)
...
006 (7187355.001.000) 09/01 05:27:11 Image size of job updated: 57348464
	55848  -  MemoryUsage of job (MB)
	57187576  -  ResidentSetSize of job (KB)
...
006 (7187355.001.000) 09/01 05:42:12 Image size of job updated: 57493892
	56033  -  MemoryUsage of job (MB)
	57376968  -  ResidentSetSize of job (KB)
...
006 (7187355.001.000) 09/01 05:47:13 Image size of job updated: 57710828
	56299  -  MemoryUsage of job (MB)
	57649656  -  ResidentSetSize of job (KB)
...
006 (7187355.001.000) 09/01 05:52:13 Image size of job updated: 58037240
	56565  -  MemoryUsage of job (MB)
	57922352  -  ResidentSetSize of job (KB)
...
006 (7187355.001.000) 09/01 05:57:14 Image size of job updated: 58090792
	56565  -  MemoryUsage of job (MB)
	57922352  -  ResidentSetSize of job (KB)
...
006 (7187355.001.000) 09/01 06:27:16 Image size of job updated: 58366728
	56578  -  MemoryUsage of job (MB)
	57935208  -  ResidentSetSize of job (KB)
...
006 (7187355.001.000) 09/01 06:32:17 Image size of job updated: 58480832
	56586  -  MemoryUsage of job (MB)
	57943624  -  ResidentSetSize of job (KB)
...
006 (7187355.001.000) 09/01 06:37:17 Image size of job updated: 58480832
	56785  -  MemoryUsage of job (MB)
	58147380  -  ResidentSetSize of job (KB)
...
006 (7187355.001.000) 09/01 06:42:18 Image size of job updated: 58480832
	57088  -  MemoryUsage of job (MB)
	58457568  -  ResidentSetSize of job (KB)
...
006 (7187355.001.000) 09/01 06:47:18 Image size of job updated: 58662532
	57088  -  MemoryUsage of job (MB)
	58457568  -  ResidentSetSize of job (KB)
...
006 (7187355.001.000) 09/01 06:52:19 Image size of job updated: 58861188
	57132  -  MemoryUsage of job (MB)
	58502732  -  ResidentSetSize of job (KB)
...
006 (7187355.001.000) 09/01 06:57:20 Image size of job updated: 58864036
	57137  -  MemoryUsage of job (MB)
	58507284  -  ResidentSetSize of job (KB)
...
006 (7187355.001.000) 09/01 08:27:31 Image size of job updated: 58864036
	57243  -  MemoryUsage of job (MB)
	58616100  -  ResidentSetSize of job (KB)
...
006 (7187355.001.000) 09/01 09:07:34 Image size of job updated: 58864036
	57243  -  MemoryUsage of job (MB)
	58616656  -  ResidentSetSize of job (KB)
...
006 (7187355.001.000) 09/01 09:12:34 Image size of job updated: 58864036
	57377  -  MemoryUsage of job (MB)
	58753416  -  ResidentSetSize of job (KB)
...
006 (7187355.001.000) 09/01 09:17:34 Image size of job updated: 58956020
	57377  -  MemoryUsage of job (MB)
	58753416  -  ResidentSetSize of job (KB)
...
006 (7187355.001.000) 09/01 09:52:40 Image size of job updated: 59018800
	57465  -  MemoryUsage of job (MB)
	58843496  -  ResidentSetSize of job (KB)
...
006 (7187355.001.000) 09/01 10:07:42 Image size of job updated: 59018800
	57604  -  MemoryUsage of job (MB)
	58986140  -  ResidentSetSize of job (KB)
...
006 (7187355.001.000) 09/01 10:57:46 Image size of job updated: 59067740
	57604  -  MemoryUsage of job (MB)
	58986140  -  ResidentSetSize of job (KB)
...
006 (7187355.001.000) 09/01 11:02:47 Image size of job updated: 59160556
	57604  -  MemoryUsage of job (MB)
	58986140  -  ResidentSetSize of job (KB)
...
006 (7187355.001.000) 09/01 11:27:50 Image size of job updated: 59160556
	57609  -  MemoryUsage of job (MB)
	58991280  -  ResidentSetSize of job (KB)
...
006 (7187355.001.000) 09/01 11:32:50 Image size of job updated: 59189272
	57695  -  MemoryUsage of job (MB)
	59079104  -  ResidentSetSize of job (KB)
...
006 (7187355.001.000) 09/01 11:37:51 Image size of job updated: 59234360
	57840  -  MemoryUsage of job (MB)
	59227868  -  ResidentSetSize of job (KB)
...
006 (7187355.001.000) 09/01 11:42:51 Image size of job updated: 59369100
	57840  -  MemoryUsage of job (MB)
	59227868  -  ResidentSetSize of job (KB)
...
006 (7187355.001.000) 09/01 11:47:52 Image size of job updated: 59462020
	57840  -  MemoryUsage of job (MB)
	59227868  -  ResidentSetSize of job (KB)
...
006 (7187355.001.000) 09/01 17:38:29 Image size of job updated: 59462020
	58042  -  MemoryUsage of job (MB)
	59434620  -  ResidentSetSize of job (KB)
...
006 (7187355.001.000) 09/01 17:43:30 Image size of job updated: 59890412
	58487  -  MemoryUsage of job (MB)
	59890412  -  ResidentSetSize of job (KB)
...
006 (7187355.001.000) 09/01 17:48:30 Image size of job updated: 60370176
	58956  -  MemoryUsage of job (MB)
	60370176  -  ResidentSetSize of job (KB)
...
006 (7187355.001.000) 09/01 17:53:30 Image size of job updated: 60757500
	58957  -  MemoryUsage of job (MB)
	60371968  -  ResidentSetSize of job (KB)
...
006 (7187355.001.000) 09/01 18:08:31 Image size of job updated: 60757500
	59020  -  MemoryUsage of job (MB)
	60435796  -  ResidentSetSize of job (KB)
...
006 (7187355.001.000) 09/01 18:13:32 Image size of job updated: 61146400
	59714  -  MemoryUsage of job (MB)
	61146400  -  ResidentSetSize of job (KB)
...
006 (7187355.001.000) 09/01 18:18:33 Image size of job updated: 61853692
	60404  -  MemoryUsage of job (MB)
	61853692  -  ResidentSetSize of job (KB)
...
006 (7187355.001.000) 09/01 18:19:31 Image size of job updated: 61908800
	60408  -  MemoryUsage of job (MB)
	61857532  -  ResidentSetSize of job (KB)
...
040 (7187355.001.000) 09/01 18:19:33 Started transferring output files
...
040 (7187355.001.000) 09/01 18:19:33 Finished transferring output files
...
005 (7187355.001.000) 09/01 18:19:35 Job terminated.
	(1) Normal termination (return value 0)
		Usr 1 18:58:15, Sys 0 04:17:02  -  Run Remote Usage
		Usr 0 00:00:00, Sys 0 00:00:00  -  Run Local Usage
		Usr 1 18:58:15, Sys 0 04:17:02  -  Total Remote Usage
		Usr 0 00:00:00, Sys 0 00:00:00  -  Total Local Usage
	718865  -  Run Bytes Sent By Job
	2919  -  Run Bytes Received By Job
	718865  -  Total Bytes Sent By Job
	2919  -  Total Bytes Received By Job
	Partitionable Resources :       Usage  Request Allocated Assigned
	   Cpus                 :        1.00        1         1 
	   Disk (KB)            : 12811734           3    318757 
	   Gpus (Average)       :        0.03        1         1 "GPU-9576d3f1"
	   GpusMemory (MB)      :     3147                       
	   Memory (MB)          :    60408        2000      2000 

	Job terminated of its own accord at 2024-09-01T16:19:31Z with exit-code 0.
...
