000 (7187355.004.000) 08/26 08:01:39 Job submitted from host: <137.138.44.55:9618?addrs=137.138.44.55-9618+[2001-1458-d00-1a--48]-9618&alias=bigbird17.cern.ch&noUDP&sock=schedd_23962_8474>
...
040 (7187355.004.000) 08/30 19:37:08 Started transferring input files
	Transferring to host: <188.185.92.156:9618?addrs=188.185.92.156-9618+[2001-1458-d00-6c--100-10]-9618&alias=b9g57n5454.cern.ch&noUDP&sock=slot1_1_180816_fab2_72522>
...
040 (7187355.004.000) 08/30 19:37:08 Finished transferring input files
...
001 (7187355.004.000) 08/30 19:37:09 Job executing on host: <188.185.92.156:9618?addrs=188.185.92.156-9618+[2001-1458-d00-6c--100-10]-9618&alias=b9g57n5454.cern.ch&noUDP&sock=startd_151053_5f57>
	SlotName: slot1_1@b9g57n5454.cern.ch
	AvailableGPUs = { GPUs_GPU_d2642622 }
	CondorScratchDir = "/pool/condor/dir_889414"
	Cpus = 1
	Disk = 331578
	GPUs = 1
	GPUs_GPU_d2642622 = [ GlobalMemoryMb = 40326; MaxSupportedVersion = 12040; DriverVersion = 12.4; DeviceUuid = "d2642622-6ee9-8711-70c1-34935a235a2a"; DeviceName = "NVIDIA A100-PCIE-40GB"; CoresPerCU = 64; ECCEnabled = true; ComputeUnits = 108; ClockMhz = 1410.0; Id = "GPU-d2642622"; DevicePciBusId = "0000:06:00.0"; Capability = 8.0 ]
	Memory = 2000
...
006 (7187355.004.000) 08/30 19:37:17 Image size of job updated: 66734272
	11425  -  MemoryUsage of job (MB)
	11698948  -  ResidentSetSize of job (KB)
...
006 (7187355.004.000) 08/30 19:42:19 Image size of job updated: 66734272
	18136  -  MemoryUsage of job (MB)
	18570720  -  ResidentSetSize of job (KB)
...
006 (7187355.004.000) 08/30 19:47:19 Image size of job updated: 66734272
	18949  -  MemoryUsage of job (MB)
	19402816  -  ResidentSetSize of job (KB)
...
006 (7187355.004.000) 08/30 19:57:21 Image size of job updated: 66734272
	19088  -  MemoryUsage of job (MB)
	19545616  -  ResidentSetSize of job (KB)
...
006 (7187355.004.000) 08/31 12:54:02 Image size of job updated: 66734272
	19157  -  MemoryUsage of job (MB)
	19616352  -  ResidentSetSize of job (KB)
...
006 (7187355.004.000) 08/31 13:04:03 Image size of job updated: 66734272
	19208  -  MemoryUsage of job (MB)
	19668900  -  ResidentSetSize of job (KB)
...
006 (7187355.004.000) 08/31 13:09:04 Image size of job updated: 66734272
	19217  -  MemoryUsage of job (MB)
	19678116  -  ResidentSetSize of job (KB)
...
006 (7187355.004.000) 08/31 13:14:04 Image size of job updated: 66734272
	19226  -  MemoryUsage of job (MB)
	19686672  -  ResidentSetSize of job (KB)
...
006 (7187355.004.000) 08/31 13:29:07 Image size of job updated: 66734272
	19341  -  MemoryUsage of job (MB)
	19804544  -  ResidentSetSize of job (KB)
...
006 (7187355.004.000) 08/31 13:34:08 Image size of job updated: 66734272
	19513  -  MemoryUsage of job (MB)
	19980320  -  ResidentSetSize of job (KB)
...
006 (7187355.004.000) 08/31 14:49:14 Image size of job updated: 66734272
	19515  -  MemoryUsage of job (MB)
	19982376  -  ResidentSetSize of job (KB)
...
006 (7187355.004.000) 08/31 14:54:15 Image size of job updated: 66734272
	19626  -  MemoryUsage of job (MB)
	20096568  -  ResidentSetSize of job (KB)
...
006 (7187355.004.000) 08/31 14:59:15 Image size of job updated: 66734272
	19633  -  MemoryUsage of job (MB)
	20103992  -  ResidentSetSize of job (KB)
...
006 (7187355.004.000) 08/31 17:29:30 Image size of job updated: 66734272
	19673  -  MemoryUsage of job (MB)
	20144752  -  ResidentSetSize of job (KB)
...
006 (7187355.004.000) 08/31 17:34:30 Image size of job updated: 66734272
	19763  -  MemoryUsage of job (MB)
	20236612  -  ResidentSetSize of job (KB)
...
006 (7187355.004.000) 08/31 17:39:30 Image size of job updated: 66734272
	19880  -  MemoryUsage of job (MB)
	20356892  -  ResidentSetSize of job (KB)
...
006 (7187355.004.000) 08/31 17:44:31 Image size of job updated: 66734272
	19892  -  MemoryUsage of job (MB)
	20369384  -  ResidentSetSize of job (KB)
...
006 (7187355.004.000) 08/31 20:24:49 Image size of job updated: 66734272
	19897  -  MemoryUsage of job (MB)
	20373964  -  ResidentSetSize of job (KB)
...
006 (7187355.004.000) 08/31 20:29:50 Image size of job updated: 66734272
	20099  -  MemoryUsage of job (MB)
	20580908  -  ResidentSetSize of job (KB)
...
006 (7187355.004.000) 08/31 23:50:12 Image size of job updated: 66734272
	20143  -  MemoryUsage of job (MB)
	20626128  -  ResidentSetSize of job (KB)
...
006 (7187355.004.000) 08/31 23:55:13 Image size of job updated: 66734272
	20159  -  MemoryUsage of job (MB)
	20641948  -  ResidentSetSize of job (KB)
...
006 (7187355.004.000) 09/01 00:25:16 Image size of job updated: 66734272
	20161  -  MemoryUsage of job (MB)
	20644084  -  ResidentSetSize of job (KB)
...
006 (7187355.004.000) 09/01 05:05:49 Image size of job updated: 66734272
	20163  -  MemoryUsage of job (MB)
	20646772  -  ResidentSetSize of job (KB)
...
006 (7187355.004.000) 09/01 05:10:50 Image size of job updated: 66734272
	20302  -  MemoryUsage of job (MB)
	20789124  -  ResidentSetSize of job (KB)
...
006 (7187355.004.000) 09/01 05:15:51 Image size of job updated: 66734272
	20461  -  MemoryUsage of job (MB)
	20951484  -  ResidentSetSize of job (KB)
...
006 (7187355.004.000) 09/01 05:50:56 Image size of job updated: 66734272
	20540  -  MemoryUsage of job (MB)
	21032000  -  ResidentSetSize of job (KB)
...
006 (7187355.004.000) 09/01 08:51:15 Image size of job updated: 66734272
	20699  -  MemoryUsage of job (MB)
	21195324  -  ResidentSetSize of job (KB)
...
006 (7187355.004.000) 09/01 08:56:16 Image size of job updated: 66734272
	20774  -  MemoryUsage of job (MB)
	21272232  -  ResidentSetSize of job (KB)
...
006 (7187355.004.000) 09/01 09:01:16 Image size of job updated: 66734272
	20774  -  MemoryUsage of job (MB)
	21272488  -  ResidentSetSize of job (KB)
...
006 (7187355.004.000) 09/01 09:21:18 Image size of job updated: 66734272
	20919  -  MemoryUsage of job (MB)
	21420248  -  ResidentSetSize of job (KB)
...
006 (7187355.004.000) 09/02 04:58:15 Image size of job updated: 66734272
	21327  -  MemoryUsage of job (MB)
	21838172  -  ResidentSetSize of job (KB)
...
006 (7187355.004.000) 09/02 05:03:16 Image size of job updated: 66734272
	21790  -  MemoryUsage of job (MB)
	22312352  -  ResidentSetSize of job (KB)
...
006 (7187355.004.000) 09/02 05:08:16 Image size of job updated: 66734272
	21793  -  MemoryUsage of job (MB)
	22315424  -  ResidentSetSize of job (KB)
...
006 (7187355.004.000) 09/02 05:23:18 Image size of job updated: 66734272
	21901  -  MemoryUsage of job (MB)
	22425976  -  ResidentSetSize of job (KB)
...
006 (7187355.004.000) 09/02 05:28:19 Image size of job updated: 66734272
	22596  -  MemoryUsage of job (MB)
	23137400  -  ResidentSetSize of job (KB)
...
006 (7187355.004.000) 09/02 05:33:20 Image size of job updated: 66734272
	22599  -  MemoryUsage of job (MB)
	23140984  -  ResidentSetSize of job (KB)
...
040 (7187355.004.000) 09/02 05:33:24 Started transferring output files
...
040 (7187355.004.000) 09/02 05:33:24 Finished transferring output files
...
005 (7187355.004.000) 09/02 05:33:25 Job terminated.
	(1) Normal termination (return value 50)
		Usr 4 14:42:46, Sys 3 01:36:01  -  Run Remote Usage
		Usr 0 00:00:00, Sys 0 00:00:00  -  Run Local Usage
		Usr 4 14:42:46, Sys 3 01:36:01  -  Total Remote Usage
		Usr 0 00:00:00, Sys 0 00:00:00  -  Total Local Usage
	718898  -  Run Bytes Sent By Job
	2919  -  Run Bytes Received By Job
	718898  -  Total Bytes Sent By Job
	2919  -  Total Bytes Received By Job
	Partitionable Resources :       Usage  Request Allocated Assigned
	   Cpus                 :        1.00        1         1 
	   Disk (KB)            : 12902322           3    331578 
	   Gpus (Average)       :        0.03        1         1 "GPU-d2642622"
	   GpusMemory (MB)      :     3167                       
	   Memory (MB)          :    22599        2000      2000 

	Job terminated of its own accord at 2024-09-02T03:33:22Z with exit-code 50.
...
