000 (7234696.007.000) 10/04 05:18:51 Job submitted from host: <137.138.44.55:9618?addrs=137.138.44.55-9618+[2001-1458-d00-1a--48]-9618&alias=bigbird17.cern.ch&noUDP&sock=schedd_1981_6134>
...
040 (7234696.007.000) 10/04 05:19:37 Started transferring input files
	Transferring to host: <188.185.190.106:9618?addrs=188.185.190.106-9618+[2001-1458-d03-b--100-2fd]-9618&alias=b9pgpun016.cern.ch&noUDP&sock=slot1_1_253491_175d_36048>
...
040 (7234696.007.000) 10/04 05:19:37 Finished transferring input files
...
001 (7234696.007.000) 10/04 05:19:38 Job executing on host: <188.185.190.106:9618?addrs=188.185.190.106-9618+[2001-1458-d03-b--100-2fd]-9618&alias=b9pgpun016.cern.ch&noUDP&sock=startd_216310_3f20>
	SlotName: slot1_1@b9pgpun016.cern.ch
	AvailableGPUs = { GPUs_GPU_95cca48a }
	CondorScratchDir = "/pool/condor/dir_2095995"
	Cpus = 1
	Disk = 6867211
	GPUs = 1
	GPUs_GPU_95cca48a = [ GlobalMemoryMb = 95235; MaxSupportedVersion = 12040; DriverVersion = 12.4; DeviceName = "NVIDIA H100 NVL"; CoresPerCU = 128; ECCEnabled = true; ComputeUnits = 132; ClockMhz = 1785.0; Id = "GPU-95cca48a"; Capability = 9.0; DevicePciBusId = "0000:3A:00.0"; DeviceUuid = "95cca48a-05f7-42ea-0e49-466adab8f198" ]
	Memory = 2000
...
006 (7234696.007.000) 10/04 05:19:47 Image size of job updated: 1181544
	705  -  MemoryUsage of job (MB)
	721060  -  ResidentSetSize of job (KB)
...
006 (7234696.007.000) 10/04 05:24:48 Image size of job updated: 2064780
	1913  -  MemoryUsage of job (MB)
	1958704  -  ResidentSetSize of job (KB)
...
006 (7234696.007.000) 10/04 05:29:48 Image size of job updated: 2301328
	2144  -  MemoryUsage of job (MB)
	2195156  -  ResidentSetSize of job (KB)
...
006 (7234696.007.000) 10/04 05:34:49 Image size of job updated: 2329616
	2144  -  MemoryUsage of job (MB)
	2195156  -  ResidentSetSize of job (KB)
...
006 (7234696.007.000) 10/04 05:39:49 Image size of job updated: 2350356
	2185  -  MemoryUsage of job (MB)
	2236692  -  ResidentSetSize of job (KB)
...
006 (7234696.007.000) 10/04 05:44:51 Image size of job updated: 2389272
	2185  -  MemoryUsage of job (MB)
	2236692  -  ResidentSetSize of job (KB)
...
006 (7234696.007.000) 10/04 05:49:51 Image size of job updated: 2597164
	2460  -  MemoryUsage of job (MB)
	2518760  -  ResidentSetSize of job (KB)
...
006 (7234696.007.000) 10/04 05:54:51 Image size of job updated: 2784584
	2616  -  MemoryUsage of job (MB)
	2678000  -  ResidentSetSize of job (KB)
...
006 (7234696.007.000) 10/04 05:59:52 Image size of job updated: 2867796
	2616  -  MemoryUsage of job (MB)
	2678000  -  ResidentSetSize of job (KB)
...
006 (7234696.007.000) 10/04 06:04:52 Image size of job updated: 2867796
	2778  -  MemoryUsage of job (MB)
	2844456  -  ResidentSetSize of job (KB)
...
006 (7234696.007.000) 10/04 06:09:53 Image size of job updated: 2873120
	2778  -  MemoryUsage of job (MB)
	2844456  -  ResidentSetSize of job (KB)
...
006 (7234696.007.000) 10/04 06:19:55 Image size of job updated: 2901236
	2778  -  MemoryUsage of job (MB)
	2844456  -  ResidentSetSize of job (KB)
...
006 (7234696.007.000) 10/04 06:24:55 Image size of job updated: 2904276
	2809  -  MemoryUsage of job (MB)
	2875608  -  ResidentSetSize of job (KB)
...
006 (7234696.007.000) 10/04 06:29:55 Image size of job updated: 3061728
	2887  -  MemoryUsage of job (MB)
	2955852  -  ResidentSetSize of job (KB)
...
006 (7234696.007.000) 10/04 06:34:56 Image size of job updated: 3298980
	3071  -  MemoryUsage of job (MB)
	3143828  -  ResidentSetSize of job (KB)
...
006 (7234696.007.000) 10/04 06:44:57 Image size of job updated: 3344832
	3086  -  MemoryUsage of job (MB)
	3159984  -  ResidentSetSize of job (KB)
...
006 (7234696.007.000) 10/04 06:49:57 Image size of job updated: 3460160
	3086  -  MemoryUsage of job (MB)
	3159984  -  ResidentSetSize of job (KB)
...
006 (7234696.007.000) 10/04 06:54:59 Image size of job updated: 3552668
	3178  -  MemoryUsage of job (MB)
	3254264  -  ResidentSetSize of job (KB)
...
006 (7234696.007.000) 10/04 07:08:21 Image size of job updated: 4209280
	3178  -  MemoryUsage of job (MB)
	3254264  -  ResidentSetSize of job (KB)
...
040 (7234696.007.000) 10/04 07:08:21 Started transferring output files
...
040 (7234696.007.000) 10/04 07:08:21 Finished transferring output files
...
005 (7234696.007.000) 10/04 07:08:21 Job terminated.
	(1) Normal termination (return value 50)
		Usr 0 01:07:18, Sys 0 00:08:58  -  Run Remote Usage
		Usr 0 00:00:00, Sys 0 00:00:00  -  Run Local Usage
		Usr 0 01:07:18, Sys 0 00:08:58  -  Total Remote Usage
		Usr 0 00:00:00, Sys 0 00:00:00  -  Total Local Usage
	68576  -  Run Bytes Sent By Job
	2404  -  Run Bytes Received By Job
	68576  -  Total Bytes Sent By Job
	2404  -  Total Bytes Received By Job
	Partitionable Resources :     Usage  Request Allocated Assigned
	   Cpus                 :      0.47        1         1 
	   Disk (KB)            : 897691           3   6867211 
	   Gpus (Average)       :      0.05        1         1 "GPU-95cca48a"
	   GpusMemory (MB)      :   3664                       
	   Memory (MB)          :   3178        2000      2000 

	Job terminated of its own accord at 2024-10-04T05:08:21Z with exit-code 50.
...
