000 (7234696.000.000) 10/04 05:18:51 Job submitted from host: <137.138.44.55:9618?addrs=137.138.44.55-9618+[2001-1458-d00-1a--48]-9618&alias=bigbird17.cern.ch&noUDP&sock=schedd_1981_6134>
...
040 (7234696.000.000) 10/04 05:19:35 Started transferring input files
	Transferring to host: <188.185.190.88:9618?addrs=188.185.190.88-9618+[2001-1458-d03-b--100-2c2]-9618&alias=b9pgpun006.cern.ch&noUDP&sock=slot1_1_228287_97dc_35551>
...
040 (7234696.000.000) 10/04 05:19:35 Finished transferring input files
...
001 (7234696.000.000) 10/04 05:19:36 Job executing on host: <188.185.190.88:9618?addrs=188.185.190.88-9618+[2001-1458-d03-b--100-2c2]-9618&alias=b9pgpun006.cern.ch&noUDP&sock=startd_192872_ba62>
	SlotName: slot1_1@b9pgpun006.cern.ch
	AvailableGPUs = { GPUs_GPU_880ddcee }
	CondorScratchDir = "/pool/condor/dir_4040123"
	Cpus = 1
	Disk = 722853
	GPUs = 1
	GPUs_GPU_880ddcee = [ GlobalMemoryMb = 95235; MaxSupportedVersion = 12040; DriverVersion = 12.4; DeviceUuid = "880ddcee-3175-ff0d-1814-e538ca55756e"; DeviceName = "NVIDIA H100 NVL"; CoresPerCU = 128; ECCEnabled = true; ComputeUnits = 132; ClockMhz = 1785.0; Id = "GPU-880ddcee"; DevicePciBusId = "0000:06:00.0"; Capability = 9.0 ]
	Memory = 2000
...
006 (7234696.000.000) 10/04 05:19:46 Image size of job updated: 1185928
	712  -  MemoryUsage of job (MB)
	728892  -  ResidentSetSize of job (KB)
...
006 (7234696.000.000) 10/04 05:24:47 Image size of job updated: 2071260
	1804  -  MemoryUsage of job (MB)
	1847284  -  ResidentSetSize of job (KB)
...
006 (7234696.000.000) 10/04 05:29:47 Image size of job updated: 2307912
	2150  -  MemoryUsage of job (MB)
	2201436  -  ResidentSetSize of job (KB)
...
006 (7234696.000.000) 10/04 05:34:48 Image size of job updated: 2453516
	2150  -  MemoryUsage of job (MB)
	2201436  -  ResidentSetSize of job (KB)
...
006 (7234696.000.000) 10/04 05:39:48 Image size of job updated: 2630528
	2491  -  MemoryUsage of job (MB)
	2549980  -  ResidentSetSize of job (KB)
...
006 (7234696.000.000) 10/04 05:44:48 Image size of job updated: 2815856
	2493  -  MemoryUsage of job (MB)
	2552540  -  ResidentSetSize of job (KB)
...
006 (7234696.000.000) 10/04 05:49:49 Image size of job updated: 3026576
	2493  -  MemoryUsage of job (MB)
	2552540  -  ResidentSetSize of job (KB)
...
006 (7234696.000.000) 10/04 05:54:49 Image size of job updated: 3373364
	2493  -  MemoryUsage of job (MB)
	2552540  -  ResidentSetSize of job (KB)
...
006 (7234696.000.000) 10/04 05:59:50 Image size of job updated: 3565344
	3364  -  MemoryUsage of job (MB)
	3444164  -  ResidentSetSize of job (KB)
...
006 (7234696.000.000) 10/04 06:04:50 Image size of job updated: 3769820
	3401  -  MemoryUsage of job (MB)
	3482308  -  ResidentSetSize of job (KB)
...
006 (7234696.000.000) 10/04 06:09:50 Image size of job updated: 3921160
	3708  -  MemoryUsage of job (MB)
	3796516  -  ResidentSetSize of job (KB)
...
006 (7234696.000.000) 10/04 06:14:51 Image size of job updated: 4059104
	3709  -  MemoryUsage of job (MB)
	3797796  -  ResidentSetSize of job (KB)
...
006 (7234696.000.000) 10/04 06:19:51 Image size of job updated: 4242264
	3709  -  MemoryUsage of job (MB)
	3797796  -  ResidentSetSize of job (KB)
...
006 (7234696.000.000) 10/04 06:24:51 Image size of job updated: 4512072
	4305  -  MemoryUsage of job (MB)
	4407508  -  ResidentSetSize of job (KB)
...
006 (7234696.000.000) 10/04 06:29:52 Image size of job updated: 4759084
	4305  -  MemoryUsage of job (MB)
	4407508  -  ResidentSetSize of job (KB)
...
006 (7234696.000.000) 10/04 06:34:52 Image size of job updated: 4956144
	4790  -  MemoryUsage of job (MB)
	4904144  -  ResidentSetSize of job (KB)
...
006 (7234696.000.000) 10/04 06:39:52 Image size of job updated: 5263092
	4849  -  MemoryUsage of job (MB)
	4964816  -  ResidentSetSize of job (KB)
...
006 (7234696.000.000) 10/04 06:44:53 Image size of job updated: 5512172
	5280  -  MemoryUsage of job (MB)
	5406044  -  ResidentSetSize of job (KB)
...
006 (7234696.000.000) 10/04 06:49:53 Image size of job updated: 5707064
	5280  -  MemoryUsage of job (MB)
	5406044  -  ResidentSetSize of job (KB)
...
006 (7234696.000.000) 10/04 06:54:55 Image size of job updated: 5911376
	5397  -  MemoryUsage of job (MB)
	5525912  -  ResidentSetSize of job (KB)
...
006 (7234696.000.000) 10/04 06:59:55 Image size of job updated: 6000580
	5860  -  MemoryUsage of job (MB)
	6000572  -  ResidentSetSize of job (KB)
...
006 (7234696.000.000) 10/04 07:01:52 Image size of job updated: 6744912
	5860  -  MemoryUsage of job (MB)
	6000572  -  ResidentSetSize of job (KB)
...
040 (7234696.000.000) 10/04 07:01:52 Started transferring output files
...
040 (7234696.000.000) 10/04 07:01:52 Finished transferring output files
...
005 (7234696.000.000) 10/04 07:01:52 Job terminated.
	(1) Normal termination (return value 50)
		Usr 0 01:12:21, Sys 0 00:06:10  -  Run Remote Usage
		Usr 0 00:00:00, Sys 0 00:00:00  -  Run Local Usage
		Usr 0 01:12:21, Sys 0 00:06:10  -  Total Remote Usage
		Usr 0 00:00:00, Sys 0 00:00:00  -  Total Local Usage
	68196  -  Run Bytes Sent By Job
	2404  -  Run Bytes Received By Job
	68196  -  Total Bytes Sent By Job
	2404  -  Total Bytes Received By Job
	Partitionable Resources :     Usage  Request Allocated Assigned
	   Cpus                 :      0.09        1         1 
	   Disk (KB)            : 905327           3    722853 
	   Gpus (Average)       :      0.06        1         1 "GPU-880ddcee"
	   GpusMemory (MB)      :   3652                       
	   Memory (MB)          :   5860        2000      2000 

	Job terminated of its own accord at 2024-10-04T05:01:52Z with exit-code 50.
...
