000 (7234686.006.000) 10/04 05:18:44 Job submitted from host: <137.138.44.55:9618?addrs=137.138.44.55-9618+[2001-1458-d00-1a--48]-9618&alias=bigbird17.cern.ch&noUDP&sock=schedd_1981_6134>
...
040 (7234686.006.000) 10/04 19:24:16 Started transferring input files
	Transferring to host: <188.185.198.111:9618?addrs=188.185.198.111-9618+[2001-1458-303-25--100-6b]-9618&alias=b9p15p4924.cern.ch&noUDP&sock=slot1_4_1047965_e550_14355>
...
040 (7234686.006.000) 10/04 19:24:16 Finished transferring input files
...
001 (7234686.006.000) 10/04 19:24:17 Job executing on host: <188.185.198.111:9618?addrs=188.185.198.111-9618+[2001-1458-303-25--100-6b]-9618&alias=b9p15p4924.cern.ch&noUDP&sock=startd_11856_ceef>
	SlotName: slot1_4@b9p15p4924.cern.ch
	CondorScratchDir = "/pool/condor/dir_532292"
	Cpus = 1
	Disk = 3149390
	Memory = 2000
...
006 (7234686.006.000) 10/04 19:24:26 Image size of job updated: 269412
	264  -  MemoryUsage of job (MB)
	269352  -  ResidentSetSize of job (KB)
...
006 (7234686.006.000) 10/04 19:29:26 Image size of job updated: 946336
	724  -  MemoryUsage of job (MB)
	740968  -  ResidentSetSize of job (KB)
...
006 (7234686.006.000) 10/04 19:34:27 Image size of job updated: 946336
	726  -  MemoryUsage of job (MB)
	742568  -  ResidentSetSize of job (KB)
...
006 (7234686.006.000) 10/04 19:39:27 Image size of job updated: 946336
	727  -  MemoryUsage of job (MB)
	743660  -  ResidentSetSize of job (KB)
...
006 (7234686.006.000) 10/04 19:54:29 Image size of job updated: 946336
	729  -  MemoryUsage of job (MB)
	746300  -  ResidentSetSize of job (KB)
...
006 (7234686.006.000) 10/04 20:09:31 Image size of job updated: 946336
	730  -  MemoryUsage of job (MB)
	746828  -  ResidentSetSize of job (KB)
...
006 (7234686.006.000) 10/04 20:14:32 Image size of job updated: 946336
	732  -  MemoryUsage of job (MB)
	748824  -  ResidentSetSize of job (KB)
...
006 (7234686.006.000) 10/04 20:19:33 Image size of job updated: 946336
	734  -  MemoryUsage of job (MB)
	750600  -  ResidentSetSize of job (KB)
...
006 (7234686.006.000) 10/04 20:24:33 Image size of job updated: 946336
	734  -  MemoryUsage of job (MB)
	751076  -  ResidentSetSize of job (KB)
...
006 (7234686.006.000) 10/04 20:29:34 Image size of job updated: 946336
	736  -  MemoryUsage of job (MB)
	753112  -  ResidentSetSize of job (KB)
...
006 (7234686.006.000) 10/04 20:34:35 Image size of job updated: 946336
	736  -  MemoryUsage of job (MB)
	753448  -  ResidentSetSize of job (KB)
...
006 (7234686.006.000) 10/04 20:39:35 Image size of job updated: 946336
	737  -  MemoryUsage of job (MB)
	754640  -  ResidentSetSize of job (KB)
...
006 (7234686.006.000) 10/04 20:44:36 Image size of job updated: 946336
	739  -  MemoryUsage of job (MB)
	756700  -  ResidentSetSize of job (KB)
...
006 (7234686.006.000) 10/04 20:49:37 Image size of job updated: 946336
	740  -  MemoryUsage of job (MB)
	756824  -  ResidentSetSize of job (KB)
...
006 (7234686.006.000) 10/04 20:54:37 Image size of job updated: 946336
	741  -  MemoryUsage of job (MB)
	758188  -  ResidentSetSize of job (KB)
...
006 (7234686.006.000) 10/04 20:59:38 Image size of job updated: 946336
	743  -  MemoryUsage of job (MB)
	759876  -  ResidentSetSize of job (KB)
...
006 (7234686.006.000) 10/04 21:04:39 Image size of job updated: 946336
	745  -  MemoryUsage of job (MB)
	762092  -  ResidentSetSize of job (KB)
...
006 (7234686.006.000) 10/04 21:14:40 Image size of job updated: 946336
	747  -  MemoryUsage of job (MB)
	763968  -  ResidentSetSize of job (KB)
...
006 (7234686.006.000) 10/04 21:24:41 Image size of job updated: 946336
	749  -  MemoryUsage of job (MB)
	766476  -  ResidentSetSize of job (KB)
...
006 (7234686.006.000) 10/04 21:29:42 Image size of job updated: 946336
	751  -  MemoryUsage of job (MB)
	768752  -  ResidentSetSize of job (KB)
...
006 (7234686.006.000) 10/04 21:34:43 Image size of job updated: 946336
	752  -  MemoryUsage of job (MB)
	769632  -  ResidentSetSize of job (KB)
...
006 (7234686.006.000) 10/04 21:39:43 Image size of job updated: 946336
	754  -  MemoryUsage of job (MB)
	771160  -  ResidentSetSize of job (KB)
...
006 (7234686.006.000) 10/04 21:44:43 Image size of job updated: 946336
	754  -  MemoryUsage of job (MB)
	771416  -  ResidentSetSize of job (KB)
...
006 (7234686.006.000) 10/04 21:49:43 Image size of job updated: 946336
	755  -  MemoryUsage of job (MB)
	772884  -  ResidentSetSize of job (KB)
...
006 (7234686.006.000) 10/04 21:54:44 Image size of job updated: 946336
	756  -  MemoryUsage of job (MB)
	774028  -  ResidentSetSize of job (KB)
...
006 (7234686.006.000) 10/04 21:59:44 Image size of job updated: 946336
	758  -  MemoryUsage of job (MB)
	775288  -  ResidentSetSize of job (KB)
...
006 (7234686.006.000) 10/04 22:04:44 Image size of job updated: 946336
	759  -  MemoryUsage of job (MB)
	777072  -  ResidentSetSize of job (KB)
...
006 (7234686.006.000) 10/04 22:09:45 Image size of job updated: 946336
	761  -  MemoryUsage of job (MB)
	778676  -  ResidentSetSize of job (KB)
...
006 (7234686.006.000) 10/04 22:14:45 Image size of job updated: 946336
	763  -  MemoryUsage of job (MB)
	781260  -  ResidentSetSize of job (KB)
...
006 (7234686.006.000) 10/04 22:19:45 Image size of job updated: 946336
	764  -  MemoryUsage of job (MB)
	782072  -  ResidentSetSize of job (KB)
...
006 (7234686.006.000) 10/04 22:24:46 Image size of job updated: 946336
	765  -  MemoryUsage of job (MB)
	783256  -  ResidentSetSize of job (KB)
...
006 (7234686.006.000) 10/04 22:34:47 Image size of job updated: 946336
	767  -  MemoryUsage of job (MB)
	785168  -  ResidentSetSize of job (KB)
...
006 (7234686.006.000) 10/04 22:39:47 Image size of job updated: 946336
	768  -  MemoryUsage of job (MB)
	785676  -  ResidentSetSize of job (KB)
...
006 (7234686.006.000) 10/04 22:44:47 Image size of job updated: 946336
	768  -  MemoryUsage of job (MB)
	786120  -  ResidentSetSize of job (KB)
...
006 (7234686.006.000) 10/04 22:49:48 Image size of job updated: 946336
	769  -  MemoryUsage of job (MB)
	786620  -  ResidentSetSize of job (KB)
...
006 (7234686.006.000) 10/04 22:54:48 Image size of job updated: 946336
	770  -  MemoryUsage of job (MB)
	788104  -  ResidentSetSize of job (KB)
...
006 (7234686.006.000) 10/04 22:59:49 Image size of job updated: 946336
	771  -  MemoryUsage of job (MB)
	789004  -  ResidentSetSize of job (KB)
...
006 (7234686.006.000) 10/04 23:04:50 Image size of job updated: 946336
	773  -  MemoryUsage of job (MB)
	791132  -  ResidentSetSize of job (KB)
...
006 (7234686.006.000) 10/04 23:09:50 Image size of job updated: 946336
	774  -  MemoryUsage of job (MB)
	792216  -  ResidentSetSize of job (KB)
...
006 (7234686.006.000) 10/04 23:14:51 Image size of job updated: 946336
	775  -  MemoryUsage of job (MB)
	793224  -  ResidentSetSize of job (KB)
...
006 (7234686.006.000) 10/04 23:19:52 Image size of job updated: 946336
	776  -  MemoryUsage of job (MB)
	793780  -  ResidentSetSize of job (KB)
...
006 (7234686.006.000) 10/04 23:24:52 Image size of job updated: 946336
	776  -  MemoryUsage of job (MB)
	794180  -  ResidentSetSize of job (KB)
...
006 (7234686.006.000) 10/04 23:29:53 Image size of job updated: 946336
	777  -  MemoryUsage of job (MB)
	795452  -  ResidentSetSize of job (KB)
...
006 (7234686.006.000) 10/04 23:34:54 Image size of job updated: 946336
	778  -  MemoryUsage of job (MB)
	796260  -  ResidentSetSize of job (KB)
...
006 (7234686.006.000) 10/04 23:39:54 Image size of job updated: 946336
	779  -  MemoryUsage of job (MB)
	797040  -  ResidentSetSize of job (KB)
...
006 (7234686.006.000) 10/04 23:44:55 Image size of job updated: 946336
	779  -  MemoryUsage of job (MB)
	797624  -  ResidentSetSize of job (KB)
...
006 (7234686.006.000) 10/04 23:49:56 Image size of job updated: 946336
	780  -  MemoryUsage of job (MB)
	798576  -  ResidentSetSize of job (KB)
...
006 (7234686.006.000) 10/04 23:54:56 Image size of job updated: 946336
	784  -  MemoryUsage of job (MB)
	802196  -  ResidentSetSize of job (KB)
...
006 (7234686.006.000) 10/05 00:09:58 Image size of job updated: 946336
	784  -  MemoryUsage of job (MB)
	802376  -  ResidentSetSize of job (KB)
...
006 (7234686.006.000) 10/05 00:14:59 Image size of job updated: 946336
	786  -  MemoryUsage of job (MB)
	804672  -  ResidentSetSize of job (KB)
...
006 (7234686.006.000) 10/05 00:20:00 Image size of job updated: 946336
	788  -  MemoryUsage of job (MB)
	806276  -  ResidentSetSize of job (KB)
...
006 (7234686.006.000) 10/05 00:55:03 Image size of job updated: 946336
	792  -  MemoryUsage of job (MB)
	810028  -  ResidentSetSize of job (KB)
...
006 (7234686.006.000) 10/05 01:00:04 Image size of job updated: 946336
	794  -  MemoryUsage of job (MB)
	812928  -  ResidentSetSize of job (KB)
...
006 (7234686.006.000) 10/05 01:05:04 Image size of job updated: 946336
	796  -  MemoryUsage of job (MB)
	814816  -  ResidentSetSize of job (KB)
...
006 (7234686.006.000) 10/05 01:10:04 Image size of job updated: 946336
	798  -  MemoryUsage of job (MB)
	816772  -  ResidentSetSize of job (KB)
...
006 (7234686.006.000) 10/05 01:15:05 Image size of job updated: 946336
	800  -  MemoryUsage of job (MB)
	818524  -  ResidentSetSize of job (KB)
...
006 (7234686.006.000) 10/05 01:20:05 Image size of job updated: 946336
	805  -  MemoryUsage of job (MB)
	823980  -  ResidentSetSize of job (KB)
...
006 (7234686.006.000) 10/05 01:30:06 Image size of job updated: 946336
	806  -  MemoryUsage of job (MB)
	825132  -  ResidentSetSize of job (KB)
...
006 (7234686.006.000) 10/05 01:35:06 Image size of job updated: 946336
	808  -  MemoryUsage of job (MB)
	826644  -  ResidentSetSize of job (KB)
...
006 (7234686.006.000) 10/05 01:40:06 Image size of job updated: 946336
	811  -  MemoryUsage of job (MB)
	829684  -  ResidentSetSize of job (KB)
...
006 (7234686.006.000) 10/05 01:45:07 Image size of job updated: 946336
	812  -  MemoryUsage of job (MB)
	831136  -  ResidentSetSize of job (KB)
...
006 (7234686.006.000) 10/05 01:50:07 Image size of job updated: 946336
	815  -  MemoryUsage of job (MB)
	834112  -  ResidentSetSize of job (KB)
...
006 (7234686.006.000) 10/05 01:55:08 Image size of job updated: 946336
	818  -  MemoryUsage of job (MB)
	836776  -  ResidentSetSize of job (KB)
...
006 (7234686.006.000) 10/05 02:00:08 Image size of job updated: 946336
	819  -  MemoryUsage of job (MB)
	838328  -  ResidentSetSize of job (KB)
...
006 (7234686.006.000) 10/05 02:05:09 Image size of job updated: 946336
	820  -  MemoryUsage of job (MB)
	838968  -  ResidentSetSize of job (KB)
...
006 (7234686.006.000) 10/05 02:10:10 Image size of job updated: 946336
	820  -  MemoryUsage of job (MB)
	839680  -  ResidentSetSize of job (KB)
...
006 (7234686.006.000) 10/05 02:15:10 Image size of job updated: 946336
	822  -  MemoryUsage of job (MB)
	841092  -  ResidentSetSize of job (KB)
...
006 (7234686.006.000) 10/05 02:20:11 Image size of job updated: 946336
	823  -  MemoryUsage of job (MB)
	842240  -  ResidentSetSize of job (KB)
...
006 (7234686.006.000) 10/05 02:25:12 Image size of job updated: 946336
	823  -  MemoryUsage of job (MB)
	842432  -  ResidentSetSize of job (KB)
...
006 (7234686.006.000) 10/05 02:30:12 Image size of job updated: 946336
	824  -  MemoryUsage of job (MB)
	843700  -  ResidentSetSize of job (KB)
...
006 (7234686.006.000) 10/05 02:35:13 Image size of job updated: 946336
	825  -  MemoryUsage of job (MB)
	844652  -  ResidentSetSize of job (KB)
...
006 (7234686.006.000) 10/05 02:40:13 Image size of job updated: 946336
	827  -  MemoryUsage of job (MB)
	846148  -  ResidentSetSize of job (KB)
...
006 (7234686.006.000) 10/05 02:45:13 Image size of job updated: 946336
	831  -  MemoryUsage of job (MB)
	850544  -  ResidentSetSize of job (KB)
...
006 (7234686.006.000) 10/05 02:50:14 Image size of job updated: 946336
	831  -  MemoryUsage of job (MB)
	850696  -  ResidentSetSize of job (KB)
...
006 (7234686.006.000) 10/05 02:55:14 Image size of job updated: 946336
	833  -  MemoryUsage of job (MB)
	852400  -  ResidentSetSize of job (KB)
...
006 (7234686.006.000) 10/05 03:00:15 Image size of job updated: 946336
	836  -  MemoryUsage of job (MB)
	855896  -  ResidentSetSize of job (KB)
...
006 (7234686.006.000) 10/05 03:05:15 Image size of job updated: 946336
	837  -  MemoryUsage of job (MB)
	857032  -  ResidentSetSize of job (KB)
...
006 (7234686.006.000) 10/05 03:10:16 Image size of job updated: 946336
	838  -  MemoryUsage of job (MB)
	857212  -  ResidentSetSize of job (KB)
...
006 (7234686.006.000) 10/05 03:15:17 Image size of job updated: 946336
	840  -  MemoryUsage of job (MB)
	859180  -  ResidentSetSize of job (KB)
...
006 (7234686.006.000) 10/05 03:20:17 Image size of job updated: 946336
	843  -  MemoryUsage of job (MB)
	862360  -  ResidentSetSize of job (KB)
...
006 (7234686.006.000) 10/05 03:25:18 Image size of job updated: 946336
	844  -  MemoryUsage of job (MB)
	863340  -  ResidentSetSize of job (KB)
...
006 (7234686.006.000) 10/05 03:30:18 Image size of job updated: 946336
	846  -  MemoryUsage of job (MB)
	865988  -  ResidentSetSize of job (KB)
...
006 (7234686.006.000) 10/05 03:35:18 Image size of job updated: 946336
	849  -  MemoryUsage of job (MB)
	868784  -  ResidentSetSize of job (KB)
...
006 (7234686.006.000) 10/05 03:40:19 Image size of job updated: 946336
	850  -  MemoryUsage of job (MB)
	870252  -  ResidentSetSize of job (KB)
...
006 (7234686.006.000) 10/05 03:45:19 Image size of job updated: 946336
	854  -  MemoryUsage of job (MB)
	873752  -  ResidentSetSize of job (KB)
...
006 (7234686.006.000) 10/05 03:50:20 Image size of job updated: 946336
	856  -  MemoryUsage of job (MB)
	875796  -  ResidentSetSize of job (KB)
...
006 (7234686.006.000) 10/05 03:55:20 Image size of job updated: 946336
	858  -  MemoryUsage of job (MB)
	878004  -  ResidentSetSize of job (KB)
...
006 (7234686.006.000) 10/05 04:00:21 Image size of job updated: 946336
	859  -  MemoryUsage of job (MB)
	879424  -  ResidentSetSize of job (KB)
...
006 (7234686.006.000) 10/05 04:05:22 Image size of job updated: 946336
	862  -  MemoryUsage of job (MB)
	881828  -  ResidentSetSize of job (KB)
...
006 (7234686.006.000) 10/05 04:10:22 Image size of job updated: 946336
	863  -  MemoryUsage of job (MB)
	883616  -  ResidentSetSize of job (KB)
...
006 (7234686.006.000) 10/05 04:15:23 Image size of job updated: 946336
	864  -  MemoryUsage of job (MB)
	884108  -  ResidentSetSize of job (KB)
...
006 (7234686.006.000) 10/05 04:20:24 Image size of job updated: 946336
	864  -  MemoryUsage of job (MB)
	884664  -  ResidentSetSize of job (KB)
...
006 (7234686.006.000) 10/05 04:25:24 Image size of job updated: 946336
	865  -  MemoryUsage of job (MB)
	885608  -  ResidentSetSize of job (KB)
...
006 (7234686.006.000) 10/05 04:30:25 Image size of job updated: 946336
	867  -  MemoryUsage of job (MB)
	887172  -  ResidentSetSize of job (KB)
...
006 (7234686.006.000) 10/05 04:35:26 Image size of job updated: 946336
	868  -  MemoryUsage of job (MB)
	887968  -  ResidentSetSize of job (KB)
...
006 (7234686.006.000) 10/05 04:40:26 Image size of job updated: 946336
	871  -  MemoryUsage of job (MB)
	891340  -  ResidentSetSize of job (KB)
...
006 (7234686.006.000) 10/05 04:45:27 Image size of job updated: 946336
	872  -  MemoryUsage of job (MB)
	892040  -  ResidentSetSize of job (KB)
...
006 (7234686.006.000) 10/05 04:50:27 Image size of job updated: 946336
	872  -  MemoryUsage of job (MB)
	892320  -  ResidentSetSize of job (KB)
...
006 (7234686.006.000) 10/05 04:55:27 Image size of job updated: 946336
	874  -  MemoryUsage of job (MB)
	894956  -  ResidentSetSize of job (KB)
...
006 (7234686.006.000) 10/05 05:00:28 Image size of job updated: 946336
	876  -  MemoryUsage of job (MB)
	896220  -  ResidentSetSize of job (KB)
...
006 (7234686.006.000) 10/05 05:05:28 Image size of job updated: 946336
	879  -  MemoryUsage of job (MB)
	899176  -  ResidentSetSize of job (KB)
...
006 (7234686.006.000) 10/05 05:10:28 Image size of job updated: 946336
	879  -  MemoryUsage of job (MB)
	899896  -  ResidentSetSize of job (KB)
...
006 (7234686.006.000) 10/05 05:15:29 Image size of job updated: 946336
	882  -  MemoryUsage of job (MB)
	902540  -  ResidentSetSize of job (KB)
...
006 (7234686.006.000) 10/05 05:20:29 Image size of job updated: 946336
	883  -  MemoryUsage of job (MB)
	903348  -  ResidentSetSize of job (KB)
...
006 (7234686.006.000) 10/05 05:25:29 Image size of job updated: 946336
	885  -  MemoryUsage of job (MB)
	905976  -  ResidentSetSize of job (KB)
...
006 (7234686.006.000) 10/05 05:30:30 Image size of job updated: 946336
	886  -  MemoryUsage of job (MB)
	906524  -  ResidentSetSize of job (KB)
...
006 (7234686.006.000) 10/05 05:35:31 Image size of job updated: 946336
	887  -  MemoryUsage of job (MB)
	907896  -  ResidentSetSize of job (KB)
...
006 (7234686.006.000) 10/05 05:40:31 Image size of job updated: 946336
	889  -  MemoryUsage of job (MB)
	909680  -  ResidentSetSize of job (KB)
...
006 (7234686.006.000) 10/05 05:45:32 Image size of job updated: 946336
	890  -  MemoryUsage of job (MB)
	910728  -  ResidentSetSize of job (KB)
...
006 (7234686.006.000) 10/05 05:50:32 Image size of job updated: 946336
	890  -  MemoryUsage of job (MB)
	911336  -  ResidentSetSize of job (KB)
...
006 (7234686.006.000) 10/05 05:55:33 Image size of job updated: 946336
	892  -  MemoryUsage of job (MB)
	912732  -  ResidentSetSize of job (KB)
...
006 (7234686.006.000) 10/05 06:00:33 Image size of job updated: 946336
	893  -  MemoryUsage of job (MB)
	913716  -  ResidentSetSize of job (KB)
...
006 (7234686.006.000) 10/05 06:05:34 Image size of job updated: 946336
	895  -  MemoryUsage of job (MB)
	915716  -  ResidentSetSize of job (KB)
...
006 (7234686.006.000) 10/05 06:10:35 Image size of job updated: 946336
	900  -  MemoryUsage of job (MB)
	920888  -  ResidentSetSize of job (KB)
...
006 (7234686.006.000) 10/05 06:15:35 Image size of job updated: 946336
	902  -  MemoryUsage of job (MB)
	923292  -  ResidentSetSize of job (KB)
...
006 (7234686.006.000) 10/05 06:20:36 Image size of job updated: 946336
	903  -  MemoryUsage of job (MB)
	923864  -  ResidentSetSize of job (KB)
...
006 (7234686.006.000) 10/05 06:25:37 Image size of job updated: 946336
	904  -  MemoryUsage of job (MB)
	925292  -  ResidentSetSize of job (KB)
...
006 (7234686.006.000) 10/05 06:30:37 Image size of job updated: 946336
	905  -  MemoryUsage of job (MB)
	926316  -  ResidentSetSize of job (KB)
...
006 (7234686.006.000) 10/05 06:35:38 Image size of job updated: 946336
	906  -  MemoryUsage of job (MB)
	927100  -  ResidentSetSize of job (KB)
...
006 (7234686.006.000) 10/05 06:40:39 Image size of job updated: 946336
	907  -  MemoryUsage of job (MB)
	927860  -  ResidentSetSize of job (KB)
...
006 (7234686.006.000) 10/05 06:50:40 Image size of job updated: 946336
	907  -  MemoryUsage of job (MB)
	927928  -  ResidentSetSize of job (KB)
...
006 (7234686.006.000) 10/05 06:55:41 Image size of job updated: 946336
	907  -  MemoryUsage of job (MB)
	928624  -  ResidentSetSize of job (KB)
...
006 (7234686.006.000) 10/05 07:00:41 Image size of job updated: 946336
	908  -  MemoryUsage of job (MB)
	929008  -  ResidentSetSize of job (KB)
...
006 (7234686.006.000) 10/05 07:05:42 Image size of job updated: 946336
	909  -  MemoryUsage of job (MB)
	930256  -  ResidentSetSize of job (KB)
...
006 (7234686.006.000) 10/05 07:10:43 Image size of job updated: 946336
	911  -  MemoryUsage of job (MB)
	932568  -  ResidentSetSize of job (KB)
...
006 (7234686.006.000) 10/05 07:15:43 Image size of job updated: 946336
	912  -  MemoryUsage of job (MB)
	933228  -  ResidentSetSize of job (KB)
...
006 (7234686.006.000) 10/05 07:20:44 Image size of job updated: 946336
	915  -  MemoryUsage of job (MB)
	936188  -  ResidentSetSize of job (KB)
...
006 (7234686.006.000) 10/05 07:25:44 Image size of job updated: 946336
	917  -  MemoryUsage of job (MB)
	938012  -  ResidentSetSize of job (KB)
...
006 (7234686.006.000) 10/05 07:30:44 Image size of job updated: 946336
	917  -  MemoryUsage of job (MB)
	938244  -  ResidentSetSize of job (KB)
...
006 (7234686.006.000) 10/05 07:35:45 Image size of job updated: 946336
	917  -  MemoryUsage of job (MB)
	938668  -  ResidentSetSize of job (KB)
...
006 (7234686.006.000) 10/05 07:40:45 Image size of job updated: 946336
	918  -  MemoryUsage of job (MB)
	939628  -  ResidentSetSize of job (KB)
...
006 (7234686.006.000) 10/05 07:45:45 Image size of job updated: 947112
	920  -  MemoryUsage of job (MB)
	941444  -  ResidentSetSize of job (KB)
...
006 (7234686.006.000) 10/05 07:50:46 Image size of job updated: 947112
	920  -  MemoryUsage of job (MB)
	942008  -  ResidentSetSize of job (KB)
...
006 (7234686.006.000) 10/05 08:10:48 Image size of job updated: 947784
	921  -  MemoryUsage of job (MB)
	942108  -  ResidentSetSize of job (KB)
...
006 (7234686.006.000) 10/05 08:15:48 Image size of job updated: 947784
	923  -  MemoryUsage of job (MB)
	944468  -  ResidentSetSize of job (KB)
...
006 (7234686.006.000) 10/05 08:20:48 Image size of job updated: 947984
	923  -  MemoryUsage of job (MB)
	944468  -  ResidentSetSize of job (KB)
...
006 (7234686.006.000) 10/05 08:25:49 Image size of job updated: 951188
	923  -  MemoryUsage of job (MB)
	944468  -  ResidentSetSize of job (KB)
...
006 (7234686.006.000) 10/05 08:30:49 Image size of job updated: 951188
	923  -  MemoryUsage of job (MB)
	944860  -  ResidentSetSize of job (KB)
...
006 (7234686.006.000) 10/05 08:35:50 Image size of job updated: 953656
	924  -  MemoryUsage of job (MB)
	946148  -  ResidentSetSize of job (KB)
...
006 (7234686.006.000) 10/06 15:44:05 Image size of job updated: 2088796
	2040  -  MemoryUsage of job (MB)
	2088772  -  ResidentSetSize of job (KB)
...
006 (7234686.006.000) 10/06 15:49:05 Image size of job updated: 2377988
	2045  -  MemoryUsage of job (MB)
	2093940  -  ResidentSetSize of job (KB)
...
006 (7234686.006.000) 10/06 15:54:05 Image size of job updated: 2377988
	2139  -  MemoryUsage of job (MB)
	2189400  -  ResidentSetSize of job (KB)
...
006 (7234686.006.000) 10/06 15:56:31 Image size of job updated: 2377988
	2139  -  MemoryUsage of job (MB)
	2189704  -  ResidentSetSize of job (KB)
...
040 (7234686.006.000) 10/06 15:56:31 Started transferring output files
...
040 (7234686.006.000) 10/06 15:56:31 Finished transferring output files
...
005 (7234686.006.000) 10/06 15:56:32 Job terminated.
	(1) Normal termination (return value 50)
		Usr 1 17:05:57, Sys 0 00:10:08  -  Run Remote Usage
		Usr 0 00:00:00, Sys 0 00:00:00  -  Run Local Usage
		Usr 1 17:05:57, Sys 0 00:10:08  -  Total Remote Usage
		Usr 0 00:00:00, Sys 0 00:00:00  -  Total Local Usage
	15374  -  Run Bytes Sent By Job
	2419  -  Run Bytes Received By Job
	15374  -  Total Bytes Sent By Job
	2419  -  Total Bytes Received By Job
	Partitionable Resources :     Usage  Request Allocated 
	   Cpus                 :      0.90        1         1 
	   Disk (KB)            : 898475           3   3149390 
	   Memory (MB)          :   2139        2000      2000 

	Job terminated of its own accord at 2024-10-06T13:56:31Z with exit-code 50.
...
