000 (7234686.007.000) 10/04 05:18:44 Job submitted from host: <137.138.44.55:9618?addrs=137.138.44.55-9618+[2001-1458-d00-1a--48]-9618&alias=bigbird17.cern.ch&noUDP&sock=schedd_1981_6134>
...
040 (7234686.007.000) 10/04 19:24:16 Started transferring input files
	Transferring to host: <188.185.198.111:9618?addrs=188.185.198.111-9618+[2001-1458-303-25--100-6b]-9618&alias=b9p15p4924.cern.ch&noUDP&sock=slot1_5_1047965_e550_14354>
...
040 (7234686.007.000) 10/04 19:24:16 Finished transferring input files
...
001 (7234686.007.000) 10/04 19:24:17 Job executing on host: <188.185.198.111:9618?addrs=188.185.198.111-9618+[2001-1458-303-25--100-6b]-9618&alias=b9p15p4924.cern.ch&noUDP&sock=startd_11856_ceef>
	SlotName: slot1_5@b9p15p4924.cern.ch
	CondorScratchDir = "/pool/condor/dir_532291"
	Cpus = 1
	Disk = 3149390
	Memory = 2000
...
006 (7234686.007.000) 10/04 19:24:26 Image size of job updated: 264876
	259  -  MemoryUsage of job (MB)
	264868  -  ResidentSetSize of job (KB)
...
006 (7234686.007.000) 10/04 19:29:26 Image size of job updated: 933972
	710  -  MemoryUsage of job (MB)
	726332  -  ResidentSetSize of job (KB)
...
006 (7234686.007.000) 10/05 04:10:23 Image size of job updated: 933972
	712  -  MemoryUsage of job (MB)
	728156  -  ResidentSetSize of job (KB)
...
006 (7234686.007.000) 10/05 04:15:24 Image size of job updated: 933972
	712  -  MemoryUsage of job (MB)
	728236  -  ResidentSetSize of job (KB)
...
006 (7234686.007.000) 10/05 04:20:25 Image size of job updated: 933972
	712  -  MemoryUsage of job (MB)
	728348  -  ResidentSetSize of job (KB)
...
006 (7234686.007.000) 10/05 04:25:25 Image size of job updated: 933972
	714  -  MemoryUsage of job (MB)
	731092  -  ResidentSetSize of job (KB)
...
006 (7234686.007.000) 10/05 04:35:27 Image size of job updated: 933972
	715  -  MemoryUsage of job (MB)
	732012  -  ResidentSetSize of job (KB)
...
006 (7234686.007.000) 10/05 04:40:27 Image size of job updated: 933972
	717  -  MemoryUsage of job (MB)
	733688  -  ResidentSetSize of job (KB)
...
006 (7234686.007.000) 10/05 04:45:28 Image size of job updated: 933972
	719  -  MemoryUsage of job (MB)
	735796  -  ResidentSetSize of job (KB)
...
006 (7234686.007.000) 10/05 04:50:28 Image size of job updated: 933972
	720  -  MemoryUsage of job (MB)
	736640  -  ResidentSetSize of job (KB)
...
006 (7234686.007.000) 10/05 04:55:28 Image size of job updated: 933972
	722  -  MemoryUsage of job (MB)
	738468  -  ResidentSetSize of job (KB)
...
006 (7234686.007.000) 10/05 05:00:29 Image size of job updated: 933972
	723  -  MemoryUsage of job (MB)
	740288  -  ResidentSetSize of job (KB)
...
006 (7234686.007.000) 10/05 05:05:29 Image size of job updated: 933972
	728  -  MemoryUsage of job (MB)
	745232  -  ResidentSetSize of job (KB)
...
006 (7234686.007.000) 10/05 05:15:30 Image size of job updated: 933972
	729  -  MemoryUsage of job (MB)
	746360  -  ResidentSetSize of job (KB)
...
006 (7234686.007.000) 10/05 05:20:30 Image size of job updated: 933972
	730  -  MemoryUsage of job (MB)
	747160  -  ResidentSetSize of job (KB)
...
006 (7234686.007.000) 10/05 05:25:31 Image size of job updated: 933972
	732  -  MemoryUsage of job (MB)
	748704  -  ResidentSetSize of job (KB)
...
006 (7234686.007.000) 10/05 05:30:31 Image size of job updated: 933972
	733  -  MemoryUsage of job (MB)
	750136  -  ResidentSetSize of job (KB)
...
006 (7234686.007.000) 10/05 05:35:31 Image size of job updated: 933972
	735  -  MemoryUsage of job (MB)
	751820  -  ResidentSetSize of job (KB)
...
006 (7234686.007.000) 10/05 05:40:32 Image size of job updated: 933972
	737  -  MemoryUsage of job (MB)
	754076  -  ResidentSetSize of job (KB)
...
006 (7234686.007.000) 10/05 05:45:32 Image size of job updated: 933972
	737  -  MemoryUsage of job (MB)
	754352  -  ResidentSetSize of job (KB)
...
006 (7234686.007.000) 10/05 05:50:33 Image size of job updated: 933972
	738  -  MemoryUsage of job (MB)
	755284  -  ResidentSetSize of job (KB)
...
006 (7234686.007.000) 10/05 05:55:34 Image size of job updated: 933972
	739  -  MemoryUsage of job (MB)
	756448  -  ResidentSetSize of job (KB)
...
006 (7234686.007.000) 10/05 06:00:34 Image size of job updated: 933972
	741  -  MemoryUsage of job (MB)
	757916  -  ResidentSetSize of job (KB)
...
006 (7234686.007.000) 10/05 06:05:35 Image size of job updated: 933972
	742  -  MemoryUsage of job (MB)
	759640  -  ResidentSetSize of job (KB)
...
006 (7234686.007.000) 10/05 06:10:36 Image size of job updated: 933972
	746  -  MemoryUsage of job (MB)
	763288  -  ResidentSetSize of job (KB)
...
006 (7234686.007.000) 10/05 06:15:36 Image size of job updated: 933972
	749  -  MemoryUsage of job (MB)
	765976  -  ResidentSetSize of job (KB)
...
006 (7234686.007.000) 10/05 06:20:37 Image size of job updated: 933972
	752  -  MemoryUsage of job (MB)
	769664  -  ResidentSetSize of job (KB)
...
006 (7234686.007.000) 10/05 06:25:38 Image size of job updated: 933972
	754  -  MemoryUsage of job (MB)
	771956  -  ResidentSetSize of job (KB)
...
006 (7234686.007.000) 10/05 06:35:39 Image size of job updated: 933972
	755  -  MemoryUsage of job (MB)
	772576  -  ResidentSetSize of job (KB)
...
006 (7234686.007.000) 10/05 06:40:40 Image size of job updated: 933972
	756  -  MemoryUsage of job (MB)
	773408  -  ResidentSetSize of job (KB)
...
006 (7234686.007.000) 10/05 06:45:40 Image size of job updated: 933972
	757  -  MemoryUsage of job (MB)
	774540  -  ResidentSetSize of job (KB)
...
006 (7234686.007.000) 10/05 06:50:41 Image size of job updated: 933972
	758  -  MemoryUsage of job (MB)
	775376  -  ResidentSetSize of job (KB)
...
006 (7234686.007.000) 10/05 06:55:42 Image size of job updated: 933972
	759  -  MemoryUsage of job (MB)
	777016  -  ResidentSetSize of job (KB)
...
006 (7234686.007.000) 10/05 07:00:42 Image size of job updated: 933972
	759  -  MemoryUsage of job (MB)
	777172  -  ResidentSetSize of job (KB)
...
006 (7234686.007.000) 10/05 07:10:44 Image size of job updated: 933972
	761  -  MemoryUsage of job (MB)
	779060  -  ResidentSetSize of job (KB)
...
006 (7234686.007.000) 10/05 07:15:44 Image size of job updated: 933972
	763  -  MemoryUsage of job (MB)
	780364  -  ResidentSetSize of job (KB)
...
006 (7234686.007.000) 10/05 07:25:45 Image size of job updated: 933972
	765  -  MemoryUsage of job (MB)
	782896  -  ResidentSetSize of job (KB)
...
006 (7234686.007.000) 10/05 07:30:45 Image size of job updated: 933972
	766  -  MemoryUsage of job (MB)
	783440  -  ResidentSetSize of job (KB)
...
006 (7234686.007.000) 10/05 07:40:46 Image size of job updated: 933972
	767  -  MemoryUsage of job (MB)
	784576  -  ResidentSetSize of job (KB)
...
006 (7234686.007.000) 10/05 07:45:47 Image size of job updated: 933972
	769  -  MemoryUsage of job (MB)
	786548  -  ResidentSetSize of job (KB)
...
006 (7234686.007.000) 10/05 07:50:47 Image size of job updated: 933972
	769  -  MemoryUsage of job (MB)
	787452  -  ResidentSetSize of job (KB)
...
006 (7234686.007.000) 10/05 07:55:48 Image size of job updated: 933972
	770  -  MemoryUsage of job (MB)
	787980  -  ResidentSetSize of job (KB)
...
006 (7234686.007.000) 10/05 08:00:49 Image size of job updated: 933972
	771  -  MemoryUsage of job (MB)
	789172  -  ResidentSetSize of job (KB)
...
006 (7234686.007.000) 10/05 08:05:49 Image size of job updated: 933972
	772  -  MemoryUsage of job (MB)
	789584  -  ResidentSetSize of job (KB)
...
006 (7234686.007.000) 10/05 08:10:50 Image size of job updated: 933972
	772  -  MemoryUsage of job (MB)
	790348  -  ResidentSetSize of job (KB)
...
006 (7234686.007.000) 10/05 08:15:50 Image size of job updated: 933972
	775  -  MemoryUsage of job (MB)
	792928  -  ResidentSetSize of job (KB)
...
006 (7234686.007.000) 10/05 08:25:51 Image size of job updated: 933972
	778  -  MemoryUsage of job (MB)
	796412  -  ResidentSetSize of job (KB)
...
006 (7234686.007.000) 10/05 08:30:51 Image size of job updated: 933972
	784  -  MemoryUsage of job (MB)
	801996  -  ResidentSetSize of job (KB)
...
006 (7234686.007.000) 10/06 14:54:05 Image size of job updated: 2291596
	2238  -  MemoryUsage of job (MB)
	2291592  -  ResidentSetSize of job (KB)
...
006 (7234686.007.000) 10/06 14:59:05 Image size of job updated: 2499532
	2441  -  MemoryUsage of job (MB)
	2499532  -  ResidentSetSize of job (KB)
...
006 (7234686.007.000) 10/06 15:02:20 Image size of job updated: 2621812
	2441  -  MemoryUsage of job (MB)
	2499532  -  ResidentSetSize of job (KB)
...
040 (7234686.007.000) 10/06 15:02:20 Started transferring output files
...
040 (7234686.007.000) 10/06 15:02:20 Finished transferring output files
...
005 (7234686.007.000) 10/06 15:02:21 Job terminated.
	(1) Normal termination (return value 50)
		Usr 1 17:00:22, Sys 0 00:08:00  -  Run Remote Usage
		Usr 0 00:00:00, Sys 0 00:00:00  -  Run Local Usage
		Usr 1 17:00:22, Sys 0 00:08:00  -  Total Remote Usage
		Usr 0 00:00:00, Sys 0 00:00:00  -  Total Local Usage
	15371  -  Run Bytes Sent By Job
	2419  -  Run Bytes Received By Job
	15371  -  Total Bytes Sent By Job
	2419  -  Total Bytes Received By Job
	Partitionable Resources :     Usage  Request Allocated 
	   Cpus                 :      0.87        1         1 
	   Disk (KB)            : 895876           3   3149390 
	   Memory (MB)          :   2441        2000      2000 

	Job terminated of its own accord at 2024-10-06T13:02:20Z with exit-code 50.
...
