000 (7234686.000.000) 10/04 05:18:44 Job submitted from host: <137.138.44.55:9618?addrs=137.138.44.55-9618+[2001-1458-d00-1a--48]-9618&alias=bigbird17.cern.ch&noUDP&sock=schedd_1981_6134>
...
040 (7234686.000.000) 10/04 16:51:34 Started transferring input files
	Transferring to host: <128.142.248.197:9618?addrs=128.142.248.197-9618+[2001-1458-301-73--100-c4]-9618&alias=b9g23p2961.cern.ch&noUDP&sock=slot1_52_2232953_240b_37340>
...
040 (7234686.000.000) 10/04 16:51:34 Finished transferring input files
...
001 (7234686.000.000) 10/04 16:51:35 Job executing on host: <128.142.248.197:9618?addrs=128.142.248.197-9618+[2001-1458-301-73--100-c4]-9618&alias=b9g23p2961.cern.ch&noUDP&sock=startd_5911_0866>
	SlotName: slot1_52@b9g23p2961.cern.ch
	CondorScratchDir = "/pool/condor/dir_2927919"
	Cpus = 1
	Disk = 3093583
	Memory = 2000
...
006 (7234686.000.000) 10/04 16:51:44 Image size of job updated: 3
	0  -  MemoryUsage of job (MB)
	0  -  ResidentSetSize of job (KB)
...
006 (7234686.000.000) 10/04 16:56:45 Image size of job updated: 957744
	759  -  MemoryUsage of job (MB)
	776628  -  ResidentSetSize of job (KB)
...
006 (7234686.000.000) 10/05 20:39:32 Image size of job updated: 2316256
	2262  -  MemoryUsage of job (MB)
	2316256  -  ResidentSetSize of job (KB)
...
006 (7234686.000.000) 10/05 20:44:32 Image size of job updated: 2582388
	2522  -  MemoryUsage of job (MB)
	2582156  -  ResidentSetSize of job (KB)
...
006 (7234686.000.000) 10/05 20:44:53 Image size of job updated: 2590196
	2522  -  MemoryUsage of job (MB)
	2582356  -  ResidentSetSize of job (KB)
...
040 (7234686.000.000) 10/05 20:44:53 Started transferring output files
...
040 (7234686.000.000) 10/05 20:44:53 Finished transferring output files
...
005 (7234686.000.000) 10/05 20:44:53 Job terminated.
	(1) Normal termination (return value 50)
		Usr 1 03:17:27, Sys 0 00:12:34  -  Run Remote Usage
		Usr 0 00:00:00, Sys 0 00:00:00  -  Run Local Usage
		Usr 1 03:17:27, Sys 0 00:12:34  -  Total Remote Usage
		Usr 0 00:00:00, Sys 0 00:00:00  -  Total Local Usage
	15869  -  Run Bytes Sent By Job
	2419  -  Run Bytes Received By Job
	15869  -  Total Bytes Sent By Job
	2419  -  Total Bytes Received By Job
	Partitionable Resources :     Usage  Request Allocated 
	   Cpus                 :      0.97        1         1 
	   Disk (KB)            : 912584           3   3093583 
	   Memory (MB)          :   2522        2000      2000 

	Job terminated of its own accord at 2024-10-05T18:44:53Z with exit-code 50.
...
