000 (7216738.003.000) 09/18 03:15:04 Job submitted from host: <137.138.44.55:9618?addrs=137.138.44.55-9618+[2001-1458-d00-1a--48]-9618&alias=bigbird17.cern.ch&noUDP&sock=schedd_1981_6134>
...
040 (7216738.003.000) 09/18 03:16:01 Started transferring input files
	Transferring to host: <188.185.92.203:9618?addrs=188.185.92.203-9618+[2001-1458-d00-6c--100-2c0]-9618&alias=b9g57n2077.cern.ch&noUDP&sock=slot1_1_183059_602d_84741>
...
040 (7216738.003.000) 09/18 03:16:01 Finished transferring input files
...
001 (7216738.003.000) 09/18 03:16:02 Job executing on host: <188.185.92.203:9618?addrs=188.185.92.203-9618+[2001-1458-d00-6c--100-2c0]-9618&alias=b9g57n2077.cern.ch&noUDP&sock=startd_153346_2e01>
	SlotName: slot1_1@b9g57n2077.cern.ch
	AvailableGPUs = { GPUs_GPU_f7b29eb4 }
	CondorScratchDir = "/pool/condor/dir_2103405"
	Cpus = 1
	Disk = 342647
	GPUs = 1
	GPUs_GPU_f7b29eb4 = [ GlobalMemoryMb = 40326; MaxSupportedVersion = 12040; DriverVersion = 12.4; DeviceUuid = "f7b29eb4-a8a4-2aa2-9117-94b506dacb04"; DeviceName = "NVIDIA A100-PCIE-40GB"; CoresPerCU = 64; ECCEnabled = true; ComputeUnits = 108; ClockMhz = 1410.0; Id = "GPU-f7b29eb4"; DevicePciBusId = "0000:06:00.0"; Capability = 8.0 ]
	Memory = 2000
...
006 (7216738.003.000) 09/18 03:16:12 Image size of job updated: 2018640
	1972  -  MemoryUsage of job (MB)
	2018600  -  ResidentSetSize of job (KB)
...
006 (7216738.003.000) 09/18 03:21:12 Image size of job updated: 2686088
	2609  -  MemoryUsage of job (MB)
	2670880  -  ResidentSetSize of job (KB)
...
006 (7216738.003.000) 09/18 03:26:13 Image size of job updated: 2909568
	2737  -  MemoryUsage of job (MB)
	2802516  -  ResidentSetSize of job (KB)
...
006 (7216738.003.000) 09/18 03:31:13 Image size of job updated: 3167400
	3094  -  MemoryUsage of job (MB)
	3167320  -  ResidentSetSize of job (KB)
...
006 (7216738.003.000) 09/18 03:36:14 Image size of job updated: 3472268
	3229  -  MemoryUsage of job (MB)
	3305716  -  ResidentSetSize of job (KB)
...
006 (7216738.003.000) 09/18 03:41:14 Image size of job updated: 3750648
	3538  -  MemoryUsage of job (MB)
	3622580  -  ResidentSetSize of job (KB)
...
006 (7216738.003.000) 09/18 03:46:15 Image size of job updated: 4253504
	4079  -  MemoryUsage of job (MB)
	4176744  -  ResidentSetSize of job (KB)
...
006 (7216738.003.000) 09/18 03:48:38 Image size of job updated: 7126072
	4079  -  MemoryUsage of job (MB)
	4176744  -  ResidentSetSize of job (KB)
...
040 (7216738.003.000) 09/18 03:48:43 Started transferring output files
...
040 (7216738.003.000) 09/18 03:48:43 Finished transferring output files
...
005 (7216738.003.000) 09/18 03:48:43 Job terminated.
	(1) Normal termination (return value 50)
		Usr 0 00:14:12, Sys 0 00:09:40  -  Run Remote Usage
		Usr 0 00:00:00, Sys 0 00:00:00  -  Run Local Usage
		Usr 0 00:14:12, Sys 0 00:09:40  -  Total Remote Usage
		Usr 0 00:00:00, Sys 0 00:00:00  -  Total Local Usage
	52467  -  Run Bytes Sent By Job
	2926  -  Run Bytes Received By Job
	52467  -  Total Bytes Sent By Job
	2926  -  Total Bytes Received By Job
	Partitionable Resources :      Usage  Request Allocated Assigned
	   Cpus                 :       0.66        1         1 
	   Disk (KB)            : 3382091           3    342647 
	   Gpus (Average)       :       0.03        1         1 "GPU-f7b29eb4"
	   GpusMemory (MB)      :    1899                       
	   Memory (MB)          :    4079        2000      2000 

	Job terminated of its own accord at 2024-09-18T01:48:38Z with exit-code 50.
...
