000 (7216736.007.000) 09/18 03:15:03 Job submitted from host: <137.138.44.55:9618?addrs=137.138.44.55-9618+[2001-1458-d00-1a--48]-9618&alias=bigbird17.cern.ch&noUDP&sock=schedd_1981_6134>
...
040 (7216736.007.000) 09/18 11:46:29 Started transferring input files
	Transferring to host: <128.142.248.123:9618?addrs=128.142.248.123-9618+[2001-1458-301-73--100-16b]-9618&alias=b9g23p2657.cern.ch&noUDP&sock=slot1_64_443391_d207_19205>
...
040 (7216736.007.000) 09/18 11:46:29 Finished transferring input files
...
001 (7216736.007.000) 09/18 11:46:30 Job executing on host: <128.142.248.123:9618?addrs=128.142.248.123-9618+[2001-1458-301-73--100-16b]-9618&alias=b9g23p2657.cern.ch&noUDP&sock=startd_7091_6a27>
	SlotName: slot1_64@b9g23p2657.cern.ch
	CondorScratchDir = "/pool/condor/dir_1114003"
	Cpus = 1
	Disk = 3057279
	Memory = 2000
...
006 (7216736.007.000) 09/18 11:46:39 Image size of job updated: 592348
	579  -  MemoryUsage of job (MB)
	592228  -  ResidentSetSize of job (KB)
...
006 (7216736.007.000) 09/18 11:51:40 Image size of job updated: 1803128
	1488  -  MemoryUsage of job (MB)
	1523260  -  ResidentSetSize of job (KB)
...
006 (7216736.007.000) 09/18 11:56:40 Image size of job updated: 1803128
	1554  -  MemoryUsage of job (MB)
	1590812  -  ResidentSetSize of job (KB)
...
006 (7216736.007.000) 09/18 12:01:40 Image size of job updated: 1803128
	1577  -  MemoryUsage of job (MB)
	1614436  -  ResidentSetSize of job (KB)
...
006 (7216736.007.000) 09/18 12:06:40 Image size of job updated: 1803128
	1633  -  MemoryUsage of job (MB)
	1672052  -  ResidentSetSize of job (KB)
...
006 (7216736.007.000) 09/18 12:11:40 Image size of job updated: 1803128
	1688  -  MemoryUsage of job (MB)
	1727580  -  ResidentSetSize of job (KB)
...
006 (7216736.007.000) 09/18 12:16:40 Image size of job updated: 1804848
	1744  -  MemoryUsage of job (MB)
	1785612  -  ResidentSetSize of job (KB)
...
006 (7216736.007.000) 09/18 12:21:40 Image size of job updated: 1872140
	1821  -  MemoryUsage of job (MB)
	1864612  -  ResidentSetSize of job (KB)
...
006 (7216736.007.000) 09/18 12:26:40 Image size of job updated: 1921056
	1864  -  MemoryUsage of job (MB)
	1907896  -  ResidentSetSize of job (KB)
...
006 (7216736.007.000) 09/18 12:31:40 Image size of job updated: 1958484
	1882  -  MemoryUsage of job (MB)
	1926680  -  ResidentSetSize of job (KB)
...
006 (7216736.007.000) 09/18 12:36:40 Image size of job updated: 2108660
	2032  -  MemoryUsage of job (MB)
	2079960  -  ResidentSetSize of job (KB)
...
006 (7216736.007.000) 09/18 12:41:40 Image size of job updated: 2188404
	2131  -  MemoryUsage of job (MB)
	2181376  -  ResidentSetSize of job (KB)
...
006 (7216736.007.000) 09/18 12:46:40 Image size of job updated: 2223268
	2165  -  MemoryUsage of job (MB)
	2216208  -  ResidentSetSize of job (KB)
...
006 (7216736.007.000) 09/18 12:51:40 Image size of job updated: 2344652
	2279  -  MemoryUsage of job (MB)
	2333484  -  ResidentSetSize of job (KB)
...
006 (7216736.007.000) 09/18 12:56:40 Image size of job updated: 2379368
	2319  -  MemoryUsage of job (MB)
	2374064  -  ResidentSetSize of job (KB)
...
006 (7216736.007.000) 09/18 13:01:40 Image size of job updated: 2435548
	2379  -  MemoryUsage of job (MB)
	2435504  -  ResidentSetSize of job (KB)
...
006 (7216736.007.000) 09/18 13:06:40 Image size of job updated: 2493176
	2418  -  MemoryUsage of job (MB)
	2475756  -  ResidentSetSize of job (KB)
...
006 (7216736.007.000) 09/18 13:11:40 Image size of job updated: 2595792
	2525  -  MemoryUsage of job (MB)
	2585052  -  ResidentSetSize of job (KB)
...
006 (7216736.007.000) 09/18 13:16:40 Image size of job updated: 2760240
	2668  -  MemoryUsage of job (MB)
	2731204  -  ResidentSetSize of job (KB)
...
006 (7216736.007.000) 09/18 13:21:40 Image size of job updated: 2825780
	2753  -  MemoryUsage of job (MB)
	2818312  -  ResidentSetSize of job (KB)
...
006 (7216736.007.000) 09/18 13:26:40 Image size of job updated: 2902528
	2818  -  MemoryUsage of job (MB)
	2885416  -  ResidentSetSize of job (KB)
...
006 (7216736.007.000) 09/18 13:31:40 Image size of job updated: 2930912
	2863  -  MemoryUsage of job (MB)
	2930752  -  ResidentSetSize of job (KB)
...
006 (7216736.007.000) 09/18 13:36:40 Image size of job updated: 2975080
	2906  -  MemoryUsage of job (MB)
	2974828  -  ResidentSetSize of job (KB)
...
006 (7216736.007.000) 09/18 13:41:40 Image size of job updated: 3041476
	2953  -  MemoryUsage of job (MB)
	3023868  -  ResidentSetSize of job (KB)
...
006 (7216736.007.000) 09/18 13:46:40 Image size of job updated: 3079944
	3002  -  MemoryUsage of job (MB)
	3073140  -  ResidentSetSize of job (KB)
...
006 (7216736.007.000) 09/18 13:51:40 Image size of job updated: 3168564
	3074  -  MemoryUsage of job (MB)
	3147672  -  ResidentSetSize of job (KB)
...
006 (7216736.007.000) 09/18 13:56:40 Image size of job updated: 3202560
	3118  -  MemoryUsage of job (MB)
	3192720  -  ResidentSetSize of job (KB)
...
006 (7216736.007.000) 09/18 14:01:41 Image size of job updated: 3264208
	3188  -  MemoryUsage of job (MB)
	3264072  -  ResidentSetSize of job (KB)
...
006 (7216736.007.000) 09/18 14:06:42 Image size of job updated: 3300524
	3188  -  MemoryUsage of job (MB)
	3264328  -  ResidentSetSize of job (KB)
...
006 (7216736.007.000) 09/18 14:11:43 Image size of job updated: 3305952
	3212  -  MemoryUsage of job (MB)
	3288568  -  ResidentSetSize of job (KB)
...
006 (7216736.007.000) 09/18 14:16:45 Image size of job updated: 3387284
	3256  -  MemoryUsage of job (MB)
	3333416  -  ResidentSetSize of job (KB)
...
006 (7216736.007.000) 09/18 14:21:46 Image size of job updated: 3436584
	3350  -  MemoryUsage of job (MB)
	3429836  -  ResidentSetSize of job (KB)
...
006 (7216736.007.000) 09/18 14:26:47 Image size of job updated: 3607328
	3501  -  MemoryUsage of job (MB)
	3584876  -  ResidentSetSize of job (KB)
...
006 (7216736.007.000) 09/18 14:31:48 Image size of job updated: 3676572
	3583  -  MemoryUsage of job (MB)
	3668348  -  ResidentSetSize of job (KB)
...
006 (7216736.007.000) 09/18 14:36:49 Image size of job updated: 3857032
	3763  -  MemoryUsage of job (MB)
	3852800  -  ResidentSetSize of job (KB)
...
006 (7216736.007.000) 09/18 14:41:50 Image size of job updated: 3895976
	3787  -  MemoryUsage of job (MB)
	3877396  -  ResidentSetSize of job (KB)
...
006 (7216736.007.000) 09/18 14:46:51 Image size of job updated: 4175760
	4058  -  MemoryUsage of job (MB)
	4154884  -  ResidentSetSize of job (KB)
...
006 (7216736.007.000) 09/18 14:51:52 Image size of job updated: 4545268
	4351  -  MemoryUsage of job (MB)
	4454444  -  ResidentSetSize of job (KB)
...
006 (7216736.007.000) 09/18 14:56:53 Image size of job updated: 4545268
	4381  -  MemoryUsage of job (MB)
	4485720  -  ResidentSetSize of job (KB)
...
006 (7216736.007.000) 09/18 15:01:53 Image size of job updated: 4545268
	4381  -  MemoryUsage of job (MB)
	4485976  -  ResidentSetSize of job (KB)
...
006 (7216736.007.000) 09/18 15:11:53 Image size of job updated: 4583532
	4477  -  MemoryUsage of job (MB)
	4583492  -  ResidentSetSize of job (KB)
...
006 (7216736.007.000) 09/18 15:16:53 Image size of job updated: 4633456
	4525  -  MemoryUsage of job (MB)
	4633456  -  ResidentSetSize of job (KB)
...
006 (7216736.007.000) 09/18 15:21:53 Image size of job updated: 4693884
	4584  -  MemoryUsage of job (MB)
	4693884  -  ResidentSetSize of job (KB)
...
006 (7216736.007.000) 09/18 15:26:53 Image size of job updated: 4789332
	4678  -  MemoryUsage of job (MB)
	4789332  -  ResidentSetSize of job (KB)
...
006 (7216736.007.000) 09/18 15:31:53 Image size of job updated: 4883628
	4678  -  MemoryUsage of job (MB)
	4789332  -  ResidentSetSize of job (KB)
...
006 (7216736.007.000) 09/18 15:41:53 Image size of job updated: 4940880
	4826  -  MemoryUsage of job (MB)
	4940880  -  ResidentSetSize of job (KB)
...
006 (7216736.007.000) 09/18 15:46:53 Image size of job updated: 5173000
	5052  -  MemoryUsage of job (MB)
	5173000  -  ResidentSetSize of job (KB)
...
006 (7216736.007.000) 09/18 15:51:53 Image size of job updated: 5399976
	5274  -  MemoryUsage of job (MB)
	5399976  -  ResidentSetSize of job (KB)
...
006 (7216736.007.000) 09/18 15:56:53 Image size of job updated: 5626184
	5495  -  MemoryUsage of job (MB)
	5626184  -  ResidentSetSize of job (KB)
...
006 (7216736.007.000) 09/18 16:01:53 Image size of job updated: 5859008
	5722  -  MemoryUsage of job (MB)
	5858896  -  ResidentSetSize of job (KB)
...
006 (7216736.007.000) 09/18 16:06:53 Image size of job updated: 6084348
	5942  -  MemoryUsage of job (MB)
	6084344  -  ResidentSetSize of job (KB)
...
006 (7216736.007.000) 09/18 16:11:53 Image size of job updated: 6314964
	6167  -  MemoryUsage of job (MB)
	6314960  -  ResidentSetSize of job (KB)
...
006 (7216736.007.000) 09/18 16:16:53 Image size of job updated: 6546240
	6393  -  MemoryUsage of job (MB)
	6546240  -  ResidentSetSize of job (KB)
...
006 (7216736.007.000) 09/18 16:21:53 Image size of job updated: 6773540
	6615  -  MemoryUsage of job (MB)
	6773540  -  ResidentSetSize of job (KB)
...
006 (7216736.007.000) 09/18 16:26:53 Image size of job updated: 7007732
	6844  -  MemoryUsage of job (MB)
	7007732  -  ResidentSetSize of job (KB)
...
006 (7216736.007.000) 09/18 16:31:53 Image size of job updated: 7242004
	7073  -  MemoryUsage of job (MB)
	7242004  -  ResidentSetSize of job (KB)
...
006 (7216736.007.000) 09/18 16:36:53 Image size of job updated: 7479940
	7305  -  MemoryUsage of job (MB)
	7479940  -  ResidentSetSize of job (KB)
...
006 (7216736.007.000) 09/18 16:41:53 Image size of job updated: 7725076
	7545  -  MemoryUsage of job (MB)
	7725076  -  ResidentSetSize of job (KB)
...
006 (7216736.007.000) 09/18 16:46:53 Image size of job updated: 7966588
	7780  -  MemoryUsage of job (MB)
	7966588  -  ResidentSetSize of job (KB)
...
006 (7216736.007.000) 09/18 16:50:49 Image size of job updated: 8065616
	7781  -  MemoryUsage of job (MB)
	7966844  -  ResidentSetSize of job (KB)
...
040 (7216736.007.000) 09/18 16:50:50 Started transferring output files
...
040 (7216736.007.000) 09/18 16:50:50 Finished transferring output files
...
005 (7216736.007.000) 09/18 16:50:50 Job terminated.
	(1) Normal termination (return value 50)
		Usr 0 04:44:16, Sys 0 00:07:31  -  Run Remote Usage
		Usr 0 00:00:00, Sys 0 00:00:00  -  Run Local Usage
		Usr 0 04:44:16, Sys 0 00:07:31  -  Total Remote Usage
		Usr 0 00:00:00, Sys 0 00:00:00  -  Total Local Usage
	156317  -  Run Bytes Sent By Job
	2929  -  Run Bytes Received By Job
	156317  -  Total Bytes Sent By Job
	2929  -  Total Bytes Received By Job
	Partitionable Resources :      Usage  Request Allocated 
	   Cpus                 :       0.99        1         1 
	   Disk (KB)            : 4655064           3   3057279 
	   Memory (MB)          :    7781        2000      2000 

	Job terminated of its own accord at 2024-09-18T14:50:49Z with exit-code 50.
...
