000 (7216736.005.000) 09/18 03:15:03 Job submitted from host: <137.138.44.55:9618?addrs=137.138.44.55-9618+[2001-1458-d00-1a--48]-9618&alias=bigbird17.cern.ch&noUDP&sock=schedd_1981_6134>
...
040 (7216736.005.000) 09/18 11:46:28 Started transferring input files
	Transferring to host: <128.142.248.123:9618?addrs=128.142.248.123-9618+[2001-1458-301-73--100-16b]-9618&alias=b9g23p2657.cern.ch&noUDP&sock=slot1_58_443391_d207_19203>
...
040 (7216736.005.000) 09/18 11:46:28 Finished transferring input files
...
001 (7216736.005.000) 09/18 11:46:29 Job executing on host: <128.142.248.123:9618?addrs=128.142.248.123-9618+[2001-1458-301-73--100-16b]-9618&alias=b9g23p2657.cern.ch&noUDP&sock=startd_7091_6a27>
	SlotName: slot1_58@b9g23p2657.cern.ch
	CondorScratchDir = "/pool/condor/dir_1113992"
	Cpus = 1
	Disk = 3057293
	Memory = 2000
...
006 (7216736.005.000) 09/18 11:46:38 Image size of job updated: 441868
	432  -  MemoryUsage of job (MB)
	441808  -  ResidentSetSize of job (KB)
...
006 (7216736.005.000) 09/18 11:51:38 Image size of job updated: 1804652
	1490  -  MemoryUsage of job (MB)
	1525724  -  ResidentSetSize of job (KB)
...
006 (7216736.005.000) 09/18 11:56:38 Image size of job updated: 1804652
	1546  -  MemoryUsage of job (MB)
	1582084  -  ResidentSetSize of job (KB)
...
006 (7216736.005.000) 09/18 12:01:38 Image size of job updated: 1804652
	1606  -  MemoryUsage of job (MB)
	1644404  -  ResidentSetSize of job (KB)
...
006 (7216736.005.000) 09/18 12:06:38 Image size of job updated: 1804652
	1636  -  MemoryUsage of job (MB)
	1674336  -  ResidentSetSize of job (KB)
...
006 (7216736.005.000) 09/18 12:11:38 Image size of job updated: 1804652
	1690  -  MemoryUsage of job (MB)
	1729912  -  ResidentSetSize of job (KB)
...
006 (7216736.005.000) 09/18 12:16:38 Image size of job updated: 1807136
	1752  -  MemoryUsage of job (MB)
	1793396  -  ResidentSetSize of job (KB)
...
006 (7216736.005.000) 09/18 12:21:38 Image size of job updated: 1873964
	1826  -  MemoryUsage of job (MB)
	1869384  -  ResidentSetSize of job (KB)
...
006 (7216736.005.000) 09/18 12:26:39 Image size of job updated: 1923388
	1863  -  MemoryUsage of job (MB)
	1907444  -  ResidentSetSize of job (KB)
...
006 (7216736.005.000) 09/18 12:31:40 Image size of job updated: 1961504
	1909  -  MemoryUsage of job (MB)
	1954096  -  ResidentSetSize of job (KB)
...
006 (7216736.005.000) 09/18 12:36:41 Image size of job updated: 2110704
	2046  -  MemoryUsage of job (MB)
	2094144  -  ResidentSetSize of job (KB)
...
006 (7216736.005.000) 09/18 12:41:42 Image size of job updated: 2193624
	2134  -  MemoryUsage of job (MB)
	2184236  -  ResidentSetSize of job (KB)
...
006 (7216736.005.000) 09/18 12:46:43 Image size of job updated: 2224100
	2157  -  MemoryUsage of job (MB)
	2207928  -  ResidentSetSize of job (KB)
...
006 (7216736.005.000) 09/18 12:51:44 Image size of job updated: 2345448
	2277  -  MemoryUsage of job (MB)
	2330652  -  ResidentSetSize of job (KB)
...
006 (7216736.005.000) 09/18 12:56:45 Image size of job updated: 2380240
	2320  -  MemoryUsage of job (MB)
	2374704  -  ResidentSetSize of job (KB)
...
006 (7216736.005.000) 09/18 13:01:46 Image size of job updated: 2436968
	2376  -  MemoryUsage of job (MB)
	2432784  -  ResidentSetSize of job (KB)
...
006 (7216736.005.000) 09/18 13:06:46 Image size of job updated: 2493640
	2419  -  MemoryUsage of job (MB)
	2476940  -  ResidentSetSize of job (KB)
...
006 (7216736.005.000) 09/18 13:11:47 Image size of job updated: 2596192
	2522  -  MemoryUsage of job (MB)
	2582356  -  ResidentSetSize of job (KB)
...
006 (7216736.005.000) 09/18 13:16:48 Image size of job updated: 2761712
	2676  -  MemoryUsage of job (MB)
	2739540  -  ResidentSetSize of job (KB)
...
006 (7216736.005.000) 09/18 13:21:49 Image size of job updated: 2827960
	2762  -  MemoryUsage of job (MB)
	2827960  -  ResidentSetSize of job (KB)
...
006 (7216736.005.000) 09/18 13:26:49 Image size of job updated: 2902900
	2827  -  MemoryUsage of job (MB)
	2894828  -  ResidentSetSize of job (KB)
...
006 (7216736.005.000) 09/18 13:31:49 Image size of job updated: 2932448
	2864  -  MemoryUsage of job (MB)
	2932444  -  ResidentSetSize of job (KB)
...
006 (7216736.005.000) 09/18 13:36:49 Image size of job updated: 2976220
	2901  -  MemoryUsage of job (MB)
	2969636  -  ResidentSetSize of job (KB)
...
006 (7216736.005.000) 09/18 13:41:49 Image size of job updated: 3041740
	2953  -  MemoryUsage of job (MB)
	3023532  -  ResidentSetSize of job (KB)
...
006 (7216736.005.000) 09/18 13:46:49 Image size of job updated: 3080272
	3006  -  MemoryUsage of job (MB)
	3077796  -  ResidentSetSize of job (KB)
...
006 (7216736.005.000) 09/18 13:51:49 Image size of job updated: 3169992
	3074  -  MemoryUsage of job (MB)
	3147168  -  ResidentSetSize of job (KB)
...
006 (7216736.005.000) 09/18 13:56:49 Image size of job updated: 3203012
	3118  -  MemoryUsage of job (MB)
	3191952  -  ResidentSetSize of job (KB)
...
006 (7216736.005.000) 09/18 14:01:49 Image size of job updated: 3240192
	3165  -  MemoryUsage of job (MB)
	3240192  -  ResidentSetSize of job (KB)
...
006 (7216736.005.000) 09/18 14:06:49 Image size of job updated: 3276372
	3165  -  MemoryUsage of job (MB)
	3240192  -  ResidentSetSize of job (KB)
...
006 (7216736.005.000) 09/18 14:11:49 Image size of job updated: 3281436
	3201  -  MemoryUsage of job (MB)
	3277308  -  ResidentSetSize of job (KB)
...
006 (7216736.005.000) 09/18 14:16:49 Image size of job updated: 3361936
	3268  -  MemoryUsage of job (MB)
	3345880  -  ResidentSetSize of job (KB)
...
006 (7216736.005.000) 09/18 14:21:49 Image size of job updated: 3413204
	3327  -  MemoryUsage of job (MB)
	3406032  -  ResidentSetSize of job (KB)
...
006 (7216736.005.000) 09/18 14:26:49 Image size of job updated: 3580888
	3495  -  MemoryUsage of job (MB)
	3577888  -  ResidentSetSize of job (KB)
...
006 (7216736.005.000) 09/18 14:31:49 Image size of job updated: 3652472
	3519  -  MemoryUsage of job (MB)
	3602888  -  ResidentSetSize of job (KB)
...
006 (7216736.005.000) 09/18 14:36:50 Image size of job updated: 3834300
	3745  -  MemoryUsage of job (MB)
	3834256  -  ResidentSetSize of job (KB)
...
006 (7216736.005.000) 09/18 14:41:50 Image size of job updated: 3867440
	3745  -  MemoryUsage of job (MB)
	3834256  -  ResidentSetSize of job (KB)
...
006 (7216736.005.000) 09/18 14:46:50 Image size of job updated: 4140008
	4018  -  MemoryUsage of job (MB)
	4114120  -  ResidentSetSize of job (KB)
...
006 (7216736.005.000) 09/18 14:51:50 Image size of job updated: 4473292
	4253  -  MemoryUsage of job (MB)
	4355004  -  ResidentSetSize of job (KB)
...
006 (7216736.005.000) 09/18 14:56:50 Image size of job updated: 4473292
	4277  -  MemoryUsage of job (MB)
	4378704  -  ResidentSetSize of job (KB)
...
006 (7216736.005.000) 09/18 15:11:50 Image size of job updated: 4473292
	4331  -  MemoryUsage of job (MB)
	4434452  -  ResidentSetSize of job (KB)
...
006 (7216736.005.000) 09/18 15:16:50 Image size of job updated: 4487028
	4382  -  MemoryUsage of job (MB)
	4487028  -  ResidentSetSize of job (KB)
...
006 (7216736.005.000) 09/18 15:21:50 Image size of job updated: 4551644
	4445  -  MemoryUsage of job (MB)
	4551644  -  ResidentSetSize of job (KB)
...
006 (7216736.005.000) 09/18 15:26:51 Image size of job updated: 4674444
	4565  -  MemoryUsage of job (MB)
	4674220  -  ResidentSetSize of job (KB)
...
006 (7216736.005.000) 09/18 15:31:52 Image size of job updated: 5473788
	5346  -  MemoryUsage of job (MB)
	5473788  -  ResidentSetSize of job (KB)
...
006 (7216736.005.000) 09/18 15:36:53 Image size of job updated: 5707596
	5574  -  MemoryUsage of job (MB)
	5707596  -  ResidentSetSize of job (KB)
...
006 (7216736.005.000) 09/18 15:41:54 Image size of job updated: 5857600
	5575  -  MemoryUsage of job (MB)
	5707792  -  ResidentSetSize of job (KB)
...
006 (7216736.005.000) 09/18 16:01:57 Image size of job updated: 5863816
	5727  -  MemoryUsage of job (MB)
	5863816  -  ResidentSetSize of job (KB)
...
006 (7216736.005.000) 09/18 16:06:58 Image size of job updated: 6086496
	5944  -  MemoryUsage of job (MB)
	6086496  -  ResidentSetSize of job (KB)
...
006 (7216736.005.000) 09/18 16:11:58 Image size of job updated: 6317140
	6170  -  MemoryUsage of job (MB)
	6317140  -  ResidentSetSize of job (KB)
...
006 (7216736.005.000) 09/18 16:16:58 Image size of job updated: 6544196
	6391  -  MemoryUsage of job (MB)
	6544192  -  ResidentSetSize of job (KB)
...
006 (7216736.005.000) 09/18 16:21:58 Image size of job updated: 6770456
	6612  -  MemoryUsage of job (MB)
	6770456  -  ResidentSetSize of job (KB)
...
006 (7216736.005.000) 09/18 16:26:58 Image size of job updated: 7010920
	6847  -  MemoryUsage of job (MB)
	7010920  -  ResidentSetSize of job (KB)
...
006 (7216736.005.000) 09/18 16:31:58 Image size of job updated: 7243296
	7074  -  MemoryUsage of job (MB)
	7243284  -  ResidentSetSize of job (KB)
...
006 (7216736.005.000) 09/18 16:36:58 Image size of job updated: 7486296
	7311  -  MemoryUsage of job (MB)
	7486296  -  ResidentSetSize of job (KB)
...
006 (7216736.005.000) 09/18 16:41:58 Image size of job updated: 7728292
	7548  -  MemoryUsage of job (MB)
	7728292  -  ResidentSetSize of job (KB)
...
006 (7216736.005.000) 09/18 16:46:58 Image size of job updated: 7955992
	7548  -  MemoryUsage of job (MB)
	7728592  -  ResidentSetSize of job (KB)
...
040 (7216736.005.000) 09/18 16:48:54 Started transferring output files
...
040 (7216736.005.000) 09/18 16:48:54 Finished transferring output files
...
005 (7216736.005.000) 09/18 16:48:54 Job terminated.
	(1) Normal termination (return value 50)
		Usr 0 04:42:20, Sys 0 00:07:31  -  Run Remote Usage
		Usr 0 00:00:00, Sys 0 00:00:00  -  Run Local Usage
		Usr 0 04:42:20, Sys 0 00:07:31  -  Total Remote Usage
		Usr 0 00:00:00, Sys 0 00:00:00  -  Total Local Usage
	156320  -  Run Bytes Sent By Job
	2929  -  Run Bytes Received By Job
	156320  -  Total Bytes Sent By Job
	2929  -  Total Bytes Received By Job
	Partitionable Resources :      Usage  Request Allocated 
	   Cpus                 :       0.99        1         1 
	   Disk (KB)            : 4662668           3   3057293 
	   Memory (MB)          :    7548        2000      2000 

	Job terminated of its own accord at 2024-09-18T14:48:54Z with exit-code 50.
...
