000 (7216736.000.000) 09/18 03:15:03 Job submitted from host: <137.138.44.55:9618?addrs=137.138.44.55-9618+[2001-1458-d00-1a--48]-9618&alias=bigbird17.cern.ch&noUDP&sock=schedd_1981_6134>
...
040 (7216736.000.000) 09/18 11:42:03 Started transferring input files
	Transferring to host: <128.142.248.218:9618?addrs=128.142.248.218-9618+[2001-1458-301-73--100-d9]-9618&alias=b9g23p2883.cern.ch&noUDP&sock=slot1_64_1412154_fe0a_20886>
...
040 (7216736.000.000) 09/18 11:42:03 Finished transferring input files
...
001 (7216736.000.000) 09/18 11:42:04 Job executing on host: <128.142.248.218:9618?addrs=128.142.248.218-9618+[2001-1458-301-73--100-d9]-9618&alias=b9g23p2883.cern.ch&noUDP&sock=startd_1412115_0387>
	SlotName: slot1_64@b9g23p2883.cern.ch
	CondorScratchDir = "/pool/condor/dir_1537684"
	Cpus = 1
	Disk = 3023827
	Memory = 2000
...
006 (7216736.000.000) 09/18 11:42:13 Image size of job updated: 445412
	435  -  MemoryUsage of job (MB)
	445312  -  ResidentSetSize of job (KB)
...
006 (7216736.000.000) 09/18 11:47:13 Image size of job updated: 1803096
	1485  -  MemoryUsage of job (MB)
	1520084  -  ResidentSetSize of job (KB)
...
006 (7216736.000.000) 09/18 11:52:13 Image size of job updated: 1803096
	1553  -  MemoryUsage of job (MB)
	1590192  -  ResidentSetSize of job (KB)
...
006 (7216736.000.000) 09/18 11:57:13 Image size of job updated: 1803096
	1555  -  MemoryUsage of job (MB)
	1591596  -  ResidentSetSize of job (KB)
...
006 (7216736.000.000) 09/18 12:07:13 Image size of job updated: 1803096
	1617  -  MemoryUsage of job (MB)
	1654840  -  ResidentSetSize of job (KB)
...
006 (7216736.000.000) 09/18 12:12:13 Image size of job updated: 1803096
	1666  -  MemoryUsage of job (MB)
	1705688  -  ResidentSetSize of job (KB)
...
006 (7216736.000.000) 09/18 12:17:14 Image size of job updated: 1803096
	1737  -  MemoryUsage of job (MB)
	1778380  -  ResidentSetSize of job (KB)
...
006 (7216736.000.000) 09/18 12:22:15 Image size of job updated: 1837872
	1792  -  MemoryUsage of job (MB)
	1834528  -  ResidentSetSize of job (KB)
...
006 (7216736.000.000) 09/18 12:27:16 Image size of job updated: 1874772
	1818  -  MemoryUsage of job (MB)
	1861000  -  ResidentSetSize of job (KB)
...
006 (7216736.000.000) 09/18 12:32:17 Image size of job updated: 2076780
	2014  -  MemoryUsage of job (MB)
	2061388  -  ResidentSetSize of job (KB)
...
006 (7216736.000.000) 09/18 12:37:17 Image size of job updated: 2120188
	2060  -  MemoryUsage of job (MB)
	2108428  -  ResidentSetSize of job (KB)
...
006 (7216736.000.000) 09/18 12:42:18 Image size of job updated: 2217476
	2159  -  MemoryUsage of job (MB)
	2210200  -  ResidentSetSize of job (KB)
...
006 (7216736.000.000) 09/18 12:47:19 Image size of job updated: 2264012
	2211  -  MemoryUsage of job (MB)
	2264012  -  ResidentSetSize of job (KB)
...
006 (7216736.000.000) 09/18 12:52:19 Image size of job updated: 2267820
	2213  -  MemoryUsage of job (MB)
	2265260  -  ResidentSetSize of job (KB)
...
006 (7216736.000.000) 09/18 13:07:19 Image size of job updated: 2417392
	2356  -  MemoryUsage of job (MB)
	2412428  -  ResidentSetSize of job (KB)
...
006 (7216736.000.000) 09/18 13:12:19 Image size of job updated: 2517492
	2448  -  MemoryUsage of job (MB)
	2505752  -  ResidentSetSize of job (KB)
...
006 (7216736.000.000) 09/18 13:17:19 Image size of job updated: 2576600
	2504  -  MemoryUsage of job (MB)
	2563692  -  ResidentSetSize of job (KB)
...
006 (7216736.000.000) 09/18 13:22:20 Image size of job updated: 2619636
	2537  -  MemoryUsage of job (MB)
	2597476  -  ResidentSetSize of job (KB)
...
006 (7216736.000.000) 09/18 13:27:21 Image size of job updated: 2677792
	2596  -  MemoryUsage of job (MB)
	2657604  -  ResidentSetSize of job (KB)
...
006 (7216736.000.000) 09/18 13:32:22 Image size of job updated: 2718208
	2647  -  MemoryUsage of job (MB)
	2709992  -  ResidentSetSize of job (KB)
...
006 (7216736.000.000) 09/18 13:37:23 Image size of job updated: 2825412
	2760  -  MemoryUsage of job (MB)
	2825412  -  ResidentSetSize of job (KB)
...
006 (7216736.000.000) 09/18 13:42:24 Image size of job updated: 2843200
	2767  -  MemoryUsage of job (MB)
	2832396  -  ResidentSetSize of job (KB)
...
006 (7216736.000.000) 09/18 13:47:25 Image size of job updated: 2908864
	2834  -  MemoryUsage of job (MB)
	2901544  -  ResidentSetSize of job (KB)
...
006 (7216736.000.000) 09/18 13:52:26 Image size of job updated: 2964920
	2887  -  MemoryUsage of job (MB)
	2955696  -  ResidentSetSize of job (KB)
...
006 (7216736.000.000) 09/18 14:37:29 Image size of job updated: 3194116
	3120  -  MemoryUsage of job (MB)
	3194116  -  ResidentSetSize of job (KB)
...
006 (7216736.000.000) 09/18 14:42:29 Image size of job updated: 3307684
	3169  -  MemoryUsage of job (MB)
	3244916  -  ResidentSetSize of job (KB)
...
006 (7216736.000.000) 09/18 14:47:30 Image size of job updated: 3338604
	3259  -  MemoryUsage of job (MB)
	3336228  -  ResidentSetSize of job (KB)
...
006 (7216736.000.000) 09/18 14:52:31 Image size of job updated: 3407560
	3328  -  MemoryUsage of job (MB)
	3407560  -  ResidentSetSize of job (KB)
...
006 (7216736.000.000) 09/18 14:57:32 Image size of job updated: 3543788
	3461  -  MemoryUsage of job (MB)
	3543788  -  ResidentSetSize of job (KB)
...
006 (7216736.000.000) 09/18 15:02:33 Image size of job updated: 3722604
	3636  -  MemoryUsage of job (MB)
	3722340  -  ResidentSetSize of job (KB)
...
006 (7216736.000.000) 09/18 15:07:34 Image size of job updated: 3783884
	3636  -  MemoryUsage of job (MB)
	3722340  -  ResidentSetSize of job (KB)
...
006 (7216736.000.000) 09/18 15:12:35 Image size of job updated: 3885432
	3795  -  MemoryUsage of job (MB)
	3885268  -  ResidentSetSize of job (KB)
...
006 (7216736.000.000) 09/18 15:17:36 Image size of job updated: 5164416
	5044  -  MemoryUsage of job (MB)
	5164416  -  ResidentSetSize of job (KB)
...
006 (7216736.000.000) 09/18 15:22:36 Image size of job updated: 5205448
	5044  -  MemoryUsage of job (MB)
	5164524  -  ResidentSetSize of job (KB)
...
006 (7216736.000.000) 09/18 15:42:38 Image size of job updated: 5229272
	5107  -  MemoryUsage of job (MB)
	5229272  -  ResidentSetSize of job (KB)
...
006 (7216736.000.000) 09/18 15:47:38 Image size of job updated: 5502028
	5374  -  MemoryUsage of job (MB)
	5502028  -  ResidentSetSize of job (KB)
...
006 (7216736.000.000) 09/18 15:52:39 Image size of job updated: 5773196
	5638  -  MemoryUsage of job (MB)
	5773196  -  ResidentSetSize of job (KB)
...
006 (7216736.000.000) 09/18 15:57:40 Image size of job updated: 6046452
	5905  -  MemoryUsage of job (MB)
	6046452  -  ResidentSetSize of job (KB)
...
006 (7216736.000.000) 09/18 16:02:41 Image size of job updated: 6320132
	6173  -  MemoryUsage of job (MB)
	6320132  -  ResidentSetSize of job (KB)
...
006 (7216736.000.000) 09/18 16:07:41 Image size of job updated: 6592444
	6438  -  MemoryUsage of job (MB)
	6592260  -  ResidentSetSize of job (KB)
...
006 (7216736.000.000) 09/18 16:12:42 Image size of job updated: 6849308
	6689  -  MemoryUsage of job (MB)
	6849308  -  ResidentSetSize of job (KB)
...
006 (7216736.000.000) 09/18 16:17:43 Image size of job updated: 7110928
	6945  -  MemoryUsage of job (MB)
	7110928  -  ResidentSetSize of job (KB)
...
006 (7216736.000.000) 09/18 16:22:43 Image size of job updated: 7368392
	6945  -  MemoryUsage of job (MB)
	7111440  -  ResidentSetSize of job (KB)
...
040 (7216736.000.000) 09/18 16:24:30 Started transferring output files
...
040 (7216736.000.000) 09/18 16:24:30 Finished transferring output files
...
005 (7216736.000.000) 09/18 16:24:31 Job terminated.
	(1) Normal termination (return value 0)
		Usr 0 04:25:44, Sys 0 00:07:59  -  Run Remote Usage
		Usr 0 00:00:00, Sys 0 00:00:00  -  Run Local Usage
		Usr 0 04:25:44, Sys 0 00:07:59  -  Total Remote Usage
		Usr 0 00:00:00, Sys 0 00:00:00  -  Total Local Usage
	156264  -  Run Bytes Sent By Job
	2929  -  Run Bytes Received By Job
	156264  -  Total Bytes Sent By Job
	2929  -  Total Bytes Received By Job
	Partitionable Resources :      Usage  Request Allocated 
	   Cpus                 :       0.99        1         1 
	   Disk (KB)            : 4671872           3   3023827 
	   Memory (MB)          :    6945        2000      2000 

	Job terminated of its own accord at 2024-09-18T14:24:30Z with exit-code 0.
...
