000 (7187303.001.000) 08/26 07:55:55 Job submitted from host: <137.138.44.55:9618?addrs=137.138.44.55-9618+[2001-1458-d00-1a--48]-9618&alias=bigbird17.cern.ch&noUDP&sock=schedd_23962_8474>
...
040 (7187303.001.000) 08/26 13:26:00 Started transferring input files
	Transferring to host: <128.142.248.197:9618?addrs=128.142.248.197-9618+[2001-1458-301-73--100-c4]-9618&alias=b9g23p2961.cern.ch&noUDP&sock=slot1_16_7499_794a_4950>
...
040 (7187303.001.000) 08/26 13:26:00 Finished transferring input files
...
001 (7187303.001.000) 08/26 13:26:01 Job executing on host: <128.142.248.197:9618?addrs=128.142.248.197-9618+[2001-1458-301-73--100-c4]-9618&alias=b9g23p2961.cern.ch&noUDP&sock=startd_5911_0866>
	SlotName: slot1_16@b9g23p2961.cern.ch
	CondorScratchDir = "/pool/condor/dir_3464623"
	Cpus = 1
	Disk = 2968125
	Memory = 2000
...
006 (7187303.001.000) 08/26 13:26:10 Image size of job updated: 1282164
	1253  -  MemoryUsage of job (MB)
	1282080  -  ResidentSetSize of job (KB)
...
006 (7187303.001.000) 08/26 13:31:11 Image size of job updated: 1441620
	1262  -  MemoryUsage of job (MB)
	1291980  -  ResidentSetSize of job (KB)
...
006 (7187303.001.000) 08/26 14:51:20 Image size of job updated: 1441620
	1270  -  MemoryUsage of job (MB)
	1300452  -  ResidentSetSize of job (KB)
...
006 (7187303.001.000) 08/26 14:56:21 Image size of job updated: 1441620
	1316  -  MemoryUsage of job (MB)
	1347364  -  ResidentSetSize of job (KB)
...
006 (7187303.001.000) 08/26 15:01:21 Image size of job updated: 1441620
	1374  -  MemoryUsage of job (MB)
	1406516  -  ResidentSetSize of job (KB)
...
006 (7187303.001.000) 08/26 15:06:22 Image size of job updated: 1463880
	1423  -  MemoryUsage of job (MB)
	1456408  -  ResidentSetSize of job (KB)
...
006 (7187303.001.000) 08/26 15:11:22 Image size of job updated: 1552900
	1498  -  MemoryUsage of job (MB)
	1533856  -  ResidentSetSize of job (KB)
...
006 (7187303.001.000) 08/26 15:16:23 Image size of job updated: 1614040
	1569  -  MemoryUsage of job (MB)
	1606028  -  ResidentSetSize of job (KB)
...
006 (7187303.001.000) 08/26 15:21:23 Image size of job updated: 4950012
	4834  -  MemoryUsage of job (MB)
	4950008  -  ResidentSetSize of job (KB)
...
006 (7187303.001.000) 08/26 15:21:57 Image size of job updated: 4992832
	4835  -  MemoryUsage of job (MB)
	4950520  -  ResidentSetSize of job (KB)
...
040 (7187303.001.000) 08/26 15:21:57 Started transferring output files
...
040 (7187303.001.000) 08/26 15:21:57 Finished transferring output files
...
005 (7187303.001.000) 08/26 15:21:58 Job terminated.
	(1) Normal termination (return value 50)
		Usr 0 01:54:06, Sys 0 00:03:29  -  Run Remote Usage
		Usr 0 00:00:00, Sys 0 00:00:00  -  Run Local Usage
		Usr 0 01:54:06, Sys 0 00:03:29  -  Total Remote Usage
		Usr 0 00:00:00, Sys 0 00:00:00  -  Total Local Usage
	16856  -  Run Bytes Sent By Job
	2926  -  Run Bytes Received By Job
	16856  -  Total Bytes Sent By Job
	2926  -  Total Bytes Received By Job
	Partitionable Resources :      Usage  Request Allocated 
	   Cpus                 :       0.82        1         1 
	   Disk (KB)            : 1821468           3   2968125 
	   Memory (MB)          :    4835        2000      2000 

	Job terminated of its own accord at 2024-08-26T13:21:57Z with exit-code 50.
...
