000 (7187303.007.000) 08/26 07:55:55 Job submitted from host: <137.138.44.55:9618?addrs=137.138.44.55-9618+[2001-1458-d00-1a--48]-9618&alias=bigbird17.cern.ch&noUDP&sock=schedd_23962_8474>
...
040 (7187303.007.000) 08/26 13:27:22 Started transferring input files
	Transferring to host: <128.142.248.15:9618?addrs=128.142.248.15-9618+[2001-1458-301-73--100-ff]-9618&alias=b9g23p2723.cern.ch&noUDP&sock=slot1_14_3961800_404a_9324>
...
040 (7187303.007.000) 08/26 13:27:22 Finished transferring input files
...
001 (7187303.007.000) 08/26 13:27:23 Job executing on host: <128.142.248.15:9618?addrs=128.142.248.15-9618+[2001-1458-301-73--100-ff]-9618&alias=b9g23p2723.cern.ch&noUDP&sock=startd_5130_54ef>
	SlotName: slot1_14@b9g23p2723.cern.ch
	CondorScratchDir = "/pool/condor/dir_24978"
	Cpus = 1
	Disk = 2965812
	Memory = 2000
...
006 (7187303.007.000) 08/26 13:27:32 Image size of job updated: 962808
	941  -  MemoryUsage of job (MB)
	962736  -  ResidentSetSize of job (KB)
...
006 (7187303.007.000) 08/26 13:32:33 Image size of job updated: 1439368
	1103  -  MemoryUsage of job (MB)
	1129428  -  ResidentSetSize of job (KB)
...
006 (7187303.007.000) 08/26 13:37:33 Image size of job updated: 1439368
	1144  -  MemoryUsage of job (MB)
	1170580  -  ResidentSetSize of job (KB)
...
006 (7187303.007.000) 08/26 13:42:33 Image size of job updated: 1439368
	1195  -  MemoryUsage of job (MB)
	1222932  -  ResidentSetSize of job (KB)
...
006 (7187303.007.000) 08/26 13:47:34 Image size of job updated: 1439368
	1236  -  MemoryUsage of job (MB)
	1264892  -  ResidentSetSize of job (KB)
...
006 (7187303.007.000) 08/26 13:52:34 Image size of job updated: 1439368
	1280  -  MemoryUsage of job (MB)
	1309956  -  ResidentSetSize of job (KB)
...
006 (7187303.007.000) 08/26 13:57:35 Image size of job updated: 1439368
	1312  -  MemoryUsage of job (MB)
	1343180  -  ResidentSetSize of job (KB)
...
006 (7187303.007.000) 08/26 14:02:35 Image size of job updated: 1439368
	1324  -  MemoryUsage of job (MB)
	1354760  -  ResidentSetSize of job (KB)
...
006 (7187303.007.000) 08/26 14:07:35 Image size of job updated: 1439368
	1338  -  MemoryUsage of job (MB)
	1369852  -  ResidentSetSize of job (KB)
...
006 (7187303.007.000) 08/26 14:12:36 Image size of job updated: 1439368
	1368  -  MemoryUsage of job (MB)
	1400812  -  ResidentSetSize of job (KB)
...
006 (7187303.007.000) 08/26 14:17:36 Image size of job updated: 1439368
	1401  -  MemoryUsage of job (MB)
	1434352  -  ResidentSetSize of job (KB)
...
006 (7187303.007.000) 08/26 14:22:37 Image size of job updated: 1461112
	1415  -  MemoryUsage of job (MB)
	1448808  -  ResidentSetSize of job (KB)
...
006 (7187303.007.000) 08/26 14:27:37 Image size of job updated: 1492028
	1449  -  MemoryUsage of job (MB)
	1483084  -  ResidentSetSize of job (KB)
...
006 (7187303.007.000) 08/26 14:32:37 Image size of job updated: 1508308
	1464  -  MemoryUsage of job (MB)
	1498704  -  ResidentSetSize of job (KB)
...
006 (7187303.007.000) 08/26 14:37:38 Image size of job updated: 1539364
	1487  -  MemoryUsage of job (MB)
	1522148  -  ResidentSetSize of job (KB)
...
006 (7187303.007.000) 08/26 14:42:38 Image size of job updated: 1579572
	1529  -  MemoryUsage of job (MB)
	1564688  -  ResidentSetSize of job (KB)
...
006 (7187303.007.000) 08/26 14:47:39 Image size of job updated: 1607228
	1562  -  MemoryUsage of job (MB)
	1598480  -  ResidentSetSize of job (KB)
...
006 (7187303.007.000) 08/26 14:52:39 Image size of job updated: 1638184
	1583  -  MemoryUsage of job (MB)
	1620052  -  ResidentSetSize of job (KB)
...
006 (7187303.007.000) 08/26 14:57:40 Image size of job updated: 1667764
	1616  -  MemoryUsage of job (MB)
	1653860  -  ResidentSetSize of job (KB)
...
006 (7187303.007.000) 08/26 15:02:40 Image size of job updated: 1685952
	1640  -  MemoryUsage of job (MB)
	1679144  -  ResidentSetSize of job (KB)
...
006 (7187303.007.000) 08/26 15:07:41 Image size of job updated: 1715584
	1668  -  MemoryUsage of job (MB)
	1707176  -  ResidentSetSize of job (KB)
...
006 (7187303.007.000) 08/26 15:12:41 Image size of job updated: 1740756
	1692  -  MemoryUsage of job (MB)
	1732400  -  ResidentSetSize of job (KB)
...
006 (7187303.007.000) 08/26 15:17:41 Image size of job updated: 1772328
	1722  -  MemoryUsage of job (MB)
	1762920  -  ResidentSetSize of job (KB)
...
006 (7187303.007.000) 08/26 15:22:41 Image size of job updated: 1799404
	1754  -  MemoryUsage of job (MB)
	1795412  -  ResidentSetSize of job (KB)
...
006 (7187303.007.000) 08/26 15:27:42 Image size of job updated: 1843684
	1787  -  MemoryUsage of job (MB)
	1829424  -  ResidentSetSize of job (KB)
...
006 (7187303.007.000) 08/26 15:32:42 Image size of job updated: 1862668
	1809  -  MemoryUsage of job (MB)
	1851860  -  ResidentSetSize of job (KB)
...
006 (7187303.007.000) 08/26 15:37:43 Image size of job updated: 1877080
	1827  -  MemoryUsage of job (MB)
	1870440  -  ResidentSetSize of job (KB)
...
006 (7187303.007.000) 08/26 15:42:43 Image size of job updated: 1894872
	1845  -  MemoryUsage of job (MB)
	1888380  -  ResidentSetSize of job (KB)
...
006 (7187303.007.000) 08/26 15:47:43 Image size of job updated: 1929276
	1884  -  MemoryUsage of job (MB)
	1929208  -  ResidentSetSize of job (KB)
...
006 (7187303.007.000) 08/26 15:52:44 Image size of job updated: 1951276
	1897  -  MemoryUsage of job (MB)
	1942468  -  ResidentSetSize of job (KB)
...
006 (7187303.007.000) 08/26 15:57:44 Image size of job updated: 1970204
	1920  -  MemoryUsage of job (MB)
	1965932  -  ResidentSetSize of job (KB)
...
006 (7187303.007.000) 08/26 16:02:45 Image size of job updated: 1995916
	1942  -  MemoryUsage of job (MB)
	1988504  -  ResidentSetSize of job (KB)
...
006 (7187303.007.000) 08/26 16:07:45 Image size of job updated: 2033144
	1979  -  MemoryUsage of job (MB)
	2026144  -  ResidentSetSize of job (KB)
...
006 (7187303.007.000) 08/26 16:12:46 Image size of job updated: 2053792
	1999  -  MemoryUsage of job (MB)
	2046596  -  ResidentSetSize of job (KB)
...
006 (7187303.007.000) 08/26 16:17:47 Image size of job updated: 2084056
	2027  -  MemoryUsage of job (MB)
	2074804  -  ResidentSetSize of job (KB)
...
006 (7187303.007.000) 08/26 16:22:47 Image size of job updated: 2092348
	2027  -  MemoryUsage of job (MB)
	2074804  -  ResidentSetSize of job (KB)
...
006 (7187303.007.000) 08/26 16:27:39 Image size of job updated: 4255300
	2027  -  MemoryUsage of job (MB)
	2074804  -  ResidentSetSize of job (KB)
...
040 (7187303.007.000) 08/26 16:27:39 Started transferring output files
...
040 (7187303.007.000) 08/26 16:27:39 Finished transferring output files
...
005 (7187303.007.000) 08/26 16:27:40 Job terminated.
	(1) Normal termination (return value 50)
		Usr 0 02:50:16, Sys 0 00:03:49  -  Run Remote Usage
		Usr 0 00:00:00, Sys 0 00:00:00  -  Run Local Usage
		Usr 0 02:50:16, Sys 0 00:03:49  -  Total Remote Usage
		Usr 0 00:00:00, Sys 0 00:00:00  -  Total Local Usage
	16861  -  Run Bytes Sent By Job
	2926  -  Run Bytes Received By Job
	16861  -  Total Bytes Sent By Job
	2926  -  Total Bytes Received By Job
	Partitionable Resources :      Usage  Request Allocated 
	   Cpus                 :       0.78        1         1 
	   Disk (KB)            : 1817032           3   2965812 
	   Memory (MB)          :    2027        2000      2000 

	Job terminated of its own accord at 2024-08-26T14:27:39Z with exit-code 50.
...
