000 (7223592.007.000) 09/25 06:46:04 Job submitted from host: <137.138.44.55:9618?addrs=137.138.44.55-9618+[2001-1458-d00-1a--48]-9618&alias=bigbird17.cern.ch&noUDP&sock=schedd_1981_6134>
...
040 (7223592.007.000) 09/26 06:33:25 Started transferring input files
	Transferring to host: <188.185.238.12:9618?addrs=188.185.238.12-9618+[2001-1458-303-28--100-8]-9618&alias=b9pgpun001.cern.ch&noUDP&sock=slot1_2_240309_2e05_34180>
...
040 (7223592.007.000) 09/26 06:33:25 Finished transferring input files
...
001 (7223592.007.000) 09/26 06:33:26 Job executing on host: <188.185.238.12:9618?addrs=188.185.238.12-9618+[2001-1458-303-28--100-8]-9618&alias=b9pgpun001.cern.ch&noUDP&sock=startd_240269_20b4>
	SlotName: slot1_2@b9pgpun001.cern.ch
	AvailableGPUs = { GPUs_GPU_8b6364bc }
	CondorScratchDir = "/pool/condor/dir_1359265"
	Cpus = 1
	Disk = 6812089
	GPUs = 1
	GPUs_GPU_8b6364bc = [ GlobalMemoryMb = 95235; MaxSupportedVersion = 12040; DriverVersion = 12.4; DeviceName = "NVIDIA H100 NVL"; CoresPerCU = 128; ECCEnabled = true; ComputeUnits = 132; ClockMhz = 1785.0; Id = "GPU-8b6364bc"; Capability = 9.0; DevicePciBusId = "0000:3B:00.0"; DeviceUuid = "8b6364bc-045c-d99d-b867-6ceb39f9bcba" ]
	Memory = 2000
...
006 (7223592.007.000) 09/26 06:33:35 Image size of job updated: 3093180
	3021  -  MemoryUsage of job (MB)
	3093168  -  ResidentSetSize of job (KB)
...
006 (7223592.007.000) 09/26 06:38:37 Image size of job updated: 21595464
	21082  -  MemoryUsage of job (MB)
	21587008  -  ResidentSetSize of job (KB)
...
006 (7223592.007.000) 09/26 06:43:36 Image size of job updated: 21665900
	21153  -  MemoryUsage of job (MB)
	21660112  -  ResidentSetSize of job (KB)
...
006 (7223592.007.000) 09/26 06:48:36 Image size of job updated: 21815916
	21288  -  MemoryUsage of job (MB)
	21798376  -  ResidentSetSize of job (KB)
...
006 (7223592.007.000) 09/26 06:53:37 Image size of job updated: 21832124
	21316  -  MemoryUsage of job (MB)
	21827188  -  ResidentSetSize of job (KB)
...
006 (7223592.007.000) 09/26 06:58:38 Image size of job updated: 22039700
	21524  -  MemoryUsage of job (MB)
	22039700  -  ResidentSetSize of job (KB)
...
006 (7223592.007.000) 09/26 07:03:39 Image size of job updated: 22194276
	21668  -  MemoryUsage of job (MB)
	22187496  -  ResidentSetSize of job (KB)
...
006 (7223592.007.000) 09/26 07:08:40 Image size of job updated: 22304400
	21759  -  MemoryUsage of job (MB)
	22280320  -  ResidentSetSize of job (KB)
...
006 (7223592.007.000) 09/26 07:13:40 Image size of job updated: 22338456
	21809  -  MemoryUsage of job (MB)
	22332116  -  ResidentSetSize of job (KB)
...
006 (7223592.007.000) 09/26 07:18:39 Image size of job updated: 22695420
	22153  -  MemoryUsage of job (MB)
	22683980  -  ResidentSetSize of job (KB)
...
006 (7223592.007.000) 09/26 07:23:39 Image size of job updated: 22738400
	22200  -  MemoryUsage of job (MB)
	22732464  -  ResidentSetSize of job (KB)
...
006 (7223592.007.000) 09/26 07:28:40 Image size of job updated: 23346416
	22691  -  MemoryUsage of job (MB)
	23234620  -  ResidentSetSize of job (KB)
...
006 (7223592.007.000) 09/26 07:31:01 Image size of job updated: 24728248
	22691  -  MemoryUsage of job (MB)
	23235388  -  ResidentSetSize of job (KB)
...
040 (7223592.007.000) 09/26 07:31:02 Started transferring output files
...
040 (7223592.007.000) 09/26 07:31:02 Finished transferring output files
...
005 (7223592.007.000) 09/26 07:31:03 Job terminated.
	(1) Normal termination (return value 50)
		Usr 0 00:57:09, Sys 0 00:13:27  -  Run Remote Usage
		Usr 0 00:00:00, Sys 0 00:00:00  -  Run Local Usage
		Usr 0 00:57:09, Sys 0 00:13:27  -  Total Remote Usage
		Usr 0 00:00:00, Sys 0 00:00:00  -  Total Local Usage
	179942  -  Run Bytes Sent By Job
	1405  -  Run Bytes Received By Job
	179942  -  Total Bytes Sent By Job
	1405  -  Total Bytes Received By Job
	Partitionable Resources :       Usage  Request Allocated Assigned
	   Cpus                 :        0.56        1         1 
	   Disk (KB)            : 21717823           2   6812089 
	   Gpus (Average)       :        0.00        1         1 "GPU-8b6364bc"
	   GpusMemory (MB)      :      599                       
	   Memory (MB)          :    22691        2000      2000 

	Job terminated of its own accord at 2024-09-26T05:31:01Z with exit-code 50.
...
