000 (7234695.000.000) 10/04 05:18:50 Job submitted from host: <137.138.44.55:9618?addrs=137.138.44.55-9618+[2001-1458-d00-1a--48]-9618&alias=bigbird17.cern.ch&noUDP&sock=schedd_1981_6134>
...
040 (7234695.000.000) 10/05 01:40:02 Started transferring input files
	Transferring to host: <128.142.248.81:9618?addrs=128.142.248.81-9618+[2001-1458-301-73--100-141]-9618&alias=b9g23p3234.cern.ch&noUDP&sock=slot1_60_133542_2b70_41201>
...
040 (7234695.000.000) 10/05 01:40:02 Finished transferring input files
...
001 (7234695.000.000) 10/05 01:40:03 Job executing on host: <128.142.248.81:9618?addrs=128.142.248.81-9618+[2001-1458-301-73--100-141]-9618&alias=b9g23p3234.cern.ch&noUDP&sock=startd_2952_67aa>
	SlotName: slot1_60@b9g23p3234.cern.ch
	CondorScratchDir = "/pool/condor/dir_103730"
	Cpus = 1
	Disk = 2941101
	Memory = 2000
...
006 (7234695.000.000) 10/05 01:40:12 Image size of job updated: 831004
	812  -  MemoryUsage of job (MB)
	830976  -  ResidentSetSize of job (KB)
...
006 (7234695.000.000) 10/05 01:45:13 Image size of job updated: 901580
	820  -  MemoryUsage of job (MB)
	839204  -  ResidentSetSize of job (KB)
...
040 (7234695.000.000) 10/11 16:16:53 Started transferring output files
...
040 (7234695.000.000) 10/11 16:16:53 Finished transferring output files
...
004 (7234695.000.000) 10/11 16:16:53 Job was evicted.
	(0) CPU times
		Usr 6 04:12:04, Sys 0 00:17:38  -  Run Remote Usage
		Usr 0 00:00:00, Sys 0 00:00:00  -  Run Local Usage
	107993  -  Run Bytes Sent By Job
	2406  -  Run Bytes Received By Job
	Partitionable Resources :      Usage  Request Allocated 
	   Cpus                 :       0.93        1         1 
	   Disk (KB)            : 1552128           3   2941101 
	   Memory (MB)          :     820        2000      2000 
...
009 (7234695.000.000) 10/11 16:16:53 Job was aborted.
	via condor_rm (by user choij)
...
