000 (7223579.005.000) 09/25 06:45:50 Job submitted from host: <137.138.44.55:9618?addrs=137.138.44.55-9618+[2001-1458-d00-1a--48]-9618&alias=bigbird17.cern.ch&noUDP&sock=schedd_1981_6134>
...
040 (7223579.005.000) 09/25 06:46:06 Started transferring input files
	Transferring to host: <188.185.190.109:9618?addrs=188.185.190.109-9618+[2001-1458-d03-b--100-300]-9618&alias=b9pgpun014.cern.ch&noUDP&sock=slot1_2_3185867_4229_17513>
...
040 (7223579.005.000) 09/25 06:46:06 Finished transferring input files
...
001 (7223579.005.000) 09/25 06:46:07 Job executing on host: <188.185.190.109:9618?addrs=188.185.190.109-9618+[2001-1458-d03-b--100-300]-9618&alias=b9pgpun014.cern.ch&noUDP&sock=startd_215167_3e60>
	SlotName: slot1_2@b9pgpun014.cern.ch
	AvailableGPUs = { GPUs_GPU_45f32e65 }
	CondorScratchDir = "/pool/condor/dir_512621"
	Cpus = 1
	Disk = 6876757
	GPUs = 1
	GPUs_GPU_45f32e65 = [ GlobalMemoryMb = 95235; MaxSupportedVersion = 12040; DriverVersion = 12.4; DeviceName = "NVIDIA H100 NVL"; CoresPerCU = 128; ECCEnabled = true; ComputeUnits = 132; ClockMhz = 1785.0; Id = "GPU-45f32e65"; Capability = 9.0; DevicePciBusId = "0000:3B:00.0"; DeviceUuid = "45f32e65-fddf-18a1-63a5-d7c14d13255c" ]
	Memory = 2000
...
006 (7223579.005.000) 09/25 06:46:15 Image size of job updated: 1955420
	1910  -  MemoryUsage of job (MB)
	1955380  -  ResidentSetSize of job (KB)
...
006 (7223579.005.000) 09/25 06:51:16 Image size of job updated: 20466444
	19820  -  MemoryUsage of job (MB)
	20294876  -  ResidentSetSize of job (KB)
...
006 (7223579.005.000) 09/25 06:56:17 Image size of job updated: 20466444
	19826  -  MemoryUsage of job (MB)
	20301736  -  ResidentSetSize of job (KB)
...
006 (7223579.005.000) 09/25 07:01:16 Image size of job updated: 20466444
	19831  -  MemoryUsage of job (MB)
	20305972  -  ResidentSetSize of job (KB)
...
006 (7223579.005.000) 09/25 07:16:17 Image size of job updated: 20466444
	19833  -  MemoryUsage of job (MB)
	20308384  -  ResidentSetSize of job (KB)
...
006 (7223579.005.000) 09/25 07:26:19 Image size of job updated: 20466444
	19833  -  MemoryUsage of job (MB)
	20308844  -  ResidentSetSize of job (KB)
...
006 (7223579.005.000) 09/25 07:41:20 Image size of job updated: 20466444
	19837  -  MemoryUsage of job (MB)
	20313016  -  ResidentSetSize of job (KB)
...
006 (7223579.005.000) 09/25 07:56:21 Image size of job updated: 20466444
	19863  -  MemoryUsage of job (MB)
	20339020  -  ResidentSetSize of job (KB)
...
006 (7223579.005.000) 09/25 08:01:22 Image size of job updated: 20466444
	19867  -  MemoryUsage of job (MB)
	20343556  -  ResidentSetSize of job (KB)
...
006 (7223579.005.000) 09/25 08:06:23 Image size of job updated: 20466444
	19867  -  MemoryUsage of job (MB)
	20343632  -  ResidentSetSize of job (KB)
...
006 (7223579.005.000) 09/25 08:21:24 Image size of job updated: 20466444
	19870  -  MemoryUsage of job (MB)
	20346736  -  ResidentSetSize of job (KB)
...
006 (7223579.005.000) 09/25 08:26:23 Image size of job updated: 20466444
	19882  -  MemoryUsage of job (MB)
	20359124  -  ResidentSetSize of job (KB)
...
006 (7223579.005.000) 09/25 08:31:24 Image size of job updated: 20466444
	19893  -  MemoryUsage of job (MB)
	20370388  -  ResidentSetSize of job (KB)
...
006 (7223579.005.000) 09/25 08:36:25 Image size of job updated: 20466444
	19895  -  MemoryUsage of job (MB)
	20371780  -  ResidentSetSize of job (KB)
...
006 (7223579.005.000) 09/25 08:41:24 Image size of job updated: 20466444
	19897  -  MemoryUsage of job (MB)
	20374288  -  ResidentSetSize of job (KB)
...
006 (7223579.005.000) 09/25 08:46:25 Image size of job updated: 20466444
	19898  -  MemoryUsage of job (MB)
	20375552  -  ResidentSetSize of job (KB)
...
006 (7223579.005.000) 09/25 08:51:26 Image size of job updated: 20466444
	19900  -  MemoryUsage of job (MB)
	20376828  -  ResidentSetSize of job (KB)
...
006 (7223579.005.000) 09/25 09:11:29 Image size of job updated: 20466444
	19909  -  MemoryUsage of job (MB)
	20386416  -  ResidentSetSize of job (KB)
...
006 (7223579.005.000) 09/25 09:16:28 Image size of job updated: 20466444
	19910  -  MemoryUsage of job (MB)
	20387712  -  ResidentSetSize of job (KB)
...
006 (7223579.005.000) 09/25 09:21:29 Image size of job updated: 20466444
	19914  -  MemoryUsage of job (MB)
	20391176  -  ResidentSetSize of job (KB)
...
006 (7223579.005.000) 09/25 09:26:30 Image size of job updated: 20466444
	19916  -  MemoryUsage of job (MB)
	20393868  -  ResidentSetSize of job (KB)
...
006 (7223579.005.000) 09/25 09:31:31 Image size of job updated: 20466444
	19920  -  MemoryUsage of job (MB)
	20398044  -  ResidentSetSize of job (KB)
...
006 (7223579.005.000) 09/25 09:36:30 Image size of job updated: 20466444
	19921  -  MemoryUsage of job (MB)
	20398488  -  ResidentSetSize of job (KB)
...
006 (7223579.005.000) 09/25 09:41:31 Image size of job updated: 20466444
	19924  -  MemoryUsage of job (MB)
	20401744  -  ResidentSetSize of job (KB)
...
006 (7223579.005.000) 09/25 09:46:32 Image size of job updated: 20466444
	19926  -  MemoryUsage of job (MB)
	20403372  -  ResidentSetSize of job (KB)
...
006 (7223579.005.000) 09/25 09:51:31 Image size of job updated: 20466444
	19929  -  MemoryUsage of job (MB)
	20406392  -  ResidentSetSize of job (KB)
...
006 (7223579.005.000) 09/25 09:56:32 Image size of job updated: 20466444
	19931  -  MemoryUsage of job (MB)
	20408696  -  ResidentSetSize of job (KB)
...
006 (7223579.005.000) 09/25 10:01:33 Image size of job updated: 20466444
	19936  -  MemoryUsage of job (MB)
	20413648  -  ResidentSetSize of job (KB)
...
006 (7223579.005.000) 09/25 10:06:34 Image size of job updated: 20466444
	19938  -  MemoryUsage of job (MB)
	20416464  -  ResidentSetSize of job (KB)
...
006 (7223579.005.000) 09/25 10:11:33 Image size of job updated: 20466444
	19939  -  MemoryUsage of job (MB)
	20417232  -  ResidentSetSize of job (KB)
...
006 (7223579.005.000) 09/25 10:31:35 Image size of job updated: 20466444
	19940  -  MemoryUsage of job (MB)
	20417836  -  ResidentSetSize of job (KB)
...
006 (7223579.005.000) 09/25 10:36:36 Image size of job updated: 20466444
	19940  -  MemoryUsage of job (MB)
	20418092  -  ResidentSetSize of job (KB)
...
006 (7223579.005.000) 09/25 10:41:36 Image size of job updated: 20466444
	19953  -  MemoryUsage of job (MB)
	20431636  -  ResidentSetSize of job (KB)
...
006 (7223579.005.000) 09/25 10:46:37 Image size of job updated: 20466444
	19955  -  MemoryUsage of job (MB)
	20433200  -  ResidentSetSize of job (KB)
...
006 (7223579.005.000) 09/25 10:56:39 Image size of job updated: 20466444
	19955  -  MemoryUsage of job (MB)
	20433336  -  ResidentSetSize of job (KB)
...
006 (7223579.005.000) 09/25 11:01:38 Image size of job updated: 20466444
	19961  -  MemoryUsage of job (MB)
	20439832  -  ResidentSetSize of job (KB)
...
006 (7223579.005.000) 09/25 11:46:44 Image size of job updated: 20466444
	19968  -  MemoryUsage of job (MB)
	20447084  -  ResidentSetSize of job (KB)
...
006 (7223579.005.000) 09/25 11:51:45 Image size of job updated: 20466444
	19971  -  MemoryUsage of job (MB)
	20449608  -  ResidentSetSize of job (KB)
...
006 (7223579.005.000) 09/25 11:56:44 Image size of job updated: 20501552
	20006  -  MemoryUsage of job (MB)
	20485848  -  ResidentSetSize of job (KB)
...
006 (7223579.005.000) 09/25 12:01:45 Image size of job updated: 20501552
	20011  -  MemoryUsage of job (MB)
	20491124  -  ResidentSetSize of job (KB)
...
006 (7223579.005.000) 09/25 12:06:46 Image size of job updated: 20521312
	20025  -  MemoryUsage of job (MB)
	20504872  -  ResidentSetSize of job (KB)
...
006 (7223579.005.000) 09/25 12:11:47 Image size of job updated: 20521312
	20026  -  MemoryUsage of job (MB)
	20506292  -  ResidentSetSize of job (KB)
...
006 (7223579.005.000) 09/25 12:16:46 Image size of job updated: 20524016
	20033  -  MemoryUsage of job (MB)
	20512852  -  ResidentSetSize of job (KB)
...
006 (7223579.005.000) 09/25 12:21:47 Image size of job updated: 20647744
	20146  -  MemoryUsage of job (MB)
	20629152  -  ResidentSetSize of job (KB)
...
006 (7223579.005.000) 09/25 12:26:48 Image size of job updated: 20714512
	20207  -  MemoryUsage of job (MB)
	20691212  -  ResidentSetSize of job (KB)
...
006 (7223579.005.000) 09/25 12:31:47 Image size of job updated: 20794548
	20291  -  MemoryUsage of job (MB)
	20777636  -  ResidentSetSize of job (KB)
...
006 (7223579.005.000) 09/25 12:36:48 Image size of job updated: 20794548
	20296  -  MemoryUsage of job (MB)
	20782616  -  ResidentSetSize of job (KB)
...
006 (7223579.005.000) 09/25 12:41:49 Image size of job updated: 20794548
	20306  -  MemoryUsage of job (MB)
	20792820  -  ResidentSetSize of job (KB)
...
006 (7223579.005.000) 09/25 12:46:49 Image size of job updated: 21002876
	20494  -  MemoryUsage of job (MB)
	20985472  -  ResidentSetSize of job (KB)
...
006 (7223579.005.000) 09/25 12:51:50 Image size of job updated: 21151700
	20553  -  MemoryUsage of job (MB)
	21045736  -  ResidentSetSize of job (KB)
...
006 (7223579.005.000) 09/25 12:53:42 Image size of job updated: 23351012
	20553  -  MemoryUsage of job (MB)
	21045736  -  ResidentSetSize of job (KB)
...
040 (7223579.005.000) 09/25 12:53:42 Started transferring output files
...
040 (7223579.005.000) 09/25 12:53:42 Finished transferring output files
...
005 (7223579.005.000) 09/25 12:53:44 Job terminated.
	(1) Normal termination (return value 50)
		Usr 0 06:05:47, Sys 0 00:01:31  -  Run Remote Usage
		Usr 0 00:00:00, Sys 0 00:00:00  -  Run Local Usage
		Usr 0 06:05:47, Sys 0 00:01:31  -  Total Remote Usage
		Usr 0 00:00:00, Sys 0 00:00:00  -  Total Local Usage
	90308  -  Run Bytes Sent By Job
	1403  -  Run Bytes Received By Job
	90308  -  Total Bytes Sent By Job
	1403  -  Total Bytes Received By Job
	Partitionable Resources :       Usage  Request Allocated Assigned
	   Cpus                 :        1.00        1         1 
	   Disk (KB)            : 19636520           2   6876757 
	   Gpus (Average)       :        0.00        1         1 "GPU-45f32e65"
	   GpusMemory (MB)      :      599                       
	   Memory (MB)          :    20553        2000      2000 

	Job terminated of its own accord at 2024-09-25T10:53:42Z with exit-code 50.
...
