000 (7223579.001.000) 09/25 06:45:50 Job submitted from host: <137.138.44.55:9618?addrs=137.138.44.55-9618+[2001-1458-d00-1a--48]-9618&alias=bigbird17.cern.ch&noUDP&sock=schedd_1981_6134>
...
040 (7223579.001.000) 09/25 06:46:06 Started transferring input files
	Transferring to host: <188.185.238.10:9618?addrs=188.185.238.10-9618+[2001-1458-303-28--100-6]-9618&alias=b9pgpun002.cern.ch&noUDP&sock=slot1_3_1420705_f206_18672>
...
040 (7223579.001.000) 09/25 06:46:06 Finished transferring input files
...
001 (7223579.001.000) 09/25 06:46:07 Job executing on host: <188.185.238.10:9618?addrs=188.185.238.10-9618+[2001-1458-303-28--100-6]-9618&alias=b9pgpun002.cern.ch&noUDP&sock=startd_600104_020a>
	SlotName: slot1_3@b9pgpun002.cern.ch
	AvailableGPUs = { GPUs_GPU_9da60805 }
	CondorScratchDir = "/pool/condor/dir_2796202"
	Cpus = 1
	Disk = 6875973
	GPUs = 1
	GPUs_GPU_9da60805 = [ GlobalMemoryMb = 95235; MaxSupportedVersion = 12040; DriverVersion = 12.4; DeviceName = "NVIDIA H100 NVL"; CoresPerCU = 128; ECCEnabled = true; ComputeUnits = 132; ClockMhz = 1785.0; Id = "GPU-9da60805"; Capability = 9.0; DevicePciBusId = "0000:AD:00.0"; DeviceUuid = "9da60805-d028-0dcf-913d-840a8f174736" ]
	Memory = 2000
...
006 (7223579.001.000) 09/25 06:46:16 Image size of job updated: 2977624
	2908  -  MemoryUsage of job (MB)
	2977624  -  ResidentSetSize of job (KB)
...
006 (7223579.001.000) 09/25 06:51:17 Image size of job updated: 21463152
	20955  -  MemoryUsage of job (MB)
	21457712  -  ResidentSetSize of job (KB)
...
006 (7223579.001.000) 09/25 06:56:17 Image size of job updated: 21660572
	21097  -  MemoryUsage of job (MB)
	21602736  -  ResidentSetSize of job (KB)
...
006 (7223579.001.000) 09/25 07:01:18 Image size of job updated: 21660572
	21103  -  MemoryUsage of job (MB)
	21608504  -  ResidentSetSize of job (KB)
...
006 (7223579.001.000) 09/25 07:06:19 Image size of job updated: 21660572
	21139  -  MemoryUsage of job (MB)
	21645732  -  ResidentSetSize of job (KB)
...
006 (7223579.001.000) 09/25 07:11:20 Image size of job updated: 21666324
	21154  -  MemoryUsage of job (MB)
	21660844  -  ResidentSetSize of job (KB)
...
006 (7223579.001.000) 09/25 07:16:21 Image size of job updated: 21693172
	21181  -  MemoryUsage of job (MB)
	21688712  -  ResidentSetSize of job (KB)
...
006 (7223579.001.000) 09/25 07:21:21 Image size of job updated: 21695060
	21184  -  MemoryUsage of job (MB)
	21691736  -  ResidentSetSize of job (KB)
...
006 (7223579.001.000) 09/25 07:26:21 Image size of job updated: 21697352
	21185  -  MemoryUsage of job (MB)
	21692584  -  ResidentSetSize of job (KB)
...
006 (7223579.001.000) 09/25 07:31:21 Image size of job updated: 21697352
	21186  -  MemoryUsage of job (MB)
	21693524  -  ResidentSetSize of job (KB)
...
006 (7223579.001.000) 09/25 07:36:21 Image size of job updated: 21700236
	21187  -  MemoryUsage of job (MB)
	21695404  -  ResidentSetSize of job (KB)
...
006 (7223579.001.000) 09/25 07:41:21 Image size of job updated: 21749696
	21224  -  MemoryUsage of job (MB)
	21733292  -  ResidentSetSize of job (KB)
...
006 (7223579.001.000) 09/25 07:46:21 Image size of job updated: 21749696
	21225  -  MemoryUsage of job (MB)
	21733548  -  ResidentSetSize of job (KB)
...
006 (7223579.001.000) 09/25 07:51:22 Image size of job updated: 21775608
	21261  -  MemoryUsage of job (MB)
	21770868  -  ResidentSetSize of job (KB)
...
006 (7223579.001.000) 09/25 07:56:22 Image size of job updated: 21786976
	21267  -  MemoryUsage of job (MB)
	21776788  -  ResidentSetSize of job (KB)
...
006 (7223579.001.000) 09/25 08:01:22 Image size of job updated: 21787188
	21271  -  MemoryUsage of job (MB)
	21780688  -  ResidentSetSize of job (KB)
...
006 (7223579.001.000) 09/25 08:06:22 Image size of job updated: 21788644
	21275  -  MemoryUsage of job (MB)
	21784708  -  ResidentSetSize of job (KB)
...
006 (7223579.001.000) 09/25 08:11:22 Image size of job updated: 21872016
	21349  -  MemoryUsage of job (MB)
	21861316  -  ResidentSetSize of job (KB)
...
006 (7223579.001.000) 09/25 08:16:22 Image size of job updated: 21872016
	21353  -  MemoryUsage of job (MB)
	21865076  -  ResidentSetSize of job (KB)
...
006 (7223579.001.000) 09/25 08:21:22 Image size of job updated: 21875220
	21356  -  MemoryUsage of job (MB)
	21867648  -  ResidentSetSize of job (KB)
...
006 (7223579.001.000) 09/25 08:26:22 Image size of job updated: 21875596
	21358  -  MemoryUsage of job (MB)
	21870332  -  ResidentSetSize of job (KB)
...
006 (7223579.001.000) 09/25 08:31:22 Image size of job updated: 21912000
	21393  -  MemoryUsage of job (MB)
	21906048  -  ResidentSetSize of job (KB)
...
006 (7223579.001.000) 09/25 08:36:22 Image size of job updated: 21915344
	21397  -  MemoryUsage of job (MB)
	21910452  -  ResidentSetSize of job (KB)
...
006 (7223579.001.000) 09/25 08:41:22 Image size of job updated: 21933192
	21414  -  MemoryUsage of job (MB)
	21927684  -  ResidentSetSize of job (KB)
...
006 (7223579.001.000) 09/25 08:46:22 Image size of job updated: 21995728
	21457  -  MemoryUsage of job (MB)
	21971720  -  ResidentSetSize of job (KB)
...
006 (7223579.001.000) 09/25 08:51:22 Image size of job updated: 22133812
	21605  -  MemoryUsage of job (MB)
	22123488  -  ResidentSetSize of job (KB)
...
006 (7223579.001.000) 09/25 08:56:22 Image size of job updated: 22262752
	21738  -  MemoryUsage of job (MB)
	22259436  -  ResidentSetSize of job (KB)
...
006 (7223579.001.000) 09/25 09:01:23 Image size of job updated: 22268216
	21742  -  MemoryUsage of job (MB)
	22263384  -  ResidentSetSize of job (KB)
...
006 (7223579.001.000) 09/25 09:06:24 Image size of job updated: 22270628
	21744  -  MemoryUsage of job (MB)
	22265544  -  ResidentSetSize of job (KB)
...
006 (7223579.001.000) 09/25 09:11:25 Image size of job updated: 22272784
	21746  -  MemoryUsage of job (MB)
	22267268  -  ResidentSetSize of job (KB)
...
006 (7223579.001.000) 09/25 09:16:26 Image size of job updated: 22323880
	21797  -  MemoryUsage of job (MB)
	22319312  -  ResidentSetSize of job (KB)
...
006 (7223579.001.000) 09/25 09:21:27 Image size of job updated: 22326152
	21798  -  MemoryUsage of job (MB)
	22321008  -  ResidentSetSize of job (KB)
...
006 (7223579.001.000) 09/25 09:31:29 Image size of job updated: 22326152
	21799  -  MemoryUsage of job (MB)
	22321960  -  ResidentSetSize of job (KB)
...
006 (7223579.001.000) 09/25 09:36:30 Image size of job updated: 22343924
	21815  -  MemoryUsage of job (MB)
	22338304  -  ResidentSetSize of job (KB)
...
006 (7223579.001.000) 09/25 09:41:31 Image size of job updated: 22578464
	22035  -  MemoryUsage of job (MB)
	22563824  -  ResidentSetSize of job (KB)
...
006 (7223579.001.000) 09/25 09:46:32 Image size of job updated: 22687504
	22143  -  MemoryUsage of job (MB)
	22673544  -  ResidentSetSize of job (KB)
...
006 (7223579.001.000) 09/25 09:51:32 Image size of job updated: 25653272
	25052  -  MemoryUsage of job (MB)
	25652248  -  ResidentSetSize of job (KB)
...
006 (7223579.001.000) 09/25 09:52:33 Image size of job updated: 25820068
	25054  -  MemoryUsage of job (MB)
	25654552  -  ResidentSetSize of job (KB)
...
040 (7223579.001.000) 09/25 09:52:34 Started transferring output files
...
040 (7223579.001.000) 09/25 09:52:34 Finished transferring output files
...
005 (7223579.001.000) 09/25 09:52:35 Job terminated.
	(1) Normal termination (return value 50)
		Usr 0 03:02:56, Sys 0 00:13:44  -  Run Remote Usage
		Usr 0 00:00:00, Sys 0 00:00:00  -  Run Local Usage
		Usr 0 03:02:56, Sys 0 00:13:44  -  Total Remote Usage
		Usr 0 00:00:00, Sys 0 00:00:00  -  Total Local Usage
	87627  -  Run Bytes Sent By Job
	1403  -  Run Bytes Received By Job
	87627  -  Total Bytes Sent By Job
	1403  -  Total Bytes Received By Job
	Partitionable Resources :       Usage  Request Allocated Assigned
	   Cpus                 :        0.95        1         1 
	   Disk (KB)            : 20997641           2   6875973 
	   Gpus (Average)       :        0.00        1         1 "GPU-9da60805"
	   GpusMemory (MB)      :      617                       
	   Memory (MB)          :    25054        2000      2000 

	Job terminated of its own accord at 2024-09-25T07:52:33Z with exit-code 50.
...
