000 (7216421.006.000) 09/16 07:43:58 Job submitted from host: <137.138.44.55:9618?addrs=137.138.44.55-9618+[2001-1458-d00-1a--48]-9618&alias=bigbird17.cern.ch&noUDP&sock=schedd_1980_b19c>
...
040 (7216421.006.000) 09/16 09:49:24 Started transferring input files
	Transferring to host: <188.185.93.15:9618?addrs=188.185.93.15-9618+[2001-1458-d00-6c--100-19a]-9618&alias=b9g57n1708.cern.ch&noUDP&sock=slot1_1_13098_79ce_124486>
...
040 (7216421.006.000) 09/16 09:49:24 Finished transferring input files
...
001 (7216421.006.000) 09/16 09:49:25 Job executing on host: <188.185.93.15:9618?addrs=188.185.93.15-9618+[2001-1458-d00-6c--100-19a]-9618&alias=b9g57n1708.cern.ch&noUDP&sock=startd_12239_83b4>
	SlotName: slot1_1@b9g57n1708.cern.ch
	AvailableGPUs = { GPUs_GPU_02690ba6 }
	CondorScratchDir = "/pool/condor/dir_2019770"
	Cpus = 1
	Disk = 322300
	GPUs = 1
	GPUs_GPU_02690ba6 = [ GlobalMemoryMb = 40326; MaxSupportedVersion = 12040; DriverVersion = 12.4; DeviceUuid = "02690ba6-da8f-b9f3-f5f5-ed6909a5a343"; DeviceName = "NVIDIA A100-PCIE-40GB"; CoresPerCU = 64; ECCEnabled = true; ComputeUnits = 108; ClockMhz = 1410.0; Id = "GPU-02690ba6"; DevicePciBusId = "0000:06:00.0"; Capability = 8.0 ]
	Memory = 2000
...
006 (7216421.006.000) 09/16 09:49:34 Image size of job updated: 1104244
	1079  -  MemoryUsage of job (MB)
	1104164  -  ResidentSetSize of job (KB)
...
006 (7216421.006.000) 09/16 09:54:34 Image size of job updated: 1156284
	1098  -  MemoryUsage of job (MB)
	1123476  -  ResidentSetSize of job (KB)
...
006 (7216421.006.000) 09/16 10:19:37 Image size of job updated: 1156284
	1113  -  MemoryUsage of job (MB)
	1139472  -  ResidentSetSize of job (KB)
...
006 (7216421.006.000) 09/16 10:24:37 Image size of job updated: 1160428
	1134  -  MemoryUsage of job (MB)
	1160428  -  ResidentSetSize of job (KB)
...
006 (7216421.006.000) 09/16 10:29:38 Image size of job updated: 1175600
	1134  -  MemoryUsage of job (MB)
	1160428  -  ResidentSetSize of job (KB)
...
006 (7216421.006.000) 09/16 10:34:38 Image size of job updated: 1204536
	1155  -  MemoryUsage of job (MB)
	1182632  -  ResidentSetSize of job (KB)
...
006 (7216421.006.000) 09/16 10:39:39 Image size of job updated: 1267520
	1219  -  MemoryUsage of job (MB)
	1248180  -  ResidentSetSize of job (KB)
...
006 (7216421.006.000) 09/16 10:44:39 Image size of job updated: 1309292
	1274  -  MemoryUsage of job (MB)
	1303972  -  ResidentSetSize of job (KB)
...
006 (7216421.006.000) 09/16 10:49:40 Image size of job updated: 1353200
	1307  -  MemoryUsage of job (MB)
	1338016  -  ResidentSetSize of job (KB)
...
006 (7216421.006.000) 09/16 10:54:41 Image size of job updated: 1439960
	1392  -  MemoryUsage of job (MB)
	1424760  -  ResidentSetSize of job (KB)
...
006 (7216421.006.000) 09/16 10:59:41 Image size of job updated: 1466952
	1422  -  MemoryUsage of job (MB)
	1455748  -  ResidentSetSize of job (KB)
...
006 (7216421.006.000) 09/16 11:04:42 Image size of job updated: 1523460
	1485  -  MemoryUsage of job (MB)
	1520224  -  ResidentSetSize of job (KB)
...
006 (7216421.006.000) 09/16 11:09:42 Image size of job updated: 1543804
	1485  -  MemoryUsage of job (MB)
	1520480  -  ResidentSetSize of job (KB)
...
006 (7216421.006.000) 09/16 11:14:43 Image size of job updated: 1569464
	1530  -  MemoryUsage of job (MB)
	1566708  -  ResidentSetSize of job (KB)
...
006 (7216421.006.000) 09/16 11:19:43 Image size of job updated: 1625280
	1572  -  MemoryUsage of job (MB)
	1609412  -  ResidentSetSize of job (KB)
...
006 (7216421.006.000) 09/16 11:24:44 Image size of job updated: 1671256
	1603  -  MemoryUsage of job (MB)
	1641284  -  ResidentSetSize of job (KB)
...
006 (7216421.006.000) 09/16 11:29:44 Image size of job updated: 1702756
	1626  -  MemoryUsage of job (MB)
	1664704  -  ResidentSetSize of job (KB)
...
006 (7216421.006.000) 09/16 11:34:45 Image size of job updated: 1709548
	1660  -  MemoryUsage of job (MB)
	1699660  -  ResidentSetSize of job (KB)
...
006 (7216421.006.000) 09/16 11:39:45 Image size of job updated: 2584920
	1828  -  MemoryUsage of job (MB)
	1871232  -  ResidentSetSize of job (KB)
...
006 (7216421.006.000) 09/16 11:44:46 Image size of job updated: 2750800
	1946  -  MemoryUsage of job (MB)
	1992388  -  ResidentSetSize of job (KB)
...
006 (7216421.006.000) 09/16 11:49:46 Image size of job updated: 2750800
	2011  -  MemoryUsage of job (MB)
	2058832  -  ResidentSetSize of job (KB)
...
006 (7216421.006.000) 09/16 11:54:47 Image size of job updated: 2750800
	2052  -  MemoryUsage of job (MB)
	2100776  -  ResidentSetSize of job (KB)
...
006 (7216421.006.000) 09/16 11:58:21 Image size of job updated: 5536208
	2288  -  MemoryUsage of job (MB)
	2342552  -  ResidentSetSize of job (KB)
...
040 (7216421.006.000) 09/16 11:58:21 Started transferring output files
...
040 (7216421.006.000) 09/16 11:58:21 Finished transferring output files
...
005 (7216421.006.000) 09/16 11:58:21 Job terminated.
	(1) Normal termination (return value 50)
		Usr 0 01:34:50, Sys 0 00:30:24  -  Run Remote Usage
		Usr 0 00:00:00, Sys 0 00:00:00  -  Run Local Usage
		Usr 0 01:34:50, Sys 0 00:30:24  -  Total Remote Usage
		Usr 0 00:00:00, Sys 0 00:00:00  -  Total Local Usage
	115896  -  Run Bytes Sent By Job
	2970  -  Run Bytes Received By Job
	115896  -  Total Bytes Sent By Job
	2970  -  Total Bytes Received By Job
	Partitionable Resources :      Usage  Request Allocated Assigned
	   Cpus                 :       0.74        1         1 
	   Disk (KB)            : 1406971           3    322300 
	   Gpus (Average)       :       0.18        1         1 "GPU-02690ba6"
	   GpusMemory (MB)      :    3133                       
	   Memory (MB)          :    2288        2000      2000 

	Job terminated of its own accord at 2024-09-16T09:58:21Z with exit-code 50.
...
