000 (7186289.001.000) 08/22 15:33:24 Job submitted from host: <137.138.44.55:9618?addrs=137.138.44.55-9618+[2001-1458-d00-1a--48]-9618&alias=bigbird17.cern.ch&noUDP&sock=schedd_23962_8474>
...
040 (7186289.001.000) 08/22 19:42:06 Started transferring input files
	Transferring to host: <128.142.248.81:9618?addrs=128.142.248.81-9618+[2001-1458-301-73--100-141]-9618&alias=b9g23p3234.cern.ch&noUDP&sock=slot1_32_3493222_a91c_5328>
...
040 (7186289.001.000) 08/22 19:42:06 Finished transferring input files
...
001 (7186289.001.000) 08/22 19:42:07 Job executing on host: <128.142.248.81:9618?addrs=128.142.248.81-9618+[2001-1458-301-73--100-141]-9618&alias=b9g23p3234.cern.ch&noUDP&sock=startd_5923_4389>
	SlotName: slot1_32@b9g23p3234.cern.ch
	CondorScratchDir = "/pool/condor/dir_1972257"
	Cpus = 1
	Disk = 3093585
	Memory = 2000
...
006 (7186289.001.000) 08/22 19:42:17 Image size of job updated: 336852
	329  -  MemoryUsage of job (MB)
	336740  -  ResidentSetSize of job (KB)
...
006 (7186289.001.000) 08/22 19:47:18 Image size of job updated: 3834076
	3480  -  MemoryUsage of job (MB)
	3562748  -  ResidentSetSize of job (KB)
...
040 (7186289.001.000) 08/22 19:50:36 Started transferring output files
...
040 (7186289.001.000) 08/22 19:50:36 Finished transferring output files
...
005 (7186289.001.000) 08/22 19:50:36 Job terminated.
	(1) Normal termination (return value 50)
		Usr 0 00:06:59, Sys 0 00:00:20  -  Run Remote Usage
		Usr 0 00:00:00, Sys 0 00:00:00  -  Run Local Usage
		Usr 0 00:06:59, Sys 0 00:00:20  -  Total Remote Usage
		Usr 0 00:00:00, Sys 0 00:00:00  -  Total Local Usage
	15751  -  Run Bytes Sent By Job
	2763  -  Run Bytes Received By Job
	15751  -  Total Bytes Sent By Job
	2763  -  Total Bytes Received By Job
	Partitionable Resources :     Usage  Request Allocated 
	   Cpus                 :      0.95        1         1 
	   Disk (KB)            : 300957           3   3093585 
	   Memory (MB)          :   3480        2000      2000 

	Job terminated of its own accord at 2024-08-22T17:50:36Z with exit-code 50.
...
