000 (7227827.005.000) 10/02 08:39:25 Job submitted from host: <137.138.44.55:9618?addrs=137.138.44.55-9618+[2001-1458-d00-1a--48]-9618&alias=bigbird17.cern.ch&noUDP&sock=schedd_1981_6134>
...
040 (7227827.005.000) 10/03 14:20:53 Started transferring input files
	Transferring to host: <128.142.248.218:9618?addrs=128.142.248.218-9618+[2001-1458-301-73--100-d9]-9618&alias=b9g23p2883.cern.ch&noUDP&sock=slot1_30_1412154_fe0a_37573>
...
040 (7227827.005.000) 10/03 14:20:53 Finished transferring input files
...
001 (7227827.005.000) 10/03 14:20:54 Job executing on host: <128.142.248.218:9618?addrs=128.142.248.218-9618+[2001-1458-301-73--100-d9]-9618&alias=b9g23p2883.cern.ch&noUDP&sock=startd_1412115_0387>
	SlotName: slot1_30@b9g23p2883.cern.ch
	CondorScratchDir = "/pool/condor/dir_1272939"
	Cpus = 1
	Disk = 2988601
	Memory = 2000
...
006 (7227827.005.000) 10/03 14:21:02 Image size of job updated: 960544
	939  -  MemoryUsage of job (MB)
	960536  -  ResidentSetSize of job (KB)
...
006 (7227827.005.000) 10/03 14:26:03 Image size of job updated: 1121872
	944  -  MemoryUsage of job (MB)
	966264  -  ResidentSetSize of job (KB)
...
006 (7227827.005.000) 10/03 20:46:41 Image size of job updated: 1121872
	1031  -  MemoryUsage of job (MB)
	1054896  -  ResidentSetSize of job (KB)
...
006 (7227827.005.000) 10/03 20:51:41 Image size of job updated: 1310172
	1270  -  MemoryUsage of job (MB)
	1300092  -  ResidentSetSize of job (KB)
...
006 (7227827.005.000) 10/03 20:56:42 Image size of job updated: 2410752
	2355  -  MemoryUsage of job (MB)
	2410516  -  ResidentSetSize of job (KB)
...
006 (7227827.005.000) 10/03 21:01:43 Image size of job updated: 2816724
	2751  -  MemoryUsage of job (MB)
	2816724  -  ResidentSetSize of job (KB)
...
006 (7227827.005.000) 10/03 21:06:43 Image size of job updated: 3239100
	3164  -  MemoryUsage of job (MB)
	3239100  -  ResidentSetSize of job (KB)
...
006 (7227827.005.000) 10/03 21:11:44 Image size of job updated: 3658052
	3573  -  MemoryUsage of job (MB)
	3658052  -  ResidentSetSize of job (KB)
...
006 (7227827.005.000) 10/03 21:16:44 Image size of job updated: 4080868
	3986  -  MemoryUsage of job (MB)
	4080868  -  ResidentSetSize of job (KB)
...
006 (7227827.005.000) 10/03 21:21:45 Image size of job updated: 4505112
	4400  -  MemoryUsage of job (MB)
	4505112  -  ResidentSetSize of job (KB)
...
006 (7227827.005.000) 10/03 21:24:47 Image size of job updated: 4702692
	4400  -  MemoryUsage of job (MB)
	4505184  -  ResidentSetSize of job (KB)
...
040 (7227827.005.000) 10/03 21:24:47 Started transferring output files
...
040 (7227827.005.000) 10/03 21:24:47 Finished transferring output files
...
005 (7227827.005.000) 10/03 21:24:47 Job terminated.
	(1) Normal termination (return value 50)
		Usr 0 06:54:12, Sys 0 00:06:11  -  Run Remote Usage
		Usr 0 00:00:00, Sys 0 00:00:00  -  Run Local Usage
		Usr 0 06:54:12, Sys 0 00:06:11  -  Total Remote Usage
		Usr 0 00:00:00, Sys 0 00:00:00  -  Total Local Usage
	97253  -  Run Bytes Sent By Job
	2422  -  Run Bytes Received By Job
	97253  -  Total Bytes Sent By Job
	2422  -  Total Bytes Received By Job
	Partitionable Resources :      Usage  Request Allocated 
	   Cpus                 :       0.97        1         1 
	   Disk (KB)            : 2875057           3   2988601 
	   Memory (MB)          :    4400        2000      2000 

	Job terminated of its own accord at 2024-10-03T19:24:47Z with exit-code 50.
...
