000 (7217798.000.000) 09/23 13:21:23 Job submitted from host: <137.138.44.55:9618?addrs=137.138.44.55-9618+[2001-1458-d00-1a--48]-9618&alias=bigbird17.cern.ch&noUDP&sock=schedd_1981_6134>
...
040 (7217798.000.000) 09/23 23:18:12 Started transferring input files
	Transferring to host: <188.185.238.11:9618?addrs=188.185.238.11-9618+[2001-1458-303-28--100-7]-9618&alias=b9pgpun003.cern.ch&noUDP&sock=slot1_2_818830_8f4b_29493>
...
040 (7217798.000.000) 09/23 23:18:12 Finished transferring input files
...
001 (7217798.000.000) 09/23 23:18:13 Job executing on host: <188.185.238.11:9618?addrs=188.185.238.11-9618+[2001-1458-303-28--100-7]-9618&alias=b9pgpun003.cern.ch&noUDP&sock=startd_217080_670c>
	SlotName: slot1_2@b9pgpun003.cern.ch
	AvailableGPUs = { GPUs_GPU_961f99a9 }
	CondorScratchDir = "/pool/condor/dir_3698215"
	Cpus = 1
	Disk = 6888136
	GPUs = 1
	GPUs_GPU_961f99a9 = [ GlobalMemoryMb = 95235; MaxSupportedVersion = 12040; DriverVersion = 12.4; DeviceName = "NVIDIA H100 NVL"; CoresPerCU = 128; ECCEnabled = true; ComputeUnits = 132; ClockMhz = 1785.0; Id = "GPU-961f99a9"; Capability = 9.0; DevicePciBusId = "0000:3B:00.0"; DeviceUuid = "961f99a9-cffc-9470-1648-488d58df1923" ]
	Memory = 2000
...
006 (7217798.000.000) 09/23 23:18:21 Image size of job updated: 2340520
	2286  -  MemoryUsage of job (MB)
	2340516  -  ResidentSetSize of job (KB)
...
006 (7217798.000.000) 09/23 23:23:21 Image size of job updated: 2438856
	2291  -  MemoryUsage of job (MB)
	2344972  -  ResidentSetSize of job (KB)
...
006 (7217798.000.000) 09/23 23:33:22 Image size of job updated: 2438856
	2305  -  MemoryUsage of job (MB)
	2360216  -  ResidentSetSize of job (KB)
...
006 (7217798.000.000) 09/23 23:38:23 Image size of job updated: 2438856
	2321  -  MemoryUsage of job (MB)
	2375952  -  ResidentSetSize of job (KB)
...
006 (7217798.000.000) 09/23 23:43:24 Image size of job updated: 2438856
	2330  -  MemoryUsage of job (MB)
	2384912  -  ResidentSetSize of job (KB)
...
006 (7217798.000.000) 09/23 23:48:24 Image size of job updated: 2438856
	2342  -  MemoryUsage of job (MB)
	2397880  -  ResidentSetSize of job (KB)
...
006 (7217798.000.000) 09/23 23:53:25 Image size of job updated: 2438856
	2356  -  MemoryUsage of job (MB)
	2412540  -  ResidentSetSize of job (KB)
...
006 (7217798.000.000) 09/24 00:03:25 Image size of job updated: 2438856
	2366  -  MemoryUsage of job (MB)
	2421972  -  ResidentSetSize of job (KB)
...
006 (7217798.000.000) 09/24 00:08:26 Image size of job updated: 2438856
	2368  -  MemoryUsage of job (MB)
	2424080  -  ResidentSetSize of job (KB)
...
006 (7217798.000.000) 09/24 00:18:26 Image size of job updated: 2438856
	2374  -  MemoryUsage of job (MB)
	2430640  -  ResidentSetSize of job (KB)
...
006 (7217798.000.000) 09/24 00:23:27 Image size of job updated: 2444984
	2377  -  MemoryUsage of job (MB)
	2433308  -  ResidentSetSize of job (KB)
...
006 (7217798.000.000) 09/24 00:28:27 Image size of job updated: 2448716
	2377  -  MemoryUsage of job (MB)
	2433308  -  ResidentSetSize of job (KB)
...
006 (7217798.000.000) 09/24 00:33:28 Image size of job updated: 2463644
	2397  -  MemoryUsage of job (MB)
	2453932  -  ResidentSetSize of job (KB)
...
006 (7217798.000.000) 09/24 00:38:29 Image size of job updated: 2470316
	2402  -  MemoryUsage of job (MB)
	2459396  -  ResidentSetSize of job (KB)
...
006 (7217798.000.000) 09/24 00:43:29 Image size of job updated: 2470316
	2409  -  MemoryUsage of job (MB)
	2465948  -  ResidentSetSize of job (KB)
...
006 (7217798.000.000) 09/24 00:48:30 Image size of job updated: 2471700
	2409  -  MemoryUsage of job (MB)
	2465948  -  ResidentSetSize of job (KB)
...
006 (7217798.000.000) 09/24 00:53:30 Image size of job updated: 2475112
	2413  -  MemoryUsage of job (MB)
	2469956  -  ResidentSetSize of job (KB)
...
006 (7217798.000.000) 09/24 00:58:30 Image size of job updated: 2480956
	2419  -  MemoryUsage of job (MB)
	2476620  -  ResidentSetSize of job (KB)
...
006 (7217798.000.000) 09/24 01:03:31 Image size of job updated: 2492240
	2431  -  MemoryUsage of job (MB)
	2489128  -  ResidentSetSize of job (KB)
...
006 (7217798.000.000) 09/24 01:08:31 Image size of job updated: 2496152
	2431  -  MemoryUsage of job (MB)
	2489128  -  ResidentSetSize of job (KB)
...
006 (7217798.000.000) 09/24 01:18:33 Image size of job updated: 2501700
	2433  -  MemoryUsage of job (MB)
	2490856  -  ResidentSetSize of job (KB)
...
006 (7217798.000.000) 09/24 01:23:33 Image size of job updated: 2544792
	2477  -  MemoryUsage of job (MB)
	2536160  -  ResidentSetSize of job (KB)
...
006 (7217798.000.000) 09/24 01:28:34 Image size of job updated: 2615912
	2551  -  MemoryUsage of job (MB)
	2612032  -  ResidentSetSize of job (KB)
...
006 (7217798.000.000) 09/24 01:33:34 Image size of job updated: 2655004
	2574  -  MemoryUsage of job (MB)
	2635112  -  ResidentSetSize of job (KB)
...
006 (7217798.000.000) 09/24 01:38:34 Image size of job updated: 2973464
	2886  -  MemoryUsage of job (MB)
	2954888  -  ResidentSetSize of job (KB)
...
006 (7217798.000.000) 09/24 01:43:35 Image size of job updated: 3532496
	3393  -  MemoryUsage of job (MB)
	3473848  -  ResidentSetSize of job (KB)
...
006 (7217798.000.000) 09/24 01:48:35 Image size of job updated: 6537256
	6385  -  MemoryUsage of job (MB)
	6537256  -  ResidentSetSize of job (KB)
...
006 (7217798.000.000) 09/24 01:53:37 Image size of job updated: 7272948
	7103  -  MemoryUsage of job (MB)
	7272948  -  ResidentSetSize of job (KB)
...
006 (7217798.000.000) 09/24 01:58:37 Image size of job updated: 8006900
	7820  -  MemoryUsage of job (MB)
	8006900  -  ResidentSetSize of job (KB)
...
006 (7217798.000.000) 09/24 02:03:37 Image size of job updated: 8739564
	8535  -  MemoryUsage of job (MB)
	8739564  -  ResidentSetSize of job (KB)
...
006 (7217798.000.000) 09/24 02:08:38 Image size of job updated: 9471980
	9250  -  MemoryUsage of job (MB)
	9471980  -  ResidentSetSize of job (KB)
...
006 (7217798.000.000) 09/24 02:12:19 Image size of job updated: 9938412
	9251  -  MemoryUsage of job (MB)
	9472236  -  ResidentSetSize of job (KB)
...
040 (7217798.000.000) 09/24 02:12:19 Started transferring output files
...
040 (7217798.000.000) 09/24 02:12:19 Finished transferring output files
...
005 (7217798.000.000) 09/24 02:12:20 Job terminated.
	(1) Normal termination (return value 0)
		Usr 0 02:52:50, Sys 0 00:01:09  -  Run Remote Usage
		Usr 0 00:00:00, Sys 0 00:00:00  -  Run Local Usage
		Usr 0 02:52:50, Sys 0 00:01:09  -  Total Remote Usage
		Usr 0 00:00:00, Sys 0 00:00:00  -  Total Local Usage
	85201  -  Run Bytes Sent By Job
	1416  -  Run Bytes Received By Job
	85201  -  Total Bytes Sent By Job
	1416  -  Total Bytes Received By Job
	Partitionable Resources :      Usage  Request Allocated Assigned
	   Cpus                 :       1.00        1         1 
	   Disk (KB)            : 5319987           2   6888136 
	   Gpus (Average)       :       0.00        1         1 "GPU-961f99a9"
	   GpusMemory (MB)      :     599                       
	   Memory (MB)          :    9251        2000      2000 

	Job terminated of its own accord at 2024-09-24T00:12:19Z with exit-code 0.
...
