000 (7217798.006.000) 09/23 13:21:23 Job submitted from host: <137.138.44.55:9618?addrs=137.138.44.55-9618+[2001-1458-d00-1a--48]-9618&alias=bigbird17.cern.ch&noUDP&sock=schedd_1981_6134>
...
040 (7217798.006.000) 09/24 00:44:46 Started transferring input files
	Transferring to host: <188.185.190.107:9618?addrs=188.185.190.107-9618+[2001-1458-d03-b--100-2fe]-9618&alias=b9pgpun013.cern.ch&noUDP&sock=slot1_1_223718_51c2_26197>
...
040 (7217798.006.000) 09/24 00:44:46 Finished transferring input files
...
001 (7217798.006.000) 09/24 00:44:47 Job executing on host: <188.185.190.107:9618?addrs=188.185.190.107-9618+[2001-1458-d03-b--100-2fe]-9618&alias=b9pgpun013.cern.ch&noUDP&sock=startd_204990_ab0b>
	SlotName: slot1_1@b9pgpun013.cern.ch
	AvailableGPUs = { GPUs_GPU_83d8ac8f }
	CondorScratchDir = "/pool/condor/dir_3160542"
	Cpus = 1
	Disk = 6888041
	GPUs = 1
	GPUs_GPU_83d8ac8f = [ GlobalMemoryMb = 95235; MaxSupportedVersion = 12040; DriverVersion = 12.4; DeviceName = "NVIDIA H100 NVL"; CoresPerCU = 128; ECCEnabled = true; ComputeUnits = 132; ClockMhz = 1785.0; Id = "GPU-83d8ac8f"; Capability = 9.0; DevicePciBusId = "0000:3A:00.0"; DeviceUuid = "83d8ac8f-ff52-1c2a-a57e-2a7517992ad1" ]
	Memory = 2000
...
006 (7217798.006.000) 09/24 00:44:56 Image size of job updated: 2298404
	2245  -  MemoryUsage of job (MB)
	2298312  -  ResidentSetSize of job (KB)
...
006 (7217798.006.000) 09/24 00:49:56 Image size of job updated: 2433332
	2246  -  MemoryUsage of job (MB)
	2299316  -  ResidentSetSize of job (KB)
...
006 (7217798.006.000) 09/24 00:59:57 Image size of job updated: 2433332
	2294  -  MemoryUsage of job (MB)
	2348132  -  ResidentSetSize of job (KB)
...
006 (7217798.006.000) 09/24 01:04:57 Image size of job updated: 2433332
	2309  -  MemoryUsage of job (MB)
	2364008  -  ResidentSetSize of job (KB)
...
006 (7217798.006.000) 09/24 01:09:59 Image size of job updated: 2433332
	2318  -  MemoryUsage of job (MB)
	2373228  -  ResidentSetSize of job (KB)
...
006 (7217798.006.000) 09/24 01:14:59 Image size of job updated: 2433332
	2330  -  MemoryUsage of job (MB)
	2385768  -  ResidentSetSize of job (KB)
...
006 (7217798.006.000) 09/24 01:19:59 Image size of job updated: 2433332
	2353  -  MemoryUsage of job (MB)
	2408600  -  ResidentSetSize of job (KB)
...
006 (7217798.006.000) 09/24 01:30:00 Image size of job updated: 2433332
	2362  -  MemoryUsage of job (MB)
	2418488  -  ResidentSetSize of job (KB)
...
006 (7217798.006.000) 09/24 01:35:01 Image size of job updated: 2433332
	2365  -  MemoryUsage of job (MB)
	2420920  -  ResidentSetSize of job (KB)
...
006 (7217798.006.000) 09/24 01:45:02 Image size of job updated: 2433332
	2370  -  MemoryUsage of job (MB)
	2425864  -  ResidentSetSize of job (KB)
...
006 (7217798.006.000) 09/24 01:50:03 Image size of job updated: 2441076
	2370  -  MemoryUsage of job (MB)
	2426684  -  ResidentSetSize of job (KB)
...
006 (7217798.006.000) 09/24 01:55:03 Image size of job updated: 2442672
	2386  -  MemoryUsage of job (MB)
	2442436  -  ResidentSetSize of job (KB)
...
006 (7217798.006.000) 09/24 02:00:03 Image size of job updated: 2459896
	2386  -  MemoryUsage of job (MB)
	2442436  -  ResidentSetSize of job (KB)
...
006 (7217798.006.000) 09/24 02:05:04 Image size of job updated: 2466368
	2396  -  MemoryUsage of job (MB)
	2453040  -  ResidentSetSize of job (KB)
...
006 (7217798.006.000) 09/24 02:10:04 Image size of job updated: 2466368
	2402  -  MemoryUsage of job (MB)
	2459556  -  ResidentSetSize of job (KB)
...
006 (7217798.006.000) 09/24 02:15:05 Image size of job updated: 2467676
	2402  -  MemoryUsage of job (MB)
	2459556  -  ResidentSetSize of job (KB)
...
006 (7217798.006.000) 09/24 02:20:06 Image size of job updated: 2467676
	2406  -  MemoryUsage of job (MB)
	2463636  -  ResidentSetSize of job (KB)
...
006 (7217798.006.000) 09/24 02:25:06 Image size of job updated: 2477448
	2406  -  MemoryUsage of job (MB)
	2463636  -  ResidentSetSize of job (KB)
...
006 (7217798.006.000) 09/24 02:30:07 Image size of job updated: 2483784
	2426  -  MemoryUsage of job (MB)
	2483480  -  ResidentSetSize of job (KB)
...
006 (7217798.006.000) 09/24 02:35:07 Image size of job updated: 2487992
	2426  -  MemoryUsage of job (MB)
	2483480  -  ResidentSetSize of job (KB)
...
006 (7217798.006.000) 09/24 02:45:08 Image size of job updated: 2493136
	2426  -  MemoryUsage of job (MB)
	2483480  -  ResidentSetSize of job (KB)
...
006 (7217798.006.000) 09/24 02:50:08 Image size of job updated: 2547740
	2464  -  MemoryUsage of job (MB)
	2522448  -  ResidentSetSize of job (KB)
...
006 (7217798.006.000) 09/24 02:55:09 Image size of job updated: 2608268
	2534  -  MemoryUsage of job (MB)
	2594460  -  ResidentSetSize of job (KB)
...
006 (7217798.006.000) 09/24 03:00:09 Image size of job updated: 2645164
	2565  -  MemoryUsage of job (MB)
	2625840  -  ResidentSetSize of job (KB)
...
006 (7217798.006.000) 09/24 03:05:11 Image size of job updated: 3008680
	2896  -  MemoryUsage of job (MB)
	2964832  -  ResidentSetSize of job (KB)
...
006 (7217798.006.000) 09/24 03:10:11 Image size of job updated: 3521768
	3398  -  MemoryUsage of job (MB)
	3479124  -  ResidentSetSize of job (KB)
...
006 (7217798.006.000) 09/24 03:15:11 Image size of job updated: 5421272
	5295  -  MemoryUsage of job (MB)
	5421272  -  ResidentSetSize of job (KB)
...
006 (7217798.006.000) 09/24 03:20:12 Image size of job updated: 6157336
	6014  -  MemoryUsage of job (MB)
	6157336  -  ResidentSetSize of job (KB)
...
006 (7217798.006.000) 09/24 03:25:12 Image size of job updated: 6892336
	6731  -  MemoryUsage of job (MB)
	6892336  -  ResidentSetSize of job (KB)
...
006 (7217798.006.000) 09/24 03:30:13 Image size of job updated: 7627956
	7450  -  MemoryUsage of job (MB)
	7627956  -  ResidentSetSize of job (KB)
...
006 (7217798.006.000) 09/24 03:35:14 Image size of job updated: 8361056
	8166  -  MemoryUsage of job (MB)
	8361056  -  ResidentSetSize of job (KB)
...
006 (7217798.006.000) 09/24 03:38:23 Image size of job updated: 8750176
	8166  -  MemoryUsage of job (MB)
	8361056  -  ResidentSetSize of job (KB)
...
040 (7217798.006.000) 09/24 03:38:23 Started transferring output files
...
040 (7217798.006.000) 09/24 03:38:23 Finished transferring output files
...
005 (7217798.006.000) 09/24 03:38:23 Job terminated.
	(1) Normal termination (return value 50)
		Usr 0 02:52:26, Sys 0 00:01:10  -  Run Remote Usage
		Usr 0 00:00:00, Sys 0 00:00:00  -  Run Local Usage
		Usr 0 02:52:26, Sys 0 00:01:10  -  Total Remote Usage
		Usr 0 00:00:00, Sys 0 00:00:00  -  Total Local Usage
	85246  -  Run Bytes Sent By Job
	1416  -  Run Bytes Received By Job
	85246  -  Total Bytes Sent By Job
	1416  -  Total Bytes Received By Job
	Partitionable Resources :      Usage  Request Allocated Assigned
	   Cpus                 :       1.00        1         1 
	   Disk (KB)            : 5319988           2   6888041 
	   Gpus (Average)       :       0.00        1         1 "GPU-83d8ac8f"
	   GpusMemory (MB)      :     599                       
	   Memory (MB)          :    8166        2000      2000 

	Job terminated of its own accord at 2024-09-24T01:38:23Z with exit-code 50.
...
