000 (7217798.005.000) 09/23 13:21:23 Job submitted from host: <137.138.44.55:9618?addrs=137.138.44.55-9618+[2001-1458-d00-1a--48]-9618&alias=bigbird17.cern.ch&noUDP&sock=schedd_1981_6134>
...
040 (7217798.005.000) 09/24 00:44:41 Started transferring input files
	Transferring to host: <188.185.190.107:9618?addrs=188.185.190.107-9618+[2001-1458-d03-b--100-2fe]-9618&alias=b9pgpun013.cern.ch&noUDP&sock=slot1_4_223718_51c2_26196>
...
040 (7217798.005.000) 09/24 00:44:41 Finished transferring input files
...
001 (7217798.005.000) 09/24 00:44:42 Job executing on host: <188.185.190.107:9618?addrs=188.185.190.107-9618+[2001-1458-d03-b--100-2fe]-9618&alias=b9pgpun013.cern.ch&noUDP&sock=startd_204990_ab0b>
	SlotName: slot1_4@b9pgpun013.cern.ch
	AvailableGPUs = { GPUs_GPU_49a3c76d }
	CondorScratchDir = "/pool/condor/dir_3160247"
	Cpus = 1
	Disk = 6887449
	GPUs = 1
	GPUs_GPU_49a3c76d = [ GlobalMemoryMb = 95235; MaxSupportedVersion = 12040; DriverVersion = 12.4; DeviceName = "NVIDIA H100 NVL"; CoresPerCU = 128; ECCEnabled = true; ComputeUnits = 132; ClockMhz = 1785.0; Id = "GPU-49a3c76d"; Capability = 9.0; DevicePciBusId = "0000:AE:00.0"; DeviceUuid = "49a3c76d-089b-8e94-1c4a-b0c322ed2738" ]
	Memory = 2000
...
006 (7217798.005.000) 09/24 00:44:51 Image size of job updated: 2428904
	1883  -  MemoryUsage of job (MB)
	1927872  -  ResidentSetSize of job (KB)
...
006 (7217798.005.000) 09/24 00:49:52 Image size of job updated: 2428904
	2154  -  MemoryUsage of job (MB)
	2204676  -  ResidentSetSize of job (KB)
...
006 (7217798.005.000) 09/24 00:54:52 Image size of job updated: 2428904
	2230  -  MemoryUsage of job (MB)
	2283520  -  ResidentSetSize of job (KB)
...
006 (7217798.005.000) 09/24 00:59:52 Image size of job updated: 2428904
	2293  -  MemoryUsage of job (MB)
	2347072  -  ResidentSetSize of job (KB)
...
006 (7217798.005.000) 09/24 01:04:53 Image size of job updated: 2428904
	2304  -  MemoryUsage of job (MB)
	2358472  -  ResidentSetSize of job (KB)
...
006 (7217798.005.000) 09/24 01:09:53 Image size of job updated: 2428904
	2313  -  MemoryUsage of job (MB)
	2368108  -  ResidentSetSize of job (KB)
...
006 (7217798.005.000) 09/24 01:14:54 Image size of job updated: 2428904
	2325  -  MemoryUsage of job (MB)
	2380152  -  ResidentSetSize of job (KB)
...
006 (7217798.005.000) 09/24 01:19:55 Image size of job updated: 2428904
	2348  -  MemoryUsage of job (MB)
	2403536  -  ResidentSetSize of job (KB)
...
006 (7217798.005.000) 09/24 01:29:57 Image size of job updated: 2428904
	2357  -  MemoryUsage of job (MB)
	2412604  -  ResidentSetSize of job (KB)
...
006 (7217798.005.000) 09/24 01:34:57 Image size of job updated: 2428904
	2358  -  MemoryUsage of job (MB)
	2414540  -  ResidentSetSize of job (KB)
...
006 (7217798.005.000) 09/24 01:44:58 Image size of job updated: 2428904
	2364  -  MemoryUsage of job (MB)
	2420284  -  ResidentSetSize of job (KB)
...
006 (7217798.005.000) 09/24 01:49:58 Image size of job updated: 2436952
	2366  -  MemoryUsage of job (MB)
	2422344  -  ResidentSetSize of job (KB)
...
006 (7217798.005.000) 09/24 01:54:59 Image size of job updated: 2440560
	2366  -  MemoryUsage of job (MB)
	2422472  -  ResidentSetSize of job (KB)
...
006 (7217798.005.000) 09/24 02:00:00 Image size of job updated: 2455564
	2389  -  MemoryUsage of job (MB)
	2445436  -  ResidentSetSize of job (KB)
...
006 (7217798.005.000) 09/24 02:05:00 Image size of job updated: 2462052
	2394  -  MemoryUsage of job (MB)
	2450996  -  ResidentSetSize of job (KB)
...
006 (7217798.005.000) 09/24 02:10:01 Image size of job updated: 2462052
	2398  -  MemoryUsage of job (MB)
	2455152  -  ResidentSetSize of job (KB)
...
006 (7217798.005.000) 09/24 02:15:01 Image size of job updated: 2463576
	2398  -  MemoryUsage of job (MB)
	2455152  -  ResidentSetSize of job (KB)
...
006 (7217798.005.000) 09/24 02:20:01 Image size of job updated: 2463576
	2402  -  MemoryUsage of job (MB)
	2459404  -  ResidentSetSize of job (KB)
...
006 (7217798.005.000) 09/24 02:25:02 Image size of job updated: 2473296
	2402  -  MemoryUsage of job (MB)
	2459404  -  ResidentSetSize of job (KB)
...
006 (7217798.005.000) 09/24 02:30:02 Image size of job updated: 2479536
	2421  -  MemoryUsage of job (MB)
	2478896  -  ResidentSetSize of job (KB)
...
006 (7217798.005.000) 09/24 02:35:04 Image size of job updated: 2484168
	2421  -  MemoryUsage of job (MB)
	2478896  -  ResidentSetSize of job (KB)
...
006 (7217798.005.000) 09/24 02:45:04 Image size of job updated: 2488924
	2427  -  MemoryUsage of job (MB)
	2484804  -  ResidentSetSize of job (KB)
...
006 (7217798.005.000) 09/24 02:50:05 Image size of job updated: 2554548
	2477  -  MemoryUsage of job (MB)
	2536332  -  ResidentSetSize of job (KB)
...
006 (7217798.005.000) 09/24 02:55:05 Image size of job updated: 2600584
	2532  -  MemoryUsage of job (MB)
	2592352  -  ResidentSetSize of job (KB)
...
006 (7217798.005.000) 09/24 03:00:06 Image size of job updated: 2638604
	2561  -  MemoryUsage of job (MB)
	2622436  -  ResidentSetSize of job (KB)
...
006 (7217798.005.000) 09/24 03:05:07 Image size of job updated: 3001808
	2920  -  MemoryUsage of job (MB)
	2990076  -  ResidentSetSize of job (KB)
...
006 (7217798.005.000) 09/24 03:10:07 Image size of job updated: 3514856
	3412  -  MemoryUsage of job (MB)
	3493808  -  ResidentSetSize of job (KB)
...
006 (7217798.005.000) 09/24 03:15:08 Image size of job updated: 5453840
	5327  -  MemoryUsage of job (MB)
	5453840  -  ResidentSetSize of job (KB)
...
006 (7217798.005.000) 09/24 03:20:08 Image size of job updated: 6186300
	6042  -  MemoryUsage of job (MB)
	6186300  -  ResidentSetSize of job (KB)
...
006 (7217798.005.000) 09/24 03:25:08 Image size of job updated: 6916104
	6755  -  MemoryUsage of job (MB)
	6916104  -  ResidentSetSize of job (KB)
...
006 (7217798.005.000) 09/24 03:30:09 Image size of job updated: 7645712
	7467  -  MemoryUsage of job (MB)
	7645712  -  ResidentSetSize of job (KB)
...
006 (7217798.005.000) 09/24 03:35:09 Image size of job updated: 8374172
	8178  -  MemoryUsage of job (MB)
	8374172  -  ResidentSetSize of job (KB)
...
006 (7217798.005.000) 09/24 03:38:10 Image size of job updated: 8739496
	8178  -  MemoryUsage of job (MB)
	8374172  -  ResidentSetSize of job (KB)
...
040 (7217798.005.000) 09/24 03:38:10 Started transferring output files
...
040 (7217798.005.000) 09/24 03:38:10 Finished transferring output files
...
005 (7217798.005.000) 09/24 03:38:10 Job terminated.
	(1) Normal termination (return value 50)
		Usr 0 02:52:18, Sys 0 00:01:10  -  Run Remote Usage
		Usr 0 00:00:00, Sys 0 00:00:00  -  Run Local Usage
		Usr 0 02:52:18, Sys 0 00:01:10  -  Total Remote Usage
		Usr 0 00:00:00, Sys 0 00:00:00  -  Total Local Usage
	85243  -  Run Bytes Sent By Job
	1416  -  Run Bytes Received By Job
	85243  -  Total Bytes Sent By Job
	1416  -  Total Bytes Received By Job
	Partitionable Resources :      Usage  Request Allocated Assigned
	   Cpus                 :       1.00        1         1 
	   Disk (KB)            : 5319986           2   6887449 
	   Gpus (Average)       :       0.00        1         1 "GPU-49a3c76d"
	   GpusMemory (MB)      :     599                       
	   Memory (MB)          :    8178        2000      2000 

	Job terminated of its own accord at 2024-09-24T01:38:10Z with exit-code 50.
...
