000 (7197995.000.000) 09/06 11:06:18 Job submitted from host: <137.138.44.55:9618?addrs=137.138.44.55-9618+[2001-1458-d00-1a--48]-9618&alias=bigbird17.cern.ch&noUDP&sock=schedd_23962_8474>
...
040 (7197995.000.000) 09/06 11:55:10 Started transferring input files
	Transferring to host: <128.142.248.218:9618?addrs=128.142.248.218-9618+[2001-1458-301-73--100-d9]-9618&alias=b9g23p2883.cern.ch&noUDP&sock=slot1_46_1412154_fe0a_5744>
...
040 (7197995.000.000) 09/06 11:55:10 Finished transferring input files
...
001 (7197995.000.000) 09/06 11:55:11 Job executing on host: <128.142.248.218:9618?addrs=128.142.248.218-9618+[2001-1458-301-73--100-d9]-9618&alias=b9g23p2883.cern.ch&noUDP&sock=startd_1412115_0387>
	SlotName: slot1_46@b9g23p2883.cern.ch
	CondorScratchDir = "/pool/condor/dir_3173031"
	Cpus = 1
	Disk = 3096554
	Memory = 2000
...
006 (7197995.000.000) 09/06 11:55:20 Image size of job updated: 688520
	673  -  MemoryUsage of job (MB)
	688396  -  ResidentSetSize of job (KB)
...
006 (7197995.000.000) 09/06 12:00:20 Image size of job updated: 785012
	676  -  MemoryUsage of job (MB)
	692208  -  ResidentSetSize of job (KB)
...
006 (7197995.000.000) 09/06 21:21:17 Image size of job updated: 4503048
	4398  -  MemoryUsage of job (MB)
	4503044  -  ResidentSetSize of job (KB)
...
006 (7197995.000.000) 09/06 21:26:18 Image size of job updated: 4640636
	4532  -  MemoryUsage of job (MB)
	4640636  -  ResidentSetSize of job (KB)
...
006 (7197995.000.000) 09/06 21:27:37 Image size of job updated: 4675040
	4532  -  MemoryUsage of job (MB)
	4640636  -  ResidentSetSize of job (KB)
...
040 (7197995.000.000) 09/06 21:27:38 Started transferring output files
...
040 (7197995.000.000) 09/06 21:27:38 Finished transferring output files
...
005 (7197995.000.000) 09/06 21:27:38 Job terminated.
	(1) Normal termination (return value 0)
		Usr 0 09:16:06, Sys 0 00:05:30  -  Run Remote Usage
		Usr 0 00:00:00, Sys 0 00:00:00  -  Run Local Usage
		Usr 0 09:16:06, Sys 0 00:05:30  -  Total Remote Usage
		Usr 0 00:00:00, Sys 0 00:00:00  -  Total Local Usage
	51056  -  Run Bytes Sent By Job
	2926  -  Run Bytes Received By Job
	51056  -  Total Bytes Sent By Job
	2926  -  Total Bytes Received By Job
	Partitionable Resources :     Usage  Request Allocated 
	   Cpus                 :      0.23        1         1 
	   Disk (KB)            : 847738           3   3096554 
	   Memory (MB)          :   4532        2000      2000 

	Job terminated of its own accord at 2024-09-06T19:27:37Z with exit-code 0.
...
