000 (7187340.007.000) 08/26 07:58:26 Job submitted from host: <137.138.44.55:9618?addrs=137.138.44.55-9618+[2001-1458-d00-1a--48]-9618&alias=bigbird17.cern.ch&noUDP&sock=schedd_23962_8474>
...
040 (7187340.007.000) 08/29 08:40:10 Started transferring input files
	Transferring to host: <188.185.93.146:9618?addrs=188.185.93.146-9618+[2001-1458-d00-6c--100-31a]-9618&alias=b9g57n0740.cern.ch&noUDP&sock=slot1_1_3222_f0bc_111789>
...
040 (7187340.007.000) 08/29 08:40:10 Finished transferring input files
...
001 (7187340.007.000) 08/29 08:40:11 Job executing on host: <188.185.93.146:9618?addrs=188.185.93.146-9618+[2001-1458-d00-6c--100-31a]-9618&alias=b9g57n0740.cern.ch&noUDP&sock=startd_2845_0307>
	SlotName: slot1_1@b9g57n0740.cern.ch
	AvailableGPUs = { GPUs_GPU_9a98ebeb }
	CondorScratchDir = "/pool/condor/dir_1472022"
	Cpus = 1
	Disk = 330358
	GPUs = 1
	GPUs_GPU_9a98ebeb = [ GlobalMemoryMb = 40326; MaxSupportedVersion = 12040; DriverVersion = 12.4; DeviceUuid = "9a98ebeb-911f-1d15-1176-f7aa715b1065"; DeviceName = "NVIDIA A100-PCIE-40GB"; CoresPerCU = 64; ECCEnabled = true; ComputeUnits = 108; ClockMhz = 1410.0; Id = "GPU-9a98ebeb"; DevicePciBusId = "0000:06:00.0"; Capability = 8.0 ]
	Memory = 2000
...
006 (7187340.007.000) 08/29 08:40:21 Image size of job updated: 1312880
	785  -  MemoryUsage of job (MB)
	803036  -  ResidentSetSize of job (KB)
...
006 (7187340.007.000) 08/29 08:45:23 Image size of job updated: 1323024
	1278  -  MemoryUsage of job (MB)
	1307884  -  ResidentSetSize of job (KB)
...
006 (7187340.007.000) 08/29 08:50:23 Image size of job updated: 2068088
	1793  -  MemoryUsage of job (MB)
	1835284  -  ResidentSetSize of job (KB)
...
006 (7187340.007.000) 08/29 08:55:23 Image size of job updated: 2818116
	2494  -  MemoryUsage of job (MB)
	2553360  -  ResidentSetSize of job (KB)
...
006 (7187340.007.000) 08/29 09:00:24 Image size of job updated: 2818116
	2535  -  MemoryUsage of job (MB)
	2594832  -  ResidentSetSize of job (KB)
...
006 (7187340.007.000) 08/29 09:10:25 Image size of job updated: 4248888
	3799  -  MemoryUsage of job (MB)
	3889352  -  ResidentSetSize of job (KB)
...
006 (7187340.007.000) 08/29 09:15:25 Image size of job updated: 4407392
	3799  -  MemoryUsage of job (MB)
	3889352  -  ResidentSetSize of job (KB)
...
006 (7187340.007.000) 08/29 09:20:27 Image size of job updated: 4530096
	3799  -  MemoryUsage of job (MB)
	3889352  -  ResidentSetSize of job (KB)
...
006 (7187340.007.000) 08/29 09:25:27 Image size of job updated: 4535460
	3799  -  MemoryUsage of job (MB)
	3889352  -  ResidentSetSize of job (KB)
...
006 (7187340.007.000) 08/29 09:30:27 Image size of job updated: 4671420
	3799  -  MemoryUsage of job (MB)
	3889352  -  ResidentSetSize of job (KB)
...
006 (7187340.007.000) 08/29 09:35:28 Image size of job updated: 4901248
	4436  -  MemoryUsage of job (MB)
	4541688  -  ResidentSetSize of job (KB)
...
006 (7187340.007.000) 08/29 09:40:28 Image size of job updated: 5031440
	4563  -  MemoryUsage of job (MB)
	4671984  -  ResidentSetSize of job (KB)
...
006 (7187340.007.000) 08/29 09:45:29 Image size of job updated: 5185408
	4563  -  MemoryUsage of job (MB)
	4671984  -  ResidentSetSize of job (KB)
...
006 (7187340.007.000) 08/29 09:50:29 Image size of job updated: 5306892
	4563  -  MemoryUsage of job (MB)
	4671984  -  ResidentSetSize of job (KB)
...
006 (7187340.007.000) 08/29 09:55:30 Image size of job updated: 5568312
	5438  -  MemoryUsage of job (MB)
	5568312  -  ResidentSetSize of job (KB)
...
006 (7187340.007.000) 08/29 10:00:30 Image size of job updated: 5622904
	5438  -  MemoryUsage of job (MB)
	5568312  -  ResidentSetSize of job (KB)
...
006 (7187340.007.000) 08/29 10:05:31 Image size of job updated: 6891040
	6730  -  MemoryUsage of job (MB)
	6891040  -  ResidentSetSize of job (KB)
...
006 (7187340.007.000) 08/29 10:05:42 Image size of job updated: 6900768
	6730  -  MemoryUsage of job (MB)
	6891296  -  ResidentSetSize of job (KB)
...
040 (7187340.007.000) 08/29 10:05:42 Started transferring output files
...
040 (7187340.007.000) 08/29 10:05:42 Finished transferring output files
...
005 (7187340.007.000) 08/29 10:05:42 Job terminated.
	(1) Normal termination (return value 50)
		Usr 0 01:13:10, Sys 0 00:10:13  -  Run Remote Usage
		Usr 0 00:00:00, Sys 0 00:00:00  -  Run Local Usage
		Usr 0 01:13:10, Sys 0 00:10:13  -  Total Remote Usage
		Usr 0 00:00:00, Sys 0 00:00:00  -  Total Local Usage
	50261  -  Run Bytes Sent By Job
	2950  -  Run Bytes Received By Job
	50261  -  Total Bytes Sent By Job
	2950  -  Total Bytes Received By Job
	Partitionable Resources :      Usage  Request Allocated Assigned
	   Cpus                 :       1.00        1         1 
	   Disk (KB)            : 1712999           3    330358 
	   Gpus (Average)       :       0.07        1         1 "GPU-9a98ebeb"
	   GpusMemory (MB)      :    6687                       
	   Memory (MB)          :    6730        2000      2000 

	Job terminated of its own accord at 2024-08-29T08:05:42Z with exit-code 50.
...
