000 (7187345.003.000) 08/26 07:58:29 Job submitted from host: <137.138.44.55:9618?addrs=137.138.44.55-9618+[2001-1458-d00-1a--48]-9618&alias=bigbird17.cern.ch&noUDP&sock=schedd_23962_8474>
...
040 (7187345.003.000) 08/26 15:26:04 Started transferring input files
	Transferring to host: <128.142.248.197:9618?addrs=128.142.248.197-9618+[2001-1458-301-73--100-c4]-9618&alias=b9g23p2961.cern.ch&noUDP&sock=slot1_18_7499_794a_5044>
...
040 (7187345.003.000) 08/26 15:26:04 Finished transferring input files
...
001 (7187345.003.000) 08/26 15:26:05 Job executing on host: <128.142.248.197:9618?addrs=128.142.248.197-9618+[2001-1458-301-73--100-c4]-9618&alias=b9g23p2961.cern.ch&noUDP&sock=startd_5911_0866>
	SlotName: slot1_18@b9g23p2961.cern.ch
	CondorScratchDir = "/pool/condor/dir_284821"
	Cpus = 1
	Disk = 3026768
	Memory = 2000
...
006 (7187345.003.000) 08/26 15:26:14 Image size of job updated: 963704
	942  -  MemoryUsage of job (MB)
	963640  -  ResidentSetSize of job (KB)
...
006 (7187345.003.000) 08/26 15:31:15 Image size of job updated: 1016700
	945  -  MemoryUsage of job (MB)
	967500  -  ResidentSetSize of job (KB)
...
006 (7187345.003.000) 08/26 18:51:34 Image size of job updated: 1017668
	981  -  MemoryUsage of job (MB)
	1003792  -  ResidentSetSize of job (KB)
...
006 (7187345.003.000) 08/26 18:56:34 Image size of job updated: 3635692
	3551  -  MemoryUsage of job (MB)
	3635692  -  ResidentSetSize of job (KB)
...
006 (7187345.003.000) 08/26 18:57:51 Image size of job updated: 3708976
	3551  -  MemoryUsage of job (MB)
	3635692  -  ResidentSetSize of job (KB)
...
040 (7187345.003.000) 08/26 18:57:52 Started transferring output files
...
040 (7187345.003.000) 08/26 18:57:52 Finished transferring output files
...
005 (7187345.003.000) 08/26 18:57:52 Job terminated.
	(1) Normal termination (return value 50)
		Usr 0 03:30:05, Sys 0 00:01:22  -  Run Remote Usage
		Usr 0 00:00:00, Sys 0 00:00:00  -  Run Local Usage
		Usr 0 03:30:05, Sys 0 00:01:22  -  Total Remote Usage
		Usr 0 00:00:00, Sys 0 00:00:00  -  Total Local Usage
	44604  -  Run Bytes Sent By Job
	2941  -  Run Bytes Received By Job
	44604  -  Total Bytes Sent By Job
	2941  -  Total Bytes Received By Job
	Partitionable Resources :     Usage  Request Allocated 
	   Cpus                 :      1.00        1         1 
	   Disk (KB)            : 997653           3   3026768 
	   Memory (MB)          :   3551        2000      2000 

	Job terminated of its own accord at 2024-08-26T16:57:51Z with exit-code 50.
...
