000 (7187345.007.000) 08/26 07:58:29 Job submitted from host: <137.138.44.55:9618?addrs=137.138.44.55-9618+[2001-1458-d00-1a--48]-9618&alias=bigbird17.cern.ch&noUDP&sock=schedd_23962_8474>
...
040 (7187345.007.000) 08/26 15:37:05 Started transferring input files
	Transferring to host: <128.142.248.241:9618?addrs=128.142.248.241-9618+[2001-1458-301-73--100-f0]-9618&alias=b9g23p2273.cern.ch&noUDP&sock=slot1_5_1598332_3c5d_9015>
...
040 (7187345.007.000) 08/26 15:37:05 Finished transferring input files
...
001 (7187345.007.000) 08/26 15:37:06 Job executing on host: <128.142.248.241:9618?addrs=128.142.248.241-9618+[2001-1458-301-73--100-f0]-9618&alias=b9g23p2273.cern.ch&noUDP&sock=startd_6509_3609>
	SlotName: slot1_5@b9g23p2273.cern.ch
	CondorScratchDir = "/pool/condor/dir_1013247"
	Cpus = 1
	Disk = 3131071
	Memory = 2000
...
006 (7187345.007.000) 08/26 15:37:16 Image size of job updated: 900052
	879  -  MemoryUsage of job (MB)
	900004  -  ResidentSetSize of job (KB)
...
006 (7187345.007.000) 08/26 15:42:16 Image size of job updated: 1031332
	884  -  MemoryUsage of job (MB)
	904280  -  ResidentSetSize of job (KB)
...
006 (7187345.007.000) 08/26 19:27:40 Image size of job updated: 1031332
	901  -  MemoryUsage of job (MB)
	921988  -  ResidentSetSize of job (KB)
...
006 (7187345.007.000) 08/26 19:32:40 Image size of job updated: 1031332
	955  -  MemoryUsage of job (MB)
	976968  -  ResidentSetSize of job (KB)
...
006 (7187345.007.000) 08/26 19:37:42 Image size of job updated: 1031332
	965  -  MemoryUsage of job (MB)
	987724  -  ResidentSetSize of job (KB)
...
006 (7187345.007.000) 08/26 19:42:42 Image size of job updated: 1031332
	985  -  MemoryUsage of job (MB)
	1008048  -  ResidentSetSize of job (KB)
...
006 (7187345.007.000) 08/26 19:47:43 Image size of job updated: 1031332
	985  -  MemoryUsage of job (MB)
	1008420  -  ResidentSetSize of job (KB)
...
006 (7187345.007.000) 08/26 19:52:43 Image size of job updated: 1046720
	1011  -  MemoryUsage of job (MB)
	1035084  -  ResidentSetSize of job (KB)
...
006 (7187345.007.000) 08/26 19:57:43 Image size of job updated: 1143304
	1070  -  MemoryUsage of job (MB)
	1095328  -  ResidentSetSize of job (KB)
...
006 (7187345.007.000) 08/26 20:02:44 Image size of job updated: 1187404
	1144  -  MemoryUsage of job (MB)
	1171252  -  ResidentSetSize of job (KB)
...
006 (7187345.007.000) 08/26 20:07:44 Image size of job updated: 1857460
	1814  -  MemoryUsage of job (MB)
	1857460  -  ResidentSetSize of job (KB)
...
006 (7187345.007.000) 08/26 20:12:45 Image size of job updated: 5048544
	4931  -  MemoryUsage of job (MB)
	5048544  -  ResidentSetSize of job (KB)
...
006 (7187345.007.000) 08/26 20:13:29 Image size of job updated: 5070564
	4931  -  MemoryUsage of job (MB)
	5048544  -  ResidentSetSize of job (KB)
...
040 (7187345.007.000) 08/26 20:13:30 Started transferring output files
...
040 (7187345.007.000) 08/26 20:13:30 Finished transferring output files
...
005 (7187345.007.000) 08/26 20:13:30 Job terminated.
	(1) Normal termination (return value 50)
		Usr 0 04:33:52, Sys 0 00:01:39  -  Run Remote Usage
		Usr 0 00:00:00, Sys 0 00:00:00  -  Run Local Usage
		Usr 0 04:33:52, Sys 0 00:01:39  -  Total Remote Usage
		Usr 0 00:00:00, Sys 0 00:00:00  -  Total Local Usage
	44608  -  Run Bytes Sent By Job
	2941  -  Run Bytes Received By Job
	44608  -  Total Bytes Sent By Job
	2941  -  Total Bytes Received By Job
	Partitionable Resources :     Usage  Request Allocated 
	   Cpus                 :      0.92        1         1 
	   Disk (KB)            : 964663           3   3131071 
	   Memory (MB)          :   4931        2000      2000 

	Job terminated of its own accord at 2024-08-26T18:13:29Z with exit-code 50.
...
