000 (7223588.005.000) 09/25 06:46:01 Job submitted from host: <137.138.44.55:9618?addrs=137.138.44.55-9618+[2001-1458-d00-1a--48]-9618&alias=bigbird17.cern.ch&noUDP&sock=schedd_1981_6134>
...
040 (7223588.005.000) 09/25 22:38:38 Started transferring input files
	Transferring to host: <188.185.238.12:9618?addrs=188.185.238.12-9618+[2001-1458-303-28--100-8]-9618&alias=b9pgpun001.cern.ch&noUDP&sock=slot1_3_240309_2e05_33949>
...
040 (7223588.005.000) 09/25 22:38:38 Finished transferring input files
...
001 (7223588.005.000) 09/25 22:38:39 Job executing on host: <188.185.238.12:9618?addrs=188.185.238.12-9618+[2001-1458-303-28--100-8]-9618&alias=b9pgpun001.cern.ch&noUDP&sock=startd_240269_20b4>
	SlotName: slot1_3@b9pgpun001.cern.ch
	AvailableGPUs = { GPUs_GPU_d53c75f4 }
	CondorScratchDir = "/pool/condor/dir_3405071"
	Cpus = 1
	Disk = 6812094
	GPUs = 1
	GPUs_GPU_d53c75f4 = [ GlobalMemoryMb = 95235; MaxSupportedVersion = 12040; DriverVersion = 12.4; DeviceName = "NVIDIA H100 NVL"; CoresPerCU = 128; ECCEnabled = true; ComputeUnits = 132; ClockMhz = 1785.0; Id = "GPU-d53c75f4"; Capability = 9.0; DevicePciBusId = "0000:AD:00.0"; DeviceUuid = "d53c75f4-8617-0aca-962a-70380a0586a4" ]
	Memory = 2000
...
006 (7223588.005.000) 09/25 22:38:47 Image size of job updated: 2907912
	2840  -  MemoryUsage of job (MB)
	2907896  -  ResidentSetSize of job (KB)
...
006 (7223588.005.000) 09/25 22:43:48 Image size of job updated: 21683156
	21175  -  MemoryUsage of job (MB)
	21683156  -  ResidentSetSize of job (KB)
...
006 (7223588.005.000) 09/25 22:48:49 Image size of job updated: 21764332
	21250  -  MemoryUsage of job (MB)
	21759724  -  ResidentSetSize of job (KB)
...
006 (7223588.005.000) 09/25 22:53:50 Image size of job updated: 21833080
	21317  -  MemoryUsage of job (MB)
	21827696  -  ResidentSetSize of job (KB)
...
006 (7223588.005.000) 09/25 22:58:50 Image size of job updated: 21843728
	21332  -  MemoryUsage of job (MB)
	21843648  -  ResidentSetSize of job (KB)
...
006 (7223588.005.000) 09/25 23:03:49 Image size of job updated: 21853208
	21335  -  MemoryUsage of job (MB)
	21846308  -  ResidentSetSize of job (KB)
...
006 (7223588.005.000) 09/25 23:08:49 Image size of job updated: 21903460
	21385  -  MemoryUsage of job (MB)
	21897964  -  ResidentSetSize of job (KB)
...
006 (7223588.005.000) 09/25 23:13:50 Image size of job updated: 21919452
	21397  -  MemoryUsage of job (MB)
	21909772  -  ResidentSetSize of job (KB)
...
006 (7223588.005.000) 09/25 23:18:51 Image size of job updated: 22002744
	21476  -  MemoryUsage of job (MB)
	21991276  -  ResidentSetSize of job (KB)
...
006 (7223588.005.000) 09/25 23:23:52 Image size of job updated: 22066776
	21546  -  MemoryUsage of job (MB)
	22062788  -  ResidentSetSize of job (KB)
...
006 (7223588.005.000) 09/25 23:28:53 Image size of job updated: 22119412
	21595  -  MemoryUsage of job (MB)
	22112524  -  ResidentSetSize of job (KB)
...
006 (7223588.005.000) 09/25 23:33:53 Image size of job updated: 22135188
	21604  -  MemoryUsage of job (MB)
	22122044  -  ResidentSetSize of job (KB)
...
006 (7223588.005.000) 09/25 23:38:52 Image size of job updated: 22162780
	21640  -  MemoryUsage of job (MB)
	22158636  -  ResidentSetSize of job (KB)
...
006 (7223588.005.000) 09/25 23:43:53 Image size of job updated: 22262144
	21731  -  MemoryUsage of job (MB)
	22251940  -  ResidentSetSize of job (KB)
...
006 (7223588.005.000) 09/25 23:48:54 Image size of job updated: 22326184
	21803  -  MemoryUsage of job (MB)
	22325412  -  ResidentSetSize of job (KB)
...
006 (7223588.005.000) 09/25 23:53:55 Image size of job updated: 22350668
	21823  -  MemoryUsage of job (MB)
	22346276  -  ResidentSetSize of job (KB)
...
006 (7223588.005.000) 09/25 23:58:56 Image size of job updated: 22361592
	21833  -  MemoryUsage of job (MB)
	22356248  -  ResidentSetSize of job (KB)
...
006 (7223588.005.000) 09/26 00:03:57 Image size of job updated: 22375128
	21845  -  MemoryUsage of job (MB)
	22368436  -  ResidentSetSize of job (KB)
...
006 (7223588.005.000) 09/26 00:08:57 Image size of job updated: 22383104
	21850  -  MemoryUsage of job (MB)
	22373916  -  ResidentSetSize of job (KB)
...
006 (7223588.005.000) 09/26 00:13:56 Image size of job updated: 22453612
	21927  -  MemoryUsage of job (MB)
	22452428  -  ResidentSetSize of job (KB)
...
006 (7223588.005.000) 09/26 00:18:57 Image size of job updated: 22534904
	21993  -  MemoryUsage of job (MB)
	22520648  -  ResidentSetSize of job (KB)
...
006 (7223588.005.000) 09/26 00:23:58 Image size of job updated: 22557684
	22023  -  MemoryUsage of job (MB)
	22550840  -  ResidentSetSize of job (KB)
...
006 (7223588.005.000) 09/26 00:28:59 Image size of job updated: 22637504
	22100  -  MemoryUsage of job (MB)
	22629544  -  ResidentSetSize of job (KB)
...
006 (7223588.005.000) 09/26 00:34:00 Image size of job updated: 22769944
	22229  -  MemoryUsage of job (MB)
	22762056  -  ResidentSetSize of job (KB)
...
006 (7223588.005.000) 09/26 00:39:00 Image size of job updated: 22818516
	22278  -  MemoryUsage of job (MB)
	22811756  -  ResidentSetSize of job (KB)
...
006 (7223588.005.000) 09/26 00:43:59 Image size of job updated: 22835516
	22296  -  MemoryUsage of job (MB)
	22830772  -  ResidentSetSize of job (KB)
...
006 (7223588.005.000) 09/26 00:48:59 Image size of job updated: 22847004
	22304  -  MemoryUsage of job (MB)
	22838616  -  ResidentSetSize of job (KB)
...
006 (7223588.005.000) 09/26 00:54:00 Image size of job updated: 23009932
	22465  -  MemoryUsage of job (MB)
	23004152  -  ResidentSetSize of job (KB)
...
006 (7223588.005.000) 09/26 00:59:01 Image size of job updated: 23062688
	22503  -  MemoryUsage of job (MB)
	23042360  -  ResidentSetSize of job (KB)
...
006 (7223588.005.000) 09/26 01:04:02 Image size of job updated: 23259892
	22714  -  MemoryUsage of job (MB)
	23258124  -  ResidentSetSize of job (KB)
...
006 (7223588.005.000) 09/26 01:09:03 Image size of job updated: 23281764
	22733  -  MemoryUsage of job (MB)
	23278260  -  ResidentSetSize of job (KB)
...
006 (7223588.005.000) 09/26 01:14:03 Image size of job updated: 23302976
	22744  -  MemoryUsage of job (MB)
	23289288  -  ResidentSetSize of job (KB)
...
006 (7223588.005.000) 09/26 01:19:03 Image size of job updated: 23425504
	22862  -  MemoryUsage of job (MB)
	23410316  -  ResidentSetSize of job (KB)
...
006 (7223588.005.000) 09/26 01:24:02 Image size of job updated: 23601216
	23045  -  MemoryUsage of job (MB)
	23597724  -  ResidentSetSize of job (KB)
...
006 (7223588.005.000) 09/26 01:29:02 Image size of job updated: 24500204
	23919  -  MemoryUsage of job (MB)
	24492804  -  ResidentSetSize of job (KB)
...
006 (7223588.005.000) 09/26 01:34:03 Image size of job updated: 24669172
	24091  -  MemoryUsage of job (MB)
	24669172  -  ResidentSetSize of job (KB)
...
006 (7223588.005.000) 09/26 01:39:04 Image size of job updated: 26340760
	25723  -  MemoryUsage of job (MB)
	26339736  -  ResidentSetSize of job (KB)
...
006 (7223588.005.000) 09/26 01:44:05 Image size of job updated: 27443368
	25726  -  MemoryUsage of job (MB)
	26342552  -  ResidentSetSize of job (KB)
...
040 (7223588.005.000) 09/26 01:44:14 Started transferring output files
...
040 (7223588.005.000) 09/26 01:44:14 Finished transferring output files
...
005 (7223588.005.000) 09/26 01:44:15 Job terminated.
	(1) Normal termination (return value 50)
		Usr 0 03:03:52, Sys 0 00:14:09  -  Run Remote Usage
		Usr 0 00:00:00, Sys 0 00:00:00  -  Run Local Usage
		Usr 0 03:03:52, Sys 0 00:14:09  -  Total Remote Usage
		Usr 0 00:00:00, Sys 0 00:00:00  -  Total Local Usage
	321813  -  Run Bytes Sent By Job
	1405  -  Run Bytes Received By Job
	321813  -  Total Bytes Sent By Job
	1405  -  Total Bytes Received By Job
	Partitionable Resources :       Usage  Request Allocated Assigned
	   Cpus                 :        0.57        1         1 
	   Disk (KB)            : 23039650           2   6812094 
	   Gpus (Average)       :        0.00        1         1 "GPU-d53c75f4"
	   GpusMemory (MB)      :      617                       
	   Memory (MB)          :    25726        2000      2000 

	Job terminated of its own accord at 2024-09-25T23:44:13Z with exit-code 50.
...
