000 (7223588.003.000) 09/25 06:46:01 Job submitted from host: <137.138.44.55:9618?addrs=137.138.44.55-9618+[2001-1458-d00-1a--48]-9618&alias=bigbird17.cern.ch&noUDP&sock=schedd_1981_6134>
...
040 (7223588.003.000) 09/25 20:09:20 Started transferring input files
	Transferring to host: <188.185.190.108:9618?addrs=188.185.190.108-9618+[2001-1458-d03-b--100-2ff]-9618&alias=b9pgpun015.cern.ch&noUDP&sock=slot1_2_241727_49ff_27506>
...
040 (7223588.003.000) 09/25 20:09:20 Finished transferring input files
...
001 (7223588.003.000) 09/25 20:09:21 Job executing on host: <188.185.190.108:9618?addrs=188.185.190.108-9618+[2001-1458-d03-b--100-2ff]-9618&alias=b9pgpun015.cern.ch&noUDP&sock=startd_205776_cc7b>
	SlotName: slot1_2@b9pgpun015.cern.ch
	AvailableGPUs = { GPUs_GPU_8419873c }
	CondorScratchDir = "/pool/condor/dir_2307000"
	Cpus = 1
	Disk = 6821838
	GPUs = 1
	GPUs_GPU_8419873c = [ GlobalMemoryMb = 95235; MaxSupportedVersion = 12040; DriverVersion = 12.4; DeviceName = "NVIDIA H100 NVL"; CoresPerCU = 128; ECCEnabled = true; ComputeUnits = 132; ClockMhz = 1785.0; Id = "GPU-8419873c"; Capability = 9.0; DevicePciBusId = "0000:3B:00.0"; DeviceUuid = "8419873c-22dc-83cd-5a57-5735ab9510a1" ]
	Memory = 2000
...
006 (7223588.003.000) 09/25 20:09:30 Image size of job updated: 2860732
	2794  -  MemoryUsage of job (MB)
	2860684  -  ResidentSetSize of job (KB)
...
006 (7223588.003.000) 09/25 20:14:32 Image size of job updated: 21688208
	21180  -  MemoryUsage of job (MB)
	21688208  -  ResidentSetSize of job (KB)
...
006 (7223588.003.000) 09/25 20:19:31 Image size of job updated: 21766876
	21253  -  MemoryUsage of job (MB)
	21762712  -  ResidentSetSize of job (KB)
...
006 (7223588.003.000) 09/25 20:24:32 Image size of job updated: 21836792
	21321  -  MemoryUsage of job (MB)
	21831828  -  ResidentSetSize of job (KB)
...
006 (7223588.003.000) 09/25 20:29:33 Image size of job updated: 21849632
	21337  -  MemoryUsage of job (MB)
	21848920  -  ResidentSetSize of job (KB)
...
006 (7223588.003.000) 09/25 20:34:34 Image size of job updated: 21855880
	21339  -  MemoryUsage of job (MB)
	21850164  -  ResidentSetSize of job (KB)
...
006 (7223588.003.000) 09/25 20:39:33 Image size of job updated: 21907256
	21388  -  MemoryUsage of job (MB)
	21900760  -  ResidentSetSize of job (KB)
...
006 (7223588.003.000) 09/25 20:44:34 Image size of job updated: 21921280
	21394  -  MemoryUsage of job (MB)
	21906848  -  ResidentSetSize of job (KB)
...
006 (7223588.003.000) 09/25 20:49:35 Image size of job updated: 22007168
	21482  -  MemoryUsage of job (MB)
	21996824  -  ResidentSetSize of job (KB)
...
006 (7223588.003.000) 09/25 20:54:36 Image size of job updated: 22070500
	21550  -  MemoryUsage of job (MB)
	22066516  -  ResidentSetSize of job (KB)
...
006 (7223588.003.000) 09/25 20:59:35 Image size of job updated: 22123308
	21599  -  MemoryUsage of job (MB)
	22116656  -  ResidentSetSize of job (KB)
...
006 (7223588.003.000) 09/25 21:04:36 Image size of job updated: 22141408
	21614  -  MemoryUsage of job (MB)
	22132048  -  ResidentSetSize of job (KB)
...
006 (7223588.003.000) 09/25 21:09:37 Image size of job updated: 22166216
	21644  -  MemoryUsage of job (MB)
	22162768  -  ResidentSetSize of job (KB)
...
006 (7223588.003.000) 09/25 21:14:38 Image size of job updated: 22265848
	21728  -  MemoryUsage of job (MB)
	22248996  -  ResidentSetSize of job (KB)
...
006 (7223588.003.000) 09/25 21:19:39 Image size of job updated: 22333492
	21803  -  MemoryUsage of job (MB)
	22325540  -  ResidentSetSize of job (KB)
...
006 (7223588.003.000) 09/25 21:24:38 Image size of job updated: 22354160
	21825  -  MemoryUsage of job (MB)
	22348644  -  ResidentSetSize of job (KB)
...
006 (7223588.003.000) 09/25 21:29:39 Image size of job updated: 22364996
	21837  -  MemoryUsage of job (MB)
	22360840  -  ResidentSetSize of job (KB)
...
006 (7223588.003.000) 09/25 21:34:40 Image size of job updated: 22380120
	21849  -  MemoryUsage of job (MB)
	22372700  -  ResidentSetSize of job (KB)
...
006 (7223588.003.000) 09/25 21:39:41 Image size of job updated: 22387796
	21855  -  MemoryUsage of job (MB)
	22378892  -  ResidentSetSize of job (KB)
...
006 (7223588.003.000) 09/25 21:44:40 Image size of job updated: 22457864
	21913  -  MemoryUsage of job (MB)
	22437908  -  ResidentSetSize of job (KB)
...
006 (7223588.003.000) 09/25 21:49:41 Image size of job updated: 22529392
	21971  -  MemoryUsage of job (MB)
	22497852  -  ResidentSetSize of job (KB)
...
006 (7223588.003.000) 09/25 21:54:42 Image size of job updated: 22559904
	22025  -  MemoryUsage of job (MB)
	22552884  -  ResidentSetSize of job (KB)
...
006 (7223588.003.000) 09/25 21:59:43 Image size of job updated: 22630364
	22094  -  MemoryUsage of job (MB)
	22623720  -  ResidentSetSize of job (KB)
...
006 (7223588.003.000) 09/25 22:04:44 Image size of job updated: 22764716
	22223  -  MemoryUsage of job (MB)
	22756096  -  ResidentSetSize of job (KB)
...
006 (7223588.003.000) 09/25 22:09:43 Image size of job updated: 22811492
	22271  -  MemoryUsage of job (MB)
	22804772  -  ResidentSetSize of job (KB)
...
006 (7223588.003.000) 09/25 22:14:44 Image size of job updated: 22828996
	22291  -  MemoryUsage of job (MB)
	22825068  -  ResidentSetSize of job (KB)
...
006 (7223588.003.000) 09/25 22:19:45 Image size of job updated: 22845360
	22304  -  MemoryUsage of job (MB)
	22838988  -  ResidentSetSize of job (KB)
...
006 (7223588.003.000) 09/25 22:24:46 Image size of job updated: 23009136
	22464  -  MemoryUsage of job (MB)
	23002712  -  ResidentSetSize of job (KB)
...
006 (7223588.003.000) 09/25 22:29:45 Image size of job updated: 23063380
	22511  -  MemoryUsage of job (MB)
	23051004  -  ResidentSetSize of job (KB)
...
006 (7223588.003.000) 09/25 22:34:46 Image size of job updated: 23254368
	22709  -  MemoryUsage of job (MB)
	23253424  -  ResidentSetSize of job (KB)
...
006 (7223588.003.000) 09/25 22:39:47 Image size of job updated: 23275040
	22727  -  MemoryUsage of job (MB)
	23272216  -  ResidentSetSize of job (KB)
...
006 (7223588.003.000) 09/25 22:44:48 Image size of job updated: 23295784
	22738  -  MemoryUsage of job (MB)
	23282924  -  ResidentSetSize of job (KB)
...
006 (7223588.003.000) 09/25 22:49:47 Image size of job updated: 23422476
	22866  -  MemoryUsage of job (MB)
	23414608  -  ResidentSetSize of job (KB)
...
006 (7223588.003.000) 09/25 22:54:48 Image size of job updated: 23616108
	23063  -  MemoryUsage of job (MB)
	23616108  -  ResidentSetSize of job (KB)
...
006 (7223588.003.000) 09/25 22:59:49 Image size of job updated: 24530800
	23847  -  MemoryUsage of job (MB)
	24418800  -  ResidentSetSize of job (KB)
...
006 (7223588.003.000) 09/25 23:04:50 Image size of job updated: 24669540
	24092  -  MemoryUsage of job (MB)
	24669540  -  ResidentSetSize of job (KB)
...
006 (7223588.003.000) 09/25 23:09:51 Image size of job updated: 26334416
	25718  -  MemoryUsage of job (MB)
	26334416  -  ResidentSetSize of job (KB)
...
006 (7223588.003.000) 09/25 23:14:50 Image size of job updated: 27434820
	25720  -  MemoryUsage of job (MB)
	26336976  -  ResidentSetSize of job (KB)
...
040 (7223588.003.000) 09/25 23:15:00 Started transferring output files
...
040 (7223588.003.000) 09/25 23:15:00 Finished transferring output files
...
005 (7223588.003.000) 09/25 23:15:01 Job terminated.
	(1) Normal termination (return value 50)
		Usr 0 03:03:53, Sys 0 00:13:53  -  Run Remote Usage
		Usr 0 00:00:00, Sys 0 00:00:00  -  Run Local Usage
		Usr 0 03:03:53, Sys 0 00:13:53  -  Total Remote Usage
		Usr 0 00:00:00, Sys 0 00:00:00  -  Total Local Usage
	322263  -  Run Bytes Sent By Job
	1405  -  Run Bytes Received By Job
	322263  -  Total Bytes Sent By Job
	1405  -  Total Bytes Received By Job
	Partitionable Resources :       Usage  Request Allocated Assigned
	   Cpus                 :        1.00        1         1 
	   Disk (KB)            : 23044817           2   6821838 
	   Gpus (Average)       :        0.00        1         1 "GPU-8419873c"
	   GpusMemory (MB)      :      599                       
	   Memory (MB)          :    25720        2000      2000 

	Job terminated of its own accord at 2024-09-25T21:14:59Z with exit-code 50.
...
