000 (7187732.006.000) 08/28 06:02:03 Job submitted from host: <137.138.44.55:9618?addrs=137.138.44.55-9618+[2001-1458-d00-1a--48]-9618&alias=bigbird17.cern.ch&noUDP&sock=schedd_23962_8474>
...
040 (7187732.006.000) 08/28 06:30:52 Started transferring input files
	Transferring to host: <188.185.198.111:9618?addrs=188.185.198.111-9618+[2001-1458-303-25--100-6b]-9618&alias=b9p15p4924.cern.ch&noUDP&sock=slot1_11_11906_9a9d_14179>
...
040 (7187732.006.000) 08/28 06:30:52 Finished transferring input files
...
001 (7187732.006.000) 08/28 06:30:53 Job executing on host: <188.185.198.111:9618?addrs=188.185.198.111-9618+[2001-1458-303-25--100-6b]-9618&alias=b9p15p4924.cern.ch&noUDP&sock=startd_11856_ceef>
	SlotName: slot1_11@b9p15p4924.cern.ch
	CondorScratchDir = "/pool/condor/dir_4128673"
	Cpus = 1
	Disk = 3299776
	Memory = 2000
...
006 (7187732.006.000) 08/28 06:31:06 Image size of job updated: 87948
	79  -  MemoryUsage of job (MB)
	80296  -  ResidentSetSize of job (KB)
...
006 (7187732.006.000) 08/28 06:36:08 Image size of job updated: 1074024
	750  -  MemoryUsage of job (MB)
	767996  -  ResidentSetSize of job (KB)
...
006 (7187732.006.000) 08/28 06:41:08 Image size of job updated: 1074024
	978  -  MemoryUsage of job (MB)
	1001444  -  ResidentSetSize of job (KB)
...
006 (7187732.006.000) 08/28 06:46:09 Image size of job updated: 1207140
	1138  -  MemoryUsage of job (MB)
	1165076  -  ResidentSetSize of job (KB)
...
006 (7187732.006.000) 08/28 06:51:09 Image size of job updated: 3819920
	3731  -  MemoryUsage of job (MB)
	3819920  -  ResidentSetSize of job (KB)
...
006 (7187732.006.000) 08/28 06:51:25 Image size of job updated: 3832024
	3731  -  MemoryUsage of job (MB)
	3819956  -  ResidentSetSize of job (KB)
...
040 (7187732.006.000) 08/28 06:51:25 Started transferring output files
...
040 (7187732.006.000) 08/28 06:51:25 Finished transferring output files
...
005 (7187732.006.000) 08/28 06:51:25 Job terminated.
	(1) Normal termination (return value 50)
		Usr 0 00:18:12, Sys 0 00:00:44  -  Run Remote Usage
		Usr 0 00:00:00, Sys 0 00:00:00  -  Run Local Usage
		Usr 0 00:18:12, Sys 0 00:00:44  -  Total Remote Usage
		Usr 0 00:00:00, Sys 0 00:00:00  -  Total Local Usage
	21320  -  Run Bytes Sent By Job
	2936  -  Run Bytes Received By Job
	21320  -  Total Bytes Sent By Job
	2936  -  Total Bytes Received By Job
	Partitionable Resources :      Usage  Request Allocated 
	   Cpus                 :       0.54        1         1 
	   Disk (KB)            : 1060643           3   3299776 
	   Memory (MB)          :    3731        2000      2000 

	Job terminated of its own accord at 2024-08-28T04:51:25Z with exit-code 50.
...
