000 (7187732.004.000) 08/28 06:02:03 Job submitted from host: <137.138.44.55:9618?addrs=137.138.44.55-9618+[2001-1458-d00-1a--48]-9618&alias=bigbird17.cern.ch&noUDP&sock=schedd_23962_8474>
...
040 (7187732.004.000) 08/28 06:30:51 Started transferring input files
	Transferring to host: <188.185.198.111:9618?addrs=188.185.198.111-9618+[2001-1458-303-25--100-6b]-9618&alias=b9p15p4924.cern.ch&noUDP&sock=slot1_5_11906_9a9d_14176>
...
040 (7187732.004.000) 08/28 06:30:51 Finished transferring input files
...
001 (7187732.004.000) 08/28 06:30:52 Job executing on host: <188.185.198.111:9618?addrs=188.185.198.111-9618+[2001-1458-303-25--100-6b]-9618&alias=b9p15p4924.cern.ch&noUDP&sock=startd_11856_ceef>
	SlotName: slot1_5@b9p15p4924.cern.ch
	CondorScratchDir = "/pool/condor/dir_4128665"
	Cpus = 1
	Disk = 3299776
	Memory = 2000
...
006 (7187732.004.000) 08/28 06:31:06 Image size of job updated: 94760
	83  -  MemoryUsage of job (MB)
	84048  -  ResidentSetSize of job (KB)
...
006 (7187732.004.000) 08/28 06:36:08 Image size of job updated: 1079852
	756  -  MemoryUsage of job (MB)
	773516  -  ResidentSetSize of job (KB)
...
006 (7187732.004.000) 08/28 06:41:08 Image size of job updated: 1079852
	993  -  MemoryUsage of job (MB)
	1016724  -  ResidentSetSize of job (KB)
...
006 (7187732.004.000) 08/28 06:46:09 Image size of job updated: 1219540
	1151  -  MemoryUsage of job (MB)
	1177940  -  ResidentSetSize of job (KB)
...
006 (7187732.004.000) 08/28 06:51:09 Image size of job updated: 3837672
	1151  -  MemoryUsage of job (MB)
	1178196  -  ResidentSetSize of job (KB)
...
040 (7187732.004.000) 08/28 06:51:14 Started transferring output files
...
040 (7187732.004.000) 08/28 06:51:14 Finished transferring output files
...
005 (7187732.004.000) 08/28 06:51:14 Job terminated.
	(1) Normal termination (return value 50)
		Usr 0 00:18:03, Sys 0 00:00:45  -  Run Remote Usage
		Usr 0 00:00:00, Sys 0 00:00:00  -  Run Local Usage
		Usr 0 00:18:03, Sys 0 00:00:45  -  Total Remote Usage
		Usr 0 00:00:00, Sys 0 00:00:00  -  Total Local Usage
	20591  -  Run Bytes Sent By Job
	2936  -  Run Bytes Received By Job
	20591  -  Total Bytes Sent By Job
	2936  -  Total Bytes Received By Job
	Partitionable Resources :      Usage  Request Allocated 
	   Cpus                 :       0.92        1         1 
	   Disk (KB)            : 1069080           3   3299776 
	   Memory (MB)          :    1151        2000      2000 

	Job terminated of its own accord at 2024-08-28T04:51:14Z with exit-code 50.
...
