000 (7186287.002.000) 08/22 15:33:23 Job submitted from host: <137.138.44.55:9618?addrs=137.138.44.55-9618+[2001-1458-d00-1a--48]-9618&alias=bigbird17.cern.ch&noUDP&sock=schedd_23962_8474>
...
040 (7186287.002.000) 08/22 18:27:53 Started transferring input files
	Transferring to host: <128.142.248.123:9618?addrs=128.142.248.123-9618+[2001-1458-301-73--100-16b]-9618&alias=b9g23p2657.cern.ch&noUDP&sock=slot1_32_1296705_ba53_4067>
...
040 (7186287.002.000) 08/22 18:27:53 Finished transferring input files
...
001 (7186287.002.000) 08/22 18:27:55 Job executing on host: <128.142.248.123:9618?addrs=128.142.248.123-9618+[2001-1458-301-73--100-16b]-9618&alias=b9g23p2657.cern.ch&noUDP&sock=startd_3078_d498>
	SlotName: slot1_32@b9g23p2657.cern.ch
	CondorScratchDir = "/pool/condor/dir_3033954"
	Cpus = 1
	Disk = 2996680
	Memory = 2000
...
006 (7186287.002.000) 08/22 18:28:05 Image size of job updated: 394444
	386  -  MemoryUsage of job (MB)
	394432  -  ResidentSetSize of job (KB)
...
006 (7186287.002.000) 08/22 18:33:06 Image size of job updated: 595772
	503  -  MemoryUsage of job (MB)
	515064  -  ResidentSetSize of job (KB)
...
006 (7186287.002.000) 08/22 18:38:06 Image size of job updated: 704980
	689  -  MemoryUsage of job (MB)
	704980  -  ResidentSetSize of job (KB)
...
006 (7186287.002.000) 08/22 18:43:06 Image size of job updated: 3472512
	3392  -  MemoryUsage of job (MB)
	3472512  -  ResidentSetSize of job (KB)
...
006 (7186287.002.000) 08/22 18:48:07 Image size of job updated: 3648864
	3564  -  MemoryUsage of job (MB)
	3648864  -  ResidentSetSize of job (KB)
...
006 (7186287.002.000) 08/22 18:53:07 Image size of job updated: 3828692
	3739  -  MemoryUsage of job (MB)
	3828692  -  ResidentSetSize of job (KB)
...
006 (7186287.002.000) 08/22 18:58:07 Image size of job updated: 4007724
	3914  -  MemoryUsage of job (MB)
	4007724  -  ResidentSetSize of job (KB)
...
006 (7186287.002.000) 08/22 19:03:08 Image size of job updated: 4183772
	4086  -  MemoryUsage of job (MB)
	4183772  -  ResidentSetSize of job (KB)
...
006 (7186287.002.000) 08/22 19:08:08 Image size of job updated: 4361664
	4260  -  MemoryUsage of job (MB)
	4361664  -  ResidentSetSize of job (KB)
...
006 (7186287.002.000) 08/22 19:13:09 Image size of job updated: 4531812
	4426  -  MemoryUsage of job (MB)
	4531804  -  ResidentSetSize of job (KB)
...
006 (7186287.002.000) 08/22 19:18:10 Image size of job updated: 4704464
	4595  -  MemoryUsage of job (MB)
	4704464  -  ResidentSetSize of job (KB)
...
006 (7186287.002.000) 08/22 19:23:10 Image size of job updated: 4880504
	4767  -  MemoryUsage of job (MB)
	4880504  -  ResidentSetSize of job (KB)
...
006 (7186287.002.000) 08/22 19:28:12 Image size of job updated: 5054600
	4937  -  MemoryUsage of job (MB)
	5054600  -  ResidentSetSize of job (KB)
...
006 (7186287.002.000) 08/22 19:33:12 Image size of job updated: 5236216
	5114  -  MemoryUsage of job (MB)
	5236216  -  ResidentSetSize of job (KB)
...
006 (7186287.002.000) 08/22 19:38:12 Image size of job updated: 5419680
	5293  -  MemoryUsage of job (MB)
	5419680  -  ResidentSetSize of job (KB)
...
006 (7186287.002.000) 08/22 19:43:13 Image size of job updated: 5603140
	5472  -  MemoryUsage of job (MB)
	5603140  -  ResidentSetSize of job (KB)
...
006 (7186287.002.000) 08/22 19:48:13 Image size of job updated: 5787300
	5652  -  MemoryUsage of job (MB)
	5787300  -  ResidentSetSize of job (KB)
...
006 (7186287.002.000) 08/22 19:53:13 Image size of job updated: 5968508
	5829  -  MemoryUsage of job (MB)
	5968508  -  ResidentSetSize of job (KB)
...
006 (7186287.002.000) 08/22 19:58:14 Image size of job updated: 6152228
	6009  -  MemoryUsage of job (MB)
	6152228  -  ResidentSetSize of job (KB)
...
006 (7186287.002.000) 08/22 20:03:14 Image size of job updated: 6333748
	6184  -  MemoryUsage of job (MB)
	6331956  -  ResidentSetSize of job (KB)
...
006 (7186287.002.000) 08/22 20:08:15 Image size of job updated: 6514620
	6362  -  MemoryUsage of job (MB)
	6514620  -  ResidentSetSize of job (KB)
...
006 (7186287.002.000) 08/22 20:13:16 Image size of job updated: 6695520
	6539  -  MemoryUsage of job (MB)
	6695520  -  ResidentSetSize of job (KB)
...
006 (7186287.002.000) 08/22 20:18:16 Image size of job updated: 6874120
	6712  -  MemoryUsage of job (MB)
	6872840  -  ResidentSetSize of job (KB)
...
006 (7186287.002.000) 08/22 20:23:17 Image size of job updated: 7043980
	6712  -  MemoryUsage of job (MB)
	6872840  -  ResidentSetSize of job (KB)
...
040 (7186287.002.000) 08/22 20:25:10 Started transferring output files
...
040 (7186287.002.000) 08/22 20:25:10 Finished transferring output files
...
005 (7186287.002.000) 08/22 20:25:10 Job terminated.
	(1) Normal termination (return value 50)
		Usr 0 01:48:18, Sys 0 00:00:42  -  Run Remote Usage
		Usr 0 00:00:00, Sys 0 00:00:00  -  Run Local Usage
		Usr 0 01:48:18, Sys 0 00:00:42  -  Total Remote Usage
		Usr 0 00:00:00, Sys 0 00:00:00  -  Total Local Usage
	18061  -  Run Bytes Sent By Job
	2785  -  Run Bytes Received By Job
	18061  -  Total Bytes Sent By Job
	2785  -  Total Bytes Received By Job
	Partitionable Resources :      Usage  Request Allocated 
	   Cpus                 :       0.97        1         1 
	   Disk (KB)            : 3693949           3   2996680 
	   Memory (MB)          :    6712        2000      2000 

	Job terminated of its own accord at 2024-08-22T18:25:10Z with exit-code 50.
...
