000 (7217799.007.000) 09/23 13:21:24 Job submitted from host: <137.138.44.55:9618?addrs=137.138.44.55-9618+[2001-1458-d00-1a--48]-9618&alias=bigbird17.cern.ch&noUDP&sock=schedd_1981_6134>
...
040 (7217799.007.000) 09/24 03:15:56 Started transferring input files
	Transferring to host: <188.185.190.106:9618?addrs=188.185.190.106-9618+[2001-1458-d03-b--100-2fd]-9618&alias=b9pgpun016.cern.ch&noUDP&sock=slot1_2_253491_175d_27027>
...
040 (7217799.007.000) 09/24 03:15:56 Finished transferring input files
...
001 (7217799.007.000) 09/24 03:15:57 Job executing on host: <188.185.190.106:9618?addrs=188.185.190.106-9618+[2001-1458-d03-b--100-2fd]-9618&alias=b9pgpun016.cern.ch&noUDP&sock=startd_216310_3f20>
	SlotName: slot1_2@b9pgpun016.cern.ch
	AvailableGPUs = { GPUs_GPU_e1160f9b }
	CondorScratchDir = "/pool/condor/dir_3432363"
	Cpus = 1
	Disk = 6882451
	GPUs = 1
	GPUs_GPU_e1160f9b = [ GlobalMemoryMb = 95235; MaxSupportedVersion = 12040; DriverVersion = 12.4; DeviceName = "NVIDIA H100 NVL"; CoresPerCU = 128; ECCEnabled = true; ComputeUnits = 132; ClockMhz = 1785.0; Id = "GPU-e1160f9b"; Capability = 9.0; DevicePciBusId = "0000:3B:00.0"; DeviceUuid = "e1160f9b-d347-dd5e-18fe-85408c1d163c" ]
	Memory = 2000
...
006 (7217799.007.000) 09/24 03:16:05 Image size of job updated: 2413480
	2357  -  MemoryUsage of job (MB)
	2413384  -  ResidentSetSize of job (KB)
...
006 (7217799.007.000) 09/24 03:21:05 Image size of job updated: 2443276
	2361  -  MemoryUsage of job (MB)
	2417320  -  ResidentSetSize of job (KB)
...
006 (7217799.007.000) 09/24 06:06:25 Image size of job updated: 2452152
	2383  -  MemoryUsage of job (MB)
	2440160  -  ResidentSetSize of job (KB)
...
006 (7217799.007.000) 09/24 06:11:25 Image size of job updated: 2596852
	2529  -  MemoryUsage of job (MB)
	2588964  -  ResidentSetSize of job (KB)
...
006 (7217799.007.000) 09/24 06:16:25 Image size of job updated: 2673256
	2593  -  MemoryUsage of job (MB)
	2654568  -  ResidentSetSize of job (KB)
...
006 (7217799.007.000) 09/24 06:21:26 Image size of job updated: 2859176
	2781  -  MemoryUsage of job (MB)
	2847000  -  ResidentSetSize of job (KB)
...
006 (7217799.007.000) 09/24 06:26:26 Image size of job updated: 2908120
	2831  -  MemoryUsage of job (MB)
	2898416  -  ResidentSetSize of job (KB)
...
006 (7217799.007.000) 09/24 06:31:26 Image size of job updated: 2946976
	2863  -  MemoryUsage of job (MB)
	2931668  -  ResidentSetSize of job (KB)
...
006 (7217799.007.000) 09/24 06:36:27 Image size of job updated: 3092928
	3004  -  MemoryUsage of job (MB)
	3075596  -  ResidentSetSize of job (KB)
...
006 (7217799.007.000) 09/24 06:41:27 Image size of job updated: 3576084
	3449  -  MemoryUsage of job (MB)
	3531068  -  ResidentSetSize of job (KB)
...
006 (7217799.007.000) 09/24 06:46:29 Image size of job updated: 3904584
	3782  -  MemoryUsage of job (MB)
	3872580  -  ResidentSetSize of job (KB)
...
006 (7217799.007.000) 09/24 06:51:29 Image size of job updated: 4163156
	4066  -  MemoryUsage of job (MB)
	4163156  -  ResidentSetSize of job (KB)
...
006 (7217799.007.000) 09/24 06:56:29 Image size of job updated: 5602392
	5472  -  MemoryUsage of job (MB)
	5602392  -  ResidentSetSize of job (KB)
...
006 (7217799.007.000) 09/24 07:01:30 Image size of job updated: 6345964
	6198  -  MemoryUsage of job (MB)
	6345964  -  ResidentSetSize of job (KB)
...
006 (7217799.007.000) 09/24 07:06:30 Image size of job updated: 7088136
	6923  -  MemoryUsage of job (MB)
	7088136  -  ResidentSetSize of job (KB)
...
006 (7217799.007.000) 09/24 07:11:30 Image size of job updated: 7829848
	7647  -  MemoryUsage of job (MB)
	7829848  -  ResidentSetSize of job (KB)
...
006 (7217799.007.000) 09/24 07:16:31 Image size of job updated: 8571508
	8371  -  MemoryUsage of job (MB)
	8571508  -  ResidentSetSize of job (KB)
...
006 (7217799.007.000) 09/24 07:21:31 Image size of job updated: 9313652
	9096  -  MemoryUsage of job (MB)
	9313652  -  ResidentSetSize of job (KB)
...
006 (7217799.007.000) 09/24 07:26:33 Image size of job updated: 10056828
	9822  -  MemoryUsage of job (MB)
	10056828  -  ResidentSetSize of job (KB)
...
006 (7217799.007.000) 09/24 07:31:33 Image size of job updated: 10800280
	10548  -  MemoryUsage of job (MB)
	10800280  -  ResidentSetSize of job (KB)
...
006 (7217799.007.000) 09/24 07:36:33 Image size of job updated: 11548632
	11277  -  MemoryUsage of job (MB)
	11547352  -  ResidentSetSize of job (KB)
...
006 (7217799.007.000) 09/24 07:41:34 Image size of job updated: 12289972
	12002  -  MemoryUsage of job (MB)
	12289972  -  ResidentSetSize of job (KB)
...
006 (7217799.007.000) 09/24 07:43:54 Image size of job updated: 12488824
	12003  -  MemoryUsage of job (MB)
	12290228  -  ResidentSetSize of job (KB)
...
040 (7217799.007.000) 09/24 07:43:54 Started transferring output files
...
040 (7217799.007.000) 09/24 07:43:54 Finished transferring output files
...
005 (7217799.007.000) 09/24 07:43:54 Job terminated.
	(1) Normal termination (return value 50)
		Usr 0 04:26:18, Sys 0 00:01:23  -  Run Remote Usage
		Usr 0 00:00:00, Sys 0 00:00:00  -  Run Local Usage
		Usr 0 04:26:18, Sys 0 00:01:23  -  Total Remote Usage
		Usr 0 00:00:00, Sys 0 00:00:00  -  Total Local Usage
	94867  -  Run Bytes Sent By Job
	1416  -  Run Bytes Received By Job
	94867  -  Total Bytes Sent By Job
	1416  -  Total Bytes Received By Job
	Partitionable Resources :      Usage  Request Allocated Assigned
	   Cpus                 :       1.00        1         1 
	   Disk (KB)            : 8982936           2   6882451 
	   Gpus (Average)       :       0.00        1         1 "GPU-e1160f9b"
	   GpusMemory (MB)      :     599                       
	   Memory (MB)          :   12003        2000      2000 

	Job terminated of its own accord at 2024-09-24T05:43:54Z with exit-code 50.
...
