000 (7217799.001.000) 09/23 13:21:24 Job submitted from host: <137.138.44.55:9618?addrs=137.138.44.55-9618+[2001-1458-d00-1a--48]-9618&alias=bigbird17.cern.ch&noUDP&sock=schedd_1981_6134>
...
040 (7217799.001.000) 09/24 01:20:12 Started transferring input files
	Transferring to host: <188.185.190.108:9618?addrs=188.185.190.108-9618+[2001-1458-d03-b--100-2ff]-9618&alias=b9pgpun015.cern.ch&noUDP&sock=slot1_2_241727_49ff_26055>
...
040 (7217799.001.000) 09/24 01:20:12 Finished transferring input files
...
001 (7217799.001.000) 09/24 01:20:13 Job executing on host: <188.185.190.108:9618?addrs=188.185.190.108-9618+[2001-1458-d03-b--100-2ff]-9618&alias=b9pgpun015.cern.ch&noUDP&sock=startd_205776_cc7b>
	SlotName: slot1_2@b9pgpun015.cern.ch
	AvailableGPUs = { GPUs_GPU_8419873c }
	CondorScratchDir = "/pool/condor/dir_2532078"
	Cpus = 1
	Disk = 6889303
	GPUs = 1
	GPUs_GPU_8419873c = [ GlobalMemoryMb = 95235; MaxSupportedVersion = 12040; DriverVersion = 12.4; DeviceName = "NVIDIA H100 NVL"; CoresPerCU = 128; ECCEnabled = true; ComputeUnits = 132; ClockMhz = 1785.0; Id = "GPU-8419873c"; Capability = 9.0; DevicePciBusId = "0000:3B:00.0"; DeviceUuid = "8419873c-22dc-83cd-5a57-5735ab9510a1" ]
	Memory = 2000
...
006 (7217799.001.000) 09/24 01:20:22 Image size of job updated: 2429152
	1881  -  MemoryUsage of job (MB)
	1926080  -  ResidentSetSize of job (KB)
...
006 (7217799.001.000) 09/24 01:25:24 Image size of job updated: 2429152
	2032  -  MemoryUsage of job (MB)
	2079868  -  ResidentSetSize of job (KB)
...
006 (7217799.001.000) 09/24 01:30:24 Image size of job updated: 2429152
	2042  -  MemoryUsage of job (MB)
	2090868  -  ResidentSetSize of job (KB)
...
006 (7217799.001.000) 09/24 01:35:24 Image size of job updated: 2429152
	2052  -  MemoryUsage of job (MB)
	2101132  -  ResidentSetSize of job (KB)
...
006 (7217799.001.000) 09/24 01:40:25 Image size of job updated: 2429152
	2071  -  MemoryUsage of job (MB)
	2119912  -  ResidentSetSize of job (KB)
...
006 (7217799.001.000) 09/24 01:45:25 Image size of job updated: 2429152
	2074  -  MemoryUsage of job (MB)
	2123620  -  ResidentSetSize of job (KB)
...
006 (7217799.001.000) 09/24 01:50:25 Image size of job updated: 2429152
	2085  -  MemoryUsage of job (MB)
	2134996  -  ResidentSetSize of job (KB)
...
006 (7217799.001.000) 09/24 02:00:26 Image size of job updated: 2429152
	2093  -  MemoryUsage of job (MB)
	2142600  -  ResidentSetSize of job (KB)
...
006 (7217799.001.000) 09/24 02:10:28 Image size of job updated: 2429152
	2099  -  MemoryUsage of job (MB)
	2149092  -  ResidentSetSize of job (KB)
...
006 (7217799.001.000) 09/24 02:15:28 Image size of job updated: 2429152
	2109  -  MemoryUsage of job (MB)
	2159392  -  ResidentSetSize of job (KB)
...
006 (7217799.001.000) 09/24 02:20:29 Image size of job updated: 2429152
	2122  -  MemoryUsage of job (MB)
	2171924  -  ResidentSetSize of job (KB)
...
006 (7217799.001.000) 09/24 02:40:31 Image size of job updated: 2429152
	2134  -  MemoryUsage of job (MB)
	2184716  -  ResidentSetSize of job (KB)
...
006 (7217799.001.000) 09/24 03:00:33 Image size of job updated: 2429152
	2141  -  MemoryUsage of job (MB)
	2192012  -  ResidentSetSize of job (KB)
...
006 (7217799.001.000) 09/24 03:05:33 Image size of job updated: 2429152
	2143  -  MemoryUsage of job (MB)
	2194108  -  ResidentSetSize of job (KB)
...
006 (7217799.001.000) 09/24 03:10:34 Image size of job updated: 2429152
	2144  -  MemoryUsage of job (MB)
	2194744  -  ResidentSetSize of job (KB)
...
006 (7217799.001.000) 09/24 03:15:34 Image size of job updated: 2429152
	2162  -  MemoryUsage of job (MB)
	2213428  -  ResidentSetSize of job (KB)
...
006 (7217799.001.000) 09/24 03:25:35 Image size of job updated: 2429152
	2171  -  MemoryUsage of job (MB)
	2223044  -  ResidentSetSize of job (KB)
...
006 (7217799.001.000) 09/24 03:35:36 Image size of job updated: 2429152
	2177  -  MemoryUsage of job (MB)
	2228592  -  ResidentSetSize of job (KB)
...
006 (7217799.001.000) 09/24 03:40:36 Image size of job updated: 2429152
	2185  -  MemoryUsage of job (MB)
	2237228  -  ResidentSetSize of job (KB)
...
006 (7217799.001.000) 09/24 03:55:37 Image size of job updated: 2429152
	2189  -  MemoryUsage of job (MB)
	2241460  -  ResidentSetSize of job (KB)
...
006 (7217799.001.000) 09/24 04:00:39 Image size of job updated: 2429152
	2196  -  MemoryUsage of job (MB)
	2248344  -  ResidentSetSize of job (KB)
...
006 (7217799.001.000) 09/24 04:05:39 Image size of job updated: 2429152
	2294  -  MemoryUsage of job (MB)
	2348212  -  ResidentSetSize of job (KB)
...
006 (7217799.001.000) 09/24 04:10:39 Image size of job updated: 2436552
	2375  -  MemoryUsage of job (MB)
	2431424  -  ResidentSetSize of job (KB)
...
006 (7217799.001.000) 09/24 04:15:40 Image size of job updated: 2583168
	2515  -  MemoryUsage of job (MB)
	2574580  -  ResidentSetSize of job (KB)
...
006 (7217799.001.000) 09/24 04:20:40 Image size of job updated: 2657212
	2581  -  MemoryUsage of job (MB)
	2642148  -  ResidentSetSize of job (KB)
...
006 (7217799.001.000) 09/24 04:25:40 Image size of job updated: 2841744
	2767  -  MemoryUsage of job (MB)
	2832400  -  ResidentSetSize of job (KB)
...
006 (7217799.001.000) 09/24 04:30:41 Image size of job updated: 2890960
	2821  -  MemoryUsage of job (MB)
	2888340  -  ResidentSetSize of job (KB)
...
006 (7217799.001.000) 09/24 04:35:41 Image size of job updated: 2931000
	2856  -  MemoryUsage of job (MB)
	2923576  -  ResidentSetSize of job (KB)
...
006 (7217799.001.000) 09/24 04:40:42 Image size of job updated: 3076404
	2984  -  MemoryUsage of job (MB)
	3054984  -  ResidentSetSize of job (KB)
...
006 (7217799.001.000) 09/24 04:45:42 Image size of job updated: 3565236
	3482  -  MemoryUsage of job (MB)
	3565236  -  ResidentSetSize of job (KB)
...
006 (7217799.001.000) 09/24 04:50:42 Image size of job updated: 3889740
	3781  -  MemoryUsage of job (MB)
	3871196  -  ResidentSetSize of job (KB)
...
006 (7217799.001.000) 09/24 04:55:43 Image size of job updated: 4149932
	4031  -  MemoryUsage of job (MB)
	4126724  -  ResidentSetSize of job (KB)
...
006 (7217799.001.000) 09/24 05:00:43 Image size of job updated: 6735028
	6578  -  MemoryUsage of job (MB)
	6735028  -  ResidentSetSize of job (KB)
...
006 (7217799.001.000) 09/24 05:05:45 Image size of job updated: 7474104
	7299  -  MemoryUsage of job (MB)
	7474104  -  ResidentSetSize of job (KB)
...
006 (7217799.001.000) 09/24 05:10:45 Image size of job updated: 8212964
	8021  -  MemoryUsage of job (MB)
	8212964  -  ResidentSetSize of job (KB)
...
006 (7217799.001.000) 09/24 05:15:45 Image size of job updated: 8947752
	8739  -  MemoryUsage of job (MB)
	8947752  -  ResidentSetSize of job (KB)
...
006 (7217799.001.000) 09/24 05:20:46 Image size of job updated: 9685544
	9459  -  MemoryUsage of job (MB)
	9685544  -  ResidentSetSize of job (KB)
...
006 (7217799.001.000) 09/24 05:25:46 Image size of job updated: 10425128
	10181  -  MemoryUsage of job (MB)
	10425128  -  ResidentSetSize of job (KB)
...
006 (7217799.001.000) 09/24 05:30:46 Image size of job updated: 11164200
	10903  -  MemoryUsage of job (MB)
	11164200  -  ResidentSetSize of job (KB)
...
006 (7217799.001.000) 09/24 05:35:47 Image size of job updated: 11904296
	11626  -  MemoryUsage of job (MB)
	11904296  -  ResidentSetSize of job (KB)
...
006 (7217799.001.000) 09/24 05:40:47 Image size of job updated: 12647972
	12352  -  MemoryUsage of job (MB)
	12647972  -  ResidentSetSize of job (KB)
...
006 (7217799.001.000) 09/24 05:45:48 Image size of job updated: 13334132
	12352  -  MemoryUsage of job (MB)
	12648228  -  ResidentSetSize of job (KB)
...
040 (7217799.001.000) 09/24 05:48:13 Started transferring output files
...
040 (7217799.001.000) 09/24 05:48:13 Finished transferring output files
...
005 (7217799.001.000) 09/24 05:48:13 Job terminated.
	(1) Normal termination (return value 50)
		Usr 0 04:26:27, Sys 0 00:01:19  -  Run Remote Usage
		Usr 0 00:00:00, Sys 0 00:00:00  -  Run Local Usage
		Usr 0 04:26:27, Sys 0 00:01:19  -  Total Remote Usage
		Usr 0 00:00:00, Sys 0 00:00:00  -  Total Local Usage
	94869  -  Run Bytes Sent By Job
	1416  -  Run Bytes Received By Job
	94869  -  Total Bytes Sent By Job
	1416  -  Total Bytes Received By Job
	Partitionable Resources :      Usage  Request Allocated Assigned
	   Cpus                 :       1.00        1         1 
	   Disk (KB)            : 8966760           2   6889303 
	   Gpus (Average)       :       0.00        1         1 "GPU-8419873c"
	   GpusMemory (MB)      :     599                       
	   Memory (MB)          :   12352        2000      2000 

	Job terminated of its own accord at 2024-09-24T03:48:13Z with exit-code 50.
...
