000 (7216415.006.000) 09/16 07:43:54 Job submitted from host: <137.138.44.55:9618?addrs=137.138.44.55-9618+[2001-1458-d00-1a--48]-9618&alias=bigbird17.cern.ch&noUDP&sock=schedd_1980_b19c>
...
040 (7216415.006.000) 09/16 07:57:37 Started transferring input files
	Transferring to host: <188.185.198.111:9618?addrs=188.185.198.111-9618+[2001-1458-303-25--100-6b]-9618&alias=b9p15p4924.cern.ch&noUDP&sock=slot1_36_11906_9a9d_32302>
...
040 (7216415.006.000) 09/16 07:57:37 Finished transferring input files
...
001 (7216415.006.000) 09/16 07:57:38 Job executing on host: <188.185.198.111:9618?addrs=188.185.198.111-9618+[2001-1458-303-25--100-6b]-9618&alias=b9p15p4924.cern.ch&noUDP&sock=startd_11856_ceef>
	SlotName: slot1_36@b9p15p4924.cern.ch
	CondorScratchDir = "/pool/condor/dir_1667243"
	Cpus = 1
	Disk = 3201276
	Memory = 2000
...
006 (7216415.006.000) 09/16 07:57:47 Image size of job updated: 784532
	766  -  MemoryUsage of job (MB)
	784312  -  ResidentSetSize of job (KB)
...
006 (7216415.006.000) 09/16 08:02:48 Image size of job updated: 885196
	772  -  MemoryUsage of job (MB)
	789768  -  ResidentSetSize of job (KB)
...
006 (7216415.006.000) 09/17 09:30:19 Image size of job updated: 885196
	818  -  MemoryUsage of job (MB)
	836744  -  ResidentSetSize of job (KB)
...
006 (7216415.006.000) 09/17 09:35:20 Image size of job updated: 3149328
	3076  -  MemoryUsage of job (MB)
	3149328  -  ResidentSetSize of job (KB)
...
006 (7216415.006.000) 09/17 09:35:24 Image size of job updated: 3519604
	3094  -  MemoryUsage of job (MB)
	3167920  -  ResidentSetSize of job (KB)
...
040 (7216415.006.000) 09/17 09:35:30 Entered queue to transfer output files
...
040 (7216415.006.000) 09/17 09:35:34 Started transferring output files
...
040 (7216415.006.000) 09/17 09:35:34 Finished transferring output files
...
005 (7216415.006.000) 09/17 09:35:35 Job terminated.
	(1) Normal termination (return value 50)
		Usr 1 01:12:10, Sys 0 00:09:55  -  Run Remote Usage
		Usr 0 00:00:00, Sys 0 00:00:00  -  Run Local Usage
		Usr 1 01:12:10, Sys 0 00:09:55  -  Total Remote Usage
		Usr 0 00:00:00, Sys 0 00:00:00  -  Total Local Usage
	116888  -  Run Bytes Sent By Job
	2965  -  Run Bytes Received By Job
	116888  -  Total Bytes Sent By Job
	2965  -  Total Bytes Received By Job
	Partitionable Resources :      Usage  Request Allocated 
	   Cpus                 :       0.99        1         1 
	   Disk (KB)            : 1272574           3   3201276 
	   Memory (MB)          :    3094        2000      2000 

	Job terminated of its own accord at 2024-09-17T07:35:24Z with exit-code 50.
...
