000 (7216415.002.000) 09/16 07:43:54 Job submitted from host: <137.138.44.55:9618?addrs=137.138.44.55-9618+[2001-1458-d00-1a--48]-9618&alias=bigbird17.cern.ch&noUDP&sock=schedd_1980_b19c>
...
040 (7216415.002.000) 09/16 07:57:36 Started transferring input files
	Transferring to host: <128.142.248.123:9618?addrs=128.142.248.123-9618+[2001-1458-301-73--100-16b]-9618&alias=b9g23p2657.cern.ch&noUDP&sock=slot1_4_443391_d207_13452>
...
040 (7216415.002.000) 09/16 07:57:36 Finished transferring input files
...
001 (7216415.002.000) 09/16 07:57:37 Job executing on host: <128.142.248.123:9618?addrs=128.142.248.123-9618+[2001-1458-301-73--100-16b]-9618&alias=b9g23p2657.cern.ch&noUDP&sock=startd_7091_6a27>
	SlotName: slot1_4@b9g23p2657.cern.ch
	CondorScratchDir = "/pool/condor/dir_12028"
	Cpus = 1
	Disk = 3099467
	Memory = 2000
...
006 (7216415.002.000) 09/16 07:57:46 Image size of job updated: 737512
	720  -  MemoryUsage of job (MB)
	737240  -  ResidentSetSize of job (KB)
...
006 (7216415.002.000) 09/16 08:02:47 Image size of job updated: 866092
	729  -  MemoryUsage of job (MB)
	745808  -  ResidentSetSize of job (KB)
...
006 (7216415.002.000) 09/17 11:35:40 Image size of job updated: 902964
	882  -  MemoryUsage of job (MB)
	902964  -  ResidentSetSize of job (KB)
...
006 (7216415.002.000) 09/17 11:40:40 Image size of job updated: 2868244
	2801  -  MemoryUsage of job (MB)
	2868132  -  ResidentSetSize of job (KB)
...
006 (7216415.002.000) 09/17 11:41:04 Image size of job updated: 4576404
	2819  -  MemoryUsage of job (MB)
	2886268  -  ResidentSetSize of job (KB)
...
040 (7216415.002.000) 09/17 11:41:05 Started transferring output files
...
040 (7216415.002.000) 09/17 11:41:05 Finished transferring output files
...
005 (7216415.002.000) 09/17 11:41:06 Job terminated.
	(1) Normal termination (return value 50)
		Usr 1 03:16:22, Sys 0 00:09:35  -  Run Remote Usage
		Usr 0 00:00:00, Sys 0 00:00:00  -  Run Local Usage
		Usr 1 03:16:22, Sys 0 00:09:35  -  Total Remote Usage
		Usr 0 00:00:00, Sys 0 00:00:00  -  Total Local Usage
	116937  -  Run Bytes Sent By Job
	2965  -  Run Bytes Received By Job
	116937  -  Total Bytes Sent By Job
	2965  -  Total Bytes Received By Job
	Partitionable Resources :      Usage  Request Allocated 
	   Cpus                 :       0.99        1         1 
	   Disk (KB)            : 1317298           3   3099467 
	   Memory (MB)          :    2819        2000      2000 

	Job terminated of its own accord at 2024-09-17T09:41:04Z with exit-code 50.
...
