000 (7216415.005.000) 09/16 07:43:54 Job submitted from host: <137.138.44.55:9618?addrs=137.138.44.55-9618+[2001-1458-d00-1a--48]-9618&alias=bigbird17.cern.ch&noUDP&sock=schedd_1980_b19c>
...
040 (7216415.005.000) 09/16 07:57:37 Started transferring input files
	Transferring to host: <188.185.198.111:9618?addrs=188.185.198.111-9618+[2001-1458-303-25--100-6b]-9618&alias=b9p15p4924.cern.ch&noUDP&sock=slot1_26_11906_9a9d_32301>
...
040 (7216415.005.000) 09/16 07:57:37 Finished transferring input files
...
001 (7216415.005.000) 09/16 07:57:38 Job executing on host: <188.185.198.111:9618?addrs=188.185.198.111-9618+[2001-1458-303-25--100-6b]-9618&alias=b9p15p4924.cern.ch&noUDP&sock=startd_11856_ceef>
	SlotName: slot1_26@b9p15p4924.cern.ch
	CondorScratchDir = "/pool/condor/dir_1667227"
	Cpus = 1
	Disk = 3201276
	Memory = 2000
...
006 (7216415.005.000) 09/16 07:57:47 Image size of job updated: 811464
	793  -  MemoryUsage of job (MB)
	811192  -  ResidentSetSize of job (KB)
...
006 (7216415.005.000) 09/16 08:02:48 Image size of job updated: 885192
	798  -  MemoryUsage of job (MB)
	816948  -  ResidentSetSize of job (KB)
...
006 (7216415.005.000) 09/17 09:35:22 Image size of job updated: 918324
	897  -  MemoryUsage of job (MB)
	918324  -  ResidentSetSize of job (KB)
...
006 (7216415.005.000) 09/17 09:39:06 Image size of job updated: 4389140
	1164  -  MemoryUsage of job (MB)
	1191120  -  ResidentSetSize of job (KB)
...
040 (7216415.005.000) 09/17 09:39:09 Started transferring output files
...
040 (7216415.005.000) 09/17 09:39:09 Finished transferring output files
...
005 (7216415.005.000) 09/17 09:39:09 Job terminated.
	(1) Normal termination (return value 50)
		Usr 1 01:14:39, Sys 0 00:10:24  -  Run Remote Usage
		Usr 0 00:00:00, Sys 0 00:00:00  -  Run Local Usage
		Usr 1 01:14:39, Sys 0 00:10:24  -  Total Remote Usage
		Usr 0 00:00:00, Sys 0 00:00:00  -  Total Local Usage
	116890  -  Run Bytes Sent By Job
	2965  -  Run Bytes Received By Job
	116890  -  Total Bytes Sent By Job
	2965  -  Total Bytes Received By Job
	Partitionable Resources :      Usage  Request Allocated 
	   Cpus                 :       0.99        1         1 
	   Disk (KB)            : 1312060           3   3201276 
	   Memory (MB)          :    1164        2000      2000 

	Job terminated of its own accord at 2024-09-17T07:39:06Z with exit-code 50.
...
