000 (7187318.006.000) 08/26 07:56:04 Job submitted from host: <137.138.44.55:9618?addrs=137.138.44.55-9618+[2001-1458-d00-1a--48]-9618&alias=bigbird17.cern.ch&noUDP&sock=schedd_23962_8474>
...
040 (7187318.006.000) 08/28 02:34:38 Started transferring input files
	Transferring to host: <188.185.93.62:9618?addrs=188.185.93.62-9618+[2001-1458-d00-6c--100-118]-9618&alias=b9g57n9464.cern.ch&noUDP&sock=slot1_1_16543_ca3a_109512>
...
040 (7187318.006.000) 08/28 02:34:38 Finished transferring input files
...
001 (7187318.006.000) 08/28 02:34:39 Job executing on host: <188.185.93.62:9618?addrs=188.185.93.62-9618+[2001-1458-d00-6c--100-118]-9618&alias=b9g57n9464.cern.ch&noUDP&sock=startd_15950_f3a9>
	SlotName: slot1_1@b9g57n9464.cern.ch
	AvailableGPUs = { GPUs_GPU_47e13020 }
	CondorScratchDir = "/pool/condor/dir_707072"
	Cpus = 1
	Disk = 331178
	GPUs = 1
	GPUs_GPU_47e13020 = [ GlobalMemoryMb = 40326; MaxSupportedVersion = 12040; DriverVersion = 12.4; DeviceUuid = "47e13020-0bf2-ad62-b596-87133bf5bb68"; DeviceName = "NVIDIA A100-PCIE-40GB"; CoresPerCU = 64; ECCEnabled = true; ComputeUnits = 108; ClockMhz = 1410.0; Id = "GPU-47e13020"; DevicePciBusId = "0000:06:00.0"; Capability = 8.0 ]
	Memory = 2000
...
006 (7187318.006.000) 08/28 02:34:48 Image size of job updated: 1565700
	1529  -  MemoryUsage of job (MB)
	1565688  -  ResidentSetSize of job (KB)
...
006 (7187318.006.000) 08/28 02:39:49 Image size of job updated: 1898688
	1823  -  MemoryUsage of job (MB)
	1865996  -  ResidentSetSize of job (KB)
...
006 (7187318.006.000) 08/28 02:44:49 Image size of job updated: 2071816
	1866  -  MemoryUsage of job (MB)
	1910512  -  ResidentSetSize of job (KB)
...
006 (7187318.006.000) 08/28 02:49:50 Image size of job updated: 2243920
	2169  -  MemoryUsage of job (MB)
	2220584  -  ResidentSetSize of job (KB)
...
006 (7187318.006.000) 08/28 02:54:50 Image size of job updated: 2408520
	2208  -  MemoryUsage of job (MB)
	2260776  -  ResidentSetSize of job (KB)
...
006 (7187318.006.000) 08/28 02:59:50 Image size of job updated: 2655228
	2564  -  MemoryUsage of job (MB)
	2625108  -  ResidentSetSize of job (KB)
...
006 (7187318.006.000) 08/28 03:04:51 Image size of job updated: 2842332
	2773  -  MemoryUsage of job (MB)
	2839440  -  ResidentSetSize of job (KB)
...
006 (7187318.006.000) 08/28 03:09:51 Image size of job updated: 2932744
	2862  -  MemoryUsage of job (MB)
	2930044  -  ResidentSetSize of job (KB)
...
006 (7187318.006.000) 08/28 03:14:52 Image size of job updated: 3121212
	2993  -  MemoryUsage of job (MB)
	3064320  -  ResidentSetSize of job (KB)
...
006 (7187318.006.000) 08/28 03:19:52 Image size of job updated: 3309808
	3162  -  MemoryUsage of job (MB)
	3236880  -  ResidentSetSize of job (KB)
...
006 (7187318.006.000) 08/28 03:24:53 Image size of job updated: 3468892
	3332  -  MemoryUsage of job (MB)
	3411072  -  ResidentSetSize of job (KB)
...
006 (7187318.006.000) 08/28 03:29:53 Image size of job updated: 3697860
	3583  -  MemoryUsage of job (MB)
	3668132  -  ResidentSetSize of job (KB)
...
006 (7187318.006.000) 08/28 03:34:54 Image size of job updated: 3771792
	3664  -  MemoryUsage of job (MB)
	3751888  -  ResidentSetSize of job (KB)
...
006 (7187318.006.000) 08/28 03:39:54 Image size of job updated: 3888168
	3797  -  MemoryUsage of job (MB)
	3888036  -  ResidentSetSize of job (KB)
...
006 (7187318.006.000) 08/28 03:44:55 Image size of job updated: 3934416
	3824  -  MemoryUsage of job (MB)
	3914852  -  ResidentSetSize of job (KB)
...
006 (7187318.006.000) 08/28 03:49:56 Image size of job updated: 4014836
	3887  -  MemoryUsage of job (MB)
	3980272  -  ResidentSetSize of job (KB)
...
006 (7187318.006.000) 08/28 03:54:56 Image size of job updated: 4114036
	3981  -  MemoryUsage of job (MB)
	4076180  -  ResidentSetSize of job (KB)
...
006 (7187318.006.000) 08/28 03:59:57 Image size of job updated: 4228584
	4025  -  MemoryUsage of job (MB)
	4121064  -  ResidentSetSize of job (KB)
...
006 (7187318.006.000) 08/28 04:04:57 Image size of job updated: 4336928
	4207  -  MemoryUsage of job (MB)
	4307860  -  ResidentSetSize of job (KB)
...
006 (7187318.006.000) 08/28 04:09:57 Image size of job updated: 4415040
	4280  -  MemoryUsage of job (MB)
	4382176  -  ResidentSetSize of job (KB)
...
006 (7187318.006.000) 08/28 04:14:58 Image size of job updated: 4526032
	4280  -  MemoryUsage of job (MB)
	4382176  -  ResidentSetSize of job (KB)
...
006 (7187318.006.000) 08/28 04:19:58 Image size of job updated: 4605960
	4467  -  MemoryUsage of job (MB)
	4573204  -  ResidentSetSize of job (KB)
...
006 (7187318.006.000) 08/28 04:24:58 Image size of job updated: 4657196
	4491  -  MemoryUsage of job (MB)
	4598460  -  ResidentSetSize of job (KB)
...
006 (7187318.006.000) 08/28 04:29:59 Image size of job updated: 4672604
	4491  -  MemoryUsage of job (MB)
	4598460  -  ResidentSetSize of job (KB)
...
006 (7187318.006.000) 08/28 04:34:59 Image size of job updated: 4801428
	4621  -  MemoryUsage of job (MB)
	4730968  -  ResidentSetSize of job (KB)
...
006 (7187318.006.000) 08/28 04:39:59 Image size of job updated: 5004404
	4652  -  MemoryUsage of job (MB)
	4762672  -  ResidentSetSize of job (KB)
...
006 (7187318.006.000) 08/28 04:45:00 Image size of job updated: 5045728
	4799  -  MemoryUsage of job (MB)
	4913336  -  ResidentSetSize of job (KB)
...
006 (7187318.006.000) 08/28 04:50:00 Image size of job updated: 5109668
	4811  -  MemoryUsage of job (MB)
	4925452  -  ResidentSetSize of job (KB)
...
006 (7187318.006.000) 08/28 04:55:01 Image size of job updated: 5184624
	5007  -  MemoryUsage of job (MB)
	5126720  -  ResidentSetSize of job (KB)
...
006 (7187318.006.000) 08/28 05:00:01 Image size of job updated: 5295456
	5143  -  MemoryUsage of job (MB)
	5265792  -  ResidentSetSize of job (KB)
...
006 (7187318.006.000) 08/28 05:05:01 Image size of job updated: 5331160
	5144  -  MemoryUsage of job (MB)
	5267328  -  ResidentSetSize of job (KB)
...
006 (7187318.006.000) 08/28 05:10:02 Image size of job updated: 5353456
	5157  -  MemoryUsage of job (MB)
	5279980  -  ResidentSetSize of job (KB)
...
006 (7187318.006.000) 08/28 05:15:02 Image size of job updated: 5486176
	5346  -  MemoryUsage of job (MB)
	5474000  -  ResidentSetSize of job (KB)
...
006 (7187318.006.000) 08/28 05:20:03 Image size of job updated: 5560600
	5420  -  MemoryUsage of job (MB)
	5549948  -  ResidentSetSize of job (KB)
...
006 (7187318.006.000) 08/28 05:25:03 Image size of job updated: 5618824
	5465  -  MemoryUsage of job (MB)
	5595376  -  ResidentSetSize of job (KB)
...
006 (7187318.006.000) 08/28 05:30:03 Image size of job updated: 5757992
	5465  -  MemoryUsage of job (MB)
	5595376  -  ResidentSetSize of job (KB)
...
006 (7187318.006.000) 08/28 05:35:04 Image size of job updated: 5793100
	5576  -  MemoryUsage of job (MB)
	5709796  -  ResidentSetSize of job (KB)
...
006 (7187318.006.000) 08/28 05:40:04 Image size of job updated: 5892148
	5724  -  MemoryUsage of job (MB)
	5861356  -  ResidentSetSize of job (KB)
...
006 (7187318.006.000) 08/28 05:45:05 Image size of job updated: 5976108
	5759  -  MemoryUsage of job (MB)
	5896404  -  ResidentSetSize of job (KB)
...
006 (7187318.006.000) 08/28 05:50:05 Image size of job updated: 6114800
	5944  -  MemoryUsage of job (MB)
	6085840  -  ResidentSetSize of job (KB)
...
006 (7187318.006.000) 08/28 05:55:06 Image size of job updated: 6188384
	5944  -  MemoryUsage of job (MB)
	6085840  -  ResidentSetSize of job (KB)
...
006 (7187318.006.000) 08/28 06:00:06 Image size of job updated: 6263656
	6117  -  MemoryUsage of job (MB)
	6263656  -  ResidentSetSize of job (KB)
...
006 (7187318.006.000) 08/28 06:05:07 Image size of job updated: 6371812
	6117  -  MemoryUsage of job (MB)
	6263656  -  ResidentSetSize of job (KB)
...
006 (7187318.006.000) 08/28 06:10:07 Image size of job updated: 6480996
	6224  -  MemoryUsage of job (MB)
	6372484  -  ResidentSetSize of job (KB)
...
006 (7187318.006.000) 08/28 06:15:08 Image size of job updated: 6595920
	6274  -  MemoryUsage of job (MB)
	6423684  -  ResidentSetSize of job (KB)
...
006 (7187318.006.000) 08/28 06:20:08 Image size of job updated: 6696480
	6540  -  MemoryUsage of job (MB)
	6696480  -  ResidentSetSize of job (KB)
...
006 (7187318.006.000) 08/28 06:25:09 Image size of job updated: 6794356
	6540  -  MemoryUsage of job (MB)
	6696480  -  ResidentSetSize of job (KB)
...
006 (7187318.006.000) 08/28 06:30:09 Image size of job updated: 6860956
	6664  -  MemoryUsage of job (MB)
	6823312  -  ResidentSetSize of job (KB)
...
006 (7187318.006.000) 08/28 06:35:09 Image size of job updated: 6948008
	6664  -  MemoryUsage of job (MB)
	6823312  -  ResidentSetSize of job (KB)
...
006 (7187318.006.000) 08/28 06:40:10 Image size of job updated: 7068360
	6776  -  MemoryUsage of job (MB)
	6937852  -  ResidentSetSize of job (KB)
...
006 (7187318.006.000) 08/28 06:45:10 Image size of job updated: 7231888
	6901  -  MemoryUsage of job (MB)
	7066088  -  ResidentSetSize of job (KB)
...
006 (7187318.006.000) 08/28 06:50:11 Image size of job updated: 7345900
	7072  -  MemoryUsage of job (MB)
	7240840  -  ResidentSetSize of job (KB)
...
006 (7187318.006.000) 08/28 06:55:11 Image size of job updated: 7426164
	7089  -  MemoryUsage of job (MB)
	7258504  -  ResidentSetSize of job (KB)
...
006 (7187318.006.000) 08/28 07:00:12 Image size of job updated: 7472940
	7261  -  MemoryUsage of job (MB)
	7434428  -  ResidentSetSize of job (KB)
...
006 (7187318.006.000) 08/28 07:05:12 Image size of job updated: 7581100
	7398  -  MemoryUsage of job (MB)
	7575252  -  ResidentSetSize of job (KB)
...
006 (7187318.006.000) 08/28 07:10:13 Image size of job updated: 7664804
	7455  -  MemoryUsage of job (MB)
	7633244  -  ResidentSetSize of job (KB)
...
006 (7187318.006.000) 08/28 07:15:13 Image size of job updated: 7751020
	7565  -  MemoryUsage of job (MB)
	7746028  -  ResidentSetSize of job (KB)
...
006 (7187318.006.000) 08/28 07:20:14 Image size of job updated: 7794744
	7565  -  MemoryUsage of job (MB)
	7746028  -  ResidentSetSize of job (KB)
...
006 (7187318.006.000) 08/28 07:25:14 Image size of job updated: 7840444
	7606  -  MemoryUsage of job (MB)
	7788344  -  ResidentSetSize of job (KB)
...
006 (7187318.006.000) 08/28 07:30:15 Image size of job updated: 7903668
	7614  -  MemoryUsage of job (MB)
	7796020  -  ResidentSetSize of job (KB)
...
006 (7187318.006.000) 08/28 07:35:15 Image size of job updated: 7995924
	7790  -  MemoryUsage of job (MB)
	7975968  -  ResidentSetSize of job (KB)
...
006 (7187318.006.000) 08/28 07:40:15 Image size of job updated: 8020056
	7790  -  MemoryUsage of job (MB)
	7975968  -  ResidentSetSize of job (KB)
...
006 (7187318.006.000) 08/28 07:45:16 Image size of job updated: 10134848
	9898  -  MemoryUsage of job (MB)
	10134848  -  ResidentSetSize of job (KB)
...
006 (7187318.006.000) 08/28 07:50:16 Image size of job updated: 10881068
	10627  -  MemoryUsage of job (MB)
	10881068  -  ResidentSetSize of job (KB)
...
006 (7187318.006.000) 08/28 07:55:17 Image size of job updated: 11407680
	10627  -  MemoryUsage of job (MB)
	10881580  -  ResidentSetSize of job (KB)
...
040 (7187318.006.000) 08/28 07:56:20 Started transferring output files
...
040 (7187318.006.000) 08/28 07:56:20 Finished transferring output files
...
005 (7187318.006.000) 08/28 07:56:21 Job terminated.
	(1) Normal termination (return value 50)
		Usr 0 02:13:03, Sys 0 00:28:32  -  Run Remote Usage
		Usr 0 00:00:00, Sys 0 00:00:00  -  Run Local Usage
		Usr 0 02:13:03, Sys 0 00:28:32  -  Total Remote Usage
		Usr 0 00:00:00, Sys 0 00:00:00  -  Total Local Usage
	186936  -  Run Bytes Sent By Job
	2915  -  Run Bytes Received By Job
	186936  -  Total Bytes Sent By Job
	2915  -  Total Bytes Received By Job
	Partitionable Resources :      Usage  Request Allocated Assigned
	   Cpus                 :       1.00        1         1 
	   Disk (KB)            : 3586476           3    331178 
	   Gpus (Average)       :       0.02        1         1 "GPU-47e13020"
	   GpusMemory (MB)      :    1923                       
	   Memory (MB)          :   10627        2000      2000 

	Job terminated of its own accord at 2024-08-28T05:56:20Z with exit-code 50.
...
