000 (7187318.005.000) 08/26 07:56:04 Job submitted from host: <137.138.44.55:9618?addrs=137.138.44.55-9618+[2001-1458-d00-1a--48]-9618&alias=bigbird17.cern.ch&noUDP&sock=schedd_23962_8474>
...
040 (7187318.005.000) 08/28 01:35:50 Started transferring input files
	Transferring to host: <188.185.92.64:9618?addrs=188.185.92.64-9618+[2001-1458-d00-6c--100-310]-9618&alias=b9g57n0731.cern.ch&noUDP&sock=slot1_1_16030_55c5_109556>
...
040 (7187318.005.000) 08/28 01:35:50 Finished transferring input files
...
001 (7187318.005.000) 08/28 01:35:51 Job executing on host: <188.185.92.64:9618?addrs=188.185.92.64-9618+[2001-1458-d00-6c--100-310]-9618&alias=b9g57n0731.cern.ch&noUDP&sock=startd_15222_9ab7>
	SlotName: slot1_1@b9g57n0731.cern.ch
	AvailableGPUs = { GPUs_GPU_4ca02207 }
	CondorScratchDir = "/pool/condor/dir_719359"
	Cpus = 1
	Disk = 333947
	GPUs = 1
	GPUs_GPU_4ca02207 = [ GlobalMemoryMb = 40326; MaxSupportedVersion = 12040; DriverVersion = 12.4; DeviceUuid = "4ca02207-8182-9204-3632-c61ce0e64416"; DeviceName = "NVIDIA A100-PCIE-40GB"; CoresPerCU = 64; ECCEnabled = true; ComputeUnits = 108; ClockMhz = 1410.0; Id = "GPU-4ca02207"; DevicePciBusId = "0000:06:00.0"; Capability = 8.0 ]
	Memory = 2000
...
006 (7187318.005.000) 08/28 01:36:01 Image size of job updated: 19427568
	13997  -  MemoryUsage of job (MB)
	14332272  -  ResidentSetSize of job (KB)
...
006 (7187318.005.000) 08/28 01:41:01 Image size of job updated: 19427568
	14138  -  MemoryUsage of job (MB)
	14477128  -  ResidentSetSize of job (KB)
...
006 (7187318.005.000) 08/28 02:26:07 Image size of job updated: 19427568
	14208  -  MemoryUsage of job (MB)
	14548884  -  ResidentSetSize of job (KB)
...
006 (7187318.005.000) 08/28 02:36:07 Image size of job updated: 19427568
	14303  -  MemoryUsage of job (MB)
	14645408  -  ResidentSetSize of job (KB)
...
006 (7187318.005.000) 08/28 02:41:08 Image size of job updated: 19427568
	14672  -  MemoryUsage of job (MB)
	15023804  -  ResidentSetSize of job (KB)
...
006 (7187318.005.000) 08/28 02:46:08 Image size of job updated: 19427568
	14809  -  MemoryUsage of job (MB)
	15164204  -  ResidentSetSize of job (KB)
...
006 (7187318.005.000) 08/28 02:51:09 Image size of job updated: 19427568
	14906  -  MemoryUsage of job (MB)
	15263396  -  ResidentSetSize of job (KB)
...
006 (7187318.005.000) 08/28 03:01:10 Image size of job updated: 19427568
	14991  -  MemoryUsage of job (MB)
	15350544  -  ResidentSetSize of job (KB)
...
006 (7187318.005.000) 08/28 03:06:10 Image size of job updated: 19427568
	15306  -  MemoryUsage of job (MB)
	15672508  -  ResidentSetSize of job (KB)
...
006 (7187318.005.000) 08/28 03:11:10 Image size of job updated: 19427568
	15465  -  MemoryUsage of job (MB)
	15835820  -  ResidentSetSize of job (KB)
...
006 (7187318.005.000) 08/28 03:16:11 Image size of job updated: 19427568
	15558  -  MemoryUsage of job (MB)
	15930540  -  ResidentSetSize of job (KB)
...
006 (7187318.005.000) 08/28 03:21:11 Image size of job updated: 19427568
	15659  -  MemoryUsage of job (MB)
	16033900  -  ResidentSetSize of job (KB)
...
006 (7187318.005.000) 08/28 03:26:11 Image size of job updated: 19427568
	15755  -  MemoryUsage of job (MB)
	16133044  -  ResidentSetSize of job (KB)
...
006 (7187318.005.000) 08/28 03:31:12 Image size of job updated: 19427568
	15961  -  MemoryUsage of job (MB)
	16343404  -  ResidentSetSize of job (KB)
...
006 (7187318.005.000) 08/28 03:46:13 Image size of job updated: 19427568
	16020  -  MemoryUsage of job (MB)
	16404260  -  ResidentSetSize of job (KB)
...
006 (7187318.005.000) 08/28 03:51:14 Image size of job updated: 19427568
	16129  -  MemoryUsage of job (MB)
	16515460  -  ResidentSetSize of job (KB)
...
006 (7187318.005.000) 08/28 03:56:14 Image size of job updated: 19427568
	16209  -  MemoryUsage of job (MB)
	16597660  -  ResidentSetSize of job (KB)
...
006 (7187318.005.000) 08/28 04:01:15 Image size of job updated: 19427568
	16274  -  MemoryUsage of job (MB)
	16663864  -  ResidentSetSize of job (KB)
...
006 (7187318.005.000) 08/28 04:06:15 Image size of job updated: 19427568
	16474  -  MemoryUsage of job (MB)
	16869076  -  ResidentSetSize of job (KB)
...
006 (7187318.005.000) 08/28 04:16:16 Image size of job updated: 19427568
	16624  -  MemoryUsage of job (MB)
	17022204  -  ResidentSetSize of job (KB)
...
006 (7187318.005.000) 08/28 04:21:17 Image size of job updated: 19427568
	16742  -  MemoryUsage of job (MB)
	17143536  -  ResidentSetSize of job (KB)
...
006 (7187318.005.000) 08/28 04:26:17 Image size of job updated: 19427568
	16906  -  MemoryUsage of job (MB)
	17310936  -  ResidentSetSize of job (KB)
...
006 (7187318.005.000) 08/28 04:36:18 Image size of job updated: 19427568
	17072  -  MemoryUsage of job (MB)
	17481156  -  ResidentSetSize of job (KB)
...
006 (7187318.005.000) 08/28 04:41:18 Image size of job updated: 19427568
	17076  -  MemoryUsage of job (MB)
	17485696  -  ResidentSetSize of job (KB)
...
006 (7187318.005.000) 08/28 04:46:19 Image size of job updated: 19427568
	17218  -  MemoryUsage of job (MB)
	17631116  -  ResidentSetSize of job (KB)
...
006 (7187318.005.000) 08/28 04:51:19 Image size of job updated: 19427568
	17220  -  MemoryUsage of job (MB)
	17632648  -  ResidentSetSize of job (KB)
...
006 (7187318.005.000) 08/28 04:56:20 Image size of job updated: 19427568
	17382  -  MemoryUsage of job (MB)
	17798444  -  ResidentSetSize of job (KB)
...
006 (7187318.005.000) 08/28 05:01:20 Image size of job updated: 19427568
	17547  -  MemoryUsage of job (MB)
	17967116  -  ResidentSetSize of job (KB)
...
006 (7187318.005.000) 08/28 05:06:21 Image size of job updated: 19427568
	17587  -  MemoryUsage of job (MB)
	18008724  -  ResidentSetSize of job (KB)
...
006 (7187318.005.000) 08/28 05:11:21 Image size of job updated: 19427568
	17619  -  MemoryUsage of job (MB)
	18040984  -  ResidentSetSize of job (KB)
...
006 (7187318.005.000) 08/28 05:16:22 Image size of job updated: 19427568
	17778  -  MemoryUsage of job (MB)
	18204048  -  ResidentSetSize of job (KB)
...
006 (7187318.005.000) 08/28 05:21:22 Image size of job updated: 19427568
	17810  -  MemoryUsage of job (MB)
	18237096  -  ResidentSetSize of job (KB)
...
006 (7187318.005.000) 08/28 05:26:23 Image size of job updated: 19427568
	17821  -  MemoryUsage of job (MB)
	18248172  -  ResidentSetSize of job (KB)
...
006 (7187318.005.000) 08/28 05:31:23 Image size of job updated: 19427568
	17873  -  MemoryUsage of job (MB)
	18301836  -  ResidentSetSize of job (KB)
...
006 (7187318.005.000) 08/28 05:36:24 Image size of job updated: 19427568
	17933  -  MemoryUsage of job (MB)
	18362492  -  ResidentSetSize of job (KB)
...
006 (7187318.005.000) 08/28 05:41:24 Image size of job updated: 19427568
	18133  -  MemoryUsage of job (MB)
	18567856  -  ResidentSetSize of job (KB)
...
006 (7187318.005.000) 08/28 05:46:25 Image size of job updated: 19427568
	18209  -  MemoryUsage of job (MB)
	18645348  -  ResidentSetSize of job (KB)
...
006 (7187318.005.000) 08/28 05:56:26 Image size of job updated: 19427568
	18279  -  MemoryUsage of job (MB)
	18717640  -  ResidentSetSize of job (KB)
...
006 (7187318.005.000) 08/28 06:01:26 Image size of job updated: 19427568
	18302  -  MemoryUsage of job (MB)
	18740248  -  ResidentSetSize of job (KB)
...
006 (7187318.005.000) 08/28 06:06:26 Image size of job updated: 19427568
	18518  -  MemoryUsage of job (MB)
	18961412  -  ResidentSetSize of job (KB)
...
006 (7187318.005.000) 08/28 06:11:27 Image size of job updated: 19427568
	18549  -  MemoryUsage of job (MB)
	18993380  -  ResidentSetSize of job (KB)
...
006 (7187318.005.000) 08/28 06:36:29 Image size of job updated: 19427568
	18676  -  MemoryUsage of job (MB)
	19123824  -  ResidentSetSize of job (KB)
...
006 (7187318.005.000) 08/28 06:41:29 Image size of job updated: 21430272
	20928  -  MemoryUsage of job (MB)
	21430272  -  ResidentSetSize of job (KB)
...
006 (7187318.005.000) 08/28 06:46:29 Image size of job updated: 21791260
	20929  -  MemoryUsage of job (MB)
	21430784  -  ResidentSetSize of job (KB)
...
040 (7187318.005.000) 08/28 06:51:30 Started transferring output files
...
040 (7187318.005.000) 08/28 06:51:30 Finished transferring output files
...
005 (7187318.005.000) 08/28 06:51:30 Job terminated.
	(1) Normal termination (return value 50)
		Usr 5 16:43:14, Sys 1 18:13:59  -  Run Remote Usage
		Usr 0 00:00:00, Sys 0 00:00:00  -  Run Local Usage
		Usr 5 16:43:14, Sys 1 18:13:59  -  Total Remote Usage
		Usr 0 00:00:00, Sys 0 00:00:00  -  Total Local Usage
	186936  -  Run Bytes Sent By Job
	2915  -  Run Bytes Received By Job
	186936  -  Total Bytes Sent By Job
	2915  -  Total Bytes Received By Job
	Partitionable Resources :      Usage  Request Allocated Assigned
	   Cpus                 :       1.00        1         1 
	   Disk (KB)            : 3641509           3    333947 
	   Gpus (Average)       :       0.02        1         1 "GPU-4ca02207"
	   GpusMemory (MB)      :    1913                       
	   Memory (MB)          :   20929        2000      2000 

	Job terminated of its own accord at 2024-08-28T04:51:29Z with exit-code 50.
...
