000 (7216412.003.000) 09/16 07:43:52 Job submitted from host: <137.138.44.55:9618?addrs=137.138.44.55-9618+[2001-1458-d00-1a--48]-9618&alias=bigbird17.cern.ch&noUDP&sock=schedd_1980_b19c>
...
040 (7216412.003.000) 09/16 07:47:27 Started transferring input files
	Transferring to host: <188.185.198.111:9618?addrs=188.185.198.111-9618+[2001-1458-303-25--100-6b]-9618&alias=b9p15p4924.cern.ch&noUDP&sock=slot1_32_11906_9a9d_32288>
...
040 (7216412.003.000) 09/16 07:47:27 Finished transferring input files
...
001 (7216412.003.000) 09/16 07:47:28 Job executing on host: <188.185.198.111:9618?addrs=188.185.198.111-9618+[2001-1458-303-25--100-6b]-9618&alias=b9p15p4924.cern.ch&noUDP&sock=startd_11856_ceef>
	SlotName: slot1_32@b9p15p4924.cern.ch
	CondorScratchDir = "/pool/condor/dir_1550946"
	Cpus = 1
	Disk = 3201571
	Memory = 2000
...
006 (7216412.003.000) 09/16 07:47:37 Image size of job updated: 809064
	791  -  MemoryUsage of job (MB)
	809020  -  ResidentSetSize of job (KB)
...
006 (7216412.003.000) 09/16 07:52:38 Image size of job updated: 903544
	797  -  MemoryUsage of job (MB)
	815312  -  ResidentSetSize of job (KB)
...
006 (7216412.003.000) 09/16 15:16:33 Image size of job updated: 4514408
	1299  -  MemoryUsage of job (MB)
	1329964  -  ResidentSetSize of job (KB)
...
040 (7216412.003.000) 09/16 15:16:34 Started transferring output files
...
040 (7216412.003.000) 09/16 15:16:34 Finished transferring output files
...
005 (7216412.003.000) 09/16 15:16:34 Job terminated.
	(1) Normal termination (return value 50)
		Usr 0 07:20:10, Sys 0 00:04:34  -  Run Remote Usage
		Usr 0 00:00:00, Sys 0 00:00:00  -  Run Local Usage
		Usr 0 07:20:10, Sys 0 00:04:34  -  Total Remote Usage
		Usr 0 00:00:00, Sys 0 00:00:00  -  Total Local Usage
	66514  -  Run Bytes Sent By Job
	2961  -  Run Bytes Received By Job
	66514  -  Total Bytes Sent By Job
	2961  -  Total Bytes Received By Job
	Partitionable Resources :     Usage  Request Allocated 
	   Cpus                 :      0.68        1         1 
	   Disk (KB)            : 753639           3   3201571 
	   Memory (MB)          :   1299        2000      2000 

	Job terminated of its own accord at 2024-09-16T13:16:33Z with exit-code 50.
...
