000 (7191342.006.000) 09/02 11:57:00 Job submitted from host: <137.138.44.55:9618?addrs=137.138.44.55-9618+[2001-1458-d00-1a--48]-9618&alias=bigbird17.cern.ch&noUDP&sock=schedd_23962_8474>
...
040 (7191342.006.000) 09/02 15:20:32 Started transferring input files
	Transferring to host: <188.185.93.234:9618?addrs=188.185.93.234-9618+[2001-1458-d00-6c--100-2e]-9618&alias=b9g57n6763.cern.ch&noUDP&sock=slot1_1_170185_7a62_68094>
...
040 (7191342.006.000) 09/02 15:20:32 Finished transferring input files
...
001 (7191342.006.000) 09/02 15:20:33 Job executing on host: <188.185.93.234:9618?addrs=188.185.93.234-9618+[2001-1458-d00-6c--100-2e]-9618&alias=b9g57n6763.cern.ch&noUDP&sock=startd_154457_3bb9>
	SlotName: slot1_1@b9g57n6763.cern.ch
	AvailableGPUs = { GPUs_GPU_b1587b5f }
	CondorScratchDir = "/pool/condor/dir_3702758"
	Cpus = 1
	Disk = 331225
	GPUs = 1
	GPUs_GPU_b1587b5f = [ GlobalMemoryMb = 40326; MaxSupportedVersion = 12040; DriverVersion = 12.4; DeviceUuid = "b1587b5f-5c26-3004-6bcf-3ce828349df6"; DeviceName = "NVIDIA A100-PCIE-40GB"; CoresPerCU = 64; ECCEnabled = true; ComputeUnits = 108; ClockMhz = 1410.0; Id = "GPU-b1587b5f"; DevicePciBusId = "0000:06:00.0"; Capability = 8.0 ]
	Memory = 2000
...
006 (7191342.006.000) 09/02 15:20:41 Image size of job updated: 1866032
	1823  -  MemoryUsage of job (MB)
	1865780  -  ResidentSetSize of job (KB)
...
006 (7191342.006.000) 09/02 15:25:43 Image size of job updated: 9709836
	9478  -  MemoryUsage of job (MB)
	9705460  -  ResidentSetSize of job (KB)
...
006 (7191342.006.000) 09/02 15:30:43 Image size of job updated: 11165428
	10501  -  MemoryUsage of job (MB)
	10752924  -  ResidentSetSize of job (KB)
...
006 (7191342.006.000) 09/02 15:35:43 Image size of job updated: 11314916
	10938  -  MemoryUsage of job (MB)
	11199544  -  ResidentSetSize of job (KB)
...
006 (7191342.006.000) 09/02 15:45:45 Image size of job updated: 11478964
	10938  -  MemoryUsage of job (MB)
	11199544  -  ResidentSetSize of job (KB)
...
006 (7191342.006.000) 09/02 16:00:46 Image size of job updated: 11774808
	11440  -  MemoryUsage of job (MB)
	11713676  -  ResidentSetSize of job (KB)
...
006 (7191342.006.000) 09/02 16:05:47 Image size of job updated: 11883676
	11440  -  MemoryUsage of job (MB)
	11713728  -  ResidentSetSize of job (KB)
...
006 (7191342.006.000) 09/02 16:10:48 Image size of job updated: 12044728
	11440  -  MemoryUsage of job (MB)
	11713728  -  ResidentSetSize of job (KB)
...
006 (7191342.006.000) 09/02 16:15:49 Image size of job updated: 12100144
	11466  -  MemoryUsage of job (MB)
	11741068  -  ResidentSetSize of job (KB)
...
006 (7191342.006.000) 09/02 16:20:48 Image size of job updated: 12167960
	11859  -  MemoryUsage of job (MB)
	12143164  -  ResidentSetSize of job (KB)
...
006 (7191342.006.000) 09/02 16:25:49 Image size of job updated: 12207268
	11859  -  MemoryUsage of job (MB)
	12143164  -  ResidentSetSize of job (KB)
...
006 (7191342.006.000) 09/02 16:30:49 Image size of job updated: 12317368
	11950  -  MemoryUsage of job (MB)
	12236148  -  ResidentSetSize of job (KB)
...
006 (7191342.006.000) 09/02 16:40:51 Image size of job updated: 12318836
	11950  -  MemoryUsage of job (MB)
	12236148  -  ResidentSetSize of job (KB)
...
006 (7191342.006.000) 09/02 16:45:51 Image size of job updated: 12385956
	11986  -  MemoryUsage of job (MB)
	12273108  -  ResidentSetSize of job (KB)
...
006 (7191342.006.000) 09/02 16:50:52 Image size of job updated: 12387032
	11986  -  MemoryUsage of job (MB)
	12273108  -  ResidentSetSize of job (KB)
...
006 (7191342.006.000) 09/02 16:55:53 Image size of job updated: 12689060
	12385  -  MemoryUsage of job (MB)
	12681324  -  ResidentSetSize of job (KB)
...
006 (7191342.006.000) 09/02 17:00:53 Image size of job updated: 12846244
	12395  -  MemoryUsage of job (MB)
	12691732  -  ResidentSetSize of job (KB)
...
006 (7191342.006.000) 09/02 17:15:54 Image size of job updated: 12925400
	12395  -  MemoryUsage of job (MB)
	12691732  -  ResidentSetSize of job (KB)
...
006 (7191342.006.000) 09/02 17:20:55 Image size of job updated: 13158552
	12395  -  MemoryUsage of job (MB)
	12691732  -  ResidentSetSize of job (KB)
...
006 (7191342.006.000) 09/02 17:25:56 Image size of job updated: 13158552
	12428  -  MemoryUsage of job (MB)
	12725656  -  ResidentSetSize of job (KB)
...
006 (7191342.006.000) 09/02 17:30:55 Image size of job updated: 13392788
	12952  -  MemoryUsage of job (MB)
	13261940  -  ResidentSetSize of job (KB)
...
006 (7191342.006.000) 09/02 17:35:56 Image size of job updated: 13466860
	13152  -  MemoryUsage of job (MB)
	13466860  -  ResidentSetSize of job (KB)
...
006 (7191342.006.000) 09/02 17:40:56 Image size of job updated: 13692336
	13159  -  MemoryUsage of job (MB)
	13474776  -  ResidentSetSize of job (KB)
...
006 (7191342.006.000) 09/02 17:45:57 Image size of job updated: 13816108
	13381  -  MemoryUsage of job (MB)
	13701436  -  ResidentSetSize of job (KB)
...
006 (7191342.006.000) 09/02 17:50:58 Image size of job updated: 13842364
	13425  -  MemoryUsage of job (MB)
	13746400  -  ResidentSetSize of job (KB)
...
006 (7191342.006.000) 09/02 17:55:57 Image size of job updated: 13999992
	13425  -  MemoryUsage of job (MB)
	13746400  -  ResidentSetSize of job (KB)
...
006 (7191342.006.000) 09/02 18:00:58 Image size of job updated: 14124612
	13473  -  MemoryUsage of job (MB)
	13796136  -  ResidentSetSize of job (KB)
...
006 (7191342.006.000) 09/02 18:05:59 Image size of job updated: 14240252
	13557  -  MemoryUsage of job (MB)
	13882172  -  ResidentSetSize of job (KB)
...
006 (7191342.006.000) 09/02 18:10:59 Image size of job updated: 14240768
	13684  -  MemoryUsage of job (MB)
	14011976  -  ResidentSetSize of job (KB)
...
006 (7191342.006.000) 09/02 18:16:00 Image size of job updated: 14522372
	14183  -  MemoryUsage of job (MB)
	14522372  -  ResidentSetSize of job (KB)
...
006 (7191342.006.000) 09/02 18:21:00 Image size of job updated: 14585652
	14197  -  MemoryUsage of job (MB)
	14537476  -  ResidentSetSize of job (KB)
...
006 (7191342.006.000) 09/02 18:26:01 Image size of job updated: 14746612
	14401  -  MemoryUsage of job (MB)
	14746612  -  ResidentSetSize of job (KB)
...
006 (7191342.006.000) 09/02 18:31:02 Image size of job updated: 14863600
	14401  -  MemoryUsage of job (MB)
	14746612  -  ResidentSetSize of job (KB)
...
006 (7191342.006.000) 09/02 18:46:03 Image size of job updated: 15047004
	14401  -  MemoryUsage of job (MB)
	14746612  -  ResidentSetSize of job (KB)
...
006 (7191342.006.000) 09/02 18:56:04 Image size of job updated: 15287476
	14401  -  MemoryUsage of job (MB)
	14746612  -  ResidentSetSize of job (KB)
...
006 (7191342.006.000) 09/02 19:01:05 Image size of job updated: 15287476
	14440  -  MemoryUsage of job (MB)
	14785540  -  ResidentSetSize of job (KB)
...
006 (7191342.006.000) 09/02 19:06:05 Image size of job updated: 15608064
	14921  -  MemoryUsage of job (MB)
	15278664  -  ResidentSetSize of job (KB)
...
006 (7191342.006.000) 09/02 19:11:04 Image size of job updated: 15841668
	15406  -  MemoryUsage of job (MB)
	15775256  -  ResidentSetSize of job (KB)
...
006 (7191342.006.000) 09/02 19:16:05 Image size of job updated: 15999616
	15406  -  MemoryUsage of job (MB)
	15775256  -  ResidentSetSize of job (KB)
...
006 (7191342.006.000) 09/02 19:41:06 Image size of job updated: 16690604
	15986  -  MemoryUsage of job (MB)
	16369020  -  ResidentSetSize of job (KB)
...
006 (7191342.006.000) 09/02 19:46:07 Image size of job updated: 16930592
	15987  -  MemoryUsage of job (MB)
	16369956  -  ResidentSetSize of job (KB)
...
006 (7191342.006.000) 09/02 19:51:08 Image size of job updated: 18531496
	18098  -  MemoryUsage of job (MB)
	18531496  -  ResidentSetSize of job (KB)
...
006 (7191342.006.000) 09/02 19:52:15 Image size of job updated: 18689172
	18102  -  MemoryUsage of job (MB)
	18535824  -  ResidentSetSize of job (KB)
...
040 (7191342.006.000) 09/02 19:52:17 Started transferring output files
...
040 (7191342.006.000) 09/02 19:52:17 Finished transferring output files
...
005 (7191342.006.000) 09/02 19:52:19 Job terminated.
	(1) Normal termination (return value 50)
		Usr 0 02:55:08, Sys 0 00:54:47  -  Run Remote Usage
		Usr 0 00:00:00, Sys 0 00:00:00  -  Run Local Usage
		Usr 0 02:55:08, Sys 0 00:54:47  -  Total Remote Usage
		Usr 0 00:00:00, Sys 0 00:00:00  -  Total Local Usage
	107013  -  Run Bytes Sent By Job
	2935  -  Run Bytes Received By Job
	107013  -  Total Bytes Sent By Job
	2935  -  Total Bytes Received By Job
	Partitionable Resources :       Usage  Request Allocated Assigned
	   Cpus                 :        1.00        1         1 
	   Disk (KB)            : 10173274           3    331225 
	   Gpus (Average)       :        0.03        1         1 "GPU-b1587b5f"
	   GpusMemory (MB)      :     3137                       
	   Memory (MB)          :    18102        2000      2000 

	Job terminated of its own accord at 2024-09-02T17:52:15Z with exit-code 50.
...
