000 (7223594.002.000) 09/25 06:46:05 Job submitted from host: <137.138.44.55:9618?addrs=137.138.44.55-9618+[2001-1458-d00-1a--48]-9618&alias=bigbird17.cern.ch&noUDP&sock=schedd_1981_6134>
...
040 (7223594.002.000) 09/26 09:00:48 Started transferring input files
	Transferring to host: <188.185.190.109:9618?addrs=188.185.190.109-9618+[2001-1458-d03-b--100-300]-9618&alias=b9pgpun014.cern.ch&noUDP&sock=slot1_4_3185867_4229_18262>
...
040 (7223594.002.000) 09/26 09:00:48 Finished transferring input files
...
001 (7223594.002.000) 09/26 09:00:49 Job executing on host: <188.185.190.109:9618?addrs=188.185.190.109-9618+[2001-1458-d03-b--100-300]-9618&alias=b9pgpun014.cern.ch&noUDP&sock=startd_215167_3e60>
	SlotName: slot1_4@b9pgpun014.cern.ch
	AvailableGPUs = { GPUs_GPU_5b10c343 }
	CondorScratchDir = "/pool/condor/dir_2884872"
	Cpus = 1
	Disk = 6813304
	GPUs = 1
	GPUs_GPU_5b10c343 = [ GlobalMemoryMb = 95235; MaxSupportedVersion = 12040; DriverVersion = 12.4; DeviceName = "NVIDIA H100 NVL"; CoresPerCU = 128; ECCEnabled = true; ComputeUnits = 132; ClockMhz = 1785.0; Id = "GPU-5b10c343"; Capability = 9.0; DevicePciBusId = "0000:AE:00.0"; DeviceUuid = "5b10c343-d8c6-ecec-0fd5-9cb86aac472a" ]
	Memory = 2000
...
006 (7223594.002.000) 09/26 09:00:58 Image size of job updated: 2903200
	2836  -  MemoryUsage of job (MB)
	2903192  -  ResidentSetSize of job (KB)
...
006 (7223594.002.000) 09/26 09:05:59 Image size of job updated: 21692500
	21184  -  MemoryUsage of job (MB)
	21691568  -  ResidentSetSize of job (KB)
...
006 (7223594.002.000) 09/26 09:10:58 Image size of job updated: 21765552
	21252  -  MemoryUsage of job (MB)
	21761128  -  ResidentSetSize of job (KB)
...
006 (7223594.002.000) 09/26 09:15:58 Image size of job updated: 21835856
	21320  -  MemoryUsage of job (MB)
	21831628  -  ResidentSetSize of job (KB)
...
006 (7223594.002.000) 09/26 09:20:59 Image size of job updated: 21849604
	21327  -  MemoryUsage of job (MB)
	21838020  -  ResidentSetSize of job (KB)
...
006 (7223594.002.000) 09/26 09:26:00 Image size of job updated: 21873968
	21351  -  MemoryUsage of job (MB)
	21862424  -  ResidentSetSize of job (KB)
...
006 (7223594.002.000) 09/26 09:30:59 Image size of job updated: 21913216
	21393  -  MemoryUsage of job (MB)
	21905520  -  ResidentSetSize of job (KB)
...
006 (7223594.002.000) 09/26 09:36:00 Image size of job updated: 21950484
	21434  -  MemoryUsage of job (MB)
	21947452  -  ResidentSetSize of job (KB)
...
006 (7223594.002.000) 09/26 09:41:01 Image size of job updated: 22057432
	21537  -  MemoryUsage of job (MB)
	22053060  -  ResidentSetSize of job (KB)
...
006 (7223594.002.000) 09/26 09:46:02 Image size of job updated: 22117476
	21592  -  MemoryUsage of job (MB)
	22109276  -  ResidentSetSize of job (KB)
...
006 (7223594.002.000) 09/26 09:51:01 Image size of job updated: 22125048
	21602  -  MemoryUsage of job (MB)
	22119716  -  ResidentSetSize of job (KB)
...
006 (7223594.002.000) 09/26 09:56:02 Image size of job updated: 22157868
	21636  -  MemoryUsage of job (MB)
	22154940  -  ResidentSetSize of job (KB)
...
006 (7223594.002.000) 09/26 10:01:03 Image size of job updated: 22259996
	21729  -  MemoryUsage of job (MB)
	22250440  -  ResidentSetSize of job (KB)
...
006 (7223594.002.000) 09/26 10:06:04 Image size of job updated: 22335204
	21807  -  MemoryUsage of job (MB)
	22329764  -  ResidentSetSize of job (KB)
...
006 (7223594.002.000) 09/26 10:11:03 Image size of job updated: 22357184
	21828  -  MemoryUsage of job (MB)
	22350988  -  ResidentSetSize of job (KB)
...
006 (7223594.002.000) 09/26 10:16:04 Image size of job updated: 22366456
	21839  -  MemoryUsage of job (MB)
	22362900  -  ResidentSetSize of job (KB)
...
006 (7223594.002.000) 09/26 10:21:05 Image size of job updated: 22378804
	21854  -  MemoryUsage of job (MB)
	22377872  -  ResidentSetSize of job (KB)
...
006 (7223594.002.000) 09/26 10:26:06 Image size of job updated: 22444892
	21916  -  MemoryUsage of job (MB)
	22441480  -  ResidentSetSize of job (KB)
...
006 (7223594.002.000) 09/26 10:31:05 Image size of job updated: 22473248
	21941  -  MemoryUsage of job (MB)
	22467288  -  ResidentSetSize of job (KB)
...
006 (7223594.002.000) 09/26 10:36:06 Image size of job updated: 22548104
	22005  -  MemoryUsage of job (MB)
	22533096  -  ResidentSetSize of job (KB)
...
006 (7223594.002.000) 09/26 10:41:07 Image size of job updated: 22637628
	22100  -  MemoryUsage of job (MB)
	22629788  -  ResidentSetSize of job (KB)
...
006 (7223594.002.000) 09/26 10:46:08 Image size of job updated: 22782588
	22243  -  MemoryUsage of job (MB)
	22775848  -  ResidentSetSize of job (KB)
...
006 (7223594.002.000) 09/26 10:51:07 Image size of job updated: 22826756
	22283  -  MemoryUsage of job (MB)
	22817124  -  ResidentSetSize of job (KB)
...
006 (7223594.002.000) 09/26 10:56:07 Image size of job updated: 22850024
	22302  -  MemoryUsage of job (MB)
	22836320  -  ResidentSetSize of job (KB)
...
006 (7223594.002.000) 09/26 11:01:08 Image size of job updated: 22855156
	22308  -  MemoryUsage of job (MB)
	22842920  -  ResidentSetSize of job (KB)
...
006 (7223594.002.000) 09/26 11:06:09 Image size of job updated: 23026856
	22466  -  MemoryUsage of job (MB)
	23005064  -  ResidentSetSize of job (KB)
...
006 (7223594.002.000) 09/26 11:11:10 Image size of job updated: 23245352
	22682  -  MemoryUsage of job (MB)
	23226000  -  ResidentSetSize of job (KB)
...
006 (7223594.002.000) 09/26 11:16:09 Image size of job updated: 23278412
	22729  -  MemoryUsage of job (MB)
	23274056  -  ResidentSetSize of job (KB)
...
006 (7223594.002.000) 09/26 11:21:10 Image size of job updated: 23305424
	22746  -  MemoryUsage of job (MB)
	23291004  -  ResidentSetSize of job (KB)
...
006 (7223594.002.000) 09/26 11:26:11 Image size of job updated: 23427676
	22871  -  MemoryUsage of job (MB)
	23419124  -  ResidentSetSize of job (KB)
...
006 (7223594.002.000) 09/26 11:31:12 Image size of job updated: 23558776
	23000  -  MemoryUsage of job (MB)
	23551180  -  ResidentSetSize of job (KB)
...
006 (7223594.002.000) 09/26 11:36:11 Image size of job updated: 24355672
	23769  -  MemoryUsage of job (MB)
	24338956  -  ResidentSetSize of job (KB)
...
006 (7223594.002.000) 09/26 11:41:12 Image size of job updated: 24621064
	24045  -  MemoryUsage of job (MB)
	24621064  -  ResidentSetSize of job (KB)
...
006 (7223594.002.000) 09/26 11:46:13 Image size of job updated: 25677100
	24465  -  MemoryUsage of job (MB)
	25051232  -  ResidentSetSize of job (KB)
...
006 (7223594.002.000) 09/26 11:51:14 Image size of job updated: 26187424
	25574  -  MemoryUsage of job (MB)
	26187424  -  ResidentSetSize of job (KB)
...
006 (7223594.002.000) 09/26 11:51:47 Image size of job updated: 26256176
	25577  -  MemoryUsage of job (MB)
	26190240  -  ResidentSetSize of job (KB)
...
040 (7223594.002.000) 09/26 11:51:48 Started transferring output files
...
040 (7223594.002.000) 09/26 11:51:48 Finished transferring output files
...
005 (7223594.002.000) 09/26 11:51:48 Job terminated.
	(1) Normal termination (return value 50)
		Usr 0 02:49:21, Sys 0 00:13:55  -  Run Remote Usage
		Usr 0 00:00:00, Sys 0 00:00:00  -  Run Local Usage
		Usr 0 02:49:21, Sys 0 00:13:55  -  Total Remote Usage
		Usr 0 00:00:00, Sys 0 00:00:00  -  Total Local Usage
	321813  -  Run Bytes Sent By Job
	1405  -  Run Bytes Received By Job
	321813  -  Total Bytes Sent By Job
	1405  -  Total Bytes Received By Job
	Partitionable Resources :       Usage  Request Allocated Assigned
	   Cpus                 :        1.00        1         1 
	   Disk (KB)            : 22993763           2   6813304 
	   Gpus (Average)       :        0.00        1         1 "GPU-5b10c343"
	   GpusMemory (MB)      :      599                       
	   Memory (MB)          :    25577        2000      2000 

	Job terminated of its own accord at 2024-09-26T09:51:47Z with exit-code 50.
...
