000 (7186276.007.000) 08/22 15:33:14 Job submitted from host: <137.138.44.55:9618?addrs=137.138.44.55-9618+[2001-1458-d00-1a--48]-9618&alias=bigbird17.cern.ch&noUDP&sock=schedd_23962_8474>
...
040 (7186276.007.000) 08/22 17:10:00 Started transferring input files
	Transferring to host: <128.142.248.94:9618?addrs=128.142.248.94-9618+[2001-1458-301-73--100-14e]-9618&alias=b9g23p2790.cern.ch&noUDP&sock=slot1_2_5757_13c3_4932>
...
040 (7186276.007.000) 08/22 17:10:00 Finished transferring input files
...
001 (7186276.007.000) 08/22 17:10:01 Job executing on host: <128.142.248.94:9618?addrs=128.142.248.94-9618+[2001-1458-301-73--100-14e]-9618&alias=b9g23p2790.cern.ch&noUDP&sock=startd_4576_5577>
	SlotName: slot1_2@b9g23p2790.cern.ch
	CondorScratchDir = "/pool/condor/dir_2231527"
	Cpus = 1
	Disk = 2955780
	Memory = 2000
...
006 (7186276.007.000) 08/22 17:10:11 Image size of job updated: 356656
	349  -  MemoryUsage of job (MB)
	356588  -  ResidentSetSize of job (KB)
...
006 (7186276.007.000) 08/22 17:15:12 Image size of job updated: 869928
	527  -  MemoryUsage of job (MB)
	539296  -  ResidentSetSize of job (KB)
...
006 (7186276.007.000) 08/22 17:20:13 Image size of job updated: 4707392
	4598  -  MemoryUsage of job (MB)
	4707392  -  ResidentSetSize of job (KB)
...
006 (7186276.007.000) 08/22 17:25:13 Image size of job updated: 4955740
	4837  -  MemoryUsage of job (MB)
	4952272  -  ResidentSetSize of job (KB)
...
006 (7186276.007.000) 08/22 17:30:15 Image size of job updated: 5216524
	5095  -  MemoryUsage of job (MB)
	5216524  -  ResidentSetSize of job (KB)
...
006 (7186276.007.000) 08/22 17:35:15 Image size of job updated: 5467648
	5340  -  MemoryUsage of job (MB)
	5467648  -  ResidentSetSize of job (KB)
...
006 (7186276.007.000) 08/22 17:40:15 Image size of job updated: 5724720
	5591  -  MemoryUsage of job (MB)
	5724720  -  ResidentSetSize of job (KB)
...
006 (7186276.007.000) 08/22 17:45:16 Image size of job updated: 5940076
	5801  -  MemoryUsage of job (MB)
	5940076  -  ResidentSetSize of job (KB)
...
006 (7186276.007.000) 08/22 17:50:16 Image size of job updated: 5941100
	5801  -  MemoryUsage of job (MB)
	5940076  -  ResidentSetSize of job (KB)
...
006 (7186276.007.000) 08/22 18:50:21 Image size of job updated: 6023128
	5882  -  MemoryUsage of job (MB)
	6023128  -  ResidentSetSize of job (KB)
...
006 (7186276.007.000) 08/22 18:55:23 Image size of job updated: 6312240
	6165  -  MemoryUsage of job (MB)
	6312240  -  ResidentSetSize of job (KB)
...
006 (7186276.007.000) 08/22 19:00:23 Image size of job updated: 6605512
	6451  -  MemoryUsage of job (MB)
	6605292  -  ResidentSetSize of job (KB)
...
006 (7186276.007.000) 08/22 19:05:23 Image size of job updated: 6882296
	6721  -  MemoryUsage of job (MB)
	6882296  -  ResidentSetSize of job (KB)
...
006 (7186276.007.000) 08/22 19:10:24 Image size of job updated: 7170836
	7003  -  MemoryUsage of job (MB)
	7170836  -  ResidentSetSize of job (KB)
...
006 (7186276.007.000) 08/22 19:15:24 Image size of job updated: 7454748
	7281  -  MemoryUsage of job (MB)
	7454748  -  ResidentSetSize of job (KB)
...
006 (7186276.007.000) 08/22 19:20:24 Image size of job updated: 7739248
	7558  -  MemoryUsage of job (MB)
	7739248  -  ResidentSetSize of job (KB)
...
006 (7186276.007.000) 08/22 19:25:25 Image size of job updated: 7866668
	7558  -  MemoryUsage of job (MB)
	7739248  -  ResidentSetSize of job (KB)
...
006 (7186276.007.000) 08/22 19:30:25 Image size of job updated: 7866668
	7682  -  MemoryUsage of job (MB)
	7866316  -  ResidentSetSize of job (KB)
...
006 (7186276.007.000) 08/22 19:35:25 Image size of job updated: 7955644
	7682  -  MemoryUsage of job (MB)
	7866316  -  ResidentSetSize of job (KB)
...
040 (7186276.007.000) 08/22 19:35:44 Started transferring output files
...
040 (7186276.007.000) 08/22 19:35:44 Finished transferring output files
...
005 (7186276.007.000) 08/22 19:35:44 Job terminated.
	(1) Normal termination (return value 50)
		Usr 0 02:08:44, Sys 0 00:01:11  -  Run Remote Usage
		Usr 0 00:00:00, Sys 0 00:00:00  -  Run Local Usage
		Usr 0 02:08:44, Sys 0 00:01:11  -  Total Remote Usage
		Usr 0 00:00:00, Sys 0 00:00:00  -  Total Local Usage
	20460  -  Run Bytes Sent By Job
	2769  -  Run Bytes Received By Job
	20460  -  Total Bytes Sent By Job
	2769  -  Total Bytes Received By Job
	Partitionable Resources :      Usage  Request Allocated 
	   Cpus                 :       0.95        1         1 
	   Disk (KB)            : 7319015           3   2955780 
	   Memory (MB)          :    7682        2000      2000 

	Job terminated of its own accord at 2024-08-22T17:35:44Z with exit-code 50.
...
