000 (7186276.001.000) 08/22 15:33:14 Job submitted from host: <137.138.44.55:9618?addrs=137.138.44.55-9618+[2001-1458-d00-1a--48]-9618&alias=bigbird17.cern.ch&noUDP&sock=schedd_23962_8474>
...
040 (7186276.001.000) 08/22 17:03:42 Started transferring input files
	Transferring to host: <128.142.248.94:9618?addrs=128.142.248.94-9618+[2001-1458-301-73--100-14e]-9618&alias=b9g23p2790.cern.ch&noUDP&sock=slot1_48_5757_13c3_4927>
...
040 (7186276.001.000) 08/22 17:03:42 Finished transferring input files
...
001 (7186276.001.000) 08/22 17:03:43 Job executing on host: <128.142.248.94:9618?addrs=128.142.248.94-9618+[2001-1458-301-73--100-14e]-9618&alias=b9g23p2790.cern.ch&noUDP&sock=startd_4576_5577>
	SlotName: slot1_48@b9g23p2790.cern.ch
	CondorScratchDir = "/pool/condor/dir_2228029"
	Cpus = 1
	Disk = 2945139
	Memory = 2000
...
006 (7186276.001.000) 08/22 17:03:54 Image size of job updated: 342880
	335  -  MemoryUsage of job (MB)
	342880  -  ResidentSetSize of job (KB)
...
006 (7186276.001.000) 08/22 17:08:55 Image size of job updated: 823856
	805  -  MemoryUsage of job (MB)
	823856  -  ResidentSetSize of job (KB)
...
006 (7186276.001.000) 08/22 17:13:55 Image size of job updated: 3530628
	3448  -  MemoryUsage of job (MB)
	3530624  -  ResidentSetSize of job (KB)
...
006 (7186276.001.000) 08/22 17:18:55 Image size of job updated: 3799756
	3711  -  MemoryUsage of job (MB)
	3799756  -  ResidentSetSize of job (KB)
...
006 (7186276.001.000) 08/22 17:23:56 Image size of job updated: 4067104
	3972  -  MemoryUsage of job (MB)
	4067104  -  ResidentSetSize of job (KB)
...
006 (7186276.001.000) 08/22 17:28:56 Image size of job updated: 4327848
	4227  -  MemoryUsage of job (MB)
	4327848  -  ResidentSetSize of job (KB)
...
006 (7186276.001.000) 08/22 17:33:57 Image size of job updated: 4595900
	4489  -  MemoryUsage of job (MB)
	4595900  -  ResidentSetSize of job (KB)
...
006 (7186276.001.000) 08/22 17:38:58 Image size of job updated: 4846152
	4733  -  MemoryUsage of job (MB)
	4846152  -  ResidentSetSize of job (KB)
...
006 (7186276.001.000) 08/22 17:43:58 Image size of job updated: 5059984
	4739  -  MemoryUsage of job (MB)
	4852156  -  ResidentSetSize of job (KB)
...
006 (7186276.001.000) 08/22 17:48:59 Image size of job updated: 5104600
	4934  -  MemoryUsage of job (MB)
	5051920  -  ResidentSetSize of job (KB)
...
006 (7186276.001.000) 08/22 17:54:00 Image size of job updated: 5104600
	4941  -  MemoryUsage of job (MB)
	5058568  -  ResidentSetSize of job (KB)
...
006 (7186276.001.000) 08/22 17:59:00 Image size of job updated: 5264132
	5141  -  MemoryUsage of job (MB)
	5263976  -  ResidentSetSize of job (KB)
...
006 (7186276.001.000) 08/22 18:04:02 Image size of job updated: 5356380
	5231  -  MemoryUsage of job (MB)
	5356380  -  ResidentSetSize of job (KB)
...
006 (7186276.001.000) 08/22 18:09:02 Image size of job updated: 5615196
	5484  -  MemoryUsage of job (MB)
	5615192  -  ResidentSetSize of job (KB)
...
006 (7186276.001.000) 08/22 18:14:02 Image size of job updated: 5778780
	5484  -  MemoryUsage of job (MB)
	5615192  -  ResidentSetSize of job (KB)
...
006 (7186276.001.000) 08/22 18:39:04 Image size of job updated: 5892880
	5755  -  MemoryUsage of job (MB)
	5892880  -  ResidentSetSize of job (KB)
...
006 (7186276.001.000) 08/22 18:44:04 Image size of job updated: 6186164
	6042  -  MemoryUsage of job (MB)
	6186164  -  ResidentSetSize of job (KB)
...
006 (7186276.001.000) 08/22 18:49:05 Image size of job updated: 6459460
	6309  -  MemoryUsage of job (MB)
	6459460  -  ResidentSetSize of job (KB)
...
006 (7186276.001.000) 08/22 18:54:05 Image size of job updated: 6742936
	6585  -  MemoryUsage of job (MB)
	6742932  -  ResidentSetSize of job (KB)
...
006 (7186276.001.000) 08/22 18:59:06 Image size of job updated: 7037184
	6873  -  MemoryUsage of job (MB)
	7037184  -  ResidentSetSize of job (KB)
...
006 (7186276.001.000) 08/22 19:04:07 Image size of job updated: 7320728
	7150  -  MemoryUsage of job (MB)
	7320728  -  ResidentSetSize of job (KB)
...
006 (7186276.001.000) 08/22 19:09:07 Image size of job updated: 7600216
	7423  -  MemoryUsage of job (MB)
	7600216  -  ResidentSetSize of job (KB)
...
006 (7186276.001.000) 08/22 19:14:08 Image size of job updated: 7878272
	7694  -  MemoryUsage of job (MB)
	7878272  -  ResidentSetSize of job (KB)
...
006 (7186276.001.000) 08/22 19:19:08 Image size of job updated: 8150380
	7960  -  MemoryUsage of job (MB)
	8150380  -  ResidentSetSize of job (KB)
...
006 (7186276.001.000) 08/22 19:24:08 Image size of job updated: 8393444
	8120  -  MemoryUsage of job (MB)
	8313956  -  ResidentSetSize of job (KB)
...
006 (7186276.001.000) 08/22 19:29:09 Image size of job updated: 8413748
	8120  -  MemoryUsage of job (MB)
	8313956  -  ResidentSetSize of job (KB)
...
040 (7186276.001.000) 08/22 19:30:31 Started transferring output files
...
040 (7186276.001.000) 08/22 19:30:31 Finished transferring output files
...
005 (7186276.001.000) 08/22 19:30:31 Job terminated.
	(1) Normal termination (return value 50)
		Usr 0 02:09:27, Sys 0 00:01:08  -  Run Remote Usage
		Usr 0 00:00:00, Sys 0 00:00:00  -  Run Local Usage
		Usr 0 02:09:27, Sys 0 00:01:08  -  Total Remote Usage
		Usr 0 00:00:00, Sys 0 00:00:00  -  Total Local Usage
	20446  -  Run Bytes Sent By Job
	2769  -  Run Bytes Received By Job
	20446  -  Total Bytes Sent By Job
	2769  -  Total Bytes Received By Job
	Partitionable Resources :      Usage  Request Allocated 
	   Cpus                 :       0.94        1         1 
	   Disk (KB)            : 7270377           3   2945139 
	   Memory (MB)          :    8120        2000      2000 

	Job terminated of its own accord at 2024-08-22T17:30:31Z with exit-code 50.
...
