000 (7217808.001.000) 09/23 13:21:42 Job submitted from host: <137.138.44.55:9618?addrs=137.138.44.55-9618+[2001-1458-d00-1a--48]-9618&alias=bigbird17.cern.ch&noUDP&sock=schedd_1981_6134>
...
040 (7217808.001.000) 09/24 09:01:16 Started transferring input files
	Transferring to host: <188.185.238.12:9618?addrs=188.185.238.12-9618+[2001-1458-303-28--100-8]-9618&alias=b9pgpun001.cern.ch&noUDP&sock=slot1_1_240309_2e05_32468>
...
040 (7217808.001.000) 09/24 09:01:16 Finished transferring input files
...
001 (7217808.001.000) 09/24 09:01:17 Job executing on host: <188.185.238.12:9618?addrs=188.185.238.12-9618+[2001-1458-303-28--100-8]-9618&alias=b9pgpun001.cern.ch&noUDP&sock=startd_240269_20b4>
	SlotName: slot1_1@b9pgpun001.cern.ch
	AvailableGPUs = { GPUs_GPU_ba8f5d65 }
	CondorScratchDir = "/pool/condor/dir_1574647"
	Cpus = 1
	Disk = 6876746
	GPUs = 1
	GPUs_GPU_ba8f5d65 = [ GlobalMemoryMb = 95235; MaxSupportedVersion = 12040; DriverVersion = 12.4; DeviceName = "NVIDIA H100 NVL"; CoresPerCU = 128; ECCEnabled = true; ComputeUnits = 132; ClockMhz = 1785.0; Id = "GPU-ba8f5d65"; Capability = 9.0; DevicePciBusId = "0000:3A:00.0"; DeviceUuid = "ba8f5d65-a6fb-796f-67a2-9d19bc987566" ]
	Memory = 2000
...
006 (7217808.001.000) 09/24 09:01:26 Image size of job updated: 2429620
	1885  -  MemoryUsage of job (MB)
	1929460  -  ResidentSetSize of job (KB)
...
006 (7217808.001.000) 09/24 09:06:27 Image size of job updated: 2429620
	2121  -  MemoryUsage of job (MB)
	2171492  -  ResidentSetSize of job (KB)
...
006 (7217808.001.000) 09/24 09:11:27 Image size of job updated: 2429620
	2263  -  MemoryUsage of job (MB)
	2317292  -  ResidentSetSize of job (KB)
...
006 (7217808.001.000) 09/24 09:16:29 Image size of job updated: 2429620
	2285  -  MemoryUsage of job (MB)
	2339004  -  ResidentSetSize of job (KB)
...
006 (7217808.001.000) 09/24 09:21:29 Image size of job updated: 2429620
	2289  -  MemoryUsage of job (MB)
	2343900  -  ResidentSetSize of job (KB)
...
006 (7217808.001.000) 09/24 09:26:29 Image size of job updated: 2429620
	2313  -  MemoryUsage of job (MB)
	2368072  -  ResidentSetSize of job (KB)
...
006 (7217808.001.000) 09/24 09:36:30 Image size of job updated: 2429620
	2324  -  MemoryUsage of job (MB)
	2379528  -  ResidentSetSize of job (KB)
...
006 (7217808.001.000) 09/24 09:41:30 Image size of job updated: 2429620
	2341  -  MemoryUsage of job (MB)
	2396808  -  ResidentSetSize of job (KB)
...
006 (7217808.001.000) 09/24 09:46:31 Image size of job updated: 2527520
	2462  -  MemoryUsage of job (MB)
	2520224  -  ResidentSetSize of job (KB)
...
006 (7217808.001.000) 09/24 09:51:31 Image size of job updated: 2901068
	2804  -  MemoryUsage of job (MB)
	2871068  -  ResidentSetSize of job (KB)
...
006 (7217808.001.000) 09/24 09:56:32 Image size of job updated: 6636948
	6482  -  MemoryUsage of job (MB)
	6636948  -  ResidentSetSize of job (KB)
...
006 (7217808.001.000) 09/24 09:58:49 Image size of job updated: 6945168
	6482  -  MemoryUsage of job (MB)
	6636948  -  ResidentSetSize of job (KB)
...
040 (7217808.001.000) 09/24 09:58:49 Started transferring output files
...
040 (7217808.001.000) 09/24 09:58:49 Finished transferring output files
...
005 (7217808.001.000) 09/24 09:58:49 Job terminated.
	(1) Normal termination (return value 50)
		Usr 0 00:56:52, Sys 0 00:00:55  -  Run Remote Usage
		Usr 0 00:00:00, Sys 0 00:00:00  -  Run Local Usage
		Usr 0 00:56:52, Sys 0 00:00:55  -  Total Remote Usage
		Usr 0 00:00:00, Sys 0 00:00:00  -  Total Local Usage
	64870  -  Run Bytes Sent By Job
	1414  -  Run Bytes Received By Job
	64870  -  Total Bytes Sent By Job
	1414  -  Total Bytes Received By Job
	Partitionable Resources :      Usage  Request Allocated Assigned
	   Cpus                 :       1.00        1         1 
	   Disk (KB)            : 2670365           2   6876746 
	   Gpus (Average)       :       0.00        1         1 "GPU-ba8f5d65"
	   GpusMemory (MB)      :     599                       
	   Memory (MB)          :    6482        2000      2000 

	Job terminated of its own accord at 2024-09-24T07:58:49Z with exit-code 50.
...
