000 (7217808.003.000) 09/23 13:21:42 Job submitted from host: <137.138.44.55:9618?addrs=137.138.44.55-9618+[2001-1458-d00-1a--48]-9618&alias=bigbird17.cern.ch&noUDP&sock=schedd_1981_6134>
...
040 (7217808.003.000) 09/24 09:28:16 Started transferring input files
	Transferring to host: <188.185.238.12:9618?addrs=188.185.238.12-9618+[2001-1458-303-28--100-8]-9618&alias=b9pgpun001.cern.ch&noUDP&sock=slot1_2_240309_2e05_32485>
...
040 (7217808.003.000) 09/24 09:28:16 Finished transferring input files
...
001 (7217808.003.000) 09/24 09:28:17 Job executing on host: <188.185.238.12:9618?addrs=188.185.238.12-9618+[2001-1458-303-28--100-8]-9618&alias=b9pgpun001.cern.ch&noUDP&sock=startd_240269_20b4>
	SlotName: slot1_2@b9pgpun001.cern.ch
	AvailableGPUs = { GPUs_GPU_8b6364bc }
	CondorScratchDir = "/pool/condor/dir_1590554"
	Cpus = 1
	Disk = 6876594
	GPUs = 1
	GPUs_GPU_8b6364bc = [ GlobalMemoryMb = 95235; MaxSupportedVersion = 12040; DriverVersion = 12.4; DeviceName = "NVIDIA H100 NVL"; CoresPerCU = 128; ECCEnabled = true; ComputeUnits = 132; ClockMhz = 1785.0; Id = "GPU-8b6364bc"; Capability = 9.0; DevicePciBusId = "0000:3B:00.0"; DeviceUuid = "8b6364bc-045c-d99d-b867-6ceb39f9bcba" ]
	Memory = 2000
...
006 (7217808.003.000) 09/24 09:28:26 Image size of job updated: 2379740
	2324  -  MemoryUsage of job (MB)
	2379724  -  ResidentSetSize of job (KB)
...
006 (7217808.003.000) 09/24 09:33:27 Image size of job updated: 2433584
	2329  -  MemoryUsage of job (MB)
	2384224  -  ResidentSetSize of job (KB)
...
006 (7217808.003.000) 09/24 10:08:30 Image size of job updated: 2433584
	2341  -  MemoryUsage of job (MB)
	2396728  -  ResidentSetSize of job (KB)
...
006 (7217808.003.000) 09/24 10:13:31 Image size of job updated: 2525232
	2465  -  MemoryUsage of job (MB)
	2523804  -  ResidentSetSize of job (KB)
...
006 (7217808.003.000) 09/24 10:18:31 Image size of job updated: 2895636
	2765  -  MemoryUsage of job (MB)
	2831116  -  ResidentSetSize of job (KB)
...
006 (7217808.003.000) 09/24 10:23:32 Image size of job updated: 5433996
	5307  -  MemoryUsage of job (MB)
	5433996  -  ResidentSetSize of job (KB)
...
006 (7217808.003.000) 09/24 10:25:54 Image size of job updated: 5752936
	5307  -  MemoryUsage of job (MB)
	5433996  -  ResidentSetSize of job (KB)
...
040 (7217808.003.000) 09/24 10:25:54 Started transferring output files
...
040 (7217808.003.000) 09/24 10:25:54 Finished transferring output files
...
005 (7217808.003.000) 09/24 10:25:54 Job terminated.
	(1) Normal termination (return value 50)
		Usr 0 00:56:56, Sys 0 00:00:54  -  Run Remote Usage
		Usr 0 00:00:00, Sys 0 00:00:00  -  Run Local Usage
		Usr 0 00:56:56, Sys 0 00:00:54  -  Total Remote Usage
		Usr 0 00:00:00, Sys 0 00:00:00  -  Total Local Usage
	64870  -  Run Bytes Sent By Job
	1414  -  Run Bytes Received By Job
	64870  -  Total Bytes Sent By Job
	1414  -  Total Bytes Received By Job
	Partitionable Resources :      Usage  Request Allocated Assigned
	   Cpus                 :       1.00        1         1 
	   Disk (KB)            : 2656160           2   6876594 
	   Gpus (Average)       :       0.00        1         1 "GPU-8b6364bc"
	   GpusMemory (MB)      :     599                       
	   Memory (MB)          :    5307        2000      2000 

	Job terminated of its own accord at 2024-09-24T08:25:54Z with exit-code 50.
...
