000 (7217808.000.000) 09/23 13:21:42 Job submitted from host: <137.138.44.55:9618?addrs=137.138.44.55-9618+[2001-1458-d00-1a--48]-9618&alias=bigbird17.cern.ch&noUDP&sock=schedd_1981_6134>
...
040 (7217808.000.000) 09/24 08:59:06 Started transferring input files
	Transferring to host: <188.185.190.108:9618?addrs=188.185.190.108-9618+[2001-1458-d03-b--100-2ff]-9618&alias=b9pgpun015.cern.ch&noUDP&sock=slot1_1_241727_49ff_26276>
...
040 (7217808.000.000) 09/24 08:59:06 Finished transferring input files
...
001 (7217808.000.000) 09/24 08:59:07 Job executing on host: <188.185.190.108:9618?addrs=188.185.190.108-9618+[2001-1458-d03-b--100-2ff]-9618&alias=b9pgpun015.cern.ch&noUDP&sock=startd_205776_cc7b>
	SlotName: slot1_1@b9pgpun015.cern.ch
	AvailableGPUs = { GPUs_GPU_b24b403a }
	CondorScratchDir = "/pool/condor/dir_2823207"
	Cpus = 1
	Disk = 6889654
	GPUs = 1
	GPUs_GPU_b24b403a = [ GlobalMemoryMb = 95235; MaxSupportedVersion = 12040; DriverVersion = 12.4; DeviceName = "NVIDIA H100 NVL"; CoresPerCU = 128; ECCEnabled = true; ComputeUnits = 132; ClockMhz = 1785.0; Id = "GPU-b24b403a"; Capability = 9.0; DevicePciBusId = "0000:3A:00.0"; DeviceUuid = "b24b403a-c8dc-04db-3428-2ea4c127b0ed" ]
	Memory = 2000
...
006 (7217808.000.000) 09/24 08:59:16 Image size of job updated: 2326084
	2272  -  MemoryUsage of job (MB)
	2326072  -  ResidentSetSize of job (KB)
...
006 (7217808.000.000) 09/24 09:04:16 Image size of job updated: 2430276
	2277  -  MemoryUsage of job (MB)
	2331624  -  ResidentSetSize of job (KB)
...
006 (7217808.000.000) 09/24 09:14:17 Image size of job updated: 2430276
	2290  -  MemoryUsage of job (MB)
	2344692  -  ResidentSetSize of job (KB)
...
006 (7217808.000.000) 09/24 09:19:17 Image size of job updated: 2430276
	2290  -  MemoryUsage of job (MB)
	2344796  -  ResidentSetSize of job (KB)
...
006 (7217808.000.000) 09/24 09:24:18 Image size of job updated: 2430276
	2321  -  MemoryUsage of job (MB)
	2376212  -  ResidentSetSize of job (KB)
...
006 (7217808.000.000) 09/24 09:34:19 Image size of job updated: 2430276
	2333  -  MemoryUsage of job (MB)
	2388336  -  ResidentSetSize of job (KB)
...
006 (7217808.000.000) 09/24 09:39:20 Image size of job updated: 2430276
	2349  -  MemoryUsage of job (MB)
	2404856  -  ResidentSetSize of job (KB)
...
006 (7217808.000.000) 09/24 09:44:21 Image size of job updated: 2542664
	2479  -  MemoryUsage of job (MB)
	2537492  -  ResidentSetSize of job (KB)
...
006 (7217808.000.000) 09/24 09:49:21 Image size of job updated: 2899704
	2802  -  MemoryUsage of job (MB)
	2868720  -  ResidentSetSize of job (KB)
...
006 (7217808.000.000) 09/24 09:54:22 Image size of job updated: 6627700
	6473  -  MemoryUsage of job (MB)
	6627700  -  ResidentSetSize of job (KB)
...
006 (7217808.000.000) 09/24 09:56:45 Image size of job updated: 6943704
	6473  -  MemoryUsage of job (MB)
	6627956  -  ResidentSetSize of job (KB)
...
040 (7217808.000.000) 09/24 09:56:45 Started transferring output files
...
040 (7217808.000.000) 09/24 09:56:45 Finished transferring output files
...
005 (7217808.000.000) 09/24 09:56:45 Job terminated.
	(1) Normal termination (return value 0)
		Usr 0 00:56:54, Sys 0 00:00:57  -  Run Remote Usage
		Usr 0 00:00:00, Sys 0 00:00:00  -  Run Local Usage
		Usr 0 00:56:54, Sys 0 00:00:57  -  Total Remote Usage
		Usr 0 00:00:00, Sys 0 00:00:00  -  Total Local Usage
	64824  -  Run Bytes Sent By Job
	1414  -  Run Bytes Received By Job
	64824  -  Total Bytes Sent By Job
	1414  -  Total Bytes Received By Job
	Partitionable Resources :      Usage  Request Allocated Assigned
	   Cpus                 :       1.00        1         1 
	   Disk (KB)            : 2675453           2   6889654 
	   Gpus (Average)       :       0.00        1         1 "GPU-b24b403a"
	   GpusMemory (MB)      :     599                       
	   Memory (MB)          :    6473        2000      2000 

	Job terminated of its own accord at 2024-09-24T07:56:45Z with exit-code 0.
...
