000 (7223605.007.000) 09/25 06:46:16 Job submitted from host: <137.138.44.55:9618?addrs=137.138.44.55-9618+[2001-1458-d00-1a--48]-9618&alias=bigbird17.cern.ch&noUDP&sock=schedd_1981_6134>
...
040 (7223605.007.000) 09/26 23:54:57 Started transferring input files
	Transferring to host: <188.185.190.69:9618?addrs=188.185.190.69-9618+[2001-1458-d03-b--100-9e]-9618&alias=b9pgpun009.cern.ch&noUDP&sock=slot1_1_228323_f55e_28425>
...
040 (7223605.007.000) 09/26 23:54:57 Finished transferring input files
...
001 (7223605.007.000) 09/26 23:54:58 Job executing on host: <188.185.190.69:9618?addrs=188.185.190.69-9618+[2001-1458-d03-b--100-9e]-9618&alias=b9pgpun009.cern.ch&noUDP&sock=startd_201181_02ce>
	SlotName: slot1_1@b9pgpun009.cern.ch
	AvailableGPUs = { GPUs_GPU_9696d9cb }
	CondorScratchDir = "/pool/condor/dir_2128959"
	Cpus = 1
	Disk = 790616
	GPUs = 1
	GPUs_GPU_9696d9cb = [ GlobalMemoryMb = 95235; MaxSupportedVersion = 12040; DriverVersion = 12.4; DeviceUuid = "9696d9cb-0964-2c89-e28d-8b8f4d41ffe5"; DeviceName = "NVIDIA H100 NVL"; CoresPerCU = 128; ECCEnabled = true; ComputeUnits = 132; ClockMhz = 1785.0; Id = "GPU-9696d9cb"; DevicePciBusId = "0000:06:00.0"; Capability = 9.0 ]
	Memory = 2000
...
006 (7223605.007.000) 09/26 23:55:07 Image size of job updated: 3063736
	2992  -  MemoryUsage of job (MB)
	3063720  -  ResidentSetSize of job (KB)
...
006 (7223605.007.000) 09/27 00:00:08 Image size of job updated: 22585984
	21235  -  MemoryUsage of job (MB)
	21744064  -  ResidentSetSize of job (KB)
...
006 (7223605.007.000) 09/27 00:05:09 Image size of job updated: 22706804
	21483  -  MemoryUsage of job (MB)
	21998160  -  ResidentSetSize of job (KB)
...
006 (7223605.007.000) 09/27 00:10:10 Image size of job updated: 23187536
	22519  -  MemoryUsage of job (MB)
	23058704  -  ResidentSetSize of job (KB)
...
006 (7223605.007.000) 09/27 00:15:11 Image size of job updated: 23314588
	22519  -  MemoryUsage of job (MB)
	23058704  -  ResidentSetSize of job (KB)
...
006 (7223605.007.000) 09/27 00:20:10 Image size of job updated: 23611544
	22931  -  MemoryUsage of job (MB)
	23480756  -  ResidentSetSize of job (KB)
...
006 (7223605.007.000) 09/27 00:25:11 Image size of job updated: 23744644
	22931  -  MemoryUsage of job (MB)
	23480756  -  ResidentSetSize of job (KB)
...
006 (7223605.007.000) 09/27 00:30:12 Image size of job updated: 24002352
	23314  -  MemoryUsage of job (MB)
	23873020  -  ResidentSetSize of job (KB)
...
006 (7223605.007.000) 09/27 00:35:13 Image size of job updated: 24115564
	23314  -  MemoryUsage of job (MB)
	23873020  -  ResidentSetSize of job (KB)
...
006 (7223605.007.000) 09/27 00:40:12 Image size of job updated: 24253928
	23678  -  MemoryUsage of job (MB)
	24245260  -  ResidentSetSize of job (KB)
...
006 (7223605.007.000) 09/27 00:45:13 Image size of job updated: 24311596
	23678  -  MemoryUsage of job (MB)
	24245260  -  ResidentSetSize of job (KB)
...
006 (7223605.007.000) 09/27 00:50:14 Image size of job updated: 24399584
	23678  -  MemoryUsage of job (MB)
	24245260  -  ResidentSetSize of job (KB)
...
006 (7223605.007.000) 09/27 01:00:14 Image size of job updated: 24997432
	23678  -  MemoryUsage of job (MB)
	24245260  -  ResidentSetSize of job (KB)
...
006 (7223605.007.000) 09/27 01:10:16 Image size of job updated: 25188892
	24591  -  MemoryUsage of job (MB)
	25180920  -  ResidentSetSize of job (KB)
...
006 (7223605.007.000) 09/27 01:15:16 Image size of job updated: 25309764
	24591  -  MemoryUsage of job (MB)
	25180920  -  ResidentSetSize of job (KB)
...
006 (7223605.007.000) 09/27 01:20:17 Image size of job updated: 25505564
	24591  -  MemoryUsage of job (MB)
	25180920  -  ResidentSetSize of job (KB)
...
006 (7223605.007.000) 09/27 01:25:18 Image size of job updated: 25538628
	24809  -  MemoryUsage of job (MB)
	25403724  -  ResidentSetSize of job (KB)
...
006 (7223605.007.000) 09/27 01:30:19 Image size of job updated: 25710828
	24986  -  MemoryUsage of job (MB)
	25584784  -  ResidentSetSize of job (KB)
...
006 (7223605.007.000) 09/27 01:40:19 Image size of job updated: 26085292
	25322  -  MemoryUsage of job (MB)
	25929576  -  ResidentSetSize of job (KB)
...
006 (7223605.007.000) 09/27 01:45:20 Image size of job updated: 26149768
	25337  -  MemoryUsage of job (MB)
	25944900  -  ResidentSetSize of job (KB)
...
006 (7223605.007.000) 09/27 01:50:21 Image size of job updated: 26379512
	25556  -  MemoryUsage of job (MB)
	26169124  -  ResidentSetSize of job (KB)
...
006 (7223605.007.000) 09/27 01:55:20 Image size of job updated: 26391184
	25556  -  MemoryUsage of job (MB)
	26169124  -  ResidentSetSize of job (KB)
...
006 (7223605.007.000) 09/27 02:00:21 Image size of job updated: 26653864
	25556  -  MemoryUsage of job (MB)
	26169124  -  ResidentSetSize of job (KB)
...
006 (7223605.007.000) 09/27 02:05:22 Image size of job updated: 26769728
	26008  -  MemoryUsage of job (MB)
	26631328  -  ResidentSetSize of job (KB)
...
006 (7223605.007.000) 09/27 02:10:23 Image size of job updated: 26860636
	26008  -  MemoryUsage of job (MB)
	26631328  -  ResidentSetSize of job (KB)
...
006 (7223605.007.000) 09/27 02:15:23 Image size of job updated: 27016520
	26008  -  MemoryUsage of job (MB)
	26631328  -  ResidentSetSize of job (KB)
...
006 (7223605.007.000) 09/27 02:20:22 Image size of job updated: 27042904
	26008  -  MemoryUsage of job (MB)
	26631328  -  ResidentSetSize of job (KB)
...
006 (7223605.007.000) 09/27 02:25:23 Image size of job updated: 27044528
	26008  -  MemoryUsage of job (MB)
	26631328  -  ResidentSetSize of job (KB)
...
006 (7223605.007.000) 09/27 02:30:24 Image size of job updated: 27239788
	26008  -  MemoryUsage of job (MB)
	26631328  -  ResidentSetSize of job (KB)
...
006 (7223605.007.000) 09/27 02:35:25 Image size of job updated: 27553520
	26782  -  MemoryUsage of job (MB)
	27424588  -  ResidentSetSize of job (KB)
...
006 (7223605.007.000) 09/27 02:40:24 Image size of job updated: 27637244
	26863  -  MemoryUsage of job (MB)
	27507676  -  ResidentSetSize of job (KB)
...
006 (7223605.007.000) 09/27 02:45:25 Image size of job updated: 27639348
	26863  -  MemoryUsage of job (MB)
	27507676  -  ResidentSetSize of job (KB)
...
006 (7223605.007.000) 09/27 02:50:26 Image size of job updated: 27966872
	26863  -  MemoryUsage of job (MB)
	27507676  -  ResidentSetSize of job (KB)
...
006 (7223605.007.000) 09/27 03:05:27 Image size of job updated: 27966872
	26873  -  MemoryUsage of job (MB)
	27516932  -  ResidentSetSize of job (KB)
...
006 (7223605.007.000) 09/27 03:10:28 Image size of job updated: 28407896
	26953  -  MemoryUsage of job (MB)
	27598932  -  ResidentSetSize of job (KB)
...
006 (7223605.007.000) 09/27 03:15:29 Image size of job updated: 28407896
	27248  -  MemoryUsage of job (MB)
	27901728  -  ResidentSetSize of job (KB)
...
006 (7223605.007.000) 09/27 03:20:28 Image size of job updated: 28407896
	27322  -  MemoryUsage of job (MB)
	27976988  -  ResidentSetSize of job (KB)
...
006 (7223605.007.000) 09/27 03:25:05 Image size of job updated: 30551648
	27323  -  MemoryUsage of job (MB)
	27978268  -  ResidentSetSize of job (KB)
...
040 (7223605.007.000) 09/27 03:25:06 Started transferring output files
...
040 (7223605.007.000) 09/27 03:25:06 Finished transferring output files
...
005 (7223605.007.000) 09/27 03:25:07 Job terminated.
	(1) Normal termination (return value 0)
		Usr 0 01:57:54, Sys 0 00:35:18  -  Run Remote Usage
		Usr 0 00:00:00, Sys 0 00:00:00  -  Run Local Usage
		Usr 0 01:57:54, Sys 0 00:35:18  -  Total Remote Usage
		Usr 0 00:00:00, Sys 0 00:00:00  -  Total Local Usage
	226284  -  Run Bytes Sent By Job
	1399  -  Run Bytes Received By Job
	226284  -  Total Bytes Sent By Job
	1399  -  Total Bytes Received By Job
	Partitionable Resources :       Usage  Request Allocated Assigned
	   Cpus                 :        1.00        1         1 
	   Disk (KB)            : 22167641           2    790616 
	   Gpus (Average)       :        0.03        1         1 "GPU-9696d9cb"
	   GpusMemory (MB)      :     3778                       
	   Memory (MB)          :    27323        2000      2000 

	Job terminated of its own accord at 2024-09-27T01:25:05Z with exit-code 0.
...
