000 (7187252.006.000) 08/26 07:55:09 Job submitted from host: <137.138.44.55:9618?addrs=137.138.44.55-9618+[2001-1458-d00-1a--48]-9618&alias=bigbird17.cern.ch&noUDP&sock=schedd_23962_8474>
...
040 (7187252.006.000) 08/26 10:08:04 Started transferring input files
	Transferring to host: <128.142.248.94:9618?addrs=128.142.248.94-9618+[2001-1458-301-73--100-14e]-9618&alias=b9g23p2790.cern.ch&noUDP&sock=slot1_10_5757_13c3_10207>
...
040 (7187252.006.000) 08/26 10:08:04 Finished transferring input files
...
001 (7187252.006.000) 08/26 10:08:05 Job executing on host: <128.142.248.94:9618?addrs=128.142.248.94-9618+[2001-1458-301-73--100-14e]-9618&alias=b9g23p2790.cern.ch&noUDP&sock=startd_4576_5577>
	SlotName: slot1_10@b9g23p2790.cern.ch
	CondorScratchDir = "/pool/condor/dir_3904143"
	Cpus = 1
	Disk = 2953796
	Memory = 2000
...
006 (7187252.006.000) 08/26 10:08:14 Image size of job updated: 530064
	303  -  MemoryUsage of job (MB)
	310204  -  ResidentSetSize of job (KB)
...
006 (7187252.006.000) 08/26 10:13:15 Image size of job updated: 4118856
	4023  -  MemoryUsage of job (MB)
	4118856  -  ResidentSetSize of job (KB)
...
006 (7187252.006.000) 08/26 10:18:16 Image size of job updated: 4482120
	4378  -  MemoryUsage of job (MB)
	4482120  -  ResidentSetSize of job (KB)
...
006 (7187252.006.000) 08/26 10:23:16 Image size of job updated: 4846500
	4724  -  MemoryUsage of job (MB)
	4836384  -  ResidentSetSize of job (KB)
...
006 (7187252.006.000) 08/26 10:28:17 Image size of job updated: 5103168
	4949  -  MemoryUsage of job (MB)
	5067228  -  ResidentSetSize of job (KB)
...
006 (7187252.006.000) 08/26 10:33:18 Image size of job updated: 5315184
	5191  -  MemoryUsage of job (MB)
	5315180  -  ResidentSetSize of job (KB)
...
006 (7187252.006.000) 08/26 10:38:18 Image size of job updated: 5663424
	5191  -  MemoryUsage of job (MB)
	5315180  -  ResidentSetSize of job (KB)
...
040 (7187252.006.000) 08/26 10:38:22 Started transferring output files
...
040 (7187252.006.000) 08/26 10:38:23 Finished transferring output files
...
005 (7187252.006.000) 08/26 10:38:23 Job terminated.
	(1) Normal termination (return value 50)
		Usr 0 00:29:29, Sys 0 00:00:36  -  Run Remote Usage
		Usr 0 00:00:00, Sys 0 00:00:00  -  Run Local Usage
		Usr 0 00:29:29, Sys 0 00:00:36  -  Total Remote Usage
		Usr 0 00:00:00, Sys 0 00:00:00  -  Total Local Usage
	16688  -  Run Bytes Sent By Job
	2930  -  Run Bytes Received By Job
	16688  -  Total Bytes Sent By Job
	2930  -  Total Bytes Received By Job
	Partitionable Resources :      Usage  Request Allocated 
	   Cpus                 :       1.00        1         1 
	   Disk (KB)            : 1933270           3   2953796 
	   Memory (MB)          :    5191        2000      2000 

	Job terminated of its own accord at 2024-08-26T08:38:22Z with exit-code 50.
...
