000 (7187252.002.000) 08/26 07:55:09 Job submitted from host: <137.138.44.55:9618?addrs=137.138.44.55-9618+[2001-1458-d00-1a--48]-9618&alias=bigbird17.cern.ch&noUDP&sock=schedd_23962_8474>
...
040 (7187252.002.000) 08/26 10:01:23 Started transferring input files
	Transferring to host: <128.142.248.94:9618?addrs=128.142.248.94-9618+[2001-1458-301-73--100-14e]-9618&alias=b9g23p2790.cern.ch&noUDP&sock=slot1_14_5757_13c3_10201>
...
040 (7187252.002.000) 08/26 10:01:23 Finished transferring input files
...
001 (7187252.002.000) 08/26 10:01:24 Job executing on host: <128.142.248.94:9618?addrs=128.142.248.94-9618+[2001-1458-301-73--100-14e]-9618&alias=b9g23p2790.cern.ch&noUDP&sock=startd_4576_5577>
	SlotName: slot1_14@b9g23p2790.cern.ch
	CondorScratchDir = "/pool/condor/dir_3899908"
	Cpus = 1
	Disk = 2954635
	Memory = 2000
...
006 (7187252.002.000) 08/26 10:01:32 Image size of job updated: 533512
	305  -  MemoryUsage of job (MB)
	311368  -  ResidentSetSize of job (KB)
...
006 (7187252.002.000) 08/26 10:06:32 Image size of job updated: 3447948
	3368  -  MemoryUsage of job (MB)
	3447948  -  ResidentSetSize of job (KB)
...
006 (7187252.002.000) 08/26 10:11:33 Image size of job updated: 3792012
	3704  -  MemoryUsage of job (MB)
	3792012  -  ResidentSetSize of job (KB)
...
006 (7187252.002.000) 08/26 10:16:33 Image size of job updated: 4136412
	4040  -  MemoryUsage of job (MB)
	4136408  -  ResidentSetSize of job (KB)
...
006 (7187252.002.000) 08/26 10:21:33 Image size of job updated: 4451340
	4348  -  MemoryUsage of job (MB)
	4451336  -  ResidentSetSize of job (KB)
...
006 (7187252.002.000) 08/26 10:26:34 Image size of job updated: 4643396
	4528  -  MemoryUsage of job (MB)
	4636568  -  ResidentSetSize of job (KB)
...
006 (7187252.002.000) 08/26 10:31:34 Image size of job updated: 4856700
	4705  -  MemoryUsage of job (MB)
	4817520  -  ResidentSetSize of job (KB)
...
040 (7187252.002.000) 08/26 10:33:19 Started transferring output files
...
040 (7187252.002.000) 08/26 10:33:19 Finished transferring output files
...
005 (7187252.002.000) 08/26 10:33:19 Job terminated.
	(1) Normal termination (return value 50)
		Usr 0 00:31:09, Sys 0 00:00:32  -  Run Remote Usage
		Usr 0 00:00:00, Sys 0 00:00:00  -  Run Local Usage
		Usr 0 00:31:09, Sys 0 00:00:32  -  Total Remote Usage
		Usr 0 00:00:00, Sys 0 00:00:00  -  Total Local Usage
	16692  -  Run Bytes Sent By Job
	2930  -  Run Bytes Received By Job
	16692  -  Total Bytes Sent By Job
	2930  -  Total Bytes Received By Job
	Partitionable Resources :      Usage  Request Allocated 
	   Cpus                 :       0.99        1         1 
	   Disk (KB)            : 1933270           3   2954635 
	   Memory (MB)          :    4705        2000      2000 

	Job terminated of its own accord at 2024-08-26T08:33:19Z with exit-code 50.
...
