000 (7223587.007.000) 09/25 06:46:00 Job submitted from host: <137.138.44.55:9618?addrs=137.138.44.55-9618+[2001-1458-d00-1a--48]-9618&alias=bigbird17.cern.ch&noUDP&sock=schedd_1981_6134>
...
040 (7223587.007.000) 09/25 18:29:28 Started transferring input files
	Transferring to host: <188.185.190.108:9618?addrs=188.185.190.108-9618+[2001-1458-d03-b--100-2ff]-9618&alias=b9pgpun015.cern.ch&noUDP&sock=slot1_2_241727_49ff_27455>
...
040 (7223587.007.000) 09/25 18:29:28 Finished transferring input files
...
001 (7223587.007.000) 09/25 18:29:29 Job executing on host: <188.185.190.108:9618?addrs=188.185.190.108-9618+[2001-1458-d03-b--100-2ff]-9618&alias=b9pgpun015.cern.ch&noUDP&sock=startd_205776_cc7b>
	SlotName: slot1_2@b9pgpun015.cern.ch
	AvailableGPUs = { GPUs_GPU_8419873c }
	CondorScratchDir = "/pool/condor/dir_1498627"
	Cpus = 1
	Disk = 6822370
	GPUs = 1
	GPUs_GPU_8419873c = [ GlobalMemoryMb = 95235; MaxSupportedVersion = 12040; DriverVersion = 12.4; DeviceName = "NVIDIA H100 NVL"; CoresPerCU = 128; ECCEnabled = true; ComputeUnits = 132; ClockMhz = 1785.0; Id = "GPU-8419873c"; Capability = 9.0; DevicePciBusId = "0000:3B:00.0"; DeviceUuid = "8419873c-22dc-83cd-5a57-5735ab9510a1" ]
	Memory = 2000
...
006 (7223587.007.000) 09/25 18:29:38 Image size of job updated: 3410304
	3331  -  MemoryUsage of job (MB)
	3410300  -  ResidentSetSize of job (KB)
...
006 (7223587.007.000) 09/25 18:34:39 Image size of job updated: 21572908
	21054  -  MemoryUsage of job (MB)
	21559140  -  ResidentSetSize of job (KB)
...
006 (7223587.007.000) 09/25 18:39:39 Image size of job updated: 21607032
	21093  -  MemoryUsage of job (MB)
	21598564  -  ResidentSetSize of job (KB)
...
006 (7223587.007.000) 09/25 18:44:40 Image size of job updated: 21684492
	21169  -  MemoryUsage of job (MB)
	21676996  -  ResidentSetSize of job (KB)
...
006 (7223587.007.000) 09/25 18:49:41 Image size of job updated: 21714436
	21189  -  MemoryUsage of job (MB)
	21696656  -  ResidentSetSize of job (KB)
...
006 (7223587.007.000) 09/25 18:54:42 Image size of job updated: 21783508
	21269  -  MemoryUsage of job (MB)
	21778604  -  ResidentSetSize of job (KB)
...
006 (7223587.007.000) 09/25 18:59:41 Image size of job updated: 21808732
	21293  -  MemoryUsage of job (MB)
	21803828  -  ResidentSetSize of job (KB)
...
006 (7223587.007.000) 09/25 19:04:42 Image size of job updated: 21822176
	21308  -  MemoryUsage of job (MB)
	21818632  -  ResidentSetSize of job (KB)
...
006 (7223587.007.000) 09/25 19:09:43 Image size of job updated: 21925336
	21407  -  MemoryUsage of job (MB)
	21920364  -  ResidentSetSize of job (KB)
...
006 (7223587.007.000) 09/25 19:14:44 Image size of job updated: 22083972
	21561  -  MemoryUsage of job (MB)
	22077796  -  ResidentSetSize of job (KB)
...
006 (7223587.007.000) 09/25 19:19:43 Image size of job updated: 22090860
	21573  -  MemoryUsage of job (MB)
	22090348  -  ResidentSetSize of job (KB)
...
006 (7223587.007.000) 09/25 19:24:43 Image size of job updated: 22265700
	21727  -  MemoryUsage of job (MB)
	22248176  -  ResidentSetSize of job (KB)
...
006 (7223587.007.000) 09/25 19:29:44 Image size of job updated: 22456664
	21927  -  MemoryUsage of job (MB)
	22452624  -  ResidentSetSize of job (KB)
...
006 (7223587.007.000) 09/25 19:34:45 Image size of job updated: 22490004
	21958  -  MemoryUsage of job (MB)
	22484372  -  ResidentSetSize of job (KB)
...
006 (7223587.007.000) 09/25 19:39:46 Image size of job updated: 22507880
	21980  -  MemoryUsage of job (MB)
	22506728  -  ResidentSetSize of job (KB)
...
006 (7223587.007.000) 09/25 19:44:47 Image size of job updated: 22579284
	22045  -  MemoryUsage of job (MB)
	22573940  -  ResidentSetSize of job (KB)
...
006 (7223587.007.000) 09/25 19:49:48 Image size of job updated: 22708936
	22165  -  MemoryUsage of job (MB)
	22696824  -  ResidentSetSize of job (KB)
...
006 (7223587.007.000) 09/25 19:54:48 Image size of job updated: 22776076
	22224  -  MemoryUsage of job (MB)
	22757064  -  ResidentSetSize of job (KB)
...
006 (7223587.007.000) 09/25 19:59:48 Image size of job updated: 23081372
	22532  -  MemoryUsage of job (MB)
	23071868  -  ResidentSetSize of job (KB)
...
006 (7223587.007.000) 09/25 20:04:47 Image size of job updated: 23737292
	23101  -  MemoryUsage of job (MB)
	23654704  -  ResidentSetSize of job (KB)
...
006 (7223587.007.000) 09/25 20:09:11 Image size of job updated: 26241212
	23102  -  MemoryUsage of job (MB)
	23655728  -  ResidentSetSize of job (KB)
...
040 (7223587.007.000) 09/25 20:09:12 Started transferring output files
...
040 (7223587.007.000) 09/25 20:09:12 Finished transferring output files
...
005 (7223587.007.000) 09/25 20:09:13 Job terminated.
	(1) Normal termination (return value 50)
		Usr 0 01:38:50, Sys 0 00:13:22  -  Run Remote Usage
		Usr 0 00:00:00, Sys 0 00:00:00  -  Run Local Usage
		Usr 0 01:38:50, Sys 0 00:13:22  -  Total Remote Usage
		Usr 0 00:00:00, Sys 0 00:00:00  -  Total Local Usage
	228868  -  Run Bytes Sent By Job
	1405  -  Run Bytes Received By Job
	228868  -  Total Bytes Sent By Job
	1405  -  Total Bytes Received By Job
	Partitionable Resources :       Usage  Request Allocated Assigned
	   Cpus                 :        0.63        1         1 
	   Disk (KB)            : 22155359           2   6822370 
	   Gpus (Average)       :        0.00        1         1 "GPU-8419873c"
	   GpusMemory (MB)      :      599                       
	   Memory (MB)          :    23102        2000      2000 

	Job terminated of its own accord at 2024-09-25T18:09:11Z with exit-code 50.
...
