000 (7223587.001.000) 09/25 06:46:00 Job submitted from host: <137.138.44.55:9618?addrs=137.138.44.55-9618+[2001-1458-d00-1a--48]-9618&alias=bigbird17.cern.ch&noUDP&sock=schedd_1981_6134>
...
040 (7223587.001.000) 09/25 18:01:07 Started transferring input files
	Transferring to host: <188.185.190.108:9618?addrs=188.185.190.108-9618+[2001-1458-d03-b--100-2ff]-9618&alias=b9pgpun015.cern.ch&noUDP&sock=slot1_4_241727_49ff_27438>
...
040 (7223587.001.000) 09/25 18:01:07 Finished transferring input files
...
001 (7223587.001.000) 09/25 18:01:08 Job executing on host: <188.185.190.108:9618?addrs=188.185.190.108-9618+[2001-1458-d03-b--100-2ff]-9618&alias=b9pgpun015.cern.ch&noUDP&sock=startd_205776_cc7b>
	SlotName: slot1_4@b9pgpun015.cern.ch
	AvailableGPUs = { GPUs_GPU_6c758778 }
	CondorScratchDir = "/pool/condor/dir_1241903"
	Cpus = 1
	Disk = 6822347
	GPUs = 1
	GPUs_GPU_6c758778 = [ GlobalMemoryMb = 95235; MaxSupportedVersion = 12040; DriverVersion = 12.4; DeviceName = "NVIDIA H100 NVL"; CoresPerCU = 128; ECCEnabled = true; ComputeUnits = 132; ClockMhz = 1785.0; Id = "GPU-6c758778"; Capability = 9.0; DevicePciBusId = "0000:AE:00.0"; DeviceUuid = "6c758778-f190-832d-194b-c3fac08a8c33" ]
	Memory = 2000
...
006 (7223587.001.000) 09/25 18:01:17 Image size of job updated: 2893228
	2826  -  MemoryUsage of job (MB)
	2893120  -  ResidentSetSize of job (KB)
...
006 (7223587.001.000) 09/25 18:06:19 Image size of job updated: 21531668
	21026  -  MemoryUsage of job (MB)
	21530444  -  ResidentSetSize of job (KB)
...
006 (7223587.001.000) 09/25 18:11:20 Image size of job updated: 21570528
	21048  -  MemoryUsage of job (MB)
	21552720  -  ResidentSetSize of job (KB)
...
006 (7223587.001.000) 09/25 18:16:21 Image size of job updated: 21644100
	21130  -  MemoryUsage of job (MB)
	21636748  -  ResidentSetSize of job (KB)
...
006 (7223587.001.000) 09/25 18:21:20 Image size of job updated: 21671744
	21159  -  MemoryUsage of job (MB)
	21665928  -  ResidentSetSize of job (KB)
...
006 (7223587.001.000) 09/25 18:26:21 Image size of job updated: 21739924
	21225  -  MemoryUsage of job (MB)
	21733884  -  ResidentSetSize of job (KB)
...
006 (7223587.001.000) 09/25 18:31:22 Image size of job updated: 21760904
	21247  -  MemoryUsage of job (MB)
	21756148  -  ResidentSetSize of job (KB)
...
006 (7223587.001.000) 09/25 18:36:23 Image size of job updated: 21775564
	21263  -  MemoryUsage of job (MB)
	21773088  -  ResidentSetSize of job (KB)
...
006 (7223587.001.000) 09/25 18:41:23 Image size of job updated: 21880908
	21362  -  MemoryUsage of job (MB)
	21874292  -  ResidentSetSize of job (KB)
...
006 (7223587.001.000) 09/25 18:46:24 Image size of job updated: 22044104
	21522  -  MemoryUsage of job (MB)
	22038332  -  ResidentSetSize of job (KB)
...
006 (7223587.001.000) 09/25 18:51:25 Image size of job updated: 22053220
	21535  -  MemoryUsage of job (MB)
	22051024  -  ResidentSetSize of job (KB)
...
006 (7223587.001.000) 09/25 18:56:26 Image size of job updated: 22220528
	21689  -  MemoryUsage of job (MB)
	22208584  -  ResidentSetSize of job (KB)
...
006 (7223587.001.000) 09/25 19:01:26 Image size of job updated: 22416928
	21886  -  MemoryUsage of job (MB)
	22410896  -  ResidentSetSize of job (KB)
...
006 (7223587.001.000) 09/25 19:06:26 Image size of job updated: 22448128
	21919  -  MemoryUsage of job (MB)
	22444764  -  ResidentSetSize of job (KB)
...
006 (7223587.001.000) 09/25 19:11:25 Image size of job updated: 22471600
	21944  -  MemoryUsage of job (MB)
	22469972  -  ResidentSetSize of job (KB)
...
006 (7223587.001.000) 09/25 19:16:25 Image size of job updated: 22543952
	21998  -  MemoryUsage of job (MB)
	22525920  -  ResidentSetSize of job (KB)
...
006 (7223587.001.000) 09/25 19:21:26 Image size of job updated: 22686072
	22137  -  MemoryUsage of job (MB)
	22668256  -  ResidentSetSize of job (KB)
...
006 (7223587.001.000) 09/25 19:26:27 Image size of job updated: 22738564
	22182  -  MemoryUsage of job (MB)
	22713776  -  ResidentSetSize of job (KB)
...
006 (7223587.001.000) 09/25 19:31:28 Image size of job updated: 23115688
	22560  -  MemoryUsage of job (MB)
	23100956  -  ResidentSetSize of job (KB)
...
006 (7223587.001.000) 09/25 19:36:29 Image size of job updated: 23699312
	23090  -  MemoryUsage of job (MB)
	23643496  -  ResidentSetSize of job (KB)
...
006 (7223587.001.000) 09/25 19:40:41 Image size of job updated: 25016588
	23091  -  MemoryUsage of job (MB)
	23644776  -  ResidentSetSize of job (KB)
...
040 (7223587.001.000) 09/25 19:40:42 Started transferring output files
...
040 (7223587.001.000) 09/25 19:40:42 Finished transferring output files
...
005 (7223587.001.000) 09/25 19:40:43 Job terminated.
	(1) Normal termination (return value 50)
		Usr 0 01:38:40, Sys 0 00:13:30  -  Run Remote Usage
		Usr 0 00:00:00, Sys 0 00:00:00  -  Run Local Usage
		Usr 0 01:38:40, Sys 0 00:13:30  -  Total Remote Usage
		Usr 0 00:00:00, Sys 0 00:00:00  -  Total Local Usage
	228867  -  Run Bytes Sent By Job
	1405  -  Run Bytes Received By Job
	228867  -  Total Bytes Sent By Job
	1405  -  Total Bytes Received By Job
	Partitionable Resources :       Usage  Request Allocated Assigned
	   Cpus                 :        1.00        1         1 
	   Disk (KB)            : 22187408           2   6822347 
	   Gpus (Average)       :        0.00        1         1 "GPU-6c758778"
	   GpusMemory (MB)      :      599                       
	   Memory (MB)          :    23091        2000      2000 

	Job terminated of its own accord at 2024-09-25T17:40:41Z with exit-code 50.
...
