000 (7223587.004.000) 09/25 06:46:00 Job submitted from host: <137.138.44.55:9618?addrs=137.138.44.55-9618+[2001-1458-d00-1a--48]-9618&alias=bigbird17.cern.ch&noUDP&sock=schedd_1981_6134>
...
040 (7223587.004.000) 09/25 18:17:41 Started transferring input files
	Transferring to host: <188.185.190.94:9618?addrs=188.185.190.94-9618+[2001-1458-d03-b--100-15]-9618&alias=b9pgpun004.cern.ch&noUDP&sock=slot1_2_1705970_f1b6_17679>
...
040 (7223587.004.000) 09/25 18:17:41 Finished transferring input files
...
001 (7223587.004.000) 09/25 18:17:42 Job executing on host: <188.185.190.94:9618?addrs=188.185.190.94-9618+[2001-1458-d03-b--100-15]-9618&alias=b9pgpun004.cern.ch&noUDP&sock=startd_192842_268b>
	SlotName: slot1_2@b9pgpun004.cern.ch
	AvailableGPUs = { GPUs_GPU_29d335f4 }
	CondorScratchDir = "/pool/condor/dir_3798028"
	Cpus = 1
	Disk = 3433330
	GPUs = 1
	GPUs_GPU_29d335f4 = [ GlobalMemoryMb = 95235; MaxSupportedVersion = 12040; DriverVersion = 12.4; DeviceName = "NVIDIA H100 NVL"; CoresPerCU = 128; ECCEnabled = true; ComputeUnits = 132; ClockMhz = 1785.0; Id = "GPU-29d335f4"; Capability = 9.0; DevicePciBusId = "0000:07:00.0"; DeviceUuid = "29d335f4-82a4-5335-6e31-1a784066a300" ]
	Memory = 2000
...
006 (7223587.004.000) 09/25 18:17:51 Image size of job updated: 3254944
	3179  -  MemoryUsage of job (MB)
	3254904  -  ResidentSetSize of job (KB)
...
006 (7223587.004.000) 09/25 18:22:55 Image size of job updated: 20605684
	20120  -  MemoryUsage of job (MB)
	20602436  -  ResidentSetSize of job (KB)
...
006 (7223587.004.000) 09/25 18:27:56 Image size of job updated: 21374876
	20872  -  MemoryUsage of job (MB)
	21372676  -  ResidentSetSize of job (KB)
...
006 (7223587.004.000) 09/25 18:32:53 Image size of job updated: 21688960
	21177  -  MemoryUsage of job (MB)
	21684396  -  ResidentSetSize of job (KB)
...
006 (7223587.004.000) 09/25 18:37:53 Image size of job updated: 21701132
	21188  -  MemoryUsage of job (MB)
	21695492  -  ResidentSetSize of job (KB)
...
006 (7223587.004.000) 09/25 18:42:54 Image size of job updated: 21776108
	21261  -  MemoryUsage of job (MB)
	21770668  -  ResidentSetSize of job (KB)
...
006 (7223587.004.000) 09/25 18:47:55 Image size of job updated: 21812492
	21296  -  MemoryUsage of job (MB)
	21806680  -  ResidentSetSize of job (KB)
...
006 (7223587.004.000) 09/25 18:52:56 Image size of job updated: 21873692
	21354  -  MemoryUsage of job (MB)
	21865700  -  ResidentSetSize of job (KB)
...
006 (7223587.004.000) 09/25 18:57:57 Image size of job updated: 21901888
	21384  -  MemoryUsage of job (MB)
	21896708  -  ResidentSetSize of job (KB)
...
006 (7223587.004.000) 09/25 19:02:58 Image size of job updated: 21909032
	21392  -  MemoryUsage of job (MB)
	21905344  -  ResidentSetSize of job (KB)
...
006 (7223587.004.000) 09/25 19:07:59 Image size of job updated: 22002056
	21459  -  MemoryUsage of job (MB)
	21973160  -  ResidentSetSize of job (KB)
...
006 (7223587.004.000) 09/25 19:13:00 Image size of job updated: 22172236
	21649  -  MemoryUsage of job (MB)
	22167880  -  ResidentSetSize of job (KB)
...
006 (7223587.004.000) 09/25 19:18:01 Image size of job updated: 22183656
	21660  -  MemoryUsage of job (MB)
	22179276  -  ResidentSetSize of job (KB)
...
006 (7223587.004.000) 09/25 19:23:02 Image size of job updated: 22192972
	21664  -  MemoryUsage of job (MB)
	22183480  -  ResidentSetSize of job (KB)
...
006 (7223587.004.000) 09/25 19:28:03 Image size of job updated: 22474188
	21930  -  MemoryUsage of job (MB)
	22455732  -  ResidentSetSize of job (KB)
...
006 (7223587.004.000) 09/25 19:33:04 Image size of job updated: 22553660
	22019  -  MemoryUsage of job (MB)
	22547012  -  ResidentSetSize of job (KB)
...
006 (7223587.004.000) 09/25 19:38:05 Image size of job updated: 22585840
	22042  -  MemoryUsage of job (MB)
	22570420  -  ResidentSetSize of job (KB)
...
006 (7223587.004.000) 09/25 19:43:06 Image size of job updated: 22605532
	22072  -  MemoryUsage of job (MB)
	22601484  -  ResidentSetSize of job (KB)
...
006 (7223587.004.000) 09/25 19:48:07 Image size of job updated: 22680316
	22136  -  MemoryUsage of job (MB)
	22666368  -  ResidentSetSize of job (KB)
...
006 (7223587.004.000) 09/25 19:53:08 Image size of job updated: 22781848
	22240  -  MemoryUsage of job (MB)
	22773328  -  ResidentSetSize of job (KB)
...
006 (7223587.004.000) 09/25 19:58:09 Image size of job updated: 22877372
	22325  -  MemoryUsage of job (MB)
	22860408  -  ResidentSetSize of job (KB)
...
006 (7223587.004.000) 09/25 20:03:10 Image size of job updated: 23060432
	22500  -  MemoryUsage of job (MB)
	23039956  -  ResidentSetSize of job (KB)
...
006 (7223587.004.000) 09/25 20:08:11 Image size of job updated: 23588944
	23037  -  MemoryUsage of job (MB)
	23588944  -  ResidentSetSize of job (KB)
...
006 (7223587.004.000) 09/25 20:13:12 Image size of job updated: 25402604
	24808  -  MemoryUsage of job (MB)
	25402604  -  ResidentSetSize of job (KB)
...
006 (7223587.004.000) 09/25 20:15:35 Image size of job updated: 25863232
	24810  -  MemoryUsage of job (MB)
	25405164  -  ResidentSetSize of job (KB)
...
040 (7223587.004.000) 09/25 20:15:36 Started transferring output files
...
040 (7223587.004.000) 09/25 20:15:36 Finished transferring output files
...
005 (7223587.004.000) 09/25 20:15:37 Job terminated.
	(1) Normal termination (return value 50)
		Usr 0 01:57:34, Sys 0 01:08:34  -  Run Remote Usage
		Usr 0 00:00:00, Sys 0 00:00:00  -  Run Local Usage
		Usr 0 01:57:34, Sys 0 01:08:34  -  Total Remote Usage
		Usr 0 00:00:00, Sys 0 00:00:00  -  Total Local Usage
	228500  -  Run Bytes Sent By Job
	1405  -  Run Bytes Received By Job
	228500  -  Total Bytes Sent By Job
	1405  -  Total Bytes Received By Job
	Partitionable Resources :       Usage  Request Allocated Assigned
	   Cpus                 :        1.00        1         1 
	   Disk (KB)            : 21875994           2   3433330 
	   Gpus (Average)       :        0.00        1         1 "GPU-29d335f4"
	   GpusMemory (MB)      :      599                       
	   Memory (MB)          :    24810        2000      2000 

	Job terminated of its own accord at 2024-09-25T18:15:35Z with exit-code 50.
...
