000 (7223587.002.000) 09/25 06:46:00 Job submitted from host: <137.138.44.55:9618?addrs=137.138.44.55-9618+[2001-1458-d00-1a--48]-9618&alias=bigbird17.cern.ch&noUDP&sock=schedd_1981_6134>
...
040 (7223587.002.000) 09/25 18:16:14 Started transferring input files
	Transferring to host: <188.185.238.11:9618?addrs=188.185.238.11-9618+[2001-1458-303-28--100-7]-9618&alias=b9pgpun003.cern.ch&noUDP&sock=slot1_2_818830_8f4b_30978>
...
040 (7223587.002.000) 09/25 18:16:14 Finished transferring input files
...
001 (7223587.002.000) 09/25 18:16:15 Job executing on host: <188.185.238.11:9618?addrs=188.185.238.11-9618+[2001-1458-303-28--100-7]-9618&alias=b9pgpun003.cern.ch&noUDP&sock=startd_217080_670c>
	SlotName: slot1_2@b9pgpun003.cern.ch
	AvailableGPUs = { GPUs_GPU_961f99a9 }
	CondorScratchDir = "/pool/condor/dir_2328504"
	Cpus = 1
	Disk = 6821386
	GPUs = 1
	GPUs_GPU_961f99a9 = [ GlobalMemoryMb = 95235; MaxSupportedVersion = 12040; DriverVersion = 12.4; DeviceName = "NVIDIA H100 NVL"; CoresPerCU = 128; ECCEnabled = true; ComputeUnits = 132; ClockMhz = 1785.0; Id = "GPU-961f99a9"; Capability = 9.0; DevicePciBusId = "0000:3B:00.0"; DeviceUuid = "961f99a9-cffc-9470-1648-488d58df1923" ]
	Memory = 2000
...
006 (7223587.002.000) 09/25 18:16:24 Image size of job updated: 2796768
	2731  -  MemoryUsage of job (MB)
	2796000  -  ResidentSetSize of job (KB)
...
006 (7223587.002.000) 09/25 18:21:26 Image size of job updated: 21605672
	21095  -  MemoryUsage of job (MB)
	21600588  -  ResidentSetSize of job (KB)
...
006 (7223587.002.000) 09/25 18:26:27 Image size of job updated: 21676852
	21161  -  MemoryUsage of job (MB)
	21668644  -  ResidentSetSize of job (KB)
...
006 (7223587.002.000) 09/25 18:31:28 Image size of job updated: 21747032
	21229  -  MemoryUsage of job (MB)
	21737980  -  ResidentSetSize of job (KB)
...
006 (7223587.002.000) 09/25 18:36:29 Image size of job updated: 21780324
	21263  -  MemoryUsage of job (MB)
	21773156  -  ResidentSetSize of job (KB)
...
006 (7223587.002.000) 09/25 18:41:30 Image size of job updated: 21841640
	21321  -  MemoryUsage of job (MB)
	21831820  -  ResidentSetSize of job (KB)
...
006 (7223587.002.000) 09/25 18:46:31 Image size of job updated: 21857336
	21341  -  MemoryUsage of job (MB)
	21852336  -  ResidentSetSize of job (KB)
...
006 (7223587.002.000) 09/25 18:51:31 Image size of job updated: 21886312
	21370  -  MemoryUsage of job (MB)
	21881884  -  ResidentSetSize of job (KB)
...
006 (7223587.002.000) 09/25 18:56:30 Image size of job updated: 21989816
	21469  -  MemoryUsage of job (MB)
	21983880  -  ResidentSetSize of job (KB)
...
006 (7223587.002.000) 09/25 19:01:30 Image size of job updated: 22155664
	21634  -  MemoryUsage of job (MB)
	22152924  -  ResidentSetSize of job (KB)
...
006 (7223587.002.000) 09/25 19:06:31 Image size of job updated: 22170520
	21643  -  MemoryUsage of job (MB)
	22161540  -  ResidentSetSize of job (KB)
...
006 (7223587.002.000) 09/25 19:11:32 Image size of job updated: 22263548
	21736  -  MemoryUsage of job (MB)
	22256760  -  ResidentSetSize of job (KB)
...
006 (7223587.002.000) 09/25 19:16:33 Image size of job updated: 22527964
	21995  -  MemoryUsage of job (MB)
	22522640  -  ResidentSetSize of job (KB)
...
006 (7223587.002.000) 09/25 19:21:34 Image size of job updated: 22547056
	22009  -  MemoryUsage of job (MB)
	22536328  -  ResidentSetSize of job (KB)
...
006 (7223587.002.000) 09/25 19:26:35 Image size of job updated: 22584236
	22050  -  MemoryUsage of job (MB)
	22578996  -  ResidentSetSize of job (KB)
...
006 (7223587.002.000) 09/25 19:31:36 Image size of job updated: 22655676
	22118  -  MemoryUsage of job (MB)
	22648416  -  ResidentSetSize of job (KB)
...
006 (7223587.002.000) 09/25 19:36:37 Image size of job updated: 22765528
	22231  -  MemoryUsage of job (MB)
	22764248  -  ResidentSetSize of job (KB)
...
006 (7223587.002.000) 09/25 19:41:37 Image size of job updated: 22853164
	22299  -  MemoryUsage of job (MB)
	22833172  -  ResidentSetSize of job (KB)
...
006 (7223587.002.000) 09/25 19:46:36 Image size of job updated: 23070784
	22530  -  MemoryUsage of job (MB)
	23070280  -  ResidentSetSize of job (KB)
...
006 (7223587.002.000) 09/25 19:51:36 Image size of job updated: 23812028
	23142  -  MemoryUsage of job (MB)
	23697080  -  ResidentSetSize of job (KB)
...
006 (7223587.002.000) 09/25 19:56:37 Image size of job updated: 26315160
	23142  -  MemoryUsage of job (MB)
	23697336  -  ResidentSetSize of job (KB)
...
040 (7223587.002.000) 09/25 19:56:43 Started transferring output files
...
040 (7223587.002.000) 09/25 19:56:43 Finished transferring output files
...
005 (7223587.002.000) 09/25 19:56:44 Job terminated.
	(1) Normal termination (return value 50)
		Usr 0 01:38:54, Sys 0 00:14:22  -  Run Remote Usage
		Usr 0 00:00:00, Sys 0 00:00:00  -  Run Local Usage
		Usr 0 01:38:54, Sys 0 00:14:22  -  Total Remote Usage
		Usr 0 00:00:00, Sys 0 00:00:00  -  Total Local Usage
	228867  -  Run Bytes Sent By Job
	1405  -  Run Bytes Received By Job
	228867  -  Total Bytes Sent By Job
	1405  -  Total Bytes Received By Job
	Partitionable Resources :       Usage  Request Allocated Assigned
	   Cpus                 :        1.00        1         1 
	   Disk (KB)            : 22128847           2   6821386 
	   Gpus (Average)       :        0.00        1         1 "GPU-961f99a9"
	   GpusMemory (MB)      :      599                       
	   Memory (MB)          :    23142        2000      2000 

	Job terminated of its own accord at 2024-09-25T17:56:43Z with exit-code 50.
...
