000 (7216728.005.000) 09/18 03:14:57 Job submitted from host: <137.138.44.55:9618?addrs=137.138.44.55-9618+[2001-1458-d00-1a--48]-9618&alias=bigbird17.cern.ch&noUDP&sock=schedd_1981_6134>
...
040 (7216728.005.000) 09/18 11:34:07 Started transferring input files
	Transferring to host: <128.142.248.218:9618?addrs=128.142.248.218-9618+[2001-1458-301-73--100-d9]-9618&alias=b9g23p2883.cern.ch&noUDP&sock=slot1_56_1412154_fe0a_20878>
...
040 (7216728.005.000) 09/18 11:34:07 Finished transferring input files
...
001 (7216728.005.000) 09/18 11:34:08 Job executing on host: <128.142.248.218:9618?addrs=128.142.248.218-9618+[2001-1458-301-73--100-d9]-9618&alias=b9g23p2883.cern.ch&noUDP&sock=startd_1412115_0387>
	SlotName: slot1_56@b9g23p2883.cern.ch
	CondorScratchDir = "/pool/condor/dir_3021147"
	Cpus = 1
	Disk = 3024698
	Memory = 2000
...
006 (7216728.005.000) 09/18 11:34:17 Image size of job updated: 468260
	458  -  MemoryUsage of job (MB)
	468164  -  ResidentSetSize of job (KB)
...
006 (7216728.005.000) 09/18 11:39:17 Image size of job updated: 1744872
	1440  -  MemoryUsage of job (MB)
	1474508  -  ResidentSetSize of job (KB)
...
006 (7216728.005.000) 09/18 11:44:17 Image size of job updated: 1744872
	1476  -  MemoryUsage of job (MB)
	1510736  -  ResidentSetSize of job (KB)
...
006 (7216728.005.000) 09/18 11:49:17 Image size of job updated: 1744872
	1486  -  MemoryUsage of job (MB)
	1521400  -  ResidentSetSize of job (KB)
...
006 (7216728.005.000) 09/18 11:54:17 Image size of job updated: 1744872
	1595  -  MemoryUsage of job (MB)
	1632700  -  ResidentSetSize of job (KB)
...
006 (7216728.005.000) 09/18 11:59:17 Image size of job updated: 1744872
	1693  -  MemoryUsage of job (MB)
	1732820  -  ResidentSetSize of job (KB)
...
006 (7216728.005.000) 09/18 12:04:17 Image size of job updated: 1761688
	1712  -  MemoryUsage of job (MB)
	1752464  -  ResidentSetSize of job (KB)
...
006 (7216728.005.000) 09/18 12:09:18 Image size of job updated: 1774884
	1727  -  MemoryUsage of job (MB)
	1767816  -  ResidentSetSize of job (KB)
...
006 (7216728.005.000) 09/18 12:14:19 Image size of job updated: 1797308
	1750  -  MemoryUsage of job (MB)
	1791112  -  ResidentSetSize of job (KB)
...
006 (7216728.005.000) 09/18 12:19:20 Image size of job updated: 1827400
	1776  -  MemoryUsage of job (MB)
	1818444  -  ResidentSetSize of job (KB)
...
006 (7216728.005.000) 09/18 12:24:21 Image size of job updated: 1833104
	1785  -  MemoryUsage of job (MB)
	1827312  -  ResidentSetSize of job (KB)
...
006 (7216728.005.000) 09/18 12:29:22 Image size of job updated: 1887580
	1837  -  MemoryUsage of job (MB)
	1880076  -  ResidentSetSize of job (KB)
...
006 (7216728.005.000) 09/18 12:34:22 Image size of job updated: 1974140
	1914  -  MemoryUsage of job (MB)
	1959396  -  ResidentSetSize of job (KB)
...
006 (7216728.005.000) 09/18 12:39:23 Image size of job updated: 1992932
	1938  -  MemoryUsage of job (MB)
	1984016  -  ResidentSetSize of job (KB)
...
006 (7216728.005.000) 09/18 13:24:26 Image size of job updated: 2039184
	1987  -  MemoryUsage of job (MB)
	2034492  -  ResidentSetSize of job (KB)
...
006 (7216728.005.000) 09/18 13:29:26 Image size of job updated: 2137452
	2069  -  MemoryUsage of job (MB)
	2118576  -  ResidentSetSize of job (KB)
...
006 (7216728.005.000) 09/18 13:34:26 Image size of job updated: 2193276
	2134  -  MemoryUsage of job (MB)
	2184408  -  ResidentSetSize of job (KB)
...
006 (7216728.005.000) 09/18 13:39:26 Image size of job updated: 2250912
	2168  -  MemoryUsage of job (MB)
	2219260  -  ResidentSetSize of job (KB)
...
006 (7216728.005.000) 09/18 13:44:26 Image size of job updated: 2333972
	2263  -  MemoryUsage of job (MB)
	2316652  -  ResidentSetSize of job (KB)
...
006 (7216728.005.000) 09/18 13:49:26 Image size of job updated: 2509564
	2436  -  MemoryUsage of job (MB)
	2493796  -  ResidentSetSize of job (KB)
...
006 (7216728.005.000) 09/18 13:54:26 Image size of job updated: 2625304
	2551  -  MemoryUsage of job (MB)
	2611368  -  ResidentSetSize of job (KB)
...
006 (7216728.005.000) 09/18 13:59:26 Image size of job updated: 2929336
	2861  -  MemoryUsage of job (MB)
	2929336  -  ResidentSetSize of job (KB)
...
006 (7216728.005.000) 09/18 14:04:26 Image size of job updated: 3045328
	2864  -  MemoryUsage of job (MB)
	2932252  -  ResidentSetSize of job (KB)
...
006 (7216728.005.000) 09/18 14:09:26 Image size of job updated: 4827216
	4715  -  MemoryUsage of job (MB)
	4827212  -  ResidentSetSize of job (KB)
...
006 (7216728.005.000) 09/18 14:14:27 Image size of job updated: 5099240
	4980  -  MemoryUsage of job (MB)
	5099020  -  ResidentSetSize of job (KB)
...
006 (7216728.005.000) 09/18 14:19:28 Image size of job updated: 5367856
	5242  -  MemoryUsage of job (MB)
	5367636  -  ResidentSetSize of job (KB)
...
006 (7216728.005.000) 09/18 14:23:04 Image size of job updated: 5537572
	5243  -  MemoryUsage of job (MB)
	5368144  -  ResidentSetSize of job (KB)
...
040 (7216728.005.000) 09/18 14:23:05 Started transferring output files
...
040 (7216728.005.000) 09/18 14:23:05 Finished transferring output files
...
005 (7216728.005.000) 09/18 14:23:05 Job terminated.
	(1) Normal termination (return value 50)
		Usr 0 02:39:26, Sys 0 00:05:12  -  Run Remote Usage
		Usr 0 00:00:00, Sys 0 00:00:00  -  Run Local Usage
		Usr 0 02:39:26, Sys 0 00:05:12  -  Total Remote Usage
		Usr 0 00:00:00, Sys 0 00:00:00  -  Total Local Usage
	17993  -  Run Bytes Sent By Job
	2945  -  Run Bytes Received By Job
	17993  -  Total Bytes Sent By Job
	2945  -  Total Bytes Received By Job
	Partitionable Resources :      Usage  Request Allocated 
	   Cpus                 :       0.98        1         1 
	   Disk (KB)            : 3180611           3   3024698 
	   Memory (MB)          :    5243        2000      2000 

	Job terminated of its own accord at 2024-09-18T12:23:04Z with exit-code 50.
...
