000 (7216728.006.000) 09/18 03:14:57 Job submitted from host: <137.138.44.55:9618?addrs=137.138.44.55-9618+[2001-1458-d00-1a--48]-9618&alias=bigbird17.cern.ch&noUDP&sock=schedd_1981_6134>
...
040 (7216728.006.000) 09/18 11:34:27 Started transferring input files
	Transferring to host: <128.142.248.218:9618?addrs=128.142.248.218-9618+[2001-1458-301-73--100-d9]-9618&alias=b9g23p2883.cern.ch&noUDP&sock=slot1_1_1412154_fe0a_20879>
...
040 (7216728.006.000) 09/18 11:34:28 Finished transferring input files
...
001 (7216728.006.000) 09/18 11:34:29 Job executing on host: <128.142.248.218:9618?addrs=128.142.248.218-9618+[2001-1458-301-73--100-d9]-9618&alias=b9g23p2883.cern.ch&noUDP&sock=startd_1412115_0387>
	SlotName: slot1_1@b9g23p2883.cern.ch
	CondorScratchDir = "/pool/condor/dir_3158809"
	Cpus = 1
	Disk = 3025037
	Memory = 2000
...
006 (7216728.006.000) 09/18 11:34:37 Image size of job updated: 461504
	451  -  MemoryUsage of job (MB)
	461176  -  ResidentSetSize of job (KB)
...
006 (7216728.006.000) 09/18 11:39:38 Image size of job updated: 1755024
	1434  -  MemoryUsage of job (MB)
	1468160  -  ResidentSetSize of job (KB)
...
006 (7216728.006.000) 09/18 11:44:38 Image size of job updated: 1755024
	1465  -  MemoryUsage of job (MB)
	1499176  -  ResidentSetSize of job (KB)
...
006 (7216728.006.000) 09/18 11:49:39 Image size of job updated: 1755024
	1492  -  MemoryUsage of job (MB)
	1527092  -  ResidentSetSize of job (KB)
...
006 (7216728.006.000) 09/18 11:54:40 Image size of job updated: 1755024
	1542  -  MemoryUsage of job (MB)
	1578976  -  ResidentSetSize of job (KB)
...
006 (7216728.006.000) 09/18 11:59:40 Image size of job updated: 1755024
	1606  -  MemoryUsage of job (MB)
	1643868  -  ResidentSetSize of job (KB)
...
006 (7216728.006.000) 09/18 12:04:40 Image size of job updated: 1755024
	1623  -  MemoryUsage of job (MB)
	1661952  -  ResidentSetSize of job (KB)
...
006 (7216728.006.000) 09/18 12:09:40 Image size of job updated: 1755024
	1624  -  MemoryUsage of job (MB)
	1662208  -  ResidentSetSize of job (KB)
...
006 (7216728.006.000) 09/18 12:14:40 Image size of job updated: 1755024
	1663  -  MemoryUsage of job (MB)
	1702832  -  ResidentSetSize of job (KB)
...
006 (7216728.006.000) 09/18 12:19:40 Image size of job updated: 1755024
	1689  -  MemoryUsage of job (MB)
	1728824  -  ResidentSetSize of job (KB)
...
006 (7216728.006.000) 09/18 12:24:40 Image size of job updated: 1755024
	1698  -  MemoryUsage of job (MB)
	1738316  -  ResidentSetSize of job (KB)
...
006 (7216728.006.000) 09/18 12:29:40 Image size of job updated: 1797180
	1738  -  MemoryUsage of job (MB)
	1779572  -  ResidentSetSize of job (KB)
...
006 (7216728.006.000) 09/18 12:34:40 Image size of job updated: 1886000
	1827  -  MemoryUsage of job (MB)
	1870096  -  ResidentSetSize of job (KB)
...
006 (7216728.006.000) 09/18 12:39:41 Image size of job updated: 1893760
	1832  -  MemoryUsage of job (MB)
	1875748  -  ResidentSetSize of job (KB)
...
006 (7216728.006.000) 09/18 12:49:43 Image size of job updated: 1901420
	1832  -  MemoryUsage of job (MB)
	1875748  -  ResidentSetSize of job (KB)
...
006 (7216728.006.000) 09/18 13:24:50 Image size of job updated: 2021352
	1963  -  MemoryUsage of job (MB)
	2009744  -  ResidentSetSize of job (KB)
...
006 (7216728.006.000) 09/18 13:29:50 Image size of job updated: 2096544
	2048  -  MemoryUsage of job (MB)
	2096544  -  ResidentSetSize of job (KB)
...
006 (7216728.006.000) 09/18 13:34:51 Image size of job updated: 2176652
	2118  -  MemoryUsage of job (MB)
	2168352  -  ResidentSetSize of job (KB)
...
006 (7216728.006.000) 09/18 13:39:52 Image size of job updated: 2231928
	2167  -  MemoryUsage of job (MB)
	2218016  -  ResidentSetSize of job (KB)
...
006 (7216728.006.000) 09/18 13:44:53 Image size of job updated: 2311908
	2239  -  MemoryUsage of job (MB)
	2292412  -  ResidentSetSize of job (KB)
...
006 (7216728.006.000) 09/18 13:49:54 Image size of job updated: 2471808
	2396  -  MemoryUsage of job (MB)
	2453432  -  ResidentSetSize of job (KB)
...
006 (7216728.006.000) 09/18 13:54:54 Image size of job updated: 2595068
	2530  -  MemoryUsage of job (MB)
	2590312  -  ResidentSetSize of job (KB)
...
006 (7216728.006.000) 09/18 13:59:54 Image size of job updated: 2827092
	2756  -  MemoryUsage of job (MB)
	2821268  -  ResidentSetSize of job (KB)
...
006 (7216728.006.000) 09/18 14:04:54 Image size of job updated: 2966736
	2757  -  MemoryUsage of job (MB)
	2822860  -  ResidentSetSize of job (KB)
...
006 (7216728.006.000) 09/18 14:09:54 Image size of job updated: 2966736
	2824  -  MemoryUsage of job (MB)
	2891560  -  ResidentSetSize of job (KB)
...
006 (7216728.006.000) 09/18 14:14:54 Image size of job updated: 4061552
	3967  -  MemoryUsage of job (MB)
	4061552  -  ResidentSetSize of job (KB)
...
006 (7216728.006.000) 09/18 14:19:54 Image size of job updated: 4327836
	4227  -  MemoryUsage of job (MB)
	4327612  -  ResidentSetSize of job (KB)
...
006 (7216728.006.000) 09/18 14:24:08 Image size of job updated: 4529880
	4227  -  MemoryUsage of job (MB)
	4328048  -  ResidentSetSize of job (KB)
...
040 (7216728.006.000) 09/18 14:24:08 Started transferring output files
...
040 (7216728.006.000) 09/18 14:24:08 Finished transferring output files
...
005 (7216728.006.000) 09/18 14:24:08 Job terminated.
	(1) Normal termination (return value 50)
		Usr 0 02:39:38, Sys 0 00:05:13  -  Run Remote Usage
		Usr 0 00:00:00, Sys 0 00:00:00  -  Run Local Usage
		Usr 0 02:39:38, Sys 0 00:05:13  -  Total Remote Usage
		Usr 0 00:00:00, Sys 0 00:00:00  -  Total Local Usage
	18000  -  Run Bytes Sent By Job
	2945  -  Run Bytes Received By Job
	18000  -  Total Bytes Sent By Job
	2945  -  Total Bytes Received By Job
	Partitionable Resources :      Usage  Request Allocated 
	   Cpus                 :       0.98        1         1 
	   Disk (KB)            : 3178993           3   3025037 
	   Memory (MB)          :    4227        2000      2000 

	Job terminated of its own accord at 2024-09-18T12:24:08Z with exit-code 50.
...
