000 (7217095.006.000) 09/19 08:41:49 Job submitted from host: <137.138.44.55:9618?addrs=137.138.44.55-9618+[2001-1458-d00-1a--48]-9618&alias=bigbird17.cern.ch&noUDP&sock=schedd_1981_6134>
...
040 (7217095.006.000) 09/19 08:44:25 Started transferring input files
	Transferring to host: <188.185.198.111:9618?addrs=188.185.198.111-9618+[2001-1458-303-25--100-6b]-9618&alias=b9p15p4924.cern.ch&noUDP&sock=slot1_2_11906_9a9d_39245>
...
040 (7217095.006.000) 09/19 08:44:25 Finished transferring input files
...
001 (7217095.006.000) 09/19 08:44:26 Job executing on host: <188.185.198.111:9618?addrs=188.185.198.111-9618+[2001-1458-303-25--100-6b]-9618&alias=b9p15p4924.cern.ch&noUDP&sock=startd_11856_ceef>
	SlotName: slot1_2@b9p15p4924.cern.ch
	CondorScratchDir = "/pool/condor/dir_2840590"
	Cpus = 1
	Disk = 3194983
	Memory = 2000
...
006 (7217095.006.000) 09/19 08:44:35 Image size of job updated: 2101196
	2052  -  MemoryUsage of job (MB)
	2101152  -  ResidentSetSize of job (KB)
...
006 (7217095.006.000) 09/19 08:49:37 Image size of job updated: 12292924
	10888  -  MemoryUsage of job (MB)
	11148860  -  ResidentSetSize of job (KB)
...
006 (7217095.006.000) 09/19 08:54:37 Image size of job updated: 12292924
	11089  -  MemoryUsage of job (MB)
	11354864  -  ResidentSetSize of job (KB)
...
022 (7217095.006.000) 09/19 19:13:53 Job disconnected, attempting to reconnect
    Socket between submit and execute hosts closed unexpectedly
    Trying to reconnect to slot1_2@b9p15p4924.cern.ch <188.185.198.111:9618?addrs=188.185.198.111-9618+[2001-1458-303-25--100-6b]-9618&alias=b9p15p4924.cern.ch&noUDP&sock=startd_11856_ceef>
...
024 (7217095.006.000) 09/19 20:43:53 Job reconnection failed
    Job disconnected too long: JobLeaseDuration (5400 seconds) expired
    Can not reconnect to slot1_2@b9p15p4924.cern.ch, rescheduling job
...
040 (7217095.006.000) 09/19 22:44:15 Started transferring input files
	Transferring to host: <128.142.248.123:9618?addrs=128.142.248.123-9618+[2001-1458-301-73--100-16b]-9618&alias=b9g23p2657.cern.ch&noUDP&sock=slot1_19_443391_d207_22431>
...
040 (7217095.006.000) 09/19 22:44:15 Finished transferring input files
...
001 (7217095.006.000) 09/19 22:44:16 Job executing on host: <128.142.248.123:9618?addrs=128.142.248.123-9618+[2001-1458-301-73--100-16b]-9618&alias=b9g23p2657.cern.ch&noUDP&sock=startd_7091_6a27>
	SlotName: slot1_19@b9g23p2657.cern.ch
	CondorScratchDir = "/pool/condor/dir_3312245"
	Cpus = 1
	Disk = 18223042
	Memory = 2000
...
006 (7217095.006.000) 09/19 22:49:27 Image size of job updated: 14657096
	14300  -  MemoryUsage of job (MB)
	14643060  -  ResidentSetSize of job (KB)
...
006 (7217095.006.000) 09/19 22:54:28 Image size of job updated: 15485372
	15118  -  MemoryUsage of job (MB)
	15479888  -  ResidentSetSize of job (KB)
...
006 (7217095.006.000) 09/19 22:59:28 Image size of job updated: 15485372
	15118  -  MemoryUsage of job (MB)
	15480268  -  ResidentSetSize of job (KB)
...
006 (7217095.006.000) 09/19 23:04:28 Image size of job updated: 15487612
	15120  -  MemoryUsage of job (MB)
	15482632  -  ResidentSetSize of job (KB)
...
006 (7217095.006.000) 09/19 23:09:27 Image size of job updated: 15489384
	15121  -  MemoryUsage of job (MB)
	15483840  -  ResidentSetSize of job (KB)
...
006 (7217095.006.000) 09/19 23:14:28 Image size of job updated: 15491308
	15123  -  MemoryUsage of job (MB)
	15484964  -  ResidentSetSize of job (KB)
...
006 (7217095.006.000) 09/19 23:19:28 Image size of job updated: 15492480
	15124  -  MemoryUsage of job (MB)
	15486008  -  ResidentSetSize of job (KB)
...
006 (7217095.006.000) 09/19 23:24:28 Image size of job updated: 15492480
	15125  -  MemoryUsage of job (MB)
	15487116  -  ResidentSetSize of job (KB)
...
006 (7217095.006.000) 09/19 23:29:29 Image size of job updated: 15494244
	15126  -  MemoryUsage of job (MB)
	15488464  -  ResidentSetSize of job (KB)
...
006 (7217095.006.000) 09/20 01:14:39 Image size of job updated: 15494244
	15127  -  MemoryUsage of job (MB)
	15489240  -  ResidentSetSize of job (KB)
...
006 (7217095.006.000) 09/20 01:19:39 Image size of job updated: 15494244
	15127  -  MemoryUsage of job (MB)
	15489560  -  ResidentSetSize of job (KB)
...
006 (7217095.006.000) 09/20 01:24:41 Image size of job updated: 15495400
	15128  -  MemoryUsage of job (MB)
	15490764  -  ResidentSetSize of job (KB)
...
006 (7217095.006.000) 09/20 01:29:41 Image size of job updated: 15495672
	15128  -  MemoryUsage of job (MB)
	15490776  -  ResidentSetSize of job (KB)
...
006 (7217095.006.000) 09/20 01:34:41 Image size of job updated: 15495672
	15129  -  MemoryUsage of job (MB)
	15491540  -  ResidentSetSize of job (KB)
...
006 (7217095.006.000) 09/20 01:39:41 Image size of job updated: 15498220
	15130  -  MemoryUsage of job (MB)
	15492916  -  ResidentSetSize of job (KB)
...
006 (7217095.006.000) 09/20 01:44:42 Image size of job updated: 15498324
	15130  -  MemoryUsage of job (MB)
	15492916  -  ResidentSetSize of job (KB)
...
006 (7217095.006.000) 09/20 01:49:43 Image size of job updated: 15501472
	15134  -  MemoryUsage of job (MB)
	15496600  -  ResidentSetSize of job (KB)
...
006 (7217095.006.000) 09/20 01:54:43 Image size of job updated: 15501472
	15134  -  MemoryUsage of job (MB)
	15497148  -  ResidentSetSize of job (KB)
...
006 (7217095.006.000) 09/20 01:59:43 Image size of job updated: 15501756
	15135  -  MemoryUsage of job (MB)
	15497428  -  ResidentSetSize of job (KB)
...
006 (7217095.006.000) 09/20 02:09:44 Image size of job updated: 15505516
	15137  -  MemoryUsage of job (MB)
	15499440  -  ResidentSetSize of job (KB)
...
006 (7217095.006.000) 09/20 02:14:45 Image size of job updated: 15505516
	15137  -  MemoryUsage of job (MB)
	15499448  -  ResidentSetSize of job (KB)
...
006 (7217095.006.000) 09/20 02:24:46 Image size of job updated: 15506156
	15137  -  MemoryUsage of job (MB)
	15499448  -  ResidentSetSize of job (KB)
...
006 (7217095.006.000) 09/20 02:34:46 Image size of job updated: 15508568
	15138  -  MemoryUsage of job (MB)
	15500920  -  ResidentSetSize of job (KB)
...
006 (7217095.006.000) 09/20 02:39:47 Image size of job updated: 15508568
	15139  -  MemoryUsage of job (MB)
	15501612  -  ResidentSetSize of job (KB)
...
006 (7217095.006.000) 09/20 02:44:47 Image size of job updated: 15508568
	15140  -  MemoryUsage of job (MB)
	15502344  -  ResidentSetSize of job (KB)
...
006 (7217095.006.000) 09/20 02:49:48 Image size of job updated: 15509764
	15141  -  MemoryUsage of job (MB)
	15503508  -  ResidentSetSize of job (KB)
...
006 (7217095.006.000) 09/20 02:54:48 Image size of job updated: 15513180
	15142  -  MemoryUsage of job (MB)
	15505196  -  ResidentSetSize of job (KB)
...
006 (7217095.006.000) 09/20 02:59:48 Image size of job updated: 15513180
	15143  -  MemoryUsage of job (MB)
	15505512  -  ResidentSetSize of job (KB)
...
006 (7217095.006.000) 09/20 03:04:49 Image size of job updated: 15513352
	15144  -  MemoryUsage of job (MB)
	15506768  -  ResidentSetSize of job (KB)
...
006 (7217095.006.000) 09/20 03:09:49 Image size of job updated: 15513352
	15144  -  MemoryUsage of job (MB)
	15507208  -  ResidentSetSize of job (KB)
...
006 (7217095.006.000) 09/20 03:14:50 Image size of job updated: 15514484
	15145  -  MemoryUsage of job (MB)
	15507996  -  ResidentSetSize of job (KB)
...
006 (7217095.006.000) 09/20 03:19:51 Image size of job updated: 15518148
	15147  -  MemoryUsage of job (MB)
	15510076  -  ResidentSetSize of job (KB)
...
006 (7217095.006.000) 09/20 03:24:53 Image size of job updated: 15522636
	15149  -  MemoryUsage of job (MB)
	15511740  -  ResidentSetSize of job (KB)
...
006 (7217095.006.000) 09/20 03:29:54 Image size of job updated: 15522636
	15149  -  MemoryUsage of job (MB)
	15512188  -  ResidentSetSize of job (KB)
...
006 (7217095.006.000) 09/20 03:34:54 Image size of job updated: 15522636
	15151  -  MemoryUsage of job (MB)
	15514192  -  ResidentSetSize of job (KB)
...
006 (7217095.006.000) 09/20 03:39:56 Image size of job updated: 15522636
	15152  -  MemoryUsage of job (MB)
	15514892  -  ResidentSetSize of job (KB)
...
006 (7217095.006.000) 09/20 03:44:56 Image size of job updated: 15526684
	15154  -  MemoryUsage of job (MB)
	15517040  -  ResidentSetSize of job (KB)
...
006 (7217095.006.000) 09/20 03:49:58 Image size of job updated: 15526684
	15154  -  MemoryUsage of job (MB)
	15517236  -  ResidentSetSize of job (KB)
...
006 (7217095.006.000) 09/20 03:54:58 Image size of job updated: 15526684
	15154  -  MemoryUsage of job (MB)
	15517352  -  ResidentSetSize of job (KB)
...
006 (7217095.006.000) 09/20 03:59:59 Image size of job updated: 15526684
	15157  -  MemoryUsage of job (MB)
	15519828  -  ResidentSetSize of job (KB)
...
006 (7217095.006.000) 09/20 04:04:59 Image size of job updated: 15526684
	15157  -  MemoryUsage of job (MB)
	15520640  -  ResidentSetSize of job (KB)
...
006 (7217095.006.000) 09/20 04:10:00 Image size of job updated: 15526684
	15157  -  MemoryUsage of job (MB)
	15520712  -  ResidentSetSize of job (KB)
...
006 (7217095.006.000) 09/20 04:15:00 Image size of job updated: 15535784
	15161  -  MemoryUsage of job (MB)
	15524740  -  ResidentSetSize of job (KB)
...
006 (7217095.006.000) 09/20 04:20:01 Image size of job updated: 15535784
	15163  -  MemoryUsage of job (MB)
	15526144  -  ResidentSetSize of job (KB)
...
006 (7217095.006.000) 09/20 04:25:02 Image size of job updated: 15535784
	15164  -  MemoryUsage of job (MB)
	15527916  -  ResidentSetSize of job (KB)
...
006 (7217095.006.000) 09/20 04:30:03 Image size of job updated: 15535784
	15165  -  MemoryUsage of job (MB)
	15528900  -  ResidentSetSize of job (KB)
...
006 (7217095.006.000) 09/20 04:35:04 Image size of job updated: 15536012
	15166  -  MemoryUsage of job (MB)
	15529864  -  ResidentSetSize of job (KB)
...
006 (7217095.006.000) 09/20 04:40:04 Image size of job updated: 15536012
	15167  -  MemoryUsage of job (MB)
	15531000  -  ResidentSetSize of job (KB)
...
006 (7217095.006.000) 09/20 04:45:05 Image size of job updated: 15536172
	15167  -  MemoryUsage of job (MB)
	15531000  -  ResidentSetSize of job (KB)
...
006 (7217095.006.000) 09/20 04:50:06 Image size of job updated: 15537468
	15168  -  MemoryUsage of job (MB)
	15531612  -  ResidentSetSize of job (KB)
...
006 (7217095.006.000) 09/20 04:55:07 Image size of job updated: 15539252
	15169  -  MemoryUsage of job (MB)
	15532712  -  ResidentSetSize of job (KB)
...
006 (7217095.006.000) 09/20 05:00:07 Image size of job updated: 15539252
	15169  -  MemoryUsage of job (MB)
	15532928  -  ResidentSetSize of job (KB)
...
006 (7217095.006.000) 09/20 05:05:06 Image size of job updated: 15542364
	15171  -  MemoryUsage of job (MB)
	15534656  -  ResidentSetSize of job (KB)
...
006 (7217095.006.000) 09/20 05:10:07 Image size of job updated: 15542364
	15172  -  MemoryUsage of job (MB)
	15535296  -  ResidentSetSize of job (KB)
...
006 (7217095.006.000) 09/20 05:15:08 Image size of job updated: 15542364
	15173  -  MemoryUsage of job (MB)
	15536868  -  ResidentSetSize of job (KB)
...
006 (7217095.006.000) 09/20 05:20:08 Image size of job updated: 15545644
	15174  -  MemoryUsage of job (MB)
	15537204  -  ResidentSetSize of job (KB)
...
006 (7217095.006.000) 09/20 05:25:08 Image size of job updated: 15545644
	15174  -  MemoryUsage of job (MB)
	15538172  -  ResidentSetSize of job (KB)
...
006 (7217095.006.000) 09/20 05:30:09 Image size of job updated: 15546032
	15175  -  MemoryUsage of job (MB)
	15538372  -  ResidentSetSize of job (KB)
...
006 (7217095.006.000) 09/20 05:35:09 Image size of job updated: 15546032
	15175  -  MemoryUsage of job (MB)
	15538612  -  ResidentSetSize of job (KB)
...
006 (7217095.006.000) 09/20 05:40:10 Image size of job updated: 15546032
	15176  -  MemoryUsage of job (MB)
	15539636  -  ResidentSetSize of job (KB)
...
006 (7217095.006.000) 09/20 05:45:10 Image size of job updated: 15550280
	15177  -  MemoryUsage of job (MB)
	15541244  -  ResidentSetSize of job (KB)
...
006 (7217095.006.000) 09/20 05:50:10 Image size of job updated: 15550280
	15178  -  MemoryUsage of job (MB)
	15542168  -  ResidentSetSize of job (KB)
...
006 (7217095.006.000) 09/20 05:55:11 Image size of job updated: 15551088
	15179  -  MemoryUsage of job (MB)
	15543240  -  ResidentSetSize of job (KB)
...
006 (7217095.006.000) 09/20 06:00:12 Image size of job updated: 15551088
	15180  -  MemoryUsage of job (MB)
	15543828  -  ResidentSetSize of job (KB)
...
006 (7217095.006.000) 09/20 06:05:12 Image size of job updated: 15552044
	15180  -  MemoryUsage of job (MB)
	15543992  -  ResidentSetSize of job (KB)
...
006 (7217095.006.000) 09/20 06:10:13 Image size of job updated: 15552044
	15185  -  MemoryUsage of job (MB)
	15548884  -  ResidentSetSize of job (KB)
...
006 (7217095.006.000) 09/20 06:15:14 Image size of job updated: 15552520
	15185  -  MemoryUsage of job (MB)
	15548884  -  ResidentSetSize of job (KB)
...
006 (7217095.006.000) 09/20 06:25:15 Image size of job updated: 15552520
	15188  -  MemoryUsage of job (MB)
	15551704  -  ResidentSetSize of job (KB)
...
006 (7217095.006.000) 09/20 06:40:15 Image size of job updated: 15553556
	15188  -  MemoryUsage of job (MB)
	15551704  -  ResidentSetSize of job (KB)
...
006 (7217095.006.000) 09/20 06:55:18 Image size of job updated: 15556868
	15188  -  MemoryUsage of job (MB)
	15551704  -  ResidentSetSize of job (KB)
...
006 (7217095.006.000) 09/20 07:10:19 Image size of job updated: 15560880
	15190  -  MemoryUsage of job (MB)
	15554244  -  ResidentSetSize of job (KB)
...
006 (7217095.006.000) 09/20 07:15:20 Image size of job updated: 15564812
	15194  -  MemoryUsage of job (MB)
	15558248  -  ResidentSetSize of job (KB)
...
006 (7217095.006.000) 09/20 07:20:20 Image size of job updated: 15566204
	15197  -  MemoryUsage of job (MB)
	15561352  -  ResidentSetSize of job (KB)
...
006 (7217095.006.000) 09/20 07:25:21 Image size of job updated: 15570964
	15201  -  MemoryUsage of job (MB)
	15564824  -  ResidentSetSize of job (KB)
...
006 (7217095.006.000) 09/20 07:30:22 Image size of job updated: 15570968
	15202  -  MemoryUsage of job (MB)
	15566168  -  ResidentSetSize of job (KB)
...
006 (7217095.006.000) 09/20 07:35:22 Image size of job updated: 15571884
	15204  -  MemoryUsage of job (MB)
	15568468  -  ResidentSetSize of job (KB)
...
006 (7217095.006.000) 09/20 07:40:24 Image size of job updated: 15573612
	15206  -  MemoryUsage of job (MB)
	15570776  -  ResidentSetSize of job (KB)
...
006 (7217095.006.000) 09/20 07:45:24 Image size of job updated: 15577956
	15207  -  MemoryUsage of job (MB)
	15571548  -  ResidentSetSize of job (KB)
...
006 (7217095.006.000) 09/20 07:50:24 Image size of job updated: 15578492
	15208  -  MemoryUsage of job (MB)
	15572564  -  ResidentSetSize of job (KB)
...
006 (7217095.006.000) 09/20 07:55:25 Image size of job updated: 15578492
	15210  -  MemoryUsage of job (MB)
	15574264  -  ResidentSetSize of job (KB)
...
006 (7217095.006.000) 09/20 08:00:26 Image size of job updated: 15578532
	15210  -  MemoryUsage of job (MB)
	15574264  -  ResidentSetSize of job (KB)
...
006 (7217095.006.000) 09/20 08:05:26 Image size of job updated: 15582680
	15212  -  MemoryUsage of job (MB)
	15576080  -  ResidentSetSize of job (KB)
...
006 (7217095.006.000) 09/20 08:10:26 Image size of job updated: 15582680
	15212  -  MemoryUsage of job (MB)
	15576944  -  ResidentSetSize of job (KB)
...
006 (7217095.006.000) 09/20 08:15:27 Image size of job updated: 15582680
	15213  -  MemoryUsage of job (MB)
	15577688  -  ResidentSetSize of job (KB)
...
006 (7217095.006.000) 09/20 08:20:27 Image size of job updated: 15582680
	15213  -  MemoryUsage of job (MB)
	15578084  -  ResidentSetSize of job (KB)
...
006 (7217095.006.000) 09/20 08:25:28 Image size of job updated: 15584808
	15213  -  MemoryUsage of job (MB)
	15578092  -  ResidentSetSize of job (KB)
...
040 (7217095.006.000) 09/25 12:07:43 Started transferring output files
...
040 (7217095.006.000) 09/25 12:07:43 Finished transferring output files
...
005 (7217095.006.000) 09/25 12:08:04 Job terminated.
	(1) Normal termination (return value 50)
		Usr 5 10:40:58, Sys 0 00:43:38  -  Run Remote Usage
		Usr 0 00:00:00, Sys 0 00:00:00  -  Run Local Usage
		Usr 5 20:14:12, Sys 0 00:52:16  -  Total Remote Usage
		Usr 0 00:00:00, Sys 0 00:00:00  -  Total Local Usage
	61652  -  Run Bytes Sent By Job
	1393  -  Run Bytes Received By Job
	61652  -  Total Bytes Sent By Job
	2786  -  Total Bytes Received By Job
	Partitionable Resources :       Usage  Request Allocated 
	   Cpus                 :        1.00        1         1 
	   Disk (KB)            : 16976921    15000000  18223042 
	   Memory (MB)          :    15213        2000      2000 

	Job terminated of its own accord at 2024-09-25T10:07:41Z with exit-code 50.
...
