000 (7187344.007.000) 08/26 07:58:28 Job submitted from host: <137.138.44.55:9618?addrs=137.138.44.55-9618+[2001-1458-d00-1a--48]-9618&alias=bigbird17.cern.ch&noUDP&sock=schedd_23962_8474>
...
040 (7187344.007.000) 08/29 13:55:01 Started transferring input files
	Transferring to host: <188.185.93.15:9618?addrs=188.185.93.15-9618+[2001-1458-d00-6c--100-19a]-9618&alias=b9g57n1708.cern.ch&noUDP&sock=slot1_1_13098_79ce_110700>
...
040 (7187344.007.000) 08/29 13:55:01 Finished transferring input files
...
001 (7187344.007.000) 08/29 13:55:02 Job executing on host: <188.185.93.15:9618?addrs=188.185.93.15-9618+[2001-1458-d00-6c--100-19a]-9618&alias=b9g57n1708.cern.ch&noUDP&sock=startd_12239_83b4>
	SlotName: slot1_1@b9g57n1708.cern.ch
	AvailableGPUs = { GPUs_GPU_02690ba6 }
	CondorScratchDir = "/pool/condor/dir_3945270"
	Cpus = 1
	Disk = 310219
	GPUs = 1
	GPUs_GPU_02690ba6 = [ GlobalMemoryMb = 40326; MaxSupportedVersion = 12040; DriverVersion = 12.4; DeviceUuid = "02690ba6-da8f-b9f3-f5f5-ed6909a5a343"; DeviceName = "NVIDIA A100-PCIE-40GB"; CoresPerCU = 64; ECCEnabled = true; ComputeUnits = 108; ClockMhz = 1410.0; Id = "GPU-02690ba6"; DevicePciBusId = "0000:06:00.0"; Capability = 8.0 ]
	Memory = 2000
...
006 (7187344.007.000) 08/29 13:55:11 Image size of job updated: 26228464
	7320  -  MemoryUsage of job (MB)
	7495160  -  ResidentSetSize of job (KB)
...
006 (7187344.007.000) 08/29 14:00:12 Image size of job updated: 26228464
	7993  -  MemoryUsage of job (MB)
	8183836  -  ResidentSetSize of job (KB)
...
006 (7187344.007.000) 08/29 14:15:13 Image size of job updated: 26228464
	7993  -  MemoryUsage of job (MB)
	8184220  -  ResidentSetSize of job (KB)
...
006 (7187344.007.000) 08/29 14:20:15 Image size of job updated: 26228464
	7999  -  MemoryUsage of job (MB)
	8190088  -  ResidentSetSize of job (KB)
...
006 (7187344.007.000) 08/29 14:25:15 Image size of job updated: 26228464
	8102  -  MemoryUsage of job (MB)
	8295644  -  ResidentSetSize of job (KB)
...
006 (7187344.007.000) 08/29 14:30:15 Image size of job updated: 26228464
	8899  -  MemoryUsage of job (MB)
	9111772  -  ResidentSetSize of job (KB)
...
006 (7187344.007.000) 08/29 14:35:16 Image size of job updated: 26228464
	9629  -  MemoryUsage of job (MB)
	9859420  -  ResidentSetSize of job (KB)
...
006 (7187344.007.000) 08/29 14:40:16 Image size of job updated: 26228464
	9994  -  MemoryUsage of job (MB)
	10233164  -  ResidentSetSize of job (KB)
...
006 (7187344.007.000) 08/29 15:00:18 Image size of job updated: 26228464
	10109  -  MemoryUsage of job (MB)
	10350868  -  ResidentSetSize of job (KB)
...
006 (7187344.007.000) 08/29 16:35:28 Image size of job updated: 26228464
	10404  -  MemoryUsage of job (MB)
	10653636  -  ResidentSetSize of job (KB)
...
006 (7187344.007.000) 08/29 17:50:35 Image size of job updated: 26228464
	10759  -  MemoryUsage of job (MB)
	11017164  -  ResidentSetSize of job (KB)
...
006 (7187344.007.000) 08/29 18:55:40 Image size of job updated: 26228464
	10846  -  MemoryUsage of job (MB)
	11105908  -  ResidentSetSize of job (KB)
...
006 (7187344.007.000) 08/29 21:20:56 Image size of job updated: 26228464
	12834  -  MemoryUsage of job (MB)
	13141280  -  ResidentSetSize of job (KB)
...
006 (7187344.007.000) 08/29 21:25:56 Image size of job updated: 26228464
	13346  -  MemoryUsage of job (MB)
	13665368  -  ResidentSetSize of job (KB)
...
006 (7187344.007.000) 08/29 21:30:56 Image size of job updated: 26228464
	13868  -  MemoryUsage of job (MB)
	14200100  -  ResidentSetSize of job (KB)
...
006 (7187344.007.000) 08/29 21:35:57 Image size of job updated: 26228464
	14386  -  MemoryUsage of job (MB)
	14730284  -  ResidentSetSize of job (KB)
...
006 (7187344.007.000) 08/29 21:40:57 Image size of job updated: 26228464
	14902  -  MemoryUsage of job (MB)
	15259308  -  ResidentSetSize of job (KB)
...
006 (7187344.007.000) 08/29 21:45:58 Image size of job updated: 26228464
	14902  -  MemoryUsage of job (MB)
	15259564  -  ResidentSetSize of job (KB)
...
006 (7187344.007.000) 08/29 21:55:59 Image size of job updated: 26228464
	15244  -  MemoryUsage of job (MB)
	15609700  -  ResidentSetSize of job (KB)
...
006 (7187344.007.000) 08/29 22:01:00 Image size of job updated: 26228464
	15759  -  MemoryUsage of job (MB)
	16136432  -  ResidentSetSize of job (KB)
...
006 (7187344.007.000) 08/29 22:06:00 Image size of job updated: 26228464
	16271  -  MemoryUsage of job (MB)
	16661484  -  ResidentSetSize of job (KB)
...
006 (7187344.007.000) 08/29 22:11:01 Image size of job updated: 26228464
	16787  -  MemoryUsage of job (MB)
	17189292  -  ResidentSetSize of job (KB)
...
006 (7187344.007.000) 08/29 22:16:01 Image size of job updated: 26228464
	17298  -  MemoryUsage of job (MB)
	17712960  -  ResidentSetSize of job (KB)
...
006 (7187344.007.000) 08/29 22:21:01 Image size of job updated: 26228464
	17814  -  MemoryUsage of job (MB)
	18240964  -  ResidentSetSize of job (KB)
...
006 (7187344.007.000) 08/29 22:26:02 Image size of job updated: 26228464
	18331  -  MemoryUsage of job (MB)
	18770296  -  ResidentSetSize of job (KB)
...
006 (7187344.007.000) 08/29 22:28:40 Image size of job updated: 26228464
	18331  -  MemoryUsage of job (MB)
	18770552  -  ResidentSetSize of job (KB)
...
040 (7187344.007.000) 08/29 22:28:40 Started transferring output files
...
040 (7187344.007.000) 08/29 22:28:40 Finished transferring output files
...
005 (7187344.007.000) 08/29 22:28:40 Job terminated.
	(1) Normal termination (return value 50)
		Usr 2 13:43:00, Sys 3 05:53:15  -  Run Remote Usage
		Usr 0 00:00:00, Sys 0 00:00:00  -  Run Local Usage
		Usr 2 13:43:00, Sys 3 05:53:15  -  Total Remote Usage
		Usr 0 00:00:00, Sys 0 00:00:00  -  Total Local Usage
	87834  -  Run Bytes Sent By Job
	2954  -  Run Bytes Received By Job
	87834  -  Total Bytes Sent By Job
	2954  -  Total Bytes Received By Job
	Partitionable Resources :      Usage  Request Allocated Assigned
	   Cpus                 :       1.00        1         1 
	   Disk (KB)            : 7920727           3    310219 
	   Gpus (Average)       :       0.03        1         1 "GPU-02690ba6"
	   GpusMemory (MB)      :    6687                       
	   Memory (MB)          :   18331        2000      2000 

	Job terminated of its own accord at 2024-08-29T20:28:40Z with exit-code 50.
...
