000 (7187344.003.000) 08/26 07:58:28 Job submitted from host: <137.138.44.55:9618?addrs=137.138.44.55-9618+[2001-1458-d00-1a--48]-9618&alias=bigbird17.cern.ch&noUDP&sock=schedd_23962_8474>
...
040 (7187344.003.000) 08/29 13:30:45 Started transferring input files
	Transferring to host: <188.185.93.105:9618?addrs=188.185.93.105-9618+[2001-1458-d00-6c--100-242]-9618&alias=b9g57n8656.cern.ch&noUDP&sock=slot1_1_18300_c161_113963>
...
040 (7187344.003.000) 08/29 13:30:45 Finished transferring input files
...
001 (7187344.003.000) 08/29 13:30:46 Job executing on host: <188.185.93.105:9618?addrs=188.185.93.105-9618+[2001-1458-d00-6c--100-242]-9618&alias=b9g57n8656.cern.ch&noUDP&sock=startd_17874_a7e1>
	SlotName: slot1_1@b9g57n8656.cern.ch
	AvailableGPUs = { GPUs_GPU_8f5f97a2 }
	CondorScratchDir = "/pool/condor/dir_1706789"
	Cpus = 1
	Disk = 1454714
	GPUs = 1
	GPUs_GPU_8f5f97a2 = [ GlobalMemoryMb = 40326; MaxSupportedVersion = 12040; DriverVersion = 12.4; DeviceName = "NVIDIA A100-PCIE-40GB"; CoresPerCU = 64; ECCEnabled = true; ComputeUnits = 108; ClockMhz = 1410.0; Id = "GPU-8f5f97a2"; Capability = 8.0; DevicePciBusId = "0000:06:00.0"; DeviceUuid = "8f5f97a2-c8cf-cf5d-bd1a-0a219e343c73" ]
	Memory = 2000
...
006 (7187344.003.000) 08/29 13:30:55 Image size of job updated: 1337280
	1306  -  MemoryUsage of job (MB)
	1337240  -  ResidentSetSize of job (KB)
...
006 (7187344.003.000) 08/29 13:35:55 Image size of job updated: 1710276
	1306  -  MemoryUsage of job (MB)
	1337240  -  ResidentSetSize of job (KB)
...
006 (7187344.003.000) 08/29 13:40:56 Image size of job updated: 1935764
	1806  -  MemoryUsage of job (MB)
	1849340  -  ResidentSetSize of job (KB)
...
006 (7187344.003.000) 08/29 13:45:56 Image size of job updated: 2159100
	1806  -  MemoryUsage of job (MB)
	1849340  -  ResidentSetSize of job (KB)
...
006 (7187344.003.000) 08/29 13:50:57 Image size of job updated: 4117756
	2913  -  MemoryUsage of job (MB)
	2982668  -  ResidentSetSize of job (KB)
...
006 (7187344.003.000) 08/29 13:55:57 Image size of job updated: 4123144
	2915  -  MemoryUsage of job (MB)
	2984304  -  ResidentSetSize of job (KB)
...
006 (7187344.003.000) 08/29 14:00:58 Image size of job updated: 4124860
	3975  -  MemoryUsage of job (MB)
	4069460  -  ResidentSetSize of job (KB)
...
006 (7187344.003.000) 08/29 14:10:59 Image size of job updated: 4126964
	3975  -  MemoryUsage of job (MB)
	4069460  -  ResidentSetSize of job (KB)
...
006 (7187344.003.000) 08/29 14:21:00 Image size of job updated: 4128208
	3975  -  MemoryUsage of job (MB)
	4069460  -  ResidentSetSize of job (KB)
...
006 (7187344.003.000) 08/29 14:26:00 Image size of job updated: 4128584
	4012  -  MemoryUsage of job (MB)
	4108036  -  ResidentSetSize of job (KB)
...
006 (7187344.003.000) 08/29 14:31:01 Image size of job updated: 4131908
	4012  -  MemoryUsage of job (MB)
	4108036  -  ResidentSetSize of job (KB)
...
006 (7187344.003.000) 08/29 14:36:01 Image size of job updated: 4132424
	4012  -  MemoryUsage of job (MB)
	4108036  -  ResidentSetSize of job (KB)
...
006 (7187344.003.000) 08/29 14:41:02 Image size of job updated: 4133116
	4012  -  MemoryUsage of job (MB)
	4108036  -  ResidentSetSize of job (KB)
...
006 (7187344.003.000) 08/29 14:56:03 Image size of job updated: 4252504
	4012  -  MemoryUsage of job (MB)
	4108036  -  ResidentSetSize of job (KB)
...
006 (7187344.003.000) 08/29 15:01:04 Image size of job updated: 4379860
	4012  -  MemoryUsage of job (MB)
	4108036  -  ResidentSetSize of job (KB)
...
006 (7187344.003.000) 08/29 15:06:04 Image size of job updated: 4507024
	4012  -  MemoryUsage of job (MB)
	4108036  -  ResidentSetSize of job (KB)
...
006 (7187344.003.000) 08/29 15:11:05 Image size of job updated: 4572768
	4416  -  MemoryUsage of job (MB)
	4521856  -  ResidentSetSize of job (KB)
...
006 (7187344.003.000) 08/29 15:16:05 Image size of job updated: 4575344
	4416  -  MemoryUsage of job (MB)
	4521856  -  ResidentSetSize of job (KB)
...
006 (7187344.003.000) 08/29 15:21:06 Image size of job updated: 4621048
	4513  -  MemoryUsage of job (MB)
	4621048  -  ResidentSetSize of job (KB)
...
006 (7187344.003.000) 08/29 15:26:06 Image size of job updated: 4767716
	4513  -  MemoryUsage of job (MB)
	4621048  -  ResidentSetSize of job (KB)
...
006 (7187344.003.000) 08/29 15:31:07 Image size of job updated: 4935080
	4513  -  MemoryUsage of job (MB)
	4621048  -  ResidentSetSize of job (KB)
...
006 (7187344.003.000) 08/29 15:36:07 Image size of job updated: 4971420
	4513  -  MemoryUsage of job (MB)
	4621048  -  ResidentSetSize of job (KB)
...
006 (7187344.003.000) 08/29 15:41:08 Image size of job updated: 4975012
	4513  -  MemoryUsage of job (MB)
	4621048  -  ResidentSetSize of job (KB)
...
006 (7187344.003.000) 08/29 15:46:08 Image size of job updated: 5039604
	4513  -  MemoryUsage of job (MB)
	4621048  -  ResidentSetSize of job (KB)
...
006 (7187344.003.000) 08/29 15:51:10 Image size of job updated: 5040360
	4513  -  MemoryUsage of job (MB)
	4621048  -  ResidentSetSize of job (KB)
...
006 (7187344.003.000) 08/29 15:56:10 Image size of job updated: 5167844
	4513  -  MemoryUsage of job (MB)
	4621048  -  ResidentSetSize of job (KB)
...
006 (7187344.003.000) 08/29 16:01:10 Image size of job updated: 5172864
	4513  -  MemoryUsage of job (MB)
	4621048  -  ResidentSetSize of job (KB)
...
006 (7187344.003.000) 08/29 16:06:11 Image size of job updated: 5290980
	4513  -  MemoryUsage of job (MB)
	4621048  -  ResidentSetSize of job (KB)
...
006 (7187344.003.000) 08/29 16:11:12 Image size of job updated: 5380604
	4904  -  MemoryUsage of job (MB)
	5021004  -  ResidentSetSize of job (KB)
...
006 (7187344.003.000) 08/29 16:16:12 Image size of job updated: 5415244
	4909  -  MemoryUsage of job (MB)
	5026348  -  ResidentSetSize of job (KB)
...
006 (7187344.003.000) 08/29 16:21:13 Image size of job updated: 5420804
	4909  -  MemoryUsage of job (MB)
	5026636  -  ResidentSetSize of job (KB)
...
006 (7187344.003.000) 08/29 16:26:13 Image size of job updated: 5420876
	4915  -  MemoryUsage of job (MB)
	5032412  -  ResidentSetSize of job (KB)
...
006 (7187344.003.000) 08/29 16:31:14 Image size of job updated: 5427972
	4915  -  MemoryUsage of job (MB)
	5032412  -  ResidentSetSize of job (KB)
...
006 (7187344.003.000) 08/29 16:36:14 Image size of job updated: 5428940
	4915  -  MemoryUsage of job (MB)
	5032412  -  ResidentSetSize of job (KB)
...
006 (7187344.003.000) 08/29 16:41:15 Image size of job updated: 5432444
	4915  -  MemoryUsage of job (MB)
	5032412  -  ResidentSetSize of job (KB)
...
006 (7187344.003.000) 08/29 16:46:15 Image size of job updated: 5438220
	4915  -  MemoryUsage of job (MB)
	5032412  -  ResidentSetSize of job (KB)
...
006 (7187344.003.000) 08/29 16:51:16 Image size of job updated: 5440500
	4915  -  MemoryUsage of job (MB)
	5032412  -  ResidentSetSize of job (KB)
...
006 (7187344.003.000) 08/29 16:56:16 Image size of job updated: 5560896
	4915  -  MemoryUsage of job (MB)
	5032412  -  ResidentSetSize of job (KB)
...
006 (7187344.003.000) 08/29 17:01:17 Image size of job updated: 5690288
	5505  -  MemoryUsage of job (MB)
	5637092  -  ResidentSetSize of job (KB)
...
006 (7187344.003.000) 08/29 17:06:17 Image size of job updated: 5691536
	5505  -  MemoryUsage of job (MB)
	5637092  -  ResidentSetSize of job (KB)
...
006 (7187344.003.000) 08/29 17:11:18 Image size of job updated: 5697256
	5505  -  MemoryUsage of job (MB)
	5637092  -  ResidentSetSize of job (KB)
...
006 (7187344.003.000) 08/29 17:16:18 Image size of job updated: 5785272
	5505  -  MemoryUsage of job (MB)
	5637092  -  ResidentSetSize of job (KB)
...
006 (7187344.003.000) 08/29 17:21:19 Image size of job updated: 5976340
	5505  -  MemoryUsage of job (MB)
	5637092  -  ResidentSetSize of job (KB)
...
006 (7187344.003.000) 08/29 17:26:19 Image size of job updated: 6010764
	5505  -  MemoryUsage of job (MB)
	5637092  -  ResidentSetSize of job (KB)
...
006 (7187344.003.000) 08/29 17:31:20 Image size of job updated: 6015080
	5505  -  MemoryUsage of job (MB)
	5637092  -  ResidentSetSize of job (KB)
...
006 (7187344.003.000) 08/29 17:36:20 Image size of job updated: 6016896
	5856  -  MemoryUsage of job (MB)
	5995980  -  ResidentSetSize of job (KB)
...
006 (7187344.003.000) 08/29 17:41:21 Image size of job updated: 6020092
	5856  -  MemoryUsage of job (MB)
	5995980  -  ResidentSetSize of job (KB)
...
006 (7187344.003.000) 08/29 17:46:21 Image size of job updated: 6027572
	5856  -  MemoryUsage of job (MB)
	5995980  -  ResidentSetSize of job (KB)
...
006 (7187344.003.000) 08/29 17:51:22 Image size of job updated: 6151216
	5856  -  MemoryUsage of job (MB)
	5995980  -  ResidentSetSize of job (KB)
...
006 (7187344.003.000) 08/29 17:56:22 Image size of job updated: 6277008
	5856  -  MemoryUsage of job (MB)
	5995980  -  ResidentSetSize of job (KB)
...
006 (7187344.003.000) 08/29 18:01:23 Image size of job updated: 6281324
	5856  -  MemoryUsage of job (MB)
	5995980  -  ResidentSetSize of job (KB)
...
006 (7187344.003.000) 08/29 18:06:23 Image size of job updated: 6282652
	5856  -  MemoryUsage of job (MB)
	5995980  -  ResidentSetSize of job (KB)
...
006 (7187344.003.000) 08/29 18:11:23 Image size of job updated: 6370816
	5999  -  MemoryUsage of job (MB)
	6142560  -  ResidentSetSize of job (KB)
...
006 (7187344.003.000) 08/29 18:16:24 Image size of job updated: 6405952
	5999  -  MemoryUsage of job (MB)
	6142560  -  ResidentSetSize of job (KB)
...
006 (7187344.003.000) 08/29 18:21:24 Image size of job updated: 6408588
	5999  -  MemoryUsage of job (MB)
	6142560  -  ResidentSetSize of job (KB)
...
006 (7187344.003.000) 08/29 19:36:33 Image size of job updated: 6408588
	6130  -  MemoryUsage of job (MB)
	6276468  -  ResidentSetSize of job (KB)
...
006 (7187344.003.000) 08/29 19:56:35 Image size of job updated: 6504256
	6160  -  MemoryUsage of job (MB)
	6306896  -  ResidentSetSize of job (KB)
...
006 (7187344.003.000) 08/29 20:01:35 Image size of job updated: 6668624
	6509  -  MemoryUsage of job (MB)
	6664888  -  ResidentSetSize of job (KB)
...
006 (7187344.003.000) 08/29 20:06:36 Image size of job updated: 6759112
	6509  -  MemoryUsage of job (MB)
	6664888  -  ResidentSetSize of job (KB)
...
006 (7187344.003.000) 08/29 20:11:36 Image size of job updated: 6866848
	6682  -  MemoryUsage of job (MB)
	6842040  -  ResidentSetSize of job (KB)
...
006 (7187344.003.000) 08/29 20:16:37 Image size of job updated: 7705588
	7525  -  MemoryUsage of job (MB)
	7705588  -  ResidentSetSize of job (KB)
...
006 (7187344.003.000) 08/29 20:21:37 Image size of job updated: 8075012
	7668  -  MemoryUsage of job (MB)
	7851852  -  ResidentSetSize of job (KB)
...
006 (7187344.003.000) 08/29 20:51:40 Image size of job updated: 9943820
	9711  -  MemoryUsage of job (MB)
	9943820  -  ResidentSetSize of job (KB)
...
006 (7187344.003.000) 08/29 20:56:41 Image size of job updated: 10447180
	10203  -  MemoryUsage of job (MB)
	10447180  -  ResidentSetSize of job (KB)
...
006 (7187344.003.000) 08/29 21:01:41 Image size of job updated: 10893036
	10637  -  MemoryUsage of job (MB)
	10892012  -  ResidentSetSize of job (KB)
...
006 (7187344.003.000) 08/29 21:06:42 Image size of job updated: 11397612
	11131  -  MemoryUsage of job (MB)
	11397612  -  ResidentSetSize of job (KB)
...
006 (7187344.003.000) 08/29 21:11:42 Image size of job updated: 11901936
	11623  -  MemoryUsage of job (MB)
	11901936  -  ResidentSetSize of job (KB)
...
006 (7187344.003.000) 08/29 21:16:43 Image size of job updated: 12400228
	12110  -  MemoryUsage of job (MB)
	12399972  -  ResidentSetSize of job (KB)
...
006 (7187344.003.000) 08/29 21:21:43 Image size of job updated: 12907352
	12605  -  MemoryUsage of job (MB)
	12907352  -  ResidentSetSize of job (KB)
...
006 (7187344.003.000) 08/29 21:26:44 Image size of job updated: 13416452
	13103  -  MemoryUsage of job (MB)
	13416452  -  ResidentSetSize of job (KB)
...
006 (7187344.003.000) 08/29 21:31:45 Image size of job updated: 13921428
	13596  -  MemoryUsage of job (MB)
	13921428  -  ResidentSetSize of job (KB)
...
006 (7187344.003.000) 08/29 21:36:45 Image size of job updated: 14434596
	14097  -  MemoryUsage of job (MB)
	14434596  -  ResidentSetSize of job (KB)
...
006 (7187344.003.000) 08/29 21:41:47 Image size of job updated: 14951432
	14602  -  MemoryUsage of job (MB)
	14951432  -  ResidentSetSize of job (KB)
...
006 (7187344.003.000) 08/29 21:46:47 Image size of job updated: 15007752
	14602  -  MemoryUsage of job (MB)
	14951688  -  ResidentSetSize of job (KB)
...
006 (7187344.003.000) 08/29 21:56:49 Image size of job updated: 15301160
	14943  -  MemoryUsage of job (MB)
	15301160  -  ResidentSetSize of job (KB)
...
006 (7187344.003.000) 08/29 21:59:41 Image size of job updated: 15469996
	14943  -  MemoryUsage of job (MB)
	15301160  -  ResidentSetSize of job (KB)
...
040 (7187344.003.000) 08/29 21:59:41 Started transferring output files
...
040 (7187344.003.000) 08/29 21:59:41 Finished transferring output files
...
005 (7187344.003.000) 08/29 21:59:41 Job terminated.
	(1) Normal termination (return value 50)
		Usr 0 07:06:24, Sys 0 00:28:44  -  Run Remote Usage
		Usr 0 00:00:00, Sys 0 00:00:00  -  Run Local Usage
		Usr 0 07:06:24, Sys 0 00:28:44  -  Total Remote Usage
		Usr 0 00:00:00, Sys 0 00:00:00  -  Total Local Usage
	87834  -  Run Bytes Sent By Job
	2954  -  Run Bytes Received By Job
	87834  -  Total Bytes Sent By Job
	2954  -  Total Bytes Received By Job
	Partitionable Resources :      Usage  Request Allocated Assigned
	   Cpus                 :       1.01        1         1 
	   Disk (KB)            : 7906519           3   1454714 
	   Gpus (Average)       :       0.03        1         1 "GPU-8f5f97a2"
	   GpusMemory (MB)      :    6687                       
	   Memory (MB)          :   14943        2000      2000 

	Job terminated of its own accord at 2024-08-29T19:59:41Z with exit-code 50.
...
