000 (7187344.002.000) 08/26 07:58:28 Job submitted from host: <137.138.44.55:9618?addrs=137.138.44.55-9618+[2001-1458-d00-1a--48]-9618&alias=bigbird17.cern.ch&noUDP&sock=schedd_23962_8474>
...
040 (7187344.002.000) 08/29 13:09:50 Started transferring input files
	Transferring to host: <188.185.92.203:9618?addrs=188.185.92.203-9618+[2001-1458-d00-6c--100-2c0]-9618&alias=b9g57n2077.cern.ch&noUDP&sock=slot1_1_183059_602d_64576>
...
040 (7187344.002.000) 08/29 13:09:50 Finished transferring input files
...
001 (7187344.002.000) 08/29 13:09:51 Job executing on host: <188.185.92.203:9618?addrs=188.185.92.203-9618+[2001-1458-d00-6c--100-2c0]-9618&alias=b9g57n2077.cern.ch&noUDP&sock=startd_153346_2e01>
	SlotName: slot1_1@b9g57n2077.cern.ch
	AvailableGPUs = { GPUs_GPU_f7b29eb4 }
	CondorScratchDir = "/pool/condor/dir_3243811"
	Cpus = 1
	Disk = 336991
	GPUs = 1
	GPUs_GPU_f7b29eb4 = [ GlobalMemoryMb = 40326; MaxSupportedVersion = 12040; DriverVersion = 12.4; DeviceUuid = "f7b29eb4-a8a4-2aa2-9117-94b506dacb04"; DeviceName = "NVIDIA A100-PCIE-40GB"; CoresPerCU = 64; ECCEnabled = true; ComputeUnits = 108; ClockMhz = 1410.0; Id = "GPU-f7b29eb4"; DevicePciBusId = "0000:06:00.0"; Capability = 8.0 ]
	Memory = 2000
...
006 (7187344.002.000) 08/29 13:10:00 Image size of job updated: 1324988
	788  -  MemoryUsage of job (MB)
	806272  -  ResidentSetSize of job (KB)
...
006 (7187344.002.000) 08/29 13:15:00 Image size of job updated: 1665396
	1203  -  MemoryUsage of job (MB)
	1231872  -  ResidentSetSize of job (KB)
...
006 (7187344.002.000) 08/29 13:20:02 Image size of job updated: 1845396
	1584  -  MemoryUsage of job (MB)
	1621372  -  ResidentSetSize of job (KB)
...
006 (7187344.002.000) 08/29 13:25:02 Image size of job updated: 1906956
	1584  -  MemoryUsage of job (MB)
	1621628  -  ResidentSetSize of job (KB)
...
006 (7187344.002.000) 08/29 13:30:02 Image size of job updated: 3949824
	2868  -  MemoryUsage of job (MB)
	2935952  -  ResidentSetSize of job (KB)
...
006 (7187344.002.000) 08/29 13:35:03 Image size of job updated: 4077148
	2989  -  MemoryUsage of job (MB)
	3060440  -  ResidentSetSize of job (KB)
...
006 (7187344.002.000) 08/29 13:40:03 Image size of job updated: 4291532
	3840  -  MemoryUsage of job (MB)
	3931420  -  ResidentSetSize of job (KB)
...
006 (7187344.002.000) 08/29 13:45:04 Image size of job updated: 4413448
	3940  -  MemoryUsage of job (MB)
	4034088  -  ResidentSetSize of job (KB)
...
006 (7187344.002.000) 08/29 13:50:04 Image size of job updated: 4434396
	3940  -  MemoryUsage of job (MB)
	4034088  -  ResidentSetSize of job (KB)
...
006 (7187344.002.000) 08/29 13:55:05 Image size of job updated: 4441540
	4284  -  MemoryUsage of job (MB)
	4385852  -  ResidentSetSize of job (KB)
...
006 (7187344.002.000) 08/29 14:10:06 Image size of job updated: 4443864
	4284  -  MemoryUsage of job (MB)
	4385852  -  ResidentSetSize of job (KB)
...
006 (7187344.002.000) 08/29 14:20:07 Image size of job updated: 4443864
	4320  -  MemoryUsage of job (MB)
	4423612  -  ResidentSetSize of job (KB)
...
006 (7187344.002.000) 08/29 14:25:08 Image size of job updated: 4445884
	4320  -  MemoryUsage of job (MB)
	4423612  -  ResidentSetSize of job (KB)
...
006 (7187344.002.000) 08/29 14:30:08 Image size of job updated: 4448288
	4320  -  MemoryUsage of job (MB)
	4423612  -  ResidentSetSize of job (KB)
...
006 (7187344.002.000) 08/29 14:35:10 Image size of job updated: 4449076
	4320  -  MemoryUsage of job (MB)
	4423612  -  ResidentSetSize of job (KB)
...
006 (7187344.002.000) 08/29 14:40:10 Image size of job updated: 4451408
	4320  -  MemoryUsage of job (MB)
	4423612  -  ResidentSetSize of job (KB)
...
006 (7187344.002.000) 08/29 14:55:11 Image size of job updated: 4550164
	4444  -  MemoryUsage of job (MB)
	4550164  -  ResidentSetSize of job (KB)
...
006 (7187344.002.000) 08/29 15:00:12 Image size of job updated: 4575948
	4445  -  MemoryUsage of job (MB)
	4550676  -  ResidentSetSize of job (KB)
...
006 (7187344.002.000) 08/29 15:05:12 Image size of job updated: 4702392
	4445  -  MemoryUsage of job (MB)
	4550676  -  ResidentSetSize of job (KB)
...
006 (7187344.002.000) 08/29 15:10:13 Image size of job updated: 4826192
	4662  -  MemoryUsage of job (MB)
	4773388  -  ResidentSetSize of job (KB)
...
006 (7187344.002.000) 08/29 15:15:13 Image size of job updated: 4915752
	4662  -  MemoryUsage of job (MB)
	4773388  -  ResidentSetSize of job (KB)
...
006 (7187344.002.000) 08/29 15:20:13 Image size of job updated: 5171984
	4700  -  MemoryUsage of job (MB)
	4812460  -  ResidentSetSize of job (KB)
...
006 (7187344.002.000) 08/29 15:25:14 Image size of job updated: 5208584
	4757  -  MemoryUsage of job (MB)
	4870244  -  ResidentSetSize of job (KB)
...
006 (7187344.002.000) 08/29 15:30:14 Image size of job updated: 5496044
	5017  -  MemoryUsage of job (MB)
	5136628  -  ResidentSetSize of job (KB)
...
006 (7187344.002.000) 08/29 15:35:15 Image size of job updated: 5654000
	5017  -  MemoryUsage of job (MB)
	5136628  -  ResidentSetSize of job (KB)
...
006 (7187344.002.000) 08/29 15:40:15 Image size of job updated: 5786752
	5017  -  MemoryUsage of job (MB)
	5136628  -  ResidentSetSize of job (KB)
...
006 (7187344.002.000) 08/29 15:45:16 Image size of job updated: 5981024
	5841  -  MemoryUsage of job (MB)
	5980244  -  ResidentSetSize of job (KB)
...
006 (7187344.002.000) 08/29 15:50:16 Image size of job updated: 6028112
	5841  -  MemoryUsage of job (MB)
	5980244  -  ResidentSetSize of job (KB)
...
006 (7187344.002.000) 08/29 15:55:17 Image size of job updated: 6036184
	5841  -  MemoryUsage of job (MB)
	5980244  -  ResidentSetSize of job (KB)
...
006 (7187344.002.000) 08/29 16:00:17 Image size of job updated: 6229376
	6084  -  MemoryUsage of job (MB)
	6229376  -  ResidentSetSize of job (KB)
...
006 (7187344.002.000) 08/29 16:05:17 Image size of job updated: 6363928
	6214  -  MemoryUsage of job (MB)
	6362136  -  ResidentSetSize of job (KB)
...
006 (7187344.002.000) 08/29 16:10:18 Image size of job updated: 6448608
	6214  -  MemoryUsage of job (MB)
	6362236  -  ResidentSetSize of job (KB)
...
006 (7187344.002.000) 08/29 16:15:18 Image size of job updated: 6585844
	6432  -  MemoryUsage of job (MB)
	6585844  -  ResidentSetSize of job (KB)
...
006 (7187344.002.000) 08/29 16:20:19 Image size of job updated: 6734396
	6432  -  MemoryUsage of job (MB)
	6585844  -  ResidentSetSize of job (KB)
...
006 (7187344.002.000) 08/29 16:25:19 Image size of job updated: 6859960
	6432  -  MemoryUsage of job (MB)
	6585844  -  ResidentSetSize of job (KB)
...
006 (7187344.002.000) 08/29 16:30:20 Image size of job updated: 7073964
	6558  -  MemoryUsage of job (MB)
	6714516  -  ResidentSetSize of job (KB)
...
006 (7187344.002.000) 08/29 16:35:20 Image size of job updated: 7108580
	6925  -  MemoryUsage of job (MB)
	7090344  -  ResidentSetSize of job (KB)
...
006 (7187344.002.000) 08/29 16:40:21 Image size of job updated: 7235680
	6925  -  MemoryUsage of job (MB)
	7090344  -  ResidentSetSize of job (KB)
...
006 (7187344.002.000) 08/29 16:45:21 Image size of job updated: 7302008
	6925  -  MemoryUsage of job (MB)
	7090344  -  ResidentSetSize of job (KB)
...
006 (7187344.002.000) 08/29 17:50:28 Image size of job updated: 7785656
	7604  -  MemoryUsage of job (MB)
	7785656  -  ResidentSetSize of job (KB)
...
006 (7187344.002.000) 08/29 17:55:29 Image size of job updated: 8497408
	8081  -  MemoryUsage of job (MB)
	8274120  -  ResidentSetSize of job (KB)
...
006 (7187344.002.000) 08/29 18:05:30 Image size of job updated: 8572180
	8372  -  MemoryUsage of job (MB)
	8572180  -  ResidentSetSize of job (KB)
...
006 (7187344.002.000) 08/29 18:10:30 Image size of job updated: 8661556
	8373  -  MemoryUsage of job (MB)
	8573460  -  ResidentSetSize of job (KB)
...
006 (7187344.002.000) 08/29 18:25:32 Image size of job updated: 10371236
	10129  -  MemoryUsage of job (MB)
	10371236  -  ResidentSetSize of job (KB)
...
006 (7187344.002.000) 08/29 18:30:32 Image size of job updated: 10888964
	10634  -  MemoryUsage of job (MB)
	10888964  -  ResidentSetSize of job (KB)
...
006 (7187344.002.000) 08/29 18:35:33 Image size of job updated: 11410004
	11143  -  MemoryUsage of job (MB)
	11410004  -  ResidentSetSize of job (KB)
...
006 (7187344.002.000) 08/29 18:40:33 Image size of job updated: 11931188
	11650  -  MemoryUsage of job (MB)
	11929140  -  ResidentSetSize of job (KB)
...
006 (7187344.002.000) 08/29 18:45:34 Image size of job updated: 12185048
	11650  -  MemoryUsage of job (MB)
	11929396  -  ResidentSetSize of job (KB)
...
006 (7187344.002.000) 08/29 18:55:35 Image size of job updated: 12292028
	12003  -  MemoryUsage of job (MB)
	12290748  -  ResidentSetSize of job (KB)
...
006 (7187344.002.000) 08/29 19:00:35 Image size of job updated: 12814452
	12514  -  MemoryUsage of job (MB)
	12814272  -  ResidentSetSize of job (KB)
...
006 (7187344.002.000) 08/29 19:05:36 Image size of job updated: 13339900
	13028  -  MemoryUsage of job (MB)
	13339900  -  ResidentSetSize of job (KB)
...
006 (7187344.002.000) 08/29 19:10:36 Image size of job updated: 13866960
	13542  -  MemoryUsage of job (MB)
	13866960  -  ResidentSetSize of job (KB)
...
006 (7187344.002.000) 08/29 19:15:38 Image size of job updated: 14389296
	14053  -  MemoryUsage of job (MB)
	14389296  -  ResidentSetSize of job (KB)
...
006 (7187344.002.000) 08/29 19:20:38 Image size of job updated: 14912932
	14564  -  MemoryUsage of job (MB)
	14912932  -  ResidentSetSize of job (KB)
...
006 (7187344.002.000) 08/29 19:25:39 Image size of job updated: 15436380
	15075  -  MemoryUsage of job (MB)
	15436380  -  ResidentSetSize of job (KB)
...
006 (7187344.002.000) 08/29 19:30:39 Image size of job updated: 15960452
	15587  -  MemoryUsage of job (MB)
	15960452  -  ResidentSetSize of job (KB)
...
006 (7187344.002.000) 08/29 19:34:03 Image size of job updated: 16195568
	15587  -  MemoryUsage of job (MB)
	15960708  -  ResidentSetSize of job (KB)
...
040 (7187344.002.000) 08/29 19:34:03 Started transferring output files
...
040 (7187344.002.000) 08/29 19:34:03 Finished transferring output files
...
005 (7187344.002.000) 08/29 19:34:03 Job terminated.
	(1) Normal termination (return value 50)
		Usr 0 05:30:50, Sys 0 00:24:39  -  Run Remote Usage
		Usr 0 00:00:00, Sys 0 00:00:00  -  Run Local Usage
		Usr 0 05:30:50, Sys 0 00:24:39  -  Total Remote Usage
		Usr 0 00:00:00, Sys 0 00:00:00  -  Total Local Usage
	87821  -  Run Bytes Sent By Job
	2954  -  Run Bytes Received By Job
	87821  -  Total Bytes Sent By Job
	2954  -  Total Bytes Received By Job
	Partitionable Resources :      Usage  Request Allocated Assigned
	   Cpus                 :       1.00        1         1 
	   Disk (KB)            : 7841863           3    336991 
	   Gpus (Average)       :       0.04        1         1 "GPU-f7b29eb4"
	   GpusMemory (MB)      :    6687                       
	   Memory (MB)          :   15587        2000      2000 

	Job terminated of its own accord at 2024-08-29T17:34:03Z with exit-code 50.
...
