000 (7217813.002.000) 09/23 13:21:45 Job submitted from host: <137.138.44.55:9618?addrs=137.138.44.55-9618+[2001-1458-d00-1a--48]-9618&alias=bigbird17.cern.ch&noUDP&sock=schedd_1981_6134>
...
040 (7217813.002.000) 09/24 12:03:51 Started transferring input files
	Transferring to host: <188.185.190.107:9618?addrs=188.185.190.107-9618+[2001-1458-d03-b--100-2fe]-9618&alias=b9pgpun013.cern.ch&noUDP&sock=slot1_1_223718_51c2_26534>
...
040 (7217813.002.000) 09/24 12:03:51 Finished transferring input files
...
001 (7217813.002.000) 09/24 12:03:52 Job executing on host: <188.185.190.107:9618?addrs=188.185.190.107-9618+[2001-1458-d03-b--100-2fe]-9618&alias=b9pgpun013.cern.ch&noUDP&sock=startd_204990_ab0b>
	SlotName: slot1_1@b9pgpun013.cern.ch
	AvailableGPUs = { GPUs_GPU_83d8ac8f }
	CondorScratchDir = "/pool/condor/dir_3982817"
	Cpus = 1
	Disk = 6885190
	GPUs = 1
	GPUs_GPU_83d8ac8f = [ GlobalMemoryMb = 95235; MaxSupportedVersion = 12040; DriverVersion = 12.4; DeviceName = "NVIDIA H100 NVL"; CoresPerCU = 128; ECCEnabled = true; ComputeUnits = 132; ClockMhz = 1785.0; Id = "GPU-83d8ac8f"; Capability = 9.0; DevicePciBusId = "0000:3A:00.0"; DeviceUuid = "83d8ac8f-ff52-1c2a-a57e-2a7517992ad1" ]
	Memory = 2000
...
006 (7217813.002.000) 09/24 12:04:01 Image size of job updated: 2428076
	1880  -  MemoryUsage of job (MB)
	1924972  -  ResidentSetSize of job (KB)
...
006 (7217813.002.000) 09/24 12:09:02 Image size of job updated: 2809176
	2661  -  MemoryUsage of job (MB)
	2724408  -  ResidentSetSize of job (KB)
...
006 (7217813.002.000) 09/24 12:14:02 Image size of job updated: 4897032
	4782  -  MemoryUsage of job (MB)
	4896720  -  ResidentSetSize of job (KB)
...
006 (7217813.002.000) 09/24 12:19:02 Image size of job updated: 4947452
	4782  -  MemoryUsage of job (MB)
	4896720  -  ResidentSetSize of job (KB)
...
006 (7217813.002.000) 09/24 12:24:03 Image size of job updated: 4956196
	4782  -  MemoryUsage of job (MB)
	4896720  -  ResidentSetSize of job (KB)
...
006 (7217813.002.000) 09/24 12:29:03 Image size of job updated: 4967240
	4833  -  MemoryUsage of job (MB)
	4948556  -  ResidentSetSize of job (KB)
...
006 (7217813.002.000) 09/24 12:34:04 Image size of job updated: 4979220
	4833  -  MemoryUsage of job (MB)
	4948556  -  ResidentSetSize of job (KB)
...
006 (7217813.002.000) 09/24 12:48:32 Image size of job updated: 6801064
	4833  -  MemoryUsage of job (MB)
	4948556  -  ResidentSetSize of job (KB)
...
040 (7217813.002.000) 09/24 12:48:32 Started transferring output files
...
040 (7217813.002.000) 09/24 12:48:32 Finished transferring output files
...
005 (7217813.002.000) 09/24 12:48:32 Job terminated.
	(1) Normal termination (return value 50)
		Usr 0 00:29:37, Sys 0 00:06:28  -  Run Remote Usage
		Usr 0 00:00:00, Sys 0 00:00:00  -  Run Local Usage
		Usr 0 00:29:37, Sys 0 00:06:28  -  Total Remote Usage
		Usr 0 00:00:00, Sys 0 00:00:00  -  Total Local Usage
	57889  -  Run Bytes Sent By Job
	1408  -  Run Bytes Received By Job
	57889  -  Total Bytes Sent By Job
	1408  -  Total Bytes Received By Job
	Partitionable Resources :      Usage  Request Allocated Assigned
	   Cpus                 :       0           1         1 
	   Disk (KB)            : 2553519           2   6885190 
	   Gpus (Average)       :       0.07        1         1 "GPU-83d8ac8f"
	   GpusMemory (MB)      :    8048                       
	   Memory (MB)          :    4833        2000      2000 

	Job terminated of its own accord at 2024-09-24T10:48:32Z with exit-code 50.
...
