000 (7216416.007.000) 09/16 07:43:54 Job submitted from host: <137.138.44.55:9618?addrs=137.138.44.55-9618+[2001-1458-d00-1a--48]-9618&alias=bigbird17.cern.ch&noUDP&sock=schedd_1980_b19c>
...
022 (7216416.007.000) 09/17 13:31:14 Job disconnected, attempting to reconnect
    Local schedd and job shadow died, schedd now running again
    Trying to reconnect to slot1_8@b9g23p2961.cern.ch <128.142.248.197:9618?addrs=128.142.248.197-9618+[2001-1458-301-73--100-c4]-9618&alias=b9g23p2961.cern.ch&noUDP&sock=startd_5911_0866>
...
023 (7216416.007.000) 09/17 14:02:02 Job reconnected to slot1_8@b9g23p2961.cern.ch
    startd address: <128.142.248.197:9618?addrs=128.142.248.197-9618+[2001-1458-301-73--100-c4]-9618&alias=b9g23p2961.cern.ch&noUDP&sock=startd_5911_0866>
    starter address: <128.142.248.197:9618?addrs=128.142.248.197-9618+[2001-1458-301-73--100-c4]-9618&alias=b9g23p2961.cern.ch&noUDP&sock=slot1_8_2232953_240b_16088>
...
006 (7216416.007.000) 09/18 22:30:43 Image size of job updated: 1010204
	987  -  MemoryUsage of job (MB)
	1009968  -  ResidentSetSize of job (KB)
...
006 (7216416.007.000) 09/18 22:35:44 Image size of job updated: 1127296
	1099  -  MemoryUsage of job (MB)
	1125104  -  ResidentSetSize of job (KB)
...
006 (7216416.007.000) 09/18 22:40:44 Image size of job updated: 1237512
	1209  -  MemoryUsage of job (MB)
	1237280  -  ResidentSetSize of job (KB)
...
006 (7216416.007.000) 09/18 22:45:44 Image size of job updated: 1304476
	1274  -  MemoryUsage of job (MB)
	1304244  -  ResidentSetSize of job (KB)
...
006 (7216416.007.000) 09/18 22:50:45 Image size of job updated: 1441804
	1408  -  MemoryUsage of job (MB)
	1441572  -  ResidentSetSize of job (KB)
...
006 (7216416.007.000) 09/18 22:55:45 Image size of job updated: 2816580
	2751  -  MemoryUsage of job (MB)
	2816580  -  ResidentSetSize of job (KB)
...
006 (7216416.007.000) 09/18 22:55:56 Image size of job updated: 3447992
	2762  -  MemoryUsage of job (MB)
	2827396  -  ResidentSetSize of job (KB)
...
005 (7216416.007.000) 09/18 22:55:57 Job terminated.
	(1) Normal termination (return value 50)
		Usr 2 12:46:12, Sys 0 00:12:16  -  Run Remote Usage
		Usr 0 00:00:00, Sys 0 00:00:00  -  Run Local Usage
		Usr 3 17:29:05, Sys 0 00:20:03  -  Total Remote Usage
		Usr 0 00:00:00, Sys 0 00:00:00  -  Total Local Usage
	132041  -  Run Bytes Sent By Job
	0  -  Run Bytes Received By Job
	132041  -  Total Bytes Sent By Job
	2969  -  Total Bytes Received By Job
	Partitionable Resources :      Usage  Request Allocated 
	   Cpus                 :       0.97        1         1 
	   Disk (KB)            : 1887219     1887219   2975431 
	   Memory (MB)          :    2762        2000      2000 

	Job terminated of its own accord at 2024-09-18T20:55:56Z with exit-code 50.
...
