000 (7187271.005.000) 08/26 07:55:26 Job submitted from host: <137.138.44.55:9618?addrs=137.138.44.55-9618+[2001-1458-d00-1a--48]-9618&alias=bigbird17.cern.ch&noUDP&sock=schedd_23962_8474>
...
040 (7187271.005.000) 08/26 12:01:05 Started transferring input files
	Transferring to host: <128.142.248.197:9618?addrs=128.142.248.197-9618+[2001-1458-301-73--100-c4]-9618&alias=b9g23p2961.cern.ch&noUDP&sock=slot1_33_7499_794a_4849>
...
040 (7187271.005.000) 08/26 12:01:05 Finished transferring input files
...
001 (7187271.005.000) 08/26 12:01:06 Job executing on host: <128.142.248.197:9618?addrs=128.142.248.197-9618+[2001-1458-301-73--100-c4]-9618&alias=b9g23p2961.cern.ch&noUDP&sock=startd_5911_0866>
	SlotName: slot1_33@b9g23p2961.cern.ch
	CondorScratchDir = "/pool/condor/dir_2837163"
	Cpus = 1
	Disk = 3064096
	Memory = 2000
...
006 (7187271.005.000) 08/26 12:01:15 Image size of job updated: 643320
	629  -  MemoryUsage of job (MB)
	643220  -  ResidentSetSize of job (KB)
...
006 (7187271.005.000) 08/26 12:06:16 Image size of job updated: 990180
	936  -  MemoryUsage of job (MB)
	957612  -  ResidentSetSize of job (KB)
...
006 (7187271.005.000) 08/26 12:11:17 Image size of job updated: 1322212
	1292  -  MemoryUsage of job (MB)
	1322212  -  ResidentSetSize of job (KB)
...
006 (7187271.005.000) 08/26 12:16:17 Image size of job updated: 1666180
	1628  -  MemoryUsage of job (MB)
	1666180  -  ResidentSetSize of job (KB)
...
006 (7187271.005.000) 08/26 12:21:18 Image size of job updated: 1959224
	1905  -  MemoryUsage of job (MB)
	1949960  -  ResidentSetSize of job (KB)
...
006 (7187271.005.000) 08/26 12:26:18 Image size of job updated: 1986888
	1941  -  MemoryUsage of job (MB)
	1986888  -  ResidentSetSize of job (KB)
...
006 (7187271.005.000) 08/26 12:31:18 Image size of job updated: 3912344
	3821  -  MemoryUsage of job (MB)
	3912344  -  ResidentSetSize of job (KB)
...
006 (7187271.005.000) 08/26 12:36:19 Image size of job updated: 4382940
	4281  -  MemoryUsage of job (MB)
	4382940  -  ResidentSetSize of job (KB)
...
006 (7187271.005.000) 08/26 12:41:19 Image size of job updated: 4831408
	4719  -  MemoryUsage of job (MB)
	4831408  -  ResidentSetSize of job (KB)
...
006 (7187271.005.000) 08/26 12:46:20 Image size of job updated: 5307484
	5184  -  MemoryUsage of job (MB)
	5307484  -  ResidentSetSize of job (KB)
...
006 (7187271.005.000) 08/26 12:51:21 Image size of job updated: 5766896
	5632  -  MemoryUsage of job (MB)
	5766896  -  ResidentSetSize of job (KB)
...
006 (7187271.005.000) 08/26 12:56:21 Image size of job updated: 6234328
	6089  -  MemoryUsage of job (MB)
	6234328  -  ResidentSetSize of job (KB)
...
006 (7187271.005.000) 08/26 13:01:22 Image size of job updated: 6382316
	6106  -  MemoryUsage of job (MB)
	6251888  -  ResidentSetSize of job (KB)
...
040 (7187271.005.000) 08/26 13:09:31 Started transferring output files
...
040 (7187271.005.000) 08/26 13:09:31 Finished transferring output files
...
005 (7187271.005.000) 08/26 13:09:31 Job terminated.
	(1) Normal termination (return value 50)
		Usr 0 01:06:56, Sys 0 00:01:15  -  Run Remote Usage
		Usr 0 00:00:00, Sys 0 00:00:00  -  Run Local Usage
		Usr 0 01:06:56, Sys 0 00:01:15  -  Total Remote Usage
		Usr 0 00:00:00, Sys 0 00:00:00  -  Total Local Usage
	18690  -  Run Bytes Sent By Job
	2934  -  Run Bytes Received By Job
	18690  -  Total Bytes Sent By Job
	2934  -  Total Bytes Received By Job
	Partitionable Resources :      Usage  Request Allocated 
	   Cpus                 :       1.00        1         1 
	   Disk (KB)            : 3941107           3   3064096 
	   Memory (MB)          :    6106        2000      2000 

	Job terminated of its own accord at 2024-08-26T11:09:31Z with exit-code 50.
...
