000 (7187271.003.000) 08/26 07:55:26 Job submitted from host: <137.138.44.55:9618?addrs=137.138.44.55-9618+[2001-1458-d00-1a--48]-9618&alias=bigbird17.cern.ch&noUDP&sock=schedd_23962_8474>
...
040 (7187271.003.000) 08/26 12:01:04 Started transferring input files
	Transferring to host: <128.142.248.197:9618?addrs=128.142.248.197-9618+[2001-1458-301-73--100-c4]-9618&alias=b9g23p2961.cern.ch&noUDP&sock=slot1_4_7499_794a_4845>
...
040 (7187271.003.000) 08/26 12:01:04 Finished transferring input files
...
001 (7187271.003.000) 08/26 12:01:05 Job executing on host: <128.142.248.197:9618?addrs=128.142.248.197-9618+[2001-1458-301-73--100-c4]-9618&alias=b9g23p2961.cern.ch&noUDP&sock=startd_5911_0866>
	SlotName: slot1_4@b9g23p2961.cern.ch
	CondorScratchDir = "/pool/condor/dir_2837023"
	Cpus = 1
	Disk = 3064128
	Memory = 2000
...
006 (7187271.003.000) 08/26 12:01:14 Image size of job updated: 735940
	719  -  MemoryUsage of job (MB)
	735788  -  ResidentSetSize of job (KB)
...
006 (7187271.003.000) 08/26 12:06:16 Image size of job updated: 990684
	931  -  MemoryUsage of job (MB)
	952524  -  ResidentSetSize of job (KB)
...
006 (7187271.003.000) 08/26 12:11:16 Image size of job updated: 1324348
	1291  -  MemoryUsage of job (MB)
	1321916  -  ResidentSetSize of job (KB)
...
006 (7187271.003.000) 08/26 12:16:16 Image size of job updated: 1667856
	1622  -  MemoryUsage of job (MB)
	1660284  -  ResidentSetSize of job (KB)
...
006 (7187271.003.000) 08/26 12:21:17 Image size of job updated: 1880036
	1815  -  MemoryUsage of job (MB)
	1858336  -  ResidentSetSize of job (KB)
...
006 (7187271.003.000) 08/26 12:26:17 Image size of job updated: 1897336
	1815  -  MemoryUsage of job (MB)
	1858336  -  ResidentSetSize of job (KB)
...
006 (7187271.003.000) 08/26 12:31:18 Image size of job updated: 3783388
	3695  -  MemoryUsage of job (MB)
	3783388  -  ResidentSetSize of job (KB)
...
006 (7187271.003.000) 08/26 12:36:19 Image size of job updated: 4256064
	4157  -  MemoryUsage of job (MB)
	4256064  -  ResidentSetSize of job (KB)
...
006 (7187271.003.000) 08/26 12:41:19 Image size of job updated: 4722148
	4612  -  MemoryUsage of job (MB)
	4722148  -  ResidentSetSize of job (KB)
...
006 (7187271.003.000) 08/26 12:46:20 Image size of job updated: 5191660
	5070  -  MemoryUsage of job (MB)
	5191660  -  ResidentSetSize of job (KB)
...
006 (7187271.003.000) 08/26 12:51:20 Image size of job updated: 5636340
	5505  -  MemoryUsage of job (MB)
	5636340  -  ResidentSetSize of job (KB)
...
006 (7187271.003.000) 08/26 12:56:22 Image size of job updated: 6086996
	5945  -  MemoryUsage of job (MB)
	6086996  -  ResidentSetSize of job (KB)
...
006 (7187271.003.000) 08/26 13:01:22 Image size of job updated: 6268884
	6122  -  MemoryUsage of job (MB)
	6268884  -  ResidentSetSize of job (KB)
...
006 (7187271.003.000) 08/26 13:06:22 Image size of job updated: 6359876
	6196  -  MemoryUsage of job (MB)
	6344300  -  ResidentSetSize of job (KB)
...
006 (7187271.003.000) 08/26 13:09:41 Image size of job updated: 6536280
	6196  -  MemoryUsage of job (MB)
	6344300  -  ResidentSetSize of job (KB)
...
040 (7187271.003.000) 08/26 13:09:41 Started transferring output files
...
040 (7187271.003.000) 08/26 13:09:41 Finished transferring output files
...
005 (7187271.003.000) 08/26 13:09:41 Job terminated.
	(1) Normal termination (return value 50)
		Usr 0 01:07:09, Sys 0 00:01:14  -  Run Remote Usage
		Usr 0 00:00:00, Sys 0 00:00:00  -  Run Local Usage
		Usr 0 01:07:09, Sys 0 00:01:14  -  Total Remote Usage
		Usr 0 00:00:00, Sys 0 00:00:00  -  Total Local Usage
	18690  -  Run Bytes Sent By Job
	2934  -  Run Bytes Received By Job
	18690  -  Total Bytes Sent By Job
	2934  -  Total Bytes Received By Job
	Partitionable Resources :      Usage  Request Allocated 
	   Cpus                 :       1.00        1         1 
	   Disk (KB)            : 3941107           3   3064128 
	   Memory (MB)          :    6196        2000      2000 

	Job terminated of its own accord at 2024-08-26T11:09:41Z with exit-code 50.
...
