000 (7186302.003.000) 08/22 15:33:35 Job submitted from host: <137.138.44.55:9618?addrs=137.138.44.55-9618+[2001-1458-d00-1a--48]-9618&alias=bigbird17.cern.ch&noUDP&sock=schedd_23962_8474>
...
040 (7186302.003.000) 08/23 20:00:54 Started transferring input files
	Transferring to host: <128.142.248.197:9618?addrs=128.142.248.197-9618+[2001-1458-301-73--100-c4]-9618&alias=b9g23p2961.cern.ch&noUDP&sock=slot1_17_7499_794a_1076>
...
040 (7186302.003.000) 08/23 20:00:54 Finished transferring input files
...
001 (7186302.003.000) 08/23 20:00:55 Job executing on host: <128.142.248.197:9618?addrs=128.142.248.197-9618+[2001-1458-301-73--100-c4]-9618&alias=b9g23p2961.cern.ch&noUDP&sock=startd_5911_0866>
	SlotName: slot1_17@b9g23p2961.cern.ch
	CondorScratchDir = "/pool/condor/dir_1170983"
	Cpus = 1
	Disk = 3087487
	Memory = 2000
...
006 (7186302.003.000) 08/23 20:01:04 Image size of job updated: 584528
	329  -  MemoryUsage of job (MB)
	336124  -  ResidentSetSize of job (KB)
...
006 (7186302.003.000) 08/23 20:06:05 Image size of job updated: 584528
	439  -  MemoryUsage of job (MB)
	448988  -  ResidentSetSize of job (KB)
...
006 (7186302.003.000) 08/23 20:11:05 Image size of job updated: 584528
	460  -  MemoryUsage of job (MB)
	470224  -  ResidentSetSize of job (KB)
...
006 (7186302.003.000) 08/23 20:16:07 Image size of job updated: 584528
	538  -  MemoryUsage of job (MB)
	549988  -  ResidentSetSize of job (KB)
...
006 (7186302.003.000) 08/23 20:21:07 Image size of job updated: 715924
	685  -  MemoryUsage of job (MB)
	700732  -  ResidentSetSize of job (KB)
...
006 (7186302.003.000) 08/23 20:26:07 Image size of job updated: 3450824
	3370  -  MemoryUsage of job (MB)
	3450824  -  ResidentSetSize of job (KB)
...
006 (7186302.003.000) 08/23 20:31:08 Image size of job updated: 3602264
	3518  -  MemoryUsage of job (MB)
	3602264  -  ResidentSetSize of job (KB)
...
006 (7186302.003.000) 08/23 20:35:53 Image size of job updated: 3763700
	3518  -  MemoryUsage of job (MB)
	3602264  -  ResidentSetSize of job (KB)
...
040 (7186302.003.000) 08/23 20:35:53 Started transferring output files
...
040 (7186302.003.000) 08/23 20:36:01 Finished transferring output files
...
005 (7186302.003.000) 08/23 20:36:01 Job terminated.
	(1) Normal termination (return value 50)
		Usr 0 00:34:00, Sys 0 00:00:34  -  Run Remote Usage
		Usr 0 00:00:00, Sys 0 00:00:00  -  Run Local Usage
		Usr 0 00:34:00, Sys 0 00:00:34  -  Total Remote Usage
		Usr 0 00:00:00, Sys 0 00:00:00  -  Total Local Usage
	16030  -  Run Bytes Sent By Job
	2782  -  Run Bytes Received By Job
	16030  -  Total Bytes Sent By Job
	2782  -  Total Bytes Received By Job
	Partitionable Resources :     Usage  Request Allocated 
	   Cpus                 :      0.99        1         1 
	   Disk (KB)            : 585928           3   3087487 
	   Memory (MB)          :   3518        2000      2000 

	Job terminated of its own accord at 2024-08-23T18:35:53Z with exit-code 50.
...
