000 (7216715.006.000) 09/18 03:05:26 Job submitted from host: <137.138.44.55:9618?addrs=137.138.44.55-9618+[2001-1458-d00-1a--48]-9618&alias=bigbird17.cern.ch&noUDP&sock=schedd_1981_6134>
...
040 (7216715.006.000) 09/18 04:01:52 Started transferring input files
	Transferring to host: <128.142.248.214:9618?addrs=128.142.248.214-9618+[2001-1458-301-73--100-d5]-9618&alias=b9g23p2447.cern.ch&noUDP&sock=slot1_4_1211864_9179_18304>
...
040 (7216715.006.000) 09/18 04:01:52 Finished transferring input files
...
001 (7216715.006.000) 09/18 04:01:53 Job executing on host: <128.142.248.214:9618?addrs=128.142.248.214-9618+[2001-1458-301-73--100-d5]-9618&alias=b9g23p2447.cern.ch&noUDP&sock=startd_7869_0ed6>
	SlotName: slot1_4@b9g23p2447.cern.ch
	CondorScratchDir = "/pool/condor/dir_3756778"
	Cpus = 1
	Disk = 3040538
	Memory = 2000
...
006 (7216715.006.000) 09/18 04:02:02 Image size of job updated: 3
	0  -  MemoryUsage of job (MB)
	0  -  ResidentSetSize of job (KB)
...
006 (7216715.006.000) 09/18 04:07:03 Image size of job updated: 950588
	724  -  MemoryUsage of job (MB)
	741300  -  ResidentSetSize of job (KB)
...
006 (7216715.006.000) 09/18 04:12:03 Image size of job updated: 950588
	726  -  MemoryUsage of job (MB)
	743156  -  ResidentSetSize of job (KB)
...
006 (7216715.006.000) 09/18 04:17:04 Image size of job updated: 950588
	728  -  MemoryUsage of job (MB)
	744848  -  ResidentSetSize of job (KB)
...
006 (7216715.006.000) 09/18 04:22:05 Image size of job updated: 950588
	730  -  MemoryUsage of job (MB)
	746984  -  ResidentSetSize of job (KB)
...
006 (7216715.006.000) 09/18 04:27:05 Image size of job updated: 950588
	732  -  MemoryUsage of job (MB)
	748680  -  ResidentSetSize of job (KB)
...
006 (7216715.006.000) 09/18 04:32:06 Image size of job updated: 950588
	735  -  MemoryUsage of job (MB)
	751828  -  ResidentSetSize of job (KB)
...
006 (7216715.006.000) 09/18 04:37:07 Image size of job updated: 950588
	735  -  MemoryUsage of job (MB)
	752492  -  ResidentSetSize of job (KB)
...
006 (7216715.006.000) 09/18 04:42:07 Image size of job updated: 950588
	736  -  MemoryUsage of job (MB)
	753636  -  ResidentSetSize of job (KB)
...
006 (7216715.006.000) 09/18 04:47:08 Image size of job updated: 950588
	737  -  MemoryUsage of job (MB)
	754636  -  ResidentSetSize of job (KB)
...
006 (7216715.006.000) 09/18 04:52:08 Image size of job updated: 950588
	738  -  MemoryUsage of job (MB)
	755616  -  ResidentSetSize of job (KB)
...
006 (7216715.006.000) 09/18 04:57:09 Image size of job updated: 950588
	740  -  MemoryUsage of job (MB)
	756976  -  ResidentSetSize of job (KB)
...
006 (7216715.006.000) 09/18 05:02:09 Image size of job updated: 950588
	742  -  MemoryUsage of job (MB)
	759540  -  ResidentSetSize of job (KB)
...
006 (7216715.006.000) 09/18 05:07:09 Image size of job updated: 950588
	743  -  MemoryUsage of job (MB)
	760572  -  ResidentSetSize of job (KB)
...
006 (7216715.006.000) 09/18 05:12:10 Image size of job updated: 950588
	744  -  MemoryUsage of job (MB)
	761816  -  ResidentSetSize of job (KB)
...
006 (7216715.006.000) 09/18 05:17:11 Image size of job updated: 950588
	745  -  MemoryUsage of job (MB)
	762444  -  ResidentSetSize of job (KB)
...
006 (7216715.006.000) 09/18 05:22:11 Image size of job updated: 950588
	746  -  MemoryUsage of job (MB)
	763120  -  ResidentSetSize of job (KB)
...
006 (7216715.006.000) 09/18 05:27:12 Image size of job updated: 950588
	748  -  MemoryUsage of job (MB)
	765372  -  ResidentSetSize of job (KB)
...
006 (7216715.006.000) 09/18 05:32:13 Image size of job updated: 950588
	750  -  MemoryUsage of job (MB)
	767184  -  ResidentSetSize of job (KB)
...
006 (7216715.006.000) 09/18 05:37:13 Image size of job updated: 950588
	752  -  MemoryUsage of job (MB)
	769548  -  ResidentSetSize of job (KB)
...
006 (7216715.006.000) 09/18 05:42:14 Image size of job updated: 950588
	754  -  MemoryUsage of job (MB)
	771604  -  ResidentSetSize of job (KB)
...
006 (7216715.006.000) 09/18 05:47:15 Image size of job updated: 950588
	757  -  MemoryUsage of job (MB)
	774376  -  ResidentSetSize of job (KB)
...
006 (7216715.006.000) 09/18 05:52:15 Image size of job updated: 950588
	758  -  MemoryUsage of job (MB)
	775924  -  ResidentSetSize of job (KB)
...
006 (7216715.006.000) 09/18 05:57:16 Image size of job updated: 950588
	759  -  MemoryUsage of job (MB)
	776648  -  ResidentSetSize of job (KB)
...
006 (7216715.006.000) 09/18 06:02:17 Image size of job updated: 950588
	760  -  MemoryUsage of job (MB)
	777388  -  ResidentSetSize of job (KB)
...
006 (7216715.006.000) 09/18 06:07:17 Image size of job updated: 950588
	760  -  MemoryUsage of job (MB)
	777916  -  ResidentSetSize of job (KB)
...
006 (7216715.006.000) 09/18 06:12:18 Image size of job updated: 950588
	762  -  MemoryUsage of job (MB)
	779536  -  ResidentSetSize of job (KB)
...
006 (7216715.006.000) 09/18 06:17:18 Image size of job updated: 950588
	765  -  MemoryUsage of job (MB)
	782508  -  ResidentSetSize of job (KB)
...
006 (7216715.006.000) 09/18 06:22:19 Image size of job updated: 950588
	765  -  MemoryUsage of job (MB)
	783272  -  ResidentSetSize of job (KB)
...
006 (7216715.006.000) 09/18 06:27:19 Image size of job updated: 950588
	767  -  MemoryUsage of job (MB)
	784628  -  ResidentSetSize of job (KB)
...
006 (7216715.006.000) 09/18 06:32:19 Image size of job updated: 950588
	767  -  MemoryUsage of job (MB)
	785344  -  ResidentSetSize of job (KB)
...
006 (7216715.006.000) 09/18 06:37:20 Image size of job updated: 950588
	768  -  MemoryUsage of job (MB)
	786224  -  ResidentSetSize of job (KB)
...
006 (7216715.006.000) 09/18 06:42:20 Image size of job updated: 950588
	770  -  MemoryUsage of job (MB)
	787608  -  ResidentSetSize of job (KB)
...
006 (7216715.006.000) 09/18 06:47:20 Image size of job updated: 950588
	770  -  MemoryUsage of job (MB)
	788304  -  ResidentSetSize of job (KB)
...
006 (7216715.006.000) 09/18 06:52:21 Image size of job updated: 950588
	772  -  MemoryUsage of job (MB)
	789536  -  ResidentSetSize of job (KB)
...
006 (7216715.006.000) 09/18 06:57:21 Image size of job updated: 950588
	772  -  MemoryUsage of job (MB)
	790228  -  ResidentSetSize of job (KB)
...
006 (7216715.006.000) 09/18 07:02:21 Image size of job updated: 950588
	774  -  MemoryUsage of job (MB)
	791988  -  ResidentSetSize of job (KB)
...
006 (7216715.006.000) 09/18 07:07:22 Image size of job updated: 950588
	775  -  MemoryUsage of job (MB)
	793088  -  ResidentSetSize of job (KB)
...
006 (7216715.006.000) 09/18 07:12:22 Image size of job updated: 950588
	775  -  MemoryUsage of job (MB)
	793404  -  ResidentSetSize of job (KB)
...
006 (7216715.006.000) 09/18 07:17:22 Image size of job updated: 950588
	776  -  MemoryUsage of job (MB)
	794172  -  ResidentSetSize of job (KB)
...
006 (7216715.006.000) 09/18 07:22:23 Image size of job updated: 950588
	776  -  MemoryUsage of job (MB)
	794536  -  ResidentSetSize of job (KB)
...
006 (7216715.006.000) 09/18 07:27:24 Image size of job updated: 950588
	777  -  MemoryUsage of job (MB)
	794908  -  ResidentSetSize of job (KB)
...
006 (7216715.006.000) 09/18 07:32:24 Image size of job updated: 950588
	779  -  MemoryUsage of job (MB)
	796700  -  ResidentSetSize of job (KB)
...
006 (7216715.006.000) 09/18 07:37:25 Image size of job updated: 950588
	782  -  MemoryUsage of job (MB)
	800276  -  ResidentSetSize of job (KB)
...
006 (7216715.006.000) 09/18 07:42:26 Image size of job updated: 950588
	783  -  MemoryUsage of job (MB)
	801500  -  ResidentSetSize of job (KB)
...
006 (7216715.006.000) 09/18 07:47:26 Image size of job updated: 950588
	786  -  MemoryUsage of job (MB)
	804628  -  ResidentSetSize of job (KB)
...
006 (7216715.006.000) 09/18 07:52:27 Image size of job updated: 950588
	789  -  MemoryUsage of job (MB)
	807216  -  ResidentSetSize of job (KB)
...
006 (7216715.006.000) 09/18 07:57:27 Image size of job updated: 950588
	790  -  MemoryUsage of job (MB)
	808676  -  ResidentSetSize of job (KB)
...
006 (7216715.006.000) 09/18 08:02:28 Image size of job updated: 950588
	793  -  MemoryUsage of job (MB)
	811604  -  ResidentSetSize of job (KB)
...
006 (7216715.006.000) 09/18 08:07:28 Image size of job updated: 950588
	794  -  MemoryUsage of job (MB)
	812904  -  ResidentSetSize of job (KB)
...
006 (7216715.006.000) 09/18 08:12:28 Image size of job updated: 950588
	796  -  MemoryUsage of job (MB)
	814572  -  ResidentSetSize of job (KB)
...
006 (7216715.006.000) 09/18 08:17:28 Image size of job updated: 950588
	796  -  MemoryUsage of job (MB)
	814832  -  ResidentSetSize of job (KB)
...
006 (7216715.006.000) 09/18 08:22:29 Image size of job updated: 950588
	797  -  MemoryUsage of job (MB)
	815460  -  ResidentSetSize of job (KB)
...
006 (7216715.006.000) 09/18 08:27:29 Image size of job updated: 950588
	799  -  MemoryUsage of job (MB)
	817904  -  ResidentSetSize of job (KB)
...
006 (7216715.006.000) 09/18 08:32:30 Image size of job updated: 950588
	800  -  MemoryUsage of job (MB)
	818916  -  ResidentSetSize of job (KB)
...
006 (7216715.006.000) 09/18 08:37:31 Image size of job updated: 950588
	802  -  MemoryUsage of job (MB)
	820816  -  ResidentSetSize of job (KB)
...
006 (7216715.006.000) 09/18 08:42:31 Image size of job updated: 950588
	804  -  MemoryUsage of job (MB)
	822752  -  ResidentSetSize of job (KB)
...
006 (7216715.006.000) 09/18 08:47:32 Image size of job updated: 950588
	806  -  MemoryUsage of job (MB)
	825124  -  ResidentSetSize of job (KB)
...
006 (7216715.006.000) 09/18 08:52:32 Image size of job updated: 950588
	809  -  MemoryUsage of job (MB)
	827800  -  ResidentSetSize of job (KB)
...
006 (7216715.006.000) 09/18 08:57:33 Image size of job updated: 950588
	812  -  MemoryUsage of job (MB)
	830948  -  ResidentSetSize of job (KB)
...
006 (7216715.006.000) 09/18 09:02:33 Image size of job updated: 950588
	814  -  MemoryUsage of job (MB)
	833336  -  ResidentSetSize of job (KB)
...
006 (7216715.006.000) 09/18 09:07:33 Image size of job updated: 950588
	817  -  MemoryUsage of job (MB)
	836444  -  ResidentSetSize of job (KB)
...
006 (7216715.006.000) 09/18 09:12:34 Image size of job updated: 950588
	819  -  MemoryUsage of job (MB)
	838300  -  ResidentSetSize of job (KB)
...
006 (7216715.006.000) 09/18 09:17:35 Image size of job updated: 950588
	821  -  MemoryUsage of job (MB)
	840344  -  ResidentSetSize of job (KB)
...
006 (7216715.006.000) 09/18 09:22:35 Image size of job updated: 950588
	823  -  MemoryUsage of job (MB)
	842560  -  ResidentSetSize of job (KB)
...
006 (7216715.006.000) 09/18 09:27:36 Image size of job updated: 950588
	824  -  MemoryUsage of job (MB)
	843348  -  ResidentSetSize of job (KB)
...
006 (7216715.006.000) 09/18 09:32:37 Image size of job updated: 950588
	825  -  MemoryUsage of job (MB)
	844388  -  ResidentSetSize of job (KB)
...
006 (7216715.006.000) 09/18 09:37:37 Image size of job updated: 950588
	826  -  MemoryUsage of job (MB)
	845724  -  ResidentSetSize of job (KB)
...
006 (7216715.006.000) 09/18 09:42:38 Image size of job updated: 950588
	827  -  MemoryUsage of job (MB)
	846664  -  ResidentSetSize of job (KB)
...
006 (7216715.006.000) 09/18 09:47:38 Image size of job updated: 950588
	829  -  MemoryUsage of job (MB)
	848644  -  ResidentSetSize of job (KB)
...
006 (7216715.006.000) 09/18 09:52:39 Image size of job updated: 950588
	831  -  MemoryUsage of job (MB)
	850816  -  ResidentSetSize of job (KB)
...
006 (7216715.006.000) 09/18 09:57:39 Image size of job updated: 950588
	832  -  MemoryUsage of job (MB)
	851664  -  ResidentSetSize of job (KB)
...
006 (7216715.006.000) 09/18 10:02:39 Image size of job updated: 950588
	834  -  MemoryUsage of job (MB)
	853992  -  ResidentSetSize of job (KB)
...
006 (7216715.006.000) 09/18 10:07:40 Image size of job updated: 950588
	837  -  MemoryUsage of job (MB)
	856080  -  ResidentSetSize of job (KB)
...
006 (7216715.006.000) 09/18 10:12:40 Image size of job updated: 950588
	839  -  MemoryUsage of job (MB)
	858352  -  ResidentSetSize of job (KB)
...
006 (7216715.006.000) 09/18 10:17:40 Image size of job updated: 950588
	841  -  MemoryUsage of job (MB)
	860648  -  ResidentSetSize of job (KB)
...
006 (7216715.006.000) 09/18 10:22:41 Image size of job updated: 950588
	842  -  MemoryUsage of job (MB)
	861368  -  ResidentSetSize of job (KB)
...
006 (7216715.006.000) 09/18 10:27:42 Image size of job updated: 950588
	843  -  MemoryUsage of job (MB)
	862912  -  ResidentSetSize of job (KB)
...
006 (7216715.006.000) 09/18 10:32:42 Image size of job updated: 950588
	845  -  MemoryUsage of job (MB)
	864716  -  ResidentSetSize of job (KB)
...
006 (7216715.006.000) 09/18 10:37:43 Image size of job updated: 950588
	847  -  MemoryUsage of job (MB)
	866324  -  ResidentSetSize of job (KB)
...
006 (7216715.006.000) 09/18 10:42:44 Image size of job updated: 950588
	848  -  MemoryUsage of job (MB)
	867716  -  ResidentSetSize of job (KB)
...
006 (7216715.006.000) 09/18 10:47:44 Image size of job updated: 950588
	849  -  MemoryUsage of job (MB)
	868680  -  ResidentSetSize of job (KB)
...
006 (7216715.006.000) 09/18 10:52:45 Image size of job updated: 950588
	850  -  MemoryUsage of job (MB)
	869976  -  ResidentSetSize of job (KB)
...
006 (7216715.006.000) 09/18 10:57:46 Image size of job updated: 950588
	851  -  MemoryUsage of job (MB)
	871392  -  ResidentSetSize of job (KB)
...
006 (7216715.006.000) 09/18 11:02:46 Image size of job updated: 950588
	854  -  MemoryUsage of job (MB)
	873676  -  ResidentSetSize of job (KB)
...
006 (7216715.006.000) 09/18 11:07:47 Image size of job updated: 950588
	856  -  MemoryUsage of job (MB)
	876144  -  ResidentSetSize of job (KB)
...
006 (7216715.006.000) 09/18 11:12:47 Image size of job updated: 950588
	858  -  MemoryUsage of job (MB)
	878144  -  ResidentSetSize of job (KB)
...
006 (7216715.006.000) 09/18 11:17:48 Image size of job updated: 950588
	859  -  MemoryUsage of job (MB)
	879308  -  ResidentSetSize of job (KB)
...
006 (7216715.006.000) 09/18 11:22:49 Image size of job updated: 950588
	860  -  MemoryUsage of job (MB)
	880292  -  ResidentSetSize of job (KB)
...
006 (7216715.006.000) 09/18 11:27:49 Image size of job updated: 950588
	861  -  MemoryUsage of job (MB)
	881636  -  ResidentSetSize of job (KB)
...
006 (7216715.006.000) 09/18 11:32:50 Image size of job updated: 950588
	863  -  MemoryUsage of job (MB)
	883440  -  ResidentSetSize of job (KB)
...
006 (7216715.006.000) 09/18 11:37:51 Image size of job updated: 950588
	864  -  MemoryUsage of job (MB)
	884276  -  ResidentSetSize of job (KB)
...
006 (7216715.006.000) 09/18 11:42:51 Image size of job updated: 950588
	865  -  MemoryUsage of job (MB)
	884744  -  ResidentSetSize of job (KB)
...
006 (7216715.006.000) 09/18 11:47:52 Image size of job updated: 950588
	866  -  MemoryUsage of job (MB)
	885824  -  ResidentSetSize of job (KB)
...
006 (7216715.006.000) 09/18 11:52:52 Image size of job updated: 950588
	867  -  MemoryUsage of job (MB)
	887380  -  ResidentSetSize of job (KB)
...
006 (7216715.006.000) 09/18 11:57:53 Image size of job updated: 950588
	868  -  MemoryUsage of job (MB)
	888112  -  ResidentSetSize of job (KB)
...
006 (7216715.006.000) 09/18 12:02:53 Image size of job updated: 950588
	870  -  MemoryUsage of job (MB)
	890168  -  ResidentSetSize of job (KB)
...
006 (7216715.006.000) 09/18 12:07:53 Image size of job updated: 950588
	870  -  MemoryUsage of job (MB)
	890780  -  ResidentSetSize of job (KB)
...
006 (7216715.006.000) 09/18 12:12:54 Image size of job updated: 950588
	871  -  MemoryUsage of job (MB)
	891440  -  ResidentSetSize of job (KB)
...
006 (7216715.006.000) 09/18 12:17:54 Image size of job updated: 950588
	872  -  MemoryUsage of job (MB)
	891912  -  ResidentSetSize of job (KB)
...
006 (7216715.006.000) 09/18 12:22:54 Image size of job updated: 950588
	873  -  MemoryUsage of job (MB)
	893796  -  ResidentSetSize of job (KB)
...
006 (7216715.006.000) 09/18 12:27:55 Image size of job updated: 950588
	874  -  MemoryUsage of job (MB)
	894592  -  ResidentSetSize of job (KB)
...
006 (7216715.006.000) 09/18 12:32:55 Image size of job updated: 950588
	875  -  MemoryUsage of job (MB)
	895544  -  ResidentSetSize of job (KB)
...
006 (7216715.006.000) 09/18 12:37:55 Image size of job updated: 950588
	876  -  MemoryUsage of job (MB)
	896096  -  ResidentSetSize of job (KB)
...
006 (7216715.006.000) 09/18 12:42:56 Image size of job updated: 950588
	880  -  MemoryUsage of job (MB)
	901116  -  ResidentSetSize of job (KB)
...
006 (7216715.006.000) 09/18 12:47:56 Image size of job updated: 950588
	882  -  MemoryUsage of job (MB)
	902264  -  ResidentSetSize of job (KB)
...
006 (7216715.006.000) 09/18 12:52:56 Image size of job updated: 950588
	882  -  MemoryUsage of job (MB)
	902908  -  ResidentSetSize of job (KB)
...
006 (7216715.006.000) 09/18 12:57:57 Image size of job updated: 950588
	884  -  MemoryUsage of job (MB)
	904436  -  ResidentSetSize of job (KB)
...
006 (7216715.006.000) 09/18 13:02:58 Image size of job updated: 950588
	887  -  MemoryUsage of job (MB)
	907480  -  ResidentSetSize of job (KB)
...
006 (7216715.006.000) 09/18 13:23:00 Image size of job updated: 950588
	887  -  MemoryUsage of job (MB)
	908116  -  ResidentSetSize of job (KB)
...
006 (7216715.006.000) 09/18 13:28:01 Image size of job updated: 950588
	890  -  MemoryUsage of job (MB)
	910532  -  ResidentSetSize of job (KB)
...
006 (7216715.006.000) 09/18 13:38:02 Image size of job updated: 950588
	890  -  MemoryUsage of job (MB)
	910856  -  ResidentSetSize of job (KB)
...
006 (7216715.006.000) 09/18 13:43:02 Image size of job updated: 950588
	891  -  MemoryUsage of job (MB)
	912224  -  ResidentSetSize of job (KB)
...
006 (7216715.006.000) 09/18 13:48:02 Image size of job updated: 950588
	892  -  MemoryUsage of job (MB)
	912964  -  ResidentSetSize of job (KB)
...
006 (7216715.006.000) 09/18 13:53:03 Image size of job updated: 950588
	900  -  MemoryUsage of job (MB)
	920976  -  ResidentSetSize of job (KB)
...
006 (7216715.006.000) 09/18 14:18:05 Image size of job updated: 950588
	902  -  MemoryUsage of job (MB)
	923468  -  ResidentSetSize of job (KB)
...
006 (7216715.006.000) 09/18 14:48:09 Image size of job updated: 950588
	903  -  MemoryUsage of job (MB)
	924408  -  ResidentSetSize of job (KB)
...
006 (7216715.006.000) 09/18 14:53:09 Image size of job updated: 950588
	908  -  MemoryUsage of job (MB)
	929620  -  ResidentSetSize of job (KB)
...
006 (7216715.006.000) 09/18 14:58:09 Image size of job updated: 950588
	910  -  MemoryUsage of job (MB)
	931096  -  ResidentSetSize of job (KB)
...
006 (7216715.006.000) 09/18 15:03:10 Image size of job updated: 950588
	911  -  MemoryUsage of job (MB)
	932632  -  ResidentSetSize of job (KB)
...
006 (7216715.006.000) 09/18 15:08:11 Image size of job updated: 950588
	914  -  MemoryUsage of job (MB)
	935888  -  ResidentSetSize of job (KB)
...
006 (7216715.006.000) 09/18 16:08:15 Image size of job updated: 950588
	915  -  MemoryUsage of job (MB)
	936940  -  ResidentSetSize of job (KB)
...
006 (7216715.006.000) 09/18 16:13:16 Image size of job updated: 950588
	916  -  MemoryUsage of job (MB)
	937936  -  ResidentSetSize of job (KB)
...
006 (7216715.006.000) 09/18 16:18:17 Image size of job updated: 950588
	917  -  MemoryUsage of job (MB)
	938276  -  ResidentSetSize of job (KB)
...
006 (7216715.006.000) 09/18 16:23:17 Image size of job updated: 950588
	917  -  MemoryUsage of job (MB)
	938672  -  ResidentSetSize of job (KB)
...
006 (7216715.006.000) 09/18 16:28:18 Image size of job updated: 950588
	922  -  MemoryUsage of job (MB)
	943640  -  ResidentSetSize of job (KB)
...
006 (7216715.006.000) 09/18 16:53:21 Image size of job updated: 950588
	922  -  MemoryUsage of job (MB)
	944108  -  ResidentSetSize of job (KB)
...
006 (7216715.006.000) 09/18 16:58:22 Image size of job updated: 950588
	924  -  MemoryUsage of job (MB)
	945540  -  ResidentSetSize of job (KB)
...
006 (7216715.006.000) 09/18 17:03:23 Image size of job updated: 950588
	925  -  MemoryUsage of job (MB)
	946500  -  ResidentSetSize of job (KB)
...
006 (7216715.006.000) 09/18 17:08:23 Image size of job updated: 950588
	926  -  MemoryUsage of job (MB)
	947588  -  ResidentSetSize of job (KB)
...
006 (7216715.006.000) 09/18 17:13:24 Image size of job updated: 950588
	927  -  MemoryUsage of job (MB)
	948492  -  ResidentSetSize of job (KB)
...
006 (7216715.006.000) 09/18 17:18:24 Image size of job updated: 951692
	928  -  MemoryUsage of job (MB)
	949768  -  ResidentSetSize of job (KB)
...
006 (7216715.006.000) 09/18 17:23:25 Image size of job updated: 952328
	929  -  MemoryUsage of job (MB)
	950612  -  ResidentSetSize of job (KB)
...
006 (7216715.006.000) 09/18 17:28:25 Image size of job updated: 959200
	929  -  MemoryUsage of job (MB)
	950612  -  ResidentSetSize of job (KB)
...
006 (7216715.006.000) 09/18 18:38:33 Image size of job updated: 959200
	930  -  MemoryUsage of job (MB)
	951836  -  ResidentSetSize of job (KB)
...
006 (7216715.006.000) 09/18 18:43:33 Image size of job updated: 959200
	931  -  MemoryUsage of job (MB)
	953188  -  ResidentSetSize of job (KB)
...
006 (7216715.006.000) 09/18 18:48:34 Image size of job updated: 959200
	932  -  MemoryUsage of job (MB)
	954064  -  ResidentSetSize of job (KB)
...
006 (7216715.006.000) 09/18 18:53:35 Image size of job updated: 959200
	934  -  MemoryUsage of job (MB)
	955540  -  ResidentSetSize of job (KB)
...
006 (7216715.006.000) 09/18 18:58:35 Image size of job updated: 959200
	935  -  MemoryUsage of job (MB)
	956624  -  ResidentSetSize of job (KB)
...
006 (7216715.006.000) 09/18 19:03:36 Image size of job updated: 966600
	935  -  MemoryUsage of job (MB)
	956624  -  ResidentSetSize of job (KB)
...
006 (7216715.006.000) 09/18 20:23:43 Image size of job updated: 966600
	936  -  MemoryUsage of job (MB)
	957688  -  ResidentSetSize of job (KB)
...
006 (7216715.006.000) 09/18 20:28:44 Image size of job updated: 966600
	936  -  MemoryUsage of job (MB)
	958096  -  ResidentSetSize of job (KB)
...
006 (7216715.006.000) 09/18 20:43:44 Image size of job updated: 966600
	937  -  MemoryUsage of job (MB)
	958988  -  ResidentSetSize of job (KB)
...
006 (7216715.006.000) 09/18 20:48:45 Image size of job updated: 966600
	938  -  MemoryUsage of job (MB)
	960408  -  ResidentSetSize of job (KB)
...
006 (7216715.006.000) 09/18 20:53:46 Image size of job updated: 966600
	939  -  MemoryUsage of job (MB)
	961432  -  ResidentSetSize of job (KB)
...
006 (7216715.006.000) 09/18 20:58:46 Image size of job updated: 966600
	940  -  MemoryUsage of job (MB)
	961720  -  ResidentSetSize of job (KB)
...
006 (7216715.006.000) 09/18 21:03:47 Image size of job updated: 966600
	940  -  MemoryUsage of job (MB)
	962200  -  ResidentSetSize of job (KB)
...
006 (7216715.006.000) 09/18 21:08:48 Image size of job updated: 966600
	941  -  MemoryUsage of job (MB)
	962604  -  ResidentSetSize of job (KB)
...
006 (7216715.006.000) 09/18 21:13:48 Image size of job updated: 966600
	941  -  MemoryUsage of job (MB)
	963084  -  ResidentSetSize of job (KB)
...
006 (7216715.006.000) 09/18 21:18:49 Image size of job updated: 966600
	941  -  MemoryUsage of job (MB)
	963400  -  ResidentSetSize of job (KB)
...
006 (7216715.006.000) 09/18 21:23:49 Image size of job updated: 966600
	942  -  MemoryUsage of job (MB)
	963792  -  ResidentSetSize of job (KB)
...
006 (7216715.006.000) 09/18 21:28:50 Image size of job updated: 969280
	942  -  MemoryUsage of job (MB)
	963792  -  ResidentSetSize of job (KB)
...
006 (7216715.006.000) 09/18 23:44:04 Image size of job updated: 970084
	942  -  MemoryUsage of job (MB)
	963792  -  ResidentSetSize of job (KB)
...
006 (7216715.006.000) 09/18 23:54:06 Image size of job updated: 970364
	942  -  MemoryUsage of job (MB)
	963932  -  ResidentSetSize of job (KB)
...
006 (7216715.006.000) 09/18 23:59:06 Image size of job updated: 970364
	945  -  MemoryUsage of job (MB)
	966992  -  ResidentSetSize of job (KB)
...
006 (7216715.006.000) 09/19 00:04:07 Image size of job updated: 972996
	946  -  MemoryUsage of job (MB)
	968104  -  ResidentSetSize of job (KB)
...
006 (7216715.006.000) 09/19 00:09:07 Image size of job updated: 975356
	948  -  MemoryUsage of job (MB)
	969888  -  ResidentSetSize of job (KB)
...
006 (7216715.006.000) 09/19 00:14:08 Image size of job updated: 975496
	948  -  MemoryUsage of job (MB)
	970420  -  ResidentSetSize of job (KB)
...
006 (7216715.006.000) 09/19 00:19:09 Image size of job updated: 977000
	950  -  MemoryUsage of job (MB)
	972104  -  ResidentSetSize of job (KB)
...
006 (7216715.006.000) 09/19 00:24:09 Image size of job updated: 978348
	950  -  MemoryUsage of job (MB)
	972104  -  ResidentSetSize of job (KB)
...
006 (7216715.006.000) 09/19 00:29:10 Image size of job updated: 983348
	952  -  MemoryUsage of job (MB)
	973916  -  ResidentSetSize of job (KB)
...
006 (7216715.006.000) 09/19 00:34:11 Image size of job updated: 983348
	952  -  MemoryUsage of job (MB)
	974460  -  ResidentSetSize of job (KB)
...
006 (7216715.006.000) 09/19 00:39:11 Image size of job updated: 983348
	954  -  MemoryUsage of job (MB)
	976580  -  ResidentSetSize of job (KB)
...
006 (7216715.006.000) 09/19 00:44:12 Image size of job updated: 983348
	956  -  MemoryUsage of job (MB)
	978512  -  ResidentSetSize of job (KB)
...
006 (7216715.006.000) 09/19 00:49:13 Image size of job updated: 986512
	958  -  MemoryUsage of job (MB)
	980164  -  ResidentSetSize of job (KB)
...
006 (7216715.006.000) 09/19 00:54:13 Image size of job updated: 986512
	959  -  MemoryUsage of job (MB)
	981464  -  ResidentSetSize of job (KB)
...
006 (7216715.006.000) 09/19 00:59:14 Image size of job updated: 988592
	960  -  MemoryUsage of job (MB)
	982048  -  ResidentSetSize of job (KB)
...
006 (7216715.006.000) 09/19 01:04:14 Image size of job updated: 991160
	966  -  MemoryUsage of job (MB)
	989112  -  ResidentSetSize of job (KB)
...
006 (7216715.006.000) 09/19 01:09:15 Image size of job updated: 994772
	966  -  MemoryUsage of job (MB)
	989112  -  ResidentSetSize of job (KB)
...
006 (7216715.006.000) 09/19 01:14:16 Image size of job updated: 996116
	970  -  MemoryUsage of job (MB)
	992716  -  ResidentSetSize of job (KB)
...
006 (7216715.006.000) 09/19 01:19:16 Image size of job updated: 997128
	971  -  MemoryUsage of job (MB)
	993980  -  ResidentSetSize of job (KB)
...
006 (7216715.006.000) 09/19 01:24:17 Image size of job updated: 999576
	973  -  MemoryUsage of job (MB)
	995484  -  ResidentSetSize of job (KB)
...
006 (7216715.006.000) 09/19 01:29:18 Image size of job updated: 1001120
	973  -  MemoryUsage of job (MB)
	996224  -  ResidentSetSize of job (KB)
...
006 (7216715.006.000) 09/19 01:34:18 Image size of job updated: 1003200
	975  -  MemoryUsage of job (MB)
	998068  -  ResidentSetSize of job (KB)
...
006 (7216715.006.000) 09/19 01:39:19 Image size of job updated: 1003580
	976  -  MemoryUsage of job (MB)
	999088  -  ResidentSetSize of job (KB)
...
006 (7216715.006.000) 09/19 01:44:19 Image size of job updated: 1005292
	977  -  MemoryUsage of job (MB)
	999432  -  ResidentSetSize of job (KB)
...
006 (7216715.006.000) 09/19 01:49:20 Image size of job updated: 1006856
	977  -  MemoryUsage of job (MB)
	999432  -  ResidentSetSize of job (KB)
...
006 (7216715.006.000) 09/19 01:54:20 Image size of job updated: 1006856
	977  -  MemoryUsage of job (MB)
	999672  -  ResidentSetSize of job (KB)
...
006 (7216715.006.000) 09/19 01:59:20 Image size of job updated: 1006856
	982  -  MemoryUsage of job (MB)
	1004808  -  ResidentSetSize of job (KB)
...
006 (7216715.006.000) 09/19 02:04:21 Image size of job updated: 1011496
	983  -  MemoryUsage of job (MB)
	1006380  -  ResidentSetSize of job (KB)
...
006 (7216715.006.000) 09/19 02:09:21 Image size of job updated: 1012852
	983  -  MemoryUsage of job (MB)
	1006380  -  ResidentSetSize of job (KB)
...
006 (7216715.006.000) 09/19 02:19:22 Image size of job updated: 1012852
	988  -  MemoryUsage of job (MB)
	1011232  -  ResidentSetSize of job (KB)
...
006 (7216715.006.000) 09/19 02:24:22 Image size of job updated: 1014232
	988  -  MemoryUsage of job (MB)
	1011232  -  ResidentSetSize of job (KB)
...
006 (7216715.006.000) 09/19 02:29:22 Image size of job updated: 1019600
	988  -  MemoryUsage of job (MB)
	1011580  -  ResidentSetSize of job (KB)
...
006 (7216715.006.000) 09/19 02:34:23 Image size of job updated: 1019600
	992  -  MemoryUsage of job (MB)
	1015168  -  ResidentSetSize of job (KB)
...
006 (7216715.006.000) 09/19 02:39:24 Image size of job updated: 1023068
	994  -  MemoryUsage of job (MB)
	1017412  -  ResidentSetSize of job (KB)
...
006 (7216715.006.000) 09/19 02:44:24 Image size of job updated: 1023448
	995  -  MemoryUsage of job (MB)
	1018492  -  ResidentSetSize of job (KB)
...
006 (7216715.006.000) 09/19 03:19:27 Image size of job updated: 1023448
	996  -  MemoryUsage of job (MB)
	1019524  -  ResidentSetSize of job (KB)
...
006 (7216715.006.000) 09/19 03:24:27 Image size of job updated: 1023956
	997  -  MemoryUsage of job (MB)
	1020056  -  ResidentSetSize of job (KB)
...
006 (7216715.006.000) 09/19 03:29:28 Image size of job updated: 1024344
	997  -  MemoryUsage of job (MB)
	1020604  -  ResidentSetSize of job (KB)
...
006 (7216715.006.000) 09/19 03:34:29 Image size of job updated: 1024812
	998  -  MemoryUsage of job (MB)
	1021280  -  ResidentSetSize of job (KB)
...
006 (7216715.006.000) 09/19 03:39:29 Image size of job updated: 1026628
	998  -  MemoryUsage of job (MB)
	1021776  -  ResidentSetSize of job (KB)
...
006 (7216715.006.000) 09/19 03:44:30 Image size of job updated: 1026628
	999  -  MemoryUsage of job (MB)
	1022660  -  ResidentSetSize of job (KB)
...
006 (7216715.006.000) 09/19 03:49:31 Image size of job updated: 1027768
	1000  -  MemoryUsage of job (MB)
	1023488  -  ResidentSetSize of job (KB)
...
006 (7216715.006.000) 09/19 03:54:31 Image size of job updated: 1030364
	1004  -  MemoryUsage of job (MB)
	1027128  -  ResidentSetSize of job (KB)
...
006 (7216715.006.000) 09/19 03:59:32 Image size of job updated: 1030740
	1004  -  MemoryUsage of job (MB)
	1027852  -  ResidentSetSize of job (KB)
...
006 (7216715.006.000) 09/19 04:04:32 Image size of job updated: 1031120
	1005  -  MemoryUsage of job (MB)
	1028300  -  ResidentSetSize of job (KB)
...
006 (7216715.006.000) 09/19 04:09:33 Image size of job updated: 1032344
	1006  -  MemoryUsage of job (MB)
	1029124  -  ResidentSetSize of job (KB)
...
006 (7216715.006.000) 09/19 04:14:33 Image size of job updated: 1032896
	1006  -  MemoryUsage of job (MB)
	1029468  -  ResidentSetSize of job (KB)
...
006 (7216715.006.000) 09/19 04:19:33 Image size of job updated: 1032896
	1006  -  MemoryUsage of job (MB)
	1029936  -  ResidentSetSize of job (KB)
...
006 (7216715.006.000) 09/19 04:24:34 Image size of job updated: 1034976
	1007  -  MemoryUsage of job (MB)
	1030696  -  ResidentSetSize of job (KB)
...
006 (7216715.006.000) 09/19 04:29:35 Image size of job updated: 1034976
	1007  -  MemoryUsage of job (MB)
	1031068  -  ResidentSetSize of job (KB)
...
006 (7216715.006.000) 09/19 04:34:36 Image size of job updated: 1034976
	1008  -  MemoryUsage of job (MB)
	1031304  -  ResidentSetSize of job (KB)
...
006 (7216715.006.000) 09/19 04:39:36 Image size of job updated: 1034976
	1009  -  MemoryUsage of job (MB)
	1032284  -  ResidentSetSize of job (KB)
...
006 (7216715.006.000) 09/19 04:44:37 Image size of job updated: 1035264
	1009  -  MemoryUsage of job (MB)
	1032476  -  ResidentSetSize of job (KB)
...
006 (7216715.006.000) 09/19 04:49:38 Image size of job updated: 1036652
	1009  -  MemoryUsage of job (MB)
	1033180  -  ResidentSetSize of job (KB)
...
006 (7216715.006.000) 09/19 04:52:29 Image size of job updated: 4925648
	1696  -  MemoryUsage of job (MB)
	1736324  -  ResidentSetSize of job (KB)
...
040 (7216715.006.000) 09/19 04:52:30 Started transferring output files
...
040 (7216715.006.000) 09/19 04:52:30 Finished transferring output files
...
005 (7216715.006.000) 09/19 04:52:30 Job terminated.
	(1) Normal termination (return value 0)
		Usr 1 00:37:36, Sys 0 00:03:11  -  Run Remote Usage
		Usr 0 00:00:00, Sys 0 00:00:00  -  Run Local Usage
		Usr 1 00:37:36, Sys 0 00:03:11  -  Total Remote Usage
		Usr 0 00:00:00, Sys 0 00:00:00  -  Total Local Usage
	13865  -  Run Bytes Sent By Job
	2985  -  Run Bytes Received By Job
	13865  -  Total Bytes Sent By Job
	2985  -  Total Bytes Received By Job
	Partitionable Resources :     Usage  Request Allocated 
	   Cpus                 :      1.00        1         1 
	   Disk (KB)            : 813082           3   3040538 
	   Memory (MB)          :   1696        2000      2000 

	Job terminated of its own accord at 2024-09-19T02:52:29Z with exit-code 0.
...
