000 (7187247.004.000) 08/26 07:55:05 Job submitted from host: <137.138.44.55:9618?addrs=137.138.44.55-9618+[2001-1458-d00-1a--48]-9618&alias=bigbird17.cern.ch&noUDP&sock=schedd_23962_8474>
...
040 (7187247.004.000) 08/26 18:44:45 Started transferring input files
	Transferring to host: <188.185.93.146:9618?addrs=188.185.93.146-9618+[2001-1458-d00-6c--100-31a]-9618&alias=b9g57n0740.cern.ch&noUDP&sock=slot1_1_3222_f0bc_110007>
...
040 (7187247.004.000) 08/26 18:44:45 Finished transferring input files
...
001 (7187247.004.000) 08/26 18:44:46 Job executing on host: <188.185.93.146:9618?addrs=188.185.93.146-9618+[2001-1458-d00-6c--100-31a]-9618&alias=b9g57n0740.cern.ch&noUDP&sock=startd_2845_0307>
	SlotName: slot1_1@b9g57n0740.cern.ch
	AvailableGPUs = { GPUs_GPU_9a98ebeb }
	CondorScratchDir = "/pool/condor/dir_923153"
	Cpus = 1
	Disk = 338678
	GPUs = 1
	GPUs_GPU_9a98ebeb = [ GlobalMemoryMb = 40326; MaxSupportedVersion = 12040; DriverVersion = 12.4; DeviceUuid = "9a98ebeb-911f-1d15-1176-f7aa715b1065"; DeviceName = "NVIDIA A100-PCIE-40GB"; CoresPerCU = 64; ECCEnabled = true; ComputeUnits = 108; ClockMhz = 1410.0; Id = "GPU-9a98ebeb"; DevicePciBusId = "0000:06:00.0"; Capability = 8.0 ]
	Memory = 2000
...
006 (7187247.004.000) 08/26 18:44:56 Image size of job updated: 509004
	289  -  MemoryUsage of job (MB)
	294936  -  ResidentSetSize of job (KB)
...
006 (7187247.004.000) 08/26 18:49:56 Image size of job updated: 3976884
	3884  -  MemoryUsage of job (MB)
	3976884  -  ResidentSetSize of job (KB)
...
006 (7187247.004.000) 08/26 18:54:56 Image size of job updated: 4887704
	4774  -  MemoryUsage of job (MB)
	4887704  -  ResidentSetSize of job (KB)
...
006 (7187247.004.000) 08/26 18:59:57 Image size of job updated: 5799948
	5665  -  MemoryUsage of job (MB)
	5799948  -  ResidentSetSize of job (KB)
...
006 (7187247.004.000) 08/26 19:04:58 Image size of job updated: 6696024
	6540  -  MemoryUsage of job (MB)
	6696024  -  ResidentSetSize of job (KB)
...
006 (7187247.004.000) 08/26 19:07:16 Image size of job updated: 7008728
	6540  -  MemoryUsage of job (MB)
	6696024  -  ResidentSetSize of job (KB)
...
040 (7187247.004.000) 08/26 19:07:16 Started transferring output files
...
040 (7187247.004.000) 08/26 19:07:16 Finished transferring output files
...
005 (7187247.004.000) 08/26 19:07:16 Job terminated.
	(1) Normal termination (return value 50)
		Usr 0 00:21:46, Sys 0 00:00:31  -  Run Remote Usage
		Usr 0 00:00:00, Sys 0 00:00:00  -  Run Local Usage
		Usr 0 00:21:46, Sys 0 00:00:31  -  Total Remote Usage
		Usr 0 00:00:00, Sys 0 00:00:00  -  Total Local Usage
	18131  -  Run Bytes Sent By Job
	2919  -  Run Bytes Received By Job
	18131  -  Total Bytes Sent By Job
	2919  -  Total Bytes Received By Job
	Partitionable Resources :      Usage  Request Allocated Assigned
	   Cpus                 :       1.00        1         1 
	   Disk (KB)            : 3682292           3    338678 
	   Gpus (Average)       :       0.00        1         1 "GPU-9a98ebeb"
	   GpusMemory (MB)      :    1065                       
	   Memory (MB)          :    6540        2000      2000 

	Job terminated of its own accord at 2024-08-26T17:07:16Z with exit-code 50.
...
