000 (7187247.006.000) 08/26 07:55:05 Job submitted from host: <137.138.44.55:9618?addrs=137.138.44.55-9618+[2001-1458-d00-1a--48]-9618&alias=bigbird17.cern.ch&noUDP&sock=schedd_23962_8474>
...
040 (7187247.006.000) 08/26 18:51:47 Started transferring input files
	Transferring to host: <188.185.93.47:9618?addrs=188.185.93.47-9618+[2001-1458-d00-6c--100-287]-9618&alias=b9g57n0051.cern.ch&noUDP&sock=slot1_1_12571_2818_109444>
...
040 (7187247.006.000) 08/26 18:51:47 Finished transferring input files
...
001 (7187247.006.000) 08/26 18:51:48 Job executing on host: <188.185.93.47:9618?addrs=188.185.93.47-9618+[2001-1458-d00-6c--100-287]-9618&alias=b9g57n0051.cern.ch&noUDP&sock=startd_11769_2231>
	SlotName: slot1_1@b9g57n0051.cern.ch
	AvailableGPUs = { GPUs_GPU_7a483b10 }
	CondorScratchDir = "/pool/condor/dir_3907654"
	Cpus = 1
	Disk = 315491
	GPUs = 1
	GPUs_GPU_7a483b10 = [ GlobalMemoryMb = 40326; MaxSupportedVersion = 12040; DriverVersion = 12.4; DeviceUuid = "7a483b10-0f71-ee98-47a2-b3922f8bebfc"; DeviceName = "NVIDIA A100-PCIE-40GB"; CoresPerCU = 64; ECCEnabled = true; ComputeUnits = 108; ClockMhz = 1410.0; Id = "GPU-7a483b10"; DevicePciBusId = "0000:06:00.0"; Capability = 8.0 ]
	Memory = 2000
...
006 (7187247.006.000) 08/26 18:51:57 Image size of job updated: 15684608
	467  -  MemoryUsage of job (MB)
	477452  -  ResidentSetSize of job (KB)
...
006 (7187247.006.000) 08/26 18:56:57 Image size of job updated: 15684608
	5198  -  MemoryUsage of job (MB)
	5322536  -  ResidentSetSize of job (KB)
...
006 (7187247.006.000) 08/26 19:06:58 Image size of job updated: 15684608
	5790  -  MemoryUsage of job (MB)
	5927956  -  ResidentSetSize of job (KB)
...
006 (7187247.006.000) 08/26 19:11:58 Image size of job updated: 15684608
	6668  -  MemoryUsage of job (MB)
	6827588  -  ResidentSetSize of job (KB)
...
040 (7187247.006.000) 08/26 19:14:26 Started transferring output files
...
040 (7187247.006.000) 08/26 19:14:26 Finished transferring output files
...
005 (7187247.006.000) 08/26 19:14:26 Job terminated.
	(1) Normal termination (return value 50)
		Usr 0 10:02:06, Sys 0 21:51:52  -  Run Remote Usage
		Usr 0 00:00:00, Sys 0 00:00:00  -  Run Local Usage
		Usr 0 10:02:06, Sys 0 21:51:52  -  Total Remote Usage
		Usr 0 00:00:00, Sys 0 00:00:00  -  Total Local Usage
	18127  -  Run Bytes Sent By Job
	2919  -  Run Bytes Received By Job
	18127  -  Total Bytes Sent By Job
	2919  -  Total Bytes Received By Job
	Partitionable Resources :      Usage  Request Allocated Assigned
	   Cpus                 :       1.00        1         1 
	   Disk (KB)            : 3682293           3    315491 
	   Gpus (Average)       :       0.00        1         1 "GPU-7a483b10"
	   GpusMemory (MB)      :    1065                       
	   Memory (MB)          :    6668        2000      2000 

	Job terminated of its own accord at 2024-08-26T17:14:26Z with exit-code 50.
...
