000 (7186318.007.000) 08/22 15:33:48 Job submitted from host: <137.138.44.55:9618?addrs=137.138.44.55-9618+[2001-1458-d00-1a--48]-9618&alias=bigbird17.cern.ch&noUDP&sock=schedd_23962_8474>
...
040 (7186318.007.000) 08/23 02:53:11 Started transferring input files
	Transferring to host: <188.185.93.14:9618?addrs=188.185.93.14-9618+[2001-1458-d00-6c--100-3cf]-9618&alias=b9g57n9600.cern.ch&noUDP&sock=slot1_1_17414_7cfd_105693>
...
040 (7186318.007.000) 08/23 02:53:11 Finished transferring input files
...
001 (7186318.007.000) 08/23 02:53:12 Job executing on host: <188.185.93.14:9618?addrs=188.185.93.14-9618+[2001-1458-d00-6c--100-3cf]-9618&alias=b9g57n9600.cern.ch&noUDP&sock=startd_17374_b286>
	SlotName: slot1_1@b9g57n9600.cern.ch
	AvailableGPUs = { GPUs_GPU_b0315e2a }
	CondorScratchDir = "/pool/condor/dir_3453739"
	Cpus = 1
	Disk = 321493
	GPUs = 1
	GPUs_GPU_b0315e2a = [ GlobalMemoryMb = 40326; MaxSupportedVersion = 12040; DriverVersion = 12.4; DeviceUuid = "b0315e2a-398c-3794-58e5-7fc069bfb315"; DeviceName = "NVIDIA A100-PCIE-40GB"; CoresPerCU = 64; ECCEnabled = true; ComputeUnits = 108; ClockMhz = 1410.0; Id = "GPU-b0315e2a"; DevicePciBusId = "0000:06:00.0"; Capability = 8.0 ]
	Memory = 2000
...
006 (7186318.007.000) 08/23 02:53:21 Image size of job updated: 706864
	394  -  MemoryUsage of job (MB)
	402516  -  ResidentSetSize of job (KB)
...
006 (7186318.007.000) 08/23 02:58:21 Image size of job updated: 923404
	896  -  MemoryUsage of job (MB)
	916956  -  ResidentSetSize of job (KB)
...
006 (7186318.007.000) 08/23 03:03:22 Image size of job updated: 1434404
	1401  -  MemoryUsage of job (MB)
	1434404  -  ResidentSetSize of job (KB)
...
006 (7186318.007.000) 08/23 03:08:22 Image size of job updated: 1605736
	1401  -  MemoryUsage of job (MB)
	1434404  -  ResidentSetSize of job (KB)
...
006 (7186318.007.000) 08/23 03:13:22 Image size of job updated: 4060840
	3966  -  MemoryUsage of job (MB)
	4060840  -  ResidentSetSize of job (KB)
...
006 (7186318.007.000) 08/23 03:18:23 Image size of job updated: 4538816
	4433  -  MemoryUsage of job (MB)
	4538816  -  ResidentSetSize of job (KB)
...
006 (7186318.007.000) 08/23 03:23:24 Image size of job updated: 5015800
	4899  -  MemoryUsage of job (MB)
	5015800  -  ResidentSetSize of job (KB)
...
006 (7186318.007.000) 08/23 03:28:24 Image size of job updated: 5494632
	5366  -  MemoryUsage of job (MB)
	5494632  -  ResidentSetSize of job (KB)
...
006 (7186318.007.000) 08/23 03:33:24 Image size of job updated: 5973208
	5834  -  MemoryUsage of job (MB)
	5973208  -  ResidentSetSize of job (KB)
...
006 (7186318.007.000) 08/23 03:38:25 Image size of job updated: 6442360
	6290  -  MemoryUsage of job (MB)
	6440824  -  ResidentSetSize of job (KB)
...
006 (7186318.007.000) 08/23 03:43:25 Image size of job updated: 6919892
	6758  -  MemoryUsage of job (MB)
	6919892  -  ResidentSetSize of job (KB)
...
006 (7186318.007.000) 08/23 03:48:25 Image size of job updated: 7400772
	7228  -  MemoryUsage of job (MB)
	7400772  -  ResidentSetSize of job (KB)
...
006 (7186318.007.000) 08/23 03:53:26 Image size of job updated: 7879508
	7694  -  MemoryUsage of job (MB)
	7877972  -  ResidentSetSize of job (KB)
...
006 (7186318.007.000) 08/23 03:58:26 Image size of job updated: 8350736
	8156  -  MemoryUsage of job (MB)
	8350736  -  ResidentSetSize of job (KB)
...
006 (7186318.007.000) 08/23 04:03:26 Image size of job updated: 8830320
	8624  -  MemoryUsage of job (MB)
	8830320  -  ResidentSetSize of job (KB)
...
006 (7186318.007.000) 08/23 04:08:27 Image size of job updated: 9309088
	9091  -  MemoryUsage of job (MB)
	9309088  -  ResidentSetSize of job (KB)
...
006 (7186318.007.000) 08/23 04:13:27 Image size of job updated: 9790116
	9561  -  MemoryUsage of job (MB)
	9790116  -  ResidentSetSize of job (KB)
...
006 (7186318.007.000) 08/23 04:18:27 Image size of job updated: 10269904
	10030  -  MemoryUsage of job (MB)
	10269904  -  ResidentSetSize of job (KB)
...
006 (7186318.007.000) 08/23 04:23:28 Image size of job updated: 10749020
	10498  -  MemoryUsage of job (MB)
	10749020  -  ResidentSetSize of job (KB)
...
006 (7186318.007.000) 08/23 04:27:02 Image size of job updated: 10980536
	10498  -  MemoryUsage of job (MB)
	10749020  -  ResidentSetSize of job (KB)
...
040 (7186318.007.000) 08/23 04:27:02 Started transferring output files
...
040 (7186318.007.000) 08/23 04:27:02 Finished transferring output files
...
005 (7186318.007.000) 08/23 04:27:02 Job terminated.
	(1) Normal termination (return value 50)
		Usr 0 01:30:11, Sys 0 00:03:04  -  Run Remote Usage
		Usr 0 00:00:00, Sys 0 00:00:00  -  Run Local Usage
		Usr 0 01:30:11, Sys 0 00:03:04  -  Total Remote Usage
		Usr 0 00:00:00, Sys 0 00:00:00  -  Total Local Usage
	32822  -  Run Bytes Sent By Job
	2773  -  Run Bytes Received By Job
	32822  -  Total Bytes Sent By Job
	2773  -  Total Bytes Received By Job
	Partitionable Resources :      Usage  Request Allocated Assigned
	   Cpus                 :       1.00        1         1 
	   Disk (KB)            : 7496418           3    321493 
	   Gpus (Average)       :       0.01        1         1 "GPU-b0315e2a"
	   GpusMemory (MB)      :    1985                       
	   Memory (MB)          :   10498        2000      2000 

	Job terminated of its own accord at 2024-08-23T02:27:02Z with exit-code 50.
...
