000 (7234700.005.000) 10/04 05:18:57 Job submitted from host: <137.138.44.55:9618?addrs=137.138.44.55-9618+[2001-1458-d00-1a--48]-9618&alias=bigbird17.cern.ch&noUDP&sock=schedd_1981_6134>
...
040 (7234700.005.000) 10/04 08:16:06 Started transferring input files
	Transferring to host: <188.185.238.10:9618?addrs=188.185.238.10-9618+[2001-1458-303-28--100-6]-9618&alias=b9pgpun002.cern.ch&noUDP&sock=slot1_2_1420705_f206_27143>
...
040 (7234700.005.000) 10/04 08:16:06 Finished transferring input files
...
001 (7234700.005.000) 10/04 08:16:07 Job executing on host: <188.185.238.10:9618?addrs=188.185.238.10-9618+[2001-1458-303-28--100-6]-9618&alias=b9pgpun002.cern.ch&noUDP&sock=startd_600104_020a>
	SlotName: slot1_2@b9pgpun002.cern.ch
	AvailableGPUs = { GPUs_GPU_195dba93 }
	CondorScratchDir = "/pool/condor/dir_3133453"
	Cpus = 1
	Disk = 6848420
	GPUs = 1
	GPUs_GPU_195dba93 = [ GlobalMemoryMb = 95235; MaxSupportedVersion = 12040; DriverVersion = 12.4; DeviceName = "NVIDIA H100 NVL"; CoresPerCU = 128; ECCEnabled = true; ComputeUnits = 132; ClockMhz = 1785.0; Id = "GPU-195dba93"; Capability = 9.0; DevicePciBusId = "0000:3B:00.0"; DeviceUuid = "195dba93-e951-b119-dea3-1f3b18bdda48" ]
	Memory = 2000
...
006 (7234700.005.000) 10/04 08:16:16 Image size of job updated: 1154400
	666  -  MemoryUsage of job (MB)
	681048  -  ResidentSetSize of job (KB)
...
006 (7234700.005.000) 10/04 08:21:16 Image size of job updated: 1779200
	1733  -  MemoryUsage of job (MB)
	1774148  -  ResidentSetSize of job (KB)
...
006 (7234700.005.000) 10/04 08:26:18 Image size of job updated: 1927232
	1771  -  MemoryUsage of job (MB)
	1813028  -  ResidentSetSize of job (KB)
...
006 (7234700.005.000) 10/04 08:31:18 Image size of job updated: 1950860
	1771  -  MemoryUsage of job (MB)
	1813028  -  ResidentSetSize of job (KB)
...
006 (7234700.005.000) 10/04 08:36:18 Image size of job updated: 2030612
	1771  -  MemoryUsage of job (MB)
	1813028  -  ResidentSetSize of job (KB)
...
006 (7234700.005.000) 10/04 08:41:19 Image size of job updated: 2076004
	1904  -  MemoryUsage of job (MB)
	1949444  -  ResidentSetSize of job (KB)
...
006 (7234700.005.000) 10/04 08:46:19 Image size of job updated: 2076004
	1991  -  MemoryUsage of job (MB)
	2037812  -  ResidentSetSize of job (KB)
...
006 (7234700.005.000) 10/04 08:51:21 Image size of job updated: 2127480
	1991  -  MemoryUsage of job (MB)
	2037812  -  ResidentSetSize of job (KB)
...
006 (7234700.005.000) 10/04 08:56:21 Image size of job updated: 2198180
	2043  -  MemoryUsage of job (MB)
	2092016  -  ResidentSetSize of job (KB)
...
006 (7234700.005.000) 10/04 09:01:21 Image size of job updated: 2272284
	2043  -  MemoryUsage of job (MB)
	2092016  -  ResidentSetSize of job (KB)
...
006 (7234700.005.000) 10/04 09:06:22 Image size of job updated: 2430084
	2043  -  MemoryUsage of job (MB)
	2092016  -  ResidentSetSize of job (KB)
...
006 (7234700.005.000) 10/04 09:11:22 Image size of job updated: 2661400
	2043  -  MemoryUsage of job (MB)
	2092016  -  ResidentSetSize of job (KB)
...
006 (7234700.005.000) 10/04 09:21:23 Image size of job updated: 2661400
	2347  -  MemoryUsage of job (MB)
	2402980  -  ResidentSetSize of job (KB)
...
006 (7234700.005.000) 10/04 09:31:25 Image size of job updated: 2661400
	2472  -  MemoryUsage of job (MB)
	2530336  -  ResidentSetSize of job (KB)
...
006 (7234700.005.000) 10/04 09:36:25 Image size of job updated: 2765848
	2565  -  MemoryUsage of job (MB)
	2626032  -  ResidentSetSize of job (KB)
...
006 (7234700.005.000) 10/04 09:41:26 Image size of job updated: 2772340
	2604  -  MemoryUsage of job (MB)
	2666440  -  ResidentSetSize of job (KB)
...
006 (7234700.005.000) 10/04 09:46:26 Image size of job updated: 2773192
	2604  -  MemoryUsage of job (MB)
	2666440  -  ResidentSetSize of job (KB)
...
006 (7234700.005.000) 10/04 09:51:26 Image size of job updated: 2801304
	2689  -  MemoryUsage of job (MB)
	2752880  -  ResidentSetSize of job (KB)
...
006 (7234700.005.000) 10/04 09:56:27 Image size of job updated: 2919492
	2852  -  MemoryUsage of job (MB)
	2919492  -  ResidentSetSize of job (KB)
...
006 (7234700.005.000) 10/04 10:01:27 Image size of job updated: 2945544
	2852  -  MemoryUsage of job (MB)
	2919492  -  ResidentSetSize of job (KB)
...
006 (7234700.005.000) 10/04 10:16:29 Image size of job updated: 2945544
	2861  -  MemoryUsage of job (MB)
	2929044  -  ResidentSetSize of job (KB)
...
006 (7234700.005.000) 10/04 10:21:29 Image size of job updated: 2945544
	2870  -  MemoryUsage of job (MB)
	2938516  -  ResidentSetSize of job (KB)
...
006 (7234700.005.000) 10/04 10:26:29 Image size of job updated: 2945544
	2876  -  MemoryUsage of job (MB)
	2944780  -  ResidentSetSize of job (KB)
...
006 (7234700.005.000) 10/04 10:31:30 Image size of job updated: 2946304
	2878  -  MemoryUsage of job (MB)
	2946304  -  ResidentSetSize of job (KB)
...
006 (7234700.005.000) 10/04 10:36:30 Image size of job updated: 2948016
	2879  -  MemoryUsage of job (MB)
	2948016  -  ResidentSetSize of job (KB)
...
006 (7234700.005.000) 10/04 10:41:31 Image size of job updated: 2949592
	2881  -  MemoryUsage of job (MB)
	2949592  -  ResidentSetSize of job (KB)
...
006 (7234700.005.000) 10/04 10:46:31 Image size of job updated: 2973592
	2881  -  MemoryUsage of job (MB)
	2949592  -  ResidentSetSize of job (KB)
...
006 (7234700.005.000) 10/04 13:16:48 Image size of job updated: 2994892
	2925  -  MemoryUsage of job (MB)
	2994892  -  ResidentSetSize of job (KB)
...
006 (7234700.005.000) 10/04 13:21:48 Image size of job updated: 3827432
	3738  -  MemoryUsage of job (MB)
	3827432  -  ResidentSetSize of job (KB)
...
006 (7234700.005.000) 10/04 13:26:50 Image size of job updated: 4774272
	4663  -  MemoryUsage of job (MB)
	4774272  -  ResidentSetSize of job (KB)
...
006 (7234700.005.000) 10/04 13:30:03 Image size of job updated: 5352452
	4663  -  MemoryUsage of job (MB)
	4774528  -  ResidentSetSize of job (KB)
...
040 (7234700.005.000) 10/04 13:30:03 Started transferring output files
...
040 (7234700.005.000) 10/04 13:30:03 Finished transferring output files
...
005 (7234700.005.000) 10/04 13:30:03 Job terminated.
	(1) Normal termination (return value 50)
		Usr 0 04:24:07, Sys 0 00:20:28  -  Run Remote Usage
		Usr 0 00:00:00, Sys 0 00:00:00  -  Run Local Usage
		Usr 0 04:24:07, Sys 0 00:20:28  -  Total Remote Usage
		Usr 0 00:00:00, Sys 0 00:00:00  -  Total Local Usage
	134850  -  Run Bytes Sent By Job
	2410  -  Run Bytes Received By Job
	134850  -  Total Bytes Sent By Job
	2410  -  Total Bytes Received By Job
	Partitionable Resources :      Usage  Request Allocated Assigned
	   Cpus                 :       0.99        1         1 
	   Disk (KB)            : 2938431           3   6848420 
	   Gpus (Average)       :       0.10        1         1 "GPU-195dba93"
	   GpusMemory (MB)      :    3664                       
	   Memory (MB)          :    4663        2000      2000 

	Job terminated of its own accord at 2024-10-04T11:30:03Z with exit-code 50.
...
