000 (7234700.004.000) 10/04 05:18:57 Job submitted from host: <137.138.44.55:9618?addrs=137.138.44.55-9618+[2001-1458-d00-1a--48]-9618&alias=bigbird17.cern.ch&noUDP&sock=schedd_1981_6134>
...
040 (7234700.004.000) 10/04 08:08:08 Started transferring input files
	Transferring to host: <188.185.238.12:9618?addrs=188.185.238.12-9618+[2001-1458-303-28--100-8]-9618&alias=b9pgpun001.cern.ch&noUDP&sock=slot1_1_240309_2e05_42025>
...
040 (7234700.004.000) 10/04 08:08:08 Finished transferring input files
...
001 (7234700.004.000) 10/04 08:08:09 Job executing on host: <188.185.238.12:9618?addrs=188.185.238.12-9618+[2001-1458-303-28--100-8]-9618&alias=b9pgpun001.cern.ch&noUDP&sock=startd_240269_20b4>
	SlotName: slot1_1@b9pgpun001.cern.ch
	AvailableGPUs = { GPUs_GPU_ba8f5d65 }
	CondorScratchDir = "/pool/condor/dir_2190456"
	Cpus = 1
	Disk = 6848574
	GPUs = 1
	GPUs_GPU_ba8f5d65 = [ GlobalMemoryMb = 95235; MaxSupportedVersion = 12040; DriverVersion = 12.4; DeviceName = "NVIDIA H100 NVL"; CoresPerCU = 128; ECCEnabled = true; ComputeUnits = 132; ClockMhz = 1785.0; Id = "GPU-ba8f5d65"; Capability = 9.0; DevicePciBusId = "0000:3A:00.0"; DeviceUuid = "ba8f5d65-a6fb-796f-67a2-9d19bc987566" ]
	Memory = 2000
...
006 (7234700.004.000) 10/04 08:08:18 Image size of job updated: 1156152
	690  -  MemoryUsage of job (MB)
	706248  -  ResidentSetSize of job (KB)
...
006 (7234700.004.000) 10/04 08:13:19 Image size of job updated: 1844784
	1691  -  MemoryUsage of job (MB)
	1730720  -  ResidentSetSize of job (KB)
...
006 (7234700.004.000) 10/04 08:18:19 Image size of job updated: 1954436
	1799  -  MemoryUsage of job (MB)
	1841444  -  ResidentSetSize of job (KB)
...
006 (7234700.004.000) 10/04 08:23:20 Image size of job updated: 2069272
	1944  -  MemoryUsage of job (MB)
	1990468  -  ResidentSetSize of job (KB)
...
006 (7234700.004.000) 10/04 08:28:20 Image size of job updated: 2148868
	1944  -  MemoryUsage of job (MB)
	1990468  -  ResidentSetSize of job (KB)
...
006 (7234700.004.000) 10/04 08:33:20 Image size of job updated: 2262768
	1944  -  MemoryUsage of job (MB)
	1990468  -  ResidentSetSize of job (KB)
...
006 (7234700.004.000) 10/04 08:38:21 Image size of job updated: 2338600
	2173  -  MemoryUsage of job (MB)
	2224656  -  ResidentSetSize of job (KB)
...
006 (7234700.004.000) 10/04 08:43:21 Image size of job updated: 2436560
	2173  -  MemoryUsage of job (MB)
	2224656  -  ResidentSetSize of job (KB)
...
006 (7234700.004.000) 10/04 08:48:22 Image size of job updated: 2517440
	2347  -  MemoryUsage of job (MB)
	2403240  -  ResidentSetSize of job (KB)
...
006 (7234700.004.000) 10/04 08:53:22 Image size of job updated: 2569132
	2347  -  MemoryUsage of job (MB)
	2403240  -  ResidentSetSize of job (KB)
...
006 (7234700.004.000) 10/04 08:58:22 Image size of job updated: 2736068
	2623  -  MemoryUsage of job (MB)
	2685372  -  ResidentSetSize of job (KB)
...
006 (7234700.004.000) 10/04 09:03:23 Image size of job updated: 2830308
	2623  -  MemoryUsage of job (MB)
	2685372  -  ResidentSetSize of job (KB)
...
006 (7234700.004.000) 10/04 09:08:23 Image size of job updated: 2993116
	2623  -  MemoryUsage of job (MB)
	2685372  -  ResidentSetSize of job (KB)
...
006 (7234700.004.000) 10/04 09:13:24 Image size of job updated: 3223408
	2623  -  MemoryUsage of job (MB)
	2685372  -  ResidentSetSize of job (KB)
...
006 (7234700.004.000) 10/04 09:18:24 Image size of job updated: 3305320
	3125  -  MemoryUsage of job (MB)
	3199448  -  ResidentSetSize of job (KB)
...
006 (7234700.004.000) 10/04 09:23:25 Image size of job updated: 3398968
	3125  -  MemoryUsage of job (MB)
	3199448  -  ResidentSetSize of job (KB)
...
006 (7234700.004.000) 10/04 09:28:26 Image size of job updated: 3575284
	3125  -  MemoryUsage of job (MB)
	3199448  -  ResidentSetSize of job (KB)
...
006 (7234700.004.000) 10/04 09:33:26 Image size of job updated: 3622108
	3187  -  MemoryUsage of job (MB)
	3263388  -  ResidentSetSize of job (KB)
...
006 (7234700.004.000) 10/04 09:38:27 Image size of job updated: 3652492
	3188  -  MemoryUsage of job (MB)
	3264156  -  ResidentSetSize of job (KB)
...
006 (7234700.004.000) 10/04 09:43:27 Image size of job updated: 3687492
	3602  -  MemoryUsage of job (MB)
	3687492  -  ResidentSetSize of job (KB)
...
006 (7234700.004.000) 10/04 09:48:29 Image size of job updated: 3700956
	3602  -  MemoryUsage of job (MB)
	3687492  -  ResidentSetSize of job (KB)
...
006 (7234700.004.000) 10/04 09:53:29 Image size of job updated: 3752208
	3602  -  MemoryUsage of job (MB)
	3687492  -  ResidentSetSize of job (KB)
...
006 (7234700.004.000) 10/04 09:58:29 Image size of job updated: 3816088
	3602  -  MemoryUsage of job (MB)
	3687492  -  ResidentSetSize of job (KB)
...
006 (7234700.004.000) 10/04 13:13:50 Image size of job updated: 3989948
	3840  -  MemoryUsage of job (MB)
	3932136  -  ResidentSetSize of job (KB)
...
006 (7234700.004.000) 10/04 13:18:50 Image size of job updated: 4932708
	4818  -  MemoryUsage of job (MB)
	4932708  -  ResidentSetSize of job (KB)
...
006 (7234700.004.000) 10/04 13:23:51 Image size of job updated: 5932208
	5794  -  MemoryUsage of job (MB)
	5932208  -  ResidentSetSize of job (KB)
...
006 (7234700.004.000) 10/04 13:26:18 Image size of job updated: 6356528
	5794  -  MemoryUsage of job (MB)
	5932464  -  ResidentSetSize of job (KB)
...
040 (7234700.004.000) 10/04 13:26:18 Started transferring output files
...
040 (7234700.004.000) 10/04 13:26:18 Finished transferring output files
...
005 (7234700.004.000) 10/04 13:26:18 Job terminated.
	(1) Normal termination (return value 50)
		Usr 0 04:27:37, Sys 0 00:21:06  -  Run Remote Usage
		Usr 0 00:00:00, Sys 0 00:00:00  -  Run Local Usage
		Usr 0 04:27:37, Sys 0 00:21:06  -  Total Remote Usage
		Usr 0 00:00:00, Sys 0 00:00:00  -  Total Local Usage
	134850  -  Run Bytes Sent By Job
	2410  -  Run Bytes Received By Job
	134850  -  Total Bytes Sent By Job
	2410  -  Total Bytes Received By Job
	Partitionable Resources :      Usage  Request Allocated Assigned
	   Cpus                 :       0.10        1         1 
	   Disk (KB)            : 2938431           3   6848574 
	   Gpus (Average)       :       0.10        1         1 "GPU-ba8f5d65"
	   GpusMemory (MB)      :    3664                       
	   Memory (MB)          :    5794        2000      2000 

	Job terminated of its own accord at 2024-10-04T11:26:18Z with exit-code 50.
...
