000 (7234700.000.000) 10/04 05:18:57 Job submitted from host: <137.138.44.55:9618?addrs=137.138.44.55-9618+[2001-1458-d00-1a--48]-9618&alias=bigbird17.cern.ch&noUDP&sock=schedd_1981_6134>
...
040 (7234700.000.000) 10/04 07:58:41 Started transferring input files
	Transferring to host: <188.185.238.10:9618?addrs=188.185.238.10-9618+[2001-1458-303-28--100-6]-9618&alias=b9pgpun002.cern.ch&noUDP&sock=slot1_1_1420705_f206_27136>
...
040 (7234700.000.000) 10/04 07:58:41 Finished transferring input files
...
001 (7234700.000.000) 10/04 07:58:42 Job executing on host: <188.185.238.10:9618?addrs=188.185.238.10-9618+[2001-1458-303-28--100-6]-9618&alias=b9pgpun002.cern.ch&noUDP&sock=startd_600104_020a>
	SlotName: slot1_1@b9pgpun002.cern.ch
	AvailableGPUs = { GPUs_GPU_1164dceb }
	CondorScratchDir = "/pool/condor/dir_3092347"
	Cpus = 1
	Disk = 6847845
	GPUs = 1
	GPUs_GPU_1164dceb = [ GlobalMemoryMb = 95235; MaxSupportedVersion = 12040; DriverVersion = 12.4; DeviceName = "NVIDIA H100 NVL"; CoresPerCU = 128; ECCEnabled = true; ComputeUnits = 132; ClockMhz = 1785.0; Id = "GPU-1164dceb"; Capability = 9.0; DevicePciBusId = "0000:3A:00.0"; DeviceUuid = "1164dceb-fef9-9731-e6b7-4c427dea8cb4" ]
	Memory = 2000
...
006 (7234700.000.000) 10/04 07:58:51 Image size of job updated: 1158032
	699  -  MemoryUsage of job (MB)
	715464  -  ResidentSetSize of job (KB)
...
006 (7234700.000.000) 10/04 08:03:52 Image size of job updated: 1786432
	945  -  MemoryUsage of job (MB)
	967056  -  ResidentSetSize of job (KB)
...
006 (7234700.000.000) 10/04 08:08:52 Image size of job updated: 1806060
	1395  -  MemoryUsage of job (MB)
	1428280  -  ResidentSetSize of job (KB)
...
006 (7234700.000.000) 10/04 08:13:52 Image size of job updated: 2010084
	1844  -  MemoryUsage of job (MB)
	1887616  -  ResidentSetSize of job (KB)
...
006 (7234700.000.000) 10/04 08:18:53 Image size of job updated: 2035984
	1966  -  MemoryUsage of job (MB)
	2012804  -  ResidentSetSize of job (KB)
...
006 (7234700.000.000) 10/04 08:23:53 Image size of job updated: 2121860
	1966  -  MemoryUsage of job (MB)
	2012804  -  ResidentSetSize of job (KB)
...
006 (7234700.000.000) 10/04 08:33:54 Image size of job updated: 2173332
	1989  -  MemoryUsage of job (MB)
	2036692  -  ResidentSetSize of job (KB)
...
006 (7234700.000.000) 10/04 08:38:56 Image size of job updated: 2316224
	1989  -  MemoryUsage of job (MB)
	2036692  -  ResidentSetSize of job (KB)
...
006 (7234700.000.000) 10/04 08:43:56 Image size of job updated: 2316224
	2103  -  MemoryUsage of job (MB)
	2153336  -  ResidentSetSize of job (KB)
...
006 (7234700.000.000) 10/04 08:48:56 Image size of job updated: 2371088
	2103  -  MemoryUsage of job (MB)
	2153336  -  ResidentSetSize of job (KB)
...
006 (7234700.000.000) 10/04 08:53:57 Image size of job updated: 2469804
	2302  -  MemoryUsage of job (MB)
	2356976  -  ResidentSetSize of job (KB)
...
006 (7234700.000.000) 10/04 08:58:57 Image size of job updated: 2603896
	2309  -  MemoryUsage of job (MB)
	2364200  -  ResidentSetSize of job (KB)
...
006 (7234700.000.000) 10/04 09:03:58 Image size of job updated: 2702512
	2348  -  MemoryUsage of job (MB)
	2403880  -  ResidentSetSize of job (KB)
...
006 (7234700.000.000) 10/04 09:08:58 Image size of job updated: 2768524
	2704  -  MemoryUsage of job (MB)
	2768524  -  ResidentSetSize of job (KB)
...
006 (7234700.000.000) 10/04 09:14:00 Image size of job updated: 2770884
	2704  -  MemoryUsage of job (MB)
	2768524  -  ResidentSetSize of job (KB)
...
006 (7234700.000.000) 10/04 09:24:00 Image size of job updated: 2886324
	2704  -  MemoryUsage of job (MB)
	2768524  -  ResidentSetSize of job (KB)
...
006 (7234700.000.000) 10/04 09:29:01 Image size of job updated: 2964484
	2704  -  MemoryUsage of job (MB)
	2768524  -  ResidentSetSize of job (KB)
...
006 (7234700.000.000) 10/04 09:34:01 Image size of job updated: 2992220
	2704  -  MemoryUsage of job (MB)
	2768524  -  ResidentSetSize of job (KB)
...
006 (7234700.000.000) 10/04 09:39:02 Image size of job updated: 2993788
	2704  -  MemoryUsage of job (MB)
	2768524  -  ResidentSetSize of job (KB)
...
006 (7234700.000.000) 10/04 09:44:02 Image size of job updated: 3028544
	2958  -  MemoryUsage of job (MB)
	3028544  -  ResidentSetSize of job (KB)
...
006 (7234700.000.000) 10/04 09:49:02 Image size of job updated: 3038564
	2958  -  MemoryUsage of job (MB)
	3028544  -  ResidentSetSize of job (KB)
...
006 (7234700.000.000) 10/04 13:04:22 Image size of job updated: 3293964
	3217  -  MemoryUsage of job (MB)
	3293964  -  ResidentSetSize of job (KB)
...
006 (7234700.000.000) 10/04 13:09:22 Image size of job updated: 4583520
	4477  -  MemoryUsage of job (MB)
	4583520  -  ResidentSetSize of job (KB)
...
006 (7234700.000.000) 10/04 13:14:23 Image size of job updated: 5573184
	5443  -  MemoryUsage of job (MB)
	5573184  -  ResidentSetSize of job (KB)
...
006 (7234700.000.000) 10/04 13:18:24 Image size of job updated: 6308932
	5443  -  MemoryUsage of job (MB)
	5573440  -  ResidentSetSize of job (KB)
...
040 (7234700.000.000) 10/04 13:18:25 Started transferring output files
...
040 (7234700.000.000) 10/04 13:18:25 Finished transferring output files
...
005 (7234700.000.000) 10/04 13:18:25 Job terminated.
	(1) Normal termination (return value 50)
		Usr 0 04:27:44, Sys 0 00:20:38  -  Run Remote Usage
		Usr 0 00:00:00, Sys 0 00:00:00  -  Run Local Usage
		Usr 0 04:27:44, Sys 0 00:20:38  -  Total Remote Usage
		Usr 0 00:00:00, Sys 0 00:00:00  -  Total Local Usage
	134850  -  Run Bytes Sent By Job
	2410  -  Run Bytes Received By Job
	134850  -  Total Bytes Sent By Job
	2410  -  Total Bytes Received By Job
	Partitionable Resources :      Usage  Request Allocated Assigned
	   Cpus                 :       1.00        1         1 
	   Disk (KB)            : 2938431           3   6847845 
	   Gpus (Average)       :       0.10        1         1 "GPU-1164dceb"
	   GpusMemory (MB)      :    3664                       
	   Memory (MB)          :    5443        2000      2000 

	Job terminated of its own accord at 2024-10-04T11:18:24Z with exit-code 50.
...
