000 (7186280.003.000) 08/22 15:33:17 Job submitted from host: <137.138.44.55:9618?addrs=137.138.44.55-9618+[2001-1458-d00-1a--48]-9618&alias=bigbird17.cern.ch&noUDP&sock=schedd_23962_8474>
...
040 (7186280.003.000) 08/22 21:37:26 Started transferring input files
	Transferring to host: <188.185.93.62:9618?addrs=188.185.93.62-9618+[2001-1458-d00-6c--100-118]-9618&alias=b9g57n9464.cern.ch&noUDP&sock=slot1_1_16543_ca3a_105686>
...
040 (7186280.003.000) 08/22 21:37:26 Finished transferring input files
...
001 (7186280.003.000) 08/22 21:37:27 Job executing on host: <188.185.93.62:9618?addrs=188.185.93.62-9618+[2001-1458-d00-6c--100-118]-9618&alias=b9g57n9464.cern.ch&noUDP&sock=startd_15950_f3a9>
	SlotName: slot1_1@b9g57n9464.cern.ch
	AvailableGPUs = { GPUs_GPU_47e13020 }
	CondorScratchDir = "/pool/condor/dir_4094272"
	Cpus = 1
	Disk = 335166
	GPUs = 1
	GPUs_GPU_47e13020 = [ GlobalMemoryMb = 40326; MaxSupportedVersion = 12040; DriverVersion = 12.4; DeviceUuid = "47e13020-0bf2-ad62-b596-87133bf5bb68"; DeviceName = "NVIDIA A100-PCIE-40GB"; CoresPerCU = 64; ECCEnabled = true; ComputeUnits = 108; ClockMhz = 1410.0; Id = "GPU-47e13020"; DevicePciBusId = "0000:06:00.0"; Capability = 8.0 ]
	Memory = 2000
...
006 (7186280.003.000) 08/22 21:37:36 Image size of job updated: 479340
	282  -  MemoryUsage of job (MB)
	288640  -  ResidentSetSize of job (KB)
...
006 (7186280.003.000) 08/22 21:42:37 Image size of job updated: 4018892
	3925  -  MemoryUsage of job (MB)
	4018892  -  ResidentSetSize of job (KB)
...
006 (7186280.003.000) 08/22 21:47:38 Image size of job updated: 4912076
	4797  -  MemoryUsage of job (MB)
	4912076  -  ResidentSetSize of job (KB)
...
006 (7186280.003.000) 08/22 21:49:22 Image size of job updated: 5165680
	4797  -  MemoryUsage of job (MB)
	4912076  -  ResidentSetSize of job (KB)
...
040 (7186280.003.000) 08/22 21:49:22 Started transferring output files
...
040 (7186280.003.000) 08/22 21:49:22 Finished transferring output files
...
005 (7186280.003.000) 08/22 21:49:22 Job terminated.
	(1) Normal termination (return value 50)
		Usr 0 00:11:13, Sys 0 00:00:26  -  Run Remote Usage
		Usr 0 00:00:00, Sys 0 00:00:00  -  Run Local Usage
		Usr 0 00:11:13, Sys 0 00:00:26  -  Total Remote Usage
		Usr 0 00:00:00, Sys 0 00:00:00  -  Total Local Usage
	16544  -  Run Bytes Sent By Job
	2770  -  Run Bytes Received By Job
	16544  -  Total Bytes Sent By Job
	2770  -  Total Bytes Received By Job
	Partitionable Resources :      Usage  Request Allocated Assigned
	   Cpus                 :       1.00        1         1 
	   Disk (KB)            : 1894294           3    335166 
	   Gpus (Average)       :       0.00        1         1 "GPU-47e13020"
	   GpusMemory (MB)      :    1075                       
	   Memory (MB)          :    4797        2000      2000 

	Job terminated of its own accord at 2024-08-22T19:49:22Z with exit-code 50.
...
