000 (7223602.007.000) 09/25 06:46:14 Job submitted from host: <137.138.44.55:9618?addrs=137.138.44.55-9618+[2001-1458-d00-1a--48]-9618&alias=bigbird17.cern.ch&noUDP&sock=schedd_1981_6134>
...
040 (7223602.007.000) 09/26 21:44:24 Started transferring input files
	Transferring to host: <188.185.190.33:9618?addrs=188.185.190.33-9618+[2001-1458-d03-b--100-266]-9618&alias=b9pgpun007.cern.ch&noUDP&sock=slot1_1_231417_f61c_31597>
...
040 (7223602.007.000) 09/26 21:44:24 Finished transferring input files
...
001 (7223602.007.000) 09/26 21:44:25 Job executing on host: <188.185.190.33:9618?addrs=188.185.190.33-9618+[2001-1458-d03-b--100-266]-9618&alias=b9pgpun007.cern.ch&noUDP&sock=startd_197007_fe7f>
	SlotName: slot1_1@b9pgpun007.cern.ch
	AvailableGPUs = { GPUs_GPU_8fc1474b }
	CondorScratchDir = "/pool/condor/dir_1489539"
	Cpus = 1
	Disk = 23355739
	GPUs = 1
	GPUs_GPU_8fc1474b = [ GlobalMemoryMb = 95235; MaxSupportedVersion = 12040; DriverVersion = 12.4; DeviceUuid = "8fc1474b-341d-0eca-9e08-dc8b51120b5b"; DeviceName = "NVIDIA H100 NVL"; CoresPerCU = 128; ECCEnabled = true; ComputeUnits = 132; ClockMhz = 1785.0; Id = "GPU-8fc1474b"; DevicePciBusId = "0000:06:00.0"; Capability = 9.0 ]
	Memory = 2000
...
006 (7223602.007.000) 09/26 21:44:33 Image size of job updated: 1781992
	1741  -  MemoryUsage of job (MB)
	1781932  -  ResidentSetSize of job (KB)
...
006 (7223602.007.000) 09/26 21:49:34 Image size of job updated: 21633228
	21118  -  MemoryUsage of job (MB)
	21624828  -  ResidentSetSize of job (KB)
...
006 (7223602.007.000) 09/26 21:54:35 Image size of job updated: 21677596
	21162  -  MemoryUsage of job (MB)
	21669348  -  ResidentSetSize of job (KB)
...
006 (7223602.007.000) 09/26 22:04:25 Image size of job updated: 21778524
	21266  -  MemoryUsage of job (MB)
	21775584  -  ResidentSetSize of job (KB)
...
006 (7223602.007.000) 09/26 22:19:04 Image size of job updated: 22003444
	21479  -  MemoryUsage of job (MB)
	21994472  -  ResidentSetSize of job (KB)
...
006 (7223602.007.000) 09/26 22:30:50 Image size of job updated: 22183652
	21659  -  MemoryUsage of job (MB)
	22178228  -  ResidentSetSize of job (KB)
...
006 (7223602.007.000) 09/26 22:38:01 Image size of job updated: 22231704
	21701  -  MemoryUsage of job (MB)
	22221312  -  ResidentSetSize of job (KB)
...
006 (7223602.007.000) 09/26 22:43:02 Image size of job updated: 22273248
	21743  -  MemoryUsage of job (MB)
	22263840  -  ResidentSetSize of job (KB)
...
006 (7223602.007.000) 09/26 22:48:03 Image size of job updated: 22310832
	21769  -  MemoryUsage of job (MB)
	22290660  -  ResidentSetSize of job (KB)
...
006 (7223602.007.000) 09/26 22:53:02 Image size of job updated: 22319408
	21780  -  MemoryUsage of job (MB)
	22302036  -  ResidentSetSize of job (KB)
...
006 (7223602.007.000) 09/26 22:58:03 Image size of job updated: 22348796
	21821  -  MemoryUsage of job (MB)
	22344192  -  ResidentSetSize of job (KB)
...
006 (7223602.007.000) 09/26 23:03:04 Image size of job updated: 22369888
	21844  -  MemoryUsage of job (MB)
	22367708  -  ResidentSetSize of job (KB)
...
006 (7223602.007.000) 09/26 23:08:03 Image size of job updated: 22452728
	21920  -  MemoryUsage of job (MB)
	22445796  -  ResidentSetSize of job (KB)
...
006 (7223602.007.000) 09/26 23:13:04 Image size of job updated: 22472660
	21946  -  MemoryUsage of job (MB)
	22472660  -  ResidentSetSize of job (KB)
...
006 (7223602.007.000) 09/26 23:18:05 Image size of job updated: 22479004
	21950  -  MemoryUsage of job (MB)
	22475832  -  ResidentSetSize of job (KB)
...
006 (7223602.007.000) 09/26 23:23:06 Image size of job updated: 22556668
	22024  -  MemoryUsage of job (MB)
	22552080  -  ResidentSetSize of job (KB)
...
006 (7223602.007.000) 09/26 23:28:05 Image size of job updated: 22578712
	22044  -  MemoryUsage of job (MB)
	22572312  -  ResidentSetSize of job (KB)
...
006 (7223602.007.000) 09/26 23:33:06 Image size of job updated: 22595936
	22062  -  MemoryUsage of job (MB)
	22590540  -  ResidentSetSize of job (KB)
...
006 (7223602.007.000) 09/26 23:39:25 Image size of job updated: 22602496
	22068  -  MemoryUsage of job (MB)
	22596800  -  ResidentSetSize of job (KB)
...
006 (7223602.007.000) 09/26 23:43:37 Image size of job updated: 22618716
	22081  -  MemoryUsage of job (MB)
	22610616  -  ResidentSetSize of job (KB)
...
006 (7223602.007.000) 09/26 23:48:38 Image size of job updated: 22674436
	22134  -  MemoryUsage of job (MB)
	22665052  -  ResidentSetSize of job (KB)
...
006 (7223602.007.000) 09/26 23:53:39 Image size of job updated: 22772328
	22219  -  MemoryUsage of job (MB)
	22751636  -  ResidentSetSize of job (KB)
...
006 (7223602.007.000) 09/26 23:58:39 Image size of job updated: 22912216
	22371  -  MemoryUsage of job (MB)
	22906964  -  ResidentSetSize of job (KB)
...
006 (7223602.007.000) 09/27 00:03:38 Image size of job updated: 23013132
	22467  -  MemoryUsage of job (MB)
	23005592  -  ResidentSetSize of job (KB)
...
006 (7223602.007.000) 09/27 00:08:39 Image size of job updated: 23144764
	22584  -  MemoryUsage of job (MB)
	23125976  -  ResidentSetSize of job (KB)
...
006 (7223602.007.000) 09/27 00:13:40 Image size of job updated: 23195572
	22648  -  MemoryUsage of job (MB)
	23190664  -  ResidentSetSize of job (KB)
...
006 (7223602.007.000) 09/27 00:18:41 Image size of job updated: 23293376
	22739  -  MemoryUsage of job (MB)
	23284048  -  ResidentSetSize of job (KB)
...
006 (7223602.007.000) 09/27 00:23:40 Image size of job updated: 23355476
	22790  -  MemoryUsage of job (MB)
	23335944  -  ResidentSetSize of job (KB)
...
006 (7223602.007.000) 09/27 00:28:41 Image size of job updated: 23405556
	22843  -  MemoryUsage of job (MB)
	23390724  -  ResidentSetSize of job (KB)
...
006 (7223602.007.000) 09/27 00:33:42 Image size of job updated: 23420168
	22867  -  MemoryUsage of job (MB)
	23414912  -  ResidentSetSize of job (KB)
...
006 (7223602.007.000) 09/27 00:38:43 Image size of job updated: 23466264
	22912  -  MemoryUsage of job (MB)
	23461392  -  ResidentSetSize of job (KB)
...
006 (7223602.007.000) 09/27 00:43:44 Image size of job updated: 23501712
	22947  -  MemoryUsage of job (MB)
	23497092  -  ResidentSetSize of job (KB)
...
006 (7223602.007.000) 09/27 00:48:43 Image size of job updated: 23516872
	22961  -  MemoryUsage of job (MB)
	23511448  -  ResidentSetSize of job (KB)
...
006 (7223602.007.000) 09/27 00:53:44 Image size of job updated: 23533712
	22978  -  MemoryUsage of job (MB)
	23528712  -  ResidentSetSize of job (KB)
...
006 (7223602.007.000) 09/27 00:58:45 Image size of job updated: 23540616
	22984  -  MemoryUsage of job (MB)
	23535356  -  ResidentSetSize of job (KB)
...
006 (7223602.007.000) 09/27 01:03:46 Image size of job updated: 23668464
	23102  -  MemoryUsage of job (MB)
	23655732  -  ResidentSetSize of job (KB)
...
006 (7223602.007.000) 09/27 01:08:46 Image size of job updated: 23751336
	23192  -  MemoryUsage of job (MB)
	23747716  -  ResidentSetSize of job (KB)
...
006 (7223602.007.000) 09/27 01:13:47 Image size of job updated: 23803300
	23242  -  MemoryUsage of job (MB)
	23799156  -  ResidentSetSize of job (KB)
...
006 (7223602.007.000) 09/27 01:18:48 Image size of job updated: 23823152
	23258  -  MemoryUsage of job (MB)
	23815524  -  ResidentSetSize of job (KB)
...
006 (7223602.007.000) 09/27 01:23:48 Image size of job updated: 23847044
	23278  -  MemoryUsage of job (MB)
	23835812  -  ResidentSetSize of job (KB)
...
006 (7223602.007.000) 09/27 01:28:49 Image size of job updated: 23862908
	23289  -  MemoryUsage of job (MB)
	23847376  -  ResidentSetSize of job (KB)
...
006 (7223602.007.000) 09/27 01:33:50 Image size of job updated: 23870072
	23300  -  MemoryUsage of job (MB)
	23859036  -  ResidentSetSize of job (KB)
...
006 (7223602.007.000) 09/27 01:38:51 Image size of job updated: 23980176
	23416  -  MemoryUsage of job (MB)
	23977812  -  ResidentSetSize of job (KB)
...
006 (7223602.007.000) 09/27 01:43:50 Image size of job updated: 24011512
	23437  -  MemoryUsage of job (MB)
	23998736  -  ResidentSetSize of job (KB)
...
006 (7223602.007.000) 09/27 01:48:51 Image size of job updated: 24054868
	23483  -  MemoryUsage of job (MB)
	24046188  -  ResidentSetSize of job (KB)
...
006 (7223602.007.000) 09/27 01:53:52 Image size of job updated: 24268364
	23697  -  MemoryUsage of job (MB)
	24265104  -  ResidentSetSize of job (KB)
...
006 (7223602.007.000) 09/27 01:58:53 Image size of job updated: 24295720
	23713  -  MemoryUsage of job (MB)
	24281808  -  ResidentSetSize of job (KB)
...
006 (7223602.007.000) 09/27 02:03:53 Image size of job updated: 24384120
	23799  -  MemoryUsage of job (MB)
	24369800  -  ResidentSetSize of job (KB)
...
006 (7223602.007.000) 09/27 02:08:54 Image size of job updated: 24423004
	23842  -  MemoryUsage of job (MB)
	24413364  -  ResidentSetSize of job (KB)
...
006 (7223602.007.000) 09/27 02:13:55 Image size of job updated: 24509912
	23931  -  MemoryUsage of job (MB)
	24504516  -  ResidentSetSize of job (KB)
...
006 (7223602.007.000) 09/27 02:18:56 Image size of job updated: 24555528
	23975  -  MemoryUsage of job (MB)
	24549852  -  ResidentSetSize of job (KB)
...
006 (7223602.007.000) 09/27 02:23:55 Image size of job updated: 24765956
	24184  -  MemoryUsage of job (MB)
	24764004  -  ResidentSetSize of job (KB)
...
006 (7223602.007.000) 09/27 02:28:55 Image size of job updated: 24989636
	24401  -  MemoryUsage of job (MB)
	24986524  -  ResidentSetSize of job (KB)
...
006 (7223602.007.000) 09/27 02:33:56 Image size of job updated: 25156096
	24559  -  MemoryUsage of job (MB)
	25147820  -  ResidentSetSize of job (KB)
...
006 (7223602.007.000) 09/27 02:38:57 Image size of job updated: 25438540
	24835  -  MemoryUsage of job (MB)
	25430968  -  ResidentSetSize of job (KB)
...
006 (7223602.007.000) 09/27 02:43:58 Image size of job updated: 26371832
	25561  -  MemoryUsage of job (MB)
	26173888  -  ResidentSetSize of job (KB)
...
006 (7223602.007.000) 09/27 02:48:58 Image size of job updated: 26371832
	25724  -  MemoryUsage of job (MB)
	26341348  -  ResidentSetSize of job (KB)
...
006 (7223602.007.000) 09/27 02:53:57 Image size of job updated: 26623812
	26000  -  MemoryUsage of job (MB)
	26623812  -  ResidentSetSize of job (KB)
...
006 (7223602.007.000) 09/27 02:58:58 Image size of job updated: 26824512
	26186  -  MemoryUsage of job (MB)
	26813492  -  ResidentSetSize of job (KB)
...
006 (7223602.007.000) 09/27 03:03:59 Image size of job updated: 27056248
	26423  -  MemoryUsage of job (MB)
	27056248  -  ResidentSetSize of job (KB)
...
006 (7223602.007.000) 09/27 03:09:00 Image size of job updated: 27520228
	26876  -  MemoryUsage of job (MB)
	27520228  -  ResidentSetSize of job (KB)
...
006 (7223602.007.000) 09/27 03:14:01 Image size of job updated: 27929248
	27250  -  MemoryUsage of job (MB)
	27903028  -  ResidentSetSize of job (KB)
...
006 (7223602.007.000) 09/27 03:19:01 Image size of job updated: 28241328
	27552  -  MemoryUsage of job (MB)
	28212972  -  ResidentSetSize of job (KB)
...
006 (7223602.007.000) 09/27 03:24:00 Image size of job updated: 28481164
	27814  -  MemoryUsage of job (MB)
	28481164  -  ResidentSetSize of job (KB)
...
006 (7223602.007.000) 09/27 03:29:01 Image size of job updated: 28908580
	28232  -  MemoryUsage of job (MB)
	28908580  -  ResidentSetSize of job (KB)
...
006 (7223602.007.000) 09/27 03:34:02 Image size of job updated: 29401664
	28713  -  MemoryUsage of job (MB)
	29401664  -  ResidentSetSize of job (KB)
...
006 (7223602.007.000) 09/27 03:39:03 Image size of job updated: 29425284
	28715  -  MemoryUsage of job (MB)
	29403200  -  ResidentSetSize of job (KB)
...
006 (7223602.007.000) 09/27 04:04:04 Image size of job updated: 29817768
	29119  -  MemoryUsage of job (MB)
	29817768  -  ResidentSetSize of job (KB)
...
006 (7223602.007.000) 09/27 04:09:05 Image size of job updated: 30744644
	30025  -  MemoryUsage of job (MB)
	30744644  -  ResidentSetSize of job (KB)
...
006 (7223602.007.000) 09/27 04:14:06 Image size of job updated: 31684004
	30942  -  MemoryUsage of job (MB)
	31684004  -  ResidentSetSize of job (KB)
...
006 (7223602.007.000) 09/27 04:15:37 Image size of job updated: 31775140
	30944  -  MemoryUsage of job (MB)
	31686308  -  ResidentSetSize of job (KB)
...
040 (7223602.007.000) 09/27 04:15:39 Started transferring output files
...
040 (7223602.007.000) 09/27 04:15:39 Finished transferring output files
...
005 (7223602.007.000) 09/27 04:15:40 Job terminated.
	(1) Normal termination (return value 50)
		Usr 0 06:25:17, Sys 0 00:24:43  -  Run Remote Usage
		Usr 0 00:00:00, Sys 0 00:00:00  -  Run Local Usage
		Usr 0 06:25:17, Sys 0 00:24:43  -  Total Remote Usage
		Usr 0 00:00:00, Sys 0 00:00:00  -  Total Local Usage
	549451  -  Run Bytes Sent By Job
	1407  -  Run Bytes Received By Job
	549451  -  Total Bytes Sent By Job
	1407  -  Total Bytes Received By Job
	Partitionable Resources :       Usage  Request Allocated Assigned
	   Cpus                 :        1.10        1         1 
	   Disk (KB)            : 27726630           2  23355739 
	   Gpus (Average)       :        0.00        1         1 "GPU-8fc1474b"
	   GpusMemory (MB)      :      599                       
	   Memory (MB)          :    30944        2000      2000 

	Job terminated of its own accord at 2024-09-27T02:15:37Z with exit-code 50.
...
