000 (7223602.004.000) 09/25 06:46:14 Job submitted from host: <137.138.44.55:9618?addrs=137.138.44.55-9618+[2001-1458-d00-1a--48]-9618&alias=bigbird17.cern.ch&noUDP&sock=schedd_1981_6134>
...
040 (7223602.004.000) 09/26 20:05:27 Started transferring input files
	Transferring to host: <188.185.190.75:9618?addrs=188.185.190.75-9618+[2001-1458-d03-b--100-11d]-9618&alias=b9pgpun012.cern.ch&noUDP&sock=slot1_1_3674_6a4e_24025>
...
040 (7223602.004.000) 09/26 20:05:27 Finished transferring input files
...
001 (7223602.004.000) 09/26 20:05:28 Job executing on host: <188.185.190.75:9618?addrs=188.185.190.75-9618+[2001-1458-d03-b--100-11d]-9618&alias=b9pgpun012.cern.ch&noUDP&sock=startd_3000_5435>
	SlotName: slot1_1@b9pgpun012.cern.ch
	AvailableGPUs = { GPUs_GPU_3cefdd61 }
	CondorScratchDir = "/pool/condor/dir_259812"
	Cpus = 1
	Disk = 793361
	GPUs = 1
	GPUs_GPU_3cefdd61 = [ GlobalMemoryMb = 95235; MaxSupportedVersion = 12040; DriverVersion = 12.4; DeviceUuid = "3cefdd61-2fdd-3550-9e5e-7889b8f9f11a"; DeviceName = "NVIDIA H100 NVL"; CoresPerCU = 128; ECCEnabled = true; ComputeUnits = 132; ClockMhz = 1785.0; Id = "GPU-3cefdd61"; DevicePciBusId = "0000:06:00.0"; Capability = 9.0 ]
	Memory = 2000
...
006 (7223602.004.000) 09/26 20:05:42 Image size of job updated: 804344
	786  -  MemoryUsage of job (MB)
	804344  -  ResidentSetSize of job (KB)
...
006 (7223602.004.000) 09/26 20:10:44 Image size of job updated: 21691716
	21178  -  MemoryUsage of job (MB)
	21686208  -  ResidentSetSize of job (KB)
...
006 (7223602.004.000) 09/26 20:15:43 Image size of job updated: 21734412
	21212  -  MemoryUsage of job (MB)
	21720996  -  ResidentSetSize of job (KB)
...
006 (7223602.004.000) 09/26 20:20:44 Image size of job updated: 21846308
	21329  -  MemoryUsage of job (MB)
	21840016  -  ResidentSetSize of job (KB)
...
006 (7223602.004.000) 09/26 20:25:45 Image size of job updated: 21880976
	21351  -  MemoryUsage of job (MB)
	21862936  -  ResidentSetSize of job (KB)
...
006 (7223602.004.000) 09/26 20:30:45 Image size of job updated: 22007132
	21490  -  MemoryUsage of job (MB)
	22004996  -  ResidentSetSize of job (KB)
...
006 (7223602.004.000) 09/26 20:35:46 Image size of job updated: 22020324
	21503  -  MemoryUsage of job (MB)
	22018632  -  ResidentSetSize of job (KB)
...
006 (7223602.004.000) 09/26 20:40:47 Image size of job updated: 22050148
	21524  -  MemoryUsage of job (MB)
	22039980  -  ResidentSetSize of job (KB)
...
006 (7223602.004.000) 09/26 20:45:47 Image size of job updated: 22068804
	21543  -  MemoryUsage of job (MB)
	22059124  -  ResidentSetSize of job (KB)
...
006 (7223602.004.000) 09/26 20:50:48 Image size of job updated: 22208464
	21684  -  MemoryUsage of job (MB)
	22203548  -  ResidentSetSize of job (KB)
...
006 (7223602.004.000) 09/26 20:55:49 Image size of job updated: 22254996
	21726  -  MemoryUsage of job (MB)
	22247268  -  ResidentSetSize of job (KB)
...
006 (7223602.004.000) 09/26 21:00:49 Image size of job updated: 22296560
	21768  -  MemoryUsage of job (MB)
	22290352  -  ResidentSetSize of job (KB)
...
006 (7223602.004.000) 09/26 21:05:50 Image size of job updated: 22327508
	21798  -  MemoryUsage of job (MB)
	22320496  -  ResidentSetSize of job (KB)
...
006 (7223602.004.000) 09/26 21:10:50 Image size of job updated: 22349748
	21816  -  MemoryUsage of job (MB)
	22338704  -  ResidentSetSize of job (KB)
...
006 (7223602.004.000) 09/26 21:15:51 Image size of job updated: 22383512
	21852  -  MemoryUsage of job (MB)
	22375944  -  ResidentSetSize of job (KB)
...
006 (7223602.004.000) 09/26 21:25:27 Image size of job updated: 22403340
	21875  -  MemoryUsage of job (MB)
	22399600  -  ResidentSetSize of job (KB)
...
006 (7223602.004.000) 09/26 21:39:27 Image size of job updated: 22528188
	21996  -  MemoryUsage of job (MB)
	22523064  -  ResidentSetSize of job (KB)
...
006 (7223602.004.000) 09/26 21:50:42 Image size of job updated: 22625112
	22095  -  MemoryUsage of job (MB)
	22624740  -  ResidentSetSize of job (KB)
...
006 (7223602.004.000) 09/26 21:57:33 Image size of job updated: 22638664
	22097  -  MemoryUsage of job (MB)
	22626956  -  ResidentSetSize of job (KB)
...
006 (7223602.004.000) 09/26 22:02:34 Image size of job updated: 22643968
	22097  -  MemoryUsage of job (MB)
	22626956  -  ResidentSetSize of job (KB)
...
006 (7223602.004.000) 09/26 22:07:33 Image size of job updated: 22713536
	22175  -  MemoryUsage of job (MB)
	22707044  -  ResidentSetSize of job (KB)
...
006 (7223602.004.000) 09/26 22:12:34 Image size of job updated: 22810192
	22273  -  MemoryUsage of job (MB)
	22807068  -  ResidentSetSize of job (KB)
...
006 (7223602.004.000) 09/26 22:17:35 Image size of job updated: 22954428
	22413  -  MemoryUsage of job (MB)
	22950164  -  ResidentSetSize of job (KB)
...
006 (7223602.004.000) 09/26 22:22:35 Image size of job updated: 23054676
	22508  -  MemoryUsage of job (MB)
	23047596  -  ResidentSetSize of job (KB)
...
006 (7223602.004.000) 09/26 22:27:36 Image size of job updated: 23205412
	22658  -  MemoryUsage of job (MB)
	23201148  -  ResidentSetSize of job (KB)
...
006 (7223602.004.000) 09/26 22:32:37 Image size of job updated: 23244548
	22696  -  MemoryUsage of job (MB)
	23239868  -  ResidentSetSize of job (KB)
...
006 (7223602.004.000) 09/26 22:37:36 Image size of job updated: 23371132
	22818  -  MemoryUsage of job (MB)
	23365052  -  ResidentSetSize of job (KB)
...
006 (7223602.004.000) 09/26 22:42:37 Image size of job updated: 23415660
	22852  -  MemoryUsage of job (MB)
	23400108  -  ResidentSetSize of job (KB)
...
006 (7223602.004.000) 09/26 22:47:38 Image size of job updated: 23446756
	22892  -  MemoryUsage of job (MB)
	23440444  -  ResidentSetSize of job (KB)
...
006 (7223602.004.000) 09/26 22:52:38 Image size of job updated: 23463480
	22911  -  MemoryUsage of job (MB)
	23460512  -  ResidentSetSize of job (KB)
...
006 (7223602.004.000) 09/26 22:57:39 Image size of job updated: 23531184
	22975  -  MemoryUsage of job (MB)
	23526216  -  ResidentSetSize of job (KB)
...
006 (7223602.004.000) 09/26 23:02:40 Image size of job updated: 23547604
	22990  -  MemoryUsage of job (MB)
	23541256  -  ResidentSetSize of job (KB)
...
006 (7223602.004.000) 09/26 23:07:41 Image size of job updated: 23561296
	23002  -  MemoryUsage of job (MB)
	23553872  -  ResidentSetSize of job (KB)
...
006 (7223602.004.000) 09/26 23:12:40 Image size of job updated: 23580628
	23014  -  MemoryUsage of job (MB)
	23565952  -  ResidentSetSize of job (KB)
...
006 (7223602.004.000) 09/26 23:17:41 Image size of job updated: 23580628
	23016  -  MemoryUsage of job (MB)
	23568128  -  ResidentSetSize of job (KB)
...
006 (7223602.004.000) 09/26 23:22:42 Image size of job updated: 23788184
	23221  -  MemoryUsage of job (MB)
	23777836  -  ResidentSetSize of job (KB)
...
006 (7223602.004.000) 09/26 23:27:41 Image size of job updated: 23795516
	23234  -  MemoryUsage of job (MB)
	23791436  -  ResidentSetSize of job (KB)
...
006 (7223602.004.000) 09/26 23:32:42 Image size of job updated: 23846528
	23285  -  MemoryUsage of job (MB)
	23842952  -  ResidentSetSize of job (KB)
...
006 (7223602.004.000) 09/26 23:37:43 Image size of job updated: 23876060
	23308  -  MemoryUsage of job (MB)
	23867172  -  ResidentSetSize of job (KB)
...
006 (7223602.004.000) 09/26 23:46:19 Image size of job updated: 23901948
	23334  -  MemoryUsage of job (MB)
	23893916  -  ResidentSetSize of job (KB)
...
006 (7223602.004.000) 09/26 23:57:21 Image size of job updated: 24049276
	23477  -  MemoryUsage of job (MB)
	24040348  -  ResidentSetSize of job (KB)
...
006 (7223602.004.000) 09/27 00:06:14 Image size of job updated: 24136200
	23568  -  MemoryUsage of job (MB)
	24132836  -  ResidentSetSize of job (KB)
...
006 (7223602.004.000) 09/27 00:11:40 Image size of job updated: 24320480
	23740  -  MemoryUsage of job (MB)
	24308900  -  ResidentSetSize of job (KB)
...
006 (7223602.004.000) 09/27 00:16:41 Image size of job updated: 24340648
	23760  -  MemoryUsage of job (MB)
	24329308  -  ResidentSetSize of job (KB)
...
006 (7223602.004.000) 09/27 00:21:42 Image size of job updated: 24432736
	23855  -  MemoryUsage of job (MB)
	24426640  -  ResidentSetSize of job (KB)
...
006 (7223602.004.000) 09/27 00:26:41 Image size of job updated: 24470960
	23886  -  MemoryUsage of job (MB)
	24458368  -  ResidentSetSize of job (KB)
...
006 (7223602.004.000) 09/27 00:31:42 Image size of job updated: 24580376
	24001  -  MemoryUsage of job (MB)
	24576432  -  ResidentSetSize of job (KB)
...
006 (7223602.004.000) 09/27 00:36:43 Image size of job updated: 24672512
	24090  -  MemoryUsage of job (MB)
	24667720  -  ResidentSetSize of job (KB)
...
006 (7223602.004.000) 09/27 00:41:42 Image size of job updated: 24943428
	24359  -  MemoryUsage of job (MB)
	24943428  -  ResidentSetSize of job (KB)
...
006 (7223602.004.000) 09/27 00:46:43 Image size of job updated: 25109332
	24520  -  MemoryUsage of job (MB)
	25108104  -  ResidentSetSize of job (KB)
...
006 (7223602.004.000) 09/27 00:51:44 Image size of job updated: 25213092
	24618  -  MemoryUsage of job (MB)
	25208756  -  ResidentSetSize of job (KB)
...
006 (7223602.004.000) 09/27 00:56:45 Image size of job updated: 25913628
	25274  -  MemoryUsage of job (MB)
	25880512  -  ResidentSetSize of job (KB)
...
006 (7223602.004.000) 09/27 01:01:44 Image size of job updated: 26412972
	25692  -  MemoryUsage of job (MB)
	26308272  -  ResidentSetSize of job (KB)
...
006 (7223602.004.000) 09/27 01:06:45 Image size of job updated: 26532988
	25911  -  MemoryUsage of job (MB)
	26532728  -  ResidentSetSize of job (KB)
...
006 (7223602.004.000) 09/27 01:11:46 Image size of job updated: 26804260
	26164  -  MemoryUsage of job (MB)
	26791608  -  ResidentSetSize of job (KB)
...
006 (7223602.004.000) 09/27 01:16:46 Image size of job updated: 27034468
	26401  -  MemoryUsage of job (MB)
	27034468  -  ResidentSetSize of job (KB)
...
006 (7223602.004.000) 09/27 01:21:47 Image size of job updated: 27480376
	26836  -  MemoryUsage of job (MB)
	27479124  -  ResidentSetSize of job (KB)
...
006 (7223602.004.000) 09/27 01:26:48 Image size of job updated: 27906904
	27253  -  MemoryUsage of job (MB)
	27906904  -  ResidentSetSize of job (KB)
...
006 (7223602.004.000) 09/27 01:31:49 Image size of job updated: 28241620
	27580  -  MemoryUsage of job (MB)
	28241620  -  ResidentSetSize of job (KB)
...
006 (7223602.004.000) 09/27 01:36:48 Image size of job updated: 28507072
	27839  -  MemoryUsage of job (MB)
	28507072  -  ResidentSetSize of job (KB)
...
006 (7223602.004.000) 09/27 01:41:49 Image size of job updated: 28950356
	28272  -  MemoryUsage of job (MB)
	28950356  -  ResidentSetSize of job (KB)
...
006 (7223602.004.000) 09/27 01:46:50 Image size of job updated: 29462064
	28772  -  MemoryUsage of job (MB)
	29462064  -  ResidentSetSize of job (KB)
...
006 (7223602.004.000) 09/27 01:51:51 Image size of job updated: 29465904
	28774  -  MemoryUsage of job (MB)
	29463600  -  ResidentSetSize of job (KB)
...
006 (7223602.004.000) 09/27 02:06:52 Image size of job updated: 29907292
	29207  -  MemoryUsage of job (MB)
	29907292  -  ResidentSetSize of job (KB)
...
006 (7223602.004.000) 09/27 02:11:52 Image size of job updated: 30970204
	30245  -  MemoryUsage of job (MB)
	30970204  -  ResidentSetSize of job (KB)
...
006 (7223602.004.000) 09/27 02:16:53 Image size of job updated: 32036888
	31287  -  MemoryUsage of job (MB)
	32036888  -  ResidentSetSize of job (KB)
...
006 (7223602.004.000) 09/27 02:21:54 Image size of job updated: 33004936
	31289  -  MemoryUsage of job (MB)
	32039448  -  ResidentSetSize of job (KB)
...
040 (7223602.004.000) 09/27 02:22:29 Started transferring output files
...
040 (7223602.004.000) 09/27 02:22:30 Finished transferring output files
...
005 (7223602.004.000) 09/27 02:22:31 Job terminated.
	(1) Normal termination (return value 50)
		Usr 0 06:10:45, Sys 0 00:25:02  -  Run Remote Usage
		Usr 0 00:00:00, Sys 0 00:00:00  -  Run Local Usage
		Usr 0 06:10:45, Sys 0 00:25:02  -  Total Remote Usage
		Usr 0 00:00:00, Sys 0 00:00:00  -  Total Local Usage
	549449  -  Run Bytes Sent By Job
	1407  -  Run Bytes Received By Job
	549449  -  Total Bytes Sent By Job
	1407  -  Total Bytes Received By Job
	Partitionable Resources :       Usage  Request Allocated Assigned
	   Cpus                 :        1.00        1         1 
	   Disk (KB)            : 27746526           2    793361 
	   Gpus (Average)       :        0.00        1         1 "GPU-3cefdd61"
	   GpusMemory (MB)      :      599                       
	   Memory (MB)          :    31289        2000      2000 

	Job terminated of its own accord at 2024-09-27T00:22:29Z with exit-code 50.
...
