000 (7216727.005.000) 09/18 03:14:56 Job submitted from host: <137.138.44.55:9618?addrs=137.138.44.55-9618+[2001-1458-d00-1a--48]-9618&alias=bigbird17.cern.ch&noUDP&sock=schedd_1981_6134>
...
040 (7216727.005.000) 09/18 11:08:19 Started transferring input files
	Transferring to host: <128.142.248.123:9618?addrs=128.142.248.123-9618+[2001-1458-301-73--100-16b]-9618&alias=b9g23p2657.cern.ch&noUDP&sock=slot1_61_443391_d207_19138>
...
040 (7216727.005.000) 09/18 11:08:19 Finished transferring input files
...
001 (7216727.005.000) 09/18 11:08:20 Job executing on host: <128.142.248.123:9618?addrs=128.142.248.123-9618+[2001-1458-301-73--100-16b]-9618&alias=b9g23p2657.cern.ch&noUDP&sock=startd_7091_6a27>
	SlotName: slot1_61@b9g23p2657.cern.ch
	CondorScratchDir = "/pool/condor/dir_826770"
	Cpus = 1
	Disk = 3070430
	Memory = 2000
...
006 (7216727.005.000) 09/18 11:08:29 Image size of job updated: 667132
	652  -  MemoryUsage of job (MB)
	666884  -  ResidentSetSize of job (KB)
...
006 (7216727.005.000) 09/18 11:13:30 Image size of job updated: 1757604
	1538  -  MemoryUsage of job (MB)
	1573988  -  ResidentSetSize of job (KB)
...
006 (7216727.005.000) 09/18 11:18:31 Image size of job updated: 1757604
	1620  -  MemoryUsage of job (MB)
	1658512  -  ResidentSetSize of job (KB)
...
006 (7216727.005.000) 09/18 11:23:32 Image size of job updated: 1757604
	1640  -  MemoryUsage of job (MB)
	1679196  -  ResidentSetSize of job (KB)
...
006 (7216727.005.000) 09/18 11:28:33 Image size of job updated: 1757604
	1656  -  MemoryUsage of job (MB)
	1695340  -  ResidentSetSize of job (KB)
...
006 (7216727.005.000) 09/18 11:33:34 Image size of job updated: 1779552
	1711  -  MemoryUsage of job (MB)
	1751964  -  ResidentSetSize of job (KB)
...
006 (7216727.005.000) 09/18 11:38:35 Image size of job updated: 1863268
	1798  -  MemoryUsage of job (MB)
	1840340  -  ResidentSetSize of job (KB)
...
006 (7216727.005.000) 09/18 11:43:35 Image size of job updated: 1870648
	1816  -  MemoryUsage of job (MB)
	1858752  -  ResidentSetSize of job (KB)
...
006 (7216727.005.000) 09/18 11:48:36 Image size of job updated: 1888892
	1832  -  MemoryUsage of job (MB)
	1875888  -  ResidentSetSize of job (KB)
...
006 (7216727.005.000) 09/18 11:53:37 Image size of job updated: 1927668
	1864  -  MemoryUsage of job (MB)
	1907776  -  ResidentSetSize of job (KB)
...
006 (7216727.005.000) 09/18 11:58:38 Image size of job updated: 1980760
	1924  -  MemoryUsage of job (MB)
	1969464  -  ResidentSetSize of job (KB)
...
006 (7216727.005.000) 09/18 12:03:39 Image size of job updated: 2007688
	1956  -  MemoryUsage of job (MB)
	2002376  -  ResidentSetSize of job (KB)
...
006 (7216727.005.000) 09/18 12:08:40 Image size of job updated: 2050928
	1991  -  MemoryUsage of job (MB)
	2038776  -  ResidentSetSize of job (KB)
...
006 (7216727.005.000) 09/18 12:13:40 Image size of job updated: 2102564
	2045  -  MemoryUsage of job (MB)
	2093240  -  ResidentSetSize of job (KB)
...
006 (7216727.005.000) 09/18 12:18:40 Image size of job updated: 2165624
	2069  -  MemoryUsage of job (MB)
	2117884  -  ResidentSetSize of job (KB)
...
006 (7216727.005.000) 09/18 12:23:40 Image size of job updated: 2227392
	2166  -  MemoryUsage of job (MB)
	2217692  -  ResidentSetSize of job (KB)
...
006 (7216727.005.000) 09/18 12:28:40 Image size of job updated: 2292440
	2229  -  MemoryUsage of job (MB)
	2281892  -  ResidentSetSize of job (KB)
...
006 (7216727.005.000) 09/18 12:33:40 Image size of job updated: 2397744
	2334  -  MemoryUsage of job (MB)
	2390016  -  ResidentSetSize of job (KB)
...
006 (7216727.005.000) 09/18 12:38:40 Image size of job updated: 2461668
	2397  -  MemoryUsage of job (MB)
	2454508  -  ResidentSetSize of job (KB)
...
006 (7216727.005.000) 09/18 12:43:40 Image size of job updated: 2657156
	2590  -  MemoryUsage of job (MB)
	2651636  -  ResidentSetSize of job (KB)
...
006 (7216727.005.000) 09/18 12:48:40 Image size of job updated: 2850816
	2759  -  MemoryUsage of job (MB)
	2825172  -  ResidentSetSize of job (KB)
...
006 (7216727.005.000) 09/18 12:53:40 Image size of job updated: 3036628
	2941  -  MemoryUsage of job (MB)
	3010604  -  ResidentSetSize of job (KB)
...
006 (7216727.005.000) 09/18 12:58:40 Image size of job updated: 3143936
	3020  -  MemoryUsage of job (MB)
	3092432  -  ResidentSetSize of job (KB)
...
006 (7216727.005.000) 09/18 13:03:40 Image size of job updated: 4688024
	4579  -  MemoryUsage of job (MB)
	4688024  -  ResidentSetSize of job (KB)
...
006 (7216727.005.000) 09/18 13:08:40 Image size of job updated: 4930020
	4815  -  MemoryUsage of job (MB)
	4930020  -  ResidentSetSize of job (KB)
...
006 (7216727.005.000) 09/18 13:09:00 Image size of job updated: 4934208
	4815  -  MemoryUsage of job (MB)
	4930336  -  ResidentSetSize of job (KB)
...
040 (7216727.005.000) 09/18 13:09:00 Started transferring output files
...
040 (7216727.005.000) 09/18 13:09:00 Finished transferring output files
...
005 (7216727.005.000) 09/18 13:09:00 Job terminated.
	(1) Normal termination (return value 50)
		Usr 0 01:53:22, Sys 0 00:04:46  -  Run Remote Usage
		Usr 0 00:00:00, Sys 0 00:00:00  -  Run Local Usage
		Usr 0 01:53:22, Sys 0 00:04:46  -  Total Remote Usage
		Usr 0 00:00:00, Sys 0 00:00:00  -  Total Local Usage
	17768  -  Run Bytes Sent By Job
	2945  -  Run Bytes Received By Job
	17768  -  Total Bytes Sent By Job
	2945  -  Total Bytes Received By Job
	Partitionable Resources :      Usage  Request Allocated 
	   Cpus                 :       0.96        1         1 
	   Disk (KB)            : 2861312           3   3070430 
	   Memory (MB)          :    4815        2000      2000 

	Job terminated of its own accord at 2024-09-18T11:09:00Z with exit-code 50.
...
