000 (7216727.002.000) 09/18 03:14:56 Job submitted from host: <137.138.44.55:9618?addrs=137.138.44.55-9618+[2001-1458-d00-1a--48]-9618&alias=bigbird17.cern.ch&noUDP&sock=schedd_1981_6134>
...
040 (7216727.002.000) 09/18 11:07:50 Started transferring input files
	Transferring to host: <128.142.248.94:9618?addrs=128.142.248.94-9618+[2001-1458-301-73--100-14e]-9618&alias=b9g23p2790.cern.ch&noUDP&sock=slot1_50_3359_7822_15936>
...
040 (7216727.002.000) 09/18 11:07:50 Finished transferring input files
...
001 (7216727.002.000) 09/18 11:07:51 Job executing on host: <128.142.248.94:9618?addrs=128.142.248.94-9618+[2001-1458-301-73--100-14e]-9618&alias=b9g23p2790.cern.ch&noUDP&sock=startd_3310_f691>
	SlotName: slot1_50@b9g23p2790.cern.ch
	CondorScratchDir = "/pool/condor/dir_1520062"
	Cpus = 1
	Disk = 3032562
	Memory = 2000
...
006 (7216727.002.000) 09/18 11:08:00 Image size of job updated: 469172
	459  -  MemoryUsage of job (MB)
	469168  -  ResidentSetSize of job (KB)
...
006 (7216727.002.000) 09/18 11:13:01 Image size of job updated: 1778804
	1511  -  MemoryUsage of job (MB)
	1547224  -  ResidentSetSize of job (KB)
...
006 (7216727.002.000) 09/18 11:18:01 Image size of job updated: 1778804
	1632  -  MemoryUsage of job (MB)
	1670300  -  ResidentSetSize of job (KB)
...
006 (7216727.002.000) 09/18 11:23:01 Image size of job updated: 1778804
	1645  -  MemoryUsage of job (MB)
	1684172  -  ResidentSetSize of job (KB)
...
006 (7216727.002.000) 09/18 11:28:02 Image size of job updated: 1778804
	1667  -  MemoryUsage of job (MB)
	1706176  -  ResidentSetSize of job (KB)
...
006 (7216727.002.000) 09/18 11:33:03 Image size of job updated: 1778804
	1691  -  MemoryUsage of job (MB)
	1730640  -  ResidentSetSize of job (KB)
...
006 (7216727.002.000) 09/18 11:38:04 Image size of job updated: 1816228
	1764  -  MemoryUsage of job (MB)
	1805924  -  ResidentSetSize of job (KB)
...
006 (7216727.002.000) 09/18 11:43:05 Image size of job updated: 1888016
	1823  -  MemoryUsage of job (MB)
	1866228  -  ResidentSetSize of job (KB)
...
006 (7216727.002.000) 09/18 11:48:06 Image size of job updated: 1894508
	1846  -  MemoryUsage of job (MB)
	1890120  -  ResidentSetSize of job (KB)
...
006 (7216727.002.000) 09/18 11:53:07 Image size of job updated: 1920264
	1867  -  MemoryUsage of job (MB)
	1911024  -  ResidentSetSize of job (KB)
...
006 (7216727.002.000) 09/18 11:58:08 Image size of job updated: 1993952
	1929  -  MemoryUsage of job (MB)
	1974636  -  ResidentSetSize of job (KB)
...
006 (7216727.002.000) 09/18 12:03:09 Image size of job updated: 2018140
	1961  -  MemoryUsage of job (MB)
	2007712  -  ResidentSetSize of job (KB)
...
006 (7216727.002.000) 09/18 12:08:09 Image size of job updated: 2045440
	1990  -  MemoryUsage of job (MB)
	2036980  -  ResidentSetSize of job (KB)
...
006 (7216727.002.000) 09/18 12:13:10 Image size of job updated: 2117196
	2057  -  MemoryUsage of job (MB)
	2105984  -  ResidentSetSize of job (KB)
...
006 (7216727.002.000) 09/18 12:18:11 Image size of job updated: 2136928
	2079  -  MemoryUsage of job (MB)
	2127888  -  ResidentSetSize of job (KB)
...
006 (7216727.002.000) 09/18 12:23:12 Image size of job updated: 2215560
	2147  -  MemoryUsage of job (MB)
	2197812  -  ResidentSetSize of job (KB)
...
006 (7216727.002.000) 09/18 12:28:12 Image size of job updated: 2266536
	2170  -  MemoryUsage of job (MB)
	2221716  -  ResidentSetSize of job (KB)
...
006 (7216727.002.000) 09/18 12:33:12 Image size of job updated: 2354348
	2300  -  MemoryUsage of job (MB)
	2354348  -  ResidentSetSize of job (KB)
...
006 (7216727.002.000) 09/18 12:38:12 Image size of job updated: 2481764
	2410  -  MemoryUsage of job (MB)
	2467704  -  ResidentSetSize of job (KB)
...
006 (7216727.002.000) 09/18 12:43:12 Image size of job updated: 2508340
	2449  -  MemoryUsage of job (MB)
	2507248  -  ResidentSetSize of job (KB)
...
006 (7216727.002.000) 09/18 12:48:12 Image size of job updated: 2757188
	2673  -  MemoryUsage of job (MB)
	2737108  -  ResidentSetSize of job (KB)
...
006 (7216727.002.000) 09/18 12:53:12 Image size of job updated: 2888924
	2812  -  MemoryUsage of job (MB)
	2878500  -  ResidentSetSize of job (KB)
...
006 (7216727.002.000) 09/18 12:58:12 Image size of job updated: 3149320
	3064  -  MemoryUsage of job (MB)
	3137292  -  ResidentSetSize of job (KB)
...
006 (7216727.002.000) 09/18 13:03:12 Image size of job updated: 3168036
	3067  -  MemoryUsage of job (MB)
	3139676  -  ResidentSetSize of job (KB)
...
006 (7216727.002.000) 09/18 13:08:12 Image size of job updated: 4635076
	4527  -  MemoryUsage of job (MB)
	4635076  -  ResidentSetSize of job (KB)
...
006 (7216727.002.000) 09/18 13:11:37 Image size of job updated: 4798412
	4527  -  MemoryUsage of job (MB)
	4635576  -  ResidentSetSize of job (KB)
...
040 (7216727.002.000) 09/18 13:11:37 Started transferring output files
...
040 (7216727.002.000) 09/18 13:11:37 Finished transferring output files
...
005 (7216727.002.000) 09/18 13:11:38 Job terminated.
	(1) Normal termination (return value 50)
		Usr 0 01:54:28, Sys 0 00:04:56  -  Run Remote Usage
		Usr 0 00:00:00, Sys 0 00:00:00  -  Run Local Usage
		Usr 0 01:54:28, Sys 0 00:04:56  -  Total Remote Usage
		Usr 0 00:00:00, Sys 0 00:00:00  -  Total Local Usage
	17768  -  Run Bytes Sent By Job
	2945  -  Run Bytes Received By Job
	17768  -  Total Bytes Sent By Job
	2945  -  Total Bytes Received By Job
	Partitionable Resources :      Usage  Request Allocated 
	   Cpus                 :       0.72        1         1 
	   Disk (KB)            : 2834883           3   3032562 
	   Memory (MB)          :    4527        2000      2000 

	Job terminated of its own accord at 2024-09-18T11:11:37Z with exit-code 50.
...
