000 (7234684.001.000) 10/04 05:18:43 Job submitted from host: <137.138.44.55:9618?addrs=137.138.44.55-9618+[2001-1458-d00-1a--48]-9618&alias=bigbird17.cern.ch&noUDP&sock=schedd_1981_6134>
...
040 (7234684.001.000) 10/04 12:22:12 Started transferring input files
	Transferring to host: <128.142.248.218:9618?addrs=128.142.248.218-9618+[2001-1458-301-73--100-d9]-9618&alias=b9g23p2883.cern.ch&noUDP&sock=slot1_53_1412154_fe0a_38336>
...
040 (7234684.001.000) 10/04 12:22:12 Finished transferring input files
...
001 (7234684.001.000) 10/04 12:22:13 Job executing on host: <128.142.248.218:9618?addrs=128.142.248.218-9618+[2001-1458-301-73--100-d9]-9618&alias=b9g23p2883.cern.ch&noUDP&sock=startd_1412115_0387>
	SlotName: slot1_53@b9g23p2883.cern.ch
	CondorScratchDir = "/pool/condor/dir_1720021"
	Cpus = 1
	Disk = 2982994
	Memory = 2000
...
006 (7234684.001.000) 10/04 12:22:24 Image size of job updated: 851200
	832  -  MemoryUsage of job (MB)
	851196  -  ResidentSetSize of job (KB)
...
006 (7234684.001.000) 10/04 12:27:24 Image size of job updated: 960972
	838  -  MemoryUsage of job (MB)
	857304  -  ResidentSetSize of job (KB)
...
006 (7234684.001.000) 10/04 21:45:44 Image size of job updated: 2195188
	838  -  MemoryUsage of job (MB)
	857304  -  ResidentSetSize of job (KB)
...
040 (7234684.001.000) 10/04 21:45:44 Started transferring output files
...
040 (7234684.001.000) 10/04 21:45:45 Finished transferring output files
...
005 (7234684.001.000) 10/04 21:45:45 Job terminated.
	(1) Normal termination (return value 50)
		Usr 0 09:11:56, Sys 0 00:05:38  -  Run Remote Usage
		Usr 0 00:00:00, Sys 0 00:00:00  -  Run Local Usage
		Usr 0 09:11:56, Sys 0 00:05:38  -  Total Remote Usage
		Usr 0 00:00:00, Sys 0 00:00:00  -  Total Local Usage
	15049  -  Run Bytes Sent By Job
	2416  -  Run Bytes Received By Job
	15049  -  Total Bytes Sent By Job
	2416  -  Total Bytes Received By Job
	Partitionable Resources :     Usage  Request Allocated 
	   Cpus                 :      1.00        1         1 
	   Disk (KB)            : 745880           3   2982994 
	   Memory (MB)          :    838        2000      2000 

	Job terminated of its own accord at 2024-10-04T19:45:44Z with exit-code 50.
...
