000 (7191344.004.000) 09/02 11:57:02 Job submitted from host: <137.138.44.55:9618?addrs=137.138.44.55-9618+[2001-1458-d00-1a--48]-9618&alias=bigbird17.cern.ch&noUDP&sock=schedd_23962_8474>
...
040 (7191344.004.000) 09/02 22:49:02 Started transferring input files
	Transferring to host: <188.185.93.15:9618?addrs=188.185.93.15-9618+[2001-1458-d00-6c--100-19a]-9618&alias=b9g57n1708.cern.ch&noUDP&sock=slot1_1_13098_79ce_113652>
...
040 (7191344.004.000) 09/02 22:49:02 Finished transferring input files
...
001 (7191344.004.000) 09/02 22:49:03 Job executing on host: <188.185.93.15:9618?addrs=188.185.93.15-9618+[2001-1458-d00-6c--100-19a]-9618&alias=b9g57n1708.cern.ch&noUDP&sock=startd_12239_83b4>
	SlotName: slot1_1@b9g57n1708.cern.ch
	AvailableGPUs = { GPUs_GPU_02690ba6 }
	CondorScratchDir = "/pool/condor/dir_804834"
	Cpus = 1
	Disk = 328522
	GPUs = 1
	GPUs_GPU_02690ba6 = [ GlobalMemoryMb = 40326; MaxSupportedVersion = 12040; DriverVersion = 12.4; DeviceUuid = "02690ba6-da8f-b9f3-f5f5-ed6909a5a343"; DeviceName = "NVIDIA A100-PCIE-40GB"; CoresPerCU = 64; ECCEnabled = true; ComputeUnits = 108; ClockMhz = 1410.0; Id = "GPU-02690ba6"; DevicePciBusId = "0000:06:00.0"; Capability = 8.0 ]
	Memory = 2000
...
006 (7191344.004.000) 09/02 22:49:12 Image size of job updated: 28338800
	11311  -  MemoryUsage of job (MB)
	11581588  -  ResidentSetSize of job (KB)
...
006 (7191344.004.000) 09/02 22:54:15 Image size of job updated: 28338800
	18990  -  MemoryUsage of job (MB)
	19444784  -  ResidentSetSize of job (KB)
...
006 (7191344.004.000) 09/02 22:59:15 Image size of job updated: 28338800
	20289  -  MemoryUsage of job (MB)
	20775196  -  ResidentSetSize of job (KB)
...
006 (7191344.004.000) 09/02 23:04:16 Image size of job updated: 28338800
	20289  -  MemoryUsage of job (MB)
	20775208  -  ResidentSetSize of job (KB)
...
006 (7191344.004.000) 09/02 23:14:16 Image size of job updated: 28338800
	20570  -  MemoryUsage of job (MB)
	21063388  -  ResidentSetSize of job (KB)
...
006 (7191344.004.000) 09/02 23:44:19 Image size of job updated: 28338800
	20780  -  MemoryUsage of job (MB)
	21278200  -  ResidentSetSize of job (KB)
...
006 (7191344.004.000) 09/02 23:59:20 Image size of job updated: 28338800
	21024  -  MemoryUsage of job (MB)
	21527656  -  ResidentSetSize of job (KB)
...
006 (7191344.004.000) 09/03 00:49:24 Image size of job updated: 28338800
	21097  -  MemoryUsage of job (MB)
	21602348  -  ResidentSetSize of job (KB)
...
006 (7191344.004.000) 09/03 05:49:55 Image size of job updated: 28338800
	21165  -  MemoryUsage of job (MB)
	21672780  -  ResidentSetSize of job (KB)
...
006 (7191344.004.000) 09/03 05:54:55 Image size of job updated: 28338800
	21349  -  MemoryUsage of job (MB)
	21860532  -  ResidentSetSize of job (KB)
...
006 (7191344.004.000) 09/03 05:59:56 Image size of job updated: 28338800
	21427  -  MemoryUsage of job (MB)
	21940384  -  ResidentSetSize of job (KB)
...
006 (7191344.004.000) 09/03 06:04:56 Image size of job updated: 28338800
	21431  -  MemoryUsage of job (MB)
	21944372  -  ResidentSetSize of job (KB)
...
006 (7191344.004.000) 09/03 06:34:58 Image size of job updated: 28338800
	21628  -  MemoryUsage of job (MB)
	22146972  -  ResidentSetSize of job (KB)
...
006 (7191344.004.000) 09/03 06:50:01 Image size of job updated: 28338800
	21902  -  MemoryUsage of job (MB)
	22427572  -  ResidentSetSize of job (KB)
...
006 (7191344.004.000) 09/03 07:00:02 Image size of job updated: 28338800
	22327  -  MemoryUsage of job (MB)
	22862728  -  ResidentSetSize of job (KB)
...
006 (7191344.004.000) 09/03 10:35:28 Image size of job updated: 28338800
	22341  -  MemoryUsage of job (MB)
	22877136  -  ResidentSetSize of job (KB)
...
006 (7191344.004.000) 09/03 11:45:33 Image size of job updated: 28338800
	22414  -  MemoryUsage of job (MB)
	22951556  -  ResidentSetSize of job (KB)
...
006 (7191344.004.000) 09/03 11:50:34 Image size of job updated: 28338800
	22491  -  MemoryUsage of job (MB)
	23030416  -  ResidentSetSize of job (KB)
...
006 (7191344.004.000) 09/03 11:55:35 Image size of job updated: 28338800
	22511  -  MemoryUsage of job (MB)
	23050828  -  ResidentSetSize of job (KB)
...
006 (7191344.004.000) 09/03 13:30:47 Image size of job updated: 28338800
	22900  -  MemoryUsage of job (MB)
	23449280  -  ResidentSetSize of job (KB)
...
006 (7191344.004.000) 09/03 13:35:47 Image size of job updated: 28338800
	22961  -  MemoryUsage of job (MB)
	23511944  -  ResidentSetSize of job (KB)
...
006 (7191344.004.000) 09/03 14:00:52 Image size of job updated: 28338800
	23186  -  MemoryUsage of job (MB)
	23741560  -  ResidentSetSize of job (KB)
...
006 (7191344.004.000) 09/03 14:55:59 Image size of job updated: 28338800
	24060  -  MemoryUsage of job (MB)
	24636580  -  ResidentSetSize of job (KB)
...
006 (7191344.004.000) 09/03 15:01:00 Image size of job updated: 28338800
	24818  -  MemoryUsage of job (MB)
	25413588  -  ResidentSetSize of job (KB)
...
006 (7191344.004.000) 09/03 15:05:18 Image size of job updated: 28338800
	24824  -  MemoryUsage of job (MB)
	25419476  -  ResidentSetSize of job (KB)
...
040 (7191344.004.000) 09/03 15:05:21 Started transferring output files
...
040 (7191344.004.000) 09/03 15:05:21 Finished transferring output files
...
005 (7191344.004.000) 09/03 15:05:22 Job terminated.
	(1) Normal termination (return value 50)
		Usr 5 23:25:25, Sys 3 15:40:16  -  Run Remote Usage
		Usr 0 00:00:00, Sys 0 00:00:00  -  Run Local Usage
		Usr 5 23:25:25, Sys 3 15:40:16  -  Total Remote Usage
		Usr 0 00:00:00, Sys 0 00:00:00  -  Total Local Usage
	250441  -  Run Bytes Sent By Job
	2935  -  Run Bytes Received By Job
	250441  -  Total Bytes Sent By Job
	2935  -  Total Bytes Received By Job
	Partitionable Resources :       Usage  Request Allocated Assigned
	   Cpus                 :        1.00        1         1 
	   Disk (KB)            : 11872702           3    328522 
	   Gpus (Average)       :        0.02        1         1 "GPU-02690ba6"
	   GpusMemory (MB)      :     3137                       
	   Memory (MB)          :    24824        2000      2000 

	Job terminated of its own accord at 2024-09-03T13:05:18Z with exit-code 50.
...
