000 (7191344.006.000) 09/02 11:57:02 Job submitted from host: <137.138.44.55:9618?addrs=137.138.44.55-9618+[2001-1458-d00-1a--48]-9618&alias=bigbird17.cern.ch&noUDP&sock=schedd_23962_8474>
...
040 (7191344.006.000) 09/02 23:07:32 Started transferring input files
	Transferring to host: <188.185.92.156:9618?addrs=188.185.92.156-9618+[2001-1458-d00-6c--100-10]-9618&alias=b9g57n5454.cern.ch&noUDP&sock=slot1_1_180816_fab2_74757>
...
040 (7191344.006.000) 09/02 23:07:32 Finished transferring input files
...
001 (7191344.006.000) 09/02 23:07:33 Job executing on host: <188.185.92.156:9618?addrs=188.185.92.156-9618+[2001-1458-d00-6c--100-10]-9618&alias=b9g57n5454.cern.ch&noUDP&sock=startd_151053_5f57>
	SlotName: slot1_1@b9g57n5454.cern.ch
	AvailableGPUs = { GPUs_GPU_d2642622 }
	CondorScratchDir = "/pool/condor/dir_2000010"
	Cpus = 1
	Disk = 329917
	GPUs = 1
	GPUs_GPU_d2642622 = [ GlobalMemoryMb = 40326; MaxSupportedVersion = 12040; DriverVersion = 12.4; DeviceUuid = "d2642622-6ee9-8711-70c1-34935a235a2a"; DeviceName = "NVIDIA A100-PCIE-40GB"; CoresPerCU = 64; ECCEnabled = true; ComputeUnits = 108; ClockMhz = 1410.0; Id = "GPU-d2642622"; DevicePciBusId = "0000:06:00.0"; Capability = 8.0 ]
	Memory = 2000
...
006 (7191344.006.000) 09/02 23:07:42 Image size of job updated: 66734272
	12698  -  MemoryUsage of job (MB)
	13002752  -  ResidentSetSize of job (KB)
...
006 (7191344.006.000) 09/02 23:12:44 Image size of job updated: 66734272
	20369  -  MemoryUsage of job (MB)
	20857812  -  ResidentSetSize of job (KB)
...
006 (7191344.006.000) 09/02 23:17:44 Image size of job updated: 66734272
	21421  -  MemoryUsage of job (MB)
	21934256  -  ResidentSetSize of job (KB)
...
006 (7191344.006.000) 09/02 23:22:44 Image size of job updated: 66734272
	21442  -  MemoryUsage of job (MB)
	21955616  -  ResidentSetSize of job (KB)
...
006 (7191344.006.000) 09/02 23:27:44 Image size of job updated: 66734272
	21449  -  MemoryUsage of job (MB)
	21963040  -  ResidentSetSize of job (KB)
...
006 (7191344.006.000) 09/02 23:32:45 Image size of job updated: 66734272
	21507  -  MemoryUsage of job (MB)
	22022988  -  ResidentSetSize of job (KB)
...
006 (7191344.006.000) 09/03 00:07:50 Image size of job updated: 66734272
	21825  -  MemoryUsage of job (MB)
	22348356  -  ResidentSetSize of job (KB)
...
006 (7191344.006.000) 09/03 00:12:50 Image size of job updated: 66734272
	21880  -  MemoryUsage of job (MB)
	22405104  -  ResidentSetSize of job (KB)
...
006 (7191344.006.000) 09/03 00:17:50 Image size of job updated: 66734272
	21881  -  MemoryUsage of job (MB)
	22405180  -  ResidentSetSize of job (KB)
...
006 (7191344.006.000) 09/03 07:08:28 Image size of job updated: 66734272
	22005  -  MemoryUsage of job (MB)
	22532344  -  ResidentSetSize of job (KB)
...
006 (7191344.006.000) 09/03 07:38:30 Image size of job updated: 66734272
	22126  -  MemoryUsage of job (MB)
	22656788  -  ResidentSetSize of job (KB)
...
006 (7191344.006.000) 09/03 08:43:39 Image size of job updated: 66734272
	22185  -  MemoryUsage of job (MB)
	22717260  -  ResidentSetSize of job (KB)
...
006 (7191344.006.000) 09/03 08:48:40 Image size of job updated: 66734272
	22291  -  MemoryUsage of job (MB)
	22825508  -  ResidentSetSize of job (KB)
...
006 (7191344.006.000) 09/03 08:53:41 Image size of job updated: 66734272
	22302  -  MemoryUsage of job (MB)
	22836480  -  ResidentSetSize of job (KB)
...
006 (7191344.006.000) 09/03 08:58:42 Image size of job updated: 66734272
	22411  -  MemoryUsage of job (MB)
	22947920  -  ResidentSetSize of job (KB)
...
006 (7191344.006.000) 09/03 10:13:47 Image size of job updated: 66734272
	22420  -  MemoryUsage of job (MB)
	22958068  -  ResidentSetSize of job (KB)
...
006 (7191344.006.000) 09/03 10:48:51 Image size of job updated: 66734272
	22490  -  MemoryUsage of job (MB)
	23029252  -  ResidentSetSize of job (KB)
...
006 (7191344.006.000) 09/03 10:58:52 Image size of job updated: 66734272
	22574  -  MemoryUsage of job (MB)
	23115004  -  ResidentSetSize of job (KB)
...
006 (7191344.006.000) 09/03 12:29:00 Image size of job updated: 66734272
	22745  -  MemoryUsage of job (MB)
	23290588  -  ResidentSetSize of job (KB)
...
006 (7191344.006.000) 09/03 12:34:00 Image size of job updated: 66734272
	22745  -  MemoryUsage of job (MB)
	23290844  -  ResidentSetSize of job (KB)
...
006 (7191344.006.000) 09/03 13:14:03 Image size of job updated: 66734272
	22879  -  MemoryUsage of job (MB)
	23427144  -  ResidentSetSize of job (KB)
...
006 (7191344.006.000) 09/03 13:59:11 Image size of job updated: 66734272
	22975  -  MemoryUsage of job (MB)
	23525496  -  ResidentSetSize of job (KB)
...
006 (7191344.006.000) 09/03 14:14:13 Image size of job updated: 66734272
	23019  -  MemoryUsage of job (MB)
	23570688  -  ResidentSetSize of job (KB)
...
006 (7191344.006.000) 09/03 14:19:13 Image size of job updated: 66734272
	23199  -  MemoryUsage of job (MB)
	23754996  -  ResidentSetSize of job (KB)
...
006 (7191344.006.000) 09/03 14:54:15 Image size of job updated: 66734272
	23257  -  MemoryUsage of job (MB)
	23814196  -  ResidentSetSize of job (KB)
...
006 (7191344.006.000) 09/03 15:34:19 Image size of job updated: 66734272
	24373  -  MemoryUsage of job (MB)
	24957552  -  ResidentSetSize of job (KB)
...
006 (7191344.006.000) 09/03 15:39:18 Image size of job updated: 66734272
	25135  -  MemoryUsage of job (MB)
	25737856  -  ResidentSetSize of job (KB)
...
006 (7191344.006.000) 09/03 15:42:17 Image size of job updated: 66734272
	25140  -  MemoryUsage of job (MB)
	25742464  -  ResidentSetSize of job (KB)
...
040 (7191344.006.000) 09/03 15:42:26 Started transferring output files
...
040 (7191344.006.000) 09/03 15:42:26 Finished transferring output files
...
005 (7191344.006.000) 09/03 15:42:28 Job terminated.
	(1) Normal termination (return value 50)
		Usr 5 09:21:37, Sys 3 05:46:21  -  Run Remote Usage
		Usr 0 00:00:00, Sys 0 00:00:00  -  Run Local Usage
		Usr 5 09:21:37, Sys 3 05:46:21  -  Total Remote Usage
		Usr 0 00:00:00, Sys 0 00:00:00  -  Total Local Usage
	250427  -  Run Bytes Sent By Job
	2935  -  Run Bytes Received By Job
	250427  -  Total Bytes Sent By Job
	2935  -  Total Bytes Received By Job
	Partitionable Resources :       Usage  Request Allocated Assigned
	   Cpus                 :        1.00        1         1 
	   Disk (KB)            : 11962241           3    329917 
	   Gpus (Average)       :        0.02        1         1 "GPU-d2642622"
	   GpusMemory (MB)      :     3157                       
	   Memory (MB)          :    25140        2000      2000 

	Job terminated of its own accord at 2024-09-03T13:42:17Z with exit-code 50.
...
