000 (7217801.000.000) 09/23 13:21:25 Job submitted from host: <137.138.44.55:9618?addrs=137.138.44.55-9618+[2001-1458-d00-1a--48]-9618&alias=bigbird17.cern.ch&noUDP&sock=schedd_1981_6134>
...
040 (7217801.000.000) 09/24 04:29:12 Started transferring input files
	Transferring to host: <188.185.190.109:9618?addrs=188.185.190.109-9618+[2001-1458-d03-b--100-300]-9618&alias=b9pgpun014.cern.ch&noUDP&sock=slot1_1_3185867_4229_16593>
...
040 (7217801.000.000) 09/24 04:29:12 Finished transferring input files
...
001 (7217801.000.000) 09/24 04:29:13 Job executing on host: <188.185.190.109:9618?addrs=188.185.190.109-9618+[2001-1458-d03-b--100-300]-9618&alias=b9pgpun014.cern.ch&noUDP&sock=startd_215167_3e60>
	SlotName: slot1_1@b9pgpun014.cern.ch
	AvailableGPUs = { GPUs_GPU_d55ce482 }
	CondorScratchDir = "/pool/condor/dir_3879118"
	Cpus = 1
	Disk = 6875431
	GPUs = 1
	GPUs_GPU_d55ce482 = [ GlobalMemoryMb = 95235; MaxSupportedVersion = 12040; DriverVersion = 12.4; DeviceName = "NVIDIA H100 NVL"; CoresPerCU = 128; ECCEnabled = true; ComputeUnits = 132; ClockMhz = 1785.0; Id = "GPU-d55ce482"; Capability = 9.0; DevicePciBusId = "0000:3A:00.0"; DeviceUuid = "d55ce482-6b29-aba5-2387-d8dadb7ee20f" ]
	Memory = 2000
...
006 (7217801.000.000) 09/24 04:29:21 Image size of job updated: 2443956
	1876  -  MemoryUsage of job (MB)
	1920212  -  ResidentSetSize of job (KB)
...
006 (7217801.000.000) 09/24 04:34:21 Image size of job updated: 2443956
	2176  -  MemoryUsage of job (MB)
	2227892  -  ResidentSetSize of job (KB)
...
006 (7217801.000.000) 09/24 04:39:22 Image size of job updated: 2443956
	2205  -  MemoryUsage of job (MB)
	2257308  -  ResidentSetSize of job (KB)
...
006 (7217801.000.000) 09/24 04:44:22 Image size of job updated: 2443956
	2216  -  MemoryUsage of job (MB)
	2269164  -  ResidentSetSize of job (KB)
...
006 (7217801.000.000) 09/24 04:49:22 Image size of job updated: 2443956
	2226  -  MemoryUsage of job (MB)
	2278940  -  ResidentSetSize of job (KB)
...
006 (7217801.000.000) 09/24 04:54:23 Image size of job updated: 2443956
	2234  -  MemoryUsage of job (MB)
	2287204  -  ResidentSetSize of job (KB)
...
006 (7217801.000.000) 09/24 04:59:23 Image size of job updated: 2443956
	2248  -  MemoryUsage of job (MB)
	2301848  -  ResidentSetSize of job (KB)
...
006 (7217801.000.000) 09/24 05:04:23 Image size of job updated: 2443956
	2258  -  MemoryUsage of job (MB)
	2311564  -  ResidentSetSize of job (KB)
...
006 (7217801.000.000) 09/24 05:09:24 Image size of job updated: 2443956
	2262  -  MemoryUsage of job (MB)
	2315636  -  ResidentSetSize of job (KB)
...
006 (7217801.000.000) 09/24 05:14:24 Image size of job updated: 2443956
	2287  -  MemoryUsage of job (MB)
	2341268  -  ResidentSetSize of job (KB)
...
006 (7217801.000.000) 09/24 05:19:25 Image size of job updated: 2639992
	2567  -  MemoryUsage of job (MB)
	2628368  -  ResidentSetSize of job (KB)
...
006 (7217801.000.000) 09/24 05:24:14 Image size of job updated: 5394664
	2567  -  MemoryUsage of job (MB)
	2628368  -  ResidentSetSize of job (KB)
...
040 (7217801.000.000) 09/24 05:24:14 Started transferring output files
...
040 (7217801.000.000) 09/24 05:24:14 Finished transferring output files
...
005 (7217801.000.000) 09/24 05:24:14 Job terminated.
	(1) Normal termination (return value 0)
		Usr 0 00:54:27, Sys 0 00:00:49  -  Run Remote Usage
		Usr 0 00:00:00, Sys 0 00:00:00  -  Run Local Usage
		Usr 0 00:54:27, Sys 0 00:00:49  -  Total Remote Usage
		Usr 0 00:00:00, Sys 0 00:00:00  -  Total Local Usage
	57998  -  Run Bytes Sent By Job
	1414  -  Run Bytes Received By Job
	57998  -  Total Bytes Sent By Job
	1414  -  Total Bytes Received By Job
	Partitionable Resources :      Usage  Request Allocated Assigned
	   Cpus                 :       0.82        1         1 
	   Disk (KB)            : 2438969           2   6875431 
	   Gpus (Average)       :       0.00        1         1 "GPU-d55ce482"
	   GpusMemory (MB)      :     617                       
	   Memory (MB)          :    2567        2000      2000 

	Job terminated of its own accord at 2024-09-24T03:24:14Z with exit-code 0.
...
