000 (7187301.006.000) 08/26 07:55:54 Job submitted from host: <137.138.44.55:9618?addrs=137.138.44.55-9618+[2001-1458-d00-1a--48]-9618&alias=bigbird17.cern.ch&noUDP&sock=schedd_23962_8474>
...
040 (7187301.006.000) 08/27 18:46:30 Started transferring input files
	Transferring to host: <188.185.93.105:9618?addrs=188.185.93.105-9618+[2001-1458-d00-6c--100-242]-9618&alias=b9g57n8656.cern.ch&noUDP&sock=slot1_3_18300_c161_112717>
...
040 (7187301.006.000) 08/27 18:46:30 Finished transferring input files
...
001 (7187301.006.000) 08/27 18:46:31 Job executing on host: <188.185.93.105:9618?addrs=188.185.93.105-9618+[2001-1458-d00-6c--100-242]-9618&alias=b9g57n8656.cern.ch&noUDP&sock=startd_17874_a7e1>
	SlotName: slot1_3@b9g57n8656.cern.ch
	AvailableGPUs = { GPUs_GPU_486de2a4 }
	CondorScratchDir = "/pool/condor/dir_473200"
	Cpus = 1
	Disk = 1466604
	GPUs = 1
	GPUs_GPU_486de2a4 = [ GlobalMemoryMb = 40326; MaxSupportedVersion = 12040; DriverVersion = 12.4; DeviceName = "NVIDIA A100-PCIE-40GB"; CoresPerCU = 64; ECCEnabled = true; ComputeUnits = 108; ClockMhz = 1410.0; Id = "GPU-486de2a4"; Capability = 8.0; DevicePciBusId = "0000:08:00.0"; DeviceUuid = "486de2a4-09f0-beaa-a3c7-aeb8fe4639c5" ]
	Memory = 2000
...
006 (7187301.006.000) 08/27 18:46:40 Image size of job updated: 13159860
	4658  -  MemoryUsage of job (MB)
	4769700  -  ResidentSetSize of job (KB)
...
006 (7187301.006.000) 08/27 18:51:40 Image size of job updated: 13159860
	5129  -  MemoryUsage of job (MB)
	5251996  -  ResidentSetSize of job (KB)
...
006 (7187301.006.000) 08/27 18:56:41 Image size of job updated: 13159860
	5504  -  MemoryUsage of job (MB)
	5635300  -  ResidentSetSize of job (KB)
...
006 (7187301.006.000) 08/27 19:01:41 Image size of job updated: 13159860
	5839  -  MemoryUsage of job (MB)
	5978676  -  ResidentSetSize of job (KB)
...
006 (7187301.006.000) 08/27 19:06:41 Image size of job updated: 13159860
	6210  -  MemoryUsage of job (MB)
	6358824  -  ResidentSetSize of job (KB)
...
006 (7187301.006.000) 08/27 19:11:42 Image size of job updated: 13159860
	6659  -  MemoryUsage of job (MB)
	6817872  -  ResidentSetSize of job (KB)
...
006 (7187301.006.000) 08/27 19:16:42 Image size of job updated: 13159860
	8466  -  MemoryUsage of job (MB)
	8668756  -  ResidentSetSize of job (KB)
...
006 (7187301.006.000) 08/27 19:21:44 Image size of job updated: 13159860
	9997  -  MemoryUsage of job (MB)
	10236612  -  ResidentSetSize of job (KB)
...
006 (7187301.006.000) 08/27 19:26:44 Image size of job updated: 13159860
	10787  -  MemoryUsage of job (MB)
	11045804  -  ResidentSetSize of job (KB)
...
006 (7187301.006.000) 08/27 19:31:44 Image size of job updated: 13159860
	11576  -  MemoryUsage of job (MB)
	11853412  -  ResidentSetSize of job (KB)
...
006 (7187301.006.000) 08/27 19:36:45 Image size of job updated: 13159860
	12368  -  MemoryUsage of job (MB)
	12663912  -  ResidentSetSize of job (KB)
...
040 (7187301.006.000) 08/27 19:39:35 Started transferring output files
...
040 (7187301.006.000) 08/27 19:39:35 Finished transferring output files
...
005 (7187301.006.000) 08/27 19:39:36 Job terminated.
	(1) Normal termination (return value 50)
		Usr 0 13:24:35, Sys 1 16:25:01  -  Run Remote Usage
		Usr 0 00:00:00, Sys 0 00:00:00  -  Run Local Usage
		Usr 0 13:24:35, Sys 1 16:25:01  -  Total Remote Usage
		Usr 0 00:00:00, Sys 0 00:00:00  -  Total Local Usage
	39116  -  Run Bytes Sent By Job
	2929  -  Run Bytes Received By Job
	39116  -  Total Bytes Sent By Job
	2929  -  Total Bytes Received By Job
	Partitionable Resources :      Usage  Request Allocated Assigned
	   Cpus                 :       1.00        1         1 
	   Disk (KB)            : 4294999           3   1466604 
	   Gpus (Average)       :       0.01        1         1 "GPU-486de2a4"
	   GpusMemory (MB)      :    1077                       
	   Memory (MB)          :   12368        2000      2000 

	Job terminated of its own accord at 2024-08-27T17:39:35Z with exit-code 50.
...
