000 (7187301.003.000) 08/26 07:55:54 Job submitted from host: <137.138.44.55:9618?addrs=137.138.44.55-9618+[2001-1458-d00-1a--48]-9618&alias=bigbird17.cern.ch&noUDP&sock=schedd_23962_8474>
...
040 (7187301.003.000) 08/27 18:09:01 Started transferring input files
	Transferring to host: <188.185.93.84:9618?addrs=188.185.93.84-9618+[2001-1458-d00-6c--100-55]-9618&alias=b9g57n9431.cern.ch&noUDP&sock=slot1_1_11325_3ca6_109036>
...
040 (7187301.003.000) 08/27 18:09:01 Finished transferring input files
...
001 (7187301.003.000) 08/27 18:09:02 Job executing on host: <188.185.93.84:9618?addrs=188.185.93.84-9618+[2001-1458-d00-6c--100-55]-9618&alias=b9g57n9431.cern.ch&noUDP&sock=startd_10703_f23c>
	SlotName: slot1_1@b9g57n9431.cern.ch
	AvailableGPUs = { GPUs_GPU_ad45c2b2 }
	CondorScratchDir = "/pool/condor/dir_1989256"
	Cpus = 1
	Disk = 332545
	GPUs = 1
	GPUs_GPU_ad45c2b2 = [ GlobalMemoryMb = 40326; MaxSupportedVersion = 12040; DriverVersion = 12.4; DeviceUuid = "ad45c2b2-835b-1d6b-1b7a-5e4c703f9ed3"; DeviceName = "NVIDIA A100-PCIE-40GB"; CoresPerCU = 64; ECCEnabled = true; ComputeUnits = 108; ClockMhz = 1410.0; Id = "GPU-ad45c2b2"; DevicePciBusId = "0000:06:00.0"; Capability = 8.0 ]
	Memory = 2000
...
006 (7187301.003.000) 08/27 18:09:11 Image size of job updated: 1420720
	895  -  MemoryUsage of job (MB)
	915672  -  ResidentSetSize of job (KB)
...
006 (7187301.003.000) 08/27 18:14:11 Image size of job updated: 1573372
	1491  -  MemoryUsage of job (MB)
	1526544  -  ResidentSetSize of job (KB)
...
006 (7187301.003.000) 08/27 18:19:12 Image size of job updated: 2026144
	1967  -  MemoryUsage of job (MB)
	2014060  -  ResidentSetSize of job (KB)
...
006 (7187301.003.000) 08/27 18:24:12 Image size of job updated: 2729636
	2666  -  MemoryUsage of job (MB)
	2729336  -  ResidentSetSize of job (KB)
...
006 (7187301.003.000) 08/27 18:29:12 Image size of job updated: 3006356
	2891  -  MemoryUsage of job (MB)
	2960156  -  ResidentSetSize of job (KB)
...
006 (7187301.003.000) 08/27 18:34:13 Image size of job updated: 4963012
	4847  -  MemoryUsage of job (MB)
	4963012  -  ResidentSetSize of job (KB)
...
006 (7187301.003.000) 08/27 18:39:13 Image size of job updated: 5783768
	5649  -  MemoryUsage of job (MB)
	5783768  -  ResidentSetSize of job (KB)
...
006 (7187301.003.000) 08/27 18:44:14 Image size of job updated: 6624408
	6470  -  MemoryUsage of job (MB)
	6624408  -  ResidentSetSize of job (KB)
...
006 (7187301.003.000) 08/27 18:49:14 Image size of job updated: 7426644
	7253  -  MemoryUsage of job (MB)
	7426644  -  ResidentSetSize of job (KB)
...
006 (7187301.003.000) 08/27 18:52:45 Image size of job updated: 7899432
	7253  -  MemoryUsage of job (MB)
	7426900  -  ResidentSetSize of job (KB)
...
040 (7187301.003.000) 08/27 18:52:45 Started transferring output files
...
040 (7187301.003.000) 08/27 18:52:45 Finished transferring output files
...
005 (7187301.003.000) 08/27 18:52:45 Job terminated.
	(1) Normal termination (return value 50)
		Usr 0 00:36:13, Sys 0 00:05:05  -  Run Remote Usage
		Usr 0 00:00:00, Sys 0 00:00:00  -  Run Local Usage
		Usr 0 00:36:13, Sys 0 00:05:05  -  Total Remote Usage
		Usr 0 00:00:00, Sys 0 00:00:00  -  Total Local Usage
	39125  -  Run Bytes Sent By Job
	2929  -  Run Bytes Received By Job
	39125  -  Total Bytes Sent By Job
	2929  -  Total Bytes Received By Job
	Partitionable Resources :      Usage  Request Allocated Assigned
	   Cpus                 :       1.00        1         1 
	   Disk (KB)            : 4294999           3    332545 
	   Gpus (Average)       :       0.01        1         1 "GPU-ad45c2b2"
	   GpusMemory (MB)      :    1077                       
	   Memory (MB)          :    7253        2000      2000 

	Job terminated of its own accord at 2024-08-27T16:52:45Z with exit-code 50.
...
