000 (7216743.007.000) 09/18 03:15:08 Job submitted from host: <137.138.44.55:9618?addrs=137.138.44.55-9618+[2001-1458-d00-1a--48]-9618&alias=bigbird17.cern.ch&noUDP&sock=schedd_1981_6134>
...
040 (7216743.007.000) 09/18 05:19:48 Started transferring input files
	Transferring to host: <188.185.92.94:9618?addrs=188.185.92.94-9618+[2001-1458-d00-6c--100-91]-9618&alias=b9g57n5555.cern.ch&noUDP&sock=slot1_1_17435_48de_128878>
...
040 (7216743.007.000) 09/18 05:19:48 Finished transferring input files
...
001 (7216743.007.000) 09/18 05:19:49 Job executing on host: <188.185.92.94:9618?addrs=188.185.92.94-9618+[2001-1458-d00-6c--100-91]-9618&alias=b9g57n5555.cern.ch&noUDP&sock=startd_17379_207f>
	SlotName: slot1_1@b9g57n5555.cern.ch
	AvailableGPUs = { GPUs_GPU_c25adc0c }
	CondorScratchDir = "/pool/condor/dir_101295"
	Cpus = 1
	Disk = 300512
	GPUs = 1
	GPUs_GPU_c25adc0c = [ GlobalMemoryMb = 40326; MaxSupportedVersion = 12040; DriverVersion = 12.4; DeviceUuid = "c25adc0c-f079-799e-ebde-bae2b8d3b142"; DeviceName = "NVIDIA A100-PCIE-40GB"; CoresPerCU = 64; ECCEnabled = true; ComputeUnits = 108; ClockMhz = 1410.0; Id = "GPU-c25adc0c"; DevicePciBusId = "0000:06:00.0"; Capability = 8.0 ]
	Memory = 2000
...
006 (7216743.007.000) 09/18 05:19:58 Image size of job updated: 107439916
	94322  -  MemoryUsage of job (MB)
	96584784  -  ResidentSetSize of job (KB)
...
006 (7216743.007.000) 09/18 05:24:59 Image size of job updated: 107439916
	94780  -  MemoryUsage of job (MB)
	97054188  -  ResidentSetSize of job (KB)
...
006 (7216743.007.000) 09/18 05:30:00 Image size of job updated: 107439916
	95032  -  MemoryUsage of job (MB)
	97312680  -  ResidentSetSize of job (KB)
...
006 (7216743.007.000) 09/18 05:35:00 Image size of job updated: 107439916
	95094  -  MemoryUsage of job (MB)
	97375884  -  ResidentSetSize of job (KB)
...
006 (7216743.007.000) 09/18 05:40:01 Image size of job updated: 107439916
	95165  -  MemoryUsage of job (MB)
	97448300  -  ResidentSetSize of job (KB)
...
006 (7216743.007.000) 09/18 05:45:01 Image size of job updated: 107439916
	95346  -  MemoryUsage of job (MB)
	97634172  -  ResidentSetSize of job (KB)
...
006 (7216743.007.000) 09/18 06:35:06 Image size of job updated: 107439916
	95593  -  MemoryUsage of job (MB)
	97886612  -  ResidentSetSize of job (KB)
...
006 (7216743.007.000) 09/18 06:40:06 Image size of job updated: 107439916
	95605  -  MemoryUsage of job (MB)
	97899472  -  ResidentSetSize of job (KB)
...
006 (7216743.007.000) 09/18 06:45:07 Image size of job updated: 107439916
	95917  -  MemoryUsage of job (MB)
	98218704  -  ResidentSetSize of job (KB)
...
006 (7216743.007.000) 09/18 06:50:07 Image size of job updated: 107439916
	96037  -  MemoryUsage of job (MB)
	98341332  -  ResidentSetSize of job (KB)
...
006 (7216743.007.000) 09/18 06:55:08 Image size of job updated: 107439916
	96146  -  MemoryUsage of job (MB)
	98452956  -  ResidentSetSize of job (KB)
...
006 (7216743.007.000) 09/18 07:00:08 Image size of job updated: 107439916
	96298  -  MemoryUsage of job (MB)
	98608768  -  ResidentSetSize of job (KB)
...
006 (7216743.007.000) 09/18 07:05:09 Image size of job updated: 107439916
	96611  -  MemoryUsage of job (MB)
	98928716  -  ResidentSetSize of job (KB)
...
006 (7216743.007.000) 09/18 07:15:10 Image size of job updated: 107439916
	96680  -  MemoryUsage of job (MB)
	99000020  -  ResidentSetSize of job (KB)
...
006 (7216743.007.000) 09/18 07:20:10 Image size of job updated: 107439916
	96892  -  MemoryUsage of job (MB)
	99216408  -  ResidentSetSize of job (KB)
...
006 (7216743.007.000) 09/18 07:25:11 Image size of job updated: 107439916
	97062  -  MemoryUsage of job (MB)
	99390792  -  ResidentSetSize of job (KB)
...
006 (7216743.007.000) 09/18 07:30:11 Image size of job updated: 107439916
	97205  -  MemoryUsage of job (MB)
	99537668  -  ResidentSetSize of job (KB)
...
006 (7216743.007.000) 09/18 07:35:11 Image size of job updated: 107439916
	97462  -  MemoryUsage of job (MB)
	99800800  -  ResidentSetSize of job (KB)
...
006 (7216743.007.000) 09/18 07:40:12 Image size of job updated: 107439916
	97725  -  MemoryUsage of job (MB)
	100069464  -  ResidentSetSize of job (KB)
...
006 (7216743.007.000) 09/18 07:45:12 Image size of job updated: 107439916
	97820  -  MemoryUsage of job (MB)
	100166660  -  ResidentSetSize of job (KB)
...
006 (7216743.007.000) 09/18 07:50:13 Image size of job updated: 107439916
	98183  -  MemoryUsage of job (MB)
	100539128  -  ResidentSetSize of job (KB)
...
006 (7216743.007.000) 09/18 07:55:13 Image size of job updated: 107439916
	98537  -  MemoryUsage of job (MB)
	100901128  -  ResidentSetSize of job (KB)
...
006 (7216743.007.000) 09/18 08:00:13 Image size of job updated: 107439916
	98602  -  MemoryUsage of job (MB)
	100968368  -  ResidentSetSize of job (KB)
...
006 (7216743.007.000) 09/18 08:05:14 Image size of job updated: 107439916
	98711  -  MemoryUsage of job (MB)
	101079756  -  ResidentSetSize of job (KB)
...
006 (7216743.007.000) 09/18 08:10:14 Image size of job updated: 107439916
	98991  -  MemoryUsage of job (MB)
	101366764  -  ResidentSetSize of job (KB)
...
006 (7216743.007.000) 09/18 08:15:15 Image size of job updated: 107439916
	99151  -  MemoryUsage of job (MB)
	101529880  -  ResidentSetSize of job (KB)
...
006 (7216743.007.000) 09/18 08:20:15 Image size of job updated: 107439916
	99297  -  MemoryUsage of job (MB)
	101679664  -  ResidentSetSize of job (KB)
...
006 (7216743.007.000) 09/18 08:25:15 Image size of job updated: 107439916
	99561  -  MemoryUsage of job (MB)
	101949900  -  ResidentSetSize of job (KB)
...
006 (7216743.007.000) 09/18 08:30:16 Image size of job updated: 107439916
	99834  -  MemoryUsage of job (MB)
	102229316  -  ResidentSetSize of job (KB)
...
006 (7216743.007.000) 09/18 08:35:16 Image size of job updated: 107439916
	100621  -  MemoryUsage of job (MB)
	103035788  -  ResidentSetSize of job (KB)
...
006 (7216743.007.000) 09/18 08:40:17 Image size of job updated: 107439916
	101412  -  MemoryUsage of job (MB)
	103845412  -  ResidentSetSize of job (KB)
...
006 (7216743.007.000) 09/18 08:45:17 Image size of job updated: 107439916
	101806  -  MemoryUsage of job (MB)
	104249336  -  ResidentSetSize of job (KB)
...
006 (7216743.007.000) 09/18 08:50:17 Image size of job updated: 107439916
	101895  -  MemoryUsage of job (MB)
	104339496  -  ResidentSetSize of job (KB)
...
006 (7216743.007.000) 09/18 08:55:18 Image size of job updated: 107439916
	101895  -  MemoryUsage of job (MB)
	104340008  -  ResidentSetSize of job (KB)
...
006 (7216743.007.000) 09/18 09:05:19 Image size of job updated: 107439916
	101919  -  MemoryUsage of job (MB)
	104365020  -  ResidentSetSize of job (KB)
...
006 (7216743.007.000) 09/18 09:10:19 Image size of job updated: 107439916
	101986  -  MemoryUsage of job (MB)
	104433648  -  ResidentSetSize of job (KB)
...
006 (7216743.007.000) 09/18 09:13:40 Image size of job updated: 107439916
	101987  -  MemoryUsage of job (MB)
	104434416  -  ResidentSetSize of job (KB)
...
040 (7216743.007.000) 09/18 09:13:41 Started transferring output files
...
040 (7216743.007.000) 09/18 09:13:41 Finished transferring output files
...
005 (7216743.007.000) 09/18 09:13:41 Job terminated.
	(1) Normal termination (return value 50)
		Usr 3 01:32:26, Sys 1 17:56:06  -  Run Remote Usage
		Usr 0 00:00:00, Sys 0 00:00:00  -  Run Local Usage
		Usr 3 01:32:26, Sys 1 17:56:06  -  Total Remote Usage
		Usr 0 00:00:00, Sys 0 00:00:00  -  Total Local Usage
	184263  -  Run Bytes Sent By Job
	2934  -  Run Bytes Received By Job
	184263  -  Total Bytes Sent By Job
	2934  -  Total Bytes Received By Job
	Partitionable Resources :      Usage  Request Allocated Assigned
	   Cpus                 :       1.00        1         1 
	   Disk (KB)            : 8962635           3    300512 
	   Gpus (Average)       :       0.02        1         1 "GPU-c25adc0c"
	   GpusMemory (MB)      :    1913                       
	   Memory (MB)          :  101987        2000      2000 

	Job terminated of its own accord at 2024-09-18T07:13:40Z with exit-code 50.
...
