000 (7216743.001.000) 09/18 03:15:08 Job submitted from host: <137.138.44.55:9618?addrs=137.138.44.55-9618+[2001-1458-d00-1a--48]-9618&alias=bigbird17.cern.ch&noUDP&sock=schedd_1981_6134>
...
040 (7216743.001.000) 09/18 04:56:02 Started transferring input files
	Transferring to host: <188.185.92.203:9618?addrs=188.185.92.203-9618+[2001-1458-d00-6c--100-2c0]-9618&alias=b9g57n2077.cern.ch&noUDP&sock=slot1_1_183059_602d_84791>
...
040 (7216743.001.000) 09/18 04:56:02 Finished transferring input files
...
001 (7216743.001.000) 09/18 04:56:03 Job executing on host: <188.185.92.203:9618?addrs=188.185.92.203-9618+[2001-1458-d00-6c--100-2c0]-9618&alias=b9g57n2077.cern.ch&noUDP&sock=startd_153346_2e01>
	SlotName: slot1_1@b9g57n2077.cern.ch
	AvailableGPUs = { GPUs_GPU_f7b29eb4 }
	CondorScratchDir = "/pool/condor/dir_2176420"
	Cpus = 1
	Disk = 342493
	GPUs = 1
	GPUs_GPU_f7b29eb4 = [ GlobalMemoryMb = 40326; MaxSupportedVersion = 12040; DriverVersion = 12.4; DeviceUuid = "f7b29eb4-a8a4-2aa2-9117-94b506dacb04"; DeviceName = "NVIDIA A100-PCIE-40GB"; CoresPerCU = 64; ECCEnabled = true; ComputeUnits = 108; ClockMhz = 1410.0; Id = "GPU-f7b29eb4"; DevicePciBusId = "0000:06:00.0"; Capability = 8.0 ]
	Memory = 2000
...
006 (7216743.001.000) 09/18 04:56:13 Image size of job updated: 1962272
	1917  -  MemoryUsage of job (MB)
	1962268  -  ResidentSetSize of job (KB)
...
006 (7216743.001.000) 09/18 05:01:13 Image size of job updated: 2579248
	2485  -  MemoryUsage of job (MB)
	2544500  -  ResidentSetSize of job (KB)
...
006 (7216743.001.000) 09/18 05:06:14 Image size of job updated: 2846592
	2721  -  MemoryUsage of job (MB)
	2786028  -  ResidentSetSize of job (KB)
...
006 (7216743.001.000) 09/18 05:11:14 Image size of job updated: 3091520
	3013  -  MemoryUsage of job (MB)
	3084912  -  ResidentSetSize of job (KB)
...
006 (7216743.001.000) 09/18 05:16:14 Image size of job updated: 3397472
	3230  -  MemoryUsage of job (MB)
	3307288  -  ResidentSetSize of job (KB)
...
006 (7216743.001.000) 09/18 05:21:15 Image size of job updated: 3610164
	3490  -  MemoryUsage of job (MB)
	3573608  -  ResidentSetSize of job (KB)
...
006 (7216743.001.000) 09/18 05:26:15 Image size of job updated: 3810032
	3696  -  MemoryUsage of job (MB)
	3784560  -  ResidentSetSize of job (KB)
...
006 (7216743.001.000) 09/18 05:31:16 Image size of job updated: 3887956
	3696  -  MemoryUsage of job (MB)
	3784560  -  ResidentSetSize of job (KB)
...
006 (7216743.001.000) 09/18 05:36:16 Image size of job updated: 3920944
	3765  -  MemoryUsage of job (MB)
	3854920  -  ResidentSetSize of job (KB)
...
006 (7216743.001.000) 09/18 05:41:16 Image size of job updated: 4078960
	3849  -  MemoryUsage of job (MB)
	3941132  -  ResidentSetSize of job (KB)
...
006 (7216743.001.000) 09/18 05:46:17 Image size of job updated: 4149884
	3999  -  MemoryUsage of job (MB)
	4094632  -  ResidentSetSize of job (KB)
...
006 (7216743.001.000) 09/18 05:51:17 Image size of job updated: 4302388
	4044  -  MemoryUsage of job (MB)
	4140104  -  ResidentSetSize of job (KB)
...
006 (7216743.001.000) 09/18 05:56:18 Image size of job updated: 4367668
	4182  -  MemoryUsage of job (MB)
	4281556  -  ResidentSetSize of job (KB)
...
006 (7216743.001.000) 09/18 06:01:18 Image size of job updated: 4619492
	4328  -  MemoryUsage of job (MB)
	4431176  -  ResidentSetSize of job (KB)
...
006 (7216743.001.000) 09/18 06:06:18 Image size of job updated: 4723512
	4467  -  MemoryUsage of job (MB)
	4573268  -  ResidentSetSize of job (KB)
...
006 (7216743.001.000) 09/18 06:11:19 Image size of job updated: 4813356
	4516  -  MemoryUsage of job (MB)
	4623936  -  ResidentSetSize of job (KB)
...
006 (7216743.001.000) 09/18 06:16:19 Image size of job updated: 5020404
	4758  -  MemoryUsage of job (MB)
	4871976  -  ResidentSetSize of job (KB)
...
006 (7216743.001.000) 09/18 06:21:20 Image size of job updated: 5098404
	4808  -  MemoryUsage of job (MB)
	4922580  -  ResidentSetSize of job (KB)
...
006 (7216743.001.000) 09/18 06:26:20 Image size of job updated: 5161920
	4995  -  MemoryUsage of job (MB)
	5114200  -  ResidentSetSize of job (KB)
...
006 (7216743.001.000) 09/18 06:31:21 Image size of job updated: 5409564
	5121  -  MemoryUsage of job (MB)
	5243248  -  ResidentSetSize of job (KB)
...
006 (7216743.001.000) 09/18 06:36:22 Image size of job updated: 5657016
	5374  -  MemoryUsage of job (MB)
	5502936  -  ResidentSetSize of job (KB)
...
006 (7216743.001.000) 09/18 06:41:22 Image size of job updated: 5748804
	5561  -  MemoryUsage of job (MB)
	5693916  -  ResidentSetSize of job (KB)
...
006 (7216743.001.000) 09/18 06:46:23 Image size of job updated: 6065308
	5874  -  MemoryUsage of job (MB)
	6014096  -  ResidentSetSize of job (KB)
...
006 (7216743.001.000) 09/18 06:51:23 Image size of job updated: 6578056
	6287  -  MemoryUsage of job (MB)
	6437128  -  ResidentSetSize of job (KB)
...
006 (7216743.001.000) 09/18 06:56:23 Image size of job updated: 6578056
	6319  -  MemoryUsage of job (MB)
	6469724  -  ResidentSetSize of job (KB)
...
006 (7216743.001.000) 09/18 07:01:24 Image size of job updated: 6579428
	6426  -  MemoryUsage of job (MB)
	6579428  -  ResidentSetSize of job (KB)
...
006 (7216743.001.000) 09/18 07:06:25 Image size of job updated: 6803404
	6644  -  MemoryUsage of job (MB)
	6803404  -  ResidentSetSize of job (KB)
...
006 (7216743.001.000) 09/18 07:11:25 Image size of job updated: 7027524
	6863  -  MemoryUsage of job (MB)
	7027524  -  ResidentSetSize of job (KB)
...
006 (7216743.001.000) 09/18 07:16:26 Image size of job updated: 7154804
	6948  -  MemoryUsage of job (MB)
	7113764  -  ResidentSetSize of job (KB)
...
006 (7216743.001.000) 09/18 07:21:26 Image size of job updated: 7352824
	7181  -  MemoryUsage of job (MB)
	7352824  -  ResidentSetSize of job (KB)
...
006 (7216743.001.000) 09/18 07:26:26 Image size of job updated: 7573276
	7252  -  MemoryUsage of job (MB)
	7425892  -  ResidentSetSize of job (KB)
...
006 (7216743.001.000) 09/18 07:31:27 Image size of job updated: 8207412
	8016  -  MemoryUsage of job (MB)
	8207412  -  ResidentSetSize of job (KB)
...
006 (7216743.001.000) 09/18 07:36:27 Image size of job updated: 8973984
	8764  -  MemoryUsage of job (MB)
	8973984  -  ResidentSetSize of job (KB)
...
006 (7216743.001.000) 09/18 07:41:28 Image size of job updated: 9757892
	9530  -  MemoryUsage of job (MB)
	9757892  -  ResidentSetSize of job (KB)
...
006 (7216743.001.000) 09/18 07:46:29 Image size of job updated: 10544572
	10298  -  MemoryUsage of job (MB)
	10544572  -  ResidentSetSize of job (KB)
...
006 (7216743.001.000) 09/18 07:51:29 Image size of job updated: 11332768
	11068  -  MemoryUsage of job (MB)
	11332768  -  ResidentSetSize of job (KB)
...
006 (7216743.001.000) 09/18 07:56:30 Image size of job updated: 12114736
	11831  -  MemoryUsage of job (MB)
	12114736  -  ResidentSetSize of job (KB)
...
006 (7216743.001.000) 09/18 08:01:31 Image size of job updated: 12902416
	12601  -  MemoryUsage of job (MB)
	12902416  -  ResidentSetSize of job (KB)
...
006 (7216743.001.000) 09/18 08:06:31 Image size of job updated: 13691684
	13371  -  MemoryUsage of job (MB)
	13691684  -  ResidentSetSize of job (KB)
...
006 (7216743.001.000) 09/18 08:11:32 Image size of job updated: 14472624
	13372  -  MemoryUsage of job (MB)
	13692452  -  ResidentSetSize of job (KB)
...
040 (7216743.001.000) 09/18 08:12:43 Started transferring output files
...
040 (7216743.001.000) 09/18 08:12:43 Finished transferring output files
...
005 (7216743.001.000) 09/18 08:12:43 Job terminated.
	(1) Normal termination (return value 50)
		Usr 0 02:08:39, Sys 0 00:25:47  -  Run Remote Usage
		Usr 0 00:00:00, Sys 0 00:00:00  -  Run Local Usage
		Usr 0 02:08:39, Sys 0 00:25:47  -  Total Remote Usage
		Usr 0 00:00:00, Sys 0 00:00:00  -  Total Local Usage
	184254  -  Run Bytes Sent By Job
	2934  -  Run Bytes Received By Job
	184254  -  Total Bytes Sent By Job
	2934  -  Total Bytes Received By Job
	Partitionable Resources :      Usage  Request Allocated Assigned
	   Cpus                 :       1.00        1         1 
	   Disk (KB)            : 8962635           3    342493 
	   Gpus (Average)       :       0.02        1         1 "GPU-f7b29eb4"
	   GpusMemory (MB)      :    1913                       
	   Memory (MB)          :   13372        2000      2000 

	Job terminated of its own accord at 2024-09-18T06:12:42Z with exit-code 50.
...
