000 (7223589.003.000) 09/25 06:46:01 Job submitted from host: <137.138.44.55:9618?addrs=137.138.44.55-9618+[2001-1458-d00-1a--48]-9618&alias=bigbird17.cern.ch&noUDP&sock=schedd_1981_6134>
...
040 (7223589.003.000) 09/25 23:49:23 Started transferring input files
	Transferring to host: <188.185.190.108:9618?addrs=188.185.190.108-9618+[2001-1458-d03-b--100-2ff]-9618&alias=b9pgpun015.cern.ch&noUDP&sock=slot1_2_241727_49ff_27610>
...
040 (7223589.003.000) 09/25 23:49:23 Finished transferring input files
...
001 (7223589.003.000) 09/25 23:49:24 Job executing on host: <188.185.190.108:9618?addrs=188.185.190.108-9618+[2001-1458-d03-b--100-2ff]-9618&alias=b9pgpun015.cern.ch&noUDP&sock=startd_205776_cc7b>
	SlotName: slot1_2@b9pgpun015.cern.ch
	AvailableGPUs = { GPUs_GPU_8419873c }
	CondorScratchDir = "/pool/condor/dir_2640097"
	Cpus = 1
	Disk = 6886615
	GPUs = 1
	GPUs_GPU_8419873c = [ GlobalMemoryMb = 95235; MaxSupportedVersion = 12040; DriverVersion = 12.4; DeviceName = "NVIDIA H100 NVL"; CoresPerCU = 128; ECCEnabled = true; ComputeUnits = 132; ClockMhz = 1785.0; Id = "GPU-8419873c"; Capability = 9.0; DevicePciBusId = "0000:3B:00.0"; DeviceUuid = "8419873c-22dc-83cd-5a57-5735ab9510a1" ]
	Memory = 2000
...
006 (7223589.003.000) 09/25 23:49:33 Image size of job updated: 2847388
	2781  -  MemoryUsage of job (MB)
	2847312  -  ResidentSetSize of job (KB)
...
006 (7223589.003.000) 09/25 23:54:34 Image size of job updated: 20465480
	19857  -  MemoryUsage of job (MB)
	20332824  -  ResidentSetSize of job (KB)
...
006 (7223589.003.000) 09/25 23:59:35 Image size of job updated: 20465480
	19865  -  MemoryUsage of job (MB)
	20341232  -  ResidentSetSize of job (KB)
...
006 (7223589.003.000) 09/26 00:04:34 Image size of job updated: 20465480
	19915  -  MemoryUsage of job (MB)
	20392424  -  ResidentSetSize of job (KB)
...
006 (7223589.003.000) 09/26 00:09:35 Image size of job updated: 20465480
	19931  -  MemoryUsage of job (MB)
	20408868  -  ResidentSetSize of job (KB)
...
006 (7223589.003.000) 09/26 00:14:36 Image size of job updated: 20465480
	19942  -  MemoryUsage of job (MB)
	20420020  -  ResidentSetSize of job (KB)
...
006 (7223589.003.000) 09/26 00:19:37 Image size of job updated: 20465480
	19945  -  MemoryUsage of job (MB)
	20423036  -  ResidentSetSize of job (KB)
...
006 (7223589.003.000) 09/26 00:24:36 Image size of job updated: 20465480
	19955  -  MemoryUsage of job (MB)
	20433076  -  ResidentSetSize of job (KB)
...
006 (7223589.003.000) 09/26 00:29:37 Image size of job updated: 20470364
	19982  -  MemoryUsage of job (MB)
	20461064  -  ResidentSetSize of job (KB)
...
006 (7223589.003.000) 09/26 00:34:38 Image size of job updated: 20470364
	19985  -  MemoryUsage of job (MB)
	20464348  -  ResidentSetSize of job (KB)
...
006 (7223589.003.000) 09/26 00:39:39 Image size of job updated: 20471732
	19988  -  MemoryUsage of job (MB)
	20466900  -  ResidentSetSize of job (KB)
...
006 (7223589.003.000) 09/26 00:44:38 Image size of job updated: 20506768
	20006  -  MemoryUsage of job (MB)
	20485676  -  ResidentSetSize of job (KB)
...
006 (7223589.003.000) 09/26 00:54:40 Image size of job updated: 20537664
	20034  -  MemoryUsage of job (MB)
	20514432  -  ResidentSetSize of job (KB)
...
006 (7223589.003.000) 09/26 00:59:41 Image size of job updated: 20537664
	20039  -  MemoryUsage of job (MB)
	20519604  -  ResidentSetSize of job (KB)
...
006 (7223589.003.000) 09/26 01:14:42 Image size of job updated: 20537664
	20042  -  MemoryUsage of job (MB)
	20522744  -  ResidentSetSize of job (KB)
...
006 (7223589.003.000) 09/26 01:24:43 Image size of job updated: 20537664
	20046  -  MemoryUsage of job (MB)
	20526992  -  ResidentSetSize of job (KB)
...
006 (7223589.003.000) 09/26 01:29:44 Image size of job updated: 20537664
	20050  -  MemoryUsage of job (MB)
	20530288  -  ResidentSetSize of job (KB)
...
006 (7223589.003.000) 09/26 01:34:45 Image size of job updated: 20545264
	20055  -  MemoryUsage of job (MB)
	20535600  -  ResidentSetSize of job (KB)
...
006 (7223589.003.000) 09/26 01:39:44 Image size of job updated: 20545264
	20055  -  MemoryUsage of job (MB)
	20535708  -  ResidentSetSize of job (KB)
...
006 (7223589.003.000) 09/26 01:44:45 Image size of job updated: 20573344
	20084  -  MemoryUsage of job (MB)
	20565992  -  ResidentSetSize of job (KB)
...
006 (7223589.003.000) 09/26 01:49:46 Image size of job updated: 20610840
	20113  -  MemoryUsage of job (MB)
	20594948  -  ResidentSetSize of job (KB)
...
006 (7223589.003.000) 09/26 01:54:47 Image size of job updated: 20610840
	20114  -  MemoryUsage of job (MB)
	20595956  -  ResidentSetSize of job (KB)
...
006 (7223589.003.000) 09/26 01:59:46 Image size of job updated: 20619188
	20131  -  MemoryUsage of job (MB)
	20613548  -  ResidentSetSize of job (KB)
...
006 (7223589.003.000) 09/26 02:04:47 Image size of job updated: 20622200
	20133  -  MemoryUsage of job (MB)
	20615308  -  ResidentSetSize of job (KB)
...
006 (7223589.003.000) 09/26 02:09:48 Image size of job updated: 20658668
	20174  -  MemoryUsage of job (MB)
	20657292  -  ResidentSetSize of job (KB)
...
006 (7223589.003.000) 09/26 02:14:49 Image size of job updated: 20660600
	20174  -  MemoryUsage of job (MB)
	20657292  -  ResidentSetSize of job (KB)
...
006 (7223589.003.000) 09/26 02:19:48 Image size of job updated: 20664896
	20175  -  MemoryUsage of job (MB)
	20658560  -  ResidentSetSize of job (KB)
...
006 (7223589.003.000) 09/26 02:24:49 Image size of job updated: 20672212
	20179  -  MemoryUsage of job (MB)
	20662824  -  ResidentSetSize of job (KB)
...
006 (7223589.003.000) 09/26 02:29:50 Image size of job updated: 20672212
	20180  -  MemoryUsage of job (MB)
	20663828  -  ResidentSetSize of job (KB)
...
006 (7223589.003.000) 09/26 02:34:49 Image size of job updated: 20672212
	20183  -  MemoryUsage of job (MB)
	20666724  -  ResidentSetSize of job (KB)
...
006 (7223589.003.000) 09/26 02:39:50 Image size of job updated: 20704804
	20204  -  MemoryUsage of job (MB)
	20688012  -  ResidentSetSize of job (KB)
...
006 (7223589.003.000) 09/26 02:44:51 Image size of job updated: 20704804
	20211  -  MemoryUsage of job (MB)
	20695760  -  ResidentSetSize of job (KB)
...
006 (7223589.003.000) 09/26 02:49:52 Image size of job updated: 20708596
	20215  -  MemoryUsage of job (MB)
	20699872  -  ResidentSetSize of job (KB)
...
006 (7223589.003.000) 09/26 02:54:52 Image size of job updated: 20717928
	20222  -  MemoryUsage of job (MB)
	20706416  -  ResidentSetSize of job (KB)
...
006 (7223589.003.000) 09/26 02:59:52 Image size of job updated: 20722480
	20230  -  MemoryUsage of job (MB)
	20714584  -  ResidentSetSize of job (KB)
...
006 (7223589.003.000) 09/26 03:04:53 Image size of job updated: 20723180
	20235  -  MemoryUsage of job (MB)
	20720152  -  ResidentSetSize of job (KB)
...
006 (7223589.003.000) 09/26 03:09:54 Image size of job updated: 20767248
	20255  -  MemoryUsage of job (MB)
	20740312  -  ResidentSetSize of job (KB)
...
006 (7223589.003.000) 09/26 03:14:53 Image size of job updated: 20767248
	20277  -  MemoryUsage of job (MB)
	20763136  -  ResidentSetSize of job (KB)
...
006 (7223589.003.000) 09/26 03:19:54 Image size of job updated: 20772200
	20282  -  MemoryUsage of job (MB)
	20767748  -  ResidentSetSize of job (KB)
...
006 (7223589.003.000) 09/26 03:24:55 Image size of job updated: 20795236
	20299  -  MemoryUsage of job (MB)
	20785380  -  ResidentSetSize of job (KB)
...
006 (7223589.003.000) 09/26 03:29:56 Image size of job updated: 20808400
	20314  -  MemoryUsage of job (MB)
	20801424  -  ResidentSetSize of job (KB)
...
006 (7223589.003.000) 09/26 03:39:56 Image size of job updated: 20811352
	20321  -  MemoryUsage of job (MB)
	20808704  -  ResidentSetSize of job (KB)
...
006 (7223589.003.000) 09/26 03:44:57 Image size of job updated: 20819464
	20325  -  MemoryUsage of job (MB)
	20811988  -  ResidentSetSize of job (KB)
...
006 (7223589.003.000) 09/26 03:54:57 Image size of job updated: 20827464
	20325  -  MemoryUsage of job (MB)
	20812040  -  ResidentSetSize of job (KB)
...
006 (7223589.003.000) 09/26 03:59:58 Image size of job updated: 20827464
	20329  -  MemoryUsage of job (MB)
	20816344  -  ResidentSetSize of job (KB)
...
006 (7223589.003.000) 09/26 04:04:59 Image size of job updated: 20883108
	20387  -  MemoryUsage of job (MB)
	20875584  -  ResidentSetSize of job (KB)
...
006 (7223589.003.000) 09/26 04:09:58 Image size of job updated: 20940932
	20432  -  MemoryUsage of job (MB)
	20922336  -  ResidentSetSize of job (KB)
...
006 (7223589.003.000) 09/26 04:14:59 Image size of job updated: 20951984
	20447  -  MemoryUsage of job (MB)
	20937376  -  ResidentSetSize of job (KB)
...
006 (7223589.003.000) 09/26 04:20:00 Image size of job updated: 20957552
	20453  -  MemoryUsage of job (MB)
	20943028  -  ResidentSetSize of job (KB)
...
006 (7223589.003.000) 09/26 04:25:01 Image size of job updated: 20996688
	20502  -  MemoryUsage of job (MB)
	20993088  -  ResidentSetSize of job (KB)
...
006 (7223589.003.000) 09/26 04:30:01 Image size of job updated: 21016888
	20514  -  MemoryUsage of job (MB)
	21005484  -  ResidentSetSize of job (KB)
...
006 (7223589.003.000) 09/26 04:35:00 Image size of job updated: 21016888
	20514  -  MemoryUsage of job (MB)
	21006028  -  ResidentSetSize of job (KB)
...
006 (7223589.003.000) 09/26 04:40:01 Image size of job updated: 21022004
	20527  -  MemoryUsage of job (MB)
	21019544  -  ResidentSetSize of job (KB)
...
006 (7223589.003.000) 09/26 04:45:02 Image size of job updated: 21028780
	20534  -  MemoryUsage of job (MB)
	21026388  -  ResidentSetSize of job (KB)
...
006 (7223589.003.000) 09/26 04:50:03 Image size of job updated: 21089280
	20590  -  MemoryUsage of job (MB)
	21083224  -  ResidentSetSize of job (KB)
...
006 (7223589.003.000) 09/26 04:55:03 Image size of job updated: 21138972
	20613  -  MemoryUsage of job (MB)
	21107412  -  ResidentSetSize of job (KB)
...
006 (7223589.003.000) 09/26 05:00:04 Image size of job updated: 21138972
	20634  -  MemoryUsage of job (MB)
	21128412  -  ResidentSetSize of job (KB)
...
006 (7223589.003.000) 09/26 05:05:05 Image size of job updated: 21138972
	20634  -  MemoryUsage of job (MB)
	21129056  -  ResidentSetSize of job (KB)
...
006 (7223589.003.000) 09/26 05:10:04 Image size of job updated: 21138972
	20635  -  MemoryUsage of job (MB)
	21129484  -  ResidentSetSize of job (KB)
...
006 (7223589.003.000) 09/26 05:25:07 Image size of job updated: 21138972
	20636  -  MemoryUsage of job (MB)
	21130648  -  ResidentSetSize of job (KB)
...
006 (7223589.003.000) 09/26 05:30:06 Image size of job updated: 21141052
	20642  -  MemoryUsage of job (MB)
	21136600  -  ResidentSetSize of job (KB)
...
006 (7223589.003.000) 09/26 05:35:07 Image size of job updated: 21172292
	20668  -  MemoryUsage of job (MB)
	21163016  -  ResidentSetSize of job (KB)
...
006 (7223589.003.000) 09/26 05:40:08 Image size of job updated: 21172292
	20669  -  MemoryUsage of job (MB)
	21164652  -  ResidentSetSize of job (KB)
...
006 (7223589.003.000) 09/26 05:45:09 Image size of job updated: 21172292
	20671  -  MemoryUsage of job (MB)
	21166104  -  ResidentSetSize of job (KB)
...
006 (7223589.003.000) 09/26 05:50:08 Image size of job updated: 21172292
	20672  -  MemoryUsage of job (MB)
	21167488  -  ResidentSetSize of job (KB)
...
006 (7223589.003.000) 09/26 05:55:09 Image size of job updated: 21177256
	20673  -  MemoryUsage of job (MB)
	21168516  -  ResidentSetSize of job (KB)
...
006 (7223589.003.000) 09/26 06:00:10 Image size of job updated: 21252032
	20736  -  MemoryUsage of job (MB)
	21232800  -  ResidentSetSize of job (KB)
...
006 (7223589.003.000) 09/26 06:05:11 Image size of job updated: 21271156
	20768  -  MemoryUsage of job (MB)
	21266160  -  ResidentSetSize of job (KB)
...
006 (7223589.003.000) 09/26 06:10:10 Image size of job updated: 21277976
	20769  -  MemoryUsage of job (MB)
	21267172  -  ResidentSetSize of job (KB)
...
006 (7223589.003.000) 09/26 06:15:11 Image size of job updated: 21339576
	20821  -  MemoryUsage of job (MB)
	21320196  -  ResidentSetSize of job (KB)
...
006 (7223589.003.000) 09/26 06:20:12 Image size of job updated: 21350976
	20847  -  MemoryUsage of job (MB)
	21346836  -  ResidentSetSize of job (KB)
...
006 (7223589.003.000) 09/26 06:25:13 Image size of job updated: 21360820
	20856  -  MemoryUsage of job (MB)
	21355568  -  ResidentSetSize of job (KB)
...
006 (7223589.003.000) 09/26 06:30:12 Image size of job updated: 21389496
	20868  -  MemoryUsage of job (MB)
	21367880  -  ResidentSetSize of job (KB)
...
006 (7223589.003.000) 09/26 06:35:13 Image size of job updated: 21389896
	20884  -  MemoryUsage of job (MB)
	21384720  -  ResidentSetSize of job (KB)
...
006 (7223589.003.000) 09/26 06:40:14 Image size of job updated: 21393156
	20888  -  MemoryUsage of job (MB)
	21388636  -  ResidentSetSize of job (KB)
...
006 (7223589.003.000) 09/26 06:45:15 Image size of job updated: 21402160
	20897  -  MemoryUsage of job (MB)
	21397736  -  ResidentSetSize of job (KB)
...
006 (7223589.003.000) 09/26 06:50:14 Image size of job updated: 21403600
	20897  -  MemoryUsage of job (MB)
	21397736  -  ResidentSetSize of job (KB)
...
006 (7223589.003.000) 09/26 06:55:15 Image size of job updated: 21406504
	20903  -  MemoryUsage of job (MB)
	21403788  -  ResidentSetSize of job (KB)
...
006 (7223589.003.000) 09/26 07:00:16 Image size of job updated: 21433464
	20918  -  MemoryUsage of job (MB)
	21419344  -  ResidentSetSize of job (KB)
...
006 (7223589.003.000) 09/26 07:05:17 Image size of job updated: 21435432
	20930  -  MemoryUsage of job (MB)
	21431940  -  ResidentSetSize of job (KB)
...
006 (7223589.003.000) 09/26 07:10:16 Image size of job updated: 21439980
	20933  -  MemoryUsage of job (MB)
	21434412  -  ResidentSetSize of job (KB)
...
006 (7223589.003.000) 09/26 07:15:17 Image size of job updated: 21441828
	20935  -  MemoryUsage of job (MB)
	21437340  -  ResidentSetSize of job (KB)
...
006 (7223589.003.000) 09/26 07:20:18 Image size of job updated: 21444064
	20937  -  MemoryUsage of job (MB)
	21438764  -  ResidentSetSize of job (KB)
...
006 (7223589.003.000) 09/26 07:25:19 Image size of job updated: 21444116
	20942  -  MemoryUsage of job (MB)
	21443660  -  ResidentSetSize of job (KB)
...
006 (7223589.003.000) 09/26 07:30:18 Image size of job updated: 21451296
	20942  -  MemoryUsage of job (MB)
	21443660  -  ResidentSetSize of job (KB)
...
006 (7223589.003.000) 09/26 07:35:19 Image size of job updated: 21451296
	20943  -  MemoryUsage of job (MB)
	21444824  -  ResidentSetSize of job (KB)
...
006 (7223589.003.000) 09/26 07:50:20 Image size of job updated: 21451296
	20947  -  MemoryUsage of job (MB)
	21448852  -  ResidentSetSize of job (KB)
...
006 (7223589.003.000) 09/26 07:55:21 Image size of job updated: 21454372
	20947  -  MemoryUsage of job (MB)
	21448852  -  ResidentSetSize of job (KB)
...
006 (7223589.003.000) 09/26 08:00:22 Image size of job updated: 21454832
	20949  -  MemoryUsage of job (MB)
	21451464  -  ResidentSetSize of job (KB)
...
006 (7223589.003.000) 09/26 08:05:23 Image size of job updated: 21507288
	20996  -  MemoryUsage of job (MB)
	21499860  -  ResidentSetSize of job (KB)
...
006 (7223589.003.000) 09/26 08:10:22 Image size of job updated: 21592156
	21075  -  MemoryUsage of job (MB)
	21580208  -  ResidentSetSize of job (KB)
...
006 (7223589.003.000) 09/26 08:15:23 Image size of job updated: 21609212
	21092  -  MemoryUsage of job (MB)
	21597644  -  ResidentSetSize of job (KB)
...
006 (7223589.003.000) 09/26 08:20:24 Image size of job updated: 21665896
	21153  -  MemoryUsage of job (MB)
	21660112  -  ResidentSetSize of job (KB)
...
006 (7223589.003.000) 09/26 08:25:24 Image size of job updated: 21676268
	21165  -  MemoryUsage of job (MB)
	21672520  -  ResidentSetSize of job (KB)
...
006 (7223589.003.000) 09/26 08:30:25 Image size of job updated: 21691648
	21175  -  MemoryUsage of job (MB)
	21682868  -  ResidentSetSize of job (KB)
...
006 (7223589.003.000) 09/26 08:35:26 Image size of job updated: 21712028
	21199  -  MemoryUsage of job (MB)
	21706784  -  ResidentSetSize of job (KB)
...
006 (7223589.003.000) 09/26 08:40:27 Image size of job updated: 21841904
	21314  -  MemoryUsage of job (MB)
	21824612  -  ResidentSetSize of job (KB)
...
006 (7223589.003.000) 09/26 08:45:28 Image size of job updated: 22395500
	21856  -  MemoryUsage of job (MB)
	22380436  -  ResidentSetSize of job (KB)
...
006 (7223589.003.000) 09/26 08:50:27 Image size of job updated: 22410456
	21874  -  MemoryUsage of job (MB)
	22398372  -  ResidentSetSize of job (KB)
...
006 (7223589.003.000) 09/26 08:55:28 Image size of job updated: 22412272
	21874  -  MemoryUsage of job (MB)
	22398372  -  ResidentSetSize of job (KB)
...
006 (7223589.003.000) 09/26 09:00:29 Image size of job updated: 22559320
	22016  -  MemoryUsage of job (MB)
	22543800  -  ResidentSetSize of job (KB)
...
006 (7223589.003.000) 09/26 09:05:30 Image size of job updated: 22861632
	22326  -  MemoryUsage of job (MB)
	22861632  -  ResidentSetSize of job (KB)
...
006 (7223589.003.000) 09/26 09:10:29 Image size of job updated: 23227864
	22684  -  MemoryUsage of job (MB)
	23227864  -  ResidentSetSize of job (KB)
...
006 (7223589.003.000) 09/26 09:15:30 Image size of job updated: 24178500
	23612  -  MemoryUsage of job (MB)
	24178500  -  ResidentSetSize of job (KB)
...
006 (7223589.003.000) 09/26 09:20:31 Image size of job updated: 25309752
	24717  -  MemoryUsage of job (MB)
	25309752  -  ResidentSetSize of job (KB)
...
006 (7223589.003.000) 09/26 09:25:32 Image size of job updated: 26436892
	25818  -  MemoryUsage of job (MB)
	26436892  -  ResidentSetSize of job (KB)
...
006 (7223589.003.000) 09/26 09:28:18 Image size of job updated: 26950164
	25820  -  MemoryUsage of job (MB)
	26439452  -  ResidentSetSize of job (KB)
...
040 (7223589.003.000) 09/26 09:28:19 Started transferring output files
...
040 (7223589.003.000) 09/26 09:28:19 Finished transferring output files
...
005 (7223589.003.000) 09/26 09:28:20 Job terminated.
	(1) Normal termination (return value 50)
		Usr 0 09:34:26, Sys 0 00:03:07  -  Run Remote Usage
		Usr 0 00:00:00, Sys 0 00:00:00  -  Run Local Usage
		Usr 0 09:34:26, Sys 0 00:03:07  -  Total Remote Usage
		Usr 0 00:00:00, Sys 0 00:00:00  -  Total Local Usage
	381744  -  Run Bytes Sent By Job
	1407  -  Run Bytes Received By Job
	381744  -  Total Bytes Sent By Job
	1407  -  Total Bytes Received By Job
	Partitionable Resources :       Usage  Request Allocated Assigned
	   Cpus                 :        1.00        1         1 
	   Disk (KB)            : 22259338           2   6886615 
	   Gpus (Average)       :        0.00        1         1 "GPU-8419873c"
	   GpusMemory (MB)      :      599                       
	   Memory (MB)          :    25820        2000      2000 

	Job terminated of its own accord at 2024-09-26T07:28:18Z with exit-code 50.
...
