000 (7187339.000.000) 08/26 07:58:25 Job submitted from host: <137.138.44.55:9618?addrs=137.138.44.55-9618+[2001-1458-d00-1a--48]-9618&alias=bigbird17.cern.ch&noUDP&sock=schedd_23962_8474>
...
040 (7187339.000.000) 08/29 05:06:19 Started transferring input files
	Transferring to host: <188.185.92.203:9618?addrs=188.185.92.203-9618+[2001-1458-d00-6c--100-2c0]-9618&alias=b9g57n2077.cern.ch&noUDP&sock=slot1_1_183059_602d_64328>
...
040 (7187339.000.000) 08/29 05:06:19 Finished transferring input files
...
001 (7187339.000.000) 08/29 05:06:20 Job executing on host: <188.185.92.203:9618?addrs=188.185.92.203-9618+[2001-1458-d00-6c--100-2c0]-9618&alias=b9g57n2077.cern.ch&noUDP&sock=startd_153346_2e01>
	SlotName: slot1_1@b9g57n2077.cern.ch
	AvailableGPUs = { GPUs_GPU_f7b29eb4 }
	CondorScratchDir = "/pool/condor/dir_3137786"
	Cpus = 1
	Disk = 337698
	GPUs = 1
	GPUs_GPU_f7b29eb4 = [ GlobalMemoryMb = 40326; MaxSupportedVersion = 12040; DriverVersion = 12.4; DeviceUuid = "f7b29eb4-a8a4-2aa2-9117-94b506dacb04"; DeviceName = "NVIDIA A100-PCIE-40GB"; CoresPerCU = 64; ECCEnabled = true; ComputeUnits = 108; ClockMhz = 1410.0; Id = "GPU-f7b29eb4"; DevicePciBusId = "0000:06:00.0"; Capability = 8.0 ]
	Memory = 2000
...
006 (7187339.000.000) 08/29 05:06:29 Image size of job updated: 1321332
	1291  -  MemoryUsage of job (MB)
	1321216  -  ResidentSetSize of job (KB)
...
006 (7187339.000.000) 08/29 05:11:29 Image size of job updated: 1734752
	1621  -  MemoryUsage of job (MB)
	1659792  -  ResidentSetSize of job (KB)
...
006 (7187339.000.000) 08/29 05:16:30 Image size of job updated: 1980104
	1655  -  MemoryUsage of job (MB)
	1694344  -  ResidentSetSize of job (KB)
...
006 (7187339.000.000) 08/29 05:21:30 Image size of job updated: 2367156
	1865  -  MemoryUsage of job (MB)
	1909172  -  ResidentSetSize of job (KB)
...
006 (7187339.000.000) 08/29 05:26:31 Image size of job updated: 2514132
	2030  -  MemoryUsage of job (MB)
	2078024  -  ResidentSetSize of job (KB)
...
006 (7187339.000.000) 08/29 05:31:31 Image size of job updated: 3502236
	3421  -  MemoryUsage of job (MB)
	3502212  -  ResidentSetSize of job (KB)
...
006 (7187339.000.000) 08/29 05:36:31 Image size of job updated: 4626208
	4138  -  MemoryUsage of job (MB)
	4236488  -  ResidentSetSize of job (KB)
...
006 (7187339.000.000) 08/29 05:41:32 Image size of job updated: 4751232
	4138  -  MemoryUsage of job (MB)
	4236488  -  ResidentSetSize of job (KB)
...
006 (7187339.000.000) 08/29 05:46:32 Image size of job updated: 4755592
	4138  -  MemoryUsage of job (MB)
	4236488  -  ResidentSetSize of job (KB)
...
006 (7187339.000.000) 08/29 05:51:33 Image size of job updated: 4878008
	4386  -  MemoryUsage of job (MB)
	4490376  -  ResidentSetSize of job (KB)
...
006 (7187339.000.000) 08/29 05:56:33 Image size of job updated: 4884360
	4389  -  MemoryUsage of job (MB)
	4494256  -  ResidentSetSize of job (KB)
...
006 (7187339.000.000) 08/29 06:01:34 Image size of job updated: 4888324
	4760  -  MemoryUsage of job (MB)
	4874164  -  ResidentSetSize of job (KB)
...
006 (7187339.000.000) 08/29 06:06:34 Image size of job updated: 4896436
	4760  -  MemoryUsage of job (MB)
	4874164  -  ResidentSetSize of job (KB)
...
006 (7187339.000.000) 08/29 06:11:34 Image size of job updated: 5014892
	4760  -  MemoryUsage of job (MB)
	4874164  -  ResidentSetSize of job (KB)
...
006 (7187339.000.000) 08/29 06:16:35 Image size of job updated: 5145508
	4760  -  MemoryUsage of job (MB)
	4874164  -  ResidentSetSize of job (KB)
...
006 (7187339.000.000) 08/29 06:21:35 Image size of job updated: 5149676
	4760  -  MemoryUsage of job (MB)
	4874164  -  ResidentSetSize of job (KB)
...
006 (7187339.000.000) 08/29 06:26:36 Image size of job updated: 5165368
	4760  -  MemoryUsage of job (MB)
	4874164  -  ResidentSetSize of job (KB)
...
006 (7187339.000.000) 08/29 06:31:05 Image size of job updated: 5616084
	4760  -  MemoryUsage of job (MB)
	4874164  -  ResidentSetSize of job (KB)
...
040 (7187339.000.000) 08/29 06:31:05 Started transferring output files
...
040 (7187339.000.000) 08/29 06:31:06 Finished transferring output files
...
005 (7187339.000.000) 08/29 06:31:06 Job terminated.
	(1) Normal termination (return value 0)
		Usr 0 01:06:24, Sys 0 00:10:19  -  Run Remote Usage
		Usr 0 00:00:00, Sys 0 00:00:00  -  Run Local Usage
		Usr 0 01:06:24, Sys 0 00:10:19  -  Total Remote Usage
		Usr 0 00:00:00, Sys 0 00:00:00  -  Total Local Usage
	43210  -  Run Bytes Sent By Job
	2946  -  Run Bytes Received By Job
	43210  -  Total Bytes Sent By Job
	2946  -  Total Bytes Received By Job
	Partitionable Resources :      Usage  Request Allocated Assigned
	   Cpus                 :       0.94        1         1 
	   Disk (KB)            : 1342710           3    337698 
	   Gpus (Average)       :       0.06        1         1 "GPU-f7b29eb4"
	   GpusMemory (MB)      :    6687                       
	   Memory (MB)          :    4760        2000      2000 

	Job terminated of its own accord at 2024-08-29T04:31:05Z with exit-code 0.
...
