000 (7186298.000.000) 08/22 15:33:33 Job submitted from host: <137.138.44.55:9618?addrs=137.138.44.55-9618+[2001-1458-d00-1a--48]-9618&alias=bigbird17.cern.ch&noUDP&sock=schedd_23962_8474>
...
040 (7186298.000.000) 08/22 23:10:34 Started transferring input files
	Transferring to host: <188.185.93.208:9618?addrs=188.185.93.208-9618+[2001-1458-d00-6c--100-e9]-9618&alias=b9g57n3665.cern.ch&noUDP&sock=slot1_1_14828_6ad4_105142>
...
040 (7186298.000.000) 08/22 23:10:34 Finished transferring input files
...
001 (7186298.000.000) 08/22 23:10:35 Job executing on host: <188.185.93.208:9618?addrs=188.185.93.208-9618+[2001-1458-d00-6c--100-e9]-9618&alias=b9g57n3665.cern.ch&noUDP&sock=startd_13612_473d>
	SlotName: slot1_1@b9g57n3665.cern.ch
	AvailableGPUs = { GPUs_GPU_836178fb }
	CondorScratchDir = "/pool/condor/dir_518133"
	Cpus = 1
	Disk = 312051
	GPUs = 1
	GPUs_GPU_836178fb = [ GlobalMemoryMb = 40326; MaxSupportedVersion = 12040; DriverVersion = 12.4; DeviceUuid = "836178fb-b193-b354-8ad9-dc95f395b443"; DeviceName = "NVIDIA A100-PCIE-40GB"; CoresPerCU = 64; ECCEnabled = true; ComputeUnits = 108; ClockMhz = 1410.0; Id = "GPU-836178fb"; DevicePciBusId = "0000:06:00.0"; Capability = 8.0 ]
	Memory = 2000
...
006 (7186298.000.000) 08/22 23:10:44 Image size of job updated: 513144
	313  -  MemoryUsage of job (MB)
	319520  -  ResidentSetSize of job (KB)
...
006 (7186298.000.000) 08/22 23:15:45 Image size of job updated: 4875352
	4762  -  MemoryUsage of job (MB)
	4875352  -  ResidentSetSize of job (KB)
...
006 (7186298.000.000) 08/22 23:20:45 Image size of job updated: 5471520
	5344  -  MemoryUsage of job (MB)
	5471520  -  ResidentSetSize of job (KB)
...
006 (7186298.000.000) 08/22 23:25:46 Image size of job updated: 6067632
	5926  -  MemoryUsage of job (MB)
	6067632  -  ResidentSetSize of job (KB)
...
006 (7186298.000.000) 08/22 23:28:53 Image size of job updated: 6404764
	5926  -  MemoryUsage of job (MB)
	6067632  -  ResidentSetSize of job (KB)
...
040 (7186298.000.000) 08/22 23:28:53 Started transferring output files
...
040 (7186298.000.000) 08/22 23:28:54 Finished transferring output files
...
005 (7186298.000.000) 08/22 23:28:54 Job terminated.
	(1) Normal termination (return value 50)
		Usr 0 00:17:22, Sys 0 00:00:39  -  Run Remote Usage
		Usr 0 00:00:00, Sys 0 00:00:00  -  Run Local Usage
		Usr 0 00:17:22, Sys 0 00:00:39  -  Total Remote Usage
		Usr 0 00:00:00, Sys 0 00:00:00  -  Total Local Usage
	16573  -  Run Bytes Sent By Job
	2770  -  Run Bytes Received By Job
	16573  -  Total Bytes Sent By Job
	2770  -  Total Bytes Received By Job
	Partitionable Resources :      Usage  Request Allocated Assigned
	   Cpus                 :       1.00        1         1 
	   Disk (KB)            : 1924849           3    312051 
	   Gpus (Average)       :       0.00        1         1 "GPU-836178fb"
	   GpusMemory (MB)      :    1069                       
	   Memory (MB)          :    5926        2000      2000 

	Job terminated of its own accord at 2024-08-22T21:28:53Z with exit-code 50.
...
