000 (7186298.002.000) 08/22 15:33:33 Job submitted from host: <137.138.44.55:9618?addrs=137.138.44.55-9618+[2001-1458-d00-1a--48]-9618&alias=bigbird17.cern.ch&noUDP&sock=schedd_23962_8474>
...
040 (7186298.002.000) 08/22 23:11:17 Started transferring input files
	Transferring to host: <188.185.93.62:9618?addrs=188.185.93.62-9618+[2001-1458-d00-6c--100-118]-9618&alias=b9g57n9464.cern.ch&noUDP&sock=slot1_1_16543_ca3a_105738>
...
040 (7186298.002.000) 08/22 23:11:17 Finished transferring input files
...
001 (7186298.002.000) 08/22 23:11:18 Job executing on host: <188.185.93.62:9618?addrs=188.185.93.62-9618+[2001-1458-d00-6c--100-118]-9618&alias=b9g57n9464.cern.ch&noUDP&sock=startd_15950_f3a9>
	SlotName: slot1_1@b9g57n9464.cern.ch
	AvailableGPUs = { GPUs_GPU_47e13020 }
	CondorScratchDir = "/pool/condor/dir_4107834"
	Cpus = 1
	Disk = 335130
	GPUs = 1
	GPUs_GPU_47e13020 = [ GlobalMemoryMb = 40326; MaxSupportedVersion = 12040; DriverVersion = 12.4; DeviceUuid = "47e13020-0bf2-ad62-b596-87133bf5bb68"; DeviceName = "NVIDIA A100-PCIE-40GB"; CoresPerCU = 64; ECCEnabled = true; ComputeUnits = 108; ClockMhz = 1410.0; Id = "GPU-47e13020"; DevicePciBusId = "0000:06:00.0"; Capability = 8.0 ]
	Memory = 2000
...
006 (7186298.002.000) 08/22 23:11:27 Image size of job updated: 513736
	301  -  MemoryUsage of job (MB)
	308200  -  ResidentSetSize of job (KB)
...
006 (7186298.002.000) 08/22 23:16:28 Image size of job updated: 3689608
	3604  -  MemoryUsage of job (MB)
	3689608  -  ResidentSetSize of job (KB)
...
006 (7186298.002.000) 08/22 23:21:29 Image size of job updated: 4284204
	4184  -  MemoryUsage of job (MB)
	4284204  -  ResidentSetSize of job (KB)
...
006 (7186298.002.000) 08/22 23:26:29 Image size of job updated: 4872000
	4758  -  MemoryUsage of job (MB)
	4872000  -  ResidentSetSize of job (KB)
...
006 (7186298.002.000) 08/22 23:29:33 Image size of job updated: 5206756
	4759  -  MemoryUsage of job (MB)
	4872256  -  ResidentSetSize of job (KB)
...
040 (7186298.002.000) 08/22 23:29:33 Started transferring output files
...
040 (7186298.002.000) 08/22 23:29:34 Finished transferring output files
...
005 (7186298.002.000) 08/22 23:29:34 Job terminated.
	(1) Normal termination (return value 50)
		Usr 0 00:17:20, Sys 0 00:00:40  -  Run Remote Usage
		Usr 0 00:00:00, Sys 0 00:00:00  -  Run Local Usage
		Usr 0 00:17:20, Sys 0 00:00:40  -  Total Remote Usage
		Usr 0 00:00:00, Sys 0 00:00:00  -  Total Local Usage
	16573  -  Run Bytes Sent By Job
	2770  -  Run Bytes Received By Job
	16573  -  Total Bytes Sent By Job
	2770  -  Total Bytes Received By Job
	Partitionable Resources :      Usage  Request Allocated Assigned
	   Cpus                 :       1.00        1         1 
	   Disk (KB)            : 1924849           3    335130 
	   Gpus (Average)       :       0.00        1         1 "GPU-47e13020"
	   GpusMemory (MB)      :    1079                       
	   Memory (MB)          :    4759        2000      2000 

	Job terminated of its own accord at 2024-08-22T21:29:33Z with exit-code 50.
...
