000 (7186298.005.000) 08/22 15:33:33 Job submitted from host: <137.138.44.55:9618?addrs=137.138.44.55-9618+[2001-1458-d00-1a--48]-9618&alias=bigbird17.cern.ch&noUDP&sock=schedd_23962_8474>
...
040 (7186298.005.000) 08/22 23:13:22 Started transferring input files
	Transferring to host: <188.185.92.156:9618?addrs=188.185.92.156-9618+[2001-1458-d00-6c--100-10]-9618&alias=b9g57n5454.cern.ch&noUDP&sock=slot1_1_180816_fab2_67018>
...
040 (7186298.005.000) 08/22 23:13:22 Finished transferring input files
...
001 (7186298.005.000) 08/22 23:13:23 Job executing on host: <188.185.92.156:9618?addrs=188.185.92.156-9618+[2001-1458-d00-6c--100-10]-9618&alias=b9g57n5454.cern.ch&noUDP&sock=startd_151053_5f57>
	SlotName: slot1_1@b9g57n5454.cern.ch
	AvailableGPUs = { GPUs_GPU_d2642622 }
	CondorScratchDir = "/pool/condor/dir_3562480"
	Cpus = 1
	Disk = 340235
	GPUs = 1
	GPUs_GPU_d2642622 = [ GlobalMemoryMb = 40326; MaxSupportedVersion = 12040; DriverVersion = 12.4; DeviceUuid = "d2642622-6ee9-8711-70c1-34935a235a2a"; DeviceName = "NVIDIA A100-PCIE-40GB"; CoresPerCU = 64; ECCEnabled = true; ComputeUnits = 108; ClockMhz = 1410.0; Id = "GPU-d2642622"; DevicePciBusId = "0000:06:00.0"; Capability = 8.0 ]
	Memory = 2000
...
006 (7186298.005.000) 08/22 23:13:33 Image size of job updated: 27372916
	1608  -  MemoryUsage of job (MB)
	1645736  -  ResidentSetSize of job (KB)
...
006 (7186298.005.000) 08/22 23:18:33 Image size of job updated: 27372916
	4925  -  MemoryUsage of job (MB)
	5042604  -  ResidentSetSize of job (KB)
...
006 (7186298.005.000) 08/22 23:23:33 Image size of job updated: 27372916
	5493  -  MemoryUsage of job (MB)
	5624020  -  ResidentSetSize of job (KB)
...
006 (7186298.005.000) 08/22 23:28:34 Image size of job updated: 27372916
	6070  -  MemoryUsage of job (MB)
	6215368  -  ResidentSetSize of job (KB)
...
040 (7186298.005.000) 08/22 23:31:42 Started transferring output files
...
040 (7186298.005.000) 08/22 23:31:42 Finished transferring output files
...
005 (7186298.005.000) 08/22 23:31:42 Job terminated.
	(1) Normal termination (return value 50)
		Usr 0 01:47:45, Sys 0 00:23:39  -  Run Remote Usage
		Usr 0 00:00:00, Sys 0 00:00:00  -  Run Local Usage
		Usr 0 01:47:45, Sys 0 00:23:39  -  Total Remote Usage
		Usr 0 00:00:00, Sys 0 00:00:00  -  Total Local Usage
	16558  -  Run Bytes Sent By Job
	2770  -  Run Bytes Received By Job
	16558  -  Total Bytes Sent By Job
	2770  -  Total Bytes Received By Job
	Partitionable Resources :      Usage  Request Allocated Assigned
	   Cpus                 :       1.00        1         1 
	   Disk (KB)            : 1924849           3    340235 
	   Gpus (Average)       :       0.00        1         1 "GPU-d2642622"
	   GpusMemory (MB)      :    1089                       
	   Memory (MB)          :    6070        2000      2000 

	Job terminated of its own accord at 2024-08-22T21:31:42Z with exit-code 50.
...
