000 (7186306.003.000) 08/22 15:33:38 Job submitted from host: <137.138.44.55:9618?addrs=137.138.44.55-9618+[2001-1458-d00-1a--48]-9618&alias=bigbird17.cern.ch&noUDP&sock=schedd_23962_8474>
...
040 (7186306.003.000) 08/23 20:36:02 Started transferring input files
	Transferring to host: <128.142.248.197:9618?addrs=128.142.248.197-9618+[2001-1458-301-73--100-c4]-9618&alias=b9g23p2961.cern.ch&noUDP&sock=slot1_17_7499_794a_1116>
...
040 (7186306.003.000) 08/23 20:36:03 Finished transferring input files
...
001 (7186306.003.000) 08/23 20:36:03 Job executing on host: <128.142.248.197:9618?addrs=128.142.248.197-9618+[2001-1458-301-73--100-c4]-9618&alias=b9g23p2961.cern.ch&noUDP&sock=startd_5911_0866>
	SlotName: slot1_17@b9g23p2961.cern.ch
	CondorScratchDir = "/pool/condor/dir_1240266"
	Cpus = 1
	Disk = 3079857
	Memory = 2000
...
006 (7186306.003.000) 08/23 20:36:12 Image size of job updated: 583752
	342  -  MemoryUsage of job (MB)
	349984  -  ResidentSetSize of job (KB)
...
006 (7186306.003.000) 08/23 20:41:13 Image size of job updated: 583752
	494  -  MemoryUsage of job (MB)
	505780  -  ResidentSetSize of job (KB)
...
006 (7186306.003.000) 08/23 20:46:13 Image size of job updated: 599948
	554  -  MemoryUsage of job (MB)
	566384  -  ResidentSetSize of job (KB)
...
006 (7186306.003.000) 08/23 20:51:15 Image size of job updated: 673400
	646  -  MemoryUsage of job (MB)
	660836  -  ResidentSetSize of job (KB)
...
006 (7186306.003.000) 08/23 20:56:15 Image size of job updated: 717116
	680  -  MemoryUsage of job (MB)
	695912  -  ResidentSetSize of job (KB)
...
006 (7186306.003.000) 08/23 21:01:15 Image size of job updated: 833928
	741  -  MemoryUsage of job (MB)
	758460  -  ResidentSetSize of job (KB)
...
006 (7186306.003.000) 08/23 21:06:16 Image size of job updated: 837576
	808  -  MemoryUsage of job (MB)
	827076  -  ResidentSetSize of job (KB)
...
006 (7186306.003.000) 08/23 21:11:16 Image size of job updated: 886404
	866  -  MemoryUsage of job (MB)
	886404  -  ResidentSetSize of job (KB)
...
006 (7186306.003.000) 08/23 21:16:16 Image size of job updated: 896456
	866  -  MemoryUsage of job (MB)
	886404  -  ResidentSetSize of job (KB)
...
006 (7186306.003.000) 08/23 21:21:17 Image size of job updated: 912400
	879  -  MemoryUsage of job (MB)
	899548  -  ResidentSetSize of job (KB)
...
006 (7186306.003.000) 08/23 21:26:17 Image size of job updated: 950760
	893  -  MemoryUsage of job (MB)
	913952  -  ResidentSetSize of job (KB)
...
006 (7186306.003.000) 08/23 21:36:19 Image size of job updated: 950760
	920  -  MemoryUsage of job (MB)
	941720  -  ResidentSetSize of job (KB)
...
006 (7186306.003.000) 08/23 21:41:19 Image size of job updated: 955248
	933  -  MemoryUsage of job (MB)
	955248  -  ResidentSetSize of job (KB)
...
006 (7186306.003.000) 08/23 21:46:20 Image size of job updated: 975104
	933  -  MemoryUsage of job (MB)
	955248  -  ResidentSetSize of job (KB)
...
006 (7186306.003.000) 08/23 21:56:20 Image size of job updated: 975104
	950  -  MemoryUsage of job (MB)
	971924  -  ResidentSetSize of job (KB)
...
006 (7186306.003.000) 08/23 22:01:21 Image size of job updated: 1050448
	956  -  MemoryUsage of job (MB)
	978832  -  ResidentSetSize of job (KB)
...
006 (7186306.003.000) 08/23 22:06:21 Image size of job updated: 1050448
	971  -  MemoryUsage of job (MB)
	993432  -  ResidentSetSize of job (KB)
...
006 (7186306.003.000) 08/23 22:11:23 Image size of job updated: 1050448
	974  -  MemoryUsage of job (MB)
	997360  -  ResidentSetSize of job (KB)
...
006 (7186306.003.000) 08/23 22:16:23 Image size of job updated: 1050448
	1001  -  MemoryUsage of job (MB)
	1024908  -  ResidentSetSize of job (KB)
...
006 (7186306.003.000) 08/23 22:21:23 Image size of job updated: 1050448
	1013  -  MemoryUsage of job (MB)
	1036556  -  ResidentSetSize of job (KB)
...
006 (7186306.003.000) 08/23 22:26:24 Image size of job updated: 1053876
	1013  -  MemoryUsage of job (MB)
	1036556  -  ResidentSetSize of job (KB)
...
006 (7186306.003.000) 08/23 22:36:24 Image size of job updated: 1053876
	1023  -  MemoryUsage of job (MB)
	1047392  -  ResidentSetSize of job (KB)
...
006 (7186306.003.000) 08/23 22:41:25 Image size of job updated: 1077272
	1053  -  MemoryUsage of job (MB)
	1077272  -  ResidentSetSize of job (KB)
...
006 (7186306.003.000) 08/23 22:46:25 Image size of job updated: 1104932
	1065  -  MemoryUsage of job (MB)
	1090452  -  ResidentSetSize of job (KB)
...
006 (7186306.003.000) 08/23 22:51:25 Image size of job updated: 1123692
	1098  -  MemoryUsage of job (MB)
	1123692  -  ResidentSetSize of job (KB)
...
006 (7186306.003.000) 08/23 22:56:26 Image size of job updated: 1212216
	1160  -  MemoryUsage of job (MB)
	1187800  -  ResidentSetSize of job (KB)
...
006 (7186306.003.000) 08/23 23:01:26 Image size of job updated: 1237168
	1209  -  MemoryUsage of job (MB)
	1237168  -  ResidentSetSize of job (KB)
...
006 (7186306.003.000) 08/23 23:06:28 Image size of job updated: 1258244
	1209  -  MemoryUsage of job (MB)
	1237168  -  ResidentSetSize of job (KB)
...
006 (7186306.003.000) 08/23 23:21:29 Image size of job updated: 3618888
	3535  -  MemoryUsage of job (MB)
	3618884  -  ResidentSetSize of job (KB)
...
006 (7186306.003.000) 08/23 23:26:29 Image size of job updated: 3775260
	3687  -  MemoryUsage of job (MB)
	3775260  -  ResidentSetSize of job (KB)
...
006 (7186306.003.000) 08/23 23:31:29 Image size of job updated: 3945748
	3854  -  MemoryUsage of job (MB)
	3945748  -  ResidentSetSize of job (KB)
...
006 (7186306.003.000) 08/23 23:36:30 Image size of job updated: 4135996
	4040  -  MemoryUsage of job (MB)
	4135996  -  ResidentSetSize of job (KB)
...
006 (7186306.003.000) 08/23 23:41:30 Image size of job updated: 4310980
	4210  -  MemoryUsage of job (MB)
	4310980  -  ResidentSetSize of job (KB)
...
006 (7186306.003.000) 08/23 23:46:31 Image size of job updated: 4500932
	4396  -  MemoryUsage of job (MB)
	4500932  -  ResidentSetSize of job (KB)
...
006 (7186306.003.000) 08/23 23:51:32 Image size of job updated: 4682804
	4574  -  MemoryUsage of job (MB)
	4682804  -  ResidentSetSize of job (KB)
...
006 (7186306.003.000) 08/23 23:56:32 Image size of job updated: 4858192
	4745  -  MemoryUsage of job (MB)
	4858192  -  ResidentSetSize of job (KB)
...
006 (7186306.003.000) 08/24 00:01:33 Image size of job updated: 5047404
	4930  -  MemoryUsage of job (MB)
	5047404  -  ResidentSetSize of job (KB)
...
006 (7186306.003.000) 08/24 00:06:34 Image size of job updated: 5212172
	5091  -  MemoryUsage of job (MB)
	5212172  -  ResidentSetSize of job (KB)
...
006 (7186306.003.000) 08/24 00:11:34 Image size of job updated: 5369740
	5244  -  MemoryUsage of job (MB)
	5369736  -  ResidentSetSize of job (KB)
...
006 (7186306.003.000) 08/24 00:16:36 Image size of job updated: 5525796
	5397  -  MemoryUsage of job (MB)
	5525796  -  ResidentSetSize of job (KB)
...
006 (7186306.003.000) 08/24 00:21:36 Image size of job updated: 5665556
	5460  -  MemoryUsage of job (MB)
	5590068  -  ResidentSetSize of job (KB)
...
006 (7186306.003.000) 08/24 00:26:36 Image size of job updated: 5665556
	5491  -  MemoryUsage of job (MB)
	5622592  -  ResidentSetSize of job (KB)
...
006 (7186306.003.000) 08/24 00:31:37 Image size of job updated: 5768484
	5634  -  MemoryUsage of job (MB)
	5768484  -  ResidentSetSize of job (KB)
...
006 (7186306.003.000) 08/24 00:36:37 Image size of job updated: 5932496
	5794  -  MemoryUsage of job (MB)
	5932496  -  ResidentSetSize of job (KB)
...
006 (7186306.003.000) 08/24 00:41:38 Image size of job updated: 6086608
	5944  -  MemoryUsage of job (MB)
	6086348  -  ResidentSetSize of job (KB)
...
006 (7186306.003.000) 08/24 00:46:39 Image size of job updated: 6230652
	6085  -  MemoryUsage of job (MB)
	6230652  -  ResidentSetSize of job (KB)
...
006 (7186306.003.000) 08/24 00:51:39 Image size of job updated: 6375844
	6227  -  MemoryUsage of job (MB)
	6375844  -  ResidentSetSize of job (KB)
...
006 (7186306.003.000) 08/24 00:56:40 Image size of job updated: 6527756
	6375  -  MemoryUsage of job (MB)
	6527756  -  ResidentSetSize of job (KB)
...
006 (7186306.003.000) 08/24 01:01:40 Image size of job updated: 6674776
	6519  -  MemoryUsage of job (MB)
	6674736  -  ResidentSetSize of job (KB)
...
006 (7186306.003.000) 08/24 01:06:40 Image size of job updated: 6830752
	6671  -  MemoryUsage of job (MB)
	6830752  -  ResidentSetSize of job (KB)
...
006 (7186306.003.000) 08/24 01:11:41 Image size of job updated: 6985296
	6822  -  MemoryUsage of job (MB)
	6985104  -  ResidentSetSize of job (KB)
...
006 (7186306.003.000) 08/24 01:16:41 Image size of job updated: 7140132
	6973  -  MemoryUsage of job (MB)
	7140132  -  ResidentSetSize of job (KB)
...
006 (7186306.003.000) 08/24 01:21:42 Image size of job updated: 7306252
	7136  -  MemoryUsage of job (MB)
	7306252  -  ResidentSetSize of job (KB)
...
006 (7186306.003.000) 08/24 01:26:43 Image size of job updated: 7465336
	7291  -  MemoryUsage of job (MB)
	7465336  -  ResidentSetSize of job (KB)
...
006 (7186306.003.000) 08/24 01:31:43 Image size of job updated: 7622132
	7444  -  MemoryUsage of job (MB)
	7622132  -  ResidentSetSize of job (KB)
...
006 (7186306.003.000) 08/24 01:36:44 Image size of job updated: 7778788
	7597  -  MemoryUsage of job (MB)
	7778788  -  ResidentSetSize of job (KB)
...
006 (7186306.003.000) 08/24 01:41:44 Image size of job updated: 7823220
	7597  -  MemoryUsage of job (MB)
	7778788  -  ResidentSetSize of job (KB)
...
040 (7186306.003.000) 08/24 03:17:11 Started transferring output files
...
040 (7186306.003.000) 08/24 03:17:11 Finished transferring output files
...
005 (7186306.003.000) 08/24 03:17:11 Job terminated.
	(1) Normal termination (return value 50)
		Usr 0 06:34:15, Sys 0 00:02:09  -  Run Remote Usage
		Usr 0 00:00:00, Sys 0 00:00:00  -  Run Local Usage
		Usr 0 06:34:15, Sys 0 00:02:09  -  Total Remote Usage
		Usr 0 00:00:00, Sys 0 00:00:00  -  Total Local Usage
	20637  -  Run Bytes Sent By Job
	2785  -  Run Bytes Received By Job
	20637  -  Total Bytes Sent By Job
	2785  -  Total Bytes Received By Job
	Partitionable Resources :      Usage  Request Allocated 
	   Cpus                 :       0.99        1         1 
	   Disk (KB)            : 7627836           3   3079857 
	   Memory (MB)          :    7597        2000      2000 

	Job terminated of its own accord at 2024-08-24T01:17:11Z with exit-code 50.
...
