000 (7186306.002.000) 08/22 15:33:38 Job submitted from host: <137.138.44.55:9618?addrs=137.138.44.55-9618+[2001-1458-d00-1a--48]-9618&alias=bigbird17.cern.ch&noUDP&sock=schedd_23962_8474>
...
040 (7186306.002.000) 08/23 20:36:13 Started transferring input files
	Transferring to host: <128.142.248.197:9618?addrs=128.142.248.197-9618+[2001-1458-301-73--100-c4]-9618&alias=b9g23p2961.cern.ch&noUDP&sock=slot1_16_7499_794a_1119>
...
040 (7186306.002.000) 08/23 20:36:13 Finished transferring input files
...
001 (7186306.002.000) 08/23 20:36:14 Job executing on host: <128.142.248.197:9618?addrs=128.142.248.197-9618+[2001-1458-301-73--100-c4]-9618&alias=b9g23p2961.cern.ch&noUDP&sock=startd_5911_0866>
	SlotName: slot1_16@b9g23p2961.cern.ch
	CondorScratchDir = "/pool/condor/dir_1241257"
	Cpus = 1
	Disk = 3080900
	Memory = 2000
...
006 (7186306.002.000) 08/23 20:36:22 Image size of job updated: 579176
	315  -  MemoryUsage of job (MB)
	321580  -  ResidentSetSize of job (KB)
...
006 (7186306.002.000) 08/23 20:41:22 Image size of job updated: 579176
	483  -  MemoryUsage of job (MB)
	493724  -  ResidentSetSize of job (KB)
...
006 (7186306.002.000) 08/23 20:46:23 Image size of job updated: 598392
	566  -  MemoryUsage of job (MB)
	578896  -  ResidentSetSize of job (KB)
...
006 (7186306.002.000) 08/23 20:51:23 Image size of job updated: 715516
	605  -  MemoryUsage of job (MB)
	619352  -  ResidentSetSize of job (KB)
...
006 (7186306.002.000) 08/23 20:56:23 Image size of job updated: 720724
	680  -  MemoryUsage of job (MB)
	696084  -  ResidentSetSize of job (KB)
...
006 (7186306.002.000) 08/23 21:01:24 Image size of job updated: 830160
	739  -  MemoryUsage of job (MB)
	756640  -  ResidentSetSize of job (KB)
...
006 (7186306.002.000) 08/23 21:06:24 Image size of job updated: 839340
	820  -  MemoryUsage of job (MB)
	839164  -  ResidentSetSize of job (KB)
...
006 (7186306.002.000) 08/23 21:11:25 Image size of job updated: 881904
	853  -  MemoryUsage of job (MB)
	873448  -  ResidentSetSize of job (KB)
...
006 (7186306.002.000) 08/23 21:16:26 Image size of job updated: 891956
	866  -  MemoryUsage of job (MB)
	886748  -  ResidentSetSize of job (KB)
...
006 (7186306.002.000) 08/23 21:21:26 Image size of job updated: 909728
	889  -  MemoryUsage of job (MB)
	909728  -  ResidentSetSize of job (KB)
...
006 (7186306.002.000) 08/23 21:26:27 Image size of job updated: 947080
	903  -  MemoryUsage of job (MB)
	923712  -  ResidentSetSize of job (KB)
...
006 (7186306.002.000) 08/23 21:31:27 Image size of job updated: 947640
	908  -  MemoryUsage of job (MB)
	929180  -  ResidentSetSize of job (KB)
...
006 (7186306.002.000) 08/23 21:36:27 Image size of job updated: 947640
	921  -  MemoryUsage of job (MB)
	943028  -  ResidentSetSize of job (KB)
...
006 (7186306.002.000) 08/23 21:41:28 Image size of job updated: 971412
	921  -  MemoryUsage of job (MB)
	943028  -  ResidentSetSize of job (KB)
...
006 (7186306.002.000) 08/23 21:51:29 Image size of job updated: 971412
	937  -  MemoryUsage of job (MB)
	958900  -  ResidentSetSize of job (KB)
...
006 (7186306.002.000) 08/23 21:56:30 Image size of job updated: 1013532
	990  -  MemoryUsage of job (MB)
	1013532  -  ResidentSetSize of job (KB)
...
006 (7186306.002.000) 08/23 22:01:30 Image size of job updated: 1048320
	990  -  MemoryUsage of job (MB)
	1013532  -  ResidentSetSize of job (KB)
...
006 (7186306.002.000) 08/23 22:06:31 Image size of job updated: 1048320
	995  -  MemoryUsage of job (MB)
	1017960  -  ResidentSetSize of job (KB)
...
006 (7186306.002.000) 08/23 22:16:32 Image size of job updated: 1048320
	1010  -  MemoryUsage of job (MB)
	1033756  -  ResidentSetSize of job (KB)
...
006 (7186306.002.000) 08/23 22:21:33 Image size of job updated: 1050848
	1010  -  MemoryUsage of job (MB)
	1033756  -  ResidentSetSize of job (KB)
...
006 (7186306.002.000) 08/23 22:31:33 Image size of job updated: 1073860
	1033  -  MemoryUsage of job (MB)
	1057248  -  ResidentSetSize of job (KB)
...
006 (7186306.002.000) 08/23 22:36:34 Image size of job updated: 1088608
	1033  -  MemoryUsage of job (MB)
	1057248  -  ResidentSetSize of job (KB)
...
006 (7186306.002.000) 08/23 22:41:34 Image size of job updated: 1103708
	1060  -  MemoryUsage of job (MB)
	1084824  -  ResidentSetSize of job (KB)
...
006 (7186306.002.000) 08/23 22:46:35 Image size of job updated: 1209368
	1136  -  MemoryUsage of job (MB)
	1162732  -  ResidentSetSize of job (KB)
...
006 (7186306.002.000) 08/23 22:51:36 Image size of job updated: 1224892
	1197  -  MemoryUsage of job (MB)
	1224892  -  ResidentSetSize of job (KB)
...
006 (7186306.002.000) 08/23 22:56:36 Image size of job updated: 1269476
	1238  -  MemoryUsage of job (MB)
	1267428  -  ResidentSetSize of job (KB)
...
006 (7186306.002.000) 08/23 23:01:37 Image size of job updated: 1364584
	1238  -  MemoryUsage of job (MB)
	1267428  -  ResidentSetSize of job (KB)
...
006 (7186306.002.000) 08/23 23:11:38 Image size of job updated: 3676904
	3555  -  MemoryUsage of job (MB)
	3640204  -  ResidentSetSize of job (KB)
...
006 (7186306.002.000) 08/23 23:16:39 Image size of job updated: 3676904
	3572  -  MemoryUsage of job (MB)
	3657012  -  ResidentSetSize of job (KB)
...
006 (7186306.002.000) 08/23 23:21:39 Image size of job updated: 3741252
	3654  -  MemoryUsage of job (MB)
	3741252  -  ResidentSetSize of job (KB)
...
006 (7186306.002.000) 08/23 23:26:39 Image size of job updated: 3911060
	3820  -  MemoryUsage of job (MB)
	3911060  -  ResidentSetSize of job (KB)
...
006 (7186306.002.000) 08/23 23:31:40 Image size of job updated: 4097156
	4002  -  MemoryUsage of job (MB)
	4097156  -  ResidentSetSize of job (KB)
...
006 (7186306.002.000) 08/23 23:36:40 Image size of job updated: 4243288
	4144  -  MemoryUsage of job (MB)
	4243288  -  ResidentSetSize of job (KB)
...
006 (7186306.002.000) 08/23 23:41:41 Image size of job updated: 4392240
	4290  -  MemoryUsage of job (MB)
	4392240  -  ResidentSetSize of job (KB)
...
006 (7186306.002.000) 08/23 23:46:41 Image size of job updated: 4564824
	4338  -  MemoryUsage of job (MB)
	4441676  -  ResidentSetSize of job (KB)
...
006 (7186306.002.000) 08/23 23:51:42 Image size of job updated: 4626200
	4518  -  MemoryUsage of job (MB)
	4626200  -  ResidentSetSize of job (KB)
...
006 (7186306.002.000) 08/23 23:56:43 Image size of job updated: 4873920
	4760  -  MemoryUsage of job (MB)
	4873920  -  ResidentSetSize of job (KB)
...
006 (7186306.002.000) 08/24 00:01:43 Image size of job updated: 5061312
	4943  -  MemoryUsage of job (MB)
	5061312  -  ResidentSetSize of job (KB)
...
006 (7186306.002.000) 08/24 00:06:45 Image size of job updated: 5211500
	5090  -  MemoryUsage of job (MB)
	5211500  -  ResidentSetSize of job (KB)
...
006 (7186306.002.000) 08/24 00:11:45 Image size of job updated: 5364908
	5240  -  MemoryUsage of job (MB)
	5364908  -  ResidentSetSize of job (KB)
...
006 (7186306.002.000) 08/24 00:16:45 Image size of job updated: 5504892
	5376  -  MemoryUsage of job (MB)
	5504892  -  ResidentSetSize of job (KB)
...
006 (7186306.002.000) 08/24 00:21:46 Image size of job updated: 5651452
	5491  -  MemoryUsage of job (MB)
	5621968  -  ResidentSetSize of job (KB)
...
006 (7186306.002.000) 08/24 00:26:46 Image size of job updated: 5756532
	5596  -  MemoryUsage of job (MB)
	5729908  -  ResidentSetSize of job (KB)
...
006 (7186306.002.000) 08/24 00:31:47 Image size of job updated: 5896848
	5759  -  MemoryUsage of job (MB)
	5896848  -  ResidentSetSize of job (KB)
...
006 (7186306.002.000) 08/24 00:36:48 Image size of job updated: 6037844
	5897  -  MemoryUsage of job (MB)
	6037844  -  ResidentSetSize of job (KB)
...
006 (7186306.002.000) 08/24 00:41:48 Image size of job updated: 6193764
	6049  -  MemoryUsage of job (MB)
	6193764  -  ResidentSetSize of job (KB)
...
006 (7186306.002.000) 08/24 00:46:49 Image size of job updated: 6333724
	6186  -  MemoryUsage of job (MB)
	6333724  -  ResidentSetSize of job (KB)
...
006 (7186306.002.000) 08/24 00:51:49 Image size of job updated: 6477776
	6326  -  MemoryUsage of job (MB)
	6477776  -  ResidentSetSize of job (KB)
...
006 (7186306.002.000) 08/24 00:56:49 Image size of job updated: 6620716
	6466  -  MemoryUsage of job (MB)
	6620716  -  ResidentSetSize of job (KB)
...
006 (7186306.002.000) 08/24 01:01:50 Image size of job updated: 6770456
	6612  -  MemoryUsage of job (MB)
	6770456  -  ResidentSetSize of job (KB)
...
006 (7186306.002.000) 08/24 01:06:50 Image size of job updated: 6923476
	6762  -  MemoryUsage of job (MB)
	6923476  -  ResidentSetSize of job (KB)
...
006 (7186306.002.000) 08/24 01:11:51 Image size of job updated: 7089260
	6924  -  MemoryUsage of job (MB)
	7089260  -  ResidentSetSize of job (KB)
...
006 (7186306.002.000) 08/24 01:16:52 Image size of job updated: 7259044
	7089  -  MemoryUsage of job (MB)
	7259044  -  ResidentSetSize of job (KB)
...
006 (7186306.002.000) 08/24 01:21:52 Image size of job updated: 7424528
	7251  -  MemoryUsage of job (MB)
	7424528  -  ResidentSetSize of job (KB)
...
006 (7186306.002.000) 08/24 01:26:54 Image size of job updated: 7577552
	7400  -  MemoryUsage of job (MB)
	7577552  -  ResidentSetSize of job (KB)
...
006 (7186306.002.000) 08/24 01:31:54 Image size of job updated: 7729376
	7549  -  MemoryUsage of job (MB)
	7729376  -  ResidentSetSize of job (KB)
...
006 (7186306.002.000) 08/24 01:36:54 Image size of job updated: 7878176
	7694  -  MemoryUsage of job (MB)
	7878072  -  ResidentSetSize of job (KB)
...
006 (7186306.002.000) 08/24 01:41:55 Image size of job updated: 8006460
	7819  -  MemoryUsage of job (MB)
	8006460  -  ResidentSetSize of job (KB)
...
006 (7186306.002.000) 08/24 01:46:55 Image size of job updated: 8158036
	7967  -  MemoryUsage of job (MB)
	8158036  -  ResidentSetSize of job (KB)
...
006 (7186306.002.000) 08/24 01:51:55 Image size of job updated: 8300760
	8107  -  MemoryUsage of job (MB)
	8300760  -  ResidentSetSize of job (KB)
...
006 (7186306.002.000) 08/24 01:56:56 Image size of job updated: 8461800
	8264  -  MemoryUsage of job (MB)
	8461800  -  ResidentSetSize of job (KB)
...
006 (7186306.002.000) 08/24 02:01:56 Image size of job updated: 8618520
	8417  -  MemoryUsage of job (MB)
	8618520  -  ResidentSetSize of job (KB)
...
006 (7186306.002.000) 08/24 02:06:58 Image size of job updated: 8780708
	8575  -  MemoryUsage of job (MB)
	8780708  -  ResidentSetSize of job (KB)
...
006 (7186306.002.000) 08/24 02:11:58 Image size of job updated: 8926776
	8718  -  MemoryUsage of job (MB)
	8926776  -  ResidentSetSize of job (KB)
...
006 (7186306.002.000) 08/24 02:16:58 Image size of job updated: 9108384
	8895  -  MemoryUsage of job (MB)
	9108384  -  ResidentSetSize of job (KB)
...
006 (7186306.002.000) 08/24 02:21:59 Image size of job updated: 9284892
	9068  -  MemoryUsage of job (MB)
	9284892  -  ResidentSetSize of job (KB)
...
006 (7186306.002.000) 08/24 02:26:59 Image size of job updated: 9444704
	9224  -  MemoryUsage of job (MB)
	9444704  -  ResidentSetSize of job (KB)
...
006 (7186306.002.000) 08/24 02:31:59 Image size of job updated: 9595964
	9372  -  MemoryUsage of job (MB)
	9595964  -  ResidentSetSize of job (KB)
...
006 (7186306.002.000) 08/24 02:37:00 Image size of job updated: 9737272
	9510  -  MemoryUsage of job (MB)
	9737272  -  ResidentSetSize of job (KB)
...
006 (7186306.002.000) 08/24 02:42:00 Image size of job updated: 9888964
	9658  -  MemoryUsage of job (MB)
	9888964  -  ResidentSetSize of job (KB)
...
006 (7186306.002.000) 08/24 02:47:01 Image size of job updated: 10039388
	9805  -  MemoryUsage of job (MB)
	10039388  -  ResidentSetSize of job (KB)
...
006 (7186306.002.000) 08/24 02:52:02 Image size of job updated: 10199056
	9961  -  MemoryUsage of job (MB)
	10199056  -  ResidentSetSize of job (KB)
...
006 (7186306.002.000) 08/24 02:57:02 Image size of job updated: 10353572
	10111  -  MemoryUsage of job (MB)
	10353572  -  ResidentSetSize of job (KB)
...
006 (7186306.002.000) 08/24 03:02:03 Image size of job updated: 10504056
	10258  -  MemoryUsage of job (MB)
	10504056  -  ResidentSetSize of job (KB)
...
006 (7186306.002.000) 08/24 03:07:03 Image size of job updated: 10643336
	10258  -  MemoryUsage of job (MB)
	10504056  -  ResidentSetSize of job (KB)
...
040 (7186306.002.000) 08/24 03:11:03 Started transferring output files
...
040 (7186306.002.000) 08/24 03:11:03 Finished transferring output files
...
005 (7186306.002.000) 08/24 03:11:03 Job terminated.
	(1) Normal termination (return value 50)
		Usr 0 06:30:16, Sys 0 00:01:41  -  Run Remote Usage
		Usr 0 00:00:00, Sys 0 00:00:00  -  Run Local Usage
		Usr 0 06:30:16, Sys 0 00:01:41  -  Total Remote Usage
		Usr 0 00:00:00, Sys 0 00:00:00  -  Total Local Usage
	20641  -  Run Bytes Sent By Job
	2785  -  Run Bytes Received By Job
	20641  -  Total Bytes Sent By Job
	2785  -  Total Bytes Received By Job
	Partitionable Resources :      Usage  Request Allocated 
	   Cpus                 :       0.99        1         1 
	   Disk (KB)            : 7522722           3   3080900 
	   Memory (MB)          :   10258        2000      2000 

	Job terminated of its own accord at 2024-08-24T01:11:03Z with exit-code 50.
...
