000 (7186306.007.000) 08/22 15:33:38 Job submitted from host: <137.138.44.55:9618?addrs=137.138.44.55-9618+[2001-1458-d00-1a--48]-9618&alias=bigbird17.cern.ch&noUDP&sock=schedd_23962_8474>
...
040 (7186306.007.000) 08/23 20:37:57 Started transferring input files
	Transferring to host: <128.142.248.94:9618?addrs=128.142.248.94-9618+[2001-1458-301-73--100-14e]-9618&alias=b9g23p2790.cern.ch&noUDP&sock=slot1_35_5757_13c3_6091>
...
040 (7186306.007.000) 08/23 20:37:58 Finished transferring input files
...
001 (7186306.007.000) 08/23 20:37:58 Job executing on host: <128.142.248.94:9618?addrs=128.142.248.94-9618+[2001-1458-301-73--100-14e]-9618&alias=b9g23p2790.cern.ch&noUDP&sock=startd_4576_5577>
	SlotName: slot1_35@b9g23p2790.cern.ch
	CondorScratchDir = "/pool/condor/dir_2610350"
	Cpus = 1
	Disk = 2963817
	Memory = 2000
...
006 (7186306.007.000) 08/23 20:38:07 Image size of job updated: 573152
	560  -  MemoryUsage of job (MB)
	573092  -  ResidentSetSize of job (KB)
...
006 (7186306.007.000) 08/23 20:43:07 Image size of job updated: 589668
	561  -  MemoryUsage of job (MB)
	574384  -  ResidentSetSize of job (KB)
...
006 (7186306.007.000) 08/23 20:58:08 Image size of job updated: 589668
	569  -  MemoryUsage of job (MB)
	582272  -  ResidentSetSize of job (KB)
...
006 (7186306.007.000) 08/23 21:03:09 Image size of job updated: 679112
	595  -  MemoryUsage of job (MB)
	608892  -  ResidentSetSize of job (KB)
...
006 (7186306.007.000) 08/23 21:08:10 Image size of job updated: 679112
	637  -  MemoryUsage of job (MB)
	651600  -  ResidentSetSize of job (KB)
...
006 (7186306.007.000) 08/23 22:48:19 Image size of job updated: 731980
	715  -  MemoryUsage of job (MB)
	731808  -  ResidentSetSize of job (KB)
...
006 (7186306.007.000) 08/23 22:53:20 Image size of job updated: 751020
	734  -  MemoryUsage of job (MB)
	751020  -  ResidentSetSize of job (KB)
...
006 (7186306.007.000) 08/23 22:58:20 Image size of job updated: 887376
	734  -  MemoryUsage of job (MB)
	751276  -  ResidentSetSize of job (KB)
...
006 (7186306.007.000) 08/23 23:03:21 Image size of job updated: 948856
	903  -  MemoryUsage of job (MB)
	924316  -  ResidentSetSize of job (KB)
...
006 (7186306.007.000) 08/23 23:08:22 Image size of job updated: 1104332
	903  -  MemoryUsage of job (MB)
	924316  -  ResidentSetSize of job (KB)
...
006 (7186306.007.000) 08/23 23:13:22 Image size of job updated: 4886580
	4773  -  MemoryUsage of job (MB)
	4886580  -  ResidentSetSize of job (KB)
...
006 (7186306.007.000) 08/23 23:18:23 Image size of job updated: 5055864
	4938  -  MemoryUsage of job (MB)
	5055864  -  ResidentSetSize of job (KB)
...
006 (7186306.007.000) 08/23 23:23:23 Image size of job updated: 5225260
	5103  -  MemoryUsage of job (MB)
	5225260  -  ResidentSetSize of job (KB)
...
006 (7186306.007.000) 08/23 23:28:23 Image size of job updated: 5403968
	5278  -  MemoryUsage of job (MB)
	5403968  -  ResidentSetSize of job (KB)
...
006 (7186306.007.000) 08/23 23:33:24 Image size of job updated: 5560516
	5431  -  MemoryUsage of job (MB)
	5560516  -  ResidentSetSize of job (KB)
...
006 (7186306.007.000) 08/23 23:38:24 Image size of job updated: 5722964
	5589  -  MemoryUsage of job (MB)
	5722964  -  ResidentSetSize of job (KB)
...
006 (7186306.007.000) 08/23 23:43:24 Image size of job updated: 5850972
	5590  -  MemoryUsage of job (MB)
	5723220  -  ResidentSetSize of job (KB)
...
006 (7186306.007.000) 08/24 00:18:29 Image size of job updated: 5850972
	5697  -  MemoryUsage of job (MB)
	5832948  -  ResidentSetSize of job (KB)
...
006 (7186306.007.000) 08/24 00:23:29 Image size of job updated: 5981560
	5842  -  MemoryUsage of job (MB)
	5981560  -  ResidentSetSize of job (KB)
...
006 (7186306.007.000) 08/24 00:28:30 Image size of job updated: 6147404
	6004  -  MemoryUsage of job (MB)
	6147404  -  ResidentSetSize of job (KB)
...
006 (7186306.007.000) 08/24 00:33:30 Image size of job updated: 6309244
	6162  -  MemoryUsage of job (MB)
	6309244  -  ResidentSetSize of job (KB)
...
006 (7186306.007.000) 08/24 00:38:30 Image size of job updated: 6469760
	6319  -  MemoryUsage of job (MB)
	6469760  -  ResidentSetSize of job (KB)
...
006 (7186306.007.000) 08/24 00:43:31 Image size of job updated: 6627304
	6472  -  MemoryUsage of job (MB)
	6627240  -  ResidentSetSize of job (KB)
...
006 (7186306.007.000) 08/24 00:48:31 Image size of job updated: 6779596
	6621  -  MemoryUsage of job (MB)
	6779596  -  ResidentSetSize of job (KB)
...
006 (7186306.007.000) 08/24 00:53:32 Image size of job updated: 6937720
	6776  -  MemoryUsage of job (MB)
	6937720  -  ResidentSetSize of job (KB)
...
006 (7186306.007.000) 08/24 00:58:33 Image size of job updated: 7096600
	6931  -  MemoryUsage of job (MB)
	7096600  -  ResidentSetSize of job (KB)
...
006 (7186306.007.000) 08/24 01:03:33 Image size of job updated: 7251428
	7081  -  MemoryUsage of job (MB)
	7250404  -  ResidentSetSize of job (KB)
...
006 (7186306.007.000) 08/24 01:08:34 Image size of job updated: 7394668
	7222  -  MemoryUsage of job (MB)
	7394668  -  ResidentSetSize of job (KB)
...
006 (7186306.007.000) 08/24 01:13:34 Image size of job updated: 7554412
	7378  -  MemoryUsage of job (MB)
	7554412  -  ResidentSetSize of job (KB)
...
006 (7186306.007.000) 08/24 01:18:34 Image size of job updated: 7711468
	7530  -  MemoryUsage of job (MB)
	7710700  -  ResidentSetSize of job (KB)
...
006 (7186306.007.000) 08/24 01:23:35 Image size of job updated: 7868880
	7685  -  MemoryUsage of job (MB)
	7868880  -  ResidentSetSize of job (KB)
...
006 (7186306.007.000) 08/24 01:28:35 Image size of job updated: 8047308
	7859  -  MemoryUsage of job (MB)
	8047308  -  ResidentSetSize of job (KB)
...
006 (7186306.007.000) 08/24 01:33:36 Image size of job updated: 8223356
	8031  -  MemoryUsage of job (MB)
	8223156  -  ResidentSetSize of job (KB)
...
006 (7186306.007.000) 08/24 01:38:37 Image size of job updated: 8403576
	8207  -  MemoryUsage of job (MB)
	8403576  -  ResidentSetSize of job (KB)
...
006 (7186306.007.000) 08/24 01:43:37 Image size of job updated: 8595428
	8394  -  MemoryUsage of job (MB)
	8595428  -  ResidentSetSize of job (KB)
...
006 (7186306.007.000) 08/24 01:48:38 Image size of job updated: 8769396
	8564  -  MemoryUsage of job (MB)
	8769396  -  ResidentSetSize of job (KB)
...
006 (7186306.007.000) 08/24 01:53:39 Image size of job updated: 8917608
	8709  -  MemoryUsage of job (MB)
	8917608  -  ResidentSetSize of job (KB)
...
006 (7186306.007.000) 08/24 01:58:39 Image size of job updated: 9083752
	8871  -  MemoryUsage of job (MB)
	9083752  -  ResidentSetSize of job (KB)
...
006 (7186306.007.000) 08/24 02:03:40 Image size of job updated: 9233596
	9018  -  MemoryUsage of job (MB)
	9233596  -  ResidentSetSize of job (KB)
...
006 (7186306.007.000) 08/24 02:08:40 Image size of job updated: 9415016
	9195  -  MemoryUsage of job (MB)
	9415016  -  ResidentSetSize of job (KB)
...
006 (7186306.007.000) 08/24 02:13:40 Image size of job updated: 9586044
	9362  -  MemoryUsage of job (MB)
	9586044  -  ResidentSetSize of job (KB)
...
006 (7186306.007.000) 08/24 02:18:41 Image size of job updated: 9755524
	9527  -  MemoryUsage of job (MB)
	9755524  -  ResidentSetSize of job (KB)
...
006 (7186306.007.000) 08/24 02:23:41 Image size of job updated: 9913608
	9681  -  MemoryUsage of job (MB)
	9912328  -  ResidentSetSize of job (KB)
...
006 (7186306.007.000) 08/24 02:28:42 Image size of job updated: 10070608
	9835  -  MemoryUsage of job (MB)
	10070608  -  ResidentSetSize of job (KB)
...
006 (7186306.007.000) 08/24 02:33:43 Image size of job updated: 10221220
	9982  -  MemoryUsage of job (MB)
	10221220  -  ResidentSetSize of job (KB)
...
006 (7186306.007.000) 08/24 02:38:43 Image size of job updated: 10374252
	10132  -  MemoryUsage of job (MB)
	10374252  -  ResidentSetSize of job (KB)
...
006 (7186306.007.000) 08/24 02:43:44 Image size of job updated: 10543520
	10297  -  MemoryUsage of job (MB)
	10543520  -  ResidentSetSize of job (KB)
...
006 (7186306.007.000) 08/24 02:48:44 Image size of job updated: 10697476
	10447  -  MemoryUsage of job (MB)
	10697476  -  ResidentSetSize of job (KB)
...
006 (7186306.007.000) 08/24 02:53:44 Image size of job updated: 10782312
	10447  -  MemoryUsage of job (MB)
	10697476  -  ResidentSetSize of job (KB)
...
040 (7186306.007.000) 08/24 02:55:10 Started transferring output files
...
040 (7186306.007.000) 08/24 02:55:10 Finished transferring output files
...
005 (7186306.007.000) 08/24 02:55:10 Job terminated.
	(1) Normal termination (return value 50)
		Usr 0 06:11:13, Sys 0 00:02:09  -  Run Remote Usage
		Usr 0 00:00:00, Sys 0 00:00:00  -  Run Local Usage
		Usr 0 06:11:13, Sys 0 00:02:09  -  Total Remote Usage
		Usr 0 00:00:00, Sys 0 00:00:00  -  Total Local Usage
	20641  -  Run Bytes Sent By Job
	2785  -  Run Bytes Received By Job
	20641  -  Total Bytes Sent By Job
	2785  -  Total Bytes Received By Job
	Partitionable Resources :      Usage  Request Allocated 
	   Cpus                 :       0.98        1         1 
	   Disk (KB)            : 7579256           3   2963817 
	   Memory (MB)          :   10447        2000      2000 

	Job terminated of its own accord at 2024-08-24T00:55:10Z with exit-code 50.
...
