000 (7186306.001.000) 08/22 15:33:38 Job submitted from host: <137.138.44.55:9618?addrs=137.138.44.55-9618+[2001-1458-d00-1a--48]-9618&alias=bigbird17.cern.ch&noUDP&sock=schedd_23962_8474>
...
040 (7186306.001.000) 08/23 20:36:10 Started transferring input files
	Transferring to host: <128.142.248.197:9618?addrs=128.142.248.197-9618+[2001-1458-301-73--100-c4]-9618&alias=b9g23p2961.cern.ch&noUDP&sock=slot1_25_7499_794a_1118>
...
040 (7186306.001.000) 08/23 20:36:11 Finished transferring input files
...
001 (7186306.001.000) 08/23 20:36:11 Job executing on host: <128.142.248.197:9618?addrs=128.142.248.197-9618+[2001-1458-301-73--100-c4]-9618&alias=b9g23p2961.cern.ch&noUDP&sock=startd_5911_0866>
	SlotName: slot1_25@b9g23p2961.cern.ch
	CondorScratchDir = "/pool/condor/dir_1240858"
	Cpus = 1
	Disk = 3080442
	Memory = 2000
...
006 (7186306.001.000) 08/23 20:36:20 Image size of job updated: 584028
	322  -  MemoryUsage of job (MB)
	329048  -  ResidentSetSize of job (KB)
...
006 (7186306.001.000) 08/23 20:41:20 Image size of job updated: 584028
	491  -  MemoryUsage of job (MB)
	502468  -  ResidentSetSize of job (KB)
...
006 (7186306.001.000) 08/23 20:46:21 Image size of job updated: 600624
	573  -  MemoryUsage of job (MB)
	585836  -  ResidentSetSize of job (KB)
...
006 (7186306.001.000) 08/23 20:51:22 Image size of job updated: 708224
	692  -  MemoryUsage of job (MB)
	708224  -  ResidentSetSize of job (KB)
...
006 (7186306.001.000) 08/23 20:56:22 Image size of job updated: 717696
	692  -  MemoryUsage of job (MB)
	708480  -  ResidentSetSize of job (KB)
...
006 (7186306.001.000) 08/23 21:01:23 Image size of job updated: 834348
	739  -  MemoryUsage of job (MB)
	755904  -  ResidentSetSize of job (KB)
...
006 (7186306.001.000) 08/23 21:06:23 Image size of job updated: 843116
	811  -  MemoryUsage of job (MB)
	830072  -  ResidentSetSize of job (KB)
...
006 (7186306.001.000) 08/23 21:11:23 Image size of job updated: 884468
	856  -  MemoryUsage of job (MB)
	876052  -  ResidentSetSize of job (KB)
...
006 (7186306.001.000) 08/23 21:16:24 Image size of job updated: 894404
	870  -  MemoryUsage of job (MB)
	890156  -  ResidentSetSize of job (KB)
...
006 (7186306.001.000) 08/23 21:21:24 Image size of job updated: 910580
	889  -  MemoryUsage of job (MB)
	909492  -  ResidentSetSize of job (KB)
...
006 (7186306.001.000) 08/23 21:26:25 Image size of job updated: 951184
	914  -  MemoryUsage of job (MB)
	935792  -  ResidentSetSize of job (KB)
...
006 (7186306.001.000) 08/23 21:36:26 Image size of job updated: 951184
	920  -  MemoryUsage of job (MB)
	941712  -  ResidentSetSize of job (KB)
...
006 (7186306.001.000) 08/23 21:41:27 Image size of job updated: 954364
	932  -  MemoryUsage of job (MB)
	954364  -  ResidentSetSize of job (KB)
...
006 (7186306.001.000) 08/23 21:46:27 Image size of job updated: 975564
	932  -  MemoryUsage of job (MB)
	954364  -  ResidentSetSize of job (KB)
...
006 (7186306.001.000) 08/23 21:56:28 Image size of job updated: 975564
	941  -  MemoryUsage of job (MB)
	963512  -  ResidentSetSize of job (KB)
...
006 (7186306.001.000) 08/23 22:01:28 Image size of job updated: 1014564
	979  -  MemoryUsage of job (MB)
	1002044  -  ResidentSetSize of job (KB)
...
006 (7186306.001.000) 08/23 22:06:28 Image size of job updated: 1051072
	979  -  MemoryUsage of job (MB)
	1002044  -  ResidentSetSize of job (KB)
...
006 (7186306.001.000) 08/23 22:11:29 Image size of job updated: 1051072
	995  -  MemoryUsage of job (MB)
	1018080  -  ResidentSetSize of job (KB)
...
006 (7186306.001.000) 08/23 22:21:30 Image size of job updated: 1051072
	1006  -  MemoryUsage of job (MB)
	1029992  -  ResidentSetSize of job (KB)
...
006 (7186306.001.000) 08/23 22:26:31 Image size of job updated: 1054656
	1006  -  MemoryUsage of job (MB)
	1029992  -  ResidentSetSize of job (KB)
...
006 (7186306.001.000) 08/23 22:36:32 Image size of job updated: 1054656
	1028  -  MemoryUsage of job (MB)
	1052012  -  ResidentSetSize of job (KB)
...
006 (7186306.001.000) 08/23 22:41:32 Image size of job updated: 1090340
	1065  -  MemoryUsage of job (MB)
	1090340  -  ResidentSetSize of job (KB)
...
006 (7186306.001.000) 08/23 22:46:32 Image size of job updated: 1107228
	1081  -  MemoryUsage of job (MB)
	1106344  -  ResidentSetSize of job (KB)
...
006 (7186306.001.000) 08/23 22:51:33 Image size of job updated: 1212916
	1146  -  MemoryUsage of job (MB)
	1173344  -  ResidentSetSize of job (KB)
...
006 (7186306.001.000) 08/23 22:56:33 Image size of job updated: 1224996
	1197  -  MemoryUsage of job (MB)
	1224996  -  ResidentSetSize of job (KB)
...
006 (7186306.001.000) 08/23 23:01:34 Image size of job updated: 1262004
	1233  -  MemoryUsage of job (MB)
	1261968  -  ResidentSetSize of job (KB)
...
006 (7186306.001.000) 08/23 23:06:35 Image size of job updated: 1368184
	1233  -  MemoryUsage of job (MB)
	1261968  -  ResidentSetSize of job (KB)
...
006 (7186306.001.000) 08/23 23:16:36 Image size of job updated: 3542528
	3460  -  MemoryUsage of job (MB)
	3542236  -  ResidentSetSize of job (KB)
...
006 (7186306.001.000) 08/23 23:21:36 Image size of job updated: 3698456
	3612  -  MemoryUsage of job (MB)
	3698456  -  ResidentSetSize of job (KB)
...
006 (7186306.001.000) 08/23 23:26:36 Image size of job updated: 3854836
	3765  -  MemoryUsage of job (MB)
	3854832  -  ResidentSetSize of job (KB)
...
006 (7186306.001.000) 08/23 23:31:37 Image size of job updated: 4026000
	3932  -  MemoryUsage of job (MB)
	4026000  -  ResidentSetSize of job (KB)
...
006 (7186306.001.000) 08/23 23:36:37 Image size of job updated: 4194748
	4097  -  MemoryUsage of job (MB)
	4194748  -  ResidentSetSize of job (KB)
...
006 (7186306.001.000) 08/23 23:41:37 Image size of job updated: 4384904
	4283  -  MemoryUsage of job (MB)
	4384792  -  ResidentSetSize of job (KB)
...
006 (7186306.001.000) 08/23 23:46:38 Image size of job updated: 4550340
	4444  -  MemoryUsage of job (MB)
	4550340  -  ResidentSetSize of job (KB)
...
006 (7186306.001.000) 08/23 23:51:38 Image size of job updated: 4735072
	4625  -  MemoryUsage of job (MB)
	4735072  -  ResidentSetSize of job (KB)
...
006 (7186306.001.000) 08/23 23:56:39 Image size of job updated: 4908252
	4794  -  MemoryUsage of job (MB)
	4908252  -  ResidentSetSize of job (KB)
...
006 (7186306.001.000) 08/24 00:01:40 Image size of job updated: 5080556
	4962  -  MemoryUsage of job (MB)
	5080556  -  ResidentSetSize of job (KB)
...
006 (7186306.001.000) 08/24 00:06:40 Image size of job updated: 5225680
	5104  -  MemoryUsage of job (MB)
	5225680  -  ResidentSetSize of job (KB)
...
006 (7186306.001.000) 08/24 00:11:42 Image size of job updated: 5384640
	5259  -  MemoryUsage of job (MB)
	5384640  -  ResidentSetSize of job (KB)
...
006 (7186306.001.000) 08/24 00:16:42 Image size of job updated: 5538248
	5409  -  MemoryUsage of job (MB)
	5538248  -  ResidentSetSize of job (KB)
...
006 (7186306.001.000) 08/24 00:21:42 Image size of job updated: 5582724
	5409  -  MemoryUsage of job (MB)
	5538248  -  ResidentSetSize of job (KB)
...
006 (7186306.001.000) 08/24 00:36:44 Image size of job updated: 5701660
	5569  -  MemoryUsage of job (MB)
	5701660  -  ResidentSetSize of job (KB)
...
006 (7186306.001.000) 08/24 00:41:45 Image size of job updated: 5860780
	5724  -  MemoryUsage of job (MB)
	5860780  -  ResidentSetSize of job (KB)
...
006 (7186306.001.000) 08/24 00:46:45 Image size of job updated: 6008236
	5868  -  MemoryUsage of job (MB)
	6008236  -  ResidentSetSize of job (KB)
...
006 (7186306.001.000) 08/24 00:51:47 Image size of job updated: 6165216
	6021  -  MemoryUsage of job (MB)
	6165212  -  ResidentSetSize of job (KB)
...
006 (7186306.001.000) 08/24 00:56:47 Image size of job updated: 6314832
	6167  -  MemoryUsage of job (MB)
	6314832  -  ResidentSetSize of job (KB)
...
006 (7186306.001.000) 08/24 01:01:47 Image size of job updated: 6459512
	6309  -  MemoryUsage of job (MB)
	6459416  -  ResidentSetSize of job (KB)
...
006 (7186306.001.000) 08/24 01:06:48 Image size of job updated: 6608032
	6454  -  MemoryUsage of job (MB)
	6608032  -  ResidentSetSize of job (KB)
...
006 (7186306.001.000) 08/24 01:11:48 Image size of job updated: 6765608
	6608  -  MemoryUsage of job (MB)
	6765608  -  ResidentSetSize of job (KB)
...
006 (7186306.001.000) 08/24 01:16:48 Image size of job updated: 6916636
	6755  -  MemoryUsage of job (MB)
	6916636  -  ResidentSetSize of job (KB)
...
006 (7186306.001.000) 08/24 01:21:49 Image size of job updated: 7069408
	6904  -  MemoryUsage of job (MB)
	7069408  -  ResidentSetSize of job (KB)
...
006 (7186306.001.000) 08/24 01:26:49 Image size of job updated: 7223040
	7054  -  MemoryUsage of job (MB)
	7223040  -  ResidentSetSize of job (KB)
...
006 (7186306.001.000) 08/24 01:31:50 Image size of job updated: 7375168
	7203  -  MemoryUsage of job (MB)
	7375168  -  ResidentSetSize of job (KB)
...
006 (7186306.001.000) 08/24 01:36:51 Image size of job updated: 7520740
	7345  -  MemoryUsage of job (MB)
	7520740  -  ResidentSetSize of job (KB)
...
006 (7186306.001.000) 08/24 01:41:51 Image size of job updated: 7634712
	7345  -  MemoryUsage of job (MB)
	7520740  -  ResidentSetSize of job (KB)
...
006 (7186306.001.000) 08/24 02:11:54 Image size of job updated: 7634712
	7366  -  MemoryUsage of job (MB)
	7542224  -  ResidentSetSize of job (KB)
...
006 (7186306.001.000) 08/24 02:16:55 Image size of job updated: 7712584
	7532  -  MemoryUsage of job (MB)
	7712584  -  ResidentSetSize of job (KB)
...
006 (7186306.001.000) 08/24 02:21:55 Image size of job updated: 7806064
	7533  -  MemoryUsage of job (MB)
	7712840  -  ResidentSetSize of job (KB)
...
040 (7186306.001.000) 08/24 03:18:22 Started transferring output files
...
040 (7186306.001.000) 08/24 03:18:22 Finished transferring output files
...
005 (7186306.001.000) 08/24 03:18:22 Job terminated.
	(1) Normal termination (return value 50)
		Usr 0 06:35:24, Sys 0 00:01:52  -  Run Remote Usage
		Usr 0 00:00:00, Sys 0 00:00:00  -  Run Local Usage
		Usr 0 06:35:24, Sys 0 00:01:52  -  Total Remote Usage
		Usr 0 00:00:00, Sys 0 00:00:00  -  Total Local Usage
	20638  -  Run Bytes Sent By Job
	2785  -  Run Bytes Received By Job
	20638  -  Total Bytes Sent By Job
	2785  -  Total Bytes Received By Job
	Partitionable Resources :      Usage  Request Allocated 
	   Cpus                 :       0.99        1         1 
	   Disk (KB)            : 7601675           3   3080442 
	   Memory (MB)          :    7533        2000      2000 

	Job terminated of its own accord at 2024-08-24T01:18:22Z with exit-code 50.
...
