000 (7187249.001.000) 08/26 07:55:06 Job submitted from host: <137.138.44.55:9618?addrs=137.138.44.55-9618+[2001-1458-d00-1a--48]-9618&alias=bigbird17.cern.ch&noUDP&sock=schedd_23962_8474>
...
040 (7187249.001.000) 08/26 09:34:27 Started transferring input files
	Transferring to host: <128.142.248.197:9618?addrs=128.142.248.197-9618+[2001-1458-301-73--100-c4]-9618&alias=b9g23p2961.cern.ch&noUDP&sock=slot1_9_7499_794a_4729>
...
040 (7187249.001.000) 08/26 09:34:27 Finished transferring input files
...
001 (7187249.001.000) 08/26 09:34:28 Job executing on host: <128.142.248.197:9618?addrs=128.142.248.197-9618+[2001-1458-301-73--100-c4]-9618&alias=b9g23p2961.cern.ch&noUDP&sock=startd_5911_0866>
	SlotName: slot1_9@b9g23p2961.cern.ch
	CondorScratchDir = "/pool/condor/dir_2389153"
	Cpus = 1
	Disk = 3078271
	Memory = 2000
...
006 (7187249.001.000) 08/26 09:34:37 Image size of job updated: 537972
	311  -  MemoryUsage of job (MB)
	318312  -  ResidentSetSize of job (KB)
...
006 (7187249.001.000) 08/26 09:39:38 Image size of job updated: 3454424
	3374  -  MemoryUsage of job (MB)
	3454424  -  ResidentSetSize of job (KB)
...
006 (7187249.001.000) 08/26 09:40:41 Image size of job updated: 3545988
	3374  -  MemoryUsage of job (MB)
	3454424  -  ResidentSetSize of job (KB)
...
040 (7187249.001.000) 08/26 09:40:41 Started transferring output files
...
040 (7187249.001.000) 08/26 09:40:41 Finished transferring output files
...
005 (7187249.001.000) 08/26 09:40:41 Job terminated.
	(1) Normal termination (return value 50)
		Usr 0 00:05:48, Sys 0 00:00:19  -  Run Remote Usage
		Usr 0 00:00:00, Sys 0 00:00:00  -  Run Local Usage
		Usr 0 00:05:48, Sys 0 00:00:19  -  Total Remote Usage
		Usr 0 00:00:00, Sys 0 00:00:00  -  Total Local Usage
	15588  -  Run Bytes Sent By Job
	2926  -  Run Bytes Received By Job
	15588  -  Total Bytes Sent By Job
	2926  -  Total Bytes Received By Job
	Partitionable Resources :     Usage  Request Allocated 
	   Cpus                 :      0.81        1         1 
	   Disk (KB)            : 326920           3   3078271 
	   Memory (MB)          :   3374        2000      2000 

	Job terminated of its own accord at 2024-08-26T07:40:41Z with exit-code 50.
...
