000 (7187256.005.000) 08/26 07:55:13 Job submitted from host: <137.138.44.55:9618?addrs=137.138.44.55-9618+[2001-1458-d00-1a--48]-9618&alias=bigbird17.cern.ch&noUDP&sock=schedd_23962_8474>
...
040 (7187256.005.000) 08/26 10:52:48 Started transferring input files
	Transferring to host: <128.142.248.123:9618?addrs=128.142.248.123-9618+[2001-1458-301-73--100-16b]-9618&alias=b9g23p2657.cern.ch&noUDP&sock=slot1_13_1296705_ba53_8226>
...
040 (7187256.005.000) 08/26 10:52:48 Finished transferring input files
...
001 (7187256.005.000) 08/26 10:52:49 Job executing on host: <128.142.248.123:9618?addrs=128.142.248.123-9618+[2001-1458-301-73--100-16b]-9618&alias=b9g23p2657.cern.ch&noUDP&sock=startd_3078_d498>
	SlotName: slot1_13@b9g23p2657.cern.ch
	CondorScratchDir = "/pool/condor/dir_249691"
	Cpus = 1
	Disk = 2989377
	Memory = 2000
...
006 (7187256.005.000) 08/26 10:52:58 Image size of job updated: 552308
	312  -  MemoryUsage of job (MB)
	318704  -  ResidentSetSize of job (KB)
...
006 (7187256.005.000) 08/26 10:57:59 Image size of job updated: 821516
	753  -  MemoryUsage of job (MB)
	770512  -  ResidentSetSize of job (KB)
...
006 (7187256.005.000) 08/26 11:02:59 Image size of job updated: 3454152
	3374  -  MemoryUsage of job (MB)
	3454152  -  ResidentSetSize of job (KB)
...
006 (7187256.005.000) 08/26 11:07:21 Image size of job updated: 3669028
	3374  -  MemoryUsage of job (MB)
	3454152  -  ResidentSetSize of job (KB)
...
040 (7187256.005.000) 08/26 11:07:21 Started transferring output files
...
040 (7187256.005.000) 08/26 11:07:21 Finished transferring output files
...
005 (7187256.005.000) 08/26 11:07:21 Job terminated.
	(1) Normal termination (return value 50)
		Usr 0 00:13:40, Sys 0 00:00:27  -  Run Remote Usage
		Usr 0 00:00:00, Sys 0 00:00:00  -  Run Local Usage
		Usr 0 00:13:40, Sys 0 00:00:27  -  Total Remote Usage
		Usr 0 00:00:00, Sys 0 00:00:00  -  Total Local Usage
	15726  -  Run Bytes Sent By Job
	2910  -  Run Bytes Received By Job
	15726  -  Total Bytes Sent By Job
	2910  -  Total Bytes Received By Job
	Partitionable Resources :     Usage  Request Allocated 
	   Cpus                 :      0.79        1         1 
	   Disk (KB)            : 691524           3   2989377 
	   Memory (MB)          :   3374        2000      2000 

	Job terminated of its own accord at 2024-08-26T09:07:21Z with exit-code 50.
...
