000 (7187242.006.000) 08/26 07:55:02 Job submitted from host: <137.138.44.55:9618?addrs=137.138.44.55-9618+[2001-1458-d00-1a--48]-9618&alias=bigbird17.cern.ch&noUDP&sock=schedd_23962_8474>
...
040 (7187242.006.000) 08/26 09:23:55 Started transferring input files
	Transferring to host: <128.142.248.15:9618?addrs=128.142.248.15-9618+[2001-1458-301-73--100-ff]-9618&alias=b9g23p2723.cern.ch&noUDP&sock=slot1_9_3961800_404a_9171>
...
040 (7187242.006.000) 08/26 09:23:55 Finished transferring input files
...
001 (7187242.006.000) 08/26 09:23:56 Job executing on host: <128.142.248.15:9618?addrs=128.142.248.15-9618+[2001-1458-301-73--100-ff]-9618&alias=b9g23p2723.cern.ch&noUDP&sock=startd_5130_54ef>
	SlotName: slot1_9@b9g23p2723.cern.ch
	CondorScratchDir = "/pool/condor/dir_3986854"
	Cpus = 1
	Disk = 2986180
	Memory = 2000
...
006 (7187242.006.000) 08/26 09:24:05 Image size of job updated: 478492
	277  -  MemoryUsage of job (MB)
	283216  -  ResidentSetSize of job (KB)
...
006 (7187242.006.000) 08/26 09:29:06 Image size of job updated: 833212
	814  -  MemoryUsage of job (MB)
	833212  -  ResidentSetSize of job (KB)
...
006 (7187242.006.000) 08/26 09:34:06 Image size of job updated: 3639996
	3555  -  MemoryUsage of job (MB)
	3639996  -  ResidentSetSize of job (KB)
...
006 (7187242.006.000) 08/26 09:39:06 Image size of job updated: 3935296
	3844  -  MemoryUsage of job (MB)
	3935296  -  ResidentSetSize of job (KB)
...
006 (7187242.006.000) 08/26 09:44:07 Image size of job updated: 4351536
	4250  -  MemoryUsage of job (MB)
	4351536  -  ResidentSetSize of job (KB)
...
006 (7187242.006.000) 08/26 09:49:07 Image size of job updated: 4692420
	4583  -  MemoryUsage of job (MB)
	4692420  -  ResidentSetSize of job (KB)
...
006 (7187242.006.000) 08/26 09:54:07 Image size of job updated: 5129200
	5009  -  MemoryUsage of job (MB)
	5129200  -  ResidentSetSize of job (KB)
...
006 (7187242.006.000) 08/26 09:59:08 Image size of job updated: 5503292
	5375  -  MemoryUsage of job (MB)
	5503292  -  ResidentSetSize of job (KB)
...
006 (7187242.006.000) 08/26 10:04:08 Image size of job updated: 5883384
	5746  -  MemoryUsage of job (MB)
	5883384  -  ResidentSetSize of job (KB)
...
006 (7187242.006.000) 08/26 10:09:08 Image size of job updated: 6243120
	6097  -  MemoryUsage of job (MB)
	6243120  -  ResidentSetSize of job (KB)
...
006 (7187242.006.000) 08/26 10:14:09 Image size of job updated: 6650092
	6495  -  MemoryUsage of job (MB)
	6650092  -  ResidentSetSize of job (KB)
...
006 (7187242.006.000) 08/26 10:19:09 Image size of job updated: 7058500
	6894  -  MemoryUsage of job (MB)
	7058500  -  ResidentSetSize of job (KB)
...
006 (7187242.006.000) 08/26 10:24:09 Image size of job updated: 7479496
	7305  -  MemoryUsage of job (MB)
	7479496  -  ResidentSetSize of job (KB)
...
006 (7187242.006.000) 08/26 10:29:10 Image size of job updated: 7885784
	7701  -  MemoryUsage of job (MB)
	7885784  -  ResidentSetSize of job (KB)
...
006 (7187242.006.000) 08/26 10:34:10 Image size of job updated: 8324860
	8130  -  MemoryUsage of job (MB)
	8324860  -  ResidentSetSize of job (KB)
...
006 (7187242.006.000) 08/26 10:39:10 Image size of job updated: 8714052
	8510  -  MemoryUsage of job (MB)
	8714052  -  ResidentSetSize of job (KB)
...
006 (7187242.006.000) 08/26 10:44:11 Image size of job updated: 9102164
	8889  -  MemoryUsage of job (MB)
	9102164  -  ResidentSetSize of job (KB)
...
006 (7187242.006.000) 08/26 10:49:11 Image size of job updated: 9442676
	9222  -  MemoryUsage of job (MB)
	9442568  -  ResidentSetSize of job (KB)
...
006 (7187242.006.000) 08/26 10:54:11 Image size of job updated: 9747888
	9520  -  MemoryUsage of job (MB)
	9747664  -  ResidentSetSize of job (KB)
...
006 (7187242.006.000) 08/26 10:59:12 Image size of job updated: 10056168
	9821  -  MemoryUsage of job (MB)
	10056168  -  ResidentSetSize of job (KB)
...
006 (7187242.006.000) 08/26 11:04:12 Image size of job updated: 10371040
	10128  -  MemoryUsage of job (MB)
	10371040  -  ResidentSetSize of job (KB)
...
006 (7187242.006.000) 08/26 11:09:12 Image size of job updated: 10644008
	10128  -  MemoryUsage of job (MB)
	10371040  -  ResidentSetSize of job (KB)
...
040 (7187242.006.000) 08/26 11:11:45 Started transferring output files
...
040 (7187242.006.000) 08/26 11:11:45 Finished transferring output files
...
005 (7187242.006.000) 08/26 11:11:45 Job terminated.
	(1) Normal termination (return value 50)
		Usr 0 01:45:43, Sys 0 00:01:04  -  Run Remote Usage
		Usr 0 00:00:00, Sys 0 00:00:00  -  Run Local Usage
		Usr 0 01:45:43, Sys 0 00:01:04  -  Total Remote Usage
		Usr 0 00:00:00, Sys 0 00:00:00  -  Total Local Usage
	20838  -  Run Bytes Sent By Job
	2914  -  Run Bytes Received By Job
	20838  -  Total Bytes Sent By Job
	2914  -  Total Bytes Received By Job
	Partitionable Resources :      Usage  Request Allocated 
	   Cpus                 :       0.99        1         1 
	   Disk (KB)            : 7216029           3   2986180 
	   Memory (MB)          :   10128        2000      2000 

	Job terminated of its own accord at 2024-08-26T09:11:45Z with exit-code 50.
...
