000 (7187242.007.000) 08/26 07:55:02 Job submitted from host: <137.138.44.55:9618?addrs=137.138.44.55-9618+[2001-1458-d00-1a--48]-9618&alias=bigbird17.cern.ch&noUDP&sock=schedd_23962_8474>
...
040 (7187242.007.000) 08/26 09:24:00 Started transferring input files
	Transferring to host: <128.142.248.214:9618?addrs=128.142.248.214-9618+[2001-1458-301-73--100-d5]-9618&alias=b9g23p2447.cern.ch&noUDP&sock=slot1_12_2572410_4e57_23123>
...
040 (7187242.007.000) 08/26 09:24:00 Finished transferring input files
...
001 (7187242.007.000) 08/26 09:24:01 Job executing on host: <128.142.248.214:9618?addrs=128.142.248.214-9618+[2001-1458-301-73--100-d5]-9618&alias=b9g23p2447.cern.ch&noUDP&sock=startd_3197_745e>
	SlotName: slot1_12@b9g23p2447.cern.ch
	CondorScratchDir = "/pool/condor/dir_78899"
	Cpus = 1
	Disk = 2952173
	Memory = 2000
...
006 (7187242.007.000) 08/26 09:24:10 Image size of job updated: 473164
	275  -  MemoryUsage of job (MB)
	280792  -  ResidentSetSize of job (KB)
...
006 (7187242.007.000) 08/26 09:29:10 Image size of job updated: 898768
	658  -  MemoryUsage of job (MB)
	673696  -  ResidentSetSize of job (KB)
...
006 (7187242.007.000) 08/26 09:34:10 Image size of job updated: 4295672
	4195  -  MemoryUsage of job (MB)
	4295672  -  ResidentSetSize of job (KB)
...
006 (7187242.007.000) 08/26 09:39:11 Image size of job updated: 4649376
	4541  -  MemoryUsage of job (MB)
	4649376  -  ResidentSetSize of job (KB)
...
006 (7187242.007.000) 08/26 09:44:12 Image size of job updated: 5000648
	4541  -  MemoryUsage of job (MB)
	4649376  -  ResidentSetSize of job (KB)
...
006 (7187242.007.000) 08/26 09:49:12 Image size of job updated: 5000648
	4734  -  MemoryUsage of job (MB)
	4847612  -  ResidentSetSize of job (KB)
...
006 (7187242.007.000) 08/26 09:54:13 Image size of job updated: 5218760
	5097  -  MemoryUsage of job (MB)
	5218760  -  ResidentSetSize of job (KB)
...
006 (7187242.007.000) 08/26 09:59:14 Image size of job updated: 5616856
	5486  -  MemoryUsage of job (MB)
	5616856  -  ResidentSetSize of job (KB)
...
006 (7187242.007.000) 08/26 10:04:14 Image size of job updated: 6005312
	5865  -  MemoryUsage of job (MB)
	6005312  -  ResidentSetSize of job (KB)
...
006 (7187242.007.000) 08/26 10:09:15 Image size of job updated: 6446636
	6296  -  MemoryUsage of job (MB)
	6446636  -  ResidentSetSize of job (KB)
...
006 (7187242.007.000) 08/26 10:14:16 Image size of job updated: 6894864
	6734  -  MemoryUsage of job (MB)
	6894864  -  ResidentSetSize of job (KB)
...
006 (7187242.007.000) 08/26 10:19:16 Image size of job updated: 7262448
	7093  -  MemoryUsage of job (MB)
	7262448  -  ResidentSetSize of job (KB)
...
006 (7187242.007.000) 08/26 10:24:16 Image size of job updated: 7650644
	7472  -  MemoryUsage of job (MB)
	7650640  -  ResidentSetSize of job (KB)
...
006 (7187242.007.000) 08/26 10:29:17 Image size of job updated: 8020864
	7833  -  MemoryUsage of job (MB)
	8020864  -  ResidentSetSize of job (KB)
...
006 (7187242.007.000) 08/26 10:34:17 Image size of job updated: 8377412
	8182  -  MemoryUsage of job (MB)
	8377412  -  ResidentSetSize of job (KB)
...
006 (7187242.007.000) 08/26 10:39:17 Image size of job updated: 8722708
	8519  -  MemoryUsage of job (MB)
	8722708  -  ResidentSetSize of job (KB)
...
006 (7187242.007.000) 08/26 10:44:18 Image size of job updated: 9099196
	8886  -  MemoryUsage of job (MB)
	9099196  -  ResidentSetSize of job (KB)
...
006 (7187242.007.000) 08/26 10:49:18 Image size of job updated: 9459664
	9238  -  MemoryUsage of job (MB)
	9459664  -  ResidentSetSize of job (KB)
...
006 (7187242.007.000) 08/26 10:54:18 Image size of job updated: 9914616
	9683  -  MemoryUsage of job (MB)
	9914616  -  ResidentSetSize of job (KB)
...
006 (7187242.007.000) 08/26 10:59:19 Image size of job updated: 10418280
	10175  -  MemoryUsage of job (MB)
	10418280  -  ResidentSetSize of job (KB)
...
006 (7187242.007.000) 08/26 11:03:27 Image size of job updated: 10627120
	10175  -  MemoryUsage of job (MB)
	10418280  -  ResidentSetSize of job (KB)
...
040 (7187242.007.000) 08/26 11:03:27 Started transferring output files
...
040 (7187242.007.000) 08/26 11:03:27 Finished transferring output files
...
005 (7187242.007.000) 08/26 11:03:27 Job terminated.
	(1) Normal termination (return value 50)
		Usr 0 01:37:23, Sys 0 00:01:19  -  Run Remote Usage
		Usr 0 00:00:00, Sys 0 00:00:00  -  Run Local Usage
		Usr 0 01:37:23, Sys 0 00:01:19  -  Total Remote Usage
		Usr 0 00:00:00, Sys 0 00:00:00  -  Total Local Usage
	20839  -  Run Bytes Sent By Job
	2914  -  Run Bytes Received By Job
	20839  -  Total Bytes Sent By Job
	2914  -  Total Bytes Received By Job
	Partitionable Resources :      Usage  Request Allocated 
	   Cpus                 :       1.00        1         1 
	   Disk (KB)            : 7216029           3   2952173 
	   Memory (MB)          :   10175        2000      2000 

	Job terminated of its own accord at 2024-08-26T09:03:27Z with exit-code 50.
...
