000 (7187242.000.000) 08/26 07:55:02 Job submitted from host: <137.138.44.55:9618?addrs=137.138.44.55-9618+[2001-1458-d00-1a--48]-9618&alias=bigbird17.cern.ch&noUDP&sock=schedd_23962_8474>
...
040 (7187242.000.000) 08/26 09:12:13 Started transferring input files
	Transferring to host: <128.142.248.94:9618?addrs=128.142.248.94-9618+[2001-1458-301-73--100-14e]-9618&alias=b9g23p2790.cern.ch&noUDP&sock=slot1_16_5757_13c3_10166>
...
040 (7187242.000.000) 08/26 09:12:13 Finished transferring input files
...
001 (7187242.000.000) 08/26 09:12:14 Job executing on host: <128.142.248.94:9618?addrs=128.142.248.94-9618+[2001-1458-301-73--100-14e]-9618&alias=b9g23p2790.cern.ch&noUDP&sock=startd_4576_5577>
	SlotName: slot1_16@b9g23p2790.cern.ch
	CondorScratchDir = "/pool/condor/dir_3874077"
	Cpus = 1
	Disk = 2955848
	Memory = 2000
...
006 (7187242.000.000) 08/26 09:12:22 Image size of job updated: 474112
	289  -  MemoryUsage of job (MB)
	295608  -  ResidentSetSize of job (KB)
...
006 (7187242.000.000) 08/26 09:17:22 Image size of job updated: 913516
	672  -  MemoryUsage of job (MB)
	687144  -  ResidentSetSize of job (KB)
...
006 (7187242.000.000) 08/26 09:22:23 Image size of job updated: 3899628
	3809  -  MemoryUsage of job (MB)
	3899628  -  ResidentSetSize of job (KB)
...
006 (7187242.000.000) 08/26 09:27:24 Image size of job updated: 4310268
	4210  -  MemoryUsage of job (MB)
	4310268  -  ResidentSetSize of job (KB)
...
006 (7187242.000.000) 08/26 09:32:24 Image size of job updated: 4716200
	4496  -  MemoryUsage of job (MB)
	4603168  -  ResidentSetSize of job (KB)
...
006 (7187242.000.000) 08/26 09:37:25 Image size of job updated: 4716200
	4506  -  MemoryUsage of job (MB)
	4613944  -  ResidentSetSize of job (KB)
...
006 (7187242.000.000) 08/26 09:42:26 Image size of job updated: 5009628
	4893  -  MemoryUsage of job (MB)
	5009628  -  ResidentSetSize of job (KB)
...
006 (7187242.000.000) 08/26 09:47:26 Image size of job updated: 5390684
	5265  -  MemoryUsage of job (MB)
	5390680  -  ResidentSetSize of job (KB)
...
006 (7187242.000.000) 08/26 09:52:26 Image size of job updated: 5764212
	5630  -  MemoryUsage of job (MB)
	5764212  -  ResidentSetSize of job (KB)
...
006 (7187242.000.000) 08/26 09:57:27 Image size of job updated: 6192548
	6048  -  MemoryUsage of job (MB)
	6192424  -  ResidentSetSize of job (KB)
...
006 (7187242.000.000) 08/26 10:02:27 Image size of job updated: 6617184
	6463  -  MemoryUsage of job (MB)
	6617184  -  ResidentSetSize of job (KB)
...
006 (7187242.000.000) 08/26 10:07:27 Image size of job updated: 6998072
	6835  -  MemoryUsage of job (MB)
	6998072  -  ResidentSetSize of job (KB)
...
006 (7187242.000.000) 08/26 10:12:29 Image size of job updated: 7240644
	6835  -  MemoryUsage of job (MB)
	6998072  -  ResidentSetSize of job (KB)
...
006 (7187242.000.000) 08/26 10:49:54 Image size of job updated: 7240644
	6954  -  MemoryUsage of job (MB)
	7120672  -  ResidentSetSize of job (KB)
...
040 (7187242.000.000) 08/26 10:49:54 Started transferring output files
...
040 (7187242.000.000) 08/26 10:49:54 Finished transferring output files
...
005 (7187242.000.000) 08/26 10:49:54 Job terminated.
	(1) Normal termination (return value 50)
		Usr 0 01:35:54, Sys 0 00:01:10  -  Run Remote Usage
		Usr 0 00:00:00, Sys 0 00:00:00  -  Run Local Usage
		Usr 0 01:35:54, Sys 0 00:01:10  -  Total Remote Usage
		Usr 0 00:00:00, Sys 0 00:00:00  -  Total Local Usage
	20834  -  Run Bytes Sent By Job
	2914  -  Run Bytes Received By Job
	20834  -  Total Bytes Sent By Job
	2914  -  Total Bytes Received By Job
	Partitionable Resources :      Usage  Request Allocated 
	   Cpus                 :       1.00        1         1 
	   Disk (KB)            : 7407056           3   2955848 
	   Memory (MB)          :    6954        2000      2000 

	Job terminated of its own accord at 2024-08-26T08:49:54Z with exit-code 50.
...
