000 (7227823.000.000) 10/02 08:39:23 Job submitted from host: <137.138.44.55:9618?addrs=137.138.44.55-9618+[2001-1458-d00-1a--48]-9618&alias=bigbird17.cern.ch&noUDP&sock=schedd_1981_6134>
...
040 (7227823.000.000) 10/03 13:26:22 Started transferring input files
	Transferring to host: <128.142.248.214:9618?addrs=128.142.248.214-9618+[2001-1458-301-73--100-d5]-9618&alias=b9g23p2447.cern.ch&noUDP&sock=slot1_19_1211864_9179_36103>
...
040 (7227823.000.000) 10/03 13:26:22 Finished transferring input files
...
001 (7227823.000.000) 10/03 13:26:23 Job executing on host: <128.142.248.214:9618?addrs=128.142.248.214-9618+[2001-1458-301-73--100-d5]-9618&alias=b9g23p2447.cern.ch&noUDP&sock=startd_7869_0ed6>
	SlotName: slot1_19@b9g23p2447.cern.ch
	CondorScratchDir = "/pool/condor/dir_3553752"
	Cpus = 1
	Disk = 2989875
	Memory = 2000
...
006 (7227823.000.000) 10/03 13:26:31 Image size of job updated: 3
	0  -  MemoryUsage of job (MB)
	0  -  ResidentSetSize of job (KB)
...
006 (7227823.000.000) 10/03 13:31:31 Image size of job updated: 1117048
	809  -  MemoryUsage of job (MB)
	827788  -  ResidentSetSize of job (KB)
...
006 (7227823.000.000) 10/03 13:36:32 Image size of job updated: 1117048
	809  -  MemoryUsage of job (MB)
	828044  -  ResidentSetSize of job (KB)
...
006 (7227823.000.000) 10/03 13:41:33 Image size of job updated: 1117048
	811  -  MemoryUsage of job (MB)
	830176  -  ResidentSetSize of job (KB)
...
006 (7227823.000.000) 10/03 16:21:49 Image size of job updated: 1471140
	1437  -  MemoryUsage of job (MB)
	1471140  -  ResidentSetSize of job (KB)
...
006 (7227823.000.000) 10/03 16:26:49 Image size of job updated: 2608748
	2548  -  MemoryUsage of job (MB)
	2608748  -  ResidentSetSize of job (KB)
...
006 (7227823.000.000) 10/03 16:27:38 Image size of job updated: 2663736
	2548  -  MemoryUsage of job (MB)
	2608748  -  ResidentSetSize of job (KB)
...
040 (7227823.000.000) 10/03 16:27:38 Started transferring output files
...
040 (7227823.000.000) 10/03 16:27:38 Finished transferring output files
...
005 (7227823.000.000) 10/03 16:27:38 Job terminated.
	(1) Normal termination (return value 50)
		Usr 0 02:56:56, Sys 0 00:03:31  -  Run Remote Usage
		Usr 0 00:00:00, Sys 0 00:00:00  -  Run Local Usage
		Usr 0 02:56:56, Sys 0 00:03:31  -  Total Remote Usage
		Usr 0 00:00:00, Sys 0 00:00:00  -  Total Local Usage
	61512  -  Run Bytes Sent By Job
	2419  -  Run Bytes Received By Job
	61512  -  Total Bytes Sent By Job
	2419  -  Total Bytes Received By Job
	Partitionable Resources :      Usage  Request Allocated 
	   Cpus                 :       0.99        1         1 
	   Disk (KB)            : 1053812           3   2989875 
	   Memory (MB)          :    2548        2000      2000 

	Job terminated of its own accord at 2024-10-03T14:27:38Z with exit-code 50.
...
