000 (7216422.005.000) 09/16 07:43:59 Job submitted from host: <137.138.44.55:9618?addrs=137.138.44.55-9618+[2001-1458-d00-1a--48]-9618&alias=bigbird17.cern.ch&noUDP&sock=schedd_1980_b19c>
...
040 (7216422.005.000) 09/16 10:51:30 Started transferring input files
	Transferring to host: <188.185.92.146:9618?addrs=188.185.92.146-9618+[2001-1458-d00-6c--100-1c5]-9618&alias=b9g57n0713.cern.ch&noUDP&sock=slot1_1_15784_017b_128149>
...
040 (7216422.005.000) 09/16 10:51:30 Finished transferring input files
...
001 (7216422.005.000) 09/16 10:51:31 Job executing on host: <188.185.92.146:9618?addrs=188.185.92.146-9618+[2001-1458-d00-6c--100-1c5]-9618&alias=b9g57n0713.cern.ch&noUDP&sock=startd_14967_b211>
	SlotName: slot1_1@b9g57n0713.cern.ch
	AvailableGPUs = { GPUs_GPU_8e36ebf7 }
	CondorScratchDir = "/pool/condor/dir_4129695"
	Cpus = 1
	Disk = 314295
	GPUs = 1
	GPUs_GPU_8e36ebf7 = [ GlobalMemoryMb = 40326; MaxSupportedVersion = 12040; DriverVersion = 12.4; DeviceUuid = "8e36ebf7-cfeb-baed-bbe4-21263bcdba53"; DeviceName = "NVIDIA A100-PCIE-40GB"; CoresPerCU = 64; ECCEnabled = true; ComputeUnits = 108; ClockMhz = 1410.0; Id = "GPU-8e36ebf7"; DevicePciBusId = "0000:06:00.0"; Capability = 8.0 ]
	Memory = 2000
...
006 (7216422.005.000) 09/16 10:51:40 Image size of job updated: 1146884
	640  -  MemoryUsage of job (MB)
	654468  -  ResidentSetSize of job (KB)
...
006 (7216422.005.000) 09/16 10:56:40 Image size of job updated: 1146884
	930  -  MemoryUsage of job (MB)
	951612  -  ResidentSetSize of job (KB)
...
006 (7216422.005.000) 09/16 11:01:40 Image size of job updated: 1146884
	973  -  MemoryUsage of job (MB)
	995356  -  ResidentSetSize of job (KB)
...
006 (7216422.005.000) 09/16 11:06:40 Image size of job updated: 1146884
	997  -  MemoryUsage of job (MB)
	1019908  -  ResidentSetSize of job (KB)
...
006 (7216422.005.000) 09/16 11:11:41 Image size of job updated: 1146884
	1031  -  MemoryUsage of job (MB)
	1054992  -  ResidentSetSize of job (KB)
...
006 (7216422.005.000) 09/16 11:16:41 Image size of job updated: 1146884
	1062  -  MemoryUsage of job (MB)
	1086632  -  ResidentSetSize of job (KB)
...
006 (7216422.005.000) 09/16 11:21:42 Image size of job updated: 1146884
	1076  -  MemoryUsage of job (MB)
	1101100  -  ResidentSetSize of job (KB)
...
006 (7216422.005.000) 09/16 11:26:42 Image size of job updated: 1192404
	1153  -  MemoryUsage of job (MB)
	1179656  -  ResidentSetSize of job (KB)
...
006 (7216422.005.000) 09/16 11:31:43 Image size of job updated: 1228580
	1178  -  MemoryUsage of job (MB)
	1206144  -  ResidentSetSize of job (KB)
...
006 (7216422.005.000) 09/16 11:36:43 Image size of job updated: 1249308
	1189  -  MemoryUsage of job (MB)
	1216692  -  ResidentSetSize of job (KB)
...
006 (7216422.005.000) 09/16 11:41:44 Image size of job updated: 2060348
	1235  -  MemoryUsage of job (MB)
	1264636  -  ResidentSetSize of job (KB)
...
006 (7216422.005.000) 09/16 11:46:44 Image size of job updated: 2060348
	1317  -  MemoryUsage of job (MB)
	1348276  -  ResidentSetSize of job (KB)
...
006 (7216422.005.000) 09/16 11:51:45 Image size of job updated: 2060348
	1344  -  MemoryUsage of job (MB)
	1375820  -  ResidentSetSize of job (KB)
...
006 (7216422.005.000) 09/16 11:56:45 Image size of job updated: 2060348
	1371  -  MemoryUsage of job (MB)
	1403104  -  ResidentSetSize of job (KB)
...
006 (7216422.005.000) 09/16 12:01:45 Image size of job updated: 2060348
	1394  -  MemoryUsage of job (MB)
	1427440  -  ResidentSetSize of job (KB)
...
006 (7216422.005.000) 09/16 12:06:46 Image size of job updated: 2060348
	1398  -  MemoryUsage of job (MB)
	1430948  -  ResidentSetSize of job (KB)
...
006 (7216422.005.000) 09/16 12:11:46 Image size of job updated: 2060348
	1399  -  MemoryUsage of job (MB)
	1432064  -  ResidentSetSize of job (KB)
...
006 (7216422.005.000) 09/16 12:16:47 Image size of job updated: 2060348
	1419  -  MemoryUsage of job (MB)
	1452132  -  ResidentSetSize of job (KB)
...
006 (7216422.005.000) 09/16 12:21:47 Image size of job updated: 2060348
	1425  -  MemoryUsage of job (MB)
	1458588  -  ResidentSetSize of job (KB)
...
006 (7216422.005.000) 09/16 12:26:48 Image size of job updated: 2060348
	1430  -  MemoryUsage of job (MB)
	1463768  -  ResidentSetSize of job (KB)
...
006 (7216422.005.000) 09/16 12:31:48 Image size of job updated: 2060348
	1434  -  MemoryUsage of job (MB)
	1467716  -  ResidentSetSize of job (KB)
...
006 (7216422.005.000) 09/16 12:36:49 Image size of job updated: 2060348
	1436  -  MemoryUsage of job (MB)
	1470144  -  ResidentSetSize of job (KB)
...
006 (7216422.005.000) 09/16 12:41:49 Image size of job updated: 2060348
	1437  -  MemoryUsage of job (MB)
	1471132  -  ResidentSetSize of job (KB)
...
006 (7216422.005.000) 09/16 12:46:50 Image size of job updated: 2060348
	1438  -  MemoryUsage of job (MB)
	1472200  -  ResidentSetSize of job (KB)
...
006 (7216422.005.000) 09/16 12:51:50 Image size of job updated: 2060348
	1439  -  MemoryUsage of job (MB)
	1473084  -  ResidentSetSize of job (KB)
...
006 (7216422.005.000) 09/16 14:57:02 Image size of job updated: 2345244
	2198  -  MemoryUsage of job (MB)
	2250280  -  ResidentSetSize of job (KB)
...
006 (7216422.005.000) 09/16 15:02:03 Image size of job updated: 2574532
	2440  -  MemoryUsage of job (MB)
	2497588  -  ResidentSetSize of job (KB)
...
006 (7216422.005.000) 09/16 15:07:03 Image size of job updated: 2635652
	2440  -  MemoryUsage of job (MB)
	2497588  -  ResidentSetSize of job (KB)
...
006 (7216422.005.000) 09/16 15:37:06 Image size of job updated: 2669632
	2440  -  MemoryUsage of job (MB)
	2497588  -  ResidentSetSize of job (KB)
...
006 (7216422.005.000) 09/16 15:42:06 Image size of job updated: 3033284
	2440  -  MemoryUsage of job (MB)
	2497588  -  ResidentSetSize of job (KB)
...
006 (7216422.005.000) 09/16 15:47:07 Image size of job updated: 3359364
	3232  -  MemoryUsage of job (MB)
	3308752  -  ResidentSetSize of job (KB)
...
006 (7216422.005.000) 09/16 15:52:07 Image size of job updated: 3482020
	3232  -  MemoryUsage of job (MB)
	3308752  -  ResidentSetSize of job (KB)
...
006 (7216422.005.000) 09/16 16:02:08 Image size of job updated: 3700332
	3532  -  MemoryUsage of job (MB)
	3616568  -  ResidentSetSize of job (KB)
...
006 (7216422.005.000) 09/16 16:07:09 Image size of job updated: 3937696
	3532  -  MemoryUsage of job (MB)
	3616568  -  ResidentSetSize of job (KB)
...
006 (7216422.005.000) 09/16 16:12:09 Image size of job updated: 4105004
	3916  -  MemoryUsage of job (MB)
	4009288  -  ResidentSetSize of job (KB)
...
006 (7216422.005.000) 09/16 16:17:10 Image size of job updated: 4231656
	3916  -  MemoryUsage of job (MB)
	4009288  -  ResidentSetSize of job (KB)
...
006 (7216422.005.000) 09/16 16:22:10 Image size of job updated: 4340040
	4138  -  MemoryUsage of job (MB)
	4236952  -  ResidentSetSize of job (KB)
...
006 (7216422.005.000) 09/16 16:27:11 Image size of job updated: 4624472
	4222  -  MemoryUsage of job (MB)
	4323256  -  ResidentSetSize of job (KB)
...
006 (7216422.005.000) 09/16 16:32:12 Image size of job updated: 4832252
	4222  -  MemoryUsage of job (MB)
	4323256  -  ResidentSetSize of job (KB)
...
006 (7216422.005.000) 09/16 16:37:12 Image size of job updated: 4997424
	4223  -  MemoryUsage of job (MB)
	4324240  -  ResidentSetSize of job (KB)
...
006 (7216422.005.000) 09/16 16:42:12 Image size of job updated: 5159900
	4412  -  MemoryUsage of job (MB)
	4517872  -  ResidentSetSize of job (KB)
...
006 (7216422.005.000) 09/16 16:47:12 Image size of job updated: 5292932
	4449  -  MemoryUsage of job (MB)
	4555384  -  ResidentSetSize of job (KB)
...
006 (7216422.005.000) 09/16 16:52:13 Image size of job updated: 5292932
	4509  -  MemoryUsage of job (MB)
	4616612  -  ResidentSetSize of job (KB)
...
006 (7216422.005.000) 09/16 16:57:13 Image size of job updated: 5411876
	4539  -  MemoryUsage of job (MB)
	4647656  -  ResidentSetSize of job (KB)
...
006 (7216422.005.000) 09/16 17:02:14 Image size of job updated: 5416324
	4591  -  MemoryUsage of job (MB)
	4700496  -  ResidentSetSize of job (KB)
...
006 (7216422.005.000) 09/16 17:07:14 Image size of job updated: 5470824
	4659  -  MemoryUsage of job (MB)
	4770556  -  ResidentSetSize of job (KB)
...
006 (7216422.005.000) 09/16 17:12:15 Image size of job updated: 5470824
	4746  -  MemoryUsage of job (MB)
	4859856  -  ResidentSetSize of job (KB)
...
006 (7216422.005.000) 09/16 17:17:16 Image size of job updated: 5470824
	4781  -  MemoryUsage of job (MB)
	4895424  -  ResidentSetSize of job (KB)
...
006 (7216422.005.000) 09/16 17:22:16 Image size of job updated: 5470824
	4923  -  MemoryUsage of job (MB)
	5040780  -  ResidentSetSize of job (KB)
...
006 (7216422.005.000) 09/16 17:27:17 Image size of job updated: 5470824
	5140  -  MemoryUsage of job (MB)
	5262604  -  ResidentSetSize of job (KB)
...
006 (7216422.005.000) 09/16 17:29:22 Image size of job updated: 8223288
	5140  -  MemoryUsage of job (MB)
	5262860  -  ResidentSetSize of job (KB)
...
040 (7216422.005.000) 09/16 17:29:22 Started transferring output files
...
040 (7216422.005.000) 09/16 17:29:22 Finished transferring output files
...
005 (7216422.005.000) 09/16 17:29:23 Job terminated.
	(1) Normal termination (return value 50)
		Usr 0 05:29:00, Sys 0 00:57:26  -  Run Remote Usage
		Usr 0 00:00:00, Sys 0 00:00:00  -  Run Local Usage
		Usr 0 05:29:00, Sys 0 00:57:26  -  Total Remote Usage
		Usr 0 00:00:00, Sys 0 00:00:00  -  Total Local Usage
	130847  -  Run Bytes Sent By Job
	2974  -  Run Bytes Received By Job
	130847  -  Total Bytes Sent By Job
	2974  -  Total Bytes Received By Job
	Partitionable Resources :      Usage  Request Allocated Assigned
	   Cpus                 :       1.00        1         1 
	   Disk (KB)            : 2027762           3    314295 
	   Gpus (Average)       :       0.13        1         1 "GPU-8e36ebf7"
	   GpusMemory (MB)      :    3133                       
	   Memory (MB)          :    5140        2000      2000 

	Job terminated of its own accord at 2024-09-16T15:29:22Z with exit-code 50.
...
