000 (7216422.006.000) 09/16 07:43:59 Job submitted from host: <137.138.44.55:9618?addrs=137.138.44.55-9618+[2001-1458-d00-1a--48]-9618&alias=bigbird17.cern.ch&noUDP&sock=schedd_1980_b19c>
...
040 (7216422.006.000) 09/16 10:52:59 Started transferring input files
	Transferring to host: <188.185.93.62:9618?addrs=188.185.93.62-9618+[2001-1458-d00-6c--100-118]-9618&alias=b9g57n9464.cern.ch&noUDP&sock=slot1_1_16543_ca3a_126183>
...
040 (7216422.006.000) 09/16 10:52:59 Finished transferring input files
...
001 (7216422.006.000) 09/16 10:53:00 Job executing on host: <188.185.93.62:9618?addrs=188.185.93.62-9618+[2001-1458-d00-6c--100-118]-9618&alias=b9g57n9464.cern.ch&noUDP&sock=startd_15950_f3a9>
	SlotName: slot1_1@b9g57n9464.cern.ch
	AvailableGPUs = { GPUs_GPU_47e13020 }
	CondorScratchDir = "/pool/condor/dir_4001025"
	Cpus = 1
	Disk = 303655
	GPUs = 1
	GPUs_GPU_47e13020 = [ GlobalMemoryMb = 40326; MaxSupportedVersion = 12040; DriverVersion = 12.4; DeviceUuid = "47e13020-0bf2-ad62-b596-87133bf5bb68"; DeviceName = "NVIDIA A100-PCIE-40GB"; CoresPerCU = 64; ECCEnabled = true; ComputeUnits = 108; ClockMhz = 1410.0; Id = "GPU-47e13020"; DevicePciBusId = "0000:06:00.0"; Capability = 8.0 ]
	Memory = 2000
...
006 (7216422.006.000) 09/16 10:53:10 Image size of job updated: 1147804
	653  -  MemoryUsage of job (MB)
	668280  -  ResidentSetSize of job (KB)
...
006 (7216422.006.000) 09/16 10:58:10 Image size of job updated: 1147804
	920  -  MemoryUsage of job (MB)
	941832  -  ResidentSetSize of job (KB)
...
006 (7216422.006.000) 09/16 11:03:11 Image size of job updated: 1147804
	959  -  MemoryUsage of job (MB)
	981256  -  ResidentSetSize of job (KB)
...
006 (7216422.006.000) 09/16 11:08:11 Image size of job updated: 1147804
	968  -  MemoryUsage of job (MB)
	990216  -  ResidentSetSize of job (KB)
...
006 (7216422.006.000) 09/16 11:13:12 Image size of job updated: 1147804
	1035  -  MemoryUsage of job (MB)
	1059596  -  ResidentSetSize of job (KB)
...
006 (7216422.006.000) 09/16 11:18:12 Image size of job updated: 1147804
	1076  -  MemoryUsage of job (MB)
	1101816  -  ResidentSetSize of job (KB)
...
006 (7216422.006.000) 09/16 11:28:13 Image size of job updated: 1208692
	1160  -  MemoryUsage of job (MB)
	1187368  -  ResidentSetSize of job (KB)
...
006 (7216422.006.000) 09/16 11:33:14 Image size of job updated: 1244984
	1190  -  MemoryUsage of job (MB)
	1218536  -  ResidentSetSize of job (KB)
...
006 (7216422.006.000) 09/16 11:38:14 Image size of job updated: 1274292
	1245  -  MemoryUsage of job (MB)
	1274048  -  ResidentSetSize of job (KB)
...
006 (7216422.006.000) 09/16 11:43:15 Image size of job updated: 2101672
	1274  -  MemoryUsage of job (MB)
	1304100  -  ResidentSetSize of job (KB)
...
006 (7216422.006.000) 09/16 11:48:15 Image size of job updated: 2101672
	1299  -  MemoryUsage of job (MB)
	1329240  -  ResidentSetSize of job (KB)
...
006 (7216422.006.000) 09/16 11:53:16 Image size of job updated: 2101672
	1332  -  MemoryUsage of job (MB)
	1363888  -  ResidentSetSize of job (KB)
...
006 (7216422.006.000) 09/16 11:58:16 Image size of job updated: 2101672
	1354  -  MemoryUsage of job (MB)
	1385988  -  ResidentSetSize of job (KB)
...
006 (7216422.006.000) 09/16 12:03:17 Image size of job updated: 2101672
	1382  -  MemoryUsage of job (MB)
	1414212  -  ResidentSetSize of job (KB)
...
006 (7216422.006.000) 09/16 12:08:18 Image size of job updated: 2101672
	1385  -  MemoryUsage of job (MB)
	1417904  -  ResidentSetSize of job (KB)
...
006 (7216422.006.000) 09/16 12:13:18 Image size of job updated: 2101672
	1386  -  MemoryUsage of job (MB)
	1418968  -  ResidentSetSize of job (KB)
...
006 (7216422.006.000) 09/16 12:18:19 Image size of job updated: 2101672
	1406  -  MemoryUsage of job (MB)
	1439508  -  ResidentSetSize of job (KB)
...
006 (7216422.006.000) 09/16 12:23:19 Image size of job updated: 2101672
	1413  -  MemoryUsage of job (MB)
	1446300  -  ResidentSetSize of job (KB)
...
006 (7216422.006.000) 09/16 12:28:21 Image size of job updated: 2101672
	1418  -  MemoryUsage of job (MB)
	1451448  -  ResidentSetSize of job (KB)
...
006 (7216422.006.000) 09/16 12:33:21 Image size of job updated: 2101672
	1422  -  MemoryUsage of job (MB)
	1455528  -  ResidentSetSize of job (KB)
...
006 (7216422.006.000) 09/16 12:38:22 Image size of job updated: 2101672
	1424  -  MemoryUsage of job (MB)
	1457540  -  ResidentSetSize of job (KB)
...
006 (7216422.006.000) 09/16 12:43:22 Image size of job updated: 2101672
	1425  -  MemoryUsage of job (MB)
	1458600  -  ResidentSetSize of job (KB)
...
006 (7216422.006.000) 09/16 12:48:23 Image size of job updated: 2101672
	1426  -  MemoryUsage of job (MB)
	1459632  -  ResidentSetSize of job (KB)
...
006 (7216422.006.000) 09/16 14:58:36 Image size of job updated: 2354724
	1541  -  MemoryUsage of job (MB)
	1577256  -  ResidentSetSize of job (KB)
...
006 (7216422.006.000) 09/16 15:03:36 Image size of job updated: 2525896
	1689  -  MemoryUsage of job (MB)
	1729400  -  ResidentSetSize of job (KB)
...
006 (7216422.006.000) 09/16 15:18:38 Image size of job updated: 2525896
	1717  -  MemoryUsage of job (MB)
	1757268  -  ResidentSetSize of job (KB)
...
006 (7216422.006.000) 09/16 15:23:38 Image size of job updated: 2525896
	1756  -  MemoryUsage of job (MB)
	1797304  -  ResidentSetSize of job (KB)
...
006 (7216422.006.000) 09/16 15:28:39 Image size of job updated: 2525896
	1768  -  MemoryUsage of job (MB)
	1810020  -  ResidentSetSize of job (KB)
...
006 (7216422.006.000) 09/16 15:33:40 Image size of job updated: 2525896
	1787  -  MemoryUsage of job (MB)
	1828868  -  ResidentSetSize of job (KB)
...
006 (7216422.006.000) 09/16 15:38:40 Image size of job updated: 2805680
	2718  -  MemoryUsage of job (MB)
	2783164  -  ResidentSetSize of job (KB)
...
006 (7216422.006.000) 09/16 15:43:41 Image size of job updated: 2981620
	2718  -  MemoryUsage of job (MB)
	2783164  -  ResidentSetSize of job (KB)
...
006 (7216422.006.000) 09/16 15:48:41 Image size of job updated: 2996692
	2718  -  MemoryUsage of job (MB)
	2783164  -  ResidentSetSize of job (KB)
...
006 (7216422.006.000) 09/16 15:53:42 Image size of job updated: 3072052
	2718  -  MemoryUsage of job (MB)
	2783164  -  ResidentSetSize of job (KB)
...
006 (7216422.006.000) 09/16 16:03:43 Image size of job updated: 3222040
	2796  -  MemoryUsage of job (MB)
	2862708  -  ResidentSetSize of job (KB)
...
006 (7216422.006.000) 09/16 16:08:44 Image size of job updated: 3285784
	2803  -  MemoryUsage of job (MB)
	2870132  -  ResidentSetSize of job (KB)
...
006 (7216422.006.000) 09/16 16:13:44 Image size of job updated: 3384060
	2852  -  MemoryUsage of job (MB)
	2920104  -  ResidentSetSize of job (KB)
...
006 (7216422.006.000) 09/16 16:23:45 Image size of job updated: 3442876
	2852  -  MemoryUsage of job (MB)
	2920104  -  ResidentSetSize of job (KB)
...
006 (7216422.006.000) 09/16 16:28:46 Image size of job updated: 3516404
	2852  -  MemoryUsage of job (MB)
	2920104  -  ResidentSetSize of job (KB)
...
006 (7216422.006.000) 09/16 16:33:47 Image size of job updated: 3632204
	3419  -  MemoryUsage of job (MB)
	3500224  -  ResidentSetSize of job (KB)
...
006 (7216422.006.000) 09/16 16:38:47 Image size of job updated: 3697112
	3510  -  MemoryUsage of job (MB)
	3594228  -  ResidentSetSize of job (KB)
...
006 (7216422.006.000) 09/16 16:43:48 Image size of job updated: 3730676
	3510  -  MemoryUsage of job (MB)
	3594228  -  ResidentSetSize of job (KB)
...
006 (7216422.006.000) 09/16 16:53:49 Image size of job updated: 3730676
	3588  -  MemoryUsage of job (MB)
	3673496  -  ResidentSetSize of job (KB)
...
006 (7216422.006.000) 09/16 17:13:51 Image size of job updated: 3734172
	3588  -  MemoryUsage of job (MB)
	3673496  -  ResidentSetSize of job (KB)
...
006 (7216422.006.000) 09/16 17:26:32 Image size of job updated: 6335344
	3588  -  MemoryUsage of job (MB)
	3673496  -  ResidentSetSize of job (KB)
...
040 (7216422.006.000) 09/16 17:26:32 Started transferring output files
...
040 (7216422.006.000) 09/16 17:26:32 Finished transferring output files
...
005 (7216422.006.000) 09/16 17:26:32 Job terminated.
	(1) Normal termination (return value 50)
		Usr 0 05:23:08, Sys 0 00:58:01  -  Run Remote Usage
		Usr 0 00:00:00, Sys 0 00:00:00  -  Run Local Usage
		Usr 0 05:23:08, Sys 0 00:58:01  -  Total Remote Usage
		Usr 0 00:00:00, Sys 0 00:00:00  -  Total Local Usage
	130846  -  Run Bytes Sent By Job
	2974  -  Run Bytes Received By Job
	130846  -  Total Bytes Sent By Job
	2974  -  Total Bytes Received By Job
	Partitionable Resources :      Usage  Request Allocated Assigned
	   Cpus                 :       1.00        1         1 
	   Disk (KB)            : 1993960           3    303655 
	   Gpus (Average)       :       0.13        1         1 "GPU-47e13020"
	   GpusMemory (MB)      :    3143                       
	   Memory (MB)          :    3588        2000      2000 

	Job terminated of its own accord at 2024-09-16T15:26:32Z with exit-code 50.
...
