000 (7186273.002.000) 08/22 15:33:12 Job submitted from host: <137.138.44.55:9618?addrs=137.138.44.55-9618+[2001-1458-d00-1a--48]-9618&alias=bigbird17.cern.ch&noUDP&sock=schedd_23962_8474>
...
040 (7186273.002.000) 08/22 16:23:20 Started transferring input files
	Transferring to host: <128.142.248.214:9618?addrs=128.142.248.214-9618+[2001-1458-301-73--100-d5]-9618&alias=b9g23p2447.cern.ch&noUDP&sock=slot1_9_2572410_4e57_17644>
...
040 (7186273.002.000) 08/22 16:23:20 Finished transferring input files
...
001 (7186273.002.000) 08/22 16:23:21 Job executing on host: <128.142.248.214:9618?addrs=128.142.248.214-9618+[2001-1458-301-73--100-d5]-9618&alias=b9g23p2447.cern.ch&noUDP&sock=startd_3197_745e>
	SlotName: slot1_9@b9g23p2447.cern.ch
	CondorScratchDir = "/pool/condor/dir_2416304"
	Cpus = 1
	Disk = 2952098
	Memory = 2000
...
006 (7186273.002.000) 08/22 16:23:33 Image size of job updated: 269652
	264  -  MemoryUsage of job (MB)
	269608  -  ResidentSetSize of job (KB)
...
006 (7186273.002.000) 08/22 16:28:33 Image size of job updated: 2258044
	2205  -  MemoryUsage of job (MB)
	2257288  -  ResidentSetSize of job (KB)
...
006 (7186273.002.000) 08/22 16:33:33 Image size of job updated: 3535800
	3453  -  MemoryUsage of job (MB)
	3535800  -  ResidentSetSize of job (KB)
...
006 (7186273.002.000) 08/22 16:38:34 Image size of job updated: 3788192
	3700  -  MemoryUsage of job (MB)
	3788192  -  ResidentSetSize of job (KB)
...
006 (7186273.002.000) 08/22 16:43:34 Image size of job updated: 4028116
	3934  -  MemoryUsage of job (MB)
	4028116  -  ResidentSetSize of job (KB)
...
006 (7186273.002.000) 08/22 16:44:31 Image size of job updated: 4057256
	3934  -  MemoryUsage of job (MB)
	4028372  -  ResidentSetSize of job (KB)
...
040 (7186273.002.000) 08/22 16:44:31 Started transferring output files
...
040 (7186273.002.000) 08/22 16:44:31 Finished transferring output files
...
005 (7186273.002.000) 08/22 16:44:31 Job terminated.
	(1) Normal termination (return value 50)
		Usr 0 00:15:21, Sys 0 00:00:18  -  Run Remote Usage
		Usr 0 00:00:00, Sys 0 00:00:00  -  Run Local Usage
		Usr 0 00:15:21, Sys 0 00:00:18  -  Total Remote Usage
		Usr 0 00:00:00, Sys 0 00:00:00  -  Total Local Usage
	16092  -  Run Bytes Sent By Job
	2766  -  Run Bytes Received By Job
	16092  -  Total Bytes Sent By Job
	2766  -  Total Bytes Received By Job
	Partitionable Resources :     Usage  Request Allocated 
	   Cpus                 :      0.99        1         1 
	   Disk (KB)            : 822285           3   2952098 
	   Memory (MB)          :   3934        2000      2000 

	Job terminated of its own accord at 2024-08-22T14:44:31Z with exit-code 50.
...
