000 (7186273.000.000) 08/22 15:33:12 Job submitted from host: <137.138.44.55:9618?addrs=137.138.44.55-9618+[2001-1458-d00-1a--48]-9618&alias=bigbird17.cern.ch&noUDP&sock=schedd_23962_8474>
...
040 (7186273.000.000) 08/22 16:22:36 Started transferring input files
	Transferring to host: <128.142.248.94:9618?addrs=128.142.248.94-9618+[2001-1458-301-73--100-14e]-9618&alias=b9g23p2790.cern.ch&noUDP&sock=slot1_51_5757_13c3_4892>
...
040 (7186273.000.000) 08/22 16:22:36 Finished transferring input files
...
001 (7186273.000.000) 08/22 16:22:37 Job executing on host: <128.142.248.94:9618?addrs=128.142.248.94-9618+[2001-1458-301-73--100-14e]-9618&alias=b9g23p2790.cern.ch&noUDP&sock=startd_4576_5577>
	SlotName: slot1_51@b9g23p2790.cern.ch
	CondorScratchDir = "/pool/condor/dir_2207366"
	Cpus = 1
	Disk = 2961844
	Memory = 2000
...
006 (7186273.000.000) 08/22 16:22:46 Image size of job updated: 397148
	388  -  MemoryUsage of job (MB)
	397148  -  ResidentSetSize of job (KB)
...
006 (7186273.000.000) 08/22 16:27:47 Image size of job updated: 3451512
	3371  -  MemoryUsage of job (MB)
	3451276  -  ResidentSetSize of job (KB)
...
006 (7186273.000.000) 08/22 16:32:47 Image size of job updated: 3723212
	3636  -  MemoryUsage of job (MB)
	3723212  -  ResidentSetSize of job (KB)
...
006 (7186273.000.000) 08/22 16:37:48 Image size of job updated: 3994420
	3901  -  MemoryUsage of job (MB)
	3994420  -  ResidentSetSize of job (KB)
...
006 (7186273.000.000) 08/22 16:39:23 Image size of job updated: 4054644
	3901  -  MemoryUsage of job (MB)
	3994420  -  ResidentSetSize of job (KB)
...
040 (7186273.000.000) 08/22 16:39:23 Started transferring output files
...
040 (7186273.000.000) 08/22 16:39:23 Finished transferring output files
...
005 (7186273.000.000) 08/22 16:39:23 Job terminated.
	(1) Normal termination (return value 50)
		Usr 0 00:13:43, Sys 0 00:00:19  -  Run Remote Usage
		Usr 0 00:00:00, Sys 0 00:00:00  -  Run Local Usage
		Usr 0 00:13:43, Sys 0 00:00:19  -  Total Remote Usage
		Usr 0 00:00:00, Sys 0 00:00:00  -  Total Local Usage
	16085  -  Run Bytes Sent By Job
	2766  -  Run Bytes Received By Job
	16085  -  Total Bytes Sent By Job
	2766  -  Total Bytes Received By Job
	Partitionable Resources :     Usage  Request Allocated 
	   Cpus                 :      0.85        1         1 
	   Disk (KB)            : 822284           3   2961844 
	   Memory (MB)          :   3901        2000      2000 

	Job terminated of its own accord at 2024-08-22T14:39:23Z with exit-code 50.
...
