000 (7186295.000.000) 08/22 15:33:30 Job submitted from host: <137.138.44.55:9618?addrs=137.138.44.55-9618+[2001-1458-d00-1a--48]-9618&alias=bigbird17.cern.ch&noUDP&sock=schedd_23962_8474>
...
040 (7186295.000.000) 08/22 22:31:18 Started transferring input files
	Transferring to host: <188.185.92.94:9618?addrs=188.185.92.94-9618+[2001-1458-d00-6c--100-91]-9618&alias=b9g57n5555.cern.ch&noUDP&sock=slot1_1_17435_48de_106035>
...
040 (7186295.000.000) 08/22 22:31:18 Finished transferring input files
...
001 (7186295.000.000) 08/22 22:31:19 Job executing on host: <188.185.92.94:9618?addrs=188.185.92.94-9618+[2001-1458-d00-6c--100-91]-9618&alias=b9g57n5555.cern.ch&noUDP&sock=startd_17379_207f>
	SlotName: slot1_1@b9g57n5555.cern.ch
	AvailableGPUs = { GPUs_GPU_c25adc0c }
	CondorScratchDir = "/pool/condor/dir_4026815"
	Cpus = 1
	Disk = 325144
	GPUs = 1
	GPUs_GPU_c25adc0c = [ GlobalMemoryMb = 40326; MaxSupportedVersion = 12040; DriverVersion = 12.4; DeviceUuid = "c25adc0c-f079-799e-ebde-bae2b8d3b142"; DeviceName = "NVIDIA A100-PCIE-40GB"; CoresPerCU = 64; ECCEnabled = true; ComputeUnits = 108; ClockMhz = 1410.0; Id = "GPU-c25adc0c"; DevicePciBusId = "0000:06:00.0"; Capability = 8.0 ]
	Memory = 2000
...
006 (7186295.000.000) 08/22 22:31:28 Image size of job updated: 513044
	298  -  MemoryUsage of job (MB)
	304848  -  ResidentSetSize of job (KB)
...
006 (7186295.000.000) 08/22 22:34:58 Image size of job updated: 3542888
	337  -  MemoryUsage of job (MB)
	344656  -  ResidentSetSize of job (KB)
...
040 (7186295.000.000) 08/22 22:34:58 Started transferring output files
...
040 (7186295.000.000) 08/22 22:34:58 Finished transferring output files
...
005 (7186295.000.000) 08/22 22:34:58 Job terminated.
	(1) Normal termination (return value 0)
		Usr 0 00:02:31, Sys 0 00:00:43  -  Run Remote Usage
		Usr 0 00:00:00, Sys 0 00:00:00  -  Run Local Usage
		Usr 0 00:02:31, Sys 0 00:00:43  -  Total Remote Usage
		Usr 0 00:00:00, Sys 0 00:00:00  -  Total Local Usage
	15436  -  Run Bytes Sent By Job
	2767  -  Run Bytes Received By Job
	15436  -  Total Bytes Sent By Job
	2767  -  Total Bytes Received By Job
	Partitionable Resources :    Usage  Request Allocated Assigned
	   Cpus                 :                 1         1 
	   Disk (KB)            :   316812        3    325144 
	   Gpus (Average)       :                 1         1 "GPU-c25adc0c"
	   Memory (MB)          :      337     2000      2000 

	Job terminated of its own accord at 2024-08-22T20:34:58Z with exit-code 0.
...
