000 (7234697.005.000) 10/04 05:18:51 Job submitted from host: <137.138.44.55:9618?addrs=137.138.44.55-9618+[2001-1458-d00-1a--48]-9618&alias=bigbird17.cern.ch&noUDP&sock=schedd_1981_6134>
...
040 (7234697.005.000) 10/04 05:19:38 Started transferring input files
	Transferring to host: <188.185.238.10:9618?addrs=188.185.238.10-9618+[2001-1458-303-28--100-6]-9618&alias=b9pgpun002.cern.ch&noUDP&sock=slot1_3_1420705_f206_27059>
...
040 (7234697.005.000) 10/04 05:19:38 Finished transferring input files
...
001 (7234697.005.000) 10/04 05:19:39 Job executing on host: <188.185.238.10:9618?addrs=188.185.238.10-9618+[2001-1458-303-28--100-6]-9618&alias=b9pgpun002.cern.ch&noUDP&sock=startd_600104_020a>
	SlotName: slot1_3@b9pgpun002.cern.ch
	AvailableGPUs = { GPUs_GPU_9da60805 }
	CondorScratchDir = "/pool/condor/dir_2700788"
	Cpus = 1
	Disk = 6850222
	GPUs = 1
	GPUs_GPU_9da60805 = [ GlobalMemoryMb = 95235; MaxSupportedVersion = 12040; DriverVersion = 12.4; DeviceName = "NVIDIA H100 NVL"; CoresPerCU = 128; ECCEnabled = true; ComputeUnits = 132; ClockMhz = 1785.0; Id = "GPU-9da60805"; Capability = 9.0; DevicePciBusId = "0000:AD:00.0"; DeviceUuid = "9da60805-d028-0dcf-913d-840a8f174736" ]
	Memory = 2000
...
006 (7234697.005.000) 10/04 05:19:48 Image size of job updated: 1191104
	715  -  MemoryUsage of job (MB)
	731196  -  ResidentSetSize of job (KB)
...
006 (7234697.005.000) 10/04 05:24:49 Image size of job updated: 1997348
	1846  -  MemoryUsage of job (MB)
	1889292  -  ResidentSetSize of job (KB)
...
006 (7234697.005.000) 10/04 05:29:49 Image size of job updated: 2050240
	1846  -  MemoryUsage of job (MB)
	1889292  -  ResidentSetSize of job (KB)
...
006 (7234697.005.000) 10/04 05:34:51 Image size of job updated: 2086080
	1914  -  MemoryUsage of job (MB)
	1959588  -  ResidentSetSize of job (KB)
...
006 (7234697.005.000) 10/04 05:39:51 Image size of job updated: 2090036
	2015  -  MemoryUsage of job (MB)
	2063000  -  ResidentSetSize of job (KB)
...
006 (7234697.005.000) 10/04 05:44:51 Image size of job updated: 2148196
	2027  -  MemoryUsage of job (MB)
	2075336  -  ResidentSetSize of job (KB)
...
006 (7234697.005.000) 10/04 05:49:52 Image size of job updated: 2172112
	2029  -  MemoryUsage of job (MB)
	2077384  -  ResidentSetSize of job (KB)
...
006 (7234697.005.000) 10/04 05:54:52 Image size of job updated: 2314900
	2261  -  MemoryUsage of job (MB)
	2314900  -  ResidentSetSize of job (KB)
...
006 (7234697.005.000) 10/04 05:59:53 Image size of job updated: 2348696
	2261  -  MemoryUsage of job (MB)
	2314900  -  ResidentSetSize of job (KB)
...
006 (7234697.005.000) 10/04 06:04:53 Image size of job updated: 2404940
	2261  -  MemoryUsage of job (MB)
	2314900  -  ResidentSetSize of job (KB)
...
006 (7234697.005.000) 10/04 06:09:54 Image size of job updated: 2448676
	2261  -  MemoryUsage of job (MB)
	2314900  -  ResidentSetSize of job (KB)
...
006 (7234697.005.000) 10/04 06:14:55 Image size of job updated: 2480152
	2261  -  MemoryUsage of job (MB)
	2314900  -  ResidentSetSize of job (KB)
...
006 (7234697.005.000) 10/04 06:19:55 Image size of job updated: 2481888
	2261  -  MemoryUsage of job (MB)
	2314900  -  ResidentSetSize of job (KB)
...
006 (7234697.005.000) 10/04 06:24:56 Image size of job updated: 2481888
	2263  -  MemoryUsage of job (MB)
	2316320  -  ResidentSetSize of job (KB)
...
006 (7234697.005.000) 10/04 06:29:56 Image size of job updated: 2523268
	2263  -  MemoryUsage of job (MB)
	2316320  -  ResidentSetSize of job (KB)
...
006 (7234697.005.000) 10/04 06:34:57 Image size of job updated: 2523268
	2394  -  MemoryUsage of job (MB)
	2451436  -  ResidentSetSize of job (KB)
...
006 (7234697.005.000) 10/04 06:44:57 Image size of job updated: 2616988
	2394  -  MemoryUsage of job (MB)
	2451436  -  ResidentSetSize of job (KB)
...
006 (7234697.005.000) 10/04 06:49:58 Image size of job updated: 2616988
	2417  -  MemoryUsage of job (MB)
	2474800  -  ResidentSetSize of job (KB)
...
006 (7234697.005.000) 10/04 06:54:58 Image size of job updated: 2755852
	2588  -  MemoryUsage of job (MB)
	2649716  -  ResidentSetSize of job (KB)
...
006 (7234697.005.000) 10/04 06:59:59 Image size of job updated: 2790444
	2588  -  MemoryUsage of job (MB)
	2649716  -  ResidentSetSize of job (KB)
...
006 (7234697.005.000) 10/04 07:04:59 Image size of job updated: 2828220
	2588  -  MemoryUsage of job (MB)
	2649716  -  ResidentSetSize of job (KB)
...
006 (7234697.005.000) 10/04 07:10:01 Image size of job updated: 2865836
	2588  -  MemoryUsage of job (MB)
	2649716  -  ResidentSetSize of job (KB)
...
006 (7234697.005.000) 10/04 07:15:01 Image size of job updated: 2894512
	2588  -  MemoryUsage of job (MB)
	2649716  -  ResidentSetSize of job (KB)
...
006 (7234697.005.000) 10/04 07:25:02 Image size of job updated: 2894512
	2807  -  MemoryUsage of job (MB)
	2873396  -  ResidentSetSize of job (KB)
...
006 (7234697.005.000) 10/04 07:30:02 Image size of job updated: 2977304
	2807  -  MemoryUsage of job (MB)
	2873396  -  ResidentSetSize of job (KB)
...
006 (7234697.005.000) 10/04 07:35:03 Image size of job updated: 3005488
	2807  -  MemoryUsage of job (MB)
	2873396  -  ResidentSetSize of job (KB)
...
006 (7234697.005.000) 10/04 07:40:03 Image size of job updated: 3067932
	2990  -  MemoryUsage of job (MB)
	3060872  -  ResidentSetSize of job (KB)
...
006 (7234697.005.000) 10/04 07:45:03 Image size of job updated: 3219908
	2990  -  MemoryUsage of job (MB)
	3060872  -  ResidentSetSize of job (KB)
...
006 (7234697.005.000) 10/04 07:55:04 Image size of job updated: 3349172
	3166  -  MemoryUsage of job (MB)
	3240964  -  ResidentSetSize of job (KB)
...
006 (7234697.005.000) 10/04 08:00:05 Image size of job updated: 3490432
	3166  -  MemoryUsage of job (MB)
	3240964  -  ResidentSetSize of job (KB)
...
006 (7234697.005.000) 10/04 08:03:43 Image size of job updated: 3606832
	3166  -  MemoryUsage of job (MB)
	3240964  -  ResidentSetSize of job (KB)
...
040 (7234697.005.000) 10/04 08:03:43 Started transferring output files
...
040 (7234697.005.000) 10/04 08:03:43 Finished transferring output files
...
005 (7234697.005.000) 10/04 08:03:44 Job terminated.
	(1) Normal termination (return value 50)
		Usr 0 01:37:42, Sys 0 00:13:52  -  Run Remote Usage
		Usr 0 00:00:00, Sys 0 00:00:00  -  Run Local Usage
		Usr 0 01:37:42, Sys 0 00:13:52  -  Total Remote Usage
		Usr 0 00:00:00, Sys 0 00:00:00  -  Total Local Usage
	83016  -  Run Bytes Sent By Job
	2407  -  Run Bytes Received By Job
	83016  -  Total Bytes Sent By Job
	2407  -  Total Bytes Received By Job
	Partitionable Resources :     Usage  Request Allocated Assigned
	   Cpus                 :      1.00        1         1 
	   Disk (KB)            : 990919           3   6850222 
	   Gpus (Average)       :      0.04        1         1 "GPU-9da60805"
	   GpusMemory (MB)      :   3652                       
	   Memory (MB)          :   3166        2000      2000 

	Job terminated of its own accord at 2024-10-04T06:03:43Z with exit-code 50.
...
