000 (7270139.000.000) 10/11 16:09:11 Job submitted from host: <137.138.44.55:9618?addrs=137.138.44.55-9618+[2001-1458-d00-1a--48]-9618&alias=bigbird17.cern.ch&noUDP&sock=schedd_1981_6134>
...
040 (7270139.000.000) 10/11 16:10:16 Started transferring input files
	Transferring to host: <188.185.190.106:9618?addrs=188.185.190.106-9618+[2001-1458-d03-b--100-2fd]-9618&alias=b9pgpun016.cern.ch&noUDP&sock=slot1_2_253491_175d_44737>
...
040 (7270139.000.000) 10/11 16:10:16 Finished transferring input files
...
001 (7270139.000.000) 10/11 16:10:17 Job executing on host: <188.185.190.106:9618?addrs=188.185.190.106-9618+[2001-1458-d03-b--100-2fd]-9618&alias=b9pgpun016.cern.ch&noUDP&sock=startd_216310_3f20>
	SlotName: slot1_2@b9pgpun016.cern.ch
	AvailableGPUs = { GPUs_GPU_e1160f9b }
	CondorScratchDir = "/pool/condor/dir_1579433"
	Cpus = 1
	Disk = 6844008
	GPUs = 1
	GPUs_GPU_e1160f9b = [ GlobalMemoryMb = 95235; MaxSupportedVersion = 12040; DriverVersion = 12.4; DeviceName = "NVIDIA H100 NVL"; CoresPerCU = 128; ECCEnabled = true; ComputeUnits = 132; ClockMhz = 1785.0; Id = "GPU-e1160f9b"; Capability = 9.0; DevicePciBusId = "0000:3B:00.0"; DeviceUuid = "e1160f9b-d347-dd5e-18fe-85408c1d163c" ]
	Memory = 2000
...
006 (7270139.000.000) 10/11 16:10:25 Image size of job updated: 1176276
	695  -  MemoryUsage of job (MB)
	711100  -  ResidentSetSize of job (KB)
...
006 (7270139.000.000) 10/11 16:15:25 Image size of job updated: 1176276
	977  -  MemoryUsage of job (MB)
	999548  -  ResidentSetSize of job (KB)
...
006 (7270139.000.000) 10/11 16:20:26 Image size of job updated: 1891256
	1037  -  MemoryUsage of job (MB)
	1061412  -  ResidentSetSize of job (KB)
...
006 (7270139.000.000) 10/11 16:25:26 Image size of job updated: 1891256
	1088  -  MemoryUsage of job (MB)
	1114092  -  ResidentSetSize of job (KB)
...
006 (7270139.000.000) 10/11 16:30:26 Image size of job updated: 2137200
	1223  -  MemoryUsage of job (MB)
	1251464  -  ResidentSetSize of job (KB)
...
006 (7270139.000.000) 10/11 16:35:27 Image size of job updated: 2258112
	2140  -  MemoryUsage of job (MB)
	2191008  -  ResidentSetSize of job (KB)
...
006 (7270139.000.000) 10/11 16:40:27 Image size of job updated: 2328632
	2163  -  MemoryUsage of job (MB)
	2214692  -  ResidentSetSize of job (KB)
...
006 (7270139.000.000) 10/11 16:45:29 Image size of job updated: 2436204
	2268  -  MemoryUsage of job (MB)
	2322232  -  ResidentSetSize of job (KB)
...
006 (7270139.000.000) 10/11 16:50:29 Image size of job updated: 2571104
	2268  -  MemoryUsage of job (MB)
	2322232  -  ResidentSetSize of job (KB)
...
006 (7270139.000.000) 10/11 16:55:29 Image size of job updated: 2753444
	2616  -  MemoryUsage of job (MB)
	2678020  -  ResidentSetSize of job (KB)
...
006 (7270139.000.000) 10/11 17:00:30 Image size of job updated: 3049756
	2616  -  MemoryUsage of job (MB)
	2678020  -  ResidentSetSize of job (KB)
...
006 (7270139.000.000) 10/11 17:05:30 Image size of job updated: 3164396
	2724  -  MemoryUsage of job (MB)
	2788564  -  ResidentSetSize of job (KB)
...
006 (7270139.000.000) 10/11 17:10:31 Image size of job updated: 3441648
	3250  -  MemoryUsage of job (MB)
	3327532  -  ResidentSetSize of job (KB)
...
006 (7270139.000.000) 10/11 17:15:31 Image size of job updated: 3595664
	3250  -  MemoryUsage of job (MB)
	3327532  -  ResidentSetSize of job (KB)
...
006 (7270139.000.000) 10/11 17:20:31 Image size of job updated: 3847316
	3752  -  MemoryUsage of job (MB)
	3841788  -  ResidentSetSize of job (KB)
...
006 (7270139.000.000) 10/11 17:25:32 Image size of job updated: 4009632
	3752  -  MemoryUsage of job (MB)
	3841788  -  ResidentSetSize of job (KB)
...
006 (7270139.000.000) 10/11 17:30:32 Image size of job updated: 4400640
	4195  -  MemoryUsage of job (MB)
	4294768  -  ResidentSetSize of job (KB)
...
006 (7270139.000.000) 10/11 17:35:33 Image size of job updated: 4683804
	4573  -  MemoryUsage of job (MB)
	4681996  -  ResidentSetSize of job (KB)
...
006 (7270139.000.000) 10/11 17:40:33 Image size of job updated: 5069004
	4844  -  MemoryUsage of job (MB)
	4960060  -  ResidentSetSize of job (KB)
...
006 (7270139.000.000) 10/11 17:45:35 Image size of job updated: 5124424
	4844  -  MemoryUsage of job (MB)
	4960060  -  ResidentSetSize of job (KB)
...
006 (7270139.000.000) 10/11 17:50:35 Image size of job updated: 5129388
	4844  -  MemoryUsage of job (MB)
	4960060  -  ResidentSetSize of job (KB)
...
006 (7270139.000.000) 10/11 17:55:35 Image size of job updated: 5284544
	5160  -  MemoryUsage of job (MB)
	5282860  -  ResidentSetSize of job (KB)
...
006 (7270139.000.000) 10/11 17:58:10 Image size of job updated: 6061464
	5160  -  MemoryUsage of job (MB)
	5282860  -  ResidentSetSize of job (KB)
...
040 (7270139.000.000) 10/11 17:58:10 Started transferring output files
...
040 (7270139.000.000) 10/11 17:58:10 Finished transferring output files
...
005 (7270139.000.000) 10/11 17:58:11 Job terminated.
	(1) Normal termination (return value 50)
		Usr 0 01:10:29, Sys 0 00:11:53  -  Run Remote Usage
		Usr 0 00:00:00, Sys 0 00:00:00  -  Run Local Usage
		Usr 0 01:10:29, Sys 0 00:11:53  -  Total Remote Usage
		Usr 0 00:00:00, Sys 0 00:00:00  -  Total Local Usage
	83016  -  Run Bytes Sent By Job
	2407  -  Run Bytes Received By Job
	83016  -  Total Bytes Sent By Job
	2407  -  Total Bytes Received By Job
	Partitionable Resources :     Usage  Request Allocated Assigned
	   Cpus                 :      1.10        1         1 
	   Disk (KB)            : 996172           3   6844008 
	   Gpus (Average)       :      0.07        1         1 "GPU-e1160f9b"
	   GpusMemory (MB)      :   3664                       
	   Memory (MB)          :   5160        2000      2000 

	Job terminated of its own accord at 2024-10-11T15:58:10Z with exit-code 50.
...
