000 (7234697.003.000) 10/04 05:18:51 Job submitted from host: <137.138.44.55:9618?addrs=137.138.44.55-9618+[2001-1458-d00-1a--48]-9618&alias=bigbird17.cern.ch&noUDP&sock=schedd_1981_6134>
...
040 (7234697.003.000) 10/04 05:19:38 Started transferring input files
	Transferring to host: <188.185.238.10:9618?addrs=188.185.238.10-9618+[2001-1458-303-28--100-6]-9618&alias=b9pgpun002.cern.ch&noUDP&sock=slot1_2_1420705_f206_27058>
...
040 (7234697.003.000) 10/04 05:19:38 Finished transferring input files
...
001 (7234697.003.000) 10/04 05:19:39 Job executing on host: <188.185.238.10:9618?addrs=188.185.238.10-9618+[2001-1458-303-28--100-6]-9618&alias=b9pgpun002.cern.ch&noUDP&sock=startd_600104_020a>
	SlotName: slot1_2@b9pgpun002.cern.ch
	AvailableGPUs = { GPUs_GPU_195dba93 }
	CondorScratchDir = "/pool/condor/dir_2700787"
	Cpus = 1
	Disk = 6850222
	GPUs = 1
	GPUs_GPU_195dba93 = [ GlobalMemoryMb = 95235; MaxSupportedVersion = 12040; DriverVersion = 12.4; DeviceName = "NVIDIA H100 NVL"; CoresPerCU = 128; ECCEnabled = true; ComputeUnits = 132; ClockMhz = 1785.0; Id = "GPU-195dba93"; Capability = 9.0; DevicePciBusId = "0000:3B:00.0"; DeviceUuid = "195dba93-e951-b119-dea3-1f3b18bdda48" ]
	Memory = 2000
...
006 (7234697.003.000) 10/04 05:19:48 Image size of job updated: 1175612
	693  -  MemoryUsage of job (MB)
	709612  -  ResidentSetSize of job (KB)
...
006 (7234697.003.000) 10/04 05:24:49 Image size of job updated: 2118824
	1952  -  MemoryUsage of job (MB)
	1998228  -  ResidentSetSize of job (KB)
...
006 (7234697.003.000) 10/04 05:29:49 Image size of job updated: 2119008
	1952  -  MemoryUsage of job (MB)
	1998228  -  ResidentSetSize of job (KB)
...
006 (7234697.003.000) 10/04 05:34:50 Image size of job updated: 2133168
	1952  -  MemoryUsage of job (MB)
	1998228  -  ResidentSetSize of job (KB)
...
006 (7234697.003.000) 10/04 05:39:51 Image size of job updated: 2266284
	1978  -  MemoryUsage of job (MB)
	2025160  -  ResidentSetSize of job (KB)
...
006 (7234697.003.000) 10/04 05:54:52 Image size of job updated: 2349696
	2288  -  MemoryUsage of job (MB)
	2342064  -  ResidentSetSize of job (KB)
...
006 (7234697.003.000) 10/04 05:59:54 Image size of job updated: 2463772
	2288  -  MemoryUsage of job (MB)
	2342064  -  ResidentSetSize of job (KB)
...
006 (7234697.003.000) 10/04 06:04:54 Image size of job updated: 2496680
	2439  -  MemoryUsage of job (MB)
	2496636  -  ResidentSetSize of job (KB)
...
006 (7234697.003.000) 10/04 06:09:54 Image size of job updated: 2556564
	2439  -  MemoryUsage of job (MB)
	2496636  -  ResidentSetSize of job (KB)
...
006 (7234697.003.000) 10/04 06:14:55 Image size of job updated: 2556564
	2476  -  MemoryUsage of job (MB)
	2534668  -  ResidentSetSize of job (KB)
...
006 (7234697.003.000) 10/04 06:19:55 Image size of job updated: 2610228
	2476  -  MemoryUsage of job (MB)
	2534668  -  ResidentSetSize of job (KB)
...
006 (7234697.003.000) 10/04 06:24:57 Image size of job updated: 2719000
	2476  -  MemoryUsage of job (MB)
	2534668  -  ResidentSetSize of job (KB)
...
006 (7234697.003.000) 10/04 06:29:57 Image size of job updated: 2770504
	2476  -  MemoryUsage of job (MB)
	2534668  -  ResidentSetSize of job (KB)
...
006 (7234697.003.000) 10/04 06:39:58 Image size of job updated: 2890200
	2742  -  MemoryUsage of job (MB)
	2807444  -  ResidentSetSize of job (KB)
...
006 (7234697.003.000) 10/04 06:44:58 Image size of job updated: 2930640
	2742  -  MemoryUsage of job (MB)
	2807444  -  ResidentSetSize of job (KB)
...
006 (7234697.003.000) 10/04 06:49:59 Image size of job updated: 2953164
	2742  -  MemoryUsage of job (MB)
	2807444  -  ResidentSetSize of job (KB)
...
006 (7234697.003.000) 10/04 06:54:59 Image size of job updated: 3033056
	2742  -  MemoryUsage of job (MB)
	2807444  -  ResidentSetSize of job (KB)
...
006 (7234697.003.000) 10/04 06:59:59 Image size of job updated: 3159008
	2742  -  MemoryUsage of job (MB)
	2807444  -  ResidentSetSize of job (KB)
...
006 (7234697.003.000) 10/04 07:05:00 Image size of job updated: 3286084
	2999  -  MemoryUsage of job (MB)
	3070964  -  ResidentSetSize of job (KB)
...
006 (7234697.003.000) 10/04 07:10:00 Image size of job updated: 3286528
	2999  -  MemoryUsage of job (MB)
	3070964  -  ResidentSetSize of job (KB)
...
006 (7234697.003.000) 10/04 07:15:01 Image size of job updated: 3396224
	2999  -  MemoryUsage of job (MB)
	3070964  -  ResidentSetSize of job (KB)
...
006 (7234697.003.000) 10/04 07:20:01 Image size of job updated: 3509560
	3322  -  MemoryUsage of job (MB)
	3400872  -  ResidentSetSize of job (KB)
...
006 (7234697.003.000) 10/04 07:25:03 Image size of job updated: 3522560
	3322  -  MemoryUsage of job (MB)
	3400872  -  ResidentSetSize of job (KB)
...
006 (7234697.003.000) 10/04 07:45:04 Image size of job updated: 3559900
	3322  -  MemoryUsage of job (MB)
	3400872  -  ResidentSetSize of job (KB)
...
006 (7234697.003.000) 10/04 07:50:05 Image size of job updated: 3619392
	3530  -  MemoryUsage of job (MB)
	3614520  -  ResidentSetSize of job (KB)
...
006 (7234697.003.000) 10/04 07:55:05 Image size of job updated: 3708996
	3530  -  MemoryUsage of job (MB)
	3614520  -  ResidentSetSize of job (KB)
...
006 (7234697.003.000) 10/04 08:00:05 Image size of job updated: 3736872
	3530  -  MemoryUsage of job (MB)
	3614520  -  ResidentSetSize of job (KB)
...
006 (7234697.003.000) 10/04 08:05:06 Image size of job updated: 3867648
	3530  -  MemoryUsage of job (MB)
	3614520  -  ResidentSetSize of job (KB)
...
006 (7234697.003.000) 10/04 08:10:06 Image size of job updated: 4057228
	3530  -  MemoryUsage of job (MB)
	3614520  -  ResidentSetSize of job (KB)
...
006 (7234697.003.000) 10/04 08:15:07 Image size of job updated: 4069872
	3918  -  MemoryUsage of job (MB)
	4011200  -  ResidentSetSize of job (KB)
...
006 (7234697.003.000) 10/04 08:16:05 Image size of job updated: 4194664
	3918  -  MemoryUsage of job (MB)
	4011456  -  ResidentSetSize of job (KB)
...
040 (7234697.003.000) 10/04 08:16:05 Started transferring output files
...
040 (7234697.003.000) 10/04 08:16:05 Finished transferring output files
...
005 (7234697.003.000) 10/04 08:16:05 Job terminated.
	(1) Normal termination (return value 50)
		Usr 0 01:46:55, Sys 0 00:14:09  -  Run Remote Usage
		Usr 0 00:00:00, Sys 0 00:00:00  -  Run Local Usage
		Usr 0 01:46:55, Sys 0 00:14:09  -  Total Remote Usage
		Usr 0 00:00:00, Sys 0 00:00:00  -  Total Local Usage
	83016  -  Run Bytes Sent By Job
	2407  -  Run Bytes Received By Job
	83016  -  Total Bytes Sent By Job
	2407  -  Total Bytes Received By Job
	Partitionable Resources :     Usage  Request Allocated Assigned
	   Cpus                 :      1.00        1         1 
	   Disk (KB)            : 990919           3   6850222 
	   Gpus (Average)       :      0.04        1         1 "GPU-195dba93"
	   GpusMemory (MB)      :   3652                       
	   Memory (MB)          :   3918        2000      2000 

	Job terminated of its own accord at 2024-10-04T06:16:05Z with exit-code 50.
...
