000 (7234701.002.000) 10/04 05:18:58 Job submitted from host: <137.138.44.55:9618?addrs=137.138.44.55-9618+[2001-1458-d00-1a--48]-9618&alias=bigbird17.cern.ch&noUDP&sock=schedd_1981_6134>
...
040 (7234701.002.000) 10/04 09:02:29 Started transferring input files
	Transferring to host: <188.185.190.107:9618?addrs=188.185.190.107-9618+[2001-1458-d03-b--100-2fe]-9618&alias=b9pgpun013.cern.ch&noUDP&sock=slot1_4_223718_51c2_35955>
...
040 (7234701.002.000) 10/04 09:02:29 Finished transferring input files
...
001 (7234701.002.000) 10/04 09:02:30 Job executing on host: <188.185.190.107:9618?addrs=188.185.190.107-9618+[2001-1458-d03-b--100-2fe]-9618&alias=b9pgpun013.cern.ch&noUDP&sock=startd_204990_ab0b>
	SlotName: slot1_4@b9pgpun013.cern.ch
	AvailableGPUs = { GPUs_GPU_49a3c76d }
	CondorScratchDir = "/pool/condor/dir_1806898"
	Cpus = 1
	Disk = 6863512
	GPUs = 1
	GPUs_GPU_49a3c76d = [ GlobalMemoryMb = 95235; MaxSupportedVersion = 12040; DriverVersion = 12.4; DeviceName = "NVIDIA H100 NVL"; CoresPerCU = 128; ECCEnabled = true; ComputeUnits = 132; ClockMhz = 1785.0; Id = "GPU-49a3c76d"; Capability = 9.0; DevicePciBusId = "0000:AE:00.0"; DeviceUuid = "49a3c76d-089b-8e94-1c4a-b0c322ed2738" ]
	Memory = 2000
...
006 (7234701.002.000) 10/04 09:02:39 Image size of job updated: 1162712
	677  -  MemoryUsage of job (MB)
	692936  -  ResidentSetSize of job (KB)
...
006 (7234701.002.000) 10/04 09:07:39 Image size of job updated: 1907472
	1671  -  MemoryUsage of job (MB)
	1710116  -  ResidentSetSize of job (KB)
...
006 (7234701.002.000) 10/04 09:12:39 Image size of job updated: 1965608
	1706  -  MemoryUsage of job (MB)
	1746468  -  ResidentSetSize of job (KB)
...
006 (7234701.002.000) 10/04 09:17:40 Image size of job updated: 2058884
	1706  -  MemoryUsage of job (MB)
	1746468  -  ResidentSetSize of job (KB)
...
006 (7234701.002.000) 10/04 09:22:40 Image size of job updated: 2160220
	1706  -  MemoryUsage of job (MB)
	1746468  -  ResidentSetSize of job (KB)
...
006 (7234701.002.000) 10/04 09:27:41 Image size of job updated: 2160220
	1937  -  MemoryUsage of job (MB)
	1982756  -  ResidentSetSize of job (KB)
...
006 (7234701.002.000) 10/04 09:32:41 Image size of job updated: 2202912
	2047  -  MemoryUsage of job (MB)
	2095996  -  ResidentSetSize of job (KB)
...
006 (7234701.002.000) 10/04 09:37:42 Image size of job updated: 2282408
	2210  -  MemoryUsage of job (MB)
	2262748  -  ResidentSetSize of job (KB)
...
006 (7234701.002.000) 10/04 09:42:43 Image size of job updated: 2328360
	2210  -  MemoryUsage of job (MB)
	2262748  -  ResidentSetSize of job (KB)
...
006 (7234701.002.000) 10/04 09:52:44 Image size of job updated: 2410084
	2210  -  MemoryUsage of job (MB)
	2262748  -  ResidentSetSize of job (KB)
...
006 (7234701.002.000) 10/04 09:57:44 Image size of job updated: 2470132
	2210  -  MemoryUsage of job (MB)
	2262748  -  ResidentSetSize of job (KB)
...
006 (7234701.002.000) 10/04 10:02:46 Image size of job updated: 2481524
	2210  -  MemoryUsage of job (MB)
	2262748  -  ResidentSetSize of job (KB)
...
006 (7234701.002.000) 10/04 10:07:46 Image size of job updated: 2529928
	2210  -  MemoryUsage of job (MB)
	2262748  -  ResidentSetSize of job (KB)
...
006 (7234701.002.000) 10/04 11:47:55 Image size of job updated: 2529928
	2210  -  MemoryUsage of job (MB)
	2262896  -  ResidentSetSize of job (KB)
...
006 (7234701.002.000) 10/04 11:52:56 Image size of job updated: 2529928
	2213  -  MemoryUsage of job (MB)
	2265448  -  ResidentSetSize of job (KB)
...
006 (7234701.002.000) 10/04 11:57:56 Image size of job updated: 2529928
	2215  -  MemoryUsage of job (MB)
	2268004  -  ResidentSetSize of job (KB)
...
006 (7234701.002.000) 10/04 13:58:09 Image size of job updated: 2529928
	2273  -  MemoryUsage of job (MB)
	2327204  -  ResidentSetSize of job (KB)
...
006 (7234701.002.000) 10/04 14:38:15 Image size of job updated: 2529928
	2288  -  MemoryUsage of job (MB)
	2342804  -  ResidentSetSize of job (KB)
...
006 (7234701.002.000) 10/04 14:48:15 Image size of job updated: 2529928
	2356  -  MemoryUsage of job (MB)
	2411596  -  ResidentSetSize of job (KB)
...
006 (7234701.002.000) 10/04 14:53:16 Image size of job updated: 2529928
	2396  -  MemoryUsage of job (MB)
	2453480  -  ResidentSetSize of job (KB)
...
006 (7234701.002.000) 10/04 14:58:16 Image size of job updated: 2529928
	2442  -  MemoryUsage of job (MB)
	2499856  -  ResidentSetSize of job (KB)
...
006 (7234701.002.000) 10/04 15:03:17 Image size of job updated: 2583928
	2442  -  MemoryUsage of job (MB)
	2499856  -  ResidentSetSize of job (KB)
...
006 (7234701.002.000) 10/04 15:08:17 Image size of job updated: 2583928
	2464  -  MemoryUsage of job (MB)
	2523040  -  ResidentSetSize of job (KB)
...
006 (7234701.002.000) 10/04 15:13:19 Image size of job updated: 2583928
	2465  -  MemoryUsage of job (MB)
	2523296  -  ResidentSetSize of job (KB)
...
006 (7234701.002.000) 10/04 15:23:19 Image size of job updated: 2583928
	2469  -  MemoryUsage of job (MB)
	2528036  -  ResidentSetSize of job (KB)
...
006 (7234701.002.000) 10/04 15:28:20 Image size of job updated: 2583928
	2477  -  MemoryUsage of job (MB)
	2535952  -  ResidentSetSize of job (KB)
...
006 (7234701.002.000) 10/04 15:33:20 Image size of job updated: 2583928
	2509  -  MemoryUsage of job (MB)
	2568688  -  ResidentSetSize of job (KB)
...
006 (7234701.002.000) 10/04 15:38:21 Image size of job updated: 2647564
	2557  -  MemoryUsage of job (MB)
	2617960  -  ResidentSetSize of job (KB)
...
006 (7234701.002.000) 10/04 15:43:21 Image size of job updated: 2711044
	2628  -  MemoryUsage of job (MB)
	2690664  -  ResidentSetSize of job (KB)
...
006 (7234701.002.000) 10/04 15:48:22 Image size of job updated: 2732404
	2649  -  MemoryUsage of job (MB)
	2711772  -  ResidentSetSize of job (KB)
...
006 (7234701.002.000) 10/04 15:53:23 Image size of job updated: 2741444
	2668  -  MemoryUsage of job (MB)
	2731332  -  ResidentSetSize of job (KB)
...
006 (7234701.002.000) 10/04 15:58:23 Image size of job updated: 2806144
	2732  -  MemoryUsage of job (MB)
	2797408  -  ResidentSetSize of job (KB)
...
006 (7234701.002.000) 10/04 16:03:24 Image size of job updated: 2865884
	2751  -  MemoryUsage of job (MB)
	2816140  -  ResidentSetSize of job (KB)
...
006 (7234701.002.000) 10/04 16:08:24 Image size of job updated: 2945200
	2845  -  MemoryUsage of job (MB)
	2913088  -  ResidentSetSize of job (KB)
...
006 (7234701.002.000) 10/04 16:13:25 Image size of job updated: 3144848
	3067  -  MemoryUsage of job (MB)
	3140360  -  ResidentSetSize of job (KB)
...
006 (7234701.002.000) 10/04 16:18:25 Image size of job updated: 3450376
	3370  -  MemoryUsage of job (MB)
	3450376  -  ResidentSetSize of job (KB)
...
006 (7234701.002.000) 10/04 16:23:25 Image size of job updated: 3738792
	3633  -  MemoryUsage of job (MB)
	3719204  -  ResidentSetSize of job (KB)
...
006 (7234701.002.000) 10/04 16:28:26 Image size of job updated: 3950252
	3633  -  MemoryUsage of job (MB)
	3719460  -  ResidentSetSize of job (KB)
...
006 (7234701.002.000) 10/04 16:33:26 Image size of job updated: 4289116
	4189  -  MemoryUsage of job (MB)
	4289116  -  ResidentSetSize of job (KB)
...
006 (7234701.002.000) 10/04 16:38:27 Image size of job updated: 5297756
	5174  -  MemoryUsage of job (MB)
	5297756  -  ResidentSetSize of job (KB)
...
006 (7234701.002.000) 10/04 16:43:27 Image size of job updated: 6307676
	6160  -  MemoryUsage of job (MB)
	6307676  -  ResidentSetSize of job (KB)
...
006 (7234701.002.000) 10/04 16:48:28 Image size of job updated: 7318364
	7147  -  MemoryUsage of job (MB)
	7318364  -  ResidentSetSize of job (KB)
...
006 (7234701.002.000) 10/04 16:51:33 Image size of job updated: 7801220
	7148  -  MemoryUsage of job (MB)
	7318620  -  ResidentSetSize of job (KB)
...
040 (7234701.002.000) 10/04 16:51:33 Started transferring output files
...
040 (7234701.002.000) 10/04 16:51:33 Finished transferring output files
...
005 (7234701.002.000) 10/04 16:51:33 Job terminated.
	(1) Normal termination (return value 50)
		Usr 0 07:08:52, Sys 0 00:19:03  -  Run Remote Usage
		Usr 0 00:00:00, Sys 0 00:00:00  -  Run Local Usage
		Usr 0 07:08:52, Sys 0 00:19:03  -  Total Remote Usage
		Usr 0 00:00:00, Sys 0 00:00:00  -  Total Local Usage
	148142  -  Run Bytes Sent By Job
	2410  -  Run Bytes Received By Job
	148142  -  Total Bytes Sent By Job
	2410  -  Total Bytes Received By Job
	Partitionable Resources :      Usage  Request Allocated Assigned
	   Cpus                 :       1.00        1         1 
	   Disk (KB)            : 5379786           3   6863512 
	   Gpus (Average)       :       0.11        1         1 "GPU-49a3c76d"
	   GpusMemory (MB)      :    3664                       
	   Memory (MB)          :    7148        2000      2000 

	Job terminated of its own accord at 2024-10-04T14:51:33Z with exit-code 50.
...
