000 (7234701.005.000) 10/04 05:18:58 Job submitted from host: <137.138.44.55:9618?addrs=137.138.44.55-9618+[2001-1458-d00-1a--48]-9618&alias=bigbird17.cern.ch&noUDP&sock=schedd_1981_6134>
...
040 (7234701.005.000) 10/04 09:03:09 Started transferring input files
	Transferring to host: <188.185.190.108:9618?addrs=188.185.190.108-9618+[2001-1458-d03-b--100-2ff]-9618&alias=b9pgpun015.cern.ch&noUDP&sock=slot1_3_241727_49ff_35601>
...
040 (7234701.005.000) 10/04 09:03:09 Finished transferring input files
...
001 (7234701.005.000) 10/04 09:03:10 Job executing on host: <188.185.190.108:9618?addrs=188.185.190.108-9618+[2001-1458-d03-b--100-2ff]-9618&alias=b9pgpun015.cern.ch&noUDP&sock=startd_205776_cc7b>
	SlotName: slot1_3@b9pgpun015.cern.ch
	AvailableGPUs = { GPUs_GPU_33417335 }
	CondorScratchDir = "/pool/condor/dir_2035387"
	Cpus = 1
	Disk = 6858238
	GPUs = 1
	GPUs_GPU_33417335 = [ GlobalMemoryMb = 95235; MaxSupportedVersion = 12040; DriverVersion = 12.4; DeviceName = "NVIDIA H100 NVL"; CoresPerCU = 128; ECCEnabled = true; ComputeUnits = 132; ClockMhz = 1785.0; Id = "GPU-33417335"; Capability = 9.0; DevicePciBusId = "0000:AD:00.0"; DeviceUuid = "33417335-e430-9b71-8401-90d7d89e1f88" ]
	Memory = 2000
...
006 (7234701.005.000) 10/04 09:03:20 Image size of job updated: 1151848
	661  -  MemoryUsage of job (MB)
	676460  -  ResidentSetSize of job (KB)
...
006 (7234701.005.000) 10/04 09:08:20 Image size of job updated: 1891244
	974  -  MemoryUsage of job (MB)
	997216  -  ResidentSetSize of job (KB)
...
006 (7234701.005.000) 10/04 09:13:20 Image size of job updated: 1992140
	1046  -  MemoryUsage of job (MB)
	1070332  -  ResidentSetSize of job (KB)
...
006 (7234701.005.000) 10/04 09:18:21 Image size of job updated: 2137964
	1692  -  MemoryUsage of job (MB)
	1732204  -  ResidentSetSize of job (KB)
...
006 (7234701.005.000) 10/04 09:23:21 Image size of job updated: 2298748
	2142  -  MemoryUsage of job (MB)
	2192448  -  ResidentSetSize of job (KB)
...
006 (7234701.005.000) 10/04 09:28:22 Image size of job updated: 2476668
	2142  -  MemoryUsage of job (MB)
	2192448  -  ResidentSetSize of job (KB)
...
006 (7234701.005.000) 10/04 09:33:22 Image size of job updated: 2572336
	2142  -  MemoryUsage of job (MB)
	2192448  -  ResidentSetSize of job (KB)
...
006 (7234701.005.000) 10/04 09:38:22 Image size of job updated: 2742384
	2669  -  MemoryUsage of job (MB)
	2732592  -  ResidentSetSize of job (KB)
...
006 (7234701.005.000) 10/04 09:43:23 Image size of job updated: 2744452
	2669  -  MemoryUsage of job (MB)
	2732592  -  ResidentSetSize of job (KB)
...
006 (7234701.005.000) 10/04 09:48:23 Image size of job updated: 2799984
	2669  -  MemoryUsage of job (MB)
	2732592  -  ResidentSetSize of job (KB)
...
006 (7234701.005.000) 10/04 09:53:24 Image size of job updated: 2848312
	2765  -  MemoryUsage of job (MB)
	2830352  -  ResidentSetSize of job (KB)
...
006 (7234701.005.000) 10/04 09:58:24 Image size of job updated: 2903720
	2765  -  MemoryUsage of job (MB)
	2830352  -  ResidentSetSize of job (KB)
...
006 (7234701.005.000) 10/04 10:03:25 Image size of job updated: 2969840
	2765  -  MemoryUsage of job (MB)
	2830352  -  ResidentSetSize of job (KB)
...
006 (7234701.005.000) 10/04 16:09:04 Image size of job updated: 2969840
	2847  -  MemoryUsage of job (MB)
	2914748  -  ResidentSetSize of job (KB)
...
006 (7234701.005.000) 10/04 16:14:04 Image size of job updated: 3135048
	3008  -  MemoryUsage of job (MB)
	3079904  -  ResidentSetSize of job (KB)
...
006 (7234701.005.000) 10/04 16:19:06 Image size of job updated: 3420456
	3341  -  MemoryUsage of job (MB)
	3420456  -  ResidentSetSize of job (KB)
...
006 (7234701.005.000) 10/04 16:24:06 Image size of job updated: 3723880
	3637  -  MemoryUsage of job (MB)
	3723880  -  ResidentSetSize of job (KB)
...
006 (7234701.005.000) 10/04 16:29:06 Image size of job updated: 3942092
	3676  -  MemoryUsage of job (MB)
	3763256  -  ResidentSetSize of job (KB)
...
006 (7234701.005.000) 10/04 16:34:07 Image size of job updated: 4766032
	4655  -  MemoryUsage of job (MB)
	4766032  -  ResidentSetSize of job (KB)
...
006 (7234701.005.000) 10/04 16:39:07 Image size of job updated: 5768516
	5634  -  MemoryUsage of job (MB)
	5768516  -  ResidentSetSize of job (KB)
...
006 (7234701.005.000) 10/04 16:44:09 Image size of job updated: 6775264
	6617  -  MemoryUsage of job (MB)
	6775264  -  ResidentSetSize of job (KB)
...
006 (7234701.005.000) 10/04 16:49:09 Image size of job updated: 7232204
	7063  -  MemoryUsage of job (MB)
	7232204  -  ResidentSetSize of job (KB)
...
006 (7234701.005.000) 10/04 16:52:38 Image size of job updated: 7802728
	7063  -  MemoryUsage of job (MB)
	7232460  -  ResidentSetSize of job (KB)
...
040 (7234701.005.000) 10/04 16:52:39 Started transferring output files
...
040 (7234701.005.000) 10/04 16:52:39 Finished transferring output files
...
005 (7234701.005.000) 10/04 16:52:39 Job terminated.
	(1) Normal termination (return value 50)
		Usr 0 07:07:06, Sys 0 00:19:24  -  Run Remote Usage
		Usr 0 00:00:00, Sys 0 00:00:00  -  Run Local Usage
		Usr 0 07:07:06, Sys 0 00:19:24  -  Total Remote Usage
		Usr 0 00:00:00, Sys 0 00:00:00  -  Total Local Usage
	148139  -  Run Bytes Sent By Job
	2410  -  Run Bytes Received By Job
	148139  -  Total Bytes Sent By Job
	2410  -  Total Bytes Received By Job
	Partitionable Resources :      Usage  Request Allocated Assigned
	   Cpus                 :       1.00        1         1 
	   Disk (KB)            : 5379786           3   6858238 
	   Gpus (Average)       :       0.11        1         1 "GPU-33417335"
	   GpusMemory (MB)      :    3664                       
	   Memory (MB)          :    7063        2000      2000 

	Job terminated of its own accord at 2024-10-04T14:52:38Z with exit-code 50.
...
