000 (7234701.000.000) 10/04 05:18:58 Job submitted from host: <137.138.44.55:9618?addrs=137.138.44.55-9618+[2001-1458-d00-1a--48]-9618&alias=bigbird17.cern.ch&noUDP&sock=schedd_1981_6134>
...
040 (7234701.000.000) 10/04 09:01:11 Started transferring input files
	Transferring to host: <188.185.190.107:9618?addrs=188.185.190.107-9618+[2001-1458-d03-b--100-2fe]-9618&alias=b9pgpun013.cern.ch&noUDP&sock=slot1_3_223718_51c2_35954>
...
040 (7234701.000.000) 10/04 09:01:11 Finished transferring input files
...
001 (7234701.000.000) 10/04 09:01:12 Job executing on host: <188.185.190.107:9618?addrs=188.185.190.107-9618+[2001-1458-d03-b--100-2fe]-9618&alias=b9pgpun013.cern.ch&noUDP&sock=startd_204990_ab0b>
	SlotName: slot1_3@b9pgpun013.cern.ch
	AvailableGPUs = { GPUs_GPU_6a40d270 }
	CondorScratchDir = "/pool/condor/dir_1790417"
	Cpus = 1
	Disk = 6863703
	GPUs = 1
	GPUs_GPU_6a40d270 = [ GlobalMemoryMb = 95235; MaxSupportedVersion = 12040; DriverVersion = 12.4; DeviceName = "NVIDIA H100 NVL"; CoresPerCU = 128; ECCEnabled = true; ComputeUnits = 132; ClockMhz = 1785.0; Id = "GPU-6a40d270"; Capability = 9.0; DevicePciBusId = "0000:AD:00.0"; DeviceUuid = "6a40d270-bbf0-9651-f21f-c99fd855998d" ]
	Memory = 2000
...
006 (7234701.000.000) 10/04 09:01:21 Image size of job updated: 1160348
	679  -  MemoryUsage of job (MB)
	695096  -  ResidentSetSize of job (KB)
...
006 (7234701.000.000) 10/04 09:06:22 Image size of job updated: 1976232
	1855  -  MemoryUsage of job (MB)
	1899288  -  ResidentSetSize of job (KB)
...
006 (7234701.000.000) 10/04 09:11:22 Image size of job updated: 2001512
	1897  -  MemoryUsage of job (MB)
	1941960  -  ResidentSetSize of job (KB)
...
006 (7234701.000.000) 10/04 09:16:23 Image size of job updated: 2031948
	1897  -  MemoryUsage of job (MB)
	1941960  -  ResidentSetSize of job (KB)
...
006 (7234701.000.000) 10/04 09:21:23 Image size of job updated: 2050384
	1897  -  MemoryUsage of job (MB)
	1941960  -  ResidentSetSize of job (KB)
...
006 (7234701.000.000) 10/04 09:26:23 Image size of job updated: 2143140
	1897  -  MemoryUsage of job (MB)
	1941960  -  ResidentSetSize of job (KB)
...
006 (7234701.000.000) 10/04 09:31:24 Image size of job updated: 2297148
	2035  -  MemoryUsage of job (MB)
	2083612  -  ResidentSetSize of job (KB)
...
006 (7234701.000.000) 10/04 09:36:24 Image size of job updated: 2297148
	2141  -  MemoryUsage of job (MB)
	2191640  -  ResidentSetSize of job (KB)
...
006 (7234701.000.000) 10/04 09:46:25 Image size of job updated: 2319376
	2154  -  MemoryUsage of job (MB)
	2205168  -  ResidentSetSize of job (KB)
...
006 (7234701.000.000) 10/04 09:56:26 Image size of job updated: 2347224
	2154  -  MemoryUsage of job (MB)
	2205168  -  ResidentSetSize of job (KB)
...
006 (7234701.000.000) 10/04 10:01:26 Image size of job updated: 2347840
	2181  -  MemoryUsage of job (MB)
	2232500  -  ResidentSetSize of job (KB)
...
006 (7234701.000.000) 10/04 10:06:27 Image size of job updated: 2375464
	2181  -  MemoryUsage of job (MB)
	2232500  -  ResidentSetSize of job (KB)
...
006 (7234701.000.000) 10/04 13:56:49 Image size of job updated: 2375464
	2206  -  MemoryUsage of job (MB)
	2258576  -  ResidentSetSize of job (KB)
...
006 (7234701.000.000) 10/04 14:31:53 Image size of job updated: 2375464
	2211  -  MemoryUsage of job (MB)
	2263764  -  ResidentSetSize of job (KB)
...
006 (7234701.000.000) 10/04 14:36:54 Image size of job updated: 2375464
	2224  -  MemoryUsage of job (MB)
	2277068  -  ResidentSetSize of job (KB)
...
006 (7234701.000.000) 10/04 14:41:54 Image size of job updated: 2375464
	2253  -  MemoryUsage of job (MB)
	2306376  -  ResidentSetSize of job (KB)
...
006 (7234701.000.000) 10/04 14:46:55 Image size of job updated: 2375464
	2290  -  MemoryUsage of job (MB)
	2344284  -  ResidentSetSize of job (KB)
...
006 (7234701.000.000) 10/04 14:51:56 Image size of job updated: 2453544
	2339  -  MemoryUsage of job (MB)
	2394392  -  ResidentSetSize of job (KB)
...
006 (7234701.000.000) 10/04 14:56:56 Image size of job updated: 2453544
	2365  -  MemoryUsage of job (MB)
	2420768  -  ResidentSetSize of job (KB)
...
006 (7234701.000.000) 10/04 15:01:57 Image size of job updated: 2523768
	2384  -  MemoryUsage of job (MB)
	2440720  -  ResidentSetSize of job (KB)
...
006 (7234701.000.000) 10/04 15:06:57 Image size of job updated: 2523768
	2405  -  MemoryUsage of job (MB)
	2462472  -  ResidentSetSize of job (KB)
...
006 (7234701.000.000) 10/04 15:21:59 Image size of job updated: 2523768
	2408  -  MemoryUsage of job (MB)
	2464932  -  ResidentSetSize of job (KB)
...
006 (7234701.000.000) 10/04 15:27:00 Image size of job updated: 2523768
	2416  -  MemoryUsage of job (MB)
	2472980  -  ResidentSetSize of job (KB)
...
006 (7234701.000.000) 10/04 15:32:00 Image size of job updated: 2523768
	2443  -  MemoryUsage of job (MB)
	2500840  -  ResidentSetSize of job (KB)
...
006 (7234701.000.000) 10/04 15:37:01 Image size of job updated: 2574456
	2505  -  MemoryUsage of job (MB)
	2564564  -  ResidentSetSize of job (KB)
...
006 (7234701.000.000) 10/04 15:42:01 Image size of job updated: 2652328
	2565  -  MemoryUsage of job (MB)
	2626156  -  ResidentSetSize of job (KB)
...
006 (7234701.000.000) 10/04 15:47:02 Image size of job updated: 2671616
	2587  -  MemoryUsage of job (MB)
	2648244  -  ResidentSetSize of job (KB)
...
006 (7234701.000.000) 10/04 15:52:02 Image size of job updated: 2677252
	2605  -  MemoryUsage of job (MB)
	2666960  -  ResidentSetSize of job (KB)
...
006 (7234701.000.000) 10/04 15:57:04 Image size of job updated: 2742888
	2666  -  MemoryUsage of job (MB)
	2729160  -  ResidentSetSize of job (KB)
...
006 (7234701.000.000) 10/04 16:02:04 Image size of job updated: 2802256
	2666  -  MemoryUsage of job (MB)
	2729160  -  ResidentSetSize of job (KB)
...
006 (7234701.000.000) 10/04 16:07:04 Image size of job updated: 2883060
	2808  -  MemoryUsage of job (MB)
	2875344  -  ResidentSetSize of job (KB)
...
006 (7234701.000.000) 10/04 16:12:05 Image size of job updated: 3082512
	2968  -  MemoryUsage of job (MB)
	3038868  -  ResidentSetSize of job (KB)
...
006 (7234701.000.000) 10/04 16:17:05 Image size of job updated: 3339128
	3261  -  MemoryUsage of job (MB)
	3339128  -  ResidentSetSize of job (KB)
...
006 (7234701.000.000) 10/04 16:22:06 Image size of job updated: 3619964
	3536  -  MemoryUsage of job (MB)
	3619964  -  ResidentSetSize of job (KB)
...
006 (7234701.000.000) 10/04 16:27:06 Image size of job updated: 3889600
	3549  -  MemoryUsage of job (MB)
	3633888  -  ResidentSetSize of job (KB)
...
006 (7234701.000.000) 10/04 16:32:07 Image size of job updated: 4637436
	4529  -  MemoryUsage of job (MB)
	4637436  -  ResidentSetSize of job (KB)
...
006 (7234701.000.000) 10/04 16:37:07 Image size of job updated: 5640240
	5509  -  MemoryUsage of job (MB)
	5640240  -  ResidentSetSize of job (KB)
...
006 (7234701.000.000) 10/04 16:42:07 Image size of job updated: 6642736
	6488  -  MemoryUsage of job (MB)
	6642736  -  ResidentSetSize of job (KB)
...
006 (7234701.000.000) 10/04 16:47:08 Image size of job updated: 7645232
	7467  -  MemoryUsage of job (MB)
	7645232  -  ResidentSetSize of job (KB)
...
006 (7234701.000.000) 10/04 16:51:01 Image size of job updated: 8100144
	7467  -  MemoryUsage of job (MB)
	7645488  -  ResidentSetSize of job (KB)
...
040 (7234701.000.000) 10/04 16:51:01 Started transferring output files
...
040 (7234701.000.000) 10/04 16:51:01 Finished transferring output files
...
005 (7234701.000.000) 10/04 16:51:01 Job terminated.
	(1) Normal termination (return value 50)
		Usr 0 07:09:43, Sys 0 00:19:02  -  Run Remote Usage
		Usr 0 00:00:00, Sys 0 00:00:00  -  Run Local Usage
		Usr 0 07:09:43, Sys 0 00:19:02  -  Total Remote Usage
		Usr 0 00:00:00, Sys 0 00:00:00  -  Total Local Usage
	148140  -  Run Bytes Sent By Job
	2410  -  Run Bytes Received By Job
	148140  -  Total Bytes Sent By Job
	2410  -  Total Bytes Received By Job
	Partitionable Resources :      Usage  Request Allocated Assigned
	   Cpus                 :       1.00        1         1 
	   Disk (KB)            : 5379786           3   6863703 
	   Gpus (Average)       :       0.11        1         1 "GPU-6a40d270"
	   GpusMemory (MB)      :    3664                       
	   Memory (MB)          :    7467        2000      2000 

	Job terminated of its own accord at 2024-10-04T14:51:01Z with exit-code 50.
...
