000 (7234701.003.000) 10/04 05:18:58 Job submitted from host: <137.138.44.55:9618?addrs=137.138.44.55-9618+[2001-1458-d00-1a--48]-9618&alias=bigbird17.cern.ch&noUDP&sock=schedd_1981_6134>
...
040 (7234701.003.000) 10/04 09:02:37 Started transferring input files
	Transferring to host: <188.185.190.108:9618?addrs=188.185.190.108-9618+[2001-1458-d03-b--100-2ff]-9618&alias=b9pgpun015.cern.ch&noUDP&sock=slot1_1_241727_49ff_35598>
...
040 (7234701.003.000) 10/04 09:02:38 Finished transferring input files
...
001 (7234701.003.000) 10/04 09:02:39 Job executing on host: <188.185.190.108:9618?addrs=188.185.190.108-9618+[2001-1458-d03-b--100-2ff]-9618&alias=b9pgpun015.cern.ch&noUDP&sock=startd_205776_cc7b>
	SlotName: slot1_1@b9pgpun015.cern.ch
	AvailableGPUs = { GPUs_GPU_b24b403a }
	CondorScratchDir = "/pool/condor/dir_2018942"
	Cpus = 1
	Disk = 6857845
	GPUs = 1
	GPUs_GPU_b24b403a = [ GlobalMemoryMb = 95235; MaxSupportedVersion = 12040; DriverVersion = 12.4; DeviceName = "NVIDIA H100 NVL"; CoresPerCU = 128; ECCEnabled = true; ComputeUnits = 132; ClockMhz = 1785.0; Id = "GPU-b24b403a"; Capability = 9.0; DevicePciBusId = "0000:3A:00.0"; DeviceUuid = "b24b403a-c8dc-04db-3428-2ea4c127b0ed" ]
	Memory = 2000
...
006 (7234701.003.000) 10/04 09:02:47 Image size of job updated: 1153144
	669  -  MemoryUsage of job (MB)
	684044  -  ResidentSetSize of job (KB)
...
006 (7234701.003.000) 10/04 09:07:47 Image size of job updated: 1901044
	1004  -  MemoryUsage of job (MB)
	1027364  -  ResidentSetSize of job (KB)
...
006 (7234701.003.000) 10/04 09:12:48 Image size of job updated: 2021108
	1057  -  MemoryUsage of job (MB)
	1081648  -  ResidentSetSize of job (KB)
...
006 (7234701.003.000) 10/04 09:17:48 Image size of job updated: 2094264
	1154  -  MemoryUsage of job (MB)
	1181456  -  ResidentSetSize of job (KB)
...
006 (7234701.003.000) 10/04 09:22:48 Image size of job updated: 2277948
	2121  -  MemoryUsage of job (MB)
	2171332  -  ResidentSetSize of job (KB)
...
006 (7234701.003.000) 10/04 09:27:49 Image size of job updated: 2322096
	2121  -  MemoryUsage of job (MB)
	2171332  -  ResidentSetSize of job (KB)
...
006 (7234701.003.000) 10/04 09:32:49 Image size of job updated: 2450644
	2121  -  MemoryUsage of job (MB)
	2171332  -  ResidentSetSize of job (KB)
...
006 (7234701.003.000) 10/04 09:37:50 Image size of job updated: 2514592
	2352  -  MemoryUsage of job (MB)
	2408444  -  ResidentSetSize of job (KB)
...
006 (7234701.003.000) 10/04 09:42:50 Image size of job updated: 2526452
	2352  -  MemoryUsage of job (MB)
	2408444  -  ResidentSetSize of job (KB)
...
006 (7234701.003.000) 10/04 09:52:52 Image size of job updated: 2542160
	2389  -  MemoryUsage of job (MB)
	2446024  -  ResidentSetSize of job (KB)
...
006 (7234701.003.000) 10/04 09:57:52 Image size of job updated: 2553792
	2389  -  MemoryUsage of job (MB)
	2446024  -  ResidentSetSize of job (KB)
...
006 (7234701.003.000) 10/04 10:02:53 Image size of job updated: 2581804
	2389  -  MemoryUsage of job (MB)
	2446024  -  ResidentSetSize of job (KB)
...
006 (7234701.003.000) 10/04 10:07:53 Image size of job updated: 2621656
	2389  -  MemoryUsage of job (MB)
	2446024  -  ResidentSetSize of job (KB)
...
006 (7234701.003.000) 10/04 11:33:02 Image size of job updated: 2621656
	2391  -  MemoryUsage of job (MB)
	2447964  -  ResidentSetSize of job (KB)
...
006 (7234701.003.000) 10/04 11:38:03 Image size of job updated: 2621656
	2394  -  MemoryUsage of job (MB)
	2450732  -  ResidentSetSize of job (KB)
...
006 (7234701.003.000) 10/04 11:43:03 Image size of job updated: 2621656
	2396  -  MemoryUsage of job (MB)
	2453412  -  ResidentSetSize of job (KB)
...
006 (7234701.003.000) 10/04 11:48:04 Image size of job updated: 2621656
	2399  -  MemoryUsage of job (MB)
	2455736  -  ResidentSetSize of job (KB)
...
006 (7234701.003.000) 10/04 11:53:05 Image size of job updated: 2621656
	2402  -  MemoryUsage of job (MB)
	2458656  -  ResidentSetSize of job (KB)
...
006 (7234701.003.000) 10/04 11:58:05 Image size of job updated: 2621656
	2404  -  MemoryUsage of job (MB)
	2461240  -  ResidentSetSize of job (KB)
...
006 (7234701.003.000) 10/04 15:03:27 Image size of job updated: 2621656
	2409  -  MemoryUsage of job (MB)
	2466604  -  ResidentSetSize of job (KB)
...
006 (7234701.003.000) 10/04 15:08:27 Image size of job updated: 2621656
	2436  -  MemoryUsage of job (MB)
	2493752  -  ResidentSetSize of job (KB)
...
006 (7234701.003.000) 10/04 15:18:28 Image size of job updated: 2621656
	2442  -  MemoryUsage of job (MB)
	2499736  -  ResidentSetSize of job (KB)
...
006 (7234701.003.000) 10/04 15:23:28 Image size of job updated: 2621656
	2446  -  MemoryUsage of job (MB)
	2504356  -  ResidentSetSize of job (KB)
...
006 (7234701.003.000) 10/04 15:28:29 Image size of job updated: 2621656
	2458  -  MemoryUsage of job (MB)
	2516948  -  ResidentSetSize of job (KB)
...
006 (7234701.003.000) 10/04 15:38:31 Image size of job updated: 2621656
	2529  -  MemoryUsage of job (MB)
	2588840  -  ResidentSetSize of job (KB)
...
006 (7234701.003.000) 10/04 15:43:31 Image size of job updated: 2666144
	2582  -  MemoryUsage of job (MB)
	2643144  -  ResidentSetSize of job (KB)
...
006 (7234701.003.000) 10/04 15:48:31 Image size of job updated: 2709032
	2621  -  MemoryUsage of job (MB)
	2683688  -  ResidentSetSize of job (KB)
...
006 (7234701.003.000) 10/04 15:53:32 Image size of job updated: 2709032
	2634  -  MemoryUsage of job (MB)
	2697216  -  ResidentSetSize of job (KB)
...
006 (7234701.003.000) 10/04 15:58:32 Image size of job updated: 2762340
	2698  -  MemoryUsage of job (MB)
	2762340  -  ResidentSetSize of job (KB)
...
006 (7234701.003.000) 10/04 16:03:33 Image size of job updated: 2844300
	2698  -  MemoryUsage of job (MB)
	2762340  -  ResidentSetSize of job (KB)
...
006 (7234701.003.000) 10/04 16:08:33 Image size of job updated: 2924664
	2839  -  MemoryUsage of job (MB)
	2906188  -  ResidentSetSize of job (KB)
...
006 (7234701.003.000) 10/04 16:13:35 Image size of job updated: 3057684
	2986  -  MemoryUsage of job (MB)
	3057664  -  ResidentSetSize of job (KB)
...
006 (7234701.003.000) 10/04 16:18:35 Image size of job updated: 3304120
	3227  -  MemoryUsage of job (MB)
	3304120  -  ResidentSetSize of job (KB)
...
006 (7234701.003.000) 10/04 16:23:35 Image size of job updated: 3581884
	3498  -  MemoryUsage of job (MB)
	3581884  -  ResidentSetSize of job (KB)
...
006 (7234701.003.000) 10/04 16:28:36 Image size of job updated: 3930576
	3498  -  MemoryUsage of job (MB)
	3581884  -  ResidentSetSize of job (KB)
...
006 (7234701.003.000) 10/04 16:33:36 Image size of job updated: 3949204
	3857  -  MemoryUsage of job (MB)
	3949204  -  ResidentSetSize of job (KB)
...
006 (7234701.003.000) 10/04 16:38:37 Image size of job updated: 4957920
	4842  -  MemoryUsage of job (MB)
	4957920  -  ResidentSetSize of job (KB)
...
006 (7234701.003.000) 10/04 16:43:37 Image size of job updated: 5966048
	5827  -  MemoryUsage of job (MB)
	5966048  -  ResidentSetSize of job (KB)
...
006 (7234701.003.000) 10/04 16:48:37 Image size of job updated: 6972464
	6810  -  MemoryUsage of job (MB)
	6972464  -  ResidentSetSize of job (KB)
...
006 (7234701.003.000) 10/04 16:53:18 Image size of job updated: 7780656
	6810  -  MemoryUsage of job (MB)
	6972720  -  ResidentSetSize of job (KB)
...
040 (7234701.003.000) 10/04 16:53:18 Started transferring output files
...
040 (7234701.003.000) 10/04 16:53:18 Finished transferring output files
...
005 (7234701.003.000) 10/04 16:53:18 Job terminated.
	(1) Normal termination (return value 50)
		Usr 0 07:08:26, Sys 0 00:19:09  -  Run Remote Usage
		Usr 0 00:00:00, Sys 0 00:00:00  -  Run Local Usage
		Usr 0 07:08:26, Sys 0 00:19:09  -  Total Remote Usage
		Usr 0 00:00:00, Sys 0 00:00:00  -  Total Local Usage
	148141  -  Run Bytes Sent By Job
	2410  -  Run Bytes Received By Job
	148141  -  Total Bytes Sent By Job
	2410  -  Total Bytes Received By Job
	Partitionable Resources :      Usage  Request Allocated Assigned
	   Cpus                 :       1.00        1         1 
	   Disk (KB)            : 5379786           3   6857845 
	   Gpus (Average)       :       0.11        1         1 "GPU-b24b403a"
	   GpusMemory (MB)      :    3664                       
	   Memory (MB)          :    6810        2000      2000 

	Job terminated of its own accord at 2024-10-04T14:53:18Z with exit-code 50.
...
