000 (7216414.001.000) 09/16 07:43:53 Job submitted from host: <137.138.44.55:9618?addrs=137.138.44.55-9618+[2001-1458-d00-1a--48]-9618&alias=bigbird17.cern.ch&noUDP&sock=schedd_1980_b19c>
...
040 (7216414.001.000) 09/16 07:47:30 Started transferring input files
	Transferring to host: <188.185.198.111:9618?addrs=188.185.198.111-9618+[2001-1458-303-25--100-6b]-9618&alias=b9p15p4924.cern.ch&noUDP&sock=slot1_35_11906_9a9d_32291>
...
040 (7216414.001.000) 09/16 07:47:30 Finished transferring input files
...
001 (7216414.001.000) 09/16 07:47:31 Job executing on host: <188.185.198.111:9618?addrs=188.185.198.111-9618+[2001-1458-303-25--100-6b]-9618&alias=b9p15p4924.cern.ch&noUDP&sock=startd_11856_ceef>
	SlotName: slot1_35@b9p15p4924.cern.ch
	CondorScratchDir = "/pool/condor/dir_1551573"
	Cpus = 1
	Disk = 3201500
	Memory = 2000
...
006 (7216414.001.000) 09/16 07:47:39 Image size of job updated: 758364
	741  -  MemoryUsage of job (MB)
	758356  -  ResidentSetSize of job (KB)
...
006 (7216414.001.000) 09/16 07:52:41 Image size of job updated: 884864
	746  -  MemoryUsage of job (MB)
	763260  -  ResidentSetSize of job (KB)
...
006 (7216414.001.000) 09/16 08:27:44 Image size of job updated: 884864
	750  -  MemoryUsage of job (MB)
	767676  -  ResidentSetSize of job (KB)
...
006 (7216414.001.000) 09/17 00:01:18 Image size of job updated: 4527796
	1300  -  MemoryUsage of job (MB)
	1330224  -  ResidentSetSize of job (KB)
...
040 (7216414.001.000) 09/17 00:01:18 Started transferring output files
...
040 (7216414.001.000) 09/17 00:01:18 Finished transferring output files
...
005 (7216414.001.000) 09/17 00:01:18 Job terminated.
	(1) Normal termination (return value 50)
		Usr 0 15:57:15, Sys 0 00:06:55  -  Run Remote Usage
		Usr 0 00:00:00, Sys 0 00:00:00  -  Run Local Usage
		Usr 0 15:57:15, Sys 0 00:06:55  -  Total Remote Usage
		Usr 0 00:00:00, Sys 0 00:00:00  -  Total Local Usage
	95325  -  Run Bytes Sent By Job
	2965  -  Run Bytes Received By Job
	95325  -  Total Bytes Sent By Job
	2965  -  Total Bytes Received By Job
	Partitionable Resources :     Usage  Request Allocated 
	   Cpus                 :      0.97        1         1 
	   Disk (KB)            : 973964           3   3201500 
	   Memory (MB)          :   1300        2000      2000 

	Job terminated of its own accord at 2024-09-16T22:01:18Z with exit-code 50.
...
