000 (7216414.002.000) 09/16 07:43:53 Job submitted from host: <137.138.44.55:9618?addrs=137.138.44.55-9618+[2001-1458-d00-1a--48]-9618&alias=bigbird17.cern.ch&noUDP&sock=schedd_1980_b19c>
...
040 (7216414.002.000) 09/16 07:47:31 Started transferring input files
	Transferring to host: <128.142.248.123:9618?addrs=128.142.248.123-9618+[2001-1458-301-73--100-16b]-9618&alias=b9g23p2657.cern.ch&noUDP&sock=slot1_32_443391_d207_13446>
...
040 (7216414.002.000) 09/16 07:47:31 Finished transferring input files
...
001 (7216414.002.000) 09/16 07:47:32 Job executing on host: <128.142.248.123:9618?addrs=128.142.248.123-9618+[2001-1458-301-73--100-16b]-9618&alias=b9g23p2657.cern.ch&noUDP&sock=startd_7091_6a27>
	SlotName: slot1_32@b9g23p2657.cern.ch
	CondorScratchDir = "/pool/condor/dir_4101077"
	Cpus = 1
	Disk = 3101369
	Memory = 2000
...
006 (7216414.002.000) 09/16 07:47:41 Image size of job updated: 770856
	753  -  MemoryUsage of job (MB)
	770820  -  ResidentSetSize of job (KB)
...
006 (7216414.002.000) 09/16 07:52:42 Image size of job updated: 875848
	758  -  MemoryUsage of job (MB)
	775400  -  ResidentSetSize of job (KB)
...
006 (7216414.002.000) 09/17 01:07:48 Image size of job updated: 3412696
	758  -  MemoryUsage of job (MB)
	775400  -  ResidentSetSize of job (KB)
...
040 (7216414.002.000) 09/17 01:07:49 Started transferring output files
...
040 (7216414.002.000) 09/17 01:07:49 Finished transferring output files
...
005 (7216414.002.000) 09/17 01:07:49 Job terminated.
	(1) Normal termination (return value 50)
		Usr 0 16:57:13, Sys 0 00:09:01  -  Run Remote Usage
		Usr 0 00:00:00, Sys 0 00:00:00  -  Run Local Usage
		Usr 0 16:57:13, Sys 0 00:09:01  -  Total Remote Usage
		Usr 0 00:00:00, Sys 0 00:00:00  -  Total Local Usage
	95374  -  Run Bytes Sent By Job
	2965  -  Run Bytes Received By Job
	95374  -  Total Bytes Sent By Job
	2965  -  Total Bytes Received By Job
	Partitionable Resources :     Usage  Request Allocated 
	   Cpus                 :      0.91        1         1 
	   Disk (KB)            : 954822           3   3101369 
	   Memory (MB)          :    758        2000      2000 

	Job terminated of its own accord at 2024-09-16T23:07:48Z with exit-code 50.
...
