000 (7217787.006.000) 09/23 13:21:14 Job submitted from host: <137.138.44.55:9618?addrs=137.138.44.55-9618+[2001-1458-d00-1a--48]-9618&alias=bigbird17.cern.ch&noUDP&sock=schedd_1981_6134>
...
040 (7217787.006.000) 09/23 13:21:43 Started transferring input files
	Transferring to host: <188.185.238.10:9618?addrs=188.185.238.10-9618+[2001-1458-303-28--100-6]-9618&alias=b9pgpun002.cern.ch&noUDP&sock=slot1_3_1420705_f206_17167>
...
040 (7217787.006.000) 09/23 13:21:43 Finished transferring input files
...
001 (7217787.006.000) 09/23 13:21:44 Job executing on host: <188.185.238.10:9618?addrs=188.185.238.10-9618+[2001-1458-303-28--100-6]-9618&alias=b9pgpun002.cern.ch&noUDP&sock=startd_600104_020a>
	SlotName: slot1_3@b9pgpun002.cern.ch
	AvailableGPUs = { GPUs_GPU_9da60805 }
	CondorScratchDir = "/pool/condor/dir_1672557"
	Cpus = 1
	Disk = 6881516
	GPUs = 1
	GPUs_GPU_9da60805 = [ GlobalMemoryMb = 95235; MaxSupportedVersion = 12040; DriverVersion = 12.4; DeviceName = "NVIDIA H100 NVL"; CoresPerCU = 128; ECCEnabled = true; ComputeUnits = 132; ClockMhz = 1785.0; Id = "GPU-9da60805"; Capability = 9.0; DevicePciBusId = "0000:AD:00.0"; DeviceUuid = "9da60805-d028-0dcf-913d-840a8f174736" ]
	Memory = 2000
...
006 (7217787.006.000) 09/23 13:21:52 Image size of job updated: 2404584
	2349  -  MemoryUsage of job (MB)
	2404496  -  ResidentSetSize of job (KB)
...
006 (7217787.006.000) 09/23 13:26:52 Image size of job updated: 2831992
	2352  -  MemoryUsage of job (MB)
	2407552  -  ResidentSetSize of job (KB)
...
006 (7217787.006.000) 09/23 13:31:53 Image size of job updated: 2972448
	2372  -  MemoryUsage of job (MB)
	2428892  -  ResidentSetSize of job (KB)
...
006 (7217787.006.000) 09/23 13:36:53 Image size of job updated: 5287712
	4745  -  MemoryUsage of job (MB)
	4858476  -  ResidentSetSize of job (KB)
...
006 (7217787.006.000) 09/23 13:41:53 Image size of job updated: 5411408
	4865  -  MemoryUsage of job (MB)
	4981724  -  ResidentSetSize of job (KB)
...
006 (7217787.006.000) 09/23 13:46:54 Image size of job updated: 5479768
	4865  -  MemoryUsage of job (MB)
	4981724  -  ResidentSetSize of job (KB)
...
006 (7217787.006.000) 09/23 13:51:54 Image size of job updated: 5665960
	4865  -  MemoryUsage of job (MB)
	4981724  -  ResidentSetSize of job (KB)
...
006 (7217787.006.000) 09/23 13:56:56 Image size of job updated: 5671616
	5130  -  MemoryUsage of job (MB)
	5252612  -  ResidentSetSize of job (KB)
...
006 (7217787.006.000) 09/23 14:01:56 Image size of job updated: 5685104
	5132  -  MemoryUsage of job (MB)
	5254972  -  ResidentSetSize of job (KB)
...
006 (7217787.006.000) 09/23 14:06:56 Image size of job updated: 5804876
	5250  -  MemoryUsage of job (MB)
	5375704  -  ResidentSetSize of job (KB)
...
006 (7217787.006.000) 09/23 14:11:57 Image size of job updated: 5869516
	5250  -  MemoryUsage of job (MB)
	5375704  -  ResidentSetSize of job (KB)
...
006 (7217787.006.000) 09/23 14:16:57 Image size of job updated: 6014868
	5250  -  MemoryUsage of job (MB)
	5375704  -  ResidentSetSize of job (KB)
...
006 (7217787.006.000) 09/23 14:21:58 Image size of job updated: 6040232
	5250  -  MemoryUsage of job (MB)
	5375704  -  ResidentSetSize of job (KB)
...
006 (7217787.006.000) 09/23 14:26:59 Image size of job updated: 6043264
	5250  -  MemoryUsage of job (MB)
	5375704  -  ResidentSetSize of job (KB)
...
006 (7217787.006.000) 09/23 14:31:59 Image size of job updated: 6165816
	5250  -  MemoryUsage of job (MB)
	5375704  -  ResidentSetSize of job (KB)
...
006 (7217787.006.000) 09/23 14:37:00 Image size of job updated: 6413116
	5844  -  MemoryUsage of job (MB)
	5983944  -  ResidentSetSize of job (KB)
...
006 (7217787.006.000) 09/23 15:02:02 Image size of job updated: 7380960
	7208  -  MemoryUsage of job (MB)
	7380960  -  ResidentSetSize of job (KB)
...
006 (7217787.006.000) 09/23 15:07:02 Image size of job updated: 8052124
	7864  -  MemoryUsage of job (MB)
	8052124  -  ResidentSetSize of job (KB)
...
006 (7217787.006.000) 09/23 15:11:06 Image size of job updated: 8564572
	7864  -  MemoryUsage of job (MB)
	8052124  -  ResidentSetSize of job (KB)
...
040 (7217787.006.000) 09/23 15:11:06 Started transferring output files
...
040 (7217787.006.000) 09/23 15:11:06 Finished transferring output files
...
005 (7217787.006.000) 09/23 15:11:06 Job terminated.
	(1) Normal termination (return value 50)
		Usr 0 01:27:02, Sys 0 00:09:42  -  Run Remote Usage
		Usr 0 00:00:00, Sys 0 00:00:00  -  Run Local Usage
		Usr 0 01:27:02, Sys 0 00:09:42  -  Total Remote Usage
		Usr 0 00:00:00, Sys 0 00:00:00  -  Total Local Usage
	75115  -  Run Bytes Sent By Job
	1408  -  Run Bytes Received By Job
	75115  -  Total Bytes Sent By Job
	1408  -  Total Bytes Received By Job
	Partitionable Resources :      Usage  Request Allocated Assigned
	   Cpus                 :       1.00        1         1 
	   Disk (KB)            : 3528825           2   6881516 
	   Gpus (Average)       :       0.04        1         1 "GPU-9da60805"
	   GpusMemory (MB)      :    8048                       
	   Memory (MB)          :    7864        2000      2000 

	Job terminated of its own accord at 2024-09-23T13:11:06Z with exit-code 50.
...
