000 (7217787.001.000) 09/23 13:21:14 Job submitted from host: <137.138.44.55:9618?addrs=137.138.44.55-9618+[2001-1458-d00-1a--48]-9618&alias=bigbird17.cern.ch&noUDP&sock=schedd_1981_6134>
...
040 (7217787.001.000) 09/23 13:21:41 Started transferring input files
	Transferring to host: <188.185.238.10:9618?addrs=188.185.238.10-9618+[2001-1458-303-28--100-6]-9618&alias=b9pgpun002.cern.ch&noUDP&sock=slot1_2_1420705_f206_17166>
...
040 (7217787.001.000) 09/23 13:21:42 Finished transferring input files
...
001 (7217787.001.000) 09/23 13:21:43 Job executing on host: <188.185.238.10:9618?addrs=188.185.238.10-9618+[2001-1458-303-28--100-6]-9618&alias=b9pgpun002.cern.ch&noUDP&sock=startd_600104_020a>
	SlotName: slot1_2@b9pgpun002.cern.ch
	AvailableGPUs = { GPUs_GPU_195dba93 }
	CondorScratchDir = "/pool/condor/dir_1672451"
	Cpus = 1
	Disk = 6881516
	GPUs = 1
	GPUs_GPU_195dba93 = [ GlobalMemoryMb = 95235; MaxSupportedVersion = 12040; DriverVersion = 12.4; DeviceName = "NVIDIA H100 NVL"; CoresPerCU = 128; ECCEnabled = true; ComputeUnits = 132; ClockMhz = 1785.0; Id = "GPU-195dba93"; Capability = 9.0; DevicePciBusId = "0000:3B:00.0"; DeviceUuid = "195dba93-e951-b119-dea3-1f3b18bdda48" ]
	Memory = 2000
...
006 (7217787.001.000) 09/23 13:21:51 Image size of job updated: 2408536
	2353  -  MemoryUsage of job (MB)
	2408452  -  ResidentSetSize of job (KB)
...
006 (7217787.001.000) 09/23 13:26:51 Image size of job updated: 2861228
	2795  -  MemoryUsage of job (MB)
	2861228  -  ResidentSetSize of job (KB)
...
006 (7217787.001.000) 09/23 13:31:53 Image size of job updated: 3100444
	2945  -  MemoryUsage of job (MB)
	3015588  -  ResidentSetSize of job (KB)
...
006 (7217787.001.000) 09/23 13:36:53 Image size of job updated: 4106280
	4011  -  MemoryUsage of job (MB)
	4106268  -  ResidentSetSize of job (KB)
...
006 (7217787.001.000) 09/23 13:41:53 Image size of job updated: 5542768
	4193  -  MemoryUsage of job (MB)
	4293092  -  ResidentSetSize of job (KB)
...
006 (7217787.001.000) 09/23 13:46:54 Image size of job updated: 5722604
	4193  -  MemoryUsage of job (MB)
	4293092  -  ResidentSetSize of job (KB)
...
006 (7217787.001.000) 09/23 13:51:54 Image size of job updated: 5963452
	4373  -  MemoryUsage of job (MB)
	4477528  -  ResidentSetSize of job (KB)
...
006 (7217787.001.000) 09/23 13:56:54 Image size of job updated: 6216508
	5652  -  MemoryUsage of job (MB)
	5787332  -  ResidentSetSize of job (KB)
...
006 (7217787.001.000) 09/23 14:01:55 Image size of job updated: 6463632
	5894  -  MemoryUsage of job (MB)
	6034460  -  ResidentSetSize of job (KB)
...
006 (7217787.001.000) 09/23 14:06:55 Image size of job updated: 6609788
	6402  -  MemoryUsage of job (MB)
	6555472  -  ResidentSetSize of job (KB)
...
006 (7217787.001.000) 09/23 14:11:57 Image size of job updated: 6799344
	6402  -  MemoryUsage of job (MB)
	6555472  -  ResidentSetSize of job (KB)
...
006 (7217787.001.000) 09/23 14:16:57 Image size of job updated: 6803412
	6402  -  MemoryUsage of job (MB)
	6555472  -  ResidentSetSize of job (KB)
...
006 (7217787.001.000) 09/23 14:21:57 Image size of job updated: 6845556
	6633  -  MemoryUsage of job (MB)
	6791660  -  ResidentSetSize of job (KB)
...
006 (7217787.001.000) 09/23 14:26:58 Image size of job updated: 6854860
	6633  -  MemoryUsage of job (MB)
	6791660  -  ResidentSetSize of job (KB)
...
006 (7217787.001.000) 09/23 14:57:01 Image size of job updated: 9036612
	8825  -  MemoryUsage of job (MB)
	9036612  -  ResidentSetSize of job (KB)
...
006 (7217787.001.000) 09/23 15:02:03 Image size of job updated: 9730116
	9503  -  MemoryUsage of job (MB)
	9730116  -  ResidentSetSize of job (KB)
...
006 (7217787.001.000) 09/23 15:06:25 Image size of job updated: 10294852
	9503  -  MemoryUsage of job (MB)
	9730116  -  ResidentSetSize of job (KB)
...
040 (7217787.001.000) 09/23 15:06:25 Started transferring output files
...
040 (7217787.001.000) 09/23 15:06:25 Finished transferring output files
...
005 (7217787.001.000) 09/23 15:06:25 Job terminated.
	(1) Normal termination (return value 50)
		Usr 0 01:17:03, Sys 0 00:09:33  -  Run Remote Usage
		Usr 0 00:00:00, Sys 0 00:00:00  -  Run Local Usage
		Usr 0 01:17:03, Sys 0 00:09:33  -  Total Remote Usage
		Usr 0 00:00:00, Sys 0 00:00:00  -  Total Local Usage
	75116  -  Run Bytes Sent By Job
	1408  -  Run Bytes Received By Job
	75116  -  Total Bytes Sent By Job
	1408  -  Total Bytes Received By Job
	Partitionable Resources :      Usage  Request Allocated Assigned
	   Cpus                 :       1.00        1         1 
	   Disk (KB)            : 3528825           2   6881516 
	   Gpus (Average)       :       0.04        1         1 "GPU-195dba93"
	   GpusMemory (MB)      :    8048                       
	   Memory (MB)          :    9503        2000      2000 

	Job terminated of its own accord at 2024-09-23T13:06:25Z with exit-code 50.
...
