000 (7227815.005.000) 10/02 08:39:18 Job submitted from host: <137.138.44.55:9618?addrs=137.138.44.55-9618+[2001-1458-d00-1a--48]-9618&alias=bigbird17.cern.ch&noUDP&sock=schedd_1981_6134>
...
040 (7227815.005.000) 10/02 21:00:47 Started transferring input files
	Transferring to host: <128.142.248.241:9618?addrs=128.142.248.241-9618+[2001-1458-301-73--100-f0]-9618&alias=b9g23p2273.cern.ch&noUDP&sock=slot1_24_5517_f9b9_31451>
...
040 (7227815.005.000) 10/02 21:00:47 Finished transferring input files
...
001 (7227815.005.000) 10/02 21:00:48 Job executing on host: <128.142.248.241:9618?addrs=128.142.248.241-9618+[2001-1458-301-73--100-f0]-9618&alias=b9g23p2273.cern.ch&noUDP&sock=startd_4219_7628>
	SlotName: slot1_24@b9g23p2273.cern.ch
	CondorScratchDir = "/pool/condor/dir_2552933"
	Cpus = 1
	Disk = 2993533
	Memory = 2000
...
006 (7227815.005.000) 10/02 21:00:57 Image size of job updated: 867708
	848  -  MemoryUsage of job (MB)
	867648  -  ResidentSetSize of job (KB)
...
006 (7227815.005.000) 10/02 21:05:57 Image size of job updated: 1144984
	900  -  MemoryUsage of job (MB)
	920848  -  ResidentSetSize of job (KB)
...
006 (7227815.005.000) 10/03 04:56:48 Image size of job updated: 2426340
	2370  -  MemoryUsage of job (MB)
	2426340  -  ResidentSetSize of job (KB)
...
006 (7227815.005.000) 10/03 05:01:48 Image size of job updated: 2799672
	2734  -  MemoryUsage of job (MB)
	2799436  -  ResidentSetSize of job (KB)
...
006 (7227815.005.000) 10/03 05:06:49 Image size of job updated: 3172880
	3099  -  MemoryUsage of job (MB)
	3172672  -  ResidentSetSize of job (KB)
...
006 (7227815.005.000) 10/03 05:10:11 Image size of job updated: 3387088
	3099  -  MemoryUsage of job (MB)
	3173000  -  ResidentSetSize of job (KB)
...
040 (7227815.005.000) 10/03 05:10:12 Started transferring output files
...
040 (7227815.005.000) 10/03 05:10:12 Finished transferring output files
...
005 (7227815.005.000) 10/03 05:10:12 Job terminated.
	(1) Normal termination (return value 50)
		Usr 0 07:58:52, Sys 0 00:05:59  -  Run Remote Usage
		Usr 0 00:00:00, Sys 0 00:00:00  -  Run Local Usage
		Usr 0 07:58:52, Sys 0 00:05:59  -  Total Remote Usage
		Usr 0 00:00:00, Sys 0 00:00:00  -  Total Local Usage
	16439  -  Run Bytes Sent By Job
	2435  -  Run Bytes Received By Job
	16439  -  Total Bytes Sent By Job
	2435  -  Total Bytes Received By Job
	Partitionable Resources :      Usage  Request Allocated 
	   Cpus                 :       0.97        1         1 
	   Disk (KB)            : 1711292           3   2993533 
	   Memory (MB)          :    3099        2000      2000 

	Job terminated of its own accord at 2024-10-03T03:10:11Z with exit-code 50.
...
