000 (7187350.004.000) 08/26 07:58:32 Job submitted from host: <137.138.44.55:9618?addrs=137.138.44.55-9618+[2001-1458-d00-1a--48]-9618&alias=bigbird17.cern.ch&noUDP&sock=schedd_23962_8474>
...
040 (7187350.004.000) 08/26 16:37:30 Started transferring input files
	Transferring to host: <128.142.248.81:9618?addrs=128.142.248.81-9618+[2001-1458-301-73--100-141]-9618&alias=b9g23p3234.cern.ch&noUDP&sock=slot1_29_3493222_a91c_10784>
...
040 (7187350.004.000) 08/26 16:37:30 Finished transferring input files
...
001 (7187350.004.000) 08/26 16:37:31 Job executing on host: <128.142.248.81:9618?addrs=128.142.248.81-9618+[2001-1458-301-73--100-141]-9618&alias=b9g23p3234.cern.ch&noUDP&sock=startd_5923_4389>
	SlotName: slot1_29@b9g23p3234.cern.ch
	CondorScratchDir = "/pool/condor/dir_369076"
	Cpus = 1
	Disk = 3087376
	Memory = 2000
...
006 (7187350.004.000) 08/26 16:37:40 Image size of job updated: 925568
	904  -  MemoryUsage of job (MB)
	925560  -  ResidentSetSize of job (KB)
...
006 (7187350.004.000) 08/26 16:42:41 Image size of job updated: 1016368
	908  -  MemoryUsage of job (MB)
	929316  -  ResidentSetSize of job (KB)
...
006 (7187350.004.000) 08/27 06:24:08 Image size of job updated: 1243840
	1093  -  MemoryUsage of job (MB)
	1118248  -  ResidentSetSize of job (KB)
...
006 (7187350.004.000) 08/27 06:29:08 Image size of job updated: 1486916
	1453  -  MemoryUsage of job (MB)
	1486916  -  ResidentSetSize of job (KB)
...
006 (7187350.004.000) 08/27 06:34:09 Image size of job updated: 1885768
	1840  -  MemoryUsage of job (MB)
	1883788  -  ResidentSetSize of job (KB)
...
006 (7187350.004.000) 08/27 06:39:09 Image size of job updated: 2156292
	2074  -  MemoryUsage of job (MB)
	2123668  -  ResidentSetSize of job (KB)
...
006 (7187350.004.000) 08/27 06:44:10 Image size of job updated: 2374348
	2311  -  MemoryUsage of job (MB)
	2365968  -  ResidentSetSize of job (KB)
...
006 (7187350.004.000) 08/27 06:49:10 Image size of job updated: 4866228
	4746  -  MemoryUsage of job (MB)
	4859752  -  ResidentSetSize of job (KB)
...
006 (7187350.004.000) 08/27 06:54:11 Image size of job updated: 5132788
	5013  -  MemoryUsage of job (MB)
	5132788  -  ResidentSetSize of job (KB)
...
006 (7187350.004.000) 08/27 06:59:11 Image size of job updated: 5414692
	5288  -  MemoryUsage of job (MB)
	5414692  -  ResidentSetSize of job (KB)
...
006 (7187350.004.000) 08/27 07:04:12 Image size of job updated: 5468948
	5289  -  MemoryUsage of job (MB)
	5414948  -  ResidentSetSize of job (KB)
...
006 (7187350.004.000) 08/27 07:19:13 Image size of job updated: 5468948
	5307  -  MemoryUsage of job (MB)
	5433756  -  ResidentSetSize of job (KB)
...
006 (7187350.004.000) 08/27 07:24:13 Image size of job updated: 5718776
	5585  -  MemoryUsage of job (MB)
	5718776  -  ResidentSetSize of job (KB)
...
006 (7187350.004.000) 08/27 07:29:14 Image size of job updated: 5964504
	5825  -  MemoryUsage of job (MB)
	5964504  -  ResidentSetSize of job (KB)
...
006 (7187350.004.000) 08/27 07:34:14 Image size of job updated: 6263092
	6117  -  MemoryUsage of job (MB)
	6263092  -  ResidentSetSize of job (KB)
...
006 (7187350.004.000) 08/27 07:39:15 Image size of job updated: 6572836
	6419  -  MemoryUsage of job (MB)
	6572836  -  ResidentSetSize of job (KB)
...
006 (7187350.004.000) 08/27 07:44:15 Image size of job updated: 6859340
	6699  -  MemoryUsage of job (MB)
	6859340  -  ResidentSetSize of job (KB)
...
006 (7187350.004.000) 08/27 07:49:16 Image size of job updated: 7176804
	7009  -  MemoryUsage of job (MB)
	7176804  -  ResidentSetSize of job (KB)
...
006 (7187350.004.000) 08/27 07:54:16 Image size of job updated: 7436784
	7263  -  MemoryUsage of job (MB)
	7436784  -  ResidentSetSize of job (KB)
...
006 (7187350.004.000) 08/27 07:59:17 Image size of job updated: 7726460
	7546  -  MemoryUsage of job (MB)
	7726460  -  ResidentSetSize of job (KB)
...
006 (7187350.004.000) 08/27 08:04:17 Image size of job updated: 7912748
	7590  -  MemoryUsage of job (MB)
	7771180  -  ResidentSetSize of job (KB)
...
006 (7187350.004.000) 08/27 08:09:18 Image size of job updated: 7912748
	7604  -  MemoryUsage of job (MB)
	7786488  -  ResidentSetSize of job (KB)
...
006 (7187350.004.000) 08/27 08:49:22 Image size of job updated: 8074780
	7886  -  MemoryUsage of job (MB)
	8074780  -  ResidentSetSize of job (KB)
...
006 (7187350.004.000) 08/27 08:54:22 Image size of job updated: 8359016
	8164  -  MemoryUsage of job (MB)
	8359016  -  ResidentSetSize of job (KB)
...
006 (7187350.004.000) 08/27 08:59:23 Image size of job updated: 8519976
	8164  -  MemoryUsage of job (MB)
	8359016  -  ResidentSetSize of job (KB)
...
040 (7187350.004.000) 08/27 08:59:34 Started transferring output files
...
040 (7187350.004.000) 08/27 08:59:34 Finished transferring output files
...
005 (7187350.004.000) 08/27 08:59:36 Job terminated.
	(1) Normal termination (return value 50)
		Usr 0 16:13:03, Sys 0 00:04:14  -  Run Remote Usage
		Usr 0 00:00:00, Sys 0 00:00:00  -  Run Local Usage
		Usr 0 16:13:03, Sys 0 00:04:14  -  Total Remote Usage
		Usr 0 00:00:00, Sys 0 00:00:00  -  Total Local Usage
	88026  -  Run Bytes Sent By Job
	2949  -  Run Bytes Received By Job
	88026  -  Total Bytes Sent By Job
	2949  -  Total Bytes Received By Job
	Partitionable Resources :      Usage  Request Allocated 
	   Cpus                 :       1.00        1         1 
	   Disk (KB)            : 7681515           3   3087376 
	   Memory (MB)          :    8164        2000      2000 

	Job terminated of its own accord at 2024-08-27T06:59:33Z with exit-code 50.
...
