000 (7187350.006.000) 08/26 07:58:32 Job submitted from host: <137.138.44.55:9618?addrs=137.138.44.55-9618+[2001-1458-d00-1a--48]-9618&alias=bigbird17.cern.ch&noUDP&sock=schedd_23962_8474>
...
040 (7187350.006.000) 08/26 16:37:31 Started transferring input files
	Transferring to host: <128.142.248.197:9618?addrs=128.142.248.197-9618+[2001-1458-301-73--100-c4]-9618&alias=b9g23p2961.cern.ch&noUDP&sock=slot1_8_7499_794a_5087>
...
040 (7187350.006.000) 08/26 16:37:31 Finished transferring input files
...
001 (7187350.006.000) 08/26 16:37:32 Job executing on host: <128.142.248.197:9618?addrs=128.142.248.197-9618+[2001-1458-301-73--100-c4]-9618&alias=b9g23p2961.cern.ch&noUDP&sock=startd_5911_0866>
	SlotName: slot1_8@b9g23p2961.cern.ch
	CondorScratchDir = "/pool/condor/dir_554434"
	Cpus = 1
	Disk = 3026867
	Memory = 2000
...
006 (7187350.006.000) 08/26 16:37:41 Image size of job updated: 1008504
	556  -  MemoryUsage of job (MB)
	569044  -  ResidentSetSize of job (KB)
...
006 (7187350.006.000) 08/26 16:42:42 Image size of job updated: 1008504
	785  -  MemoryUsage of job (MB)
	803540  -  ResidentSetSize of job (KB)
...
006 (7187350.006.000) 08/26 16:47:42 Image size of job updated: 1008504
	835  -  MemoryUsage of job (MB)
	854956  -  ResidentSetSize of job (KB)
...
006 (7187350.006.000) 08/26 16:52:43 Image size of job updated: 1008504
	856  -  MemoryUsage of job (MB)
	876392  -  ResidentSetSize of job (KB)
...
006 (7187350.006.000) 08/26 16:57:43 Image size of job updated: 1008504
	876  -  MemoryUsage of job (MB)
	896568  -  ResidentSetSize of job (KB)
...
006 (7187350.006.000) 08/26 17:02:44 Image size of job updated: 1008504
	888  -  MemoryUsage of job (MB)
	908800  -  ResidentSetSize of job (KB)
...
006 (7187350.006.000) 08/26 17:07:45 Image size of job updated: 1008504
	902  -  MemoryUsage of job (MB)
	922996  -  ResidentSetSize of job (KB)
...
006 (7187350.006.000) 08/26 17:12:45 Image size of job updated: 1008504
	927  -  MemoryUsage of job (MB)
	948360  -  ResidentSetSize of job (KB)
...
006 (7187350.006.000) 08/26 17:17:46 Image size of job updated: 1008504
	954  -  MemoryUsage of job (MB)
	976212  -  ResidentSetSize of job (KB)
...
006 (7187350.006.000) 08/26 17:22:46 Image size of job updated: 1041716
	1008  -  MemoryUsage of job (MB)
	1032072  -  ResidentSetSize of job (KB)
...
006 (7187350.006.000) 08/26 17:27:47 Image size of job updated: 1110628
	1070  -  MemoryUsage of job (MB)
	1094660  -  ResidentSetSize of job (KB)
...
006 (7187350.006.000) 08/26 17:32:47 Image size of job updated: 1110628
	1071  -  MemoryUsage of job (MB)
	1096452  -  ResidentSetSize of job (KB)
...
006 (7187350.006.000) 08/27 04:43:54 Image size of job updated: 1359944
	1193  -  MemoryUsage of job (MB)
	1221520  -  ResidentSetSize of job (KB)
...
006 (7187350.006.000) 08/27 04:48:54 Image size of job updated: 1525792
	1486  -  MemoryUsage of job (MB)
	1520872  -  ResidentSetSize of job (KB)
...
006 (7187350.006.000) 08/27 04:53:54 Image size of job updated: 1933820
	1889  -  MemoryUsage of job (MB)
	1933820  -  ResidentSetSize of job (KB)
...
006 (7187350.006.000) 08/27 04:58:55 Image size of job updated: 2186096
	2128  -  MemoryUsage of job (MB)
	2178224  -  ResidentSetSize of job (KB)
...
006 (7187350.006.000) 08/27 05:03:55 Image size of job updated: 2480096
	2128  -  MemoryUsage of job (MB)
	2178224  -  ResidentSetSize of job (KB)
...
006 (7187350.006.000) 08/27 05:08:56 Image size of job updated: 3900860
	3810  -  MemoryUsage of job (MB)
	3900628  -  ResidentSetSize of job (KB)
...
006 (7187350.006.000) 08/27 05:13:56 Image size of job updated: 4198812
	4101  -  MemoryUsage of job (MB)
	4198812  -  ResidentSetSize of job (KB)
...
006 (7187350.006.000) 08/27 05:18:57 Image size of job updated: 4500600
	4396  -  MemoryUsage of job (MB)
	4500600  -  ResidentSetSize of job (KB)
...
006 (7187350.006.000) 08/27 05:23:57 Image size of job updated: 4731584
	4621  -  MemoryUsage of job (MB)
	4731584  -  ResidentSetSize of job (KB)
...
006 (7187350.006.000) 08/27 05:28:58 Image size of job updated: 5040200
	4923  -  MemoryUsage of job (MB)
	5040200  -  ResidentSetSize of job (KB)
...
006 (7187350.006.000) 08/27 05:33:58 Image size of job updated: 5282460
	5159  -  MemoryUsage of job (MB)
	5282460  -  ResidentSetSize of job (KB)
...
006 (7187350.006.000) 08/27 05:38:58 Image size of job updated: 5576340
	5446  -  MemoryUsage of job (MB)
	5576336  -  ResidentSetSize of job (KB)
...
006 (7187350.006.000) 08/27 05:43:59 Image size of job updated: 5787920
	5653  -  MemoryUsage of job (MB)
	5787920  -  ResidentSetSize of job (KB)
...
006 (7187350.006.000) 08/27 05:48:59 Image size of job updated: 6041020
	5900  -  MemoryUsage of job (MB)
	6041020  -  ResidentSetSize of job (KB)
...
006 (7187350.006.000) 08/27 05:54:00 Image size of job updated: 6338420
	6190  -  MemoryUsage of job (MB)
	6338228  -  ResidentSetSize of job (KB)
...
006 (7187350.006.000) 08/27 05:59:00 Image size of job updated: 6623380
	6469  -  MemoryUsage of job (MB)
	6623380  -  ResidentSetSize of job (KB)
...
006 (7187350.006.000) 08/27 06:04:01 Image size of job updated: 6955176
	6793  -  MemoryUsage of job (MB)
	6955176  -  ResidentSetSize of job (KB)
...
006 (7187350.006.000) 08/27 06:09:01 Image size of job updated: 7264492
	7095  -  MemoryUsage of job (MB)
	7264492  -  ResidentSetSize of job (KB)
...
006 (7187350.006.000) 08/27 06:14:02 Image size of job updated: 7487900
	7313  -  MemoryUsage of job (MB)
	7487900  -  ResidentSetSize of job (KB)
...
006 (7187350.006.000) 08/27 06:19:02 Image size of job updated: 7801224
	7619  -  MemoryUsage of job (MB)
	7801224  -  ResidentSetSize of job (KB)
...
006 (7187350.006.000) 08/27 06:24:03 Image size of job updated: 8128300
	7938  -  MemoryUsage of job (MB)
	8128300  -  ResidentSetSize of job (KB)
...
006 (7187350.006.000) 08/27 06:29:03 Image size of job updated: 8405836
	8209  -  MemoryUsage of job (MB)
	8405836  -  ResidentSetSize of job (KB)
...
006 (7187350.006.000) 08/27 06:34:05 Image size of job updated: 8705040
	8502  -  MemoryUsage of job (MB)
	8705040  -  ResidentSetSize of job (KB)
...
006 (7187350.006.000) 08/27 06:39:05 Image size of job updated: 8983352
	8773  -  MemoryUsage of job (MB)
	8983352  -  ResidentSetSize of job (KB)
...
006 (7187350.006.000) 08/27 06:44:05 Image size of job updated: 9083108
	8863  -  MemoryUsage of job (MB)
	9074712  -  ResidentSetSize of job (KB)
...
006 (7187350.006.000) 08/27 06:49:06 Image size of job updated: 9398548
	9179  -  MemoryUsage of job (MB)
	9398548  -  ResidentSetSize of job (KB)
...
006 (7187350.006.000) 08/27 06:54:06 Image size of job updated: 9631268
	9406  -  MemoryUsage of job (MB)
	9631268  -  ResidentSetSize of job (KB)
...
006 (7187350.006.000) 08/27 06:59:07 Image size of job updated: 9933164
	9701  -  MemoryUsage of job (MB)
	9933160  -  ResidentSetSize of job (KB)
...
006 (7187350.006.000) 08/27 07:04:07 Image size of job updated: 10009092
	9701  -  MemoryUsage of job (MB)
	9933160  -  ResidentSetSize of job (KB)
...
040 (7187350.006.000) 08/27 07:12:58 Started transferring output files
...
040 (7187350.006.000) 08/27 07:12:58 Finished transferring output files
...
005 (7187350.006.000) 08/27 07:12:58 Job terminated.
	(1) Normal termination (return value 50)
		Usr 0 14:29:15, Sys 0 00:03:01  -  Run Remote Usage
		Usr 0 00:00:00, Sys 0 00:00:00  -  Run Local Usage
		Usr 0 14:29:15, Sys 0 00:03:01  -  Total Remote Usage
		Usr 0 00:00:00, Sys 0 00:00:00  -  Total Local Usage
	88015  -  Run Bytes Sent By Job
	2949  -  Run Bytes Received By Job
	88015  -  Total Bytes Sent By Job
	2949  -  Total Bytes Received By Job
	Partitionable Resources :      Usage  Request Allocated 
	   Cpus                 :       1.00        1         1 
	   Disk (KB)            : 7803559           3   3026867 
	   Memory (MB)          :    9701        2000      2000 

	Job terminated of its own accord at 2024-08-27T05:12:57Z with exit-code 50.
...
