000 (7216730.005.000) 09/18 03:14:58 Job submitted from host: <137.138.44.55:9618?addrs=137.138.44.55-9618+[2001-1458-d00-1a--48]-9618&alias=bigbird17.cern.ch&noUDP&sock=schedd_1981_6134>
...
040 (7216730.005.000) 09/18 11:40:16 Started transferring input files
	Transferring to host: <128.142.248.81:9618?addrs=128.142.248.81-9618+[2001-1458-301-73--100-141]-9618&alias=b9g23p3234.cern.ch&noUDP&sock=slot1_10_133542_2b70_20726>
...
040 (7216730.005.000) 09/18 11:40:16 Finished transferring input files
...
001 (7216730.005.000) 09/18 11:40:17 Job executing on host: <128.142.248.81:9618?addrs=128.142.248.81-9618+[2001-1458-301-73--100-141]-9618&alias=b9g23p3234.cern.ch&noUDP&sock=startd_2952_67aa>
	SlotName: slot1_10@b9g23p3234.cern.ch
	CondorScratchDir = "/pool/condor/dir_3798514"
	Cpus = 1
	Disk = 3007396
	Memory = 2000
...
006 (7216730.005.000) 09/18 11:40:26 Image size of job updated: 688608
	673  -  MemoryUsage of job (MB)
	688608  -  ResidentSetSize of job (KB)
...
006 (7216730.005.000) 09/18 11:45:27 Image size of job updated: 1778596
	1453  -  MemoryUsage of job (MB)
	1487464  -  ResidentSetSize of job (KB)
...
006 (7216730.005.000) 09/18 11:50:27 Image size of job updated: 1778596
	1456  -  MemoryUsage of job (MB)
	1490580  -  ResidentSetSize of job (KB)
...
006 (7216730.005.000) 09/18 11:55:28 Image size of job updated: 1778596
	1530  -  MemoryUsage of job (MB)
	1565988  -  ResidentSetSize of job (KB)
...
006 (7216730.005.000) 09/18 12:00:29 Image size of job updated: 1778596
	1578  -  MemoryUsage of job (MB)
	1615740  -  ResidentSetSize of job (KB)
...
006 (7216730.005.000) 09/18 12:05:30 Image size of job updated: 1778596
	1614  -  MemoryUsage of job (MB)
	1652220  -  ResidentSetSize of job (KB)
...
006 (7216730.005.000) 09/18 12:10:31 Image size of job updated: 1778596
	1638  -  MemoryUsage of job (MB)
	1677200  -  ResidentSetSize of job (KB)
...
006 (7216730.005.000) 09/18 12:15:32 Image size of job updated: 1778596
	1653  -  MemoryUsage of job (MB)
	1692560  -  ResidentSetSize of job (KB)
...
006 (7216730.005.000) 09/18 12:20:32 Image size of job updated: 1778596
	1675  -  MemoryUsage of job (MB)
	1714816  -  ResidentSetSize of job (KB)
...
006 (7216730.005.000) 09/18 12:25:33 Image size of job updated: 1778596
	1697  -  MemoryUsage of job (MB)
	1736900  -  ResidentSetSize of job (KB)
...
006 (7216730.005.000) 09/18 12:30:34 Image size of job updated: 1778596
	1716  -  MemoryUsage of job (MB)
	1756328  -  ResidentSetSize of job (KB)
...
006 (7216730.005.000) 09/18 12:35:35 Image size of job updated: 1796508
	1718  -  MemoryUsage of job (MB)
	1758376  -  ResidentSetSize of job (KB)
...
006 (7216730.005.000) 09/18 12:40:35 Image size of job updated: 1831648
	1779  -  MemoryUsage of job (MB)
	1821372  -  ResidentSetSize of job (KB)
...
006 (7216730.005.000) 09/18 12:45:35 Image size of job updated: 1853000
	1803  -  MemoryUsage of job (MB)
	1845912  -  ResidentSetSize of job (KB)
...
006 (7216730.005.000) 09/18 12:50:35 Image size of job updated: 1906584
	1846  -  MemoryUsage of job (MB)
	1889884  -  ResidentSetSize of job (KB)
...
006 (7216730.005.000) 09/18 12:55:35 Image size of job updated: 1967012
	1912  -  MemoryUsage of job (MB)
	1957880  -  ResidentSetSize of job (KB)
...
006 (7216730.005.000) 09/18 13:00:35 Image size of job updated: 2043896
	1996  -  MemoryUsage of job (MB)
	2043896  -  ResidentSetSize of job (KB)
...
006 (7216730.005.000) 09/18 13:05:35 Image size of job updated: 2132076
	2064  -  MemoryUsage of job (MB)
	2112768  -  ResidentSetSize of job (KB)
...
006 (7216730.005.000) 09/18 13:10:35 Image size of job updated: 2170688
	2112  -  MemoryUsage of job (MB)
	2162356  -  ResidentSetSize of job (KB)
...
006 (7216730.005.000) 09/18 13:15:36 Image size of job updated: 2217936
	2127  -  MemoryUsage of job (MB)
	2177688  -  ResidentSetSize of job (KB)
...
006 (7216730.005.000) 09/18 13:20:37 Image size of job updated: 2263144
	2199  -  MemoryUsage of job (MB)
	2250788  -  ResidentSetSize of job (KB)
...
006 (7216730.005.000) 09/18 13:25:38 Image size of job updated: 2304400
	2237  -  MemoryUsage of job (MB)
	2290312  -  ResidentSetSize of job (KB)
...
006 (7216730.005.000) 09/18 13:30:39 Image size of job updated: 2346616
	2285  -  MemoryUsage of job (MB)
	2339836  -  ResidentSetSize of job (KB)
...
006 (7216730.005.000) 09/18 13:35:40 Image size of job updated: 2445940
	2381  -  MemoryUsage of job (MB)
	2437280  -  ResidentSetSize of job (KB)
...
006 (7216730.005.000) 09/18 13:40:41 Image size of job updated: 2455544
	2390  -  MemoryUsage of job (MB)
	2447152  -  ResidentSetSize of job (KB)
...
006 (7216730.005.000) 09/18 13:45:41 Image size of job updated: 2484528
	2420  -  MemoryUsage of job (MB)
	2477256  -  ResidentSetSize of job (KB)
...
006 (7216730.005.000) 09/18 13:50:42 Image size of job updated: 2529516
	2464  -  MemoryUsage of job (MB)
	2523132  -  ResidentSetSize of job (KB)
...
006 (7216730.005.000) 09/18 13:55:43 Image size of job updated: 2547448
	2480  -  MemoryUsage of job (MB)
	2539080  -  ResidentSetSize of job (KB)
...
006 (7216730.005.000) 09/18 14:00:44 Image size of job updated: 2582428
	2512  -  MemoryUsage of job (MB)
	2572032  -  ResidentSetSize of job (KB)
...
006 (7216730.005.000) 09/18 14:05:45 Image size of job updated: 2607724
	2540  -  MemoryUsage of job (MB)
	2600708  -  ResidentSetSize of job (KB)
...
006 (7216730.005.000) 09/18 14:10:45 Image size of job updated: 2645576
	2576  -  MemoryUsage of job (MB)
	2637020  -  ResidentSetSize of job (KB)
...
006 (7216730.005.000) 09/18 14:15:45 Image size of job updated: 2670076
	2601  -  MemoryUsage of job (MB)
	2662508  -  ResidentSetSize of job (KB)
...
006 (7216730.005.000) 09/18 14:20:45 Image size of job updated: 2725256
	2657  -  MemoryUsage of job (MB)
	2719984  -  ResidentSetSize of job (KB)
...
006 (7216730.005.000) 09/18 14:25:45 Image size of job updated: 2767436
	2687  -  MemoryUsage of job (MB)
	2751268  -  ResidentSetSize of job (KB)
...
006 (7216730.005.000) 09/18 14:30:45 Image size of job updated: 2796412
	2723  -  MemoryUsage of job (MB)
	2787844  -  ResidentSetSize of job (KB)
...
006 (7216730.005.000) 09/18 14:35:45 Image size of job updated: 2808596
	2737  -  MemoryUsage of job (MB)
	2802424  -  ResidentSetSize of job (KB)
...
006 (7216730.005.000) 09/18 14:40:46 Image size of job updated: 2821480
	2747  -  MemoryUsage of job (MB)
	2812920  -  ResidentSetSize of job (KB)
...
006 (7216730.005.000) 09/18 14:45:47 Image size of job updated: 2840100
	2766  -  MemoryUsage of job (MB)
	2832352  -  ResidentSetSize of job (KB)
...
006 (7216730.005.000) 09/18 14:50:48 Image size of job updated: 2925036
	2846  -  MemoryUsage of job (MB)
	2913496  -  ResidentSetSize of job (KB)
...
006 (7216730.005.000) 09/18 14:55:49 Image size of job updated: 2973944
	2892  -  MemoryUsage of job (MB)
	2960416  -  ResidentSetSize of job (KB)
...
006 (7216730.005.000) 09/18 15:00:50 Image size of job updated: 2989128
	2914  -  MemoryUsage of job (MB)
	2982920  -  ResidentSetSize of job (KB)
...
006 (7216730.005.000) 09/18 15:05:51 Image size of job updated: 3157612
	3084  -  MemoryUsage of job (MB)
	3157612  -  ResidentSetSize of job (KB)
...
006 (7216730.005.000) 09/18 15:10:52 Image size of job updated: 3219120
	3143  -  MemoryUsage of job (MB)
	3217548  -  ResidentSetSize of job (KB)
...
006 (7216730.005.000) 09/18 15:15:53 Image size of job updated: 3389668
	3298  -  MemoryUsage of job (MB)
	3376744  -  ResidentSetSize of job (KB)
...
006 (7216730.005.000) 09/18 15:20:54 Image size of job updated: 3418756
	3333  -  MemoryUsage of job (MB)
	3412572  -  ResidentSetSize of job (KB)
...
006 (7216730.005.000) 09/18 15:25:54 Image size of job updated: 3493792
	3406  -  MemoryUsage of job (MB)
	3486980  -  ResidentSetSize of job (KB)
...
006 (7216730.005.000) 09/18 15:30:55 Image size of job updated: 3545968
	3458  -  MemoryUsage of job (MB)
	3540196  -  ResidentSetSize of job (KB)
...
006 (7216730.005.000) 09/18 15:35:56 Image size of job updated: 3682392
	3597  -  MemoryUsage of job (MB)
	3682392  -  ResidentSetSize of job (KB)
...
006 (7216730.005.000) 09/18 15:40:56 Image size of job updated: 3759556
	3662  -  MemoryUsage of job (MB)
	3749804  -  ResidentSetSize of job (KB)
...
006 (7216730.005.000) 09/18 15:45:56 Image size of job updated: 4096936
	4001  -  MemoryUsage of job (MB)
	4096936  -  ResidentSetSize of job (KB)
...
006 (7216730.005.000) 09/18 15:50:56 Image size of job updated: 4408584
	4236  -  MemoryUsage of job (MB)
	4337648  -  ResidentSetSize of job (KB)
...
006 (7216730.005.000) 09/18 15:55:56 Image size of job updated: 4408584
	4277  -  MemoryUsage of job (MB)
	4378640  -  ResidentSetSize of job (KB)
...
006 (7216730.005.000) 09/18 16:00:56 Image size of job updated: 4495016
	4390  -  MemoryUsage of job (MB)
	4494764  -  ResidentSetSize of job (KB)
...
006 (7216730.005.000) 09/18 16:05:56 Image size of job updated: 4549696
	4444  -  MemoryUsage of job (MB)
	4549696  -  ResidentSetSize of job (KB)
...
006 (7216730.005.000) 09/18 16:10:56 Image size of job updated: 4608192
	4500  -  MemoryUsage of job (MB)
	4607980  -  ResidentSetSize of job (KB)
...
006 (7216730.005.000) 09/18 16:15:56 Image size of job updated: 4723020
	4613  -  MemoryUsage of job (MB)
	4723020  -  ResidentSetSize of job (KB)
...
006 (7216730.005.000) 09/18 16:20:56 Image size of job updated: 5826652
	5691  -  MemoryUsage of job (MB)
	5826652  -  ResidentSetSize of job (KB)
...
006 (7216730.005.000) 09/18 16:25:56 Image size of job updated: 6112364
	5970  -  MemoryUsage of job (MB)
	6112364  -  ResidentSetSize of job (KB)
...
006 (7216730.005.000) 09/18 16:30:56 Image size of job updated: 6381316
	6232  -  MemoryUsage of job (MB)
	6381200  -  ResidentSetSize of job (KB)
...
006 (7216730.005.000) 09/18 16:35:56 Image size of job updated: 6664032
	6508  -  MemoryUsage of job (MB)
	6664032  -  ResidentSetSize of job (KB)
...
006 (7216730.005.000) 09/18 16:40:56 Image size of job updated: 7020812
	6857  -  MemoryUsage of job (MB)
	7020812  -  ResidentSetSize of job (KB)
...
006 (7216730.005.000) 09/18 16:45:57 Image size of job updated: 7269008
	6857  -  MemoryUsage of job (MB)
	7021068  -  ResidentSetSize of job (KB)
...
006 (7216730.005.000) 09/18 17:00:59 Image size of job updated: 7269008
	6961  -  MemoryUsage of job (MB)
	7127856  -  ResidentSetSize of job (KB)
...
006 (7216730.005.000) 09/18 17:06:00 Image size of job updated: 7395992
	7223  -  MemoryUsage of job (MB)
	7395992  -  ResidentSetSize of job (KB)
...
006 (7216730.005.000) 09/18 17:11:01 Image size of job updated: 7691612
	7512  -  MemoryUsage of job (MB)
	7691612  -  ResidentSetSize of job (KB)
...
006 (7216730.005.000) 09/18 17:16:01 Image size of job updated: 7971288
	7785  -  MemoryUsage of job (MB)
	7971288  -  ResidentSetSize of job (KB)
...
006 (7216730.005.000) 09/18 17:20:52 Image size of job updated: 8115700
	7785  -  MemoryUsage of job (MB)
	7971800  -  ResidentSetSize of job (KB)
...
040 (7216730.005.000) 09/18 17:20:52 Started transferring output files
...
040 (7216730.005.000) 09/18 17:20:52 Finished transferring output files
...
005 (7216730.005.000) 09/18 17:20:52 Job terminated.
	(1) Normal termination (return value 0)
		Usr 0 05:24:42, Sys 0 00:06:59  -  Run Remote Usage
		Usr 0 00:00:00, Sys 0 00:00:00  -  Run Local Usage
		Usr 0 05:24:42, Sys 0 00:06:59  -  Total Remote Usage
		Usr 0 00:00:00, Sys 0 00:00:00  -  Total Local Usage
	19901  -  Run Bytes Sent By Job
	2949  -  Run Bytes Received By Job
	19901  -  Total Bytes Sent By Job
	2949  -  Total Bytes Received By Job
	Partitionable Resources :      Usage  Request Allocated 
	   Cpus                 :       0.99        1         1 
	   Disk (KB)            : 4592410           3   3007396 
	   Memory (MB)          :    7785        2000      2000 

	Job terminated of its own accord at 2024-09-18T15:20:52Z with exit-code 0.
...
