000 (7216730.003.000) 09/18 03:14:58 Job submitted from host: <137.138.44.55:9618?addrs=137.138.44.55-9618+[2001-1458-d00-1a--48]-9618&alias=bigbird17.cern.ch&noUDP&sock=schedd_1981_6134>
...
040 (7216730.003.000) 09/18 11:40:15 Started transferring input files
	Transferring to host: <128.142.248.123:9618?addrs=128.142.248.123-9618+[2001-1458-301-73--100-16b]-9618&alias=b9g23p2657.cern.ch&noUDP&sock=slot1_51_443391_d207_19189>
...
040 (7216730.003.000) 09/18 11:40:15 Finished transferring input files
...
001 (7216730.003.000) 09/18 11:40:16 Job executing on host: <128.142.248.123:9618?addrs=128.142.248.123-9618+[2001-1458-301-73--100-16b]-9618&alias=b9g23p2657.cern.ch&noUDP&sock=startd_7091_6a27>
	SlotName: slot1_51@b9g23p2657.cern.ch
	CondorScratchDir = "/pool/condor/dir_895571"
	Cpus = 1
	Disk = 3068191
	Memory = 2000
...
006 (7216730.003.000) 09/18 11:40:25 Image size of job updated: 625180
	611  -  MemoryUsage of job (MB)
	625128  -  ResidentSetSize of job (KB)
...
006 (7216730.003.000) 09/18 11:45:26 Image size of job updated: 1779148
	1450  -  MemoryUsage of job (MB)
	1484464  -  ResidentSetSize of job (KB)
...
006 (7216730.003.000) 09/18 11:50:26 Image size of job updated: 1779148
	1486  -  MemoryUsage of job (MB)
	1520724  -  ResidentSetSize of job (KB)
...
006 (7216730.003.000) 09/18 11:55:26 Image size of job updated: 1779148
	1519  -  MemoryUsage of job (MB)
	1555368  -  ResidentSetSize of job (KB)
...
006 (7216730.003.000) 09/18 12:00:26 Image size of job updated: 1779148
	1567  -  MemoryUsage of job (MB)
	1604480  -  ResidentSetSize of job (KB)
...
006 (7216730.003.000) 09/18 12:05:27 Image size of job updated: 1779148
	1602  -  MemoryUsage of job (MB)
	1640256  -  ResidentSetSize of job (KB)
...
006 (7216730.003.000) 09/18 12:10:28 Image size of job updated: 1779148
	1631  -  MemoryUsage of job (MB)
	1669316  -  ResidentSetSize of job (KB)
...
006 (7216730.003.000) 09/18 12:15:29 Image size of job updated: 1779148
	1646  -  MemoryUsage of job (MB)
	1685148  -  ResidentSetSize of job (KB)
...
006 (7216730.003.000) 09/18 12:20:30 Image size of job updated: 1779148
	1656  -  MemoryUsage of job (MB)
	1694932  -  ResidentSetSize of job (KB)
...
006 (7216730.003.000) 09/18 12:25:31 Image size of job updated: 1779148
	1684  -  MemoryUsage of job (MB)
	1723796  -  ResidentSetSize of job (KB)
...
006 (7216730.003.000) 09/18 12:30:31 Image size of job updated: 1779148
	1698  -  MemoryUsage of job (MB)
	1737956  -  ResidentSetSize of job (KB)
...
006 (7216730.003.000) 09/18 12:35:32 Image size of job updated: 1779148
	1717  -  MemoryUsage of job (MB)
	1758052  -  ResidentSetSize of job (KB)
...
006 (7216730.003.000) 09/18 12:40:33 Image size of job updated: 1804404
	1751  -  MemoryUsage of job (MB)
	1792728  -  ResidentSetSize of job (KB)
...
006 (7216730.003.000) 09/18 12:45:34 Image size of job updated: 1830968
	1779  -  MemoryUsage of job (MB)
	1820676  -  ResidentSetSize of job (KB)
...
006 (7216730.003.000) 09/18 12:50:35 Image size of job updated: 1849828
	1791  -  MemoryUsage of job (MB)
	1833164  -  ResidentSetSize of job (KB)
...
006 (7216730.003.000) 09/18 12:55:36 Image size of job updated: 1879768
	1827  -  MemoryUsage of job (MB)
	1870452  -  ResidentSetSize of job (KB)
...
006 (7216730.003.000) 09/18 13:00:36 Image size of job updated: 1959896
	1906  -  MemoryUsage of job (MB)
	1950804  -  ResidentSetSize of job (KB)
...
006 (7216730.003.000) 09/18 13:05:36 Image size of job updated: 1968060
	1906  -  MemoryUsage of job (MB)
	1951060  -  ResidentSetSize of job (KB)
...
006 (7216730.003.000) 09/18 13:10:36 Image size of job updated: 2122168
	2061  -  MemoryUsage of job (MB)
	2110452  -  ResidentSetSize of job (KB)
...
006 (7216730.003.000) 09/18 13:15:36 Image size of job updated: 2144772
	2085  -  MemoryUsage of job (MB)
	2134924  -  ResidentSetSize of job (KB)
...
006 (7216730.003.000) 09/18 13:20:36 Image size of job updated: 2197528
	2137  -  MemoryUsage of job (MB)
	2188072  -  ResidentSetSize of job (KB)
...
006 (7216730.003.000) 09/18 13:25:36 Image size of job updated: 2238944
	2172  -  MemoryUsage of job (MB)
	2224076  -  ResidentSetSize of job (KB)
...
006 (7216730.003.000) 09/18 13:30:36 Image size of job updated: 2283748
	2212  -  MemoryUsage of job (MB)
	2264464  -  ResidentSetSize of job (KB)
...
006 (7216730.003.000) 09/18 13:35:36 Image size of job updated: 2306256
	2242  -  MemoryUsage of job (MB)
	2295296  -  ResidentSetSize of job (KB)
...
006 (7216730.003.000) 09/18 13:40:37 Image size of job updated: 2379840
	2315  -  MemoryUsage of job (MB)
	2369572  -  ResidentSetSize of job (KB)
...
006 (7216730.003.000) 09/18 13:45:38 Image size of job updated: 2446380
	2382  -  MemoryUsage of job (MB)
	2438584  -  ResidentSetSize of job (KB)
...
006 (7216730.003.000) 09/18 13:50:39 Image size of job updated: 2457056
	2390  -  MemoryUsage of job (MB)
	2446612  -  ResidentSetSize of job (KB)
...
006 (7216730.003.000) 09/18 13:55:39 Image size of job updated: 2478748
	2412  -  MemoryUsage of job (MB)
	2469240  -  ResidentSetSize of job (KB)
...
006 (7216730.003.000) 09/18 14:00:40 Image size of job updated: 2527144
	2441  -  MemoryUsage of job (MB)
	2498676  -  ResidentSetSize of job (KB)
...
006 (7216730.003.000) 09/18 14:05:41 Image size of job updated: 2537840
	2473  -  MemoryUsage of job (MB)
	2532228  -  ResidentSetSize of job (KB)
...
006 (7216730.003.000) 09/18 14:10:42 Image size of job updated: 2561184
	2492  -  MemoryUsage of job (MB)
	2551312  -  ResidentSetSize of job (KB)
...
006 (7216730.003.000) 09/18 14:15:43 Image size of job updated: 2590056
	2522  -  MemoryUsage of job (MB)
	2582420  -  ResidentSetSize of job (KB)
...
006 (7216730.003.000) 09/18 14:20:44 Image size of job updated: 2609820
	2539  -  MemoryUsage of job (MB)
	2599880  -  ResidentSetSize of job (KB)
...
006 (7216730.003.000) 09/18 14:25:45 Image size of job updated: 2632324
	2555  -  MemoryUsage of job (MB)
	2615712  -  ResidentSetSize of job (KB)
...
006 (7216730.003.000) 09/18 14:30:46 Image size of job updated: 2651768
	2582  -  MemoryUsage of job (MB)
	2643004  -  ResidentSetSize of job (KB)
...
006 (7216730.003.000) 09/18 14:35:47 Image size of job updated: 2701540
	2605  -  MemoryUsage of job (MB)
	2667240  -  ResidentSetSize of job (KB)
...
006 (7216730.003.000) 09/18 14:40:47 Image size of job updated: 2735376
	2659  -  MemoryUsage of job (MB)
	2722296  -  ResidentSetSize of job (KB)
...
006 (7216730.003.000) 09/18 14:45:47 Image size of job updated: 2755300
	2681  -  MemoryUsage of job (MB)
	2745244  -  ResidentSetSize of job (KB)
...
006 (7216730.003.000) 09/18 14:50:48 Image size of job updated: 2765824
	2693  -  MemoryUsage of job (MB)
	2757052  -  ResidentSetSize of job (KB)
...
006 (7216730.003.000) 09/18 14:55:49 Image size of job updated: 2774928
	2696  -  MemoryUsage of job (MB)
	2760360  -  ResidentSetSize of job (KB)
...
006 (7216730.003.000) 09/18 15:10:51 Image size of job updated: 2782592
	2702  -  MemoryUsage of job (MB)
	2766508  -  ResidentSetSize of job (KB)
...
006 (7216730.003.000) 09/18 15:15:52 Image size of job updated: 2802912
	2725  -  MemoryUsage of job (MB)
	2789512  -  ResidentSetSize of job (KB)
...
006 (7216730.003.000) 09/18 15:20:53 Image size of job updated: 2817984
	2745  -  MemoryUsage of job (MB)
	2810556  -  ResidentSetSize of job (KB)
...
006 (7216730.003.000) 09/18 15:25:54 Image size of job updated: 2955912
	2887  -  MemoryUsage of job (MB)
	2955316  -  ResidentSetSize of job (KB)
...
006 (7216730.003.000) 09/18 15:30:55 Image size of job updated: 3027452
	2947  -  MemoryUsage of job (MB)
	3016720  -  ResidentSetSize of job (KB)
...
006 (7216730.003.000) 09/18 15:35:56 Image size of job updated: 3041964
	2949  -  MemoryUsage of job (MB)
	3018960  -  ResidentSetSize of job (KB)
...
006 (7216730.003.000) 09/18 15:40:58 Image size of job updated: 3062872
	2949  -  MemoryUsage of job (MB)
	3018960  -  ResidentSetSize of job (KB)
...
006 (7216730.003.000) 09/18 15:51:00 Image size of job updated: 3074320
	3003  -  MemoryUsage of job (MB)
	3074320  -  ResidentSetSize of job (KB)
...
006 (7216730.003.000) 09/18 15:56:01 Image size of job updated: 3119632
	3013  -  MemoryUsage of job (MB)
	3084792  -  ResidentSetSize of job (KB)
...
006 (7216730.003.000) 09/18 16:01:02 Image size of job updated: 3235448
	3142  -  MemoryUsage of job (MB)
	3217024  -  ResidentSetSize of job (KB)
...
006 (7216730.003.000) 09/18 16:06:03 Image size of job updated: 3295648
	3178  -  MemoryUsage of job (MB)
	3253888  -  ResidentSetSize of job (KB)
...
006 (7216730.003.000) 09/18 16:11:04 Image size of job updated: 3486916
	3380  -  MemoryUsage of job (MB)
	3460232  -  ResidentSetSize of job (KB)
...
006 (7216730.003.000) 09/18 16:16:05 Image size of job updated: 3767224
	3634  -  MemoryUsage of job (MB)
	3720472  -  ResidentSetSize of job (KB)
...
006 (7216730.003.000) 09/18 16:21:06 Image size of job updated: 3968080
	3804  -  MemoryUsage of job (MB)
	3894876  -  ResidentSetSize of job (KB)
...
006 (7216730.003.000) 09/18 16:26:07 Image size of job updated: 3968080
	3836  -  MemoryUsage of job (MB)
	3927448  -  ResidentSetSize of job (KB)
...
006 (7216730.003.000) 09/18 16:31:08 Image size of job updated: 4009804
	3916  -  MemoryUsage of job (MB)
	4009804  -  ResidentSetSize of job (KB)
...
006 (7216730.003.000) 09/18 16:36:08 Image size of job updated: 4078752
	3979  -  MemoryUsage of job (MB)
	4074420  -  ResidentSetSize of job (KB)
...
006 (7216730.003.000) 09/18 16:41:08 Image size of job updated: 4132632
	4036  -  MemoryUsage of job (MB)
	4132632  -  ResidentSetSize of job (KB)
...
006 (7216730.003.000) 09/18 16:46:08 Image size of job updated: 4212376
	4114  -  MemoryUsage of job (MB)
	4212376  -  ResidentSetSize of job (KB)
...
006 (7216730.003.000) 09/18 16:51:08 Image size of job updated: 4455716
	4352  -  MemoryUsage of job (MB)
	4455716  -  ResidentSetSize of job (KB)
...
006 (7216730.003.000) 09/18 16:56:08 Image size of job updated: 5653952
	5522  -  MemoryUsage of job (MB)
	5653860  -  ResidentSetSize of job (KB)
...
006 (7216730.003.000) 09/18 17:01:09 Image size of job updated: 5904564
	5767  -  MemoryUsage of job (MB)
	5904564  -  ResidentSetSize of job (KB)
...
006 (7216730.003.000) 09/18 17:06:10 Image size of job updated: 6165244
	6021  -  MemoryUsage of job (MB)
	6165244  -  ResidentSetSize of job (KB)
...
006 (7216730.003.000) 09/18 17:11:10 Image size of job updated: 6421716
	6272  -  MemoryUsage of job (MB)
	6421664  -  ResidentSetSize of job (KB)
...
006 (7216730.003.000) 09/18 17:16:11 Image size of job updated: 6671656
	6516  -  MemoryUsage of job (MB)
	6671656  -  ResidentSetSize of job (KB)
...
006 (7216730.003.000) 09/18 17:21:12 Image size of job updated: 6919624
	6758  -  MemoryUsage of job (MB)
	6919624  -  ResidentSetSize of job (KB)
...
006 (7216730.003.000) 09/18 17:26:13 Image size of job updated: 7167028
	7000  -  MemoryUsage of job (MB)
	7167028  -  ResidentSetSize of job (KB)
...
006 (7216730.003.000) 09/18 17:31:13 Image size of job updated: 7412128
	7239  -  MemoryUsage of job (MB)
	7412128  -  ResidentSetSize of job (KB)
...
006 (7216730.003.000) 09/18 17:36:13 Image size of job updated: 7659212
	7480  -  MemoryUsage of job (MB)
	7659212  -  ResidentSetSize of job (KB)
...
006 (7216730.003.000) 09/18 17:41:13 Image size of job updated: 7908320
	7723  -  MemoryUsage of job (MB)
	7907956  -  ResidentSetSize of job (KB)
...
006 (7216730.003.000) 09/18 17:46:13 Image size of job updated: 8151292
	7961  -  MemoryUsage of job (MB)
	8151292  -  ResidentSetSize of job (KB)
...
006 (7216730.003.000) 09/18 17:51:14 Image size of job updated: 8287956
	7961  -  MemoryUsage of job (MB)
	8151432  -  ResidentSetSize of job (KB)
...
040 (7216730.003.000) 09/18 18:05:01 Started transferring output files
...
040 (7216730.003.000) 09/18 18:05:01 Finished transferring output files
...
005 (7216730.003.000) 09/18 18:05:02 Job terminated.
	(1) Normal termination (return value 50)
		Usr 0 06:01:23, Sys 0 00:07:40  -  Run Remote Usage
		Usr 0 00:00:00, Sys 0 00:00:00  -  Run Local Usage
		Usr 0 06:01:23, Sys 0 00:07:40  -  Total Remote Usage
		Usr 0 00:00:00, Sys 0 00:00:00  -  Total Local Usage
	19937  -  Run Bytes Sent By Job
	2949  -  Run Bytes Received By Job
	19937  -  Total Bytes Sent By Job
	2949  -  Total Bytes Received By Job
	Partitionable Resources :      Usage  Request Allocated 
	   Cpus                 :       0.96        1         1 
	   Disk (KB)            : 4630367           3   3068191 
	   Memory (MB)          :    7961        2000      2000 

	Job terminated of its own accord at 2024-09-18T16:05:01Z with exit-code 50.
...
