000 (7216719.002.000) 09/18 03:05:34 Job submitted from host: <137.138.44.55:9618?addrs=137.138.44.55-9618+[2001-1458-d00-1a--48]-9618&alias=bigbird17.cern.ch&noUDP&sock=schedd_1981_6134>
...
040 (7216719.002.000) 09/18 04:04:48 Started transferring input files
	Transferring to host: <128.142.248.123:9618?addrs=128.142.248.123-9618+[2001-1458-301-73--100-16b]-9618&alias=b9g23p2657.cern.ch&noUDP&sock=slot1_38_443391_d207_18865>
...
040 (7216719.002.000) 09/18 04:04:48 Finished transferring input files
...
001 (7216719.002.000) 09/18 04:04:49 Job executing on host: <128.142.248.123:9618?addrs=128.142.248.123-9618+[2001-1458-301-73--100-16b]-9618&alias=b9g23p2657.cern.ch&noUDP&sock=startd_7091_6a27>
	SlotName: slot1_38@b9g23p2657.cern.ch
	CondorScratchDir = "/pool/condor/dir_474780"
	Cpus = 1
	Disk = 3079392
	Memory = 2000
...
006 (7216719.002.000) 09/18 04:04:58 Image size of job updated: 505992
	495  -  MemoryUsage of job (MB)
	505948  -  ResidentSetSize of job (KB)
...
006 (7216719.002.000) 09/18 04:09:58 Image size of job updated: 928176
	698  -  MemoryUsage of job (MB)
	713880  -  ResidentSetSize of job (KB)
...
006 (7216719.002.000) 09/18 17:21:21 Image size of job updated: 928176
	699  -  MemoryUsage of job (MB)
	715604  -  ResidentSetSize of job (KB)
...
006 (7216719.002.000) 09/18 17:26:21 Image size of job updated: 928176
	700  -  MemoryUsage of job (MB)
	716524  -  ResidentSetSize of job (KB)
...
006 (7216719.002.000) 09/18 17:31:22 Image size of job updated: 928176
	702  -  MemoryUsage of job (MB)
	717928  -  ResidentSetSize of job (KB)
...
006 (7216719.002.000) 09/18 17:36:22 Image size of job updated: 928176
	703  -  MemoryUsage of job (MB)
	719820  -  ResidentSetSize of job (KB)
...
006 (7216719.002.000) 09/18 17:41:22 Image size of job updated: 928176
	704  -  MemoryUsage of job (MB)
	720828  -  ResidentSetSize of job (KB)
...
006 (7216719.002.000) 09/18 17:46:23 Image size of job updated: 928176
	706  -  MemoryUsage of job (MB)
	722260  -  ResidentSetSize of job (KB)
...
006 (7216719.002.000) 09/18 17:51:23 Image size of job updated: 928176
	708  -  MemoryUsage of job (MB)
	724268  -  ResidentSetSize of job (KB)
...
006 (7216719.002.000) 09/18 17:56:23 Image size of job updated: 928176
	709  -  MemoryUsage of job (MB)
	725112  -  ResidentSetSize of job (KB)
...
006 (7216719.002.000) 09/18 18:01:24 Image size of job updated: 928176
	711  -  MemoryUsage of job (MB)
	727236  -  ResidentSetSize of job (KB)
...
006 (7216719.002.000) 09/18 18:06:24 Image size of job updated: 928176
	712  -  MemoryUsage of job (MB)
	728536  -  ResidentSetSize of job (KB)
...
006 (7216719.002.000) 09/18 18:11:24 Image size of job updated: 928176
	713  -  MemoryUsage of job (MB)
	729684  -  ResidentSetSize of job (KB)
...
006 (7216719.002.000) 09/18 18:16:25 Image size of job updated: 928176
	715  -  MemoryUsage of job (MB)
	731452  -  ResidentSetSize of job (KB)
...
006 (7216719.002.000) 09/18 18:21:25 Image size of job updated: 928176
	720  -  MemoryUsage of job (MB)
	737016  -  ResidentSetSize of job (KB)
...
006 (7216719.002.000) 09/18 18:26:25 Image size of job updated: 928176
	721  -  MemoryUsage of job (MB)
	737596  -  ResidentSetSize of job (KB)
...
006 (7216719.002.000) 09/18 18:31:26 Image size of job updated: 928176
	723  -  MemoryUsage of job (MB)
	739352  -  ResidentSetSize of job (KB)
...
006 (7216719.002.000) 09/18 18:36:26 Image size of job updated: 928176
	723  -  MemoryUsage of job (MB)
	739952  -  ResidentSetSize of job (KB)
...
006 (7216719.002.000) 09/18 18:41:26 Image size of job updated: 928176
	724  -  MemoryUsage of job (MB)
	741188  -  ResidentSetSize of job (KB)
...
006 (7216719.002.000) 09/18 19:01:28 Image size of job updated: 928176
	725  -  MemoryUsage of job (MB)
	742156  -  ResidentSetSize of job (KB)
...
006 (7216719.002.000) 09/18 19:06:29 Image size of job updated: 928176
	727  -  MemoryUsage of job (MB)
	743448  -  ResidentSetSize of job (KB)
...
006 (7216719.002.000) 09/18 19:11:29 Image size of job updated: 928176
	728  -  MemoryUsage of job (MB)
	745216  -  ResidentSetSize of job (KB)
...
006 (7216719.002.000) 09/18 19:21:30 Image size of job updated: 928176
	731  -  MemoryUsage of job (MB)
	748500  -  ResidentSetSize of job (KB)
...
006 (7216719.002.000) 09/18 19:26:30 Image size of job updated: 928176
	732  -  MemoryUsage of job (MB)
	749196  -  ResidentSetSize of job (KB)
...
006 (7216719.002.000) 09/18 19:31:31 Image size of job updated: 928176
	734  -  MemoryUsage of job (MB)
	751200  -  ResidentSetSize of job (KB)
...
006 (7216719.002.000) 09/18 19:36:31 Image size of job updated: 928176
	735  -  MemoryUsage of job (MB)
	752196  -  ResidentSetSize of job (KB)
...
006 (7216719.002.000) 09/18 19:41:31 Image size of job updated: 928176
	736  -  MemoryUsage of job (MB)
	752768  -  ResidentSetSize of job (KB)
...
006 (7216719.002.000) 09/18 19:46:32 Image size of job updated: 928176
	736  -  MemoryUsage of job (MB)
	752944  -  ResidentSetSize of job (KB)
...
006 (7216719.002.000) 09/18 19:51:32 Image size of job updated: 928176
	736  -  MemoryUsage of job (MB)
	753576  -  ResidentSetSize of job (KB)
...
006 (7216719.002.000) 09/18 19:56:32 Image size of job updated: 928176
	738  -  MemoryUsage of job (MB)
	754744  -  ResidentSetSize of job (KB)
...
006 (7216719.002.000) 09/18 20:01:33 Image size of job updated: 928176
	739  -  MemoryUsage of job (MB)
	755744  -  ResidentSetSize of job (KB)
...
006 (7216719.002.000) 09/18 20:06:33 Image size of job updated: 928176
	739  -  MemoryUsage of job (MB)
	756276  -  ResidentSetSize of job (KB)
...
006 (7216719.002.000) 09/18 20:11:33 Image size of job updated: 928176
	740  -  MemoryUsage of job (MB)
	756832  -  ResidentSetSize of job (KB)
...
006 (7216719.002.000) 09/18 20:16:34 Image size of job updated: 928176
	740  -  MemoryUsage of job (MB)
	757716  -  ResidentSetSize of job (KB)
...
006 (7216719.002.000) 09/18 20:21:34 Image size of job updated: 928176
	742  -  MemoryUsage of job (MB)
	759044  -  ResidentSetSize of job (KB)
...
006 (7216719.002.000) 09/18 20:26:35 Image size of job updated: 928176
	743  -  MemoryUsage of job (MB)
	760068  -  ResidentSetSize of job (KB)
...
006 (7216719.002.000) 09/18 20:31:35 Image size of job updated: 928176
	745  -  MemoryUsage of job (MB)
	762040  -  ResidentSetSize of job (KB)
...
006 (7216719.002.000) 09/18 20:41:37 Image size of job updated: 928176
	748  -  MemoryUsage of job (MB)
	765000  -  ResidentSetSize of job (KB)
...
006 (7216719.002.000) 09/18 20:51:38 Image size of job updated: 928176
	749  -  MemoryUsage of job (MB)
	766568  -  ResidentSetSize of job (KB)
...
006 (7216719.002.000) 09/18 21:01:39 Image size of job updated: 928176
	750  -  MemoryUsage of job (MB)
	767528  -  ResidentSetSize of job (KB)
...
006 (7216719.002.000) 09/18 21:06:40 Image size of job updated: 928176
	751  -  MemoryUsage of job (MB)
	768392  -  ResidentSetSize of job (KB)
...
006 (7216719.002.000) 09/18 21:16:41 Image size of job updated: 928176
	751  -  MemoryUsage of job (MB)
	768412  -  ResidentSetSize of job (KB)
...
006 (7216719.002.000) 09/18 21:21:42 Image size of job updated: 928176
	754  -  MemoryUsage of job (MB)
	771792  -  ResidentSetSize of job (KB)
...
006 (7216719.002.000) 09/18 21:31:43 Image size of job updated: 928176
	754  -  MemoryUsage of job (MB)
	771936  -  ResidentSetSize of job (KB)
...
006 (7216719.002.000) 09/18 21:41:45 Image size of job updated: 928176
	758  -  MemoryUsage of job (MB)
	775264  -  ResidentSetSize of job (KB)
...
006 (7216719.002.000) 09/18 21:51:46 Image size of job updated: 928176
	758  -  MemoryUsage of job (MB)
	775404  -  ResidentSetSize of job (KB)
...
006 (7216719.002.000) 09/18 22:01:47 Image size of job updated: 928176
	761  -  MemoryUsage of job (MB)
	778768  -  ResidentSetSize of job (KB)
...
006 (7216719.002.000) 09/18 22:16:49 Image size of job updated: 928176
	762  -  MemoryUsage of job (MB)
	779396  -  ResidentSetSize of job (KB)
...
006 (7216719.002.000) 09/18 22:21:50 Image size of job updated: 928176
	762  -  MemoryUsage of job (MB)
	779500  -  ResidentSetSize of job (KB)
...
006 (7216719.002.000) 09/18 22:31:51 Image size of job updated: 928176
	764  -  MemoryUsage of job (MB)
	781784  -  ResidentSetSize of job (KB)
...
006 (7216719.002.000) 09/18 22:46:53 Image size of job updated: 928176
	764  -  MemoryUsage of job (MB)
	782256  -  ResidentSetSize of job (KB)
...
006 (7216719.002.000) 09/18 22:51:54 Image size of job updated: 928176
	767  -  MemoryUsage of job (MB)
	784608  -  ResidentSetSize of job (KB)
...
006 (7216719.002.000) 09/18 23:21:58 Image size of job updated: 928176
	769  -  MemoryUsage of job (MB)
	787152  -  ResidentSetSize of job (KB)
...
006 (7216719.002.000) 09/18 23:47:00 Image size of job updated: 928176
	770  -  MemoryUsage of job (MB)
	787912  -  ResidentSetSize of job (KB)
...
006 (7216719.002.000) 09/19 00:02:02 Image size of job updated: 928176
	771  -  MemoryUsage of job (MB)
	788956  -  ResidentSetSize of job (KB)
...
006 (7216719.002.000) 09/19 00:07:02 Image size of job updated: 928176
	773  -  MemoryUsage of job (MB)
	791472  -  ResidentSetSize of job (KB)
...
006 (7216719.002.000) 09/19 00:47:08 Image size of job updated: 928176
	774  -  MemoryUsage of job (MB)
	791564  -  ResidentSetSize of job (KB)
...
006 (7216719.002.000) 09/19 00:52:08 Image size of job updated: 928176
	775  -  MemoryUsage of job (MB)
	793556  -  ResidentSetSize of job (KB)
...
006 (7216719.002.000) 09/19 00:57:09 Image size of job updated: 928176
	776  -  MemoryUsage of job (MB)
	794108  -  ResidentSetSize of job (KB)
...
006 (7216719.002.000) 09/19 01:42:14 Image size of job updated: 928176
	777  -  MemoryUsage of job (MB)
	795456  -  ResidentSetSize of job (KB)
...
006 (7216719.002.000) 09/19 01:47:15 Image size of job updated: 928176
	778  -  MemoryUsage of job (MB)
	795864  -  ResidentSetSize of job (KB)
...
006 (7216719.002.000) 09/19 01:52:16 Image size of job updated: 928176
	779  -  MemoryUsage of job (MB)
	796972  -  ResidentSetSize of job (KB)
...
006 (7216719.002.000) 09/19 01:57:16 Image size of job updated: 928176
	780  -  MemoryUsage of job (MB)
	797784  -  ResidentSetSize of job (KB)
...
006 (7216719.002.000) 09/19 02:02:17 Image size of job updated: 928176
	781  -  MemoryUsage of job (MB)
	799328  -  ResidentSetSize of job (KB)
...
006 (7216719.002.000) 09/19 02:07:17 Image size of job updated: 928176
	783  -  MemoryUsage of job (MB)
	800992  -  ResidentSetSize of job (KB)
...
006 (7216719.002.000) 09/19 02:12:17 Image size of job updated: 928176
	784  -  MemoryUsage of job (MB)
	802464  -  ResidentSetSize of job (KB)
...
006 (7216719.002.000) 09/19 02:47:21 Image size of job updated: 928176
	784  -  MemoryUsage of job (MB)
	802608  -  ResidentSetSize of job (KB)
...
006 (7216719.002.000) 09/19 02:52:22 Image size of job updated: 928176
	786  -  MemoryUsage of job (MB)
	804076  -  ResidentSetSize of job (KB)
...
006 (7216719.002.000) 09/19 02:57:22 Image size of job updated: 928176
	792  -  MemoryUsage of job (MB)
	810680  -  ResidentSetSize of job (KB)
...
006 (7216719.002.000) 09/19 03:02:23 Image size of job updated: 928176
	793  -  MemoryUsage of job (MB)
	811604  -  ResidentSetSize of job (KB)
...
006 (7216719.002.000) 09/19 03:12:23 Image size of job updated: 928176
	793  -  MemoryUsage of job (MB)
	811932  -  ResidentSetSize of job (KB)
...
006 (7216719.002.000) 09/19 03:17:24 Image size of job updated: 928176
	795  -  MemoryUsage of job (MB)
	813252  -  ResidentSetSize of job (KB)
...
006 (7216719.002.000) 09/19 03:22:24 Image size of job updated: 928176
	796  -  MemoryUsage of job (MB)
	814200  -  ResidentSetSize of job (KB)
...
006 (7216719.002.000) 09/19 03:27:25 Image size of job updated: 928176
	797  -  MemoryUsage of job (MB)
	815392  -  ResidentSetSize of job (KB)
...
006 (7216719.002.000) 09/19 03:32:25 Image size of job updated: 928176
	797  -  MemoryUsage of job (MB)
	816112  -  ResidentSetSize of job (KB)
...
006 (7216719.002.000) 09/19 03:37:25 Image size of job updated: 928176
	799  -  MemoryUsage of job (MB)
	817364  -  ResidentSetSize of job (KB)
...
006 (7216719.002.000) 09/19 03:42:26 Image size of job updated: 928176
	800  -  MemoryUsage of job (MB)
	818636  -  ResidentSetSize of job (KB)
...
006 (7216719.002.000) 09/19 03:47:26 Image size of job updated: 928176
	801  -  MemoryUsage of job (MB)
	819296  -  ResidentSetSize of job (KB)
...
006 (7216719.002.000) 09/19 03:52:27 Image size of job updated: 928176
	801  -  MemoryUsage of job (MB)
	819704  -  ResidentSetSize of job (KB)
...
006 (7216719.002.000) 09/19 03:57:27 Image size of job updated: 928176
	801  -  MemoryUsage of job (MB)
	820208  -  ResidentSetSize of job (KB)
...
006 (7216719.002.000) 09/19 04:02:27 Image size of job updated: 928176
	802  -  MemoryUsage of job (MB)
	821100  -  ResidentSetSize of job (KB)
...
006 (7216719.002.000) 09/19 04:07:28 Image size of job updated: 928176
	803  -  MemoryUsage of job (MB)
	822124  -  ResidentSetSize of job (KB)
...
006 (7216719.002.000) 09/19 04:12:28 Image size of job updated: 928176
	804  -  MemoryUsage of job (MB)
	823076  -  ResidentSetSize of job (KB)
...
006 (7216719.002.000) 09/19 04:17:29 Image size of job updated: 928176
	805  -  MemoryUsage of job (MB)
	824184  -  ResidentSetSize of job (KB)
...
006 (7216719.002.000) 09/19 04:22:29 Image size of job updated: 928176
	807  -  MemoryUsage of job (MB)
	825640  -  ResidentSetSize of job (KB)
...
006 (7216719.002.000) 09/19 04:27:29 Image size of job updated: 928176
	809  -  MemoryUsage of job (MB)
	828092  -  ResidentSetSize of job (KB)
...
006 (7216719.002.000) 09/19 04:32:29 Image size of job updated: 928176
	812  -  MemoryUsage of job (MB)
	830508  -  ResidentSetSize of job (KB)
...
006 (7216719.002.000) 09/19 04:37:29 Image size of job updated: 928176
	813  -  MemoryUsage of job (MB)
	832036  -  ResidentSetSize of job (KB)
...
006 (7216719.002.000) 09/19 04:42:30 Image size of job updated: 928176
	815  -  MemoryUsage of job (MB)
	834292  -  ResidentSetSize of job (KB)
...
006 (7216719.002.000) 09/19 04:47:30 Image size of job updated: 928176
	824  -  MemoryUsage of job (MB)
	842960  -  ResidentSetSize of job (KB)
...
006 (7216719.002.000) 09/19 04:52:31 Image size of job updated: 928176
	826  -  MemoryUsage of job (MB)
	844980  -  ResidentSetSize of job (KB)
...
006 (7216719.002.000) 09/19 04:57:31 Image size of job updated: 928176
	828  -  MemoryUsage of job (MB)
	847172  -  ResidentSetSize of job (KB)
...
006 (7216719.002.000) 09/19 05:02:32 Image size of job updated: 928176
	829  -  MemoryUsage of job (MB)
	848836  -  ResidentSetSize of job (KB)
...
006 (7216719.002.000) 09/19 05:07:33 Image size of job updated: 928176
	832  -  MemoryUsage of job (MB)
	851236  -  ResidentSetSize of job (KB)
...
006 (7216719.002.000) 09/19 05:12:33 Image size of job updated: 928176
	833  -  MemoryUsage of job (MB)
	852788  -  ResidentSetSize of job (KB)
...
006 (7216719.002.000) 09/19 05:17:34 Image size of job updated: 928176
	834  -  MemoryUsage of job (MB)
	853432  -  ResidentSetSize of job (KB)
...
006 (7216719.002.000) 09/19 05:22:34 Image size of job updated: 928176
	836  -  MemoryUsage of job (MB)
	855880  -  ResidentSetSize of job (KB)
...
006 (7216719.002.000) 09/19 05:27:34 Image size of job updated: 928176
	837  -  MemoryUsage of job (MB)
	856972  -  ResidentSetSize of job (KB)
...
006 (7216719.002.000) 09/19 05:32:35 Image size of job updated: 928176
	839  -  MemoryUsage of job (MB)
	858516  -  ResidentSetSize of job (KB)
...
006 (7216719.002.000) 09/19 05:37:35 Image size of job updated: 928176
	841  -  MemoryUsage of job (MB)
	860236  -  ResidentSetSize of job (KB)
...
006 (7216719.002.000) 09/19 05:42:36 Image size of job updated: 928176
	842  -  MemoryUsage of job (MB)
	861352  -  ResidentSetSize of job (KB)
...
006 (7216719.002.000) 09/19 05:47:36 Image size of job updated: 928176
	843  -  MemoryUsage of job (MB)
	862440  -  ResidentSetSize of job (KB)
...
006 (7216719.002.000) 09/19 05:52:37 Image size of job updated: 928176
	844  -  MemoryUsage of job (MB)
	863984  -  ResidentSetSize of job (KB)
...
006 (7216719.002.000) 09/19 05:57:38 Image size of job updated: 928176
	845  -  MemoryUsage of job (MB)
	865000  -  ResidentSetSize of job (KB)
...
006 (7216719.002.000) 09/19 06:02:38 Image size of job updated: 928176
	846  -  MemoryUsage of job (MB)
	865356  -  ResidentSetSize of job (KB)
...
006 (7216719.002.000) 09/19 06:07:39 Image size of job updated: 928176
	847  -  MemoryUsage of job (MB)
	866640  -  ResidentSetSize of job (KB)
...
006 (7216719.002.000) 09/19 06:12:39 Image size of job updated: 928176
	848  -  MemoryUsage of job (MB)
	868012  -  ResidentSetSize of job (KB)
...
006 (7216719.002.000) 09/19 06:17:39 Image size of job updated: 928176
	850  -  MemoryUsage of job (MB)
	869452  -  ResidentSetSize of job (KB)
...
006 (7216719.002.000) 09/19 06:22:40 Image size of job updated: 928176
	850  -  MemoryUsage of job (MB)
	870292  -  ResidentSetSize of job (KB)
...
006 (7216719.002.000) 09/19 06:27:40 Image size of job updated: 928176
	852  -  MemoryUsage of job (MB)
	872236  -  ResidentSetSize of job (KB)
...
006 (7216719.002.000) 09/19 06:32:41 Image size of job updated: 928176
	853  -  MemoryUsage of job (MB)
	872624  -  ResidentSetSize of job (KB)
...
006 (7216719.002.000) 09/19 06:37:41 Image size of job updated: 928176
	857  -  MemoryUsage of job (MB)
	876772  -  ResidentSetSize of job (KB)
...
006 (7216719.002.000) 09/19 06:52:43 Image size of job updated: 928176
	858  -  MemoryUsage of job (MB)
	877676  -  ResidentSetSize of job (KB)
...
006 (7216719.002.000) 09/19 06:57:44 Image size of job updated: 928176
	858  -  MemoryUsage of job (MB)
	878568  -  ResidentSetSize of job (KB)
...
006 (7216719.002.000) 09/19 07:02:45 Image size of job updated: 928176
	861  -  MemoryUsage of job (MB)
	881276  -  ResidentSetSize of job (KB)
...
006 (7216719.002.000) 09/19 07:07:45 Image size of job updated: 928176
	863  -  MemoryUsage of job (MB)
	882852  -  ResidentSetSize of job (KB)
...
006 (7216719.002.000) 09/19 07:12:46 Image size of job updated: 928176
	864  -  MemoryUsage of job (MB)
	884192  -  ResidentSetSize of job (KB)
...
006 (7216719.002.000) 09/19 07:17:47 Image size of job updated: 928176
	865  -  MemoryUsage of job (MB)
	885740  -  ResidentSetSize of job (KB)
...
006 (7216719.002.000) 09/19 07:22:47 Image size of job updated: 928176
	867  -  MemoryUsage of job (MB)
	887744  -  ResidentSetSize of job (KB)
...
006 (7216719.002.000) 09/19 07:27:48 Image size of job updated: 928176
	869  -  MemoryUsage of job (MB)
	888920  -  ResidentSetSize of job (KB)
...
006 (7216719.002.000) 09/19 07:32:48 Image size of job updated: 928176
	870  -  MemoryUsage of job (MB)
	890384  -  ResidentSetSize of job (KB)
...
006 (7216719.002.000) 09/19 07:37:48 Image size of job updated: 928176
	871  -  MemoryUsage of job (MB)
	891736  -  ResidentSetSize of job (KB)
...
006 (7216719.002.000) 09/19 07:42:49 Image size of job updated: 928176
	872  -  MemoryUsage of job (MB)
	892472  -  ResidentSetSize of job (KB)
...
006 (7216719.002.000) 09/19 07:47:49 Image size of job updated: 928176
	877  -  MemoryUsage of job (MB)
	897044  -  ResidentSetSize of job (KB)
...
006 (7216719.002.000) 09/19 07:57:50 Image size of job updated: 928176
	880  -  MemoryUsage of job (MB)
	900760  -  ResidentSetSize of job (KB)
...
006 (7216719.002.000) 09/19 08:02:50 Image size of job updated: 928176
	887  -  MemoryUsage of job (MB)
	907708  -  ResidentSetSize of job (KB)
...
006 (7216719.002.000) 09/19 08:42:55 Image size of job updated: 928176
	892  -  MemoryUsage of job (MB)
	913312  -  ResidentSetSize of job (KB)
...
006 (7216719.002.000) 09/19 08:52:57 Image size of job updated: 928176
	893  -  MemoryUsage of job (MB)
	914048  -  ResidentSetSize of job (KB)
...
006 (7216719.002.000) 09/19 09:07:58 Image size of job updated: 928176
	896  -  MemoryUsage of job (MB)
	917176  -  ResidentSetSize of job (KB)
...
006 (7216719.002.000) 09/19 09:12:59 Image size of job updated: 928176
	902  -  MemoryUsage of job (MB)
	923076  -  ResidentSetSize of job (KB)
...
006 (7216719.002.000) 09/19 09:23:00 Image size of job updated: 928408
	902  -  MemoryUsage of job (MB)
	923076  -  ResidentSetSize of job (KB)
...
006 (7216719.002.000) 09/19 09:28:01 Image size of job updated: 928408
	904  -  MemoryUsage of job (MB)
	925580  -  ResidentSetSize of job (KB)
...
006 (7216719.002.000) 09/19 09:33:01 Image size of job updated: 932056
	911  -  MemoryUsage of job (MB)
	931896  -  ResidentSetSize of job (KB)
...
006 (7216719.002.000) 09/19 09:38:02 Image size of job updated: 937600
	911  -  MemoryUsage of job (MB)
	931896  -  ResidentSetSize of job (KB)
...
006 (7216719.002.000) 09/19 09:58:04 Image size of job updated: 937600
	912  -  MemoryUsage of job (MB)
	933660  -  ResidentSetSize of job (KB)
...
006 (7216719.002.000) 09/19 10:03:05 Image size of job updated: 937940
	912  -  MemoryUsage of job (MB)
	933660  -  ResidentSetSize of job (KB)
...
006 (7216719.002.000) 09/19 10:08:05 Image size of job updated: 937940
	913  -  MemoryUsage of job (MB)
	934092  -  ResidentSetSize of job (KB)
...
006 (7216719.002.000) 09/19 10:13:06 Image size of job updated: 937940
	914  -  MemoryUsage of job (MB)
	935028  -  ResidentSetSize of job (KB)
...
006 (7216719.002.000) 09/19 10:18:07 Image size of job updated: 937940
	914  -  MemoryUsage of job (MB)
	935620  -  ResidentSetSize of job (KB)
...
006 (7216719.002.000) 09/19 10:23:07 Image size of job updated: 938004
	914  -  MemoryUsage of job (MB)
	935620  -  ResidentSetSize of job (KB)
...
006 (7216719.002.000) 09/19 10:58:11 Image size of job updated: 938004
	914  -  MemoryUsage of job (MB)
	935728  -  ResidentSetSize of job (KB)
...
006 (7216719.002.000) 09/19 11:03:12 Image size of job updated: 942540
	921  -  MemoryUsage of job (MB)
	942316  -  ResidentSetSize of job (KB)
...
006 (7216719.002.000) 09/19 11:08:12 Image size of job updated: 951264
	921  -  MemoryUsage of job (MB)
	942316  -  ResidentSetSize of job (KB)
...
006 (7216719.002.000) 09/19 11:38:15 Image size of job updated: 951264
	925  -  MemoryUsage of job (MB)
	946536  -  ResidentSetSize of job (KB)
...
006 (7216719.002.000) 09/19 11:43:16 Image size of job updated: 951264
	925  -  MemoryUsage of job (MB)
	947036  -  ResidentSetSize of job (KB)
...
006 (7216719.002.000) 09/19 11:48:16 Image size of job updated: 953916
	932  -  MemoryUsage of job (MB)
	953688  -  ResidentSetSize of job (KB)
...
006 (7216719.002.000) 09/19 11:58:17 Image size of job updated: 955612
	932  -  MemoryUsage of job (MB)
	954132  -  ResidentSetSize of job (KB)
...
006 (7216719.002.000) 09/19 12:03:18 Image size of job updated: 955856
	934  -  MemoryUsage of job (MB)
	955788  -  ResidentSetSize of job (KB)
...
006 (7216719.002.000) 09/19 12:08:18 Image size of job updated: 957080
	935  -  MemoryUsage of job (MB)
	956852  -  ResidentSetSize of job (KB)
...
006 (7216719.002.000) 09/19 12:13:19 Image size of job updated: 963296
	935  -  MemoryUsage of job (MB)
	956852  -  ResidentSetSize of job (KB)
...
006 (7216719.002.000) 09/19 13:53:30 Image size of job updated: 963296
	939  -  MemoryUsage of job (MB)
	960768  -  ResidentSetSize of job (KB)
...
022 (7216719.002.000) 09/26 17:54:02 Job disconnected, attempting to reconnect
    Local schedd and job shadow died, schedd now running again
    Trying to reconnect to slot1_38@b9g23p2657.cern.ch <128.142.248.123:9618?addrs=128.142.248.123-9618+[2001-1458-301-73--100-16b]-9618&alias=b9g23p2657.cern.ch&noUDP&sock=startd_7091_6a27>
...
023 (7216719.002.000) 09/26 17:54:51 Job reconnected to slot1_38@b9g23p2657.cern.ch
    startd address: <128.142.248.123:9618?addrs=128.142.248.123-9618+[2001-1458-301-73--100-16b]-9618&alias=b9g23p2657.cern.ch&noUDP&sock=startd_7091_6a27>
    starter address: <128.142.248.123:9618?addrs=128.142.248.123-9618+[2001-1458-301-73--100-16b]-9618&alias=b9g23p2657.cern.ch&noUDP&sock=slot1_38_443391_d207_18865>
...
004 (7216719.002.000) 10/02 17:26:44 Job was evicted.
	(0) CPU times
		Usr 14 05:35:42, Sys 0 00:26:39  -  Run Remote Usage
		Usr 0 00:00:00, Sys 0 00:00:00  -  Run Local Usage
	7971  -  Run Bytes Sent By Job
	0  -  Run Bytes Received By Job
	Partitionable Resources :      Usage  Request Allocated 
	   Cpus                 :       1.00        1         1 
	   Disk (KB)            : 1543725     1543725   3079392 
	   Memory (MB)          :     977        2000      2000 
...
009 (7216719.002.000) 10/02 17:26:44 Job was aborted.
	via condor_rm (by user choij)
...
