000 (7187275.002.000) 08/26 07:55:32 Job submitted from host: <137.138.44.55:9618?addrs=137.138.44.55-9618+[2001-1458-d00-1a--48]-9618&alias=bigbird17.cern.ch&noUDP&sock=schedd_23962_8474>
...
040 (7187275.002.000) 08/26 12:11:08 Started transferring input files
	Transferring to host: <128.142.248.81:9618?addrs=128.142.248.81-9618+[2001-1458-301-73--100-141]-9618&alias=b9g23p3234.cern.ch&noUDP&sock=slot1_23_3493222_a91c_10613>
...
040 (7187275.002.000) 08/26 12:11:08 Finished transferring input files
...
001 (7187275.002.000) 08/26 12:11:09 Job executing on host: <128.142.248.81:9618?addrs=128.142.248.81-9618+[2001-1458-301-73--100-141]-9618&alias=b9g23p3234.cern.ch&noUDP&sock=startd_5923_4389>
	SlotName: slot1_23@b9g23p3234.cern.ch
	CondorScratchDir = "/pool/condor/dir_3928042"
	Cpus = 1
	Disk = 3089994
	Memory = 2000
...
006 (7187275.002.000) 08/26 12:11:19 Image size of job updated: 736180
	719  -  MemoryUsage of job (MB)
	736172  -  ResidentSetSize of job (KB)
...
006 (7187275.002.000) 08/26 12:16:20 Image size of job updated: 1000832
	864  -  MemoryUsage of job (MB)
	883888  -  ResidentSetSize of job (KB)
...
006 (7187275.002.000) 08/26 12:21:20 Image size of job updated: 1186324
	1156  -  MemoryUsage of job (MB)
	1183648  -  ResidentSetSize of job (KB)
...
006 (7187275.002.000) 08/26 12:26:22 Image size of job updated: 1389872
	1295  -  MemoryUsage of job (MB)
	1325704  -  ResidentSetSize of job (KB)
...
006 (7187275.002.000) 08/26 12:31:22 Image size of job updated: 1484052
	1445  -  MemoryUsage of job (MB)
	1479236  -  ResidentSetSize of job (KB)
...
006 (7187275.002.000) 08/26 12:36:22 Image size of job updated: 1566804
	1521  -  MemoryUsage of job (MB)
	1557424  -  ResidentSetSize of job (KB)
...
006 (7187275.002.000) 08/26 12:41:23 Image size of job updated: 3632580
	3548  -  MemoryUsage of job (MB)
	3632576  -  ResidentSetSize of job (KB)
...
006 (7187275.002.000) 08/26 12:46:23 Image size of job updated: 3759088
	3671  -  MemoryUsage of job (MB)
	3759088  -  ResidentSetSize of job (KB)
...
006 (7187275.002.000) 08/26 12:51:24 Image size of job updated: 4034972
	3941  -  MemoryUsage of job (MB)
	4034972  -  ResidentSetSize of job (KB)
...
006 (7187275.002.000) 08/26 12:52:56 Image size of job updated: 4054368
	3941  -  MemoryUsage of job (MB)
	4034972  -  ResidentSetSize of job (KB)
...
040 (7187275.002.000) 08/26 12:52:56 Started transferring output files
...
040 (7187275.002.000) 08/26 12:52:56 Finished transferring output files
...
005 (7187275.002.000) 08/26 12:52:56 Job terminated.
	(1) Normal termination (return value 50)
		Usr 0 00:38:39, Sys 0 00:01:32  -  Run Remote Usage
		Usr 0 00:00:00, Sys 0 00:00:00  -  Run Local Usage
		Usr 0 00:38:39, Sys 0 00:01:32  -  Total Remote Usage
		Usr 0 00:00:00, Sys 0 00:00:00  -  Total Local Usage
	36913  -  Run Bytes Sent By Job
	2910  -  Run Bytes Received By Job
	36913  -  Total Bytes Sent By Job
	2910  -  Total Bytes Received By Job
	Partitionable Resources :      Usage  Request Allocated 
	   Cpus                 :       0.99        1         1 
	   Disk (KB)            : 1627853           3   3089994 
	   Memory (MB)          :    3941        2000      2000 

	Job terminated of its own accord at 2024-08-26T10:52:56Z with exit-code 50.
...
