000 (7270141.007.000) 10/11 16:14:26 Job submitted from host: <137.138.44.55:9618?addrs=137.138.44.55-9618+[2001-1458-d00-1a--48]-9618&alias=bigbird17.cern.ch&noUDP&sock=schedd_1981_6134>
...
040 (7270141.007.000) 10/11 16:41:54 Started transferring input files
	Transferring to host: <188.185.238.11:9618?addrs=188.185.238.11-9618+[2001-1458-303-28--100-7]-9618&alias=b9pgpun003.cern.ch&noUDP&sock=slot1_2_818830_8f4b_44978>
...
040 (7270141.007.000) 10/11 16:41:54 Finished transferring input files
...
001 (7270141.007.000) 10/11 16:41:55 Job executing on host: <188.185.238.11:9618?addrs=188.185.238.11-9618+[2001-1458-303-28--100-7]-9618&alias=b9pgpun003.cern.ch&noUDP&sock=startd_217080_670c>
	SlotName: slot1_2@b9pgpun003.cern.ch
	AvailableGPUs = { GPUs_GPU_961f99a9 }
	CondorScratchDir = "/pool/condor/dir_3593773"
	Cpus = 1
	Disk = 6858818
	GPUs = 1
	GPUs_GPU_961f99a9 = [ GlobalMemoryMb = 95235; MaxSupportedVersion = 12040; DriverVersion = 12.4; DeviceName = "NVIDIA H100 NVL"; CoresPerCU = 128; ECCEnabled = true; ComputeUnits = 132; ClockMhz = 1785.0; Id = "GPU-961f99a9"; Capability = 9.0; DevicePciBusId = "0000:3B:00.0"; DeviceUuid = "961f99a9-cffc-9470-1648-488d58df1923" ]
	Memory = 2000
...
006 (7270141.007.000) 10/11 16:42:05 Image size of job updated: 106364440
	3031  -  MemoryUsage of job (MB)
	3103108  -  ResidentSetSize of job (KB)
...
006 (7270141.007.000) 10/11 16:47:05 Image size of job updated: 106364440
	3031  -  MemoryUsage of job (MB)
	3103620  -  ResidentSetSize of job (KB)
...
006 (7270141.007.000) 10/11 16:57:06 Image size of job updated: 106364440
	3650  -  MemoryUsage of job (MB)
	3737528  -  ResidentSetSize of job (KB)
...
006 (7270141.007.000) 10/11 17:12:07 Image size of job updated: 106364440
	3731  -  MemoryUsage of job (MB)
	3819932  -  ResidentSetSize of job (KB)
...
006 (7270141.007.000) 10/11 17:17:09 Image size of job updated: 106364440
	3758  -  MemoryUsage of job (MB)
	3847324  -  ResidentSetSize of job (KB)
...
006 (7270141.007.000) 10/11 17:42:11 Image size of job updated: 106364440
	4276  -  MemoryUsage of job (MB)
	4378176  -  ResidentSetSize of job (KB)
...
006 (7270141.007.000) 10/11 17:44:18 Image size of job updated: 106364440
	4276  -  MemoryUsage of job (MB)
	4378432  -  ResidentSetSize of job (KB)
...
040 (7270141.007.000) 10/11 17:44:19 Started transferring output files
...
040 (7270141.007.000) 10/11 17:44:19 Finished transferring output files
...
005 (7270141.007.000) 10/11 17:44:19 Job terminated.
	(1) Normal termination (return value 50)
		Usr 3 11:06:40, Sys 0 23:43:18  -  Run Remote Usage
		Usr 0 00:00:00, Sys 0 00:00:00  -  Run Local Usage
		Usr 3 11:06:40, Sys 0 23:43:18  -  Total Remote Usage
		Usr 0 00:00:00, Sys 0 00:00:00  -  Total Local Usage
	60739  -  Run Bytes Sent By Job
	2423  -  Run Bytes Received By Job
	60739  -  Total Bytes Sent By Job
	2423  -  Total Bytes Received By Job
	Partitionable Resources :      Usage  Request Allocated Assigned
	   Cpus                 :       0.15        1         1 
	   Disk (KB)            : 1294873           3   6858818 
	   Gpus (Average)       :       0.05        1         1 "GPU-961f99a9"
	   GpusMemory (MB)      :    3652                       
	   Memory (MB)          :    4276        2000      2000 

	Job terminated of its own accord at 2024-10-11T15:44:18Z with exit-code 50.
...
