000 (7186267.000.000) 08/22 15:33:06 Job submitted from host: <137.138.44.55:9618?addrs=137.138.44.55-9618+[2001-1458-d00-1a--48]-9618&alias=bigbird17.cern.ch&noUDP&sock=schedd_23962_8474>
...
040 (7186267.000.000) 08/22 15:38:05 Started transferring input files
	Transferring to host: <128.142.248.123:9618?addrs=128.142.248.123-9618+[2001-1458-301-73--100-16b]-9618&alias=b9g23p2657.cern.ch&noUDP&sock=slot1_31_1296705_ba53_3977>
...
040 (7186267.000.000) 08/22 15:38:06 Finished transferring input files
...
001 (7186267.000.000) 08/22 15:38:06 Job executing on host: <128.142.248.123:9618?addrs=128.142.248.123-9618+[2001-1458-301-73--100-16b]-9618&alias=b9g23p2657.cern.ch&noUDP&sock=startd_3078_d498>
	SlotName: slot1_31@b9g23p2657.cern.ch
	CondorScratchDir = "/pool/condor/dir_2997967"
	Cpus = 1
	Disk = 2997492
	Memory = 2000
...
006 (7186267.000.000) 08/22 15:38:18 Image size of job updated: 272896
	267  -  MemoryUsage of job (MB)
	272864  -  ResidentSetSize of job (KB)
...
006 (7186267.000.000) 08/22 15:43:19 Image size of job updated: 3423844
	3344  -  MemoryUsage of job (MB)
	3423844  -  ResidentSetSize of job (KB)
...
006 (7186267.000.000) 08/22 15:48:20 Image size of job updated: 3693924
	3608  -  MemoryUsage of job (MB)
	3693924  -  ResidentSetSize of job (KB)
...
006 (7186267.000.000) 08/22 15:53:20 Image size of job updated: 3965132
	3873  -  MemoryUsage of job (MB)
	3965132  -  ResidentSetSize of job (KB)
...
006 (7186267.000.000) 08/22 15:55:30 Image size of job updated: 4059492
	3873  -  MemoryUsage of job (MB)
	3965132  -  ResidentSetSize of job (KB)
...
040 (7186267.000.000) 08/22 15:55:31 Started transferring output files
...
040 (7186267.000.000) 08/22 15:55:31 Finished transferring output files
...
005 (7186267.000.000) 08/22 15:55:31 Job terminated.
	(1) Normal termination (return value 50)
		Usr 0 00:15:07, Sys 0 00:00:15  -  Run Remote Usage
		Usr 0 00:00:00, Sys 0 00:00:00  -  Run Local Usage
		Usr 0 00:15:07, Sys 0 00:00:15  -  Total Remote Usage
		Usr 0 00:00:00, Sys 0 00:00:00  -  Total Local Usage
	16093  -  Run Bytes Sent By Job
	2782  -  Run Bytes Received By Job
	16093  -  Total Bytes Sent By Job
	2782  -  Total Bytes Received By Job
	Partitionable Resources :     Usage  Request Allocated 
	   Cpus                 :      0.98        1         1 
	   Disk (KB)            : 821533           3   2997492 
	   Memory (MB)          :   3873        2000      2000 

	Job terminated of its own accord at 2024-08-22T13:55:30Z with exit-code 50.
...
