000 (7186267.001.000) 08/22 15:33:06 Job submitted from host: <137.138.44.55:9618?addrs=137.138.44.55-9618+[2001-1458-d00-1a--48]-9618&alias=bigbird17.cern.ch&noUDP&sock=schedd_23962_8474>
...
040 (7186267.001.000) 08/22 15:38:05 Started transferring input files
	Transferring to host: <128.142.248.123:9618?addrs=128.142.248.123-9618+[2001-1458-301-73--100-16b]-9618&alias=b9g23p2657.cern.ch&noUDP&sock=slot1_32_1296705_ba53_3978>
...
040 (7186267.001.000) 08/22 15:38:06 Finished transferring input files
...
001 (7186267.001.000) 08/22 15:38:07 Job executing on host: <128.142.248.123:9618?addrs=128.142.248.123-9618+[2001-1458-301-73--100-16b]-9618&alias=b9g23p2657.cern.ch&noUDP&sock=startd_3078_d498>
	SlotName: slot1_32@b9g23p2657.cern.ch
	CondorScratchDir = "/pool/condor/dir_2998004"
	Cpus = 1
	Disk = 2997492
	Memory = 2000
...
006 (7186267.001.000) 08/22 15:38:18 Image size of job updated: 271120
	265  -  MemoryUsage of job (MB)
	270996  -  ResidentSetSize of job (KB)
...
006 (7186267.001.000) 08/22 15:43:19 Image size of job updated: 3427556
	3348  -  MemoryUsage of job (MB)
	3427408  -  ResidentSetSize of job (KB)
...
006 (7186267.001.000) 08/22 15:48:20 Image size of job updated: 3698920
	3613  -  MemoryUsage of job (MB)
	3698920  -  ResidentSetSize of job (KB)
...
006 (7186267.001.000) 08/22 15:53:20 Image size of job updated: 3966988
	3875  -  MemoryUsage of job (MB)
	3966988  -  ResidentSetSize of job (KB)
...
006 (7186267.001.000) 08/22 15:55:38 Image size of job updated: 4071404
	3875  -  MemoryUsage of job (MB)
	3966988  -  ResidentSetSize of job (KB)
...
040 (7186267.001.000) 08/22 15:55:38 Started transferring output files
...
040 (7186267.001.000) 08/22 15:55:38 Finished transferring output files
...
005 (7186267.001.000) 08/22 15:55:38 Job terminated.
	(1) Normal termination (return value 50)
		Usr 0 00:14:41, Sys 0 00:00:15  -  Run Remote Usage
		Usr 0 00:00:00, Sys 0 00:00:00  -  Run Local Usage
		Usr 0 00:14:41, Sys 0 00:00:15  -  Total Remote Usage
		Usr 0 00:00:00, Sys 0 00:00:00  -  Total Local Usage
	16084  -  Run Bytes Sent By Job
	2782  -  Run Bytes Received By Job
	16084  -  Total Bytes Sent By Job
	2782  -  Total Bytes Received By Job
	Partitionable Resources :     Usage  Request Allocated 
	   Cpus                 :      0.96        1         1 
	   Disk (KB)            : 821533           3   2997492 
	   Memory (MB)          :   3875        2000      2000 

	Job terminated of its own accord at 2024-08-22T13:55:38Z with exit-code 50.
...
