000 (7186267.003.000) 08/22 15:33:06 Job submitted from host: <137.138.44.55:9618?addrs=137.138.44.55-9618+[2001-1458-d00-1a--48]-9618&alias=bigbird17.cern.ch&noUDP&sock=schedd_23962_8474>
...
040 (7186267.003.000) 08/22 15:43:08 Started transferring input files
	Transferring to host: <128.142.248.94:9618?addrs=128.142.248.94-9618+[2001-1458-301-73--100-14e]-9618&alias=b9g23p2790.cern.ch&noUDP&sock=slot1_20_5757_13c3_4808>
...
040 (7186267.003.000) 08/22 15:43:08 Finished transferring input files
...
001 (7186267.003.000) 08/22 15:43:09 Job executing on host: <128.142.248.94:9618?addrs=128.142.248.94-9618+[2001-1458-301-73--100-14e]-9618&alias=b9g23p2790.cern.ch&noUDP&sock=startd_4576_5577>
	SlotName: slot1_20@b9g23p2790.cern.ch
	CondorScratchDir = "/pool/condor/dir_2154879"
	Cpus = 1
	Disk = 2973104
	Memory = 2000
...
006 (7186267.003.000) 08/22 15:43:21 Image size of job updated: 373180
	365  -  MemoryUsage of job (MB)
	373156  -  ResidentSetSize of job (KB)
...
006 (7186267.003.000) 08/22 15:48:22 Image size of job updated: 3817204
	3728  -  MemoryUsage of job (MB)
	3817200  -  ResidentSetSize of job (KB)
...
006 (7186267.003.000) 08/22 15:53:22 Image size of job updated: 4086592
	3991  -  MemoryUsage of job (MB)
	4086592  -  ResidentSetSize of job (KB)
...
006 (7186267.003.000) 08/22 15:58:22 Image size of job updated: 4326036
	4225  -  MemoryUsage of job (MB)
	4326036  -  ResidentSetSize of job (KB)
...
006 (7186267.003.000) 08/22 16:00:36 Image size of job updated: 4429976
	4225  -  MemoryUsage of job (MB)
	4326036  -  ResidentSetSize of job (KB)
...
040 (7186267.003.000) 08/22 16:00:36 Started transferring output files
...
040 (7186267.003.000) 08/22 16:00:36 Finished transferring output files
...
005 (7186267.003.000) 08/22 16:00:36 Job terminated.
	(1) Normal termination (return value 50)
		Usr 0 00:14:48, Sys 0 00:00:17  -  Run Remote Usage
		Usr 0 00:00:00, Sys 0 00:00:00  -  Run Local Usage
		Usr 0 00:14:48, Sys 0 00:00:17  -  Total Remote Usage
		Usr 0 00:00:00, Sys 0 00:00:00  -  Total Local Usage
	16091  -  Run Bytes Sent By Job
	2782  -  Run Bytes Received By Job
	16091  -  Total Bytes Sent By Job
	2782  -  Total Bytes Received By Job
	Partitionable Resources :     Usage  Request Allocated 
	   Cpus                 :      0.99        1         1 
	   Disk (KB)            : 821534           3   2973104 
	   Memory (MB)          :   4225        2000      2000 

	Job terminated of its own accord at 2024-08-22T14:00:36Z with exit-code 50.
...
