000 (7227830.007.000) 10/02 08:39:26 Job submitted from host: <137.138.44.55:9618?addrs=137.138.44.55-9618+[2001-1458-d00-1a--48]-9618&alias=bigbird17.cern.ch&noUDP&sock=schedd_1981_6134>
...
040 (7227830.007.000) 10/02 09:13:20 Started transferring input files
	Transferring to host: <188.185.190.107:9618?addrs=188.185.190.107-9618+[2001-1458-d03-b--100-2fe]-9618&alias=b9pgpun013.cern.ch&noUDP&sock=slot1_2_223718_51c2_34221>
...
040 (7227830.007.000) 10/02 09:13:20 Finished transferring input files
...
001 (7227830.007.000) 10/02 09:13:21 Job executing on host: <188.185.190.107:9618?addrs=188.185.190.107-9618+[2001-1458-d03-b--100-2fe]-9618&alias=b9pgpun013.cern.ch&noUDP&sock=startd_204990_ab0b>
	SlotName: slot1_2@b9pgpun013.cern.ch
	AvailableGPUs = { GPUs_GPU_d3edf3cc }
	CondorScratchDir = "/pool/condor/dir_226883"
	Cpus = 1
	Disk = 6876619
	GPUs = 1
	GPUs_GPU_d3edf3cc = [ GlobalMemoryMb = 95235; MaxSupportedVersion = 12040; DriverVersion = 12.4; DeviceName = "NVIDIA H100 NVL"; CoresPerCU = 128; ECCEnabled = true; ComputeUnits = 132; ClockMhz = 1785.0; Id = "GPU-d3edf3cc"; Capability = 9.0; DevicePciBusId = "0000:3B:00.0"; DeviceUuid = "d3edf3cc-d6a0-579b-df5a-f89b154b6701" ]
	Memory = 2000
...
006 (7227830.007.000) 10/02 09:13:29 Image size of job updated: 1407868
	1375  -  MemoryUsage of job (MB)
	1407812  -  ResidentSetSize of job (KB)
...
006 (7227830.007.000) 10/02 09:18:29 Image size of job updated: 1421952
	1387  -  MemoryUsage of job (MB)
	1419400  -  ResidentSetSize of job (KB)
...
006 (7227830.007.000) 10/02 09:23:30 Image size of job updated: 1601836
	1482  -  MemoryUsage of job (MB)
	1516976  -  ResidentSetSize of job (KB)
...
006 (7227830.007.000) 10/02 09:24:28 Image size of job updated: 2472532
	1482  -  MemoryUsage of job (MB)
	1516976  -  ResidentSetSize of job (KB)
...
040 (7227830.007.000) 10/02 09:24:28 Started transferring output files
...
040 (7227830.007.000) 10/02 09:24:28 Finished transferring output files
...
005 (7227830.007.000) 10/02 09:24:28 Job terminated.
	(1) Normal termination (return value 50)
		Usr 0 00:06:47, Sys 0 00:04:52  -  Run Remote Usage
		Usr 0 00:00:00, Sys 0 00:00:00  -  Run Local Usage
		Usr 0 00:06:47, Sys 0 00:04:52  -  Total Remote Usage
		Usr 0 00:00:00, Sys 0 00:00:00  -  Total Local Usage
	38914  -  Run Bytes Sent By Job
	2420  -  Run Bytes Received By Job
	38914  -  Total Bytes Sent By Job
	2420  -  Total Bytes Received By Job
	Partitionable Resources :    Usage  Request Allocated Assigned
	   Cpus                 :                 1         1 
	   Disk (KB)            :  1326364        3   6876619 
	   Gpus (Average)       :                 1         1 "GPU-d3edf3cc"
	   Memory (MB)          :     1482     2000      2000 

	Job terminated of its own accord at 2024-10-02T07:24:28Z with exit-code 50.
...
