000 (7227830.001.000) 10/02 08:39:26 Job submitted from host: <137.138.44.55:9618?addrs=137.138.44.55-9618+[2001-1458-d00-1a--48]-9618&alias=bigbird17.cern.ch&noUDP&sock=schedd_1981_6134>
...
040 (7227830.001.000) 10/02 08:40:49 Started transferring input files
	Transferring to host: <188.185.238.11:9618?addrs=188.185.238.11-9618+[2001-1458-303-28--100-7]-9618&alias=b9pgpun003.cern.ch&noUDP&sock=slot1_3_818830_8f4b_38213>
...
040 (7227830.001.000) 10/02 08:40:49 Finished transferring input files
...
001 (7227830.001.000) 10/02 08:40:50 Job executing on host: <188.185.238.11:9618?addrs=188.185.238.11-9618+[2001-1458-303-28--100-7]-9618&alias=b9pgpun003.cern.ch&noUDP&sock=startd_217080_670c>
	SlotName: slot1_3@b9pgpun003.cern.ch
	AvailableGPUs = { GPUs_GPU_b0236122 }
	CondorScratchDir = "/pool/condor/dir_2157319"
	Cpus = 1
	Disk = 6877931
	GPUs = 1
	GPUs_GPU_b0236122 = [ GlobalMemoryMb = 95235; MaxSupportedVersion = 12040; DriverVersion = 12.4; DeviceName = "NVIDIA H100 NVL"; CoresPerCU = 128; ECCEnabled = true; ComputeUnits = 132; ClockMhz = 1785.0; Id = "GPU-b0236122"; Capability = 9.0; DevicePciBusId = "0000:AD:00.0"; DeviceUuid = "b0236122-3dad-e41f-0e67-9f9775407a9b" ]
	Memory = 2000
...
006 (7227830.001.000) 10/02 08:40:58 Image size of job updated: 1430432
	893  -  MemoryUsage of job (MB)
	913772  -  ResidentSetSize of job (KB)
...
006 (7227830.001.000) 10/02 08:45:58 Image size of job updated: 1430432
	1268  -  MemoryUsage of job (MB)
	1297616  -  ResidentSetSize of job (KB)
...
006 (7227830.001.000) 10/02 08:50:59 Image size of job updated: 1540876
	1505  -  MemoryUsage of job (MB)
	1540876  -  ResidentSetSize of job (KB)
...
006 (7227830.001.000) 10/02 08:53:47 Image size of job updated: 2875052
	1508  -  MemoryUsage of job (MB)
	1543180  -  ResidentSetSize of job (KB)
...
040 (7227830.001.000) 10/02 08:53:47 Started transferring output files
...
040 (7227830.001.000) 10/02 08:53:47 Finished transferring output files
...
005 (7227830.001.000) 10/02 08:53:47 Job terminated.
	(1) Normal termination (return value 50)
		Usr 0 00:06:21, Sys 0 00:04:56  -  Run Remote Usage
		Usr 0 00:00:00, Sys 0 00:00:00  -  Run Local Usage
		Usr 0 00:06:21, Sys 0 00:04:56  -  Total Remote Usage
		Usr 0 00:00:00, Sys 0 00:00:00  -  Total Local Usage
	38914  -  Run Bytes Sent By Job
	2420  -  Run Bytes Received By Job
	38914  -  Total Bytes Sent By Job
	2420  -  Total Bytes Received By Job
	Partitionable Resources :      Usage  Request Allocated Assigned
	   Cpus                 :       0.86        1         1 
	   Disk (KB)            : 1148899           3   6877931 
	   Gpus (Average)       :       0.13        1         1 "GPU-b0236122"
	   GpusMemory (MB)      :    3652                       
	   Memory (MB)          :    1508        2000      2000 

	Job terminated of its own accord at 2024-10-02T06:53:47Z with exit-code 50.
...
