CPU Information:
Architecture:        x86_64
CPU op-mode(s):      32-bit, 64-bit
Byte Order:          Little Endian
CPU(s):              64
On-line CPU(s) list: 0-63
Thread(s) per core:  2
Core(s) per socket:  16
Socket(s):           2
NUMA node(s):        2
Vendor ID:           GenuineIntel
CPU family:          6
Model:               85
Model name:          Intel(R) Xeon(R) Silver 4216 CPU @ 2.10GHz
Stepping:            7
CPU MHz:             2479.039
CPU max MHz:         3200.0000
CPU min MHz:         800.0000
BogoMIPS:            4200.00
Virtualization:      VT-x
L1d cache:           32K
L1i cache:           32K
L2 cache:            1024K
L3 cache:            22528K
NUMA node0 CPU(s):   0-15,32-47
NUMA node1 CPU(s):   16-31,48-63
Flags:               fpu vme de pse tsc msr pae mce cx8 apic sep mtrr pge mca cmov pat pse36 clflush dts acpi mmx fxsr sse sse2 ss ht tm pbe syscall nx pdpe1gb rdtscp lm constant_tsc art arch_perfmon pebs bts rep_good nopl xtopology nonstop_tsc cpuid aperfmperf pni pclmulqdq dtes64 monitor ds_cpl vmx smx est tm2 ssse3 sdbg fma cx16 xtpr pdcm pcid dca sse4_1 sse4_2 x2apic movbe popcnt tsc_deadline_timer aes xsave avx f16c rdrand lahf_lm abm 3dnowprefetch cpuid_fault epb cat_l3 cdp_l3 intel_ppin ssbd mba ibrs ibpb stibp ibrs_enhanced tpr_shadow flexpriority ept vpid ept_ad fsgsbase tsc_adjust bmi1 avx2 smep bmi2 erms invpcid cqm mpx rdt_a avx512f avx512dq rdseed adx smap clflushopt clwb intel_pt avx512cd avx512bw avx512vl xsaveopt xsavec xgetbv1 xsaves cqm_llc cqm_occup_llc cqm_mbm_total cqm_mbm_local dtherm ida arat pln pts vnmi pku ospke avx512_vnni md_clear flush_l1d arch_capabilities
GPU Information:
lspci command not found, unable to check GPU.
System Architecture:
x86_64
Number of Threads:
1
Vectorization Support:
Supported vectorization extensions: sse sse2 ssse3 sse4_1 sse4_2 avx avx2
/srv/work
%MSG-MG5 number of events requested = 50000
%MSG-MG5 random seed used for the run = 1
%MSG-MG5 number of cpus = 1
%MSG-MG5 SCRAM_ARCH version = el8_amd64_gcc12
%MSG-MG5 CMSSW version = CMSSW_14_0_9
Running MG5_aMC for the 1 time
produced_lhe  0 nevt  50000 submitting_event  50000  remaining_event  50000
run.sh 50000 10
Now generating 50000 events with random seed 10 and granularity 1
************************************************************
*                                                          *
*                      W E L C O M E to                    *
*             M A D G R A P H 5 _ a M C @ N L O            *
*                      M A D E V E N T                     *
*                                                          *
*                 *                       *                *
*                   *        * *        *                  *
*                     * * * * 5 * * * *                    *
*                   *        * *        *                  *
*                 *                       *                *
*                                                          *
*         VERSION 3.5.3_lo_vect                            *
*                                                          *
*    The MadGraph5_aMC@NLO Development Team - Find us at   *
*    https://server06.fynu.ucl.ac.be/projects/madgraph     *
*                                                          *
*               Type 'help' for in-line help.              *
*                                                          *
************************************************************
INFO: load configuration from /srv/work/process/madevent/Cards/me5_configuration.txt  
INFO: load configuration from /srv/work/mgbasedir/input/mg5_configuration.txt  
INFO: load configuration from /srv/work/process/madevent/Cards/me5_configuration.txt  
Using default text editor "vi". Set another one in ./input/mg5_configuration.txt
No valid eps viewer found. Please set in ./input/mg5_configuration.txt
No valid web browser found. Please set in ./input/mg5_configuration.txt
WRITE GRIDCARD /srv/work/process/madevent
generate 50000 events
[1;34mThe parameter ptonium is not supported anymore. This parameter will be ignored.[0m
[1;34mThe parameter etaonium is not supported anymore. This parameter will be ignored.[0m
P3_gg_ttxggg
P3_gg_ttxguux
P3_gu_ttxggu
P3_gux_ttxggux
P3_uux_ttxggg
P3_gu_ttxuuux
P3_gux_ttxuuxux
P3_gu_ttxuccx
P3_gux_ttxcuxcx
P3_uu_ttxguu
P3_uux_ttxguux
P3_uxux_ttxguxux
P3_uc_ttxguc
P3_uux_ttxgccx
P3_ucx_ttxgucx
P3_uxcx_ttxguxcx
P3_uxb_ttxgbux
P2_gg_ttxgg
P2_gg_ttxuux
P2_gu_ttxgu
P2_gux_ttxgux
P2_uux_ttxgg
P1_gg_ttxg
P2_uu_ttxuu
P2_uux_ttxuux
P2_uxux_ttxuxux
P2_uc_ttxuc
P2_uux_ttxccx
P2_ucx_ttxucx
P2_uxcx_ttxuxcx
P2_uxb_ttxbux
P1_gu_ttxu
P1_gux_ttxux
P1_uux_ttxg
P0_gg_ttx
P0_uux_ttx
Using random number seed offset = 10
INFO: Generating 50000.0 unweighted events. 
sum of cpu time of last step: 124 days,14h03m49s
INFO: need to improve 697 channels 
combine_events
[1;34mThe parameter ptonium is not supported anymore. This parameter will be ignored.[0m
[1;34mThe parameter etaonium is not supported anymore. This parameter will be ignored.[0m
store_events
  === Results Summary for run: GridRun_10 tag: tag_1 ===

     Cross-section :   0 +- 0 pb
     Nb of events :  50000
 
decay_events -from_cards
DONE
write ./events.lhe.gz
run 1 finished, total number of produced events: 50000/50000

-rw-r--r--. 1 choij zh 11361421 Sep  7 05:39 events_1.lhe.gz
run finished, produced number of events:
50000
/srv/work/process/madevent /srv/work
************************************************************
*                                                          *
*                      W E L C O M E to                    *
*             M A D G R A P H 5 _ a M C @ N L O            *
*                      M A D E V E N T                     *
*                                                          *
*                 *                       *                *
*                   *        * *        *                  *
*                     * * * * 5 * * * *                    *
*                   *        * *        *                  *
*                 *                       *                *
*                                                          *
*         VERSION 3.5.3_lo_vect                            *
*                                                          *
*    The MadGraph5_aMC@NLO Development Team - Find us at   *
*    https://server06.fynu.ucl.ac.be/projects/madgraph     *
*                                                          *
*               Type 'help' for in-line help.              *
*                                                          *
************************************************************
INFO: load configuration from /srv/work/process/madevent/Cards/me5_configuration.txt  
INFO: load configuration from /srv/work/mgbasedir/input/mg5_configuration.txt  
INFO: load configuration from /srv/work/process/madevent/Cards/me5_configuration.txt  
Using default text editor "vi". Set another one in ./input/mg5_configuration.txt
No valid eps viewer found. Please set in ./input/mg5_configuration.txt
No valid web browser found. Please set in ./input/mg5_configuration.txt
madevent>INFO: Running Systematics computation 
[1;34mThe parameter ptonium is not supported anymore. This parameter will be ignored.[0m
[1;34mThe parameter etaonium is not supported anymore. This parameter will be ignored.[0m
[1;34mThe parameter ptonium is not supported anymore. This parameter will be ignored.[0m
[1;34mThe parameter etaonium is not supported anymore. This parameter will be ignored.[0m
INFO: # Events generated with PDF: NNPDF31_nnlo_as_0118_mc_hessian_pdfas (325300) 
INFO: # Will Compute 926 weights per event. 
INFO: # Currently at event 0 [elapsed time: 0.1 s] 
INFO: # Currently at event 2500 [elapsed time: 1.3e+02 s] 
INFO: # Currently at event 5000 [elapsed time: 2.6e+02 s] 
INFO: # Currently at event 7500 [elapsed time: 4e+02 s] 
INFO: # Currently at event 10000 [elapsed time: 5.2e+02 s] 
INFO: # Currently at event 12500 [elapsed time: 6.7e+02 s] 
INFO: # Currently at event 15000 [elapsed time: 8.2e+02 s] 
INFO: # Currently at event 17500 [elapsed time: 9.6e+02 s] 
INFO: # Currently at event 20000 [elapsed time: 1.1e+03 s] 
INFO: # Currently at event 22500 [elapsed time: 1.2e+03 s] 
INFO: # Currently at event 25000 [elapsed time: 1.4e+03 s] 
INFO: # Currently at event 27500 [elapsed time: 1.5e+03 s] 
INFO: # Currently at event 30000 [elapsed time: 1.6e+03 s] 
INFO: # Currently at event 32500 [elapsed time: 1.8e+03 s] 
INFO: # Currently at event 35000 [elapsed time: 2e+03 s] 
INFO: # Currently at event 37500 [elapsed time: 2.1e+03 s] 
INFO: # Currently at event 40000 [elapsed time: 2.3e+03 s] 
INFO: # Currently at event 42500 [elapsed time: 2.4e+03 s] 
INFO: # Currently at event 45000 [elapsed time: 2.6e+03 s] 
INFO: # Currently at event 47500 [elapsed time: 2.8e+03 s] 
INFO: #***************************************************************************
#
# original cross-section: 2362.6841499988614
#     scale variation: +30% -21.4%
#     emission scale variation: +27.4% -17%
#     central scheme variation: + 0% -34.9%
# PDF variation: +5.78% -5.78%
#
#PDF NNPDF31_nnlo_as_0118_mc: 2351.9 +1.46% -1.46%
#PDF NNPDF31_nlo_hessian_pdfas: 2424.21 +6.7% -6.7%
#PDF NNPDF40_nnlo_pdfas: 2309.3 + 3% - 3%
#PDF NNPDF40_nnlo_hessian_pdfas: 2307 + 3% - 3%
#PDF NNPDF40_nnlo_pch_as_01180: 2314.78 +0.82% -0.82%
#PDF CT18NNLO: 2442.17 +3.91% -2.61%
#PDF CT18ZNNLO: 2370.26 +3.18% -3.13%
#PDF MSHT20nnlo_as118: 2419.38 +3.1% -1.92%
#PDF PDF4LHC21_40_pdfas: 2423.11 +4.17% -4.17%
#PDF HERAPDF20_NNLO_EIG: 2298.98 +0.977% -4.89%
#PDF ABMP16als118_5_nnlo: 2315.38 +2.38% -2.38%
# dynamical scheme # 1 : 1968.01 +27.5% -20.3% # \sum ET
# dynamical scheme # 2 : 1751.08 +26.4% -19.7% # \sum\sqrt{m^2+pt^2}
# dynamical scheme # 3 : 2213.09 +28.7% -20.9% # 0.5 \sum\sqrt{m^2+pt^2}
# dynamical scheme # 4 : 1537.37 +25.2% -19% # \sqrt{\hat s}
# PDF 263000 : 2974.0349193230504
#***************************************************************************
 
INFO: End of systematics computation 
madevent>INFO:  
launch in debug mode
/srv/work

Run xml check
Number of weights that are NaN:
0
All checks passed 

total 1853824
drwxr-xr-x. 17 choij zh       4096 Sep  6 11:55 CMSSW_14_0_9
drwxr-xr-x.  2 choij zh       4096 Sep  3 07:02 InputCards
-rw-r--r--.  1 choij zh   58347388 Sep  6 11:54 TT0123j_CKM_LO_5f_FORTRAN_el8_amd64_gcc12_CMSSW_14_0_9_tarball.tar.xz
-rw-r--r--.  1 choij zh 1835397647 Sep  7 06:29 cmsgrid_final.lhe
-rw-r--r--.  1 choij zh    2090274 Sep  7 06:30 evtgen.log
-rw-r--r--.  1 choij zh     339395 Sep  3 07:02 gridpack_generation.log
-rwxr-xr-x.  1 choij zh      11617 Sep  3 07:02 merge.pl
drwxr-xr-x. 14 choij zh       4096 Sep  3 07:02 mgbasedir
drwxr-xr-x.  3 choij zh         48 Sep  7 05:39 process
-rwxr-xr-x.  1 choij zh       8025 Sep  6 11:55 runcmsgrid.sh
