000 (7187260.004.000) 08/26 07:55:15 Job submitted from host: <137.138.44.55:9618?addrs=137.138.44.55-9618+[2001-1458-d00-1a--48]-9618&alias=bigbird17.cern.ch&noUDP&sock=schedd_23962_8474>
...
040 (7187260.004.000) 08/26 11:14:52 Started transferring input files
	Transferring to host: <128.142.248.123:9618?addrs=128.142.248.123-9618+[2001-1458-301-73--100-16b]-9618&alias=b9g23p2657.cern.ch&noUDP&sock=slot1_18_1296705_ba53_8248>
...
040 (7187260.004.000) 08/26 11:14:52 Finished transferring input files
...
001 (7187260.004.000) 08/26 11:14:53 Job executing on host: <128.142.248.123:9618?addrs=128.142.248.123-9618+[2001-1458-301-73--100-16b]-9618&alias=b9g23p2657.cern.ch&noUDP&sock=startd_3078_d498>
	SlotName: slot1_18@b9g23p2657.cern.ch
	CondorScratchDir = "/pool/condor/dir_265996"
	Cpus = 1
	Disk = 2983531
	Memory = 2000
...
006 (7187260.004.000) 08/26 11:15:01 Image size of job updated: 519820
	508  -  MemoryUsage of job (MB)
	519548  -  ResidentSetSize of job (KB)
...
006 (7187260.004.000) 08/26 11:20:01 Image size of job updated: 741040
	724  -  MemoryUsage of job (MB)
	741040  -  ResidentSetSize of job (KB)
...
006 (7187260.004.000) 08/26 11:25:02 Image size of job updated: 929412
	835  -  MemoryUsage of job (MB)
	854104  -  ResidentSetSize of job (KB)
...
006 (7187260.004.000) 08/26 11:30:02 Image size of job updated: 3698868
	3613  -  MemoryUsage of job (MB)
	3698868  -  ResidentSetSize of job (KB)
...
006 (7187260.004.000) 08/26 11:35:03 Image size of job updated: 3962288
	3870  -  MemoryUsage of job (MB)
	3962288  -  ResidentSetSize of job (KB)
...
006 (7187260.004.000) 08/26 11:40:04 Image size of job updated: 4225472
	4127  -  MemoryUsage of job (MB)
	4225472  -  ResidentSetSize of job (KB)
...
006 (7187260.004.000) 08/26 11:45:04 Image size of job updated: 4496668
	4392  -  MemoryUsage of job (MB)
	4496668  -  ResidentSetSize of job (KB)
...
006 (7187260.004.000) 08/26 11:50:05 Image size of job updated: 4770324
	4659  -  MemoryUsage of job (MB)
	4770324  -  ResidentSetSize of job (KB)
...
006 (7187260.004.000) 08/26 11:55:06 Image size of job updated: 5059616
	4942  -  MemoryUsage of job (MB)
	5059616  -  ResidentSetSize of job (KB)
...
006 (7187260.004.000) 08/26 12:00:06 Image size of job updated: 5319532
	5195  -  MemoryUsage of job (MB)
	5319532  -  ResidentSetSize of job (KB)
...
006 (7187260.004.000) 08/26 12:05:08 Image size of job updated: 5580108
	5450  -  MemoryUsage of job (MB)
	5580108  -  ResidentSetSize of job (KB)
...
006 (7187260.004.000) 08/26 12:10:08 Image size of job updated: 5842132
	5706  -  MemoryUsage of job (MB)
	5842132  -  ResidentSetSize of job (KB)
...
006 (7187260.004.000) 08/26 12:15:08 Image size of job updated: 6104644
	5962  -  MemoryUsage of job (MB)
	6104644  -  ResidentSetSize of job (KB)
...
006 (7187260.004.000) 08/26 12:20:09 Image size of job updated: 6380516
	6231  -  MemoryUsage of job (MB)
	6380516  -  ResidentSetSize of job (KB)
...
006 (7187260.004.000) 08/26 12:25:09 Image size of job updated: 6663844
	6508  -  MemoryUsage of job (MB)
	6663844  -  ResidentSetSize of job (KB)
...
006 (7187260.004.000) 08/26 12:30:09 Image size of job updated: 6921860
	6760  -  MemoryUsage of job (MB)
	6921860  -  ResidentSetSize of job (KB)
...
006 (7187260.004.000) 08/26 12:35:10 Image size of job updated: 7192288
	7024  -  MemoryUsage of job (MB)
	7192288  -  ResidentSetSize of job (KB)
...
006 (7187260.004.000) 08/26 12:40:10 Image size of job updated: 7458740
	7284  -  MemoryUsage of job (MB)
	7458740  -  ResidentSetSize of job (KB)
...
006 (7187260.004.000) 08/26 12:45:10 Image size of job updated: 7738608
	7558  -  MemoryUsage of job (MB)
	7738608  -  ResidentSetSize of job (KB)
...
006 (7187260.004.000) 08/26 12:50:11 Image size of job updated: 8005416
	7818  -  MemoryUsage of job (MB)
	8005416  -  ResidentSetSize of job (KB)
...
006 (7187260.004.000) 08/26 12:55:11 Image size of job updated: 8263676
	8070  -  MemoryUsage of job (MB)
	8263676  -  ResidentSetSize of job (KB)
...
006 (7187260.004.000) 08/26 13:00:12 Image size of job updated: 8534256
	8335  -  MemoryUsage of job (MB)
	8534256  -  ResidentSetSize of job (KB)
...
006 (7187260.004.000) 08/26 13:05:13 Image size of job updated: 8786552
	8581  -  MemoryUsage of job (MB)
	8786552  -  ResidentSetSize of job (KB)
...
006 (7187260.004.000) 08/26 13:10:13 Image size of job updated: 9058772
	8847  -  MemoryUsage of job (MB)
	9058772  -  ResidentSetSize of job (KB)
...
006 (7187260.004.000) 08/26 13:15:14 Image size of job updated: 9327940
	9110  -  MemoryUsage of job (MB)
	9327940  -  ResidentSetSize of job (KB)
...
006 (7187260.004.000) 08/26 13:20:15 Image size of job updated: 9592688
	9368  -  MemoryUsage of job (MB)
	9592688  -  ResidentSetSize of job (KB)
...
006 (7187260.004.000) 08/26 13:25:15 Image size of job updated: 9855444
	9625  -  MemoryUsage of job (MB)
	9855444  -  ResidentSetSize of job (KB)
...
006 (7187260.004.000) 08/26 13:30:16 Image size of job updated: 10126592
	9890  -  MemoryUsage of job (MB)
	10126592  -  ResidentSetSize of job (KB)
...
006 (7187260.004.000) 08/26 13:35:16 Image size of job updated: 10390772
	10148  -  MemoryUsage of job (MB)
	10390772  -  ResidentSetSize of job (KB)
...
006 (7187260.004.000) 08/26 13:40:16 Image size of job updated: 10664184
	10415  -  MemoryUsage of job (MB)
	10664184  -  ResidentSetSize of job (KB)
...
006 (7187260.004.000) 08/26 13:45:17 Image size of job updated: 10742872
	10415  -  MemoryUsage of job (MB)
	10664184  -  ResidentSetSize of job (KB)
...
040 (7187260.004.000) 08/26 13:45:33 Started transferring output files
...
040 (7187260.004.000) 08/26 13:45:33 Finished transferring output files
...
005 (7187260.004.000) 08/26 13:45:33 Job terminated.
	(1) Normal termination (return value 50)
		Usr 0 02:27:52, Sys 0 00:01:08  -  Run Remote Usage
		Usr 0 00:00:00, Sys 0 00:00:00  -  Run Local Usage
		Usr 0 02:27:52, Sys 0 00:01:08  -  Total Remote Usage
		Usr 0 00:00:00, Sys 0 00:00:00  -  Total Local Usage
	20328  -  Run Bytes Sent By Job
	2914  -  Run Bytes Received By Job
	20328  -  Total Bytes Sent By Job
	2914  -  Total Bytes Received By Job
	Partitionable Resources :      Usage  Request Allocated 
	   Cpus                 :       0.99        1         1 
	   Disk (KB)            : 7455529           3   2983531 
	   Memory (MB)          :   10415        2000      2000 

	Job terminated of its own accord at 2024-08-26T11:45:33Z with exit-code 50.
...
