000 (7187260.001.000) 08/26 07:55:15 Job submitted from host: <137.138.44.55:9618?addrs=137.138.44.55-9618+[2001-1458-d00-1a--48]-9618&alias=bigbird17.cern.ch&noUDP&sock=schedd_23962_8474>
...
040 (7187260.001.000) 08/26 11:12:54 Started transferring input files
	Transferring to host: <128.142.248.197:9618?addrs=128.142.248.197-9618+[2001-1458-301-73--100-c4]-9618&alias=b9g23p2961.cern.ch&noUDP&sock=slot1_7_7499_794a_4794>
...
040 (7187260.001.000) 08/26 11:12:54 Finished transferring input files
...
001 (7187260.001.000) 08/26 11:12:55 Job executing on host: <128.142.248.197:9618?addrs=128.142.248.197-9618+[2001-1458-301-73--100-c4]-9618&alias=b9g23p2961.cern.ch&noUDP&sock=startd_5911_0866>
	SlotName: slot1_7@b9g23p2961.cern.ch
	CondorScratchDir = "/pool/condor/dir_2452766"
	Cpus = 1
	Disk = 3074122
	Memory = 2000
...
006 (7187260.001.000) 08/26 11:13:04 Image size of job updated: 547864
	324  -  MemoryUsage of job (MB)
	330800  -  ResidentSetSize of job (KB)
...
006 (7187260.001.000) 08/26 11:18:05 Image size of job updated: 920664
	855  -  MemoryUsage of job (MB)
	874768  -  ResidentSetSize of job (KB)
...
006 (7187260.001.000) 08/26 11:23:06 Image size of job updated: 3815324
	3726  -  MemoryUsage of job (MB)
	3815324  -  ResidentSetSize of job (KB)
...
006 (7187260.001.000) 08/26 11:28:06 Image size of job updated: 4327320
	4226  -  MemoryUsage of job (MB)
	4327320  -  ResidentSetSize of job (KB)
...
006 (7187260.001.000) 08/26 11:33:06 Image size of job updated: 4849392
	4736  -  MemoryUsage of job (MB)
	4849392  -  ResidentSetSize of job (KB)
...
006 (7187260.001.000) 08/26 11:38:07 Image size of job updated: 5396248
	5270  -  MemoryUsage of job (MB)
	5396248  -  ResidentSetSize of job (KB)
...
006 (7187260.001.000) 08/26 11:43:07 Image size of job updated: 5948892
	5810  -  MemoryUsage of job (MB)
	5948892  -  ResidentSetSize of job (KB)
...
006 (7187260.001.000) 08/26 11:48:07 Image size of job updated: 6411280
	6262  -  MemoryUsage of job (MB)
	6411280  -  ResidentSetSize of job (KB)
...
006 (7187260.001.000) 08/26 11:53:08 Image size of job updated: 6908588
	6747  -  MemoryUsage of job (MB)
	6908588  -  ResidentSetSize of job (KB)
...
006 (7187260.001.000) 08/26 11:58:08 Image size of job updated: 7427948
	7254  -  MemoryUsage of job (MB)
	7427948  -  ResidentSetSize of job (KB)
...
006 (7187260.001.000) 08/26 12:03:08 Image size of job updated: 7924660
	7739  -  MemoryUsage of job (MB)
	7924404  -  ResidentSetSize of job (KB)
...
006 (7187260.001.000) 08/26 12:08:09 Image size of job updated: 8384528
	8189  -  MemoryUsage of job (MB)
	8384528  -  ResidentSetSize of job (KB)
...
006 (7187260.001.000) 08/26 12:13:09 Image size of job updated: 8832284
	8626  -  MemoryUsage of job (MB)
	8832284  -  ResidentSetSize of job (KB)
...
006 (7187260.001.000) 08/26 12:18:10 Image size of job updated: 9299532
	9082  -  MemoryUsage of job (MB)
	9299532  -  ResidentSetSize of job (KB)
...
006 (7187260.001.000) 08/26 12:23:11 Image size of job updated: 9769984
	9541  -  MemoryUsage of job (MB)
	9769984  -  ResidentSetSize of job (KB)
...
006 (7187260.001.000) 08/26 12:28:11 Image size of job updated: 10244628
	10005  -  MemoryUsage of job (MB)
	10244628  -  ResidentSetSize of job (KB)
...
006 (7187260.001.000) 08/26 12:33:12 Image size of job updated: 10715212
	10465  -  MemoryUsage of job (MB)
	10715212  -  ResidentSetSize of job (KB)
...
006 (7187260.001.000) 08/26 12:36:01 Image size of job updated: 10770472
	10465  -  MemoryUsage of job (MB)
	10715212  -  ResidentSetSize of job (KB)
...
040 (7187260.001.000) 08/26 12:36:01 Started transferring output files
...
040 (7187260.001.000) 08/26 12:36:01 Finished transferring output files
...
005 (7187260.001.000) 08/26 12:36:01 Job terminated.
	(1) Normal termination (return value 50)
		Usr 0 01:22:01, Sys 0 00:00:39  -  Run Remote Usage
		Usr 0 00:00:00, Sys 0 00:00:00  -  Run Local Usage
		Usr 0 01:22:01, Sys 0 00:00:39  -  Total Remote Usage
		Usr 0 00:00:00, Sys 0 00:00:00  -  Total Local Usage
	20328  -  Run Bytes Sent By Job
	2914  -  Run Bytes Received By Job
	20328  -  Total Bytes Sent By Job
	2914  -  Total Bytes Received By Job
	Partitionable Resources :      Usage  Request Allocated 
	   Cpus                 :       1.00        1         1 
	   Disk (KB)            : 7478874           3   3074122 
	   Memory (MB)          :   10465        2000      2000 

	Job terminated of its own accord at 2024-08-26T10:36:01Z with exit-code 50.
...
