000 (7186301.001.000) 08/22 15:33:35 Job submitted from host: <137.138.44.55:9618?addrs=137.138.44.55-9618+[2001-1458-d00-1a--48]-9618&alias=bigbird17.cern.ch&noUDP&sock=schedd_23962_8474>
...
040 (7186301.001.000) 08/23 19:53:54 Started transferring input files
	Transferring to host: <128.142.248.197:9618?addrs=128.142.248.197-9618+[2001-1458-301-73--100-c4]-9618&alias=b9g23p2961.cern.ch&noUDP&sock=slot1_36_7499_794a_1066>
...
040 (7186301.001.000) 08/23 19:53:54 Finished transferring input files
...
001 (7186301.001.000) 08/23 19:53:55 Job executing on host: <128.142.248.197:9618?addrs=128.142.248.197-9618+[2001-1458-301-73--100-c4]-9618&alias=b9g23p2961.cern.ch&noUDP&sock=startd_5911_0866>
	SlotName: slot1_36@b9g23p2961.cern.ch
	CondorScratchDir = "/pool/condor/dir_1157487"
	Cpus = 1
	Disk = 3089568
	Memory = 2000
...
006 (7186301.001.000) 08/23 19:54:04 Image size of job updated: 566604
	554  -  MemoryUsage of job (MB)
	566596  -  ResidentSetSize of job (KB)
...
006 (7186301.001.000) 08/23 19:59:04 Image size of job updated: 588340
	556  -  MemoryUsage of job (MB)
	569004  -  ResidentSetSize of job (KB)
...
006 (7186301.001.000) 08/23 20:09:05 Image size of job updated: 595168
	573  -  MemoryUsage of job (MB)
	585860  -  ResidentSetSize of job (KB)
...
006 (7186301.001.000) 08/23 20:14:05 Image size of job updated: 720896
	699  -  MemoryUsage of job (MB)
	715540  -  ResidentSetSize of job (KB)
...
006 (7186301.001.000) 08/23 20:19:06 Image size of job updated: 3496876
	3415  -  MemoryUsage of job (MB)
	3496876  -  ResidentSetSize of job (KB)
...
006 (7186301.001.000) 08/23 20:23:17 Image size of job updated: 3605492
	3415  -  MemoryUsage of job (MB)
	3496876  -  ResidentSetSize of job (KB)
...
040 (7186301.001.000) 08/23 20:23:17 Started transferring output files
...
040 (7186301.001.000) 08/23 20:23:21 Finished transferring output files
...
005 (7186301.001.000) 08/23 20:23:21 Job terminated.
	(1) Normal termination (return value 50)
		Usr 0 00:28:27, Sys 0 00:00:33  -  Run Remote Usage
		Usr 0 00:00:00, Sys 0 00:00:00  -  Run Local Usage
		Usr 0 00:28:27, Sys 0 00:00:33  -  Total Remote Usage
		Usr 0 00:00:00, Sys 0 00:00:00  -  Total Local Usage
	15889  -  Run Bytes Sent By Job
	2779  -  Run Bytes Received By Job
	15889  -  Total Bytes Sent By Job
	2779  -  Total Bytes Received By Job
	Partitionable Resources :     Usage  Request Allocated 
	   Cpus                 :      1.00        1         1 
	   Disk (KB)            : 565486           3   3089568 
	   Memory (MB)          :   3415        2000      2000 

	Job terminated of its own accord at 2024-08-23T18:23:17Z with exit-code 50.
...
