000 (7217097.004.000) 09/19 08:42:03 Job submitted from host: <137.138.44.55:9618?addrs=137.138.44.55-9618+[2001-1458-d00-1a--48]-9618&alias=bigbird17.cern.ch&noUDP&sock=schedd_1981_6134>
...
040 (7217097.004.000) 09/19 09:24:52 Started transferring input files
	Transferring to host: <188.185.93.208:9618?addrs=188.185.93.208-9618+[2001-1458-d00-6c--100-e9]-9618&alias=b9g57n3665.cern.ch&noUDP&sock=slot1_1_14828_6ad4_126039>
...
040 (7217097.004.000) 09/19 09:24:52 Finished transferring input files
...
001 (7217097.004.000) 09/19 09:24:53 Job executing on host: <188.185.93.208:9618?addrs=188.185.93.208-9618+[2001-1458-d00-6c--100-e9]-9618&alias=b9g57n3665.cern.ch&noUDP&sock=startd_13612_473d>
	SlotName: slot1_1@b9g57n3665.cern.ch
	AvailableGPUs = { GPUs_GPU_836178fb }
	CondorScratchDir = "/pool/condor/dir_320961"
	Cpus = 1
	Disk = 305003
	GPUs = 1
	GPUs_GPU_836178fb = [ GlobalMemoryMb = 40326; MaxSupportedVersion = 12040; DriverVersion = 12.4; DeviceUuid = "836178fb-b193-b354-8ad9-dc95f395b443"; DeviceName = "NVIDIA A100-PCIE-40GB"; CoresPerCU = 64; ECCEnabled = true; ComputeUnits = 108; ClockMhz = 1410.0; Id = "GPU-836178fb"; DevicePciBusId = "0000:06:00.0"; Capability = 8.0 ]
	Memory = 2000
...
006 (7217097.004.000) 09/19 09:25:03 Image size of job updated: 2230312
	2178  -  MemoryUsage of job (MB)
	2230244  -  ResidentSetSize of job (KB)
...
006 (7217097.004.000) 09/19 09:30:06 Image size of job updated: 14997968
	14645  -  MemoryUsage of job (MB)
	14996268  -  ResidentSetSize of job (KB)
...
006 (7217097.004.000) 09/19 09:35:05 Image size of job updated: 16465256
	15310  -  MemoryUsage of job (MB)
	15676776  -  ResidentSetSize of job (KB)
...
006 (7217097.004.000) 09/19 09:40:06 Image size of job updated: 16596520
	16191  -  MemoryUsage of job (MB)
	16578932  -  ResidentSetSize of job (KB)
...
006 (7217097.004.000) 09/19 09:45:05 Image size of job updated: 16859672
	16191  -  MemoryUsage of job (MB)
	16578932  -  ResidentSetSize of job (KB)
...
006 (7217097.004.000) 09/19 09:50:06 Image size of job updated: 16929164
	16191  -  MemoryUsage of job (MB)
	16578932  -  ResidentSetSize of job (KB)
...
006 (7217097.004.000) 09/19 09:55:07 Image size of job updated: 17035808
	16191  -  MemoryUsage of job (MB)
	16578932  -  ResidentSetSize of job (KB)
...
006 (7217097.004.000) 09/19 10:05:08 Image size of job updated: 17312156
	16191  -  MemoryUsage of job (MB)
	16578932  -  ResidentSetSize of job (KB)
...
006 (7217097.004.000) 09/19 10:10:07 Image size of job updated: 17367304
	16224  -  MemoryUsage of job (MB)
	16612844  -  ResidentSetSize of job (KB)
...
006 (7217097.004.000) 09/19 10:15:08 Image size of job updated: 17367304
	16281  -  MemoryUsage of job (MB)
	16670844  -  ResidentSetSize of job (KB)
...
006 (7217097.004.000) 09/19 10:20:08 Image size of job updated: 17367304
	16935  -  MemoryUsage of job (MB)
	17340728  -  ResidentSetSize of job (KB)
...
006 (7217097.004.000) 09/19 10:25:09 Image size of job updated: 17871764
	16935  -  MemoryUsage of job (MB)
	17340728  -  ResidentSetSize of job (KB)
...
006 (7217097.004.000) 09/19 10:30:09 Image size of job updated: 17895260
	16944  -  MemoryUsage of job (MB)
	17349860  -  ResidentSetSize of job (KB)
...
006 (7217097.004.000) 09/19 10:35:10 Image size of job updated: 17895260
	16974  -  MemoryUsage of job (MB)
	17381020  -  ResidentSetSize of job (KB)
...
006 (7217097.004.000) 09/19 10:45:11 Image size of job updated: 17895260
	16977  -  MemoryUsage of job (MB)
	17383804  -  ResidentSetSize of job (KB)
...
006 (7217097.004.000) 09/19 10:50:11 Image size of job updated: 18338932
	17124  -  MemoryUsage of job (MB)
	17534772  -  ResidentSetSize of job (KB)
...
006 (7217097.004.000) 09/19 10:55:12 Image size of job updated: 18369308
	17196  -  MemoryUsage of job (MB)
	17608256  -  ResidentSetSize of job (KB)
...
006 (7217097.004.000) 09/19 11:00:12 Image size of job updated: 18711620
	17441  -  MemoryUsage of job (MB)
	17859480  -  ResidentSetSize of job (KB)
...
006 (7217097.004.000) 09/19 11:05:13 Image size of job updated: 18809396
	17588  -  MemoryUsage of job (MB)
	18010104  -  ResidentSetSize of job (KB)
...
006 (7217097.004.000) 09/19 11:10:13 Image size of job updated: 18916660
	17938  -  MemoryUsage of job (MB)
	18368204  -  ResidentSetSize of job (KB)
...
006 (7217097.004.000) 09/19 11:15:14 Image size of job updated: 18916660
	18062  -  MemoryUsage of job (MB)
	18494572  -  ResidentSetSize of job (KB)
...
006 (7217097.004.000) 09/19 11:30:16 Image size of job updated: 19507252
	18243  -  MemoryUsage of job (MB)
	18680524  -  ResidentSetSize of job (KB)
...
006 (7217097.004.000) 09/19 11:35:17 Image size of job updated: 19507252
	18289  -  MemoryUsage of job (MB)
	18727480  -  ResidentSetSize of job (KB)
...
006 (7217097.004.000) 09/19 11:40:17 Image size of job updated: 19798584
	19219  -  MemoryUsage of job (MB)
	19679360  -  ResidentSetSize of job (KB)
...
006 (7217097.004.000) 09/19 11:45:18 Image size of job updated: 19802800
	19219  -  MemoryUsage of job (MB)
	19679360  -  ResidentSetSize of job (KB)
...
006 (7217097.004.000) 09/19 11:50:18 Image size of job updated: 19965636
	19481  -  MemoryUsage of job (MB)
	19948036  -  ResidentSetSize of job (KB)
...
006 (7217097.004.000) 09/19 11:55:19 Image size of job updated: 20059036
	19481  -  MemoryUsage of job (MB)
	19948036  -  ResidentSetSize of job (KB)
...
006 (7217097.004.000) 09/19 12:00:19 Image size of job updated: 20221480
	19481  -  MemoryUsage of job (MB)
	19948036  -  ResidentSetSize of job (KB)
...
006 (7217097.004.000) 09/19 12:10:20 Image size of job updated: 20601872
	19481  -  MemoryUsage of job (MB)
	19948036  -  ResidentSetSize of job (KB)
...
006 (7217097.004.000) 09/19 12:15:21 Image size of job updated: 20787648
	20117  -  MemoryUsage of job (MB)
	20599268  -  ResidentSetSize of job (KB)
...
006 (7217097.004.000) 09/19 12:30:23 Image size of job updated: 21104328
	20117  -  MemoryUsage of job (MB)
	20599268  -  ResidentSetSize of job (KB)
...
006 (7217097.004.000) 09/19 12:40:24 Image size of job updated: 21411148
	20569  -  MemoryUsage of job (MB)
	21061904  -  ResidentSetSize of job (KB)
...
006 (7217097.004.000) 09/19 12:45:24 Image size of job updated: 21551148
	20575  -  MemoryUsage of job (MB)
	21068304  -  ResidentSetSize of job (KB)
...
006 (7217097.004.000) 09/19 12:55:26 Image size of job updated: 21551148
	20843  -  MemoryUsage of job (MB)
	21342800  -  ResidentSetSize of job (KB)
...
006 (7217097.004.000) 09/19 13:05:26 Image size of job updated: 22222540
	20843  -  MemoryUsage of job (MB)
	21342800  -  ResidentSetSize of job (KB)
...
006 (7217097.004.000) 09/19 13:10:27 Image size of job updated: 22364504
	21333  -  MemoryUsage of job (MB)
	21844032  -  ResidentSetSize of job (KB)
...
006 (7217097.004.000) 09/19 13:15:27 Image size of job updated: 22364504
	21334  -  MemoryUsage of job (MB)
	21845312  -  ResidentSetSize of job (KB)
...
006 (7217097.004.000) 09/19 13:25:28 Image size of job updated: 22364504
	21386  -  MemoryUsage of job (MB)
	21898320  -  ResidentSetSize of job (KB)
...
006 (7217097.004.000) 09/19 13:30:29 Image size of job updated: 22676896
	22146  -  MemoryUsage of job (MB)
	22676896  -  ResidentSetSize of job (KB)
...
006 (7217097.004.000) 09/19 13:35:30 Image size of job updated: 22756396
	22146  -  MemoryUsage of job (MB)
	22676896  -  ResidentSetSize of job (KB)
...
006 (7217097.004.000) 09/19 13:45:31 Image size of job updated: 23087932
	22146  -  MemoryUsage of job (MB)
	22676896  -  ResidentSetSize of job (KB)
...
006 (7217097.004.000) 09/19 13:55:32 Image size of job updated: 23368924
	22146  -  MemoryUsage of job (MB)
	22676896  -  ResidentSetSize of job (KB)
...
006 (7217097.004.000) 09/19 14:00:33 Image size of job updated: 23368924
	22424  -  MemoryUsage of job (MB)
	22961588  -  ResidentSetSize of job (KB)
...
006 (7217097.004.000) 09/19 14:05:34 Image size of job updated: 23720812
	23150  -  MemoryUsage of job (MB)
	23704904  -  ResidentSetSize of job (KB)
...
006 (7217097.004.000) 09/19 14:10:34 Image size of job updated: 23785436
	23150  -  MemoryUsage of job (MB)
	23704904  -  ResidentSetSize of job (KB)
...
006 (7217097.004.000) 09/19 14:20:35 Image size of job updated: 23970464
	23150  -  MemoryUsage of job (MB)
	23704904  -  ResidentSetSize of job (KB)
...
006 (7217097.004.000) 09/19 14:25:36 Image size of job updated: 24253068
	23150  -  MemoryUsage of job (MB)
	23704904  -  ResidentSetSize of job (KB)
...
006 (7217097.004.000) 09/19 14:50:38 Image size of job updated: 24253068
	23222  -  MemoryUsage of job (MB)
	23778644  -  ResidentSetSize of job (KB)
...
006 (7217097.004.000) 09/19 14:55:39 Image size of job updated: 24253068
	23280  -  MemoryUsage of job (MB)
	23837776  -  ResidentSetSize of job (KB)
...
006 (7217097.004.000) 09/19 15:00:40 Image size of job updated: 24830808
	23436  -  MemoryUsage of job (MB)
	23997852  -  ResidentSetSize of job (KB)
...
006 (7217097.004.000) 09/19 15:05:40 Image size of job updated: 25039808
	23627  -  MemoryUsage of job (MB)
	24193712  -  ResidentSetSize of job (KB)
...
006 (7217097.004.000) 09/19 15:10:41 Image size of job updated: 25099156
	24067  -  MemoryUsage of job (MB)
	24643964  -  ResidentSetSize of job (KB)
...
006 (7217097.004.000) 09/19 15:15:41 Image size of job updated: 25099156
	24115  -  MemoryUsage of job (MB)
	24693752  -  ResidentSetSize of job (KB)
...
006 (7217097.004.000) 09/19 15:25:42 Image size of job updated: 25471672
	24195  -  MemoryUsage of job (MB)
	24774756  -  ResidentSetSize of job (KB)
...
006 (7217097.004.000) 09/19 15:30:43 Image size of job updated: 25471672
	24441  -  MemoryUsage of job (MB)
	25027120  -  ResidentSetSize of job (KB)
...
006 (7217097.004.000) 09/19 15:35:44 Image size of job updated: 25852592
	25125  -  MemoryUsage of job (MB)
	25727680  -  ResidentSetSize of job (KB)
...
006 (7217097.004.000) 09/19 15:40:44 Image size of job updated: 25920604
	25125  -  MemoryUsage of job (MB)
	25727680  -  ResidentSetSize of job (KB)
...
006 (7217097.004.000) 09/19 15:50:46 Image size of job updated: 26295284
	25125  -  MemoryUsage of job (MB)
	25727680  -  ResidentSetSize of job (KB)
...
006 (7217097.004.000) 09/19 16:05:46 Image size of job updated: 26295284
	25289  -  MemoryUsage of job (MB)
	25895112  -  ResidentSetSize of job (KB)
...
006 (7217097.004.000) 09/19 16:10:47 Image size of job updated: 26295284
	25648  -  MemoryUsage of job (MB)
	26263336  -  ResidentSetSize of job (KB)
...
006 (7217097.004.000) 09/19 16:15:48 Image size of job updated: 26678712
	25652  -  MemoryUsage of job (MB)
	26266664  -  ResidentSetSize of job (KB)
...
006 (7217097.004.000) 09/19 16:20:48 Image size of job updated: 27613008
	26966  -  MemoryUsage of job (MB)
	27613008  -  ResidentSetSize of job (KB)
...
006 (7217097.004.000) 09/19 16:25:49 Image size of job updated: 28318616
	27655  -  MemoryUsage of job (MB)
	28318616  -  ResidentSetSize of job (KB)
...
006 (7217097.004.000) 09/19 16:29:10 Image size of job updated: 28747976
	27659  -  MemoryUsage of job (MB)
	28322456  -  ResidentSetSize of job (KB)
...
040 (7217097.004.000) 09/19 16:29:12 Started transferring output files
...
040 (7217097.004.000) 09/19 16:29:12 Finished transferring output files
...
005 (7217097.004.000) 09/19 16:29:14 Job terminated.
	(1) Normal termination (return value 50)
		Usr 0 04:48:03, Sys 0 02:04:22  -  Run Remote Usage
		Usr 0 00:00:00, Sys 0 00:00:00  -  Run Local Usage
		Usr 0 04:48:03, Sys 0 02:04:22  -  Total Remote Usage
		Usr 0 00:00:00, Sys 0 00:00:00  -  Total Local Usage
	606156  -  Run Bytes Sent By Job
	1387  -  Run Bytes Received By Job
	606156  -  Total Bytes Sent By Job
	1387  -  Total Bytes Received By Job
	Partitionable Resources :       Usage  Request Allocated Assigned
	   Cpus                 :        1.00        1         1 
	   Disk (KB)            : 17273871           2    305003 
	   Gpus (Average)       :        0.15        1         1 "GPU-836178fb"
	   GpusMemory (MB)      :     3231                       
	   Memory (MB)          :    27659        2000      2000 

	Job terminated of its own accord at 2024-09-19T14:29:10Z with exit-code 50.
...
