000 (7217097.006.000) 09/19 08:42:03 Job submitted from host: <137.138.44.55:9618?addrs=137.138.44.55-9618+[2001-1458-d00-1a--48]-9618&alias=bigbird17.cern.ch&noUDP&sock=schedd_1981_6134>
...
040 (7217097.006.000) 09/19 16:33:22 Started transferring input files
	Transferring to host: <188.185.93.208:9618?addrs=188.185.93.208-9618+[2001-1458-d00-6c--100-e9]-9618&alias=b9g57n3665.cern.ch&noUDP&sock=slot1_1_14828_6ad4_126240>
...
040 (7217097.006.000) 09/19 16:33:22 Finished transferring input files
...
001 (7217097.006.000) 09/19 16:33:23 Job executing on host: <188.185.93.208:9618?addrs=188.185.93.208-9618+[2001-1458-d00-6c--100-e9]-9618&alias=b9g57n3665.cern.ch&noUDP&sock=startd_13612_473d>
	SlotName: slot1_1@b9g57n3665.cern.ch
	AvailableGPUs = { GPUs_GPU_836178fb }
	CondorScratchDir = "/pool/condor/dir_617849"
	Cpus = 1
	Disk = 304857
	GPUs = 1
	GPUs_GPU_836178fb = [ GlobalMemoryMb = 40326; MaxSupportedVersion = 12040; DriverVersion = 12.4; DeviceUuid = "836178fb-b193-b354-8ad9-dc95f395b443"; DeviceName = "NVIDIA A100-PCIE-40GB"; CoresPerCU = 64; ECCEnabled = true; ComputeUnits = 108; ClockMhz = 1410.0; Id = "GPU-836178fb"; DevicePciBusId = "0000:06:00.0"; Capability = 8.0 ]
	Memory = 2000
...
006 (7217097.006.000) 09/19 16:33:32 Image size of job updated: 2277248
	2224  -  MemoryUsage of job (MB)
	2277220  -  ResidentSetSize of job (KB)
...
006 (7217097.006.000) 09/19 16:38:34 Image size of job updated: 14974204
	14623  -  MemoryUsage of job (MB)
	14973260  -  ResidentSetSize of job (KB)
...
006 (7217097.006.000) 09/19 16:43:34 Image size of job updated: 16479216
	15362  -  MemoryUsage of job (MB)
	15729728  -  ResidentSetSize of job (KB)
...
006 (7217097.006.000) 09/19 16:48:35 Image size of job updated: 16771396
	16259  -  MemoryUsage of job (MB)
	16648956  -  ResidentSetSize of job (KB)
...
006 (7217097.006.000) 09/19 16:53:35 Image size of job updated: 17124884
	16362  -  MemoryUsage of job (MB)
	16754172  -  ResidentSetSize of job (KB)
...
006 (7217097.006.000) 09/19 16:58:36 Image size of job updated: 17302724
	16362  -  MemoryUsage of job (MB)
	16754172  -  ResidentSetSize of job (KB)
...
006 (7217097.006.000) 09/19 17:03:37 Image size of job updated: 17377344
	16362  -  MemoryUsage of job (MB)
	16754172  -  ResidentSetSize of job (KB)
...
006 (7217097.006.000) 09/19 17:08:37 Image size of job updated: 17546448
	17015  -  MemoryUsage of job (MB)
	17423244  -  ResidentSetSize of job (KB)
...
006 (7217097.006.000) 09/19 17:13:38 Image size of job updated: 17727076
	17312  -  MemoryUsage of job (MB)
	17727076  -  ResidentSetSize of job (KB)
...
006 (7217097.006.000) 09/19 17:18:38 Image size of job updated: 17927992
	17389  -  MemoryUsage of job (MB)
	17805384  -  ResidentSetSize of job (KB)
...
006 (7217097.006.000) 09/19 17:23:39 Image size of job updated: 18110128
	17389  -  MemoryUsage of job (MB)
	17805384  -  ResidentSetSize of job (KB)
...
006 (7217097.006.000) 09/19 17:33:40 Image size of job updated: 18110128
	17556  -  MemoryUsage of job (MB)
	17976628  -  ResidentSetSize of job (KB)
...
006 (7217097.006.000) 09/19 17:38:41 Image size of job updated: 18661036
	17556  -  MemoryUsage of job (MB)
	17976628  -  ResidentSetSize of job (KB)
...
006 (7217097.006.000) 09/19 17:43:41 Image size of job updated: 18848320
	18399  -  MemoryUsage of job (MB)
	18840076  -  ResidentSetSize of job (KB)
...
006 (7217097.006.000) 09/19 17:48:41 Image size of job updated: 19018440
	18399  -  MemoryUsage of job (MB)
	18840076  -  ResidentSetSize of job (KB)
...
006 (7217097.006.000) 09/19 17:53:42 Image size of job updated: 19288948
	18724  -  MemoryUsage of job (MB)
	19173152  -  ResidentSetSize of job (KB)
...
006 (7217097.006.000) 09/19 17:58:42 Image size of job updated: 19307864
	18724  -  MemoryUsage of job (MB)
	19173152  -  ResidentSetSize of job (KB)
...
006 (7217097.006.000) 09/19 18:03:43 Image size of job updated: 19310676
	18724  -  MemoryUsage of job (MB)
	19173152  -  ResidentSetSize of job (KB)
...
006 (7217097.006.000) 09/19 18:23:44 Image size of job updated: 19824652
	18795  -  MemoryUsage of job (MB)
	19245088  -  ResidentSetSize of job (KB)
...
006 (7217097.006.000) 09/19 18:28:45 Image size of job updated: 20080724
	18814  -  MemoryUsage of job (MB)
	19265472  -  ResidentSetSize of job (KB)
...
006 (7217097.006.000) 09/19 18:33:45 Image size of job updated: 20308412
	19713  -  MemoryUsage of job (MB)
	20185488  -  ResidentSetSize of job (KB)
...
006 (7217097.006.000) 09/19 18:38:46 Image size of job updated: 20449120
	19816  -  MemoryUsage of job (MB)
	20291036  -  ResidentSetSize of job (KB)
...
006 (7217097.006.000) 09/19 18:48:47 Image size of job updated: 20916116
	19816  -  MemoryUsage of job (MB)
	20291036  -  ResidentSetSize of job (KB)
...
006 (7217097.006.000) 09/19 18:53:47 Image size of job updated: 21234384
	20622  -  MemoryUsage of job (MB)
	21116892  -  ResidentSetSize of job (KB)
...
006 (7217097.006.000) 09/19 18:58:47 Image size of job updated: 21405584
	20887  -  MemoryUsage of job (MB)
	21387492  -  ResidentSetSize of job (KB)
...
006 (7217097.006.000) 09/19 19:03:48 Image size of job updated: 21528924
	20887  -  MemoryUsage of job (MB)
	21387492  -  ResidentSetSize of job (KB)
...
006 (7217097.006.000) 09/19 19:08:48 Image size of job updated: 21672512
	20887  -  MemoryUsage of job (MB)
	21387492  -  ResidentSetSize of job (KB)
...
006 (7217097.006.000) 09/19 19:33:51 Image size of job updated: 21672512
	21062  -  MemoryUsage of job (MB)
	21566652  -  ResidentSetSize of job (KB)
...
006 (7217097.006.000) 09/19 19:38:51 Image size of job updated: 21751792
	21062  -  MemoryUsage of job (MB)
	21566652  -  ResidentSetSize of job (KB)
...
006 (7217097.006.000) 09/19 19:43:52 Image size of job updated: 22298804
	21676  -  MemoryUsage of job (MB)
	22195552  -  ResidentSetSize of job (KB)
...
006 (7217097.006.000) 09/19 19:48:53 Image size of job updated: 22345444
	21694  -  MemoryUsage of job (MB)
	22214256  -  ResidentSetSize of job (KB)
...
006 (7217097.006.000) 09/19 19:53:53 Image size of job updated: 22697016
	21694  -  MemoryUsage of job (MB)
	22214256  -  ResidentSetSize of job (KB)
...
006 (7217097.006.000) 09/19 19:58:54 Image size of job updated: 22888368
	22236  -  MemoryUsage of job (MB)
	22769188  -  ResidentSetSize of job (KB)
...
006 (7217097.006.000) 09/19 20:03:54 Image size of job updated: 23223004
	22565  -  MemoryUsage of job (MB)
	23105872  -  ResidentSetSize of job (KB)
...
006 (7217097.006.000) 09/19 20:08:55 Image size of job updated: 23348816
	22686  -  MemoryUsage of job (MB)
	23229636  -  ResidentSetSize of job (KB)
...
006 (7217097.006.000) 09/19 20:13:56 Image size of job updated: 23610152
	22686  -  MemoryUsage of job (MB)
	23229636  -  ResidentSetSize of job (KB)
...
006 (7217097.006.000) 09/19 20:18:56 Image size of job updated: 23833304
	22686  -  MemoryUsage of job (MB)
	23229636  -  ResidentSetSize of job (KB)
...
006 (7217097.006.000) 09/19 20:23:57 Image size of job updated: 23992268
	23079  -  MemoryUsage of job (MB)
	23632676  -  ResidentSetSize of job (KB)
...
006 (7217097.006.000) 09/19 20:28:57 Image size of job updated: 24161504
	23088  -  MemoryUsage of job (MB)
	23641124  -  ResidentSetSize of job (KB)
...
006 (7217097.006.000) 09/19 20:33:58 Image size of job updated: 24450988
	23878  -  MemoryUsage of job (MB)
	24450988  -  ResidentSetSize of job (KB)
...
006 (7217097.006.000) 09/19 20:38:59 Image size of job updated: 24736432
	23878  -  MemoryUsage of job (MB)
	24450988  -  ResidentSetSize of job (KB)
...
006 (7217097.006.000) 09/19 20:43:59 Image size of job updated: 24775272
	23878  -  MemoryUsage of job (MB)
	24450988  -  ResidentSetSize of job (KB)
...
006 (7217097.006.000) 09/19 20:48:59 Image size of job updated: 24988324
	24283  -  MemoryUsage of job (MB)
	24865540  -  ResidentSetSize of job (KB)
...
006 (7217097.006.000) 09/19 20:53:59 Image size of job updated: 25128200
	24283  -  MemoryUsage of job (MB)
	24865540  -  ResidentSetSize of job (KB)
...
006 (7217097.006.000) 09/19 20:59:00 Image size of job updated: 25269112
	24283  -  MemoryUsage of job (MB)
	24865540  -  ResidentSetSize of job (KB)
...
006 (7217097.006.000) 09/19 21:04:00 Image size of job updated: 25319108
	24283  -  MemoryUsage of job (MB)
	24865540  -  ResidentSetSize of job (KB)
...
006 (7217097.006.000) 09/19 21:09:01 Image size of job updated: 25458232
	24526  -  MemoryUsage of job (MB)
	25113656  -  ResidentSetSize of job (KB)
...
006 (7217097.006.000) 09/19 21:14:02 Image size of job updated: 25504712
	24897  -  MemoryUsage of job (MB)
	25494056  -  ResidentSetSize of job (KB)
...
006 (7217097.006.000) 09/19 21:29:04 Image size of job updated: 26139724
	25385  -  MemoryUsage of job (MB)
	25993560  -  ResidentSetSize of job (KB)
...
006 (7217097.006.000) 09/19 21:34:04 Image size of job updated: 26330960
	25600  -  MemoryUsage of job (MB)
	26213488  -  ResidentSetSize of job (KB)
...
006 (7217097.006.000) 09/19 21:39:04 Image size of job updated: 26532248
	25600  -  MemoryUsage of job (MB)
	26213488  -  ResidentSetSize of job (KB)
...
006 (7217097.006.000) 09/19 21:44:04 Image size of job updated: 26608536
	25902  -  MemoryUsage of job (MB)
	26522800  -  ResidentSetSize of job (KB)
...
006 (7217097.006.000) 09/19 21:49:05 Image size of job updated: 26673776
	25902  -  MemoryUsage of job (MB)
	26522800  -  ResidentSetSize of job (KB)
...
006 (7217097.006.000) 09/19 21:59:06 Image size of job updated: 26919612
	25902  -  MemoryUsage of job (MB)
	26522800  -  ResidentSetSize of job (KB)
...
006 (7217097.006.000) 09/19 22:04:07 Image size of job updated: 27004940
	26355  -  MemoryUsage of job (MB)
	26987428  -  ResidentSetSize of job (KB)
...
006 (7217097.006.000) 09/19 22:09:06 Image size of job updated: 27147452
	26506  -  MemoryUsage of job (MB)
	27141424  -  ResidentSetSize of job (KB)
...
006 (7217097.006.000) 09/19 22:14:07 Image size of job updated: 27150128
	26506  -  MemoryUsage of job (MB)
	27141424  -  ResidentSetSize of job (KB)
...
006 (7217097.006.000) 09/19 22:19:07 Image size of job updated: 27468328
	26506  -  MemoryUsage of job (MB)
	27141424  -  ResidentSetSize of job (KB)
...
006 (7217097.006.000) 09/19 22:24:08 Image size of job updated: 27492596
	26506  -  MemoryUsage of job (MB)
	27141424  -  ResidentSetSize of job (KB)
...
006 (7217097.006.000) 09/19 22:39:10 Image size of job updated: 27523160
	26541  -  MemoryUsage of job (MB)
	27177740  -  ResidentSetSize of job (KB)
...
006 (7217097.006.000) 09/19 22:44:10 Image size of job updated: 28208244
	26733  -  MemoryUsage of job (MB)
	27374356  -  ResidentSetSize of job (KB)
...
006 (7217097.006.000) 09/19 22:49:11 Image size of job updated: 28354604
	27674  -  MemoryUsage of job (MB)
	28337244  -  ResidentSetSize of job (KB)
...
006 (7217097.006.000) 09/19 23:04:12 Image size of job updated: 28756376
	27674  -  MemoryUsage of job (MB)
	28337244  -  ResidentSetSize of job (KB)
...
006 (7217097.006.000) 09/19 23:09:13 Image size of job updated: 28874028
	27801  -  MemoryUsage of job (MB)
	28467532  -  ResidentSetSize of job (KB)
...
006 (7217097.006.000) 09/19 23:14:13 Image size of job updated: 29093792
	27802  -  MemoryUsage of job (MB)
	28468540  -  ResidentSetSize of job (KB)
...
006 (7217097.006.000) 09/19 23:29:15 Image size of job updated: 29492496
	27983  -  MemoryUsage of job (MB)
	28653928  -  ResidentSetSize of job (KB)
...
006 (7217097.006.000) 09/19 23:34:16 Image size of job updated: 29492496
	28324  -  MemoryUsage of job (MB)
	29002924  -  ResidentSetSize of job (KB)
...
006 (7217097.006.000) 09/19 23:39:17 Image size of job updated: 29697864
	28365  -  MemoryUsage of job (MB)
	29044820  -  ResidentSetSize of job (KB)
...
006 (7217097.006.000) 09/19 23:49:18 Image size of job updated: 29935784
	28486  -  MemoryUsage of job (MB)
	29168988  -  ResidentSetSize of job (KB)
...
006 (7217097.006.000) 09/19 23:54:19 Image size of job updated: 30167752
	28643  -  MemoryUsage of job (MB)
	29330432  -  ResidentSetSize of job (KB)
...
006 (7217097.006.000) 09/19 23:59:20 Image size of job updated: 30242868
	28726  -  MemoryUsage of job (MB)
	29414688  -  ResidentSetSize of job (KB)
...
006 (7217097.006.000) 09/20 00:04:19 Image size of job updated: 30242868
	28777  -  MemoryUsage of job (MB)
	29467220  -  ResidentSetSize of job (KB)
...
006 (7217097.006.000) 09/20 00:09:20 Image size of job updated: 30461692
	28878  -  MemoryUsage of job (MB)
	29570924  -  ResidentSetSize of job (KB)
...
006 (7217097.006.000) 09/20 00:14:20 Image size of job updated: 30461692
	28942  -  MemoryUsage of job (MB)
	29636408  -  ResidentSetSize of job (KB)
...
006 (7217097.006.000) 09/20 00:19:21 Image size of job updated: 30461692
	28969  -  MemoryUsage of job (MB)
	29663384  -  ResidentSetSize of job (KB)
...
006 (7217097.006.000) 09/20 00:24:21 Image size of job updated: 30461692
	29007  -  MemoryUsage of job (MB)
	29702236  -  ResidentSetSize of job (KB)
...
006 (7217097.006.000) 09/20 00:29:22 Image size of job updated: 30461692
	29071  -  MemoryUsage of job (MB)
	29767880  -  ResidentSetSize of job (KB)
...
006 (7217097.006.000) 09/20 00:34:23 Image size of job updated: 30815064
	29301  -  MemoryUsage of job (MB)
	30003508  -  ResidentSetSize of job (KB)
...
006 (7217097.006.000) 09/20 00:39:23 Image size of job updated: 30937480
	29553  -  MemoryUsage of job (MB)
	30261732  -  ResidentSetSize of job (KB)
...
006 (7217097.006.000) 09/20 00:44:24 Image size of job updated: 31211420
	29741  -  MemoryUsage of job (MB)
	30454464  -  ResidentSetSize of job (KB)
...
006 (7217097.006.000) 09/20 00:49:24 Image size of job updated: 31211420
	29822  -  MemoryUsage of job (MB)
	30537060  -  ResidentSetSize of job (KB)
...
006 (7217097.006.000) 09/20 00:54:24 Image size of job updated: 31437288
	29951  -  MemoryUsage of job (MB)
	30669104  -  ResidentSetSize of job (KB)
...
006 (7217097.006.000) 09/20 00:59:25 Image size of job updated: 31437288
	30020  -  MemoryUsage of job (MB)
	30739632  -  ResidentSetSize of job (KB)
...
006 (7217097.006.000) 09/20 01:04:25 Image size of job updated: 31437288
	30070  -  MemoryUsage of job (MB)
	30791340  -  ResidentSetSize of job (KB)
...
006 (7217097.006.000) 09/20 01:09:26 Image size of job updated: 31631244
	30174  -  MemoryUsage of job (MB)
	30897568  -  ResidentSetSize of job (KB)
...
006 (7217097.006.000) 09/20 01:14:26 Image size of job updated: 31631244
	30199  -  MemoryUsage of job (MB)
	30923340  -  ResidentSetSize of job (KB)
...
006 (7217097.006.000) 09/20 01:19:27 Image size of job updated: 32008304
	30482  -  MemoryUsage of job (MB)
	31212788  -  ResidentSetSize of job (KB)
...
006 (7217097.006.000) 09/20 01:29:27 Image size of job updated: 32008304
	30599  -  MemoryUsage of job (MB)
	31332928  -  ResidentSetSize of job (KB)
...
006 (7217097.006.000) 09/20 01:34:28 Image size of job updated: 32008304
	30851  -  MemoryUsage of job (MB)
	31590976  -  ResidentSetSize of job (KB)
...
006 (7217097.006.000) 09/20 01:39:28 Image size of job updated: 32008304
	31090  -  MemoryUsage of job (MB)
	31835220  -  ResidentSetSize of job (KB)
...
006 (7217097.006.000) 09/20 01:44:29 Image size of job updated: 32275544
	31519  -  MemoryUsage of job (MB)
	32275336  -  ResidentSetSize of job (KB)
...
006 (7217097.006.000) 09/20 01:49:30 Image size of job updated: 33037836
	32264  -  MemoryUsage of job (MB)
	33037836  -  ResidentSetSize of job (KB)
...
006 (7217097.006.000) 09/20 01:54:31 Image size of job updated: 33765480
	32975  -  MemoryUsage of job (MB)
	33765480  -  ResidentSetSize of job (KB)
...
006 (7217097.006.000) 09/20 01:59:32 Image size of job updated: 34490344
	33682  -  MemoryUsage of job (MB)
	34490344  -  ResidentSetSize of job (KB)
...
006 (7217097.006.000) 09/20 02:00:25 Image size of job updated: 34573264
	33686  -  MemoryUsage of job (MB)
	34494184  -  ResidentSetSize of job (KB)
...
040 (7217097.006.000) 09/20 02:00:27 Started transferring output files
...
040 (7217097.006.000) 09/20 02:00:27 Finished transferring output files
...
005 (7217097.006.000) 09/20 02:00:29 Job terminated.
	(1) Normal termination (return value 50)
		Usr 0 06:25:52, Sys 0 02:09:28  -  Run Remote Usage
		Usr 0 00:00:00, Sys 0 00:00:00  -  Run Local Usage
		Usr 0 06:25:52, Sys 0 02:09:28  -  Total Remote Usage
		Usr 0 00:00:00, Sys 0 00:00:00  -  Total Local Usage
	606158  -  Run Bytes Sent By Job
	1387  -  Run Bytes Received By Job
	606158  -  Total Bytes Sent By Job
	1387  -  Total Bytes Received By Job
	Partitionable Resources :       Usage  Request Allocated Assigned
	   Cpus                 :        1.00        1         1 
	   Disk (KB)            : 17460233           2    304857 
	   Gpus (Average)       :        0.11        1         1 "GPU-836178fb"
	   GpusMemory (MB)      :     3231                       
	   Memory (MB)          :    33686        2000      2000 

	Job terminated of its own accord at 2024-09-20T00:00:25Z with exit-code 50.
...
