000 (7216729.000.000) 09/18 03:14:57 Job submitted from host: <137.138.44.55:9618?addrs=137.138.44.55-9618+[2001-1458-d00-1a--48]-9618&alias=bigbird17.cern.ch&noUDP&sock=schedd_1981_6134>
...
040 (7216729.000.000) 09/18 11:40:14 Started transferring input files
	Transferring to host: <128.142.248.241:9618?addrs=128.142.248.241-9618+[2001-1458-301-73--100-f0]-9618&alias=b9g23p2273.cern.ch&noUDP&sock=slot1_31_5517_f9b9_16237>
...
040 (7216729.000.000) 09/18 11:40:14 Finished transferring input files
...
001 (7216729.000.000) 09/18 11:40:15 Job executing on host: <128.142.248.241:9618?addrs=128.142.248.241-9618+[2001-1458-301-73--100-f0]-9618&alias=b9g23p2273.cern.ch&noUDP&sock=startd_4219_7628>
	SlotName: slot1_31@b9g23p2273.cern.ch
	CondorScratchDir = "/pool/condor/dir_859951"
	Cpus = 1
	Disk = 3025115
	Memory = 2000
...
006 (7216729.000.000) 09/18 11:40:24 Image size of job updated: 709880
	694  -  MemoryUsage of job (MB)
	709656  -  ResidentSetSize of job (KB)
...
006 (7216729.000.000) 09/18 11:45:25 Image size of job updated: 1780956
	1446  -  MemoryUsage of job (MB)
	1480176  -  ResidentSetSize of job (KB)
...
006 (7216729.000.000) 09/18 11:50:25 Image size of job updated: 1780956
	1500  -  MemoryUsage of job (MB)
	1535756  -  ResidentSetSize of job (KB)
...
006 (7216729.000.000) 09/18 11:55:25 Image size of job updated: 1780956
	1538  -  MemoryUsage of job (MB)
	1574052  -  ResidentSetSize of job (KB)
...
006 (7216729.000.000) 09/18 12:00:26 Image size of job updated: 1780956
	1566  -  MemoryUsage of job (MB)
	1603468  -  ResidentSetSize of job (KB)
...
006 (7216729.000.000) 09/18 12:05:27 Image size of job updated: 1780956
	1584  -  MemoryUsage of job (MB)
	1621600  -  ResidentSetSize of job (KB)
...
006 (7216729.000.000) 09/18 12:10:28 Image size of job updated: 1780956
	1605  -  MemoryUsage of job (MB)
	1643032  -  ResidentSetSize of job (KB)
...
006 (7216729.000.000) 09/18 12:15:29 Image size of job updated: 1780956
	1628  -  MemoryUsage of job (MB)
	1666836  -  ResidentSetSize of job (KB)
...
006 (7216729.000.000) 09/18 12:20:30 Image size of job updated: 1780956
	1665  -  MemoryUsage of job (MB)
	1704912  -  ResidentSetSize of job (KB)
...
006 (7216729.000.000) 09/18 12:25:31 Image size of job updated: 1780956
	1685  -  MemoryUsage of job (MB)
	1724656  -  ResidentSetSize of job (KB)
...
006 (7216729.000.000) 09/18 12:30:32 Image size of job updated: 1811172
	1769  -  MemoryUsage of job (MB)
	1810672  -  ResidentSetSize of job (KB)
...
006 (7216729.000.000) 09/18 12:35:33 Image size of job updated: 1820944
	1770  -  MemoryUsage of job (MB)
	1811920  -  ResidentSetSize of job (KB)
...
006 (7216729.000.000) 09/18 12:40:34 Image size of job updated: 1913092
	1861  -  MemoryUsage of job (MB)
	1905076  -  ResidentSetSize of job (KB)
...
006 (7216729.000.000) 09/18 12:45:35 Image size of job updated: 1968084
	1912  -  MemoryUsage of job (MB)
	1957228  -  ResidentSetSize of job (KB)
...
006 (7216729.000.000) 09/18 12:50:35 Image size of job updated: 2054740
	1994  -  MemoryUsage of job (MB)
	2041824  -  ResidentSetSize of job (KB)
...
006 (7216729.000.000) 09/18 12:55:35 Image size of job updated: 2089848
	2040  -  MemoryUsage of job (MB)
	2088060  -  ResidentSetSize of job (KB)
...
006 (7216729.000.000) 09/18 13:00:35 Image size of job updated: 2115696
	2061  -  MemoryUsage of job (MB)
	2110116  -  ResidentSetSize of job (KB)
...
006 (7216729.000.000) 09/18 13:05:35 Image size of job updated: 2132920
	2074  -  MemoryUsage of job (MB)
	2123620  -  ResidentSetSize of job (KB)
...
006 (7216729.000.000) 09/18 13:10:35 Image size of job updated: 2151004
	2092  -  MemoryUsage of job (MB)
	2142000  -  ResidentSetSize of job (KB)
...
006 (7216729.000.000) 09/18 13:15:35 Image size of job updated: 2172240
	2115  -  MemoryUsage of job (MB)
	2165476  -  ResidentSetSize of job (KB)
...
006 (7216729.000.000) 09/18 13:20:35 Image size of job updated: 2200532
	2141  -  MemoryUsage of job (MB)
	2191780  -  ResidentSetSize of job (KB)
...
006 (7216729.000.000) 09/18 13:25:35 Image size of job updated: 2229920
	2170  -  MemoryUsage of job (MB)
	2221380  -  ResidentSetSize of job (KB)
...
006 (7216729.000.000) 09/18 13:30:35 Image size of job updated: 2276392
	2215  -  MemoryUsage of job (MB)
	2267736  -  ResidentSetSize of job (KB)
...
006 (7216729.000.000) 09/18 13:35:35 Image size of job updated: 2289168
	2227  -  MemoryUsage of job (MB)
	2280412  -  ResidentSetSize of job (KB)
...
006 (7216729.000.000) 09/18 13:40:35 Image size of job updated: 2298192
	2241  -  MemoryUsage of job (MB)
	2294332  -  ResidentSetSize of job (KB)
...
006 (7216729.000.000) 09/18 13:45:35 Image size of job updated: 2309076
	2250  -  MemoryUsage of job (MB)
	2303624  -  ResidentSetSize of job (KB)
...
006 (7216729.000.000) 09/18 13:50:35 Image size of job updated: 2338824
	2274  -  MemoryUsage of job (MB)
	2327832  -  ResidentSetSize of job (KB)
...
006 (7216729.000.000) 09/18 13:55:35 Image size of job updated: 2445420
	2375  -  MemoryUsage of job (MB)
	2431172  -  ResidentSetSize of job (KB)
...
006 (7216729.000.000) 09/18 14:00:36 Image size of job updated: 2476304
	2417  -  MemoryUsage of job (MB)
	2474532  -  ResidentSetSize of job (KB)
...
006 (7216729.000.000) 09/18 14:05:36 Image size of job updated: 2515088
	2447  -  MemoryUsage of job (MB)
	2504976  -  ResidentSetSize of job (KB)
...
006 (7216729.000.000) 09/18 14:10:37 Image size of job updated: 2546900
	2476  -  MemoryUsage of job (MB)
	2534768  -  ResidentSetSize of job (KB)
...
006 (7216729.000.000) 09/18 14:15:38 Image size of job updated: 2627204
	2563  -  MemoryUsage of job (MB)
	2624380  -  ResidentSetSize of job (KB)
...
006 (7216729.000.000) 09/18 14:20:39 Image size of job updated: 2715240
	2634  -  MemoryUsage of job (MB)
	2696768  -  ResidentSetSize of job (KB)
...
006 (7216729.000.000) 09/18 14:25:40 Image size of job updated: 2777904
	2705  -  MemoryUsage of job (MB)
	2769868  -  ResidentSetSize of job (KB)
...
006 (7216729.000.000) 09/18 14:30:41 Image size of job updated: 2810948
	2738  -  MemoryUsage of job (MB)
	2802748  -  ResidentSetSize of job (KB)
...
006 (7216729.000.000) 09/18 14:35:43 Image size of job updated: 2899280
	2826  -  MemoryUsage of job (MB)
	2892976  -  ResidentSetSize of job (KB)
...
006 (7216729.000.000) 09/18 14:40:44 Image size of job updated: 2927472
	2850  -  MemoryUsage of job (MB)
	2917656  -  ResidentSetSize of job (KB)
...
006 (7216729.000.000) 09/18 14:45:45 Image size of job updated: 2994044
	2907  -  MemoryUsage of job (MB)
	2975748  -  ResidentSetSize of job (KB)
...
006 (7216729.000.000) 09/18 14:50:46 Image size of job updated: 3015372
	2936  -  MemoryUsage of job (MB)
	3005624  -  ResidentSetSize of job (KB)
...
006 (7216729.000.000) 09/18 14:55:47 Image size of job updated: 3088260
	3016  -  MemoryUsage of job (MB)
	3088260  -  ResidentSetSize of job (KB)
...
006 (7216729.000.000) 09/18 15:00:48 Image size of job updated: 3126060
	3047  -  MemoryUsage of job (MB)
	3119420  -  ResidentSetSize of job (KB)
...
006 (7216729.000.000) 09/18 15:05:48 Image size of job updated: 3199660
	3116  -  MemoryUsage of job (MB)
	3190000  -  ResidentSetSize of job (KB)
...
006 (7216729.000.000) 09/18 15:10:48 Image size of job updated: 3302400
	3185  -  MemoryUsage of job (MB)
	3260912  -  ResidentSetSize of job (KB)
...
006 (7216729.000.000) 09/18 15:15:48 Image size of job updated: 3479728
	3392  -  MemoryUsage of job (MB)
	3472564  -  ResidentSetSize of job (KB)
...
006 (7216729.000.000) 09/18 15:20:48 Image size of job updated: 3760716
	3629  -  MemoryUsage of job (MB)
	3716024  -  ResidentSetSize of job (KB)
...
006 (7216729.000.000) 09/18 15:25:48 Image size of job updated: 3984636
	3790  -  MemoryUsage of job (MB)
	3880584  -  ResidentSetSize of job (KB)
...
006 (7216729.000.000) 09/18 15:30:48 Image size of job updated: 3984636
	3822  -  MemoryUsage of job (MB)
	3912840  -  ResidentSetSize of job (KB)
...
006 (7216729.000.000) 09/18 15:35:48 Image size of job updated: 3996168
	3903  -  MemoryUsage of job (MB)
	3996168  -  ResidentSetSize of job (KB)
...
006 (7216729.000.000) 09/18 15:40:48 Image size of job updated: 4032884
	3903  -  MemoryUsage of job (MB)
	3996168  -  ResidentSetSize of job (KB)
...
006 (7216729.000.000) 09/18 15:45:48 Image size of job updated: 4796296
	4684  -  MemoryUsage of job (MB)
	4796296  -  ResidentSetSize of job (KB)
...
006 (7216729.000.000) 09/18 15:50:48 Image size of job updated: 5061888
	4944  -  MemoryUsage of job (MB)
	5061888  -  ResidentSetSize of job (KB)
...
006 (7216729.000.000) 09/18 15:55:48 Image size of job updated: 5189136
	4944  -  MemoryUsage of job (MB)
	5062068  -  ResidentSetSize of job (KB)
...
006 (7216729.000.000) 09/18 16:00:48 Image size of job updated: 5313052
	5189  -  MemoryUsage of job (MB)
	5313052  -  ResidentSetSize of job (KB)
...
006 (7216729.000.000) 09/18 16:05:48 Image size of job updated: 5575252
	5445  -  MemoryUsage of job (MB)
	5575252  -  ResidentSetSize of job (KB)
...
006 (7216729.000.000) 09/18 16:10:48 Image size of job updated: 5835468
	5699  -  MemoryUsage of job (MB)
	5835468  -  ResidentSetSize of job (KB)
...
006 (7216729.000.000) 09/18 16:15:48 Image size of job updated: 6084036
	5699  -  MemoryUsage of job (MB)
	5835752  -  ResidentSetSize of job (KB)
...
040 (7216729.000.000) 09/18 16:16:45 Started transferring output files
...
040 (7216729.000.000) 09/18 16:16:45 Finished transferring output files
...
005 (7216729.000.000) 09/18 16:16:46 Job terminated.
	(1) Normal termination (return value 50)
		Usr 0 04:17:28, Sys 0 00:06:54  -  Run Remote Usage
		Usr 0 00:00:00, Sys 0 00:00:00  -  Run Local Usage
		Usr 0 04:17:28, Sys 0 00:06:54  -  Total Remote Usage
		Usr 0 00:00:00, Sys 0 00:00:00  -  Total Local Usage
	18733  -  Run Bytes Sent By Job
	2945  -  Run Bytes Received By Job
	18733  -  Total Bytes Sent By Job
	2945  -  Total Bytes Received By Job
	Partitionable Resources :      Usage  Request Allocated 
	   Cpus                 :       0.98        1         1 
	   Disk (KB)            : 3766055           3   3025115 
	   Memory (MB)          :    5699        2000      2000 

	Job terminated of its own accord at 2024-09-18T14:16:45Z with exit-code 50.
...
