000 (7271318.001.000) 10/12 02:05:27 Job submitted from host: <137.138.44.55:9618?addrs=137.138.44.55-9618+[2001-1458-d00-1a--48]-9618&alias=bigbird17.cern.ch&noUDP&sock=schedd_1981_6134>
...
040 (7271318.001.000) 10/12 02:05:50 Started transferring input files
	Transferring to host: <188.185.238.10:9618?addrs=188.185.238.10-9618+[2001-1458-303-28--100-6]-9618&alias=b9pgpun002.cern.ch&noUDP&sock=slot1_4_1420705_f206_36173>
...
040 (7271318.001.000) 10/12 02:05:50 Finished transferring input files
...
001 (7271318.001.000) 10/12 02:05:51 Job executing on host: <188.185.238.10:9618?addrs=188.185.238.10-9618+[2001-1458-303-28--100-6]-9618&alias=b9pgpun002.cern.ch&noUDP&sock=startd_600104_020a>
	SlotName: slot1_4@b9pgpun002.cern.ch
	AvailableGPUs = { GPUs_GPU_a111cc3f }
	CondorScratchDir = "/pool/condor/dir_1925352"
	Cpus = 1
	Disk = 6839526
	GPUs = 1
	GPUs_GPU_a111cc3f = [ GlobalMemoryMb = 95235; MaxSupportedVersion = 12040; DriverVersion = 12.4; DeviceName = "NVIDIA H100 NVL"; CoresPerCU = 128; ECCEnabled = true; ComputeUnits = 132; ClockMhz = 1785.0; Id = "GPU-a111cc3f"; Capability = 9.0; DevicePciBusId = "0000:AE:00.0"; DeviceUuid = "a111cc3f-b0ac-64c9-aeec-748e3fd5b066" ]
	Memory = 2000
...
006 (7271318.001.000) 10/12 02:06:01 Image size of job updated: 1183572
	697  -  MemoryUsage of job (MB)
	713264  -  ResidentSetSize of job (KB)
...
006 (7271318.001.000) 10/12 02:11:01 Image size of job updated: 1183572
	947  -  MemoryUsage of job (MB)
	969112  -  ResidentSetSize of job (KB)
...
006 (7271318.001.000) 10/12 02:16:01 Image size of job updated: 1183572
	1011  -  MemoryUsage of job (MB)
	1035184  -  ResidentSetSize of job (KB)
...
006 (7271318.001.000) 10/12 02:21:02 Image size of job updated: 1183572
	1134  -  MemoryUsage of job (MB)
	1161080  -  ResidentSetSize of job (KB)
...
006 (7271318.001.000) 10/12 02:26:02 Image size of job updated: 1217388
	1172  -  MemoryUsage of job (MB)
	1200048  -  ResidentSetSize of job (KB)
...
006 (7271318.001.000) 10/12 02:31:03 Image size of job updated: 1278780
	1172  -  MemoryUsage of job (MB)
	1200048  -  ResidentSetSize of job (KB)
...
006 (7271318.001.000) 10/12 02:36:03 Image size of job updated: 1319164
	1269  -  MemoryUsage of job (MB)
	1299248  -  ResidentSetSize of job (KB)
...
006 (7271318.001.000) 10/12 02:40:14 Image size of job updated: 2743092
	1269  -  MemoryUsage of job (MB)
	1299248  -  ResidentSetSize of job (KB)
...
040 (7271318.001.000) 10/12 02:40:14 Started transferring output files
...
040 (7271318.001.000) 10/12 02:40:14 Finished transferring output files
...
005 (7271318.001.000) 10/12 02:40:14 Job terminated.
	(1) Normal termination (return value 50)
		Usr 0 00:20:40, Sys 0 00:10:00  -  Run Remote Usage
		Usr 0 00:00:00, Sys 0 00:00:00  -  Run Local Usage
		Usr 0 00:20:40, Sys 0 00:10:00  -  Total Remote Usage
		Usr 0 00:00:00, Sys 0 00:00:00  -  Total Local Usage
	68575  -  Run Bytes Sent By Job
	2404  -  Run Bytes Received By Job
	68575  -  Total Bytes Sent By Job
	2404  -  Total Bytes Received By Job
	Partitionable Resources :     Usage  Request Allocated Assigned
	   Cpus                 :      0.80        1         1 
	   Disk (KB)            : 885926           3   6839526 
	   Gpus (Average)       :      0.17        1         1 "GPU-a111cc3f"
	   GpusMemory (MB)      :   3664                       
	   Memory (MB)          :   1269        2000      2000 

	Job terminated of its own accord at 2024-10-12T00:40:14Z with exit-code 50.
...
