000 (7186948.004.000) 08/25 10:08:52 Job submitted from host: <137.138.44.55:9618?addrs=137.138.44.55-9618+[2001-1458-d00-1a--48]-9618&alias=bigbird17.cern.ch&noUDP&sock=schedd_23962_8474>
...
040 (7186948.004.000) 08/25 10:15:00 Started transferring input files
	Transferring to host: <188.185.93.84:9618?addrs=188.185.93.84-9618+[2001-1458-d00-6c--100-55]-9618&alias=b9g57n9431.cern.ch&noUDP&sock=slot1_1_11325_3ca6_107417>
...
040 (7186948.004.000) 08/25 10:15:00 Finished transferring input files
...
001 (7186948.004.000) 08/25 10:15:01 Job executing on host: <188.185.93.84:9618?addrs=188.185.93.84-9618+[2001-1458-d00-6c--100-55]-9618&alias=b9g57n9431.cern.ch&noUDP&sock=startd_10703_f23c>
	SlotName: slot1_1@b9g57n9431.cern.ch
	AvailableGPUs = { GPUs_GPU_ad45c2b2 }
	CondorScratchDir = "/pool/condor/dir_1561513"
	Cpus = 1
	Disk = 334820
	GPUs = 1
	GPUs_GPU_ad45c2b2 = [ GlobalMemoryMb = 40326; MaxSupportedVersion = 12040; DriverVersion = 12.4; DeviceUuid = "ad45c2b2-835b-1d6b-1b7a-5e4c703f9ed3"; DeviceName = "NVIDIA A100-PCIE-40GB"; CoresPerCU = 64; ECCEnabled = true; ComputeUnits = 108; ClockMhz = 1410.0; Id = "GPU-ad45c2b2"; DevicePciBusId = "0000:06:00.0"; Capability = 8.0 ]
	Memory = 2000
...
006 (7186948.004.000) 08/25 10:15:10 Image size of job updated: 62748
	47  -  MemoryUsage of job (MB)
	47332  -  ResidentSetSize of job (KB)
...
006 (7186948.004.000) 08/25 10:15:20 Image size of job updated: 69532
	47  -  MemoryUsage of job (MB)
	47332  -  ResidentSetSize of job (KB)
...
040 (7186948.004.000) 08/25 10:15:20 Started transferring output files
...
040 (7186948.004.000) 08/25 10:15:20 Finished transferring output files
...
005 (7186948.004.000) 08/25 10:15:20 Job terminated.
	(1) Normal termination (return value 50)
		Usr 0 00:00:03, Sys 0 00:00:12  -  Run Remote Usage
		Usr 0 00:00:00, Sys 0 00:00:00  -  Run Local Usage
		Usr 0 00:00:03, Sys 0 00:00:12  -  Total Remote Usage
		Usr 0 00:00:00, Sys 0 00:00:00  -  Total Local Usage
	41616  -  Run Bytes Sent By Job
	2974  -  Run Bytes Received By Job
	41616  -  Total Bytes Sent By Job
	2974  -  Total Bytes Received By Job
	Partitionable Resources :    Usage  Request Allocated Assigned
	   Cpus                 :                 1         1 
	   Disk (KB)            :     8372        3    334820 
	   Gpus (Average)       :                 1         1 "GPU-ad45c2b2"
	   Memory (MB)          :       47     2000      2000 

	Job terminated of its own accord at 2024-08-25T08:15:20Z with exit-code 50.
...
