000 (7187299.000.000) 08/26 07:55:52 Job submitted from host: <137.138.44.55:9618?addrs=137.138.44.55-9618+[2001-1458-d00-1a--48]-9618&alias=bigbird17.cern.ch&noUDP&sock=schedd_23962_8474>
...
040 (7187299.000.000) 08/27 15:08:18 Started transferring input files
	Transferring to host: <188.185.93.208:9618?addrs=188.185.93.208-9618+[2001-1458-d00-6c--100-e9]-9618&alias=b9g57n3665.cern.ch&noUDP&sock=slot1_1_14828_6ad4_108368>
...
040 (7187299.000.000) 08/27 15:08:18 Finished transferring input files
...
001 (7187299.000.000) 08/27 15:08:19 Job executing on host: <188.185.93.208:9618?addrs=188.185.93.208-9618+[2001-1458-d00-6c--100-e9]-9618&alias=b9g57n3665.cern.ch&noUDP&sock=startd_13612_473d>
	SlotName: slot1_1@b9g57n3665.cern.ch
	AvailableGPUs = { GPUs_GPU_836178fb }
	CondorScratchDir = "/pool/condor/dir_1203244"
	Cpus = 1
	Disk = 329666
	GPUs = 1
	GPUs_GPU_836178fb = [ GlobalMemoryMb = 40326; MaxSupportedVersion = 12040; DriverVersion = 12.4; DeviceUuid = "836178fb-b193-b354-8ad9-dc95f395b443"; DeviceName = "NVIDIA A100-PCIE-40GB"; CoresPerCU = 64; ECCEnabled = true; ComputeUnits = 108; ClockMhz = 1410.0; Id = "GPU-836178fb"; DevicePciBusId = "0000:06:00.0"; Capability = 8.0 ]
	Memory = 2000
...
006 (7187299.000.000) 08/27 15:08:27 Image size of job updated: 1420516
	876  -  MemoryUsage of job (MB)
	896036  -  ResidentSetSize of job (KB)
...
006 (7187299.000.000) 08/27 15:13:27 Image size of job updated: 1420516
	1310  -  MemoryUsage of job (MB)
	1340784  -  ResidentSetSize of job (KB)
...
006 (7187299.000.000) 08/27 15:18:28 Image size of job updated: 1734836
	1618  -  MemoryUsage of job (MB)
	1656576  -  ResidentSetSize of job (KB)
...
006 (7187299.000.000) 08/27 15:23:28 Image size of job updated: 2128324
	2009  -  MemoryUsage of job (MB)
	2056884  -  ResidentSetSize of job (KB)
...
006 (7187299.000.000) 08/27 15:28:29 Image size of job updated: 2392272
	2313  -  MemoryUsage of job (MB)
	2367608  -  ResidentSetSize of job (KB)
...
006 (7187299.000.000) 08/27 15:33:29 Image size of job updated: 2682668
	2558  -  MemoryUsage of job (MB)
	2619236  -  ResidentSetSize of job (KB)
...
006 (7187299.000.000) 08/27 15:38:30 Image size of job updated: 5865076
	5728  -  MemoryUsage of job (MB)
	5865076  -  ResidentSetSize of job (KB)
...
006 (7187299.000.000) 08/27 15:41:42 Image size of job updated: 6377844
	5728  -  MemoryUsage of job (MB)
	5865332  -  ResidentSetSize of job (KB)
...
040 (7187299.000.000) 08/27 15:41:42 Started transferring output files
...
040 (7187299.000.000) 08/27 15:41:42 Finished transferring output files
...
005 (7187299.000.000) 08/27 15:41:42 Job terminated.
	(1) Normal termination (return value 50)
		Usr 0 00:14:37, Sys 0 00:04:26  -  Run Remote Usage
		Usr 0 00:00:00, Sys 0 00:00:00  -  Run Local Usage
		Usr 0 00:14:37, Sys 0 00:04:26  -  Total Remote Usage
		Usr 0 00:00:00, Sys 0 00:00:00  -  Total Local Usage
	32424  -  Run Bytes Sent By Job
	2925  -  Run Bytes Received By Job
	32424  -  Total Bytes Sent By Job
	2925  -  Total Bytes Received By Job
	Partitionable Resources :      Usage  Request Allocated Assigned
	   Cpus                 :       1.00        1         1 
	   Disk (KB)            : 2008079           3    329666 
	   Gpus (Average)       :       0.01        1         1 "GPU-836178fb"
	   GpusMemory (MB)      :    1077                       
	   Memory (MB)          :    5728        2000      2000 

	Job terminated of its own accord at 2024-08-27T13:41:42Z with exit-code 50.
...
