000 (7187312.002.000) 08/26 07:56:01 Job submitted from host: <137.138.44.55:9618?addrs=137.138.44.55-9618+[2001-1458-d00-1a--48]-9618&alias=bigbird17.cern.ch&noUDP&sock=schedd_23962_8474>
...
040 (7187312.002.000) 08/26 14:38:21 Started transferring input files
	Transferring to host: <128.142.248.81:9618?addrs=128.142.248.81-9618+[2001-1458-301-73--100-141]-9618&alias=b9g23p3234.cern.ch&noUDP&sock=slot1_27_3493222_a91c_10720>
...
040 (7187312.002.000) 08/26 14:38:21 Finished transferring input files
...
001 (7187312.002.000) 08/26 14:38:22 Job executing on host: <128.142.248.81:9618?addrs=128.142.248.81-9618+[2001-1458-301-73--100-141]-9618&alias=b9g23p3234.cern.ch&noUDP&sock=startd_5923_4389>
	SlotName: slot1_27@b9g23p3234.cern.ch
	CondorScratchDir = "/pool/condor/dir_170443"
	Cpus = 1
	Disk = 3082595
	Memory = 2000
...
006 (7187312.002.000) 08/26 14:38:31 Image size of job updated: 853696
	834  -  MemoryUsage of job (MB)
	853660  -  ResidentSetSize of job (KB)
...
006 (7187312.002.000) 08/26 14:43:32 Image size of job updated: 1436880
	855  -  MemoryUsage of job (MB)
	875232  -  ResidentSetSize of job (KB)
...
006 (7187312.002.000) 08/26 15:23:36 Image size of job updated: 1436880
	905  -  MemoryUsage of job (MB)
	925860  -  ResidentSetSize of job (KB)
...
006 (7187312.002.000) 08/26 15:28:37 Image size of job updated: 1436880
	959  -  MemoryUsage of job (MB)
	981868  -  ResidentSetSize of job (KB)
...
006 (7187312.002.000) 08/26 15:33:37 Image size of job updated: 1436880
	1039  -  MemoryUsage of job (MB)
	1063048  -  ResidentSetSize of job (KB)
...
006 (7187312.002.000) 08/26 15:38:38 Image size of job updated: 1436880
	1101  -  MemoryUsage of job (MB)
	1126664  -  ResidentSetSize of job (KB)
...
006 (7187312.002.000) 08/26 15:43:38 Image size of job updated: 1436880
	1103  -  MemoryUsage of job (MB)
	1128456  -  ResidentSetSize of job (KB)
...
006 (7187312.002.000) 08/26 15:58:40 Image size of job updated: 1436880
	1135  -  MemoryUsage of job (MB)
	1161900  -  ResidentSetSize of job (KB)
...
006 (7187312.002.000) 08/26 16:03:40 Image size of job updated: 1436880
	1183  -  MemoryUsage of job (MB)
	1211308  -  ResidentSetSize of job (KB)
...
006 (7187312.002.000) 08/26 16:08:40 Image size of job updated: 1436880
	1268  -  MemoryUsage of job (MB)
	1297588  -  ResidentSetSize of job (KB)
...
006 (7187312.002.000) 08/26 16:13:41 Image size of job updated: 1436880
	1352  -  MemoryUsage of job (MB)
	1384160  -  ResidentSetSize of job (KB)
...
006 (7187312.002.000) 08/26 16:18:41 Image size of job updated: 1454916
	1416  -  MemoryUsage of job (MB)
	1449584  -  ResidentSetSize of job (KB)
...
006 (7187312.002.000) 08/26 16:23:42 Image size of job updated: 1499108
	1416  -  MemoryUsage of job (MB)
	1449584  -  ResidentSetSize of job (KB)
...
006 (7187312.002.000) 08/26 16:28:42 Image size of job updated: 1519560
	1475  -  MemoryUsage of job (MB)
	1509948  -  ResidentSetSize of job (KB)
...
006 (7187312.002.000) 08/26 16:33:42 Image size of job updated: 1575776
	1528  -  MemoryUsage of job (MB)
	1563804  -  ResidentSetSize of job (KB)
...
006 (7187312.002.000) 08/26 16:38:43 Image size of job updated: 1625176
	1579  -  MemoryUsage of job (MB)
	1616600  -  ResidentSetSize of job (KB)
...
006 (7187312.002.000) 08/26 16:43:43 Image size of job updated: 1707824
	1658  -  MemoryUsage of job (MB)
	1697012  -  ResidentSetSize of job (KB)
...
006 (7187312.002.000) 08/26 16:48:44 Image size of job updated: 1785940
	1727  -  MemoryUsage of job (MB)
	1767480  -  ResidentSetSize of job (KB)
...
006 (7187312.002.000) 08/26 16:53:44 Image size of job updated: 1821328
	1778  -  MemoryUsage of job (MB)
	1819880  -  ResidentSetSize of job (KB)
...
006 (7187312.002.000) 08/26 16:58:45 Image size of job updated: 1871064
	1818  -  MemoryUsage of job (MB)
	1860804  -  ResidentSetSize of job (KB)
...
006 (7187312.002.000) 08/26 17:03:46 Image size of job updated: 1927848
	1873  -  MemoryUsage of job (MB)
	1917284  -  ResidentSetSize of job (KB)
...
006 (7187312.002.000) 08/26 17:08:47 Image size of job updated: 1985008
	1920  -  MemoryUsage of job (MB)
	1965612  -  ResidentSetSize of job (KB)
...
006 (7187312.002.000) 08/26 17:13:47 Image size of job updated: 2041840
	1986  -  MemoryUsage of job (MB)
	2032796  -  ResidentSetSize of job (KB)
...
006 (7187312.002.000) 08/26 17:18:48 Image size of job updated: 2128584
	2048  -  MemoryUsage of job (MB)
	2096888  -  ResidentSetSize of job (KB)
...
006 (7187312.002.000) 08/26 17:23:49 Image size of job updated: 2128584
	2050  -  MemoryUsage of job (MB)
	2098680  -  ResidentSetSize of job (KB)
...
006 (7187312.002.000) 08/26 18:08:52 Image size of job updated: 2186464
	2136  -  MemoryUsage of job (MB)
	2186464  -  ResidentSetSize of job (KB)
...
006 (7187312.002.000) 08/26 18:13:53 Image size of job updated: 2471092
	2413  -  MemoryUsage of job (MB)
	2470820  -  ResidentSetSize of job (KB)
...
006 (7187312.002.000) 08/26 18:18:54 Image size of job updated: 2728920
	2665  -  MemoryUsage of job (MB)
	2728920  -  ResidentSetSize of job (KB)
...
006 (7187312.002.000) 08/26 18:23:54 Image size of job updated: 3014328
	2936  -  MemoryUsage of job (MB)
	3005612  -  ResidentSetSize of job (KB)
...
006 (7187312.002.000) 08/26 18:28:55 Image size of job updated: 3951720
	3860  -  MemoryUsage of job (MB)
	3951720  -  ResidentSetSize of job (KB)
...
006 (7187312.002.000) 08/26 18:33:55 Image size of job updated: 4216644
	4118  -  MemoryUsage of job (MB)
	4216644  -  ResidentSetSize of job (KB)
...
006 (7187312.002.000) 08/26 18:38:56 Image size of job updated: 4529404
	4424  -  MemoryUsage of job (MB)
	4529404  -  ResidentSetSize of job (KB)
...
006 (7187312.002.000) 08/26 18:43:57 Image size of job updated: 4832168
	4719  -  MemoryUsage of job (MB)
	4832168  -  ResidentSetSize of job (KB)
...
006 (7187312.002.000) 08/26 18:48:58 Image size of job updated: 5124144
	5005  -  MemoryUsage of job (MB)
	5124144  -  ResidentSetSize of job (KB)
...
006 (7187312.002.000) 08/26 18:53:58 Image size of job updated: 5372260
	5247  -  MemoryUsage of job (MB)
	5372260  -  ResidentSetSize of job (KB)
...
006 (7187312.002.000) 08/26 18:58:59 Image size of job updated: 5591648
	5461  -  MemoryUsage of job (MB)
	5591648  -  ResidentSetSize of job (KB)
...
006 (7187312.002.000) 08/26 19:00:21 Image size of job updated: 5616216
	5461  -  MemoryUsage of job (MB)
	5591904  -  ResidentSetSize of job (KB)
...
040 (7187312.002.000) 08/26 19:00:22 Started transferring output files
...
040 (7187312.002.000) 08/26 19:00:22 Finished transferring output files
...
005 (7187312.002.000) 08/26 19:00:22 Job terminated.
	(1) Normal termination (return value 50)
		Usr 0 04:15:25, Sys 0 00:06:29  -  Run Remote Usage
		Usr 0 00:00:00, Sys 0 00:00:00  -  Run Local Usage
		Usr 0 04:15:25, Sys 0 00:06:29  -  Total Remote Usage
		Usr 0 00:00:00, Sys 0 00:00:00  -  Total Local Usage
	188204  -  Run Bytes Sent By Job
	2910  -  Run Bytes Received By Job
	188204  -  Total Bytes Sent By Job
	2910  -  Total Bytes Received By Job
	Partitionable Resources :      Usage  Request Allocated 
	   Cpus                 :       0.99        1         1 
	   Disk (KB)            : 3233072           3   3082595 
	   Memory (MB)          :    5461        2000      2000 

	Job terminated of its own accord at 2024-08-26T17:00:21Z with exit-code 50.
...
