000 (7187312.005.000) 08/26 07:56:01 Job submitted from host: <137.138.44.55:9618?addrs=137.138.44.55-9618+[2001-1458-d00-1a--48]-9618&alias=bigbird17.cern.ch&noUDP&sock=schedd_23962_8474>
...
040 (7187312.005.000) 08/26 14:39:37 Started transferring input files
	Transferring to host: <128.142.248.214:9618?addrs=128.142.248.214-9618+[2001-1458-301-73--100-d5]-9618&alias=b9g23p2447.cern.ch&noUDP&sock=slot1_23_2572410_4e57_23334>
...
040 (7187312.005.000) 08/26 14:39:37 Finished transferring input files
...
001 (7187312.005.000) 08/26 14:39:38 Job executing on host: <128.142.248.214:9618?addrs=128.142.248.214-9618+[2001-1458-301-73--100-d5]-9618&alias=b9g23p2447.cern.ch&noUDP&sock=startd_3197_745e>
	SlotName: slot1_23@b9g23p2447.cern.ch
	CondorScratchDir = "/pool/condor/dir_641878"
	Cpus = 1
	Disk = 2903963
	Memory = 2000
...
006 (7187312.005.000) 08/26 14:39:47 Image size of job updated: 1268624
	1239  -  MemoryUsage of job (MB)
	1268584  -  ResidentSetSize of job (KB)
...
006 (7187312.005.000) 08/26 14:44:48 Image size of job updated: 1437948
	1250  -  MemoryUsage of job (MB)
	1279188  -  ResidentSetSize of job (KB)
...
006 (7187312.005.000) 08/26 14:54:49 Image size of job updated: 1437948
	1306  -  MemoryUsage of job (MB)
	1336912  -  ResidentSetSize of job (KB)
...
006 (7187312.005.000) 08/26 14:59:50 Image size of job updated: 1437948
	1362  -  MemoryUsage of job (MB)
	1394208  -  ResidentSetSize of job (KB)
...
006 (7187312.005.000) 08/26 15:04:51 Image size of job updated: 1453360
	1411  -  MemoryUsage of job (MB)
	1444096  -  ResidentSetSize of job (KB)
...
006 (7187312.005.000) 08/26 15:09:51 Image size of job updated: 1481872
	1417  -  MemoryUsage of job (MB)
	1450084  -  ResidentSetSize of job (KB)
...
006 (7187312.005.000) 08/26 15:14:52 Image size of job updated: 1484296
	1441  -  MemoryUsage of job (MB)
	1474800  -  ResidentSetSize of job (KB)
...
006 (7187312.005.000) 08/26 15:19:52 Image size of job updated: 1525708
	1490  -  MemoryUsage of job (MB)
	1525708  -  ResidentSetSize of job (KB)
...
006 (7187312.005.000) 08/26 15:24:52 Image size of job updated: 1629484
	1589  -  MemoryUsage of job (MB)
	1626808  -  ResidentSetSize of job (KB)
...
006 (7187312.005.000) 08/26 15:29:53 Image size of job updated: 1658660
	1617  -  MemoryUsage of job (MB)
	1655116  -  ResidentSetSize of job (KB)
...
006 (7187312.005.000) 08/26 15:34:53 Image size of job updated: 1709900
	1659  -  MemoryUsage of job (MB)
	1698628  -  ResidentSetSize of job (KB)
...
006 (7187312.005.000) 08/26 15:39:54 Image size of job updated: 1742052
	1696  -  MemoryUsage of job (MB)
	1736296  -  ResidentSetSize of job (KB)
...
006 (7187312.005.000) 08/26 15:44:55 Image size of job updated: 1794392
	1743  -  MemoryUsage of job (MB)
	1783944  -  ResidentSetSize of job (KB)
...
006 (7187312.005.000) 08/26 15:49:55 Image size of job updated: 1875656
	1820  -  MemoryUsage of job (MB)
	1863364  -  ResidentSetSize of job (KB)
...
006 (7187312.005.000) 08/26 15:54:56 Image size of job updated: 1939516
	1885  -  MemoryUsage of job (MB)
	1930240  -  ResidentSetSize of job (KB)
...
006 (7187312.005.000) 08/26 15:59:56 Image size of job updated: 1989692
	1916  -  MemoryUsage of job (MB)
	1961060  -  ResidentSetSize of job (KB)
...
006 (7187312.005.000) 08/26 16:04:57 Image size of job updated: 2061144
	2002  -  MemoryUsage of job (MB)
	2049312  -  ResidentSetSize of job (KB)
...
006 (7187312.005.000) 08/26 16:09:57 Image size of job updated: 2139944
	2057  -  MemoryUsage of job (MB)
	2106328  -  ResidentSetSize of job (KB)
...
006 (7187312.005.000) 08/26 16:14:58 Image size of job updated: 2184892
	2131  -  MemoryUsage of job (MB)
	2181568  -  ResidentSetSize of job (KB)
...
006 (7187312.005.000) 08/26 16:19:59 Image size of job updated: 2193908
	2137  -  MemoryUsage of job (MB)
	2187576  -  ResidentSetSize of job (KB)
...
006 (7187312.005.000) 08/26 16:24:59 Image size of job updated: 2254472
	2196  -  MemoryUsage of job (MB)
	2247996  -  ResidentSetSize of job (KB)
...
006 (7187312.005.000) 08/26 16:29:59 Image size of job updated: 2283836
	2223  -  MemoryUsage of job (MB)
	2275576  -  ResidentSetSize of job (KB)
...
006 (7187312.005.000) 08/26 16:35:00 Image size of job updated: 2349836
	2279  -  MemoryUsage of job (MB)
	2333152  -  ResidentSetSize of job (KB)
...
006 (7187312.005.000) 08/26 16:40:01 Image size of job updated: 2427552
	2354  -  MemoryUsage of job (MB)
	2410200  -  ResidentSetSize of job (KB)
...
006 (7187312.005.000) 08/26 16:45:01 Image size of job updated: 2480668
	2400  -  MemoryUsage of job (MB)
	2456972  -  ResidentSetSize of job (KB)
...
006 (7187312.005.000) 08/26 16:50:02 Image size of job updated: 2513872
	2452  -  MemoryUsage of job (MB)
	2510260  -  ResidentSetSize of job (KB)
...
006 (7187312.005.000) 08/26 16:55:02 Image size of job updated: 2565072
	2495  -  MemoryUsage of job (MB)
	2554672  -  ResidentSetSize of job (KB)
...
006 (7187312.005.000) 08/26 17:00:03 Image size of job updated: 2628668
	2539  -  MemoryUsage of job (MB)
	2599084  -  ResidentSetSize of job (KB)
...
006 (7187312.005.000) 08/26 17:05:04 Image size of job updated: 2667812
	2598  -  MemoryUsage of job (MB)
	2660248  -  ResidentSetSize of job (KB)
...
006 (7187312.005.000) 08/26 17:10:04 Image size of job updated: 2745564
	2675  -  MemoryUsage of job (MB)
	2738696  -  ResidentSetSize of job (KB)
...
006 (7187312.005.000) 08/26 17:15:05 Image size of job updated: 2777892
	2703  -  MemoryUsage of job (MB)
	2767532  -  ResidentSetSize of job (KB)
...
006 (7187312.005.000) 08/26 17:20:05 Image size of job updated: 2817084
	2750  -  MemoryUsage of job (MB)
	2815048  -  ResidentSetSize of job (KB)
...
006 (7187312.005.000) 08/26 17:25:06 Image size of job updated: 2863296
	2791  -  MemoryUsage of job (MB)
	2857824  -  ResidentSetSize of job (KB)
...
006 (7187312.005.000) 08/26 17:30:06 Image size of job updated: 2919712
	2845  -  MemoryUsage of job (MB)
	2912448  -  ResidentSetSize of job (KB)
...
006 (7187312.005.000) 08/26 17:35:07 Image size of job updated: 2998912
	2928  -  MemoryUsage of job (MB)
	2997392  -  ResidentSetSize of job (KB)
...
006 (7187312.005.000) 08/26 17:40:07 Image size of job updated: 3074412
	2967  -  MemoryUsage of job (MB)
	3037308  -  ResidentSetSize of job (KB)
...
006 (7187312.005.000) 08/26 17:45:07 Image size of job updated: 3098896
	3027  -  MemoryUsage of job (MB)
	3098896  -  ResidentSetSize of job (KB)
...
006 (7187312.005.000) 08/26 17:50:08 Image size of job updated: 3148400
	3027  -  MemoryUsage of job (MB)
	3098896  -  ResidentSetSize of job (KB)
...
006 (7187312.005.000) 08/26 17:55:08 Image size of job updated: 3148400
	3034  -  MemoryUsage of job (MB)
	3106188  -  ResidentSetSize of job (KB)
...
006 (7187312.005.000) 08/26 18:00:09 Image size of job updated: 3148400
	3036  -  MemoryUsage of job (MB)
	3108000  -  ResidentSetSize of job (KB)
...
006 (7187312.005.000) 08/26 18:05:09 Image size of job updated: 3175872
	3102  -  MemoryUsage of job (MB)
	3175872  -  ResidentSetSize of job (KB)
...
006 (7187312.005.000) 08/26 18:10:10 Image size of job updated: 3258648
	3183  -  MemoryUsage of job (MB)
	3258648  -  ResidentSetSize of job (KB)
...
006 (7187312.005.000) 08/26 18:15:10 Image size of job updated: 3362820
	3271  -  MemoryUsage of job (MB)
	3348576  -  ResidentSetSize of job (KB)
...
006 (7187312.005.000) 08/26 18:20:11 Image size of job updated: 4162136
	4065  -  MemoryUsage of job (MB)
	4162136  -  ResidentSetSize of job (KB)
...
006 (7187312.005.000) 08/26 18:25:11 Image size of job updated: 4472908
	4369  -  MemoryUsage of job (MB)
	4472908  -  ResidentSetSize of job (KB)
...
006 (7187312.005.000) 08/26 18:30:11 Image size of job updated: 4765636
	4654  -  MemoryUsage of job (MB)
	4765636  -  ResidentSetSize of job (KB)
...
006 (7187312.005.000) 08/26 18:35:12 Image size of job updated: 5122848
	5003  -  MemoryUsage of job (MB)
	5122848  -  ResidentSetSize of job (KB)
...
006 (7187312.005.000) 08/26 18:40:12 Image size of job updated: 5371184
	5246  -  MemoryUsage of job (MB)
	5371184  -  ResidentSetSize of job (KB)
...
006 (7187312.005.000) 08/26 18:45:13 Image size of job updated: 5682256
	5550  -  MemoryUsage of job (MB)
	5682256  -  ResidentSetSize of job (KB)
...
006 (7187312.005.000) 08/26 18:47:47 Image size of job updated: 5822600
	5550  -  MemoryUsage of job (MB)
	5682256  -  ResidentSetSize of job (KB)
...
040 (7187312.005.000) 08/26 18:47:47 Started transferring output files
...
040 (7187312.005.000) 08/26 18:47:47 Finished transferring output files
...
005 (7187312.005.000) 08/26 18:47:47 Job terminated.
	(1) Normal termination (return value 50)
		Usr 0 04:02:31, Sys 0 00:06:03  -  Run Remote Usage
		Usr 0 00:00:00, Sys 0 00:00:00  -  Run Local Usage
		Usr 0 04:02:31, Sys 0 00:06:03  -  Total Remote Usage
		Usr 0 00:00:00, Sys 0 00:00:00  -  Total Local Usage
	188208  -  Run Bytes Sent By Job
	2910  -  Run Bytes Received By Job
	188208  -  Total Bytes Sent By Job
	2910  -  Total Bytes Received By Job
	Partitionable Resources :      Usage  Request Allocated 
	   Cpus                 :       1.00        1         1 
	   Disk (KB)            : 3227502           3   2903963 
	   Memory (MB)          :    5550        2000      2000 

	Job terminated of its own accord at 2024-08-26T16:47:47Z with exit-code 50.
...
