000 (7186308.003.000) 08/22 15:33:40 Job submitted from host: <137.138.44.55:9618?addrs=137.138.44.55-9618+[2001-1458-d00-1a--48]-9618&alias=bigbird17.cern.ch&noUDP&sock=schedd_23962_8474>
...
040 (7186308.003.000) 08/23 21:00:29 Started transferring input files
	Transferring to host: <128.142.248.81:9618?addrs=128.142.248.81-9618+[2001-1458-301-73--100-141]-9618&alias=b9g23p3234.cern.ch&noUDP&sock=slot1_42_3493222_a91c_6447>
...
040 (7186308.003.000) 08/23 21:00:29 Finished transferring input files
...
001 (7186308.003.000) 08/23 21:00:30 Job executing on host: <128.142.248.81:9618?addrs=128.142.248.81-9618+[2001-1458-301-73--100-141]-9618&alias=b9g23p3234.cern.ch&noUDP&sock=startd_5923_4389>
	SlotName: slot1_42@b9g23p3234.cern.ch
	CondorScratchDir = "/pool/condor/dir_2324858"
	Cpus = 1
	Disk = 3100721
	Memory = 2000
...
006 (7186308.003.000) 08/23 21:00:39 Image size of job updated: 543768
	278  -  MemoryUsage of job (MB)
	284632  -  ResidentSetSize of job (KB)
...
006 (7186308.003.000) 08/23 21:10:39 Image size of job updated: 543768
	297  -  MemoryUsage of job (MB)
	303964  -  ResidentSetSize of job (KB)
...
006 (7186308.003.000) 08/23 21:15:40 Image size of job updated: 543768
	306  -  MemoryUsage of job (MB)
	312764  -  ResidentSetSize of job (KB)
...
006 (7186308.003.000) 08/23 21:20:40 Image size of job updated: 3336520
	3259  -  MemoryUsage of job (MB)
	3336516  -  ResidentSetSize of job (KB)
...
006 (7186308.003.000) 08/23 21:25:41 Image size of job updated: 3460056
	3259  -  MemoryUsage of job (MB)
	3336516  -  ResidentSetSize of job (KB)
...
040 (7186308.003.000) 08/23 21:30:38 Started transferring output files
...
040 (7186308.003.000) 08/23 21:30:38 Finished transferring output files
...
005 (7186308.003.000) 08/23 21:30:38 Job terminated.
	(1) Normal termination (return value 50)
		Usr 0 00:28:45, Sys 0 00:00:49  -  Run Remote Usage
		Usr 0 00:00:00, Sys 0 00:00:00  -  Run Local Usage
		Usr 0 00:28:45, Sys 0 00:00:49  -  Total Remote Usage
		Usr 0 00:00:00, Sys 0 00:00:00  -  Total Local Usage
	25942  -  Run Bytes Sent By Job
	2766  -  Run Bytes Received By Job
	25942  -  Total Bytes Sent By Job
	2766  -  Total Bytes Received By Job
	Partitionable Resources :     Usage  Request Allocated 
	   Cpus                 :      0.99        1         1 
	   Disk (KB)            : 614992           3   3100721 
	   Memory (MB)          :   3259        2000      2000 

	Job terminated of its own accord at 2024-08-23T19:30:38Z with exit-code 50.
...
