000 (7187236.007.000) 08/26 07:54:59 Job submitted from host: <137.138.44.55:9618?addrs=137.138.44.55-9618+[2001-1458-d00-1a--48]-9618&alias=bigbird17.cern.ch&noUDP&sock=schedd_23962_8474>
...
040 (7187236.007.000) 08/26 08:26:58 Started transferring input files
	Transferring to host: <128.142.248.214:9618?addrs=128.142.248.214-9618+[2001-1458-301-73--100-d5]-9618&alias=b9g23p2447.cern.ch&noUDP&sock=slot1_11_2572410_4e57_23093>
...
040 (7187236.007.000) 08/26 08:26:58 Finished transferring input files
...
001 (7187236.007.000) 08/26 08:26:59 Job executing on host: <128.142.248.214:9618?addrs=128.142.248.214-9618+[2001-1458-301-73--100-d5]-9618&alias=b9g23p2447.cern.ch&noUDP&sock=startd_3197_745e>
	SlotName: slot1_11@b9g23p2447.cern.ch
	CondorScratchDir = "/pool/condor/dir_59400"
	Cpus = 1
	Disk = 2958596
	Memory = 2000
...
006 (7187236.007.000) 08/26 08:27:08 Image size of job updated: 469640
	272  -  MemoryUsage of job (MB)
	278384  -  ResidentSetSize of job (KB)
...
006 (7187236.007.000) 08/26 08:32:09 Image size of job updated: 899248
	657  -  MemoryUsage of job (MB)
	671876  -  ResidentSetSize of job (KB)
...
006 (7187236.007.000) 08/26 08:37:09 Image size of job updated: 3703656
	3617  -  MemoryUsage of job (MB)
	3703652  -  ResidentSetSize of job (KB)
...
006 (7187236.007.000) 08/26 08:42:09 Image size of job updated: 4093976
	3999  -  MemoryUsage of job (MB)
	4093976  -  ResidentSetSize of job (KB)
...
006 (7187236.007.000) 08/26 08:47:10 Image size of job updated: 4475136
	4371  -  MemoryUsage of job (MB)
	4475136  -  ResidentSetSize of job (KB)
...
006 (7187236.007.000) 08/26 08:52:10 Image size of job updated: 4867452
	4754  -  MemoryUsage of job (MB)
	4867448  -  ResidentSetSize of job (KB)
...
006 (7187236.007.000) 08/26 08:57:10 Image size of job updated: 5274004
	5151  -  MemoryUsage of job (MB)
	5273768  -  ResidentSetSize of job (KB)
...
006 (7187236.007.000) 08/26 09:02:11 Image size of job updated: 5621904
	5491  -  MemoryUsage of job (MB)
	5621904  -  ResidentSetSize of job (KB)
...
006 (7187236.007.000) 08/26 09:07:11 Image size of job updated: 5989584
	5850  -  MemoryUsage of job (MB)
	5989580  -  ResidentSetSize of job (KB)
...
006 (7187236.007.000) 08/26 09:12:11 Image size of job updated: 6342320
	6194  -  MemoryUsage of job (MB)
	6342320  -  ResidentSetSize of job (KB)
...
006 (7187236.007.000) 08/26 09:17:12 Image size of job updated: 6708676
	6552  -  MemoryUsage of job (MB)
	6708676  -  ResidentSetSize of job (KB)
...
006 (7187236.007.000) 08/26 09:22:12 Image size of job updated: 7094472
	6929  -  MemoryUsage of job (MB)
	7094472  -  ResidentSetSize of job (KB)
...
006 (7187236.007.000) 08/26 09:27:12 Image size of job updated: 7443548
	7270  -  MemoryUsage of job (MB)
	7443548  -  ResidentSetSize of job (KB)
...
006 (7187236.007.000) 08/26 09:32:13 Image size of job updated: 7801256
	7619  -  MemoryUsage of job (MB)
	7801256  -  ResidentSetSize of job (KB)
...
006 (7187236.007.000) 08/26 09:37:13 Image size of job updated: 8195092
	8004  -  MemoryUsage of job (MB)
	8195092  -  ResidentSetSize of job (KB)
...
006 (7187236.007.000) 08/26 09:42:13 Image size of job updated: 8551364
	8351  -  MemoryUsage of job (MB)
	8551364  -  ResidentSetSize of job (KB)
...
006 (7187236.007.000) 08/26 09:47:14 Image size of job updated: 8922772
	8714  -  MemoryUsage of job (MB)
	8922772  -  ResidentSetSize of job (KB)
...
006 (7187236.007.000) 08/26 09:52:14 Image size of job updated: 9294568
	9077  -  MemoryUsage of job (MB)
	9294568  -  ResidentSetSize of job (KB)
...
006 (7187236.007.000) 08/26 09:57:14 Image size of job updated: 9707208
	9480  -  MemoryUsage of job (MB)
	9707208  -  ResidentSetSize of job (KB)
...
006 (7187236.007.000) 08/26 10:02:15 Image size of job updated: 10100364
	9864  -  MemoryUsage of job (MB)
	10100364  -  ResidentSetSize of job (KB)
...
006 (7187236.007.000) 08/26 10:07:15 Image size of job updated: 10549616
	10303  -  MemoryUsage of job (MB)
	10549616  -  ResidentSetSize of job (KB)
...
006 (7187236.007.000) 08/26 10:10:16 Image size of job updated: 10638144
	10303  -  MemoryUsage of job (MB)
	10549616  -  ResidentSetSize of job (KB)
...
040 (7187236.007.000) 08/26 10:10:16 Started transferring output files
...
040 (7187236.007.000) 08/26 10:10:16 Finished transferring output files
...
005 (7187236.007.000) 08/26 10:10:16 Job terminated.
	(1) Normal termination (return value 50)
		Usr 0 01:40:58, Sys 0 00:01:30  -  Run Remote Usage
		Usr 0 00:00:00, Sys 0 00:00:00  -  Run Local Usage
		Usr 0 01:40:58, Sys 0 00:01:30  -  Total Remote Usage
		Usr 0 00:00:00, Sys 0 00:00:00  -  Total Local Usage
	20205  -  Run Bytes Sent By Job
	2934  -  Run Bytes Received By Job
	20205  -  Total Bytes Sent By Job
	2934  -  Total Bytes Received By Job
	Partitionable Resources :      Usage  Request Allocated 
	   Cpus                 :       1.00        1         1 
	   Disk (KB)            : 7326357           3   2958596 
	   Memory (MB)          :   10303        2000      2000 

	Job terminated of its own accord at 2024-08-26T08:10:16Z with exit-code 50.
...
