000 (7227838.004.000) 10/02 08:39:29 Job submitted from host: <137.138.44.55:9618?addrs=137.138.44.55-9618+[2001-1458-d00-1a--48]-9618&alias=bigbird17.cern.ch&noUDP&sock=schedd_1981_6134>
...
040 (7227838.004.000) 10/02 11:15:33 Started transferring input files
	Transferring to host: <188.185.190.106:9618?addrs=188.185.190.106-9618+[2001-1458-d03-b--100-2fd]-9618&alias=b9pgpun016.cern.ch&noUDP&sock=slot1_1_253491_175d_34555>
...
040 (7227838.004.000) 10/02 11:15:33 Finished transferring input files
...
001 (7227838.004.000) 10/02 11:15:34 Job executing on host: <188.185.190.106:9618?addrs=188.185.190.106-9618+[2001-1458-d03-b--100-2fd]-9618&alias=b9pgpun016.cern.ch&noUDP&sock=startd_216310_3f20>
	SlotName: slot1_1@b9pgpun016.cern.ch
	AvailableGPUs = { GPUs_GPU_95cca48a }
	CondorScratchDir = "/pool/condor/dir_1224278"
	Cpus = 1
	Disk = 6875948
	GPUs = 1
	GPUs_GPU_95cca48a = [ GlobalMemoryMb = 95235; MaxSupportedVersion = 12040; DriverVersion = 12.4; DeviceName = "NVIDIA H100 NVL"; CoresPerCU = 128; ECCEnabled = true; ComputeUnits = 132; ClockMhz = 1785.0; Id = "GPU-95cca48a"; Capability = 9.0; DevicePciBusId = "0000:3A:00.0"; DeviceUuid = "95cca48a-05f7-42ea-0e49-466adab8f198" ]
	Memory = 2000
...
006 (7227838.004.000) 10/02 11:15:42 Image size of job updated: 1428732
	883  -  MemoryUsage of job (MB)
	904144  -  ResidentSetSize of job (KB)
...
006 (7227838.004.000) 10/02 11:20:43 Image size of job updated: 1428732
	1213  -  MemoryUsage of job (MB)
	1241984  -  ResidentSetSize of job (KB)
...
006 (7227838.004.000) 10/02 11:25:44 Image size of job updated: 1428732
	1253  -  MemoryUsage of job (MB)
	1282548  -  ResidentSetSize of job (KB)
...
006 (7227838.004.000) 10/02 11:30:44 Image size of job updated: 1428732
	1272  -  MemoryUsage of job (MB)
	1301856  -  ResidentSetSize of job (KB)
...
006 (7227838.004.000) 10/02 11:35:45 Image size of job updated: 1442412
	1400  -  MemoryUsage of job (MB)
	1433180  -  ResidentSetSize of job (KB)
...
006 (7227838.004.000) 10/02 11:40:45 Image size of job updated: 1510972
	1447  -  MemoryUsage of job (MB)
	1481624  -  ResidentSetSize of job (KB)
...
006 (7227838.004.000) 10/02 11:45:46 Image size of job updated: 1593876
	1533  -  MemoryUsage of job (MB)
	1569288  -  ResidentSetSize of job (KB)
...
006 (7227838.004.000) 10/02 11:50:46 Image size of job updated: 1653108
	1595  -  MemoryUsage of job (MB)
	1632980  -  ResidentSetSize of job (KB)
...
006 (7227838.004.000) 10/02 11:55:48 Image size of job updated: 1925772
	1871  -  MemoryUsage of job (MB)
	1915436  -  ResidentSetSize of job (KB)
...
006 (7227838.004.000) 10/02 12:00:48 Image size of job updated: 2052428
	1999  -  MemoryUsage of job (MB)
	2046144  -  ResidentSetSize of job (KB)
...
006 (7227838.004.000) 10/02 12:05:48 Image size of job updated: 2179252
	2090  -  MemoryUsage of job (MB)
	2139928  -  ResidentSetSize of job (KB)
...
006 (7227838.004.000) 10/02 12:10:49 Image size of job updated: 2735148
	2449  -  MemoryUsage of job (MB)
	2507620  -  ResidentSetSize of job (KB)
...
006 (7227838.004.000) 10/02 12:15:49 Image size of job updated: 2735148
	2650  -  MemoryUsage of job (MB)
	2713392  -  ResidentSetSize of job (KB)
...
006 (7227838.004.000) 10/02 12:20:51 Image size of job updated: 2988488
	2919  -  MemoryUsage of job (MB)
	2988488  -  ResidentSetSize of job (KB)
...
006 (7227838.004.000) 10/02 12:25:51 Image size of job updated: 3666192
	3581  -  MemoryUsage of job (MB)
	3666192  -  ResidentSetSize of job (KB)
...
006 (7227838.004.000) 10/02 12:30:51 Image size of job updated: 4815544
	4703  -  MemoryUsage of job (MB)
	4815544  -  ResidentSetSize of job (KB)
...
006 (7227838.004.000) 10/02 12:35:52 Image size of job updated: 5964908
	5826  -  MemoryUsage of job (MB)
	5964908  -  ResidentSetSize of job (KB)
...
006 (7227838.004.000) 10/02 12:40:52 Image size of job updated: 7111524
	6945  -  MemoryUsage of job (MB)
	7111524  -  ResidentSetSize of job (KB)
...
006 (7227838.004.000) 10/02 12:42:38 Image size of job updated: 7364484
	6946  -  MemoryUsage of job (MB)
	7111780  -  ResidentSetSize of job (KB)
...
040 (7227838.004.000) 10/02 12:42:38 Started transferring output files
...
040 (7227838.004.000) 10/02 12:42:38 Finished transferring output files
...
005 (7227838.004.000) 10/02 12:42:38 Job terminated.
	(1) Normal termination (return value 50)
		Usr 0 01:09:45, Sys 0 00:15:34  -  Run Remote Usage
		Usr 0 00:00:00, Sys 0 00:00:00  -  Run Local Usage
		Usr 0 01:09:45, Sys 0 00:15:34  -  Total Remote Usage
		Usr 0 00:00:00, Sys 0 00:00:00  -  Total Local Usage
	117006  -  Run Bytes Sent By Job
	2426  -  Run Bytes Received By Job
	117006  -  Total Bytes Sent By Job
	2426  -  Total Bytes Received By Job
	Partitionable Resources :      Usage  Request Allocated Assigned
	   Cpus                 :       1.00        1         1 
	   Disk (KB)            : 5493583           3   6875948 
	   Gpus (Average)       :       0.09        1         1 "GPU-95cca48a"
	   GpusMemory (MB)      :    3664                       
	   Memory (MB)          :    6946        2000      2000 

	Job terminated of its own accord at 2024-10-02T10:42:38Z with exit-code 50.
...
