000 (7227838.006.000) 10/02 08:39:29 Job submitted from host: <137.138.44.55:9618?addrs=137.138.44.55-9618+[2001-1458-d00-1a--48]-9618&alias=bigbird17.cern.ch&noUDP&sock=schedd_1981_6134>
...
040 (7227838.006.000) 10/02 11:18:25 Started transferring input files
	Transferring to host: <188.185.190.109:9618?addrs=188.185.190.109-9618+[2001-1458-d03-b--100-300]-9618&alias=b9pgpun014.cern.ch&noUDP&sock=slot1_1_3185867_4229_24076>
...
040 (7227838.006.000) 10/02 11:18:25 Finished transferring input files
...
001 (7227838.006.000) 10/02 11:18:26 Job executing on host: <188.185.190.109:9618?addrs=188.185.190.109-9618+[2001-1458-d03-b--100-300]-9618&alias=b9pgpun014.cern.ch&noUDP&sock=startd_215167_3e60>
	SlotName: slot1_1@b9pgpun014.cern.ch
	AvailableGPUs = { GPUs_GPU_d55ce482 }
	CondorScratchDir = "/pool/condor/dir_2997295"
	Cpus = 1
	Disk = 6864282
	GPUs = 1
	GPUs_GPU_d55ce482 = [ GlobalMemoryMb = 95235; MaxSupportedVersion = 12040; DriverVersion = 12.4; DeviceName = "NVIDIA H100 NVL"; CoresPerCU = 128; ECCEnabled = true; ComputeUnits = 132; ClockMhz = 1785.0; Id = "GPU-d55ce482"; Capability = 9.0; DevicePciBusId = "0000:3A:00.0"; DeviceUuid = "d55ce482-6b29-aba5-2387-d8dadb7ee20f" ]
	Memory = 2000
...
006 (7227838.006.000) 10/02 11:18:35 Image size of job updated: 1400540
	881  -  MemoryUsage of job (MB)
	901540  -  ResidentSetSize of job (KB)
...
006 (7227838.006.000) 10/02 11:23:37 Image size of job updated: 1400540
	1201  -  MemoryUsage of job (MB)
	1229080  -  ResidentSetSize of job (KB)
...
006 (7227838.006.000) 10/02 11:33:38 Image size of job updated: 1400540
	1252  -  MemoryUsage of job (MB)
	1281472  -  ResidentSetSize of job (KB)
...
006 (7227838.006.000) 10/02 11:38:38 Image size of job updated: 1400540
	1338  -  MemoryUsage of job (MB)
	1369108  -  ResidentSetSize of job (KB)
...
006 (7227838.006.000) 10/02 11:43:38 Image size of job updated: 1446012
	1383  -  MemoryUsage of job (MB)
	1415320  -  ResidentSetSize of job (KB)
...
006 (7227838.006.000) 10/02 11:48:39 Image size of job updated: 1488176
	1438  -  MemoryUsage of job (MB)
	1471920  -  ResidentSetSize of job (KB)
...
006 (7227838.006.000) 10/02 11:53:39 Image size of job updated: 1595004
	1536  -  MemoryUsage of job (MB)
	1572760  -  ResidentSetSize of job (KB)
...
006 (7227838.006.000) 10/02 11:58:40 Image size of job updated: 1773792
	1729  -  MemoryUsage of job (MB)
	1770092  -  ResidentSetSize of job (KB)
...
006 (7227838.006.000) 10/02 12:03:40 Image size of job updated: 1996352
	1946  -  MemoryUsage of job (MB)
	1991712  -  ResidentSetSize of job (KB)
...
006 (7227838.006.000) 10/02 12:08:41 Image size of job updated: 2035000
	1946  -  MemoryUsage of job (MB)
	1992224  -  ResidentSetSize of job (KB)
...
006 (7227838.006.000) 10/02 12:13:41 Image size of job updated: 2706712
	2299  -  MemoryUsage of job (MB)
	2353836  -  ResidentSetSize of job (KB)
...
006 (7227838.006.000) 10/02 12:18:41 Image size of job updated: 2706712
	2519  -  MemoryUsage of job (MB)
	2578668  -  ResidentSetSize of job (KB)
...
006 (7227838.006.000) 10/02 12:23:42 Image size of job updated: 2782200
	2701  -  MemoryUsage of job (MB)
	2764984  -  ResidentSetSize of job (KB)
...
006 (7227838.006.000) 10/02 12:28:42 Image size of job updated: 2986760
	2847  -  MemoryUsage of job (MB)
	2914760  -  ResidentSetSize of job (KB)
...
006 (7227838.006.000) 10/02 12:33:43 Image size of job updated: 4069040
	3974  -  MemoryUsage of job (MB)
	4069040  -  ResidentSetSize of job (KB)
...
006 (7227838.006.000) 10/02 12:38:43 Image size of job updated: 5223084
	5101  -  MemoryUsage of job (MB)
	5223084  -  ResidentSetSize of job (KB)
...
006 (7227838.006.000) 10/02 12:43:44 Image size of job updated: 6375440
	6227  -  MemoryUsage of job (MB)
	6375440  -  ResidentSetSize of job (KB)
...
006 (7227838.006.000) 10/02 12:48:33 Image size of job updated: 7340804
	6227  -  MemoryUsage of job (MB)
	6375696  -  ResidentSetSize of job (KB)
...
040 (7227838.006.000) 10/02 12:48:33 Started transferring output files
...
040 (7227838.006.000) 10/02 12:48:33 Finished transferring output files
...
005 (7227838.006.000) 10/02 12:48:33 Job terminated.
	(1) Normal termination (return value 50)
		Usr 0 01:09:48, Sys 0 00:16:12  -  Run Remote Usage
		Usr 0 00:00:00, Sys 0 00:00:00  -  Run Local Usage
		Usr 0 01:09:48, Sys 0 00:16:12  -  Total Remote Usage
		Usr 0 00:00:00, Sys 0 00:00:00  -  Total Local Usage
	117005  -  Run Bytes Sent By Job
	2426  -  Run Bytes Received By Job
	117005  -  Total Bytes Sent By Job
	2426  -  Total Bytes Received By Job
	Partitionable Resources :      Usage  Request Allocated Assigned
	   Cpus                 :       1.00        1         1 
	   Disk (KB)            : 5489798           3   6864282 
	   Gpus (Average)       :       0.09        1         1 "GPU-d55ce482"
	   GpusMemory (MB)      :    3652                       
	   Memory (MB)          :    6227        2000      2000 

	Job terminated of its own accord at 2024-10-02T10:48:33Z with exit-code 50.
...
