WARNING: In non-interactive mode release checks e.g. deprecated releases, production architectures are disabled.
WARNING: In non-interactive mode release checks e.g. deprecated releases, production architectures are disabled.
WARNING: There already exists /srv/work/CMSSW_14_0_9 area for SCRAM_ARCH el8_amd64_gcc12.
xargs: bash: Too many open files
/bin/sh: /usr/bin/gunzip: Too many open files
bash: line 4: /usr/bin/cp: Too many open files
bash: line 14: /usr/bin/mv: Too many open files
bash: /usr/bin/gunzip: /bin/sh: bad interpreter: Too many open files
bash: line 4: /usr/bin/cp: Too many open files
bash: line 14: /usr/bin/mv: Too many open files
bash: line 4: /usr/bin/cp: Too many open files
/bin/sh: /usr/bin/gunzip: Too many open files
bash: error while loading shared libraries: libdl.so.2: cannot open shared object file: Error 24
/bin/sh: /usr/bin/gunzip: Too many open files
bash: line 4: /usr/bin/cp: Too many open files
bash: line 4: /usr/bin/cp: Too many open files
mv: cannot stat 'default_ftn26': No such file or directory
/bin/sh: error while loading shared libraries: libc.so.6: cannot open shared object file: Error 24
bash: line 14: /usr/bin/mv: Too many open files
bash: line 14: /usr/bin/mv: Too many open files
bash: line 14: /usr/bin/mv: Too many open files
bash: /usr/bin/gunzip: /bin/sh: bad interpreter: Too many open files
bash: line 4: /usr/bin/cp: Too many open files
bash: line 14: /usr/bin/mv: Too many open files
cp: error while loading shared libraries: libacl.so.1: cannot open shared object file: Error 24
mv: cannot stat 'default_ftn26': No such file or directory
mv: cannot stat 'default_ftn26': No such file or directory

real	75m9.023s
user	73m39.607s
sys	2m19.690s
