000 (7187351.003.000) 08/26 08:01:35 Job submitted from host: <137.138.44.55:9618?addrs=137.138.44.55-9618+[2001-1458-d00-1a--48]-9618&alias=bigbird17.cern.ch&noUDP&sock=schedd_23962_8474>
...
040 (7187351.003.000) 08/29 14:20:23 Started transferring input files
	Transferring to host: <188.185.93.47:9618?addrs=188.185.93.47-9618+[2001-1458-d00-6c--100-287]-9618&alias=b9g57n0051.cern.ch&noUDP&sock=slot1_1_12571_2818_111399>
...
040 (7187351.003.000) 08/29 14:20:23 Finished transferring input files
...
001 (7187351.003.000) 08/29 14:20:24 Job executing on host: <188.185.93.47:9618?addrs=188.185.93.47-9618+[2001-1458-d00-6c--100-287]-9618&alias=b9g57n0051.cern.ch&noUDP&sock=startd_11769_2231>
	SlotName: slot1_1@b9g57n0051.cern.ch
	AvailableGPUs = { GPUs_GPU_7a483b10 }
	CondorScratchDir = "/pool/condor/dir_318472"
	Cpus = 1
	Disk = 310458
	GPUs = 1
	GPUs_GPU_7a483b10 = [ GlobalMemoryMb = 40326; MaxSupportedVersion = 12040; DriverVersion = 12.4; DeviceUuid = "7a483b10-0f71-ee98-47a2-b3922f8bebfc"; DeviceName = "NVIDIA A100-PCIE-40GB"; CoresPerCU = 64; ECCEnabled = true; ComputeUnits = 108; ClockMhz = 1410.0; Id = "GPU-7a483b10"; DevicePciBusId = "0000:06:00.0"; Capability = 8.0 ]
	Memory = 2000
...
006 (7187351.003.000) 08/29 14:20:33 Image size of job updated: 44283224
	35625  -  MemoryUsage of job (MB)
	36479916  -  ResidentSetSize of job (KB)
...
006 (7187351.003.000) 08/29 14:25:35 Image size of job updated: 44283224
	41639  -  MemoryUsage of job (MB)
	42638280  -  ResidentSetSize of job (KB)
...
006 (7187351.003.000) 08/29 14:30:34 Image size of job updated: 44283224
	42712  -  MemoryUsage of job (MB)
	43736380  -  ResidentSetSize of job (KB)
...
006 (7187351.003.000) 08/29 14:40:35 Image size of job updated: 44283224
	42730  -  MemoryUsage of job (MB)
	43755340  -  ResidentSetSize of job (KB)
...
006 (7187351.003.000) 08/29 14:45:36 Image size of job updated: 44283224
	42734  -  MemoryUsage of job (MB)
	43758788  -  ResidentSetSize of job (KB)
...
006 (7187351.003.000) 08/29 15:00:39 Image size of job updated: 44283224
	43016  -  MemoryUsage of job (MB)
	44048304  -  ResidentSetSize of job (KB)
...
006 (7187351.003.000) 08/29 15:05:40 Image size of job updated: 44377104
	43016  -  MemoryUsage of job (MB)
	44048304  -  ResidentSetSize of job (KB)
...
006 (7187351.003.000) 08/29 15:10:41 Image size of job updated: 44505204
	43016  -  MemoryUsage of job (MB)
	44048304  -  ResidentSetSize of job (KB)
...
006 (7187351.003.000) 08/29 15:20:41 Image size of job updated: 44726124
	43298  -  MemoryUsage of job (MB)
	44336696  -  ResidentSetSize of job (KB)
...
006 (7187351.003.000) 08/29 15:25:42 Image size of job updated: 44879960
	43339  -  MemoryUsage of job (MB)
	44379016  -  ResidentSetSize of job (KB)
...
006 (7187351.003.000) 08/29 15:30:42 Image size of job updated: 44879960
	43582  -  MemoryUsage of job (MB)
	44627620  -  ResidentSetSize of job (KB)
...
006 (7187351.003.000) 08/29 15:40:43 Image size of job updated: 45170288
	43582  -  MemoryUsage of job (MB)
	44627620  -  ResidentSetSize of job (KB)
...
006 (7187351.003.000) 08/29 15:45:43 Image size of job updated: 45434028
	44260  -  MemoryUsage of job (MB)
	45321940  -  ResidentSetSize of job (KB)
...
006 (7187351.003.000) 08/29 15:50:44 Image size of job updated: 45514236
	44260  -  MemoryUsage of job (MB)
	45321940  -  ResidentSetSize of job (KB)
...
006 (7187351.003.000) 08/29 15:55:45 Image size of job updated: 45514236
	44339  -  MemoryUsage of job (MB)
	45403044  -  ResidentSetSize of job (KB)
...
006 (7187351.003.000) 08/29 16:00:45 Image size of job updated: 45641252
	44339  -  MemoryUsage of job (MB)
	45403044  -  ResidentSetSize of job (KB)
...
006 (7187351.003.000) 08/29 16:10:46 Image size of job updated: 45641252
	44432  -  MemoryUsage of job (MB)
	45497572  -  ResidentSetSize of job (KB)
...
006 (7187351.003.000) 08/29 16:20:47 Image size of job updated: 45644484
	44432  -  MemoryUsage of job (MB)
	45497572  -  ResidentSetSize of job (KB)
...
006 (7187351.003.000) 08/29 16:25:48 Image size of job updated: 46188392
	45106  -  MemoryUsage of job (MB)
	46188392  -  ResidentSetSize of job (KB)
...
006 (7187351.003.000) 08/29 16:30:49 Image size of job updated: 46483472
	45279  -  MemoryUsage of job (MB)
	46365416  -  ResidentSetSize of job (KB)
...
006 (7187351.003.000) 08/29 16:35:50 Image size of job updated: 46705120
	45488  -  MemoryUsage of job (MB)
	46579312  -  ResidentSetSize of job (KB)
...
006 (7187351.003.000) 08/29 16:40:50 Image size of job updated: 46831412
	45625  -  MemoryUsage of job (MB)
	46719176  -  ResidentSetSize of job (KB)
...
006 (7187351.003.000) 08/29 16:45:50 Image size of job updated: 46993672
	45625  -  MemoryUsage of job (MB)
	46719176  -  ResidentSetSize of job (KB)
...
006 (7187351.003.000) 08/29 16:50:51 Image size of job updated: 47257872
	46151  -  MemoryUsage of job (MB)
	47257872  -  ResidentSetSize of job (KB)
...
006 (7187351.003.000) 08/29 16:55:52 Image size of job updated: 47268112
	46151  -  MemoryUsage of job (MB)
	47257872  -  ResidentSetSize of job (KB)
...
006 (7187351.003.000) 08/29 17:00:52 Image size of job updated: 47471972
	46151  -  MemoryUsage of job (MB)
	47257872  -  ResidentSetSize of job (KB)
...
006 (7187351.003.000) 08/29 17:05:53 Image size of job updated: 47526848
	46151  -  MemoryUsage of job (MB)
	47257872  -  ResidentSetSize of job (KB)
...
006 (7187351.003.000) 08/29 17:10:54 Image size of job updated: 47594904
	46151  -  MemoryUsage of job (MB)
	47257872  -  ResidentSetSize of job (KB)
...
006 (7187351.003.000) 08/29 17:15:55 Image size of job updated: 47845396
	46395  -  MemoryUsage of job (MB)
	47508456  -  ResidentSetSize of job (KB)
...
006 (7187351.003.000) 08/29 17:20:55 Image size of job updated: 48042028
	46868  -  MemoryUsage of job (MB)
	47992480  -  ResidentSetSize of job (KB)
...
006 (7187351.003.000) 08/29 17:35:57 Image size of job updated: 48232956
	46993  -  MemoryUsage of job (MB)
	48120176  -  ResidentSetSize of job (KB)
...
006 (7187351.003.000) 08/29 17:40:57 Image size of job updated: 48446068
	46993  -  MemoryUsage of job (MB)
	48120176  -  ResidentSetSize of job (KB)
...
006 (7187351.003.000) 08/29 17:45:58 Image size of job updated: 48534484
	47050  -  MemoryUsage of job (MB)
	48179000  -  ResidentSetSize of job (KB)
...
006 (7187351.003.000) 08/29 17:50:58 Image size of job updated: 48592144
	47051  -  MemoryUsage of job (MB)
	48180012  -  ResidentSetSize of job (KB)
...
006 (7187351.003.000) 08/29 18:05:59 Image size of job updated: 48722664
	47472  -  MemoryUsage of job (MB)
	48610960  -  ResidentSetSize of job (KB)
...
006 (7187351.003.000) 08/29 18:10:59 Image size of job updated: 48847000
	47472  -  MemoryUsage of job (MB)
	48610960  -  ResidentSetSize of job (KB)
...
006 (7187351.003.000) 08/29 18:16:00 Image size of job updated: 49166976
	47914  -  MemoryUsage of job (MB)
	49063056  -  ResidentSetSize of job (KB)
...
006 (7187351.003.000) 08/29 18:21:00 Image size of job updated: 49236884
	47922  -  MemoryUsage of job (MB)
	49071248  -  ResidentSetSize of job (KB)
...
006 (7187351.003.000) 08/29 18:31:01 Image size of job updated: 49425984
	47981  -  MemoryUsage of job (MB)
	49131632  -  ResidentSetSize of job (KB)
...
006 (7187351.003.000) 08/29 18:36:02 Image size of job updated: 49628236
	48387  -  MemoryUsage of job (MB)
	49547824  -  ResidentSetSize of job (KB)
...
006 (7187351.003.000) 08/29 18:41:02 Image size of job updated: 49682252
	48401  -  MemoryUsage of job (MB)
	49562552  -  ResidentSetSize of job (KB)
...
006 (7187351.003.000) 08/29 18:46:02 Image size of job updated: 49682252
	48402  -  MemoryUsage of job (MB)
	49562808  -  ResidentSetSize of job (KB)
...
006 (7187351.003.000) 08/29 19:01:05 Image size of job updated: 49965672
	48447  -  MemoryUsage of job (MB)
	49608708  -  ResidentSetSize of job (KB)
...
006 (7187351.003.000) 08/29 19:06:05 Image size of job updated: 50093228
	48810  -  MemoryUsage of job (MB)
	49981200  -  ResidentSetSize of job (KB)
...
006 (7187351.003.000) 08/29 19:11:06 Image size of job updated: 50168856
	48984  -  MemoryUsage of job (MB)
	50159244  -  ResidentSetSize of job (KB)
...
006 (7187351.003.000) 08/29 19:16:07 Image size of job updated: 50396248
	48986  -  MemoryUsage of job (MB)
	50161272  -  ResidentSetSize of job (KB)
...
006 (7187351.003.000) 08/29 19:21:07 Image size of job updated: 50499400
	48986  -  MemoryUsage of job (MB)
	50161272  -  ResidentSetSize of job (KB)
...
006 (7187351.003.000) 08/29 19:26:07 Image size of job updated: 50499400
	49160  -  MemoryUsage of job (MB)
	50339712  -  ResidentSetSize of job (KB)
...
006 (7187351.003.000) 08/29 19:31:08 Image size of job updated: 50511356
	49220  -  MemoryUsage of job (MB)
	50400500  -  ResidentSetSize of job (KB)
...
006 (7187351.003.000) 08/29 19:36:09 Image size of job updated: 50660956
	49381  -  MemoryUsage of job (MB)
	50565500  -  ResidentSetSize of job (KB)
...
006 (7187351.003.000) 08/29 19:41:09 Image size of job updated: 50876732
	49381  -  MemoryUsage of job (MB)
	50565500  -  ResidentSetSize of job (KB)
...
006 (7187351.003.000) 08/29 19:46:10 Image size of job updated: 51031072
	49543  -  MemoryUsage of job (MB)
	50731136  -  ResidentSetSize of job (KB)
...
006 (7187351.003.000) 08/29 19:51:10 Image size of job updated: 51086984
	49546  -  MemoryUsage of job (MB)
	50734208  -  ResidentSetSize of job (KB)
...
006 (7187351.003.000) 08/29 20:11:13 Image size of job updated: 51155012
	49546  -  MemoryUsage of job (MB)
	50734208  -  ResidentSetSize of job (KB)
...
006 (7187351.003.000) 08/29 20:16:13 Image size of job updated: 51155012
	49819  -  MemoryUsage of job (MB)
	51014256  -  ResidentSetSize of job (KB)
...
006 (7187351.003.000) 08/29 20:21:14 Image size of job updated: 51611244
	50031  -  MemoryUsage of job (MB)
	51231296  -  ResidentSetSize of job (KB)
...
006 (7187351.003.000) 08/29 20:26:15 Image size of job updated: 51611244
	50173  -  MemoryUsage of job (MB)
	51376672  -  ResidentSetSize of job (KB)
...
006 (7187351.003.000) 08/29 20:31:15 Image size of job updated: 51611244
	50278  -  MemoryUsage of job (MB)
	51484548  -  ResidentSetSize of job (KB)
...
006 (7187351.003.000) 08/29 20:41:17 Image size of job updated: 52001188
	50687  -  MemoryUsage of job (MB)
	51902800  -  ResidentSetSize of job (KB)
...
006 (7187351.003.000) 08/29 20:46:18 Image size of job updated: 52075468
	50687  -  MemoryUsage of job (MB)
	51902800  -  ResidentSetSize of job (KB)
...
006 (7187351.003.000) 08/29 20:56:18 Image size of job updated: 52173280
	50687  -  MemoryUsage of job (MB)
	51902800  -  ResidentSetSize of job (KB)
...
006 (7187351.003.000) 08/29 21:01:19 Image size of job updated: 52260808
	50687  -  MemoryUsage of job (MB)
	51902800  -  ResidentSetSize of job (KB)
...
006 (7187351.003.000) 08/29 21:06:20 Image size of job updated: 52260808
	50798  -  MemoryUsage of job (MB)
	52016832  -  ResidentSetSize of job (KB)
...
006 (7187351.003.000) 08/29 21:11:20 Image size of job updated: 52260808
	50929  -  MemoryUsage of job (MB)
	52150436  -  ResidentSetSize of job (KB)
...
006 (7187351.003.000) 08/29 21:16:21 Image size of job updated: 52326280
	50970  -  MemoryUsage of job (MB)
	52193112  -  ResidentSetSize of job (KB)
...
006 (7187351.003.000) 08/29 21:21:21 Image size of job updated: 52878932
	50970  -  MemoryUsage of job (MB)
	52193112  -  ResidentSetSize of job (KB)
...
006 (7187351.003.000) 08/29 21:31:21 Image size of job updated: 52918968
	51679  -  MemoryUsage of job (MB)
	52918968  -  ResidentSetSize of job (KB)
...
006 (7187351.003.000) 08/29 21:36:22 Image size of job updated: 53068184
	51716  -  MemoryUsage of job (MB)
	52957132  -  ResidentSetSize of job (KB)
...
006 (7187351.003.000) 08/29 21:41:23 Image size of job updated: 53178276
	51815  -  MemoryUsage of job (MB)
	53057692  -  ResidentSetSize of job (KB)
...
006 (7187351.003.000) 08/29 21:46:23 Image size of job updated: 53281500
	51815  -  MemoryUsage of job (MB)
	53057692  -  ResidentSetSize of job (KB)
...
006 (7187351.003.000) 08/29 21:51:24 Image size of job updated: 53338760
	52057  -  MemoryUsage of job (MB)
	53305964  -  ResidentSetSize of job (KB)
...
006 (7187351.003.000) 08/29 22:06:25 Image size of job updated: 53423696
	52079  -  MemoryUsage of job (MB)
	53328176  -  ResidentSetSize of job (KB)
...
006 (7187351.003.000) 08/29 22:11:26 Image size of job updated: 53595252
	52179  -  MemoryUsage of job (MB)
	53430576  -  ResidentSetSize of job (KB)
...
006 (7187351.003.000) 08/29 22:16:27 Image size of job updated: 53788888
	52179  -  MemoryUsage of job (MB)
	53430576  -  ResidentSetSize of job (KB)
...
006 (7187351.003.000) 08/29 22:21:27 Image size of job updated: 53810072
	52179  -  MemoryUsage of job (MB)
	53430576  -  ResidentSetSize of job (KB)
...
006 (7187351.003.000) 08/29 22:26:27 Image size of job updated: 54061280
	52456  -  MemoryUsage of job (MB)
	53713964  -  ResidentSetSize of job (KB)
...
006 (7187351.003.000) 08/29 22:31:28 Image size of job updated: 54079448
	52770  -  MemoryUsage of job (MB)
	54035500  -  ResidentSetSize of job (KB)
...
006 (7187351.003.000) 08/29 22:36:28 Image size of job updated: 54262376
	52770  -  MemoryUsage of job (MB)
	54035500  -  ResidentSetSize of job (KB)
...
006 (7187351.003.000) 08/29 22:41:29 Image size of job updated: 54432084
	52798  -  MemoryUsage of job (MB)
	54065084  -  ResidentSetSize of job (KB)
...
006 (7187351.003.000) 08/29 22:46:29 Image size of job updated: 54470600
	52807  -  MemoryUsage of job (MB)
	54073768  -  ResidentSetSize of job (KB)
...
006 (7187351.003.000) 08/29 22:51:30 Image size of job updated: 54470600
	52932  -  MemoryUsage of job (MB)
	54201540  -  ResidentSetSize of job (KB)
...
006 (7187351.003.000) 08/29 23:01:31 Image size of job updated: 54538760
	52970  -  MemoryUsage of job (MB)
	54240480  -  ResidentSetSize of job (KB)
...
006 (7187351.003.000) 08/29 23:06:32 Image size of job updated: 54799052
	53174  -  MemoryUsage of job (MB)
	54449476  -  ResidentSetSize of job (KB)
...
006 (7187351.003.000) 08/29 23:11:32 Image size of job updated: 54826156
	53542  -  MemoryUsage of job (MB)
	54826156  -  ResidentSetSize of job (KB)
...
006 (7187351.003.000) 08/29 23:16:32 Image size of job updated: 54950920
	53555  -  MemoryUsage of job (MB)
	54839780  -  ResidentSetSize of job (KB)
...
006 (7187351.003.000) 08/29 23:21:33 Image size of job updated: 54983260
	53555  -  MemoryUsage of job (MB)
	54839780  -  ResidentSetSize of job (KB)
...
006 (7187351.003.000) 08/29 23:26:34 Image size of job updated: 55072536
	53555  -  MemoryUsage of job (MB)
	54839780  -  ResidentSetSize of job (KB)
...
006 (7187351.003.000) 08/29 23:31:34 Image size of job updated: 55072536
	53646  -  MemoryUsage of job (MB)
	54932508  -  ResidentSetSize of job (KB)
...
006 (7187351.003.000) 08/29 23:36:34 Image size of job updated: 55083372
	53700  -  MemoryUsage of job (MB)
	54987808  -  ResidentSetSize of job (KB)
...
006 (7187351.003.000) 08/29 23:41:35 Image size of job updated: 55187736
	53779  -  MemoryUsage of job (MB)
	55068844  -  ResidentSetSize of job (KB)
...
006 (7187351.003.000) 08/29 23:46:36 Image size of job updated: 55246316
	53952  -  MemoryUsage of job (MB)
	55246148  -  ResidentSetSize of job (KB)
...
006 (7187351.003.000) 08/29 23:51:37 Image size of job updated: 55381368
	53971  -  MemoryUsage of job (MB)
	55266196  -  ResidentSetSize of job (KB)
...
006 (7187351.003.000) 08/29 23:56:38 Image size of job updated: 55533572
	54125  -  MemoryUsage of job (MB)
	55423004  -  ResidentSetSize of job (KB)
...
006 (7187351.003.000) 08/30 00:01:38 Image size of job updated: 55644388
	54126  -  MemoryUsage of job (MB)
	55424028  -  ResidentSetSize of job (KB)
...
006 (7187351.003.000) 08/30 00:06:39 Image size of job updated: 55694664
	54310  -  MemoryUsage of job (MB)
	55612780  -  ResidentSetSize of job (KB)
...
006 (7187351.003.000) 08/30 00:21:41 Image size of job updated: 55759772
	54310  -  MemoryUsage of job (MB)
	55612780  -  ResidentSetSize of job (KB)
...
006 (7187351.003.000) 08/30 00:26:41 Image size of job updated: 55887492
	54310  -  MemoryUsage of job (MB)
	55612780  -  ResidentSetSize of job (KB)
...
006 (7187351.003.000) 08/30 00:31:42 Image size of job updated: 55984388
	54544  -  MemoryUsage of job (MB)
	55852532  -  ResidentSetSize of job (KB)
...
006 (7187351.003.000) 08/30 00:36:43 Image size of job updated: 56033080
	54610  -  MemoryUsage of job (MB)
	55920488  -  ResidentSetSize of job (KB)
...
006 (7187351.003.000) 08/30 00:41:43 Image size of job updated: 56080232
	54610  -  MemoryUsage of job (MB)
	55920488  -  ResidentSetSize of job (KB)
...
006 (7187351.003.000) 08/30 00:46:44 Image size of job updated: 56162376
	54610  -  MemoryUsage of job (MB)
	55920488  -  ResidentSetSize of job (KB)
...
006 (7187351.003.000) 08/30 00:51:45 Image size of job updated: 56201160
	54610  -  MemoryUsage of job (MB)
	55920488  -  ResidentSetSize of job (KB)
...
006 (7187351.003.000) 08/30 01:06:47 Image size of job updated: 56201160
	54650  -  MemoryUsage of job (MB)
	55961588  -  ResidentSetSize of job (KB)
...
006 (7187351.003.000) 08/30 01:11:47 Image size of job updated: 56226372
	54832  -  MemoryUsage of job (MB)
	56147392  -  ResidentSetSize of job (KB)
...
006 (7187351.003.000) 08/30 01:16:48 Image size of job updated: 56340128
	55020  -  MemoryUsage of job (MB)
	56340128  -  ResidentSetSize of job (KB)
...
006 (7187351.003.000) 08/30 01:21:49 Image size of job updated: 57700280
	56348  -  MemoryUsage of job (MB)
	57700280  -  ResidentSetSize of job (KB)
...
006 (7187351.003.000) 08/30 01:23:18 Image size of job updated: 59093828
	56568  -  MemoryUsage of job (MB)
	57925256  -  ResidentSetSize of job (KB)
...
040 (7187351.003.000) 08/30 01:23:19 Started transferring output files
...
040 (7187351.003.000) 08/30 01:23:19 Finished transferring output files
...
005 (7187351.003.000) 08/30 01:23:21 Job terminated.
	(1) Normal termination (return value 50)
		Usr 2 08:13:45, Sys 1 19:13:21  -  Run Remote Usage
		Usr 0 00:00:00, Sys 0 00:00:00  -  Run Local Usage
		Usr 2 08:13:45, Sys 1 19:13:21  -  Total Remote Usage
		Usr 0 00:00:00, Sys 0 00:00:00  -  Total Local Usage
	186136  -  Run Bytes Sent By Job
	2911  -  Run Bytes Received By Job
	186136  -  Total Bytes Sent By Job
	2911  -  Total Bytes Received By Job
	Partitionable Resources :      Usage  Request Allocated Assigned
	   Cpus                 :       1.00        1         1 
	   Disk (KB)            : 7461035           3    310458 
	   Gpus (Average)       :       0.04        1         1 "GPU-7a483b10"
	   GpusMemory (MB)      :    3137                       
	   Memory (MB)          :   56568        2000      2000 

	Job terminated of its own accord at 2024-08-29T23:23:18Z with exit-code 50.
...
