000 (7187351.004.000) 08/26 08:01:35 Job submitted from host: <137.138.44.55:9618?addrs=137.138.44.55-9618+[2001-1458-d00-1a--48]-9618&alias=bigbird17.cern.ch&noUDP&sock=schedd_23962_8474>
...
040 (7187351.004.000) 08/29 14:43:30 Started transferring input files
	Transferring to host: <188.185.93.84:9618?addrs=188.185.93.84-9618+[2001-1458-d00-6c--100-55]-9618&alias=b9g57n9431.cern.ch&noUDP&sock=slot1_1_11325_3ca6_110317>
...
040 (7187351.004.000) 08/29 14:43:30 Finished transferring input files
...
001 (7187351.004.000) 08/29 14:43:31 Job executing on host: <188.185.93.84:9618?addrs=188.185.93.84-9618+[2001-1458-d00-6c--100-55]-9618&alias=b9g57n9431.cern.ch&noUDP&sock=startd_10703_f23c>
	SlotName: slot1_1@b9g57n9431.cern.ch
	AvailableGPUs = { GPUs_GPU_ad45c2b2 }
	CondorScratchDir = "/pool/condor/dir_2468813"
	Cpus = 1
	Disk = 326179
	GPUs = 1
	GPUs_GPU_ad45c2b2 = [ GlobalMemoryMb = 40326; MaxSupportedVersion = 12040; DriverVersion = 12.4; DeviceUuid = "ad45c2b2-835b-1d6b-1b7a-5e4c703f9ed3"; DeviceName = "NVIDIA A100-PCIE-40GB"; CoresPerCU = 64; ECCEnabled = true; ComputeUnits = 108; ClockMhz = 1410.0; Id = "GPU-ad45c2b2"; DevicePciBusId = "0000:06:00.0"; Capability = 8.0 ]
	Memory = 2000
...
006 (7187351.004.000) 08/29 14:43:39 Image size of job updated: 776516
	756  -  MemoryUsage of job (MB)
	773364  -  ResidentSetSize of job (KB)
...
006 (7187351.004.000) 08/29 14:48:41 Image size of job updated: 7879536
	7693  -  MemoryUsage of job (MB)
	7877108  -  ResidentSetSize of job (KB)
...
006 (7187351.004.000) 08/29 14:53:42 Image size of job updated: 9177396
	8859  -  MemoryUsage of job (MB)
	9070752  -  ResidentSetSize of job (KB)
...
006 (7187351.004.000) 08/29 14:58:42 Image size of job updated: 9380520
	9161  -  MemoryUsage of job (MB)
	9380520  -  ResidentSetSize of job (KB)
...
006 (7187351.004.000) 08/29 15:03:42 Image size of job updated: 9470492
	9164  -  MemoryUsage of job (MB)
	9383376  -  ResidentSetSize of job (KB)
...
006 (7187351.004.000) 08/29 15:08:43 Image size of job updated: 9562608
	9164  -  MemoryUsage of job (MB)
	9383376  -  ResidentSetSize of job (KB)
...
006 (7187351.004.000) 08/29 15:13:43 Image size of job updated: 9679704
	9164  -  MemoryUsage of job (MB)
	9383376  -  ResidentSetSize of job (KB)
...
006 (7187351.004.000) 08/29 15:18:44 Image size of job updated: 9798904
	9164  -  MemoryUsage of job (MB)
	9383376  -  ResidentSetSize of job (KB)
...
006 (7187351.004.000) 08/29 15:23:44 Image size of job updated: 9798904
	9434  -  MemoryUsage of job (MB)
	9659776  -  ResidentSetSize of job (KB)
...
006 (7187351.004.000) 08/29 15:28:44 Image size of job updated: 9821572
	9434  -  MemoryUsage of job (MB)
	9659776  -  ResidentSetSize of job (KB)
...
006 (7187351.004.000) 08/29 15:33:45 Image size of job updated: 9939596
	9707  -  MemoryUsage of job (MB)
	9939596  -  ResidentSetSize of job (KB)
...
006 (7187351.004.000) 08/29 15:38:46 Image size of job updated: 10094768
	9707  -  MemoryUsage of job (MB)
	9939596  -  ResidentSetSize of job (KB)
...
006 (7187351.004.000) 08/29 15:43:46 Image size of job updated: 10259996
	9707  -  MemoryUsage of job (MB)
	9939596  -  ResidentSetSize of job (KB)
...
006 (7187351.004.000) 08/29 15:48:47 Image size of job updated: 10448504
	9707  -  MemoryUsage of job (MB)
	9939596  -  ResidentSetSize of job (KB)
...
006 (7187351.004.000) 08/29 15:53:47 Image size of job updated: 10585748
	10147  -  MemoryUsage of job (MB)
	10390060  -  ResidentSetSize of job (KB)
...
006 (7187351.004.000) 08/29 15:58:47 Image size of job updated: 10632076
	10364  -  MemoryUsage of job (MB)
	10611756  -  ResidentSetSize of job (KB)
...
006 (7187351.004.000) 08/29 16:03:48 Image size of job updated: 11021720
	10419  -  MemoryUsage of job (MB)
	10668856  -  ResidentSetSize of job (KB)
...
006 (7187351.004.000) 08/29 16:08:48 Image size of job updated: 11218728
	10848  -  MemoryUsage of job (MB)
	11107480  -  ResidentSetSize of job (KB)
...
006 (7187351.004.000) 08/29 16:13:48 Image size of job updated: 11328480
	10848  -  MemoryUsage of job (MB)
	11107480  -  ResidentSetSize of job (KB)
...
006 (7187351.004.000) 08/29 16:18:49 Image size of job updated: 11328480
	10862  -  MemoryUsage of job (MB)
	11122216  -  ResidentSetSize of job (KB)
...
006 (7187351.004.000) 08/29 16:28:50 Image size of job updated: 11383384
	11075  -  MemoryUsage of job (MB)
	11339940  -  ResidentSetSize of job (KB)
...
006 (7187351.004.000) 08/29 16:33:51 Image size of job updated: 11697988
	11424  -  MemoryUsage of job (MB)
	11697988  -  ResidentSetSize of job (KB)
...
006 (7187351.004.000) 08/29 16:38:51 Image size of job updated: 12237712
	11859  -  MemoryUsage of job (MB)
	12142784  -  ResidentSetSize of job (KB)
...
006 (7187351.004.000) 08/29 16:43:52 Image size of job updated: 12478292
	12058  -  MemoryUsage of job (MB)
	12347392  -  ResidentSetSize of job (KB)
...
006 (7187351.004.000) 08/29 16:48:53 Image size of job updated: 12532336
	12058  -  MemoryUsage of job (MB)
	12347392  -  ResidentSetSize of job (KB)
...
006 (7187351.004.000) 08/29 16:53:53 Image size of job updated: 12821444
	12139  -  MemoryUsage of job (MB)
	12429556  -  ResidentSetSize of job (KB)
...
006 (7187351.004.000) 08/29 16:58:54 Image size of job updated: 13025824
	12628  -  MemoryUsage of job (MB)
	12930832  -  ResidentSetSize of job (KB)
...
006 (7187351.004.000) 08/29 17:03:54 Image size of job updated: 13041004
	12628  -  MemoryUsage of job (MB)
	12930832  -  ResidentSetSize of job (KB)
...
006 (7187351.004.000) 08/29 17:13:55 Image size of job updated: 13584348
	13266  -  MemoryUsage of job (MB)
	13584348  -  ResidentSetSize of job (KB)
...
006 (7187351.004.000) 08/29 17:18:55 Image size of job updated: 13650336
	13266  -  MemoryUsage of job (MB)
	13584348  -  ResidentSetSize of job (KB)
...
006 (7187351.004.000) 08/29 17:23:56 Image size of job updated: 13794724
	13462  -  MemoryUsage of job (MB)
	13785056  -  ResidentSetSize of job (KB)
...
006 (7187351.004.000) 08/29 17:28:57 Image size of job updated: 13966256
	13462  -  MemoryUsage of job (MB)
	13785056  -  ResidentSetSize of job (KB)
...
006 (7187351.004.000) 08/29 17:33:57 Image size of job updated: 14095080
	13665  -  MemoryUsage of job (MB)
	13992152  -  ResidentSetSize of job (KB)
...
006 (7187351.004.000) 08/29 17:38:58 Image size of job updated: 14201912
	13665  -  MemoryUsage of job (MB)
	13992152  -  ResidentSetSize of job (KB)
...
006 (7187351.004.000) 08/29 17:43:58 Image size of job updated: 14360824
	13892  -  MemoryUsage of job (MB)
	14224560  -  ResidentSetSize of job (KB)
...
006 (7187351.004.000) 08/29 17:48:59 Image size of job updated: 14594016
	14160  -  MemoryUsage of job (MB)
	14499632  -  ResidentSetSize of job (KB)
...
006 (7187351.004.000) 08/29 17:54:00 Image size of job updated: 14796928
	14449  -  MemoryUsage of job (MB)
	14794852  -  ResidentSetSize of job (KB)
...
006 (7187351.004.000) 08/29 17:59:01 Image size of job updated: 15001240
	14449  -  MemoryUsage of job (MB)
	14794852  -  ResidentSetSize of job (KB)
...
006 (7187351.004.000) 08/29 18:04:00 Image size of job updated: 15026620
	14449  -  MemoryUsage of job (MB)
	14794852  -  ResidentSetSize of job (KB)
...
006 (7187351.004.000) 08/29 18:09:01 Image size of job updated: 15026620
	14567  -  MemoryUsage of job (MB)
	14915664  -  ResidentSetSize of job (KB)
...
006 (7187351.004.000) 08/29 18:19:02 Image size of job updated: 15270120
	14567  -  MemoryUsage of job (MB)
	14915664  -  ResidentSetSize of job (KB)
...
006 (7187351.004.000) 08/29 18:24:02 Image size of job updated: 15832724
	15361  -  MemoryUsage of job (MB)
	15729576  -  ResidentSetSize of job (KB)
...
006 (7187351.004.000) 08/29 18:29:02 Image size of job updated: 15933884
	15361  -  MemoryUsage of job (MB)
	15729576  -  ResidentSetSize of job (KB)
...
006 (7187351.004.000) 08/29 18:34:03 Image size of job updated: 16169516
	15361  -  MemoryUsage of job (MB)
	15729576  -  ResidentSetSize of job (KB)
...
006 (7187351.004.000) 08/29 18:39:04 Image size of job updated: 16169516
	15480  -  MemoryUsage of job (MB)
	15850632  -  ResidentSetSize of job (KB)
...
006 (7187351.004.000) 08/29 18:44:05 Image size of job updated: 16343496
	15868  -  MemoryUsage of job (MB)
	16248604  -  ResidentSetSize of job (KB)
...
006 (7187351.004.000) 08/29 18:49:04 Image size of job updated: 16404600
	15928  -  MemoryUsage of job (MB)
	16309636  -  ResidentSetSize of job (KB)
...
006 (7187351.004.000) 08/29 18:54:05 Image size of job updated: 16641276
	16246  -  MemoryUsage of job (MB)
	16635048  -  ResidentSetSize of job (KB)
...
006 (7187351.004.000) 08/29 18:59:06 Image size of job updated: 16732992
	16341  -  MemoryUsage of job (MB)
	16732992  -  ResidentSetSize of job (KB)
...
006 (7187351.004.000) 08/29 19:04:07 Image size of job updated: 17016504
	16526  -  MemoryUsage of job (MB)
	16921796  -  ResidentSetSize of job (KB)
...
006 (7187351.004.000) 08/29 19:09:08 Image size of job updated: 17249692
	16815  -  MemoryUsage of job (MB)
	17217772  -  ResidentSetSize of job (KB)
...
006 (7187351.004.000) 08/29 19:14:09 Image size of job updated: 17415592
	16822  -  MemoryUsage of job (MB)
	17225196  -  ResidentSetSize of job (KB)
...
006 (7187351.004.000) 08/29 19:24:09 Image size of job updated: 17602540
	17190  -  MemoryUsage of job (MB)
	17602540  -  ResidentSetSize of job (KB)
...
006 (7187351.004.000) 08/29 19:29:10 Image size of job updated: 17874692
	17298  -  MemoryUsage of job (MB)
	17713132  -  ResidentSetSize of job (KB)
...
006 (7187351.004.000) 08/29 19:34:10 Image size of job updated: 18178460
	17753  -  MemoryUsage of job (MB)
	18178460  -  ResidentSetSize of job (KB)
...
006 (7187351.004.000) 08/29 19:39:11 Image size of job updated: 18502436
	17942  -  MemoryUsage of job (MB)
	18371628  -  ResidentSetSize of job (KB)
...
006 (7187351.004.000) 08/29 19:44:12 Image size of job updated: 18613316
	18118  -  MemoryUsage of job (MB)
	18552456  -  ResidentSetSize of job (KB)
...
006 (7187351.004.000) 08/29 19:49:12 Image size of job updated: 18882352
	18329  -  MemoryUsage of job (MB)
	18768724  -  ResidentSetSize of job (KB)
...
006 (7187351.004.000) 08/29 19:54:13 Image size of job updated: 18994564
	18329  -  MemoryUsage of job (MB)
	18768724  -  ResidentSetSize of job (KB)
...
006 (7187351.004.000) 08/29 19:59:13 Image size of job updated: 19198404
	18656  -  MemoryUsage of job (MB)
	19102756  -  ResidentSetSize of job (KB)
...
006 (7187351.004.000) 08/29 20:04:14 Image size of job updated: 19483600
	18755  -  MemoryUsage of job (MB)
	19204644  -  ResidentSetSize of job (KB)
...
006 (7187351.004.000) 08/29 20:09:15 Image size of job updated: 19705164
	19132  -  MemoryUsage of job (MB)
	19590824  -  ResidentSetSize of job (KB)
...
006 (7187351.004.000) 08/29 20:14:14 Image size of job updated: 19789372
	19132  -  MemoryUsage of job (MB)
	19590824  -  ResidentSetSize of job (KB)
...
006 (7187351.004.000) 08/29 20:19:15 Image size of job updated: 19790004
	19303  -  MemoryUsage of job (MB)
	19765572  -  ResidentSetSize of job (KB)
...
006 (7187351.004.000) 08/29 20:34:16 Image size of job updated: 19804756
	19338  -  MemoryUsage of job (MB)
	19801508  -  ResidentSetSize of job (KB)
...
006 (7187351.004.000) 08/29 20:39:16 Image size of job updated: 20389312
	19552  -  MemoryUsage of job (MB)
	20020536  -  ResidentSetSize of job (KB)
...
006 (7187351.004.000) 08/29 20:44:17 Image size of job updated: 20389312
	19553  -  MemoryUsage of job (MB)
	20022248  -  ResidentSetSize of job (KB)
...
006 (7187351.004.000) 08/29 20:49:18 Image size of job updated: 20900200
	20411  -  MemoryUsage of job (MB)
	20900200  -  ResidentSetSize of job (KB)
...
006 (7187351.004.000) 08/29 20:54:18 Image size of job updated: 20906844
	20411  -  MemoryUsage of job (MB)
	20900200  -  ResidentSetSize of job (KB)
...
006 (7187351.004.000) 08/29 21:04:19 Image size of job updated: 21238808
	20676  -  MemoryUsage of job (MB)
	21171532  -  ResidentSetSize of job (KB)
...
006 (7187351.004.000) 08/29 21:09:20 Image size of job updated: 21349128
	20676  -  MemoryUsage of job (MB)
	21171532  -  ResidentSetSize of job (KB)
...
006 (7187351.004.000) 08/29 21:14:21 Image size of job updated: 21568584
	20676  -  MemoryUsage of job (MB)
	21171532  -  ResidentSetSize of job (KB)
...
006 (7187351.004.000) 08/29 21:24:21 Image size of job updated: 21769016
	21150  -  MemoryUsage of job (MB)
	21656944  -  ResidentSetSize of job (KB)
...
006 (7187351.004.000) 08/29 21:29:22 Image size of job updated: 21814188
	21150  -  MemoryUsage of job (MB)
	21656944  -  ResidentSetSize of job (KB)
...
006 (7187351.004.000) 08/29 21:39:22 Image size of job updated: 21814188
	21168  -  MemoryUsage of job (MB)
	21675692  -  ResidentSetSize of job (KB)
...
006 (7187351.004.000) 08/29 21:44:23 Image size of job updated: 21867320
	21351  -  MemoryUsage of job (MB)
	21863048  -  ResidentSetSize of job (KB)
...
006 (7187351.004.000) 08/29 21:49:23 Image size of job updated: 22458164
	21921  -  MemoryUsage of job (MB)
	22446264  -  ResidentSetSize of job (KB)
...
006 (7187351.004.000) 08/29 21:54:24 Image size of job updated: 22575568
	21921  -  MemoryUsage of job (MB)
	22446264  -  ResidentSetSize of job (KB)
...
006 (7187351.004.000) 08/29 21:59:25 Image size of job updated: 22682236
	22121  -  MemoryUsage of job (MB)
	22651252  -  ResidentSetSize of job (KB)
...
006 (7187351.004.000) 08/29 22:04:25 Image size of job updated: 22814884
	22281  -  MemoryUsage of job (MB)
	22814884  -  ResidentSetSize of job (KB)
...
006 (7187351.004.000) 08/29 22:09:26 Image size of job updated: 22933856
	22281  -  MemoryUsage of job (MB)
	22814884  -  ResidentSetSize of job (KB)
...
006 (7187351.004.000) 08/29 22:14:27 Image size of job updated: 23127020
	22281  -  MemoryUsage of job (MB)
	22814884  -  ResidentSetSize of job (KB)
...
006 (7187351.004.000) 08/29 22:19:27 Image size of job updated: 23423588
	22524  -  MemoryUsage of job (MB)
	23064368  -  ResidentSetSize of job (KB)
...
006 (7187351.004.000) 08/29 22:24:28 Image size of job updated: 23630440
	22984  -  MemoryUsage of job (MB)
	23534728  -  ResidentSetSize of job (KB)
...
006 (7187351.004.000) 08/29 22:29:28 Image size of job updated: 23798520
	23147  -  MemoryUsage of job (MB)
	23701872  -  ResidentSetSize of job (KB)
...
006 (7187351.004.000) 08/29 22:34:28 Image size of job updated: 23953900
	23147  -  MemoryUsage of job (MB)
	23701872  -  ResidentSetSize of job (KB)
...
006 (7187351.004.000) 08/29 22:39:29 Image size of job updated: 24139528
	23574  -  MemoryUsage of job (MB)
	24139528  -  ResidentSetSize of job (KB)
...
006 (7187351.004.000) 08/29 22:44:30 Image size of job updated: 24312932
	23682  -  MemoryUsage of job (MB)
	24250128  -  ResidentSetSize of job (KB)
...
006 (7187351.004.000) 08/29 22:49:29 Image size of job updated: 24447656
	23768  -  MemoryUsage of job (MB)
	24337988  -  ResidentSetSize of job (KB)
...
006 (7187351.004.000) 08/29 22:54:30 Image size of job updated: 24452912
	23771  -  MemoryUsage of job (MB)
	24341060  -  ResidentSetSize of job (KB)
...
006 (7187351.004.000) 08/29 22:59:31 Image size of job updated: 24535956
	23825  -  MemoryUsage of job (MB)
	24395944  -  ResidentSetSize of job (KB)
...
006 (7187351.004.000) 08/29 23:04:32 Image size of job updated: 24607212
	23825  -  MemoryUsage of job (MB)
	24395944  -  ResidentSetSize of job (KB)
...
006 (7187351.004.000) 08/29 23:09:32 Image size of job updated: 24833608
	23913  -  MemoryUsage of job (MB)
	24486320  -  ResidentSetSize of job (KB)
...
006 (7187351.004.000) 08/29 23:14:33 Image size of job updated: 24951404
	24252  -  MemoryUsage of job (MB)
	24833664  -  ResidentSetSize of job (KB)
...
006 (7187351.004.000) 08/29 23:19:34 Image size of job updated: 25077192
	24389  -  MemoryUsage of job (MB)
	24974120  -  ResidentSetSize of job (KB)
...
006 (7187351.004.000) 08/29 23:24:34 Image size of job updated: 25315592
	24702  -  MemoryUsage of job (MB)
	25294812  -  ResidentSetSize of job (KB)
...
006 (7187351.004.000) 08/29 23:29:34 Image size of job updated: 25443344
	24848  -  MemoryUsage of job (MB)
	25443344  -  ResidentSetSize of job (KB)
...
006 (7187351.004.000) 08/29 23:34:35 Image size of job updated: 25539760
	24848  -  MemoryUsage of job (MB)
	25443344  -  ResidentSetSize of job (KB)
...
006 (7187351.004.000) 08/29 23:39:35 Image size of job updated: 25819136
	24848  -  MemoryUsage of job (MB)
	25443344  -  ResidentSetSize of job (KB)
...
006 (7187351.004.000) 08/29 23:44:36 Image size of job updated: 25863360
	25241  -  MemoryUsage of job (MB)
	25845948  -  ResidentSetSize of job (KB)
...
006 (7187351.004.000) 08/29 23:49:36 Image size of job updated: 25999400
	25241  -  MemoryUsage of job (MB)
	25845948  -  ResidentSetSize of job (KB)
...
006 (7187351.004.000) 08/29 23:54:37 Image size of job updated: 26046176
	25430  -  MemoryUsage of job (MB)
	26040212  -  ResidentSetSize of job (KB)
...
006 (7187351.004.000) 08/29 23:59:38 Image size of job updated: 26316872
	25695  -  MemoryUsage of job (MB)
	26310860  -  ResidentSetSize of job (KB)
...
006 (7187351.004.000) 08/30 00:04:39 Image size of job updated: 26365020
	25695  -  MemoryUsage of job (MB)
	26310860  -  ResidentSetSize of job (KB)
...
006 (7187351.004.000) 08/30 00:09:39 Image size of job updated: 26763560
	25761  -  MemoryUsage of job (MB)
	26379148  -  ResidentSetSize of job (KB)
...
006 (7187351.004.000) 08/30 00:14:40 Image size of job updated: 26969560
	26245  -  MemoryUsage of job (MB)
	26874308  -  ResidentSetSize of job (KB)
...
006 (7187351.004.000) 08/30 00:19:41 Image size of job updated: 27094972
	26345  -  MemoryUsage of job (MB)
	26976712  -  ResidentSetSize of job (KB)
...
006 (7187351.004.000) 08/30 00:29:41 Image size of job updated: 27238020
	26593  -  MemoryUsage of job (MB)
	27230616  -  ResidentSetSize of job (KB)
...
006 (7187351.004.000) 08/30 00:34:42 Image size of job updated: 27299384
	26593  -  MemoryUsage of job (MB)
	27230616  -  ResidentSetSize of job (KB)
...
006 (7187351.004.000) 08/30 00:39:43 Image size of job updated: 27357332
	26690  -  MemoryUsage of job (MB)
	27330496  -  ResidentSetSize of job (KB)
...
006 (7187351.004.000) 08/30 00:44:44 Image size of job updated: 27525064
	26693  -  MemoryUsage of job (MB)
	27333568  -  ResidentSetSize of job (KB)
...
006 (7187351.004.000) 08/30 00:49:44 Image size of job updated: 27742292
	26757  -  MemoryUsage of job (MB)
	27398700  -  ResidentSetSize of job (KB)
...
006 (7187351.004.000) 08/30 00:54:44 Image size of job updated: 27840356
	27188  -  MemoryUsage of job (MB)
	27840340  -  ResidentSetSize of job (KB)
...
006 (7187351.004.000) 08/30 00:59:45 Image size of job updated: 27850404
	27188  -  MemoryUsage of job (MB)
	27840340  -  ResidentSetSize of job (KB)
...
006 (7187351.004.000) 08/30 01:24:48 Image size of job updated: 27965128
	27188  -  MemoryUsage of job (MB)
	27840340  -  ResidentSetSize of job (KB)
...
006 (7187351.004.000) 08/30 01:29:49 Image size of job updated: 28101776
	27334  -  MemoryUsage of job (MB)
	27989328  -  ResidentSetSize of job (KB)
...
006 (7187351.004.000) 08/30 01:34:49 Image size of job updated: 28148376
	27470  -  MemoryUsage of job (MB)
	28128452  -  ResidentSetSize of job (KB)
...
006 (7187351.004.000) 08/30 01:39:50 Image size of job updated: 28236520
	27470  -  MemoryUsage of job (MB)
	28128452  -  ResidentSetSize of job (KB)
...
006 (7187351.004.000) 08/30 01:44:51 Image size of job updated: 28237324
	27470  -  MemoryUsage of job (MB)
	28128452  -  ResidentSetSize of job (KB)
...
006 (7187351.004.000) 08/30 01:49:51 Image size of job updated: 28370476
	27470  -  MemoryUsage of job (MB)
	28128452  -  ResidentSetSize of job (KB)
...
006 (7187351.004.000) 08/30 01:59:53 Image size of job updated: 30656072
	29938  -  MemoryUsage of job (MB)
	30656072  -  ResidentSetSize of job (KB)
...
006 (7187351.004.000) 08/30 02:01:01 Image size of job updated: 30805616
	29941  -  MemoryUsage of job (MB)
	30659524  -  ResidentSetSize of job (KB)
...
040 (7187351.004.000) 08/30 02:01:02 Started transferring output files
...
040 (7187351.004.000) 08/30 02:01:03 Finished transferring output files
...
005 (7187351.004.000) 08/30 02:01:04 Job terminated.
	(1) Normal termination (return value 50)
		Usr 0 08:08:33, Sys 0 01:17:05  -  Run Remote Usage
		Usr 0 00:00:00, Sys 0 00:00:00  -  Run Local Usage
		Usr 0 08:08:33, Sys 0 01:17:05  -  Total Remote Usage
		Usr 0 00:00:00, Sys 0 00:00:00  -  Total Local Usage
	186136  -  Run Bytes Sent By Job
	2911  -  Run Bytes Received By Job
	186136  -  Total Bytes Sent By Job
	2911  -  Total Bytes Received By Job
	Partitionable Resources :      Usage  Request Allocated Assigned
	   Cpus                 :       0.24        1         1 
	   Disk (KB)            : 7461126           3    326179 
	   Gpus (Average)       :       0.04        1         1 "GPU-ad45c2b2"
	   GpusMemory (MB)      :    3137                       
	   Memory (MB)          :   29941        2000      2000 

	Job terminated of its own accord at 2024-08-30T00:01:01Z with exit-code 50.
...
