000 (7187267.001.000) 08/26 07:55:24 Job submitted from host: <137.138.44.55:9618?addrs=137.138.44.55-9618+[2001-1458-d00-1a--48]-9618&alias=bigbird17.cern.ch&noUDP&sock=schedd_23962_8474>
...
040 (7187267.001.000) 08/26 11:34:44 Started transferring input files
	Transferring to host: <128.142.248.94:9618?addrs=128.142.248.94-9618+[2001-1458-301-73--100-14e]-9618&alias=b9g23p2790.cern.ch&noUDP&sock=slot1_3_5757_13c3_10265>
...
040 (7187267.001.000) 08/26 11:34:44 Finished transferring input files
...
001 (7187267.001.000) 08/26 11:34:45 Job executing on host: <128.142.248.94:9618?addrs=128.142.248.94-9618+[2001-1458-301-73--100-14e]-9618&alias=b9g23p2790.cern.ch&noUDP&sock=startd_4576_5577>
	SlotName: slot1_3@b9g23p2790.cern.ch
	CondorScratchDir = "/pool/condor/dir_3946385"
	Cpus = 1
	Disk = 2943897
	Memory = 2000
...
006 (7187267.001.000) 08/26 11:34:54 Image size of job updated: 948092
	523  -  MemoryUsage of job (MB)
	534552  -  ResidentSetSize of job (KB)
...
006 (7187267.001.000) 08/26 11:39:55 Image size of job updated: 1002388
	965  -  MemoryUsage of job (MB)
	987184  -  ResidentSetSize of job (KB)
...
006 (7187267.001.000) 08/26 11:44:55 Image size of job updated: 1369908
	1302  -  MemoryUsage of job (MB)
	1332624  -  ResidentSetSize of job (KB)
...
006 (7187267.001.000) 08/26 11:49:55 Image size of job updated: 3592496
	3509  -  MemoryUsage of job (MB)
	3592496  -  ResidentSetSize of job (KB)
...
006 (7187267.001.000) 08/26 11:52:30 Image size of job updated: 3759900
	3509  -  MemoryUsage of job (MB)
	3592496  -  ResidentSetSize of job (KB)
...
040 (7187267.001.000) 08/26 11:52:30 Started transferring output files
...
040 (7187267.001.000) 08/26 11:52:30 Finished transferring output files
...
005 (7187267.001.000) 08/26 11:52:30 Job terminated.
	(1) Normal termination (return value 50)
		Usr 0 00:16:50, Sys 0 00:01:05  -  Run Remote Usage
		Usr 0 00:00:00, Sys 0 00:00:00  -  Run Local Usage
		Usr 0 00:16:50, Sys 0 00:01:05  -  Total Remote Usage
		Usr 0 00:00:00, Sys 0 00:00:00  -  Total Local Usage
	16370  -  Run Bytes Sent By Job
	2926  -  Run Bytes Received By Job
	16370  -  Total Bytes Sent By Job
	2926  -  Total Bytes Received By Job
	Partitionable Resources :      Usage  Request Allocated 
	   Cpus                 :       0.73        1         1 
	   Disk (KB)            : 1224968           3   2943897 
	   Memory (MB)          :    3509        2000      2000 

	Job terminated of its own accord at 2024-08-26T09:52:30Z with exit-code 50.
...
