000 (7187267.006.000) 08/26 07:55:24 Job submitted from host: <137.138.44.55:9618?addrs=137.138.44.55-9618+[2001-1458-d00-1a--48]-9618&alias=bigbird17.cern.ch&noUDP&sock=schedd_23962_8474>
...
040 (7187267.006.000) 08/26 11:43:15 Started transferring input files
	Transferring to host: <128.142.248.197:9618?addrs=128.142.248.197-9618+[2001-1458-301-73--100-c4]-9618&alias=b9g23p2961.cern.ch&noUDP&sock=slot1_14_7499_794a_4812>
...
040 (7187267.006.000) 08/26 11:43:15 Finished transferring input files
...
001 (7187267.006.000) 08/26 11:43:16 Job executing on host: <128.142.248.197:9618?addrs=128.142.248.197-9618+[2001-1458-301-73--100-c4]-9618&alias=b9g23p2961.cern.ch&noUDP&sock=startd_5911_0866>
	SlotName: slot1_14@b9g23p2961.cern.ch
	CondorScratchDir = "/pool/condor/dir_2462262"
	Cpus = 1
	Disk = 3057400
	Memory = 2000
...
006 (7187267.006.000) 08/26 11:43:24 Image size of job updated: 699028
	683  -  MemoryUsage of job (MB)
	698808  -  ResidentSetSize of job (KB)
...
006 (7187267.006.000) 08/26 11:48:24 Image size of job updated: 1043144
	1007  -  MemoryUsage of job (MB)
	1030760  -  ResidentSetSize of job (KB)
...
006 (7187267.006.000) 08/26 11:53:25 Image size of job updated: 1420200
	1378  -  MemoryUsage of job (MB)
	1410524  -  ResidentSetSize of job (KB)
...
006 (7187267.006.000) 08/26 11:58:25 Image size of job updated: 3792760
	3704  -  MemoryUsage of job (MB)
	3792760  -  ResidentSetSize of job (KB)
...
006 (7187267.006.000) 08/26 11:58:40 Image size of job updated: 3810424
	3704  -  MemoryUsage of job (MB)
	3792760  -  ResidentSetSize of job (KB)
...
040 (7187267.006.000) 08/26 11:58:40 Started transferring output files
...
040 (7187267.006.000) 08/26 11:58:40 Finished transferring output files
...
005 (7187267.006.000) 08/26 11:58:40 Job terminated.
	(1) Normal termination (return value 50)
		Usr 0 00:14:30, Sys 0 00:00:51  -  Run Remote Usage
		Usr 0 00:00:00, Sys 0 00:00:00  -  Run Local Usage
		Usr 0 00:14:30, Sys 0 00:00:51  -  Total Remote Usage
		Usr 0 00:00:00, Sys 0 00:00:00  -  Total Local Usage
	16370  -  Run Bytes Sent By Job
	2926  -  Run Bytes Received By Job
	16370  -  Total Bytes Sent By Job
	2926  -  Total Bytes Received By Job
	Partitionable Resources :      Usage  Request Allocated 
	   Cpus                 :       1.00        1         1 
	   Disk (KB)            : 1243598           3   3057400 
	   Memory (MB)          :    3704        2000      2000 

	Job terminated of its own accord at 2024-08-26T09:58:40Z with exit-code 50.
...
