000 (7223597.004.000) 09/25 06:46:10 Job submitted from host: <137.138.44.55:9618?addrs=137.138.44.55-9618+[2001-1458-d00-1a--48]-9618&alias=bigbird17.cern.ch&noUDP&sock=schedd_1981_6134>
...
040 (7223597.004.000) 09/26 12:19:23 Started transferring input files
	Transferring to host: <188.185.238.12:9618?addrs=188.185.238.12-9618+[2001-1458-303-28--100-8]-9618&alias=b9pgpun001.cern.ch&noUDP&sock=slot1_3_240309_2e05_34348>
...
040 (7223597.004.000) 09/26 12:19:23 Finished transferring input files
...
001 (7223597.004.000) 09/26 12:19:24 Job executing on host: <188.185.238.12:9618?addrs=188.185.238.12-9618+[2001-1458-303-28--100-8]-9618&alias=b9pgpun001.cern.ch&noUDP&sock=startd_240269_20b4>
	SlotName: slot1_3@b9pgpun001.cern.ch
	AvailableGPUs = { GPUs_GPU_d53c75f4 }
	CondorScratchDir = "/pool/condor/dir_3865474"
	Cpus = 1
	Disk = 6813578
	GPUs = 1
	GPUs_GPU_d53c75f4 = [ GlobalMemoryMb = 95235; MaxSupportedVersion = 12040; DriverVersion = 12.4; DeviceName = "NVIDIA H100 NVL"; CoresPerCU = 128; ECCEnabled = true; ComputeUnits = 132; ClockMhz = 1785.0; Id = "GPU-d53c75f4"; Capability = 9.0; DevicePciBusId = "0000:AD:00.0"; DeviceUuid = "d53c75f4-8617-0aca-962a-70380a0586a4" ]
	Memory = 2000
...
006 (7223597.004.000) 09/26 12:19:32 Image size of job updated: 2145208
	2095  -  MemoryUsage of job (MB)
	2145100  -  ResidentSetSize of job (KB)
...
006 (7223597.004.000) 09/26 12:24:33 Image size of job updated: 21592964
	21078  -  MemoryUsage of job (MB)
	21583060  -  ResidentSetSize of job (KB)
...
006 (7223597.004.000) 09/26 12:29:34 Image size of job updated: 21688912
	21169  -  MemoryUsage of job (MB)
	21676176  -  ResidentSetSize of job (KB)
...
006 (7223597.004.000) 09/26 12:34:35 Image size of job updated: 21810920
	21293  -  MemoryUsage of job (MB)
	21803336  -  ResidentSetSize of job (KB)
...
006 (7223597.004.000) 09/26 12:39:36 Image size of job updated: 22178508
	21643  -  MemoryUsage of job (MB)
	22162176  -  ResidentSetSize of job (KB)
...
006 (7223597.004.000) 09/26 12:44:37 Image size of job updated: 22263772
	21736  -  MemoryUsage of job (MB)
	22257452  -  ResidentSetSize of job (KB)
...
006 (7223597.004.000) 09/26 12:49:36 Image size of job updated: 22972352
	21736  -  MemoryUsage of job (MB)
	22257452  -  ResidentSetSize of job (KB)
...
006 (7223597.004.000) 09/26 12:50:36 Image size of job updated: 24555780
	21736  -  MemoryUsage of job (MB)
	22257452  -  ResidentSetSize of job (KB)
...
040 (7223597.004.000) 09/26 12:50:37 Started transferring output files
...
040 (7223597.004.000) 09/26 12:50:37 Finished transferring output files
...
005 (7223597.004.000) 09/26 12:50:37 Job terminated.
	(1) Normal termination (return value 50)
		Usr 0 00:31:01, Sys 0 00:13:13  -  Run Remote Usage
		Usr 0 00:00:00, Sys 0 00:00:00  -  Run Local Usage
		Usr 0 00:31:01, Sys 0 00:13:13  -  Total Remote Usage
		Usr 0 00:00:00, Sys 0 00:00:00  -  Total Local Usage
	148796  -  Run Bytes Sent By Job
	1403  -  Run Bytes Received By Job
	148796  -  Total Bytes Sent By Job
	1403  -  Total Bytes Received By Job
	Partitionable Resources :       Usage  Request Allocated Assigned
	   Cpus                 :        0.43        1         1 
	   Disk (KB)            : 20645832           2   6813578 
	   Gpus (Average)       :        0.00        1         1 "GPU-d53c75f4"
	   GpusMemory (MB)      :      599                       
	   Memory (MB)          :    21736        2000      2000 

	Job terminated of its own accord at 2024-09-26T10:50:36Z with exit-code 50.
...
