000 (7187294.002.000) 08/26 07:55:49 Job submitted from host: <137.138.44.55:9618?addrs=137.138.44.55-9618+[2001-1458-d00-1a--48]-9618&alias=bigbird17.cern.ch&noUDP&sock=schedd_23962_8474>
...
040 (7187294.002.000) 08/26 13:11:35 Started transferring input files
	Transferring to host: <128.142.248.15:9618?addrs=128.142.248.15-9618+[2001-1458-301-73--100-ff]-9618&alias=b9g23p2723.cern.ch&noUDP&sock=slot1_24_3961800_404a_9307>
...
040 (7187294.002.000) 08/26 13:11:35 Finished transferring input files
...
001 (7187294.002.000) 08/26 13:11:36 Job executing on host: <128.142.248.15:9618?addrs=128.142.248.15-9618+[2001-1458-301-73--100-ff]-9618&alias=b9g23p2723.cern.ch&noUDP&sock=startd_5130_54ef>
	SlotName: slot1_24@b9g23p2723.cern.ch
	CondorScratchDir = "/pool/condor/dir_4142965"
	Cpus = 1
	Disk = 2964309
	Memory = 2000
...
006 (7187294.002.000) 08/26 13:11:45 Image size of job updated: 690756
	675  -  MemoryUsage of job (MB)
	690572  -  ResidentSetSize of job (KB)
...
006 (7187294.002.000) 08/26 13:16:45 Image size of job updated: 1132784
	933  -  MemoryUsage of job (MB)
	955028  -  ResidentSetSize of job (KB)
...
006 (7187294.002.000) 08/26 13:21:46 Image size of job updated: 1256948
	1207  -  MemoryUsage of job (MB)
	1235968  -  ResidentSetSize of job (KB)
...
006 (7187294.002.000) 08/26 13:26:46 Image size of job updated: 1510408
	1476  -  MemoryUsage of job (MB)
	1510408  -  ResidentSetSize of job (KB)
...
006 (7187294.002.000) 08/26 13:31:47 Image size of job updated: 1803172
	1745  -  MemoryUsage of job (MB)
	1786408  -  ResidentSetSize of job (KB)
...
006 (7187294.002.000) 08/26 13:36:47 Image size of job updated: 2134800
	2074  -  MemoryUsage of job (MB)
	2123508  -  ResidentSetSize of job (KB)
...
006 (7187294.002.000) 08/26 13:41:49 Image size of job updated: 2243164
	2149  -  MemoryUsage of job (MB)
	2200544  -  ResidentSetSize of job (KB)
...
006 (7187294.002.000) 08/26 13:46:49 Image size of job updated: 2243164
	2163  -  MemoryUsage of job (MB)
	2214612  -  ResidentSetSize of job (KB)
...
006 (7187294.002.000) 08/26 13:51:49 Image size of job updated: 3923236
	3832  -  MemoryUsage of job (MB)
	3923236  -  ResidentSetSize of job (KB)
...
006 (7187294.002.000) 08/26 13:56:50 Image size of job updated: 4217232
	4119  -  MemoryUsage of job (MB)
	4217232  -  ResidentSetSize of job (KB)
...
006 (7187294.002.000) 08/26 14:01:50 Image size of job updated: 4500468
	4395  -  MemoryUsage of job (MB)
	4500468  -  ResidentSetSize of job (KB)
...
006 (7187294.002.000) 08/26 14:06:51 Image size of job updated: 4779532
	4668  -  MemoryUsage of job (MB)
	4779532  -  ResidentSetSize of job (KB)
...
006 (7187294.002.000) 08/26 14:11:51 Image size of job updated: 5058188
	4940  -  MemoryUsage of job (MB)
	5058188  -  ResidentSetSize of job (KB)
...
006 (7187294.002.000) 08/26 14:16:52 Image size of job updated: 5331240
	5207  -  MemoryUsage of job (MB)
	5331240  -  ResidentSetSize of job (KB)
...
006 (7187294.002.000) 08/26 14:21:10 Image size of job updated: 5506608
	5207  -  MemoryUsage of job (MB)
	5331240  -  ResidentSetSize of job (KB)
...
040 (7187294.002.000) 08/26 14:21:10 Started transferring output files
...
040 (7187294.002.000) 08/26 14:21:10 Finished transferring output files
...
005 (7187294.002.000) 08/26 14:21:11 Job terminated.
	(1) Normal termination (return value 50)
		Usr 0 01:05:02, Sys 0 00:01:37  -  Run Remote Usage
		Usr 0 00:00:00, Sys 0 00:00:00  -  Run Local Usage
		Usr 0 01:05:02, Sys 0 00:01:37  -  Total Remote Usage
		Usr 0 00:00:00, Sys 0 00:00:00  -  Total Local Usage
	36496  -  Run Bytes Sent By Job
	2920  -  Run Bytes Received By Job
	36496  -  Total Bytes Sent By Job
	2920  -  Total Bytes Received By Job
	Partitionable Resources :      Usage  Request Allocated 
	   Cpus                 :       0.98        1         1 
	   Disk (KB)            : 2224633           3   2964309 
	   Memory (MB)          :    5207        2000      2000 

	Job terminated of its own accord at 2024-08-26T12:21:10Z with exit-code 50.
...
