000 (7187294.000.000) 08/26 07:55:49 Job submitted from host: <137.138.44.55:9618?addrs=137.138.44.55-9618+[2001-1458-d00-1a--48]-9618&alias=bigbird17.cern.ch&noUDP&sock=schedd_23962_8474>
...
040 (7187294.000.000) 08/26 13:11:34 Started transferring input files
	Transferring to host: <128.142.248.15:9618?addrs=128.142.248.15-9618+[2001-1458-301-73--100-ff]-9618&alias=b9g23p2723.cern.ch&noUDP&sock=slot1_3_3961800_404a_9305>
...
040 (7187294.000.000) 08/26 13:11:34 Finished transferring input files
...
001 (7187294.000.000) 08/26 13:11:35 Job executing on host: <128.142.248.15:9618?addrs=128.142.248.15-9618+[2001-1458-301-73--100-ff]-9618&alias=b9g23p2723.cern.ch&noUDP&sock=startd_5130_54ef>
	SlotName: slot1_3@b9g23p2723.cern.ch
	CondorScratchDir = "/pool/condor/dir_4142961"
	Cpus = 1
	Disk = 2964314
	Memory = 2000
...
006 (7187294.000.000) 08/26 13:11:45 Image size of job updated: 648744
	634  -  MemoryUsage of job (MB)
	648488  -  ResidentSetSize of job (KB)
...
006 (7187294.000.000) 08/26 13:16:45 Image size of job updated: 1135264
	916  -  MemoryUsage of job (MB)
	937700  -  ResidentSetSize of job (KB)
...
006 (7187294.000.000) 08/26 13:21:46 Image size of job updated: 1236044
	1178  -  MemoryUsage of job (MB)
	1205852  -  ResidentSetSize of job (KB)
...
006 (7187294.000.000) 08/26 13:26:46 Image size of job updated: 1493000
	1446  -  MemoryUsage of job (MB)
	1479700  -  ResidentSetSize of job (KB)
...
006 (7187294.000.000) 08/26 13:31:48 Image size of job updated: 1774952
	1734  -  MemoryUsage of job (MB)
	1774952  -  ResidentSetSize of job (KB)
...
006 (7187294.000.000) 08/26 13:36:48 Image size of job updated: 2103372
	2038  -  MemoryUsage of job (MB)
	2086504  -  ResidentSetSize of job (KB)
...
006 (7187294.000.000) 08/26 13:41:48 Image size of job updated: 2235776
	2139  -  MemoryUsage of job (MB)
	2189960  -  ResidentSetSize of job (KB)
...
006 (7187294.000.000) 08/26 13:46:49 Image size of job updated: 2235776
	2164  -  MemoryUsage of job (MB)
	2215484  -  ResidentSetSize of job (KB)
...
006 (7187294.000.000) 08/26 13:51:49 Image size of job updated: 3887868
	3797  -  MemoryUsage of job (MB)
	3887748  -  ResidentSetSize of job (KB)
...
006 (7187294.000.000) 08/26 13:56:50 Image size of job updated: 4177492
	4080  -  MemoryUsage of job (MB)
	4177272  -  ResidentSetSize of job (KB)
...
006 (7187294.000.000) 08/26 14:01:50 Image size of job updated: 4445568
	4342  -  MemoryUsage of job (MB)
	4445568  -  ResidentSetSize of job (KB)
...
006 (7187294.000.000) 08/26 14:06:51 Image size of job updated: 4749536
	4639  -  MemoryUsage of job (MB)
	4749536  -  ResidentSetSize of job (KB)
...
006 (7187294.000.000) 08/26 14:11:51 Image size of job updated: 5051588
	4934  -  MemoryUsage of job (MB)
	5051416  -  ResidentSetSize of job (KB)
...
006 (7187294.000.000) 08/26 14:16:52 Image size of job updated: 5348156
	5223  -  MemoryUsage of job (MB)
	5348156  -  ResidentSetSize of job (KB)
...
006 (7187294.000.000) 08/26 14:20:54 Image size of job updated: 5517948
	5223  -  MemoryUsage of job (MB)
	5348156  -  ResidentSetSize of job (KB)
...
040 (7187294.000.000) 08/26 14:20:54 Started transferring output files
...
040 (7187294.000.000) 08/26 14:20:54 Finished transferring output files
...
005 (7187294.000.000) 08/26 14:20:54 Job terminated.
	(1) Normal termination (return value 50)
		Usr 0 01:04:18, Sys 0 00:01:38  -  Run Remote Usage
		Usr 0 00:00:00, Sys 0 00:00:00  -  Run Local Usage
		Usr 0 01:04:18, Sys 0 00:01:38  -  Total Remote Usage
		Usr 0 00:00:00, Sys 0 00:00:00  -  Total Local Usage
	36495  -  Run Bytes Sent By Job
	2920  -  Run Bytes Received By Job
	36495  -  Total Bytes Sent By Job
	2920  -  Total Bytes Received By Job
	Partitionable Resources :      Usage  Request Allocated 
	   Cpus                 :       0.98        1         1 
	   Disk (KB)            : 2224633           3   2964314 
	   Memory (MB)          :    5223        2000      2000 

	Job terminated of its own accord at 2024-08-26T12:20:54Z with exit-code 50.
...
