000 (7186316.004.000) 08/22 15:33:46 Job submitted from host: <137.138.44.55:9618?addrs=137.138.44.55-9618+[2001-1458-d00-1a--48]-9618&alias=bigbird17.cern.ch&noUDP&sock=schedd_23962_8474>
...
040 (7186316.004.000) 08/23 01:33:03 Started transferring input files
	Transferring to host: <188.185.93.218:9618?addrs=188.185.93.218-9618+[2001-1458-d00-6c--100-34c]-9618&alias=b9g57n0991.cern.ch&noUDP&sock=slot1_1_14901_da37_105507>
...
040 (7186316.004.000) 08/23 01:33:03 Finished transferring input files
...
001 (7186316.004.000) 08/23 01:33:04 Job executing on host: <188.185.93.218:9618?addrs=188.185.93.218-9618+[2001-1458-d00-6c--100-34c]-9618&alias=b9g57n0991.cern.ch&noUDP&sock=startd_13927_5792>
	SlotName: slot1_1@b9g57n0991.cern.ch
	AvailableGPUs = { GPUs_GPU_481212f1 }
	CondorScratchDir = "/pool/condor/dir_322324"
	Cpus = 1
	Disk = 331697
	GPUs = 1
	GPUs_GPU_481212f1 = [ GlobalMemoryMb = 40326; MaxSupportedVersion = 12040; DriverVersion = 12.4; DeviceUuid = "481212f1-d5bc-e456-f450-346df9467bda"; DeviceName = "NVIDIA A100-PCIE-40GB"; CoresPerCU = 64; ECCEnabled = true; ComputeUnits = 108; ClockMhz = 1410.0; Id = "GPU-481212f1"; DevicePciBusId = "0000:06:00.0"; Capability = 8.0 ]
	Memory = 2000
...
006 (7186316.004.000) 08/23 01:33:13 Image size of job updated: 702504
	387  -  MemoryUsage of job (MB)
	395576  -  ResidentSetSize of job (KB)
...
006 (7186316.004.000) 08/23 01:38:13 Image size of job updated: 1002528
	902  -  MemoryUsage of job (MB)
	923184  -  ResidentSetSize of job (KB)
...
006 (7186316.004.000) 08/23 01:43:13 Image size of job updated: 3763236
	3676  -  MemoryUsage of job (MB)
	3763236  -  ResidentSetSize of job (KB)
...
006 (7186316.004.000) 08/23 01:48:14 Image size of job updated: 4238248
	4139  -  MemoryUsage of job (MB)
	4238248  -  ResidentSetSize of job (KB)
...
006 (7186316.004.000) 08/23 01:53:14 Image size of job updated: 4706764
	4597  -  MemoryUsage of job (MB)
	4706764  -  ResidentSetSize of job (KB)
...
006 (7186316.004.000) 08/23 01:58:14 Image size of job updated: 5175460
	5055  -  MemoryUsage of job (MB)
	5175460  -  ResidentSetSize of job (KB)
...
006 (7186316.004.000) 08/23 02:00:15 Image size of job updated: 5338472
	5055  -  MemoryUsage of job (MB)
	5175460  -  ResidentSetSize of job (KB)
...
040 (7186316.004.000) 08/23 02:00:15 Started transferring output files
...
040 (7186316.004.000) 08/23 02:00:15 Finished transferring output files
...
005 (7186316.004.000) 08/23 02:00:15 Job terminated.
	(1) Normal termination (return value 50)
		Usr 0 00:25:00, Sys 0 00:02:00  -  Run Remote Usage
		Usr 0 00:00:00, Sys 0 00:00:00  -  Run Local Usage
		Usr 0 00:25:00, Sys 0 00:02:00  -  Total Remote Usage
		Usr 0 00:00:00, Sys 0 00:00:00  -  Total Local Usage
	28337  -  Run Bytes Sent By Job
	2770  -  Run Bytes Received By Job
	28337  -  Total Bytes Sent By Job
	2770  -  Total Bytes Received By Job
	Partitionable Resources :      Usage  Request Allocated Assigned
	   Cpus                 :       1.00        1         1 
	   Disk (KB)            : 2032945           3    331697 
	   Gpus (Average)       :       0.01        1         1 "GPU-481212f1"
	   GpusMemory (MB)      :    1985                       
	   Memory (MB)          :    5055        2000      2000 

	Job terminated of its own accord at 2024-08-23T00:00:15Z with exit-code 50.
...
