000 (7234692.006.000) 10/04 05:18:48 Job submitted from host: <137.138.44.55:9618?addrs=137.138.44.55-9618+[2001-1458-d00-1a--48]-9618&alias=bigbird17.cern.ch&noUDP&sock=schedd_1981_6134>
...
040 (7234692.006.000) 10/05 00:01:45 Started transferring input files
	Transferring to host: <128.142.248.81:9618?addrs=128.142.248.81-9618+[2001-1458-301-73--100-141]-9618&alias=b9g23p3234.cern.ch&noUDP&sock=slot1_41_133542_2b70_41145>
...
040 (7234692.006.000) 10/05 00:01:45 Finished transferring input files
...
001 (7234692.006.000) 10/05 00:01:46 Job executing on host: <128.142.248.81:9618?addrs=128.142.248.81-9618+[2001-1458-301-73--100-141]-9618&alias=b9g23p3234.cern.ch&noUDP&sock=startd_2952_67aa>
	SlotName: slot1_41@b9g23p3234.cern.ch
	CondorScratchDir = "/pool/condor/dir_11626"
	Cpus = 1
	Disk = 2945052
	Memory = 2000
...
006 (7234692.006.000) 10/05 00:01:55 Image size of job updated: 722828
	706  -  MemoryUsage of job (MB)
	722784  -  ResidentSetSize of job (KB)
...
006 (7234692.006.000) 10/05 00:06:55 Image size of job updated: 879940
	712  -  MemoryUsage of job (MB)
	728788  -  ResidentSetSize of job (KB)
...
006 (7234692.006.000) 10/05 18:48:49 Image size of job updated: 1802372
	1761  -  MemoryUsage of job (MB)
	1802372  -  ResidentSetSize of job (KB)
...
006 (7234692.006.000) 10/05 18:53:50 Image size of job updated: 2059000
	1761  -  MemoryUsage of job (MB)
	1802628  -  ResidentSetSize of job (KB)
...
040 (7234692.006.000) 10/05 18:53:59 Started transferring output files
...
040 (7234692.006.000) 10/05 18:53:59 Finished transferring output files
...
005 (7234692.006.000) 10/05 18:53:59 Job terminated.
	(1) Normal termination (return value 50)
		Usr 0 18:18:31, Sys 0 00:12:29  -  Run Remote Usage
		Usr 0 00:00:00, Sys 0 00:00:00  -  Run Local Usage
		Usr 0 18:18:31, Sys 0 00:12:29  -  Total Remote Usage
		Usr 0 00:00:00, Sys 0 00:00:00  -  Total Local Usage
	97336  -  Run Bytes Sent By Job
	2403  -  Run Bytes Received By Job
	97336  -  Total Bytes Sent By Job
	2403  -  Total Bytes Received By Job
	Partitionable Resources :     Usage  Request Allocated 
	   Cpus                 :      0.99        1         1 
	   Disk (KB)            : 945915           3   2945052 
	   Memory (MB)          :   1761        2000      2000 

	Job terminated of its own accord at 2024-10-05T16:53:59Z with exit-code 50.
...
