000 (7186947.007.000) 08/25 10:08:51 Job submitted from host: <137.138.44.55:9618?addrs=137.138.44.55-9618+[2001-1458-d00-1a--48]-9618&alias=bigbird17.cern.ch&noUDP&sock=schedd_23962_8474>
...
040 (7186947.007.000) 08/25 10:14:39 Started transferring input files
	Transferring to host: <188.185.93.105:9618?addrs=188.185.93.105-9618+[2001-1458-d00-6c--100-242]-9618&alias=b9g57n8656.cern.ch&noUDP&sock=slot1_3_18300_c161_111019>
...
040 (7186947.007.000) 08/25 10:14:39 Finished transferring input files
...
001 (7186947.007.000) 08/25 10:14:40 Job executing on host: <188.185.93.105:9618?addrs=188.185.93.105-9618+[2001-1458-d00-6c--100-242]-9618&alias=b9g57n8656.cern.ch&noUDP&sock=startd_17874_a7e1>
	SlotName: slot1_3@b9g57n8656.cern.ch
	AvailableGPUs = { GPUs_GPU_486de2a4 }
	CondorScratchDir = "/pool/condor/dir_4170476"
	Cpus = 1
	Disk = 1466112
	GPUs = 1
	GPUs_GPU_486de2a4 = [ GlobalMemoryMb = 40326; MaxSupportedVersion = 12040; DriverVersion = 12.4; DeviceName = "NVIDIA A100-PCIE-40GB"; CoresPerCU = 64; ECCEnabled = true; ComputeUnits = 108; ClockMhz = 1410.0; Id = "GPU-486de2a4"; Capability = 8.0; DevicePciBusId = "0000:08:00.0"; DeviceUuid = "486de2a4-09f0-beaa-a3c7-aeb8fe4639c5" ]
	Memory = 2000
...
006 (7186947.007.000) 08/25 10:14:49 Image size of job updated: 1089220
	42  -  MemoryUsage of job (MB)
	42584  -  ResidentSetSize of job (KB)
...
040 (7186947.007.000) 08/25 10:15:06 Started transferring output files
...
040 (7186947.007.000) 08/25 10:15:06 Finished transferring output files
...
005 (7186947.007.000) 08/25 10:15:06 Job terminated.
	(1) Normal termination (return value 50)
		Usr 0 00:01:13, Sys 0 00:04:07  -  Run Remote Usage
		Usr 0 00:00:00, Sys 0 00:00:00  -  Run Local Usage
		Usr 0 00:01:13, Sys 0 00:04:07  -  Total Remote Usage
		Usr 0 00:00:00, Sys 0 00:00:00  -  Total Local Usage
	41617  -  Run Bytes Sent By Job
	2974  -  Run Bytes Received By Job
	41617  -  Total Bytes Sent By Job
	2974  -  Total Bytes Received By Job
	Partitionable Resources :    Usage  Request Allocated Assigned
	   Cpus                 :                 1         1 
	   Disk (KB)            :     8373        3   1466112 
	   Gpus (Average)       :                 1         1 "GPU-486de2a4"
	   Memory (MB)          :       42     2000      2000 

	Job terminated of its own accord at 2024-08-25T08:15:06Z with exit-code 50.
...
