000 (7187258.000.000) 08/26 07:55:14 Job submitted from host: <137.138.44.55:9618?addrs=137.138.44.55-9618+[2001-1458-d00-1a--48]-9618&alias=bigbird17.cern.ch&noUDP&sock=schedd_23962_8474>
...
040 (7187258.000.000) 08/26 11:01:37 Started transferring input files
	Transferring to host: <128.142.248.81:9618?addrs=128.142.248.81-9618+[2001-1458-301-73--100-141]-9618&alias=b9g23p3234.cern.ch&noUDP&sock=slot1_20_3493222_a91c_10573>
...
040 (7187258.000.000) 08/26 11:01:37 Finished transferring input files
...
001 (7187258.000.000) 08/26 11:01:38 Job executing on host: <128.142.248.81:9618?addrs=128.142.248.81-9618+[2001-1458-301-73--100-141]-9618&alias=b9g23p3234.cern.ch&noUDP&sock=startd_5923_4389>
	SlotName: slot1_20@b9g23p3234.cern.ch
	CondorScratchDir = "/pool/condor/dir_3895536"
	Cpus = 1
	Disk = 3104023
	Memory = 2000
...
006 (7187258.000.000) 08/26 11:01:47 Image size of job updated: 550292
	315  -  MemoryUsage of job (MB)
	322072  -  ResidentSetSize of job (KB)
...
006 (7187258.000.000) 08/26 11:06:47 Image size of job updated: 802680
	739  -  MemoryUsage of job (MB)
	755736  -  ResidentSetSize of job (KB)
...
006 (7187258.000.000) 08/26 11:11:48 Image size of job updated: 3493580
	3412  -  MemoryUsage of job (MB)
	3493580  -  ResidentSetSize of job (KB)
...
006 (7187258.000.000) 08/26 11:16:49 Image size of job updated: 3796668
	3708  -  MemoryUsage of job (MB)
	3796668  -  ResidentSetSize of job (KB)
...
006 (7187258.000.000) 08/26 11:21:49 Image size of job updated: 3868968
	3708  -  MemoryUsage of job (MB)
	3796668  -  ResidentSetSize of job (KB)
...
006 (7187258.000.000) 08/26 11:31:51 Image size of job updated: 3868968
	3720  -  MemoryUsage of job (MB)
	3808932  -  ResidentSetSize of job (KB)
...
006 (7187258.000.000) 08/26 11:36:51 Image size of job updated: 3954272
	3862  -  MemoryUsage of job (MB)
	3954272  -  ResidentSetSize of job (KB)
...
006 (7187258.000.000) 08/26 11:40:46 Image size of job updated: 4055696
	3862  -  MemoryUsage of job (MB)
	3954272  -  ResidentSetSize of job (KB)
...
040 (7187258.000.000) 08/26 11:40:46 Started transferring output files
...
040 (7187258.000.000) 08/26 11:40:46 Finished transferring output files
...
005 (7187258.000.000) 08/26 11:40:46 Job terminated.
	(1) Normal termination (return value 50)
		Usr 0 00:37:54, Sys 0 00:00:41  -  Run Remote Usage
		Usr 0 00:00:00, Sys 0 00:00:00  -  Run Local Usage
		Usr 0 00:37:54, Sys 0 00:00:41  -  Total Remote Usage
		Usr 0 00:00:00, Sys 0 00:00:00  -  Total Local Usage
	16689  -  Run Bytes Sent By Job
	2910  -  Run Bytes Received By Job
	16689  -  Total Bytes Sent By Job
	2910  -  Total Bytes Received By Job
	Partitionable Resources :      Usage  Request Allocated 
	   Cpus                 :       0.99        1         1 
	   Disk (KB)            : 1937996           3   3104023 
	   Memory (MB)          :    3862        2000      2000 

	Job terminated of its own accord at 2024-08-26T09:40:46Z with exit-code 50.
...
