000 (7217810.004.000) 09/23 13:21:43 Job submitted from host: <137.138.44.55:9618?addrs=137.138.44.55-9618+[2001-1458-d00-1a--48]-9618&alias=bigbird17.cern.ch&noUDP&sock=schedd_1981_6134>
...
040 (7217810.004.000) 09/24 10:26:35 Started transferring input files
	Transferring to host: <188.185.238.12:9618?addrs=188.185.238.12-9618+[2001-1458-303-28--100-8]-9618&alias=b9pgpun001.cern.ch&noUDP&sock=slot1_2_240309_2e05_32514>
...
040 (7217810.004.000) 09/24 10:26:35 Finished transferring input files
...
001 (7217810.004.000) 09/24 10:26:36 Job executing on host: <188.185.238.12:9618?addrs=188.185.238.12-9618+[2001-1458-303-28--100-8]-9618&alias=b9pgpun001.cern.ch&noUDP&sock=startd_240269_20b4>
	SlotName: slot1_2@b9pgpun001.cern.ch
	AvailableGPUs = { GPUs_GPU_8b6364bc }
	CondorScratchDir = "/pool/condor/dir_1630752"
	Cpus = 1
	Disk = 6875948
	GPUs = 1
	GPUs_GPU_8b6364bc = [ GlobalMemoryMb = 95235; MaxSupportedVersion = 12040; DriverVersion = 12.4; DeviceName = "NVIDIA H100 NVL"; CoresPerCU = 128; ECCEnabled = true; ComputeUnits = 132; ClockMhz = 1785.0; Id = "GPU-8b6364bc"; Capability = 9.0; DevicePciBusId = "0000:3B:00.0"; DeviceUuid = "8b6364bc-045c-d99d-b867-6ceb39f9bcba" ]
	Memory = 2000
...
006 (7217810.004.000) 09/24 10:26:44 Image size of job updated: 2442916
	1876  -  MemoryUsage of job (MB)
	1920592  -  ResidentSetSize of job (KB)
...
006 (7217810.004.000) 09/24 10:31:44 Image size of job updated: 2442916
	2189  -  MemoryUsage of job (MB)
	2241152  -  ResidentSetSize of job (KB)
...
006 (7217810.004.000) 09/24 10:36:45 Image size of job updated: 2442916
	2278  -  MemoryUsage of job (MB)
	2331796  -  ResidentSetSize of job (KB)
...
006 (7217810.004.000) 09/24 10:41:45 Image size of job updated: 2442916
	2309  -  MemoryUsage of job (MB)
	2363496  -  ResidentSetSize of job (KB)
...
006 (7217810.004.000) 09/24 10:46:45 Image size of job updated: 2442916
	2333  -  MemoryUsage of job (MB)
	2388780  -  ResidentSetSize of job (KB)
...
006 (7217810.004.000) 09/24 10:51:46 Image size of job updated: 2442916
	2346  -  MemoryUsage of job (MB)
	2401544  -  ResidentSetSize of job (KB)
...
006 (7217810.004.000) 09/24 10:56:46 Image size of job updated: 2442916
	2368  -  MemoryUsage of job (MB)
	2424728  -  ResidentSetSize of job (KB)
...
006 (7217810.004.000) 09/24 11:01:47 Image size of job updated: 2442916
	2374  -  MemoryUsage of job (MB)
	2430840  -  ResidentSetSize of job (KB)
...
006 (7217810.004.000) 09/24 11:06:47 Image size of job updated: 2442916
	2378  -  MemoryUsage of job (MB)
	2434860  -  ResidentSetSize of job (KB)
...
006 (7217810.004.000) 09/24 11:11:47 Image size of job updated: 2450248
	2386  -  MemoryUsage of job (MB)
	2442492  -  ResidentSetSize of job (KB)
...
006 (7217810.004.000) 09/24 11:16:48 Image size of job updated: 2468992
	2395  -  MemoryUsage of job (MB)
	2452156  -  ResidentSetSize of job (KB)
...
006 (7217810.004.000) 09/24 11:21:48 Image size of job updated: 2475396
	2402  -  MemoryUsage of job (MB)
	2459340  -  ResidentSetSize of job (KB)
...
006 (7217810.004.000) 09/24 11:26:48 Image size of job updated: 2477436
	2402  -  MemoryUsage of job (MB)
	2459592  -  ResidentSetSize of job (KB)
...
006 (7217810.004.000) 09/24 11:31:49 Image size of job updated: 2480432
	2419  -  MemoryUsage of job (MB)
	2476540  -  ResidentSetSize of job (KB)
...
006 (7217810.004.000) 09/24 11:36:49 Image size of job updated: 2495068
	2431  -  MemoryUsage of job (MB)
	2488688  -  ResidentSetSize of job (KB)
...
006 (7217810.004.000) 09/24 11:41:50 Image size of job updated: 2496468
	2431  -  MemoryUsage of job (MB)
	2488688  -  ResidentSetSize of job (KB)
...
006 (7217810.004.000) 09/24 11:46:51 Image size of job updated: 2502456
	2444  -  MemoryUsage of job (MB)
	2502456  -  ResidentSetSize of job (KB)
...
006 (7217810.004.000) 09/24 11:51:51 Image size of job updated: 2614252
	2550  -  MemoryUsage of job (MB)
	2610776  -  ResidentSetSize of job (KB)
...
006 (7217810.004.000) 09/24 11:56:52 Image size of job updated: 2777432
	2674  -  MemoryUsage of job (MB)
	2737500  -  ResidentSetSize of job (KB)
...
006 (7217810.004.000) 09/24 12:01:52 Image size of job updated: 3173884
	3087  -  MemoryUsage of job (MB)
	3160912  -  ResidentSetSize of job (KB)
...
006 (7217810.004.000) 09/24 12:06:52 Image size of job updated: 3591656
	3504  -  MemoryUsage of job (MB)
	3587944  -  ResidentSetSize of job (KB)
...
006 (7217810.004.000) 09/24 12:11:53 Image size of job updated: 6913740
	6752  -  MemoryUsage of job (MB)
	6913740  -  ResidentSetSize of job (KB)
...
006 (7217810.004.000) 09/24 12:16:53 Image size of job updated: 7628932
	7451  -  MemoryUsage of job (MB)
	7628932  -  ResidentSetSize of job (KB)
...
006 (7217810.004.000) 09/24 12:21:55 Image size of job updated: 8347424
	8152  -  MemoryUsage of job (MB)
	8347424  -  ResidentSetSize of job (KB)
...
006 (7217810.004.000) 09/24 12:26:55 Image size of job updated: 9065124
	8853  -  MemoryUsage of job (MB)
	9065124  -  ResidentSetSize of job (KB)
...
006 (7217810.004.000) 09/24 12:31:55 Image size of job updated: 9782264
	9553  -  MemoryUsage of job (MB)
	9782264  -  ResidentSetSize of job (KB)
...
006 (7217810.004.000) 09/24 12:33:33 Image size of job updated: 9947640
	9554  -  MemoryUsage of job (MB)
	9782520  -  ResidentSetSize of job (KB)
...
040 (7217810.004.000) 09/24 12:33:33 Started transferring output files
...
040 (7217810.004.000) 09/24 12:33:33 Finished transferring output files
...
005 (7217810.004.000) 09/24 12:33:33 Job terminated.
	(1) Normal termination (return value 50)
		Usr 0 02:05:47, Sys 0 00:01:14  -  Run Remote Usage
		Usr 0 00:00:00, Sys 0 00:00:00  -  Run Local Usage
		Usr 0 02:05:47, Sys 0 00:01:14  -  Total Remote Usage
		Usr 0 00:00:00, Sys 0 00:00:00  -  Total Local Usage
	85247  -  Run Bytes Sent By Job
	1416  -  Run Bytes Received By Job
	85247  -  Total Bytes Sent By Job
	1416  -  Total Bytes Received By Job
	Partitionable Resources :      Usage  Request Allocated Assigned
	   Cpus                 :       1.00        1         1 
	   Disk (KB)            : 5319987           2   6875948 
	   Gpus (Average)       :       0.00        1         1 "GPU-8b6364bc"
	   GpusMemory (MB)      :     599                       
	   Memory (MB)          :    9554        2000      2000 

	Job terminated of its own accord at 2024-09-24T10:33:33Z with exit-code 50.
...
