000 (7186292.003.000) 08/22 15:33:27 Job submitted from host: <137.138.44.55:9618?addrs=137.138.44.55-9618+[2001-1458-d00-1a--48]-9618&alias=bigbird17.cern.ch&noUDP&sock=schedd_23962_8474>
...
040 (7186292.003.000) 08/23 18:51:35 Started transferring input files
	Transferring to host: <128.142.248.81:9618?addrs=128.142.248.81-9618+[2001-1458-301-73--100-141]-9618&alias=b9g23p3234.cern.ch&noUDP&sock=slot1_54_3493222_a91c_6338>
...
040 (7186292.003.000) 08/23 18:51:35 Finished transferring input files
...
001 (7186292.003.000) 08/23 18:51:36 Job executing on host: <128.142.248.81:9618?addrs=128.142.248.81-9618+[2001-1458-301-73--100-141]-9618&alias=b9g23p3234.cern.ch&noUDP&sock=startd_5923_4389>
	SlotName: slot1_54@b9g23p3234.cern.ch
	CondorScratchDir = "/pool/condor/dir_2279920"
	Cpus = 1
	Disk = 3114651
	Memory = 2000
...
006 (7186292.003.000) 08/23 18:51:46 Image size of job updated: 486384
	296  -  MemoryUsage of job (MB)
	302112  -  ResidentSetSize of job (KB)
...
006 (7186292.003.000) 08/23 18:56:47 Image size of job updated: 486384
	361  -  MemoryUsage of job (MB)
	369064  -  ResidentSetSize of job (KB)
...
006 (7186292.003.000) 08/23 19:01:47 Image size of job updated: 3356872
	1695  -  MemoryUsage of job (MB)
	1735372  -  ResidentSetSize of job (KB)
...
006 (7186292.003.000) 08/23 19:11:48 Image size of job updated: 3356872
	1781  -  MemoryUsage of job (MB)
	1823356  -  ResidentSetSize of job (KB)
...
006 (7186292.003.000) 08/23 19:16:48 Image size of job updated: 3356872
	2010  -  MemoryUsage of job (MB)
	2058152  -  ResidentSetSize of job (KB)
...
040 (7186292.003.000) 08/23 19:48:00 Started transferring output files
...
040 (7186292.003.000) 08/23 19:48:00 Finished transferring output files
...
005 (7186292.003.000) 08/23 19:48:00 Job terminated.
	(1) Normal termination (return value 50)
		Usr 0 00:53:25, Sys 0 00:00:50  -  Run Remote Usage
		Usr 0 00:00:00, Sys 0 00:00:00  -  Run Local Usage
		Usr 0 00:53:25, Sys 0 00:00:50  -  Total Remote Usage
		Usr 0 00:00:00, Sys 0 00:00:00  -  Total Local Usage
	16848  -  Run Bytes Sent By Job
	2766  -  Run Bytes Received By Job
	16848  -  Total Bytes Sent By Job
	2766  -  Total Bytes Received By Job
	Partitionable Resources :      Usage  Request Allocated 
	   Cpus                 :       0.99        1         1 
	   Disk (KB)            : 1909009           3   3114651 
	   Memory (MB)          :    2010        2000      2000 

	Job terminated of its own accord at 2024-08-23T17:47:40Z with exit-code 50.
...
