000 (7186269.004.000) 08/22 15:33:08 Job submitted from host: <137.138.44.55:9618?addrs=137.138.44.55-9618+[2001-1458-d00-1a--48]-9618&alias=bigbird17.cern.ch&noUDP&sock=schedd_23962_8474>
...
040 (7186269.004.000) 08/22 15:50:02 Started transferring input files
	Transferring to host: <128.142.248.94:9618?addrs=128.142.248.94-9618+[2001-1458-301-73--100-14e]-9618&alias=b9g23p2790.cern.ch&noUDP&sock=slot1_50_5757_13c3_4821>
...
040 (7186269.004.000) 08/22 15:50:02 Finished transferring input files
...
001 (7186269.004.000) 08/22 15:50:03 Job executing on host: <128.142.248.94:9618?addrs=128.142.248.94-9618+[2001-1458-301-73--100-14e]-9618&alias=b9g23p2790.cern.ch&noUDP&sock=startd_4576_5577>
	SlotName: slot1_50@b9g23p2790.cern.ch
	CondorScratchDir = "/pool/condor/dir_2163608"
	Cpus = 1
	Disk = 2972704
	Memory = 2000
...
006 (7186269.004.000) 08/22 15:50:14 Image size of job updated: 360204
	352  -  MemoryUsage of job (MB)
	360164  -  ResidentSetSize of job (KB)
...
006 (7186269.004.000) 08/22 15:55:15 Image size of job updated: 658680
	443  -  MemoryUsage of job (MB)
	453552  -  ResidentSetSize of job (KB)
...
006 (7186269.004.000) 08/22 16:00:15 Image size of job updated: 3532968
	3451  -  MemoryUsage of job (MB)
	3532968  -  ResidentSetSize of job (KB)
...
006 (7186269.004.000) 08/22 16:05:16 Image size of job updated: 3815452
	3727  -  MemoryUsage of job (MB)
	3815452  -  ResidentSetSize of job (KB)
...
006 (7186269.004.000) 08/22 16:10:17 Image size of job updated: 4109628
	4014  -  MemoryUsage of job (MB)
	4109628  -  ResidentSetSize of job (KB)
...
006 (7186269.004.000) 08/22 16:15:17 Image size of job updated: 4390632
	4288  -  MemoryUsage of job (MB)
	4390632  -  ResidentSetSize of job (KB)
...
006 (7186269.004.000) 08/22 16:20:19 Image size of job updated: 4567060
	4461  -  MemoryUsage of job (MB)
	4567060  -  ResidentSetSize of job (KB)
...
006 (7186269.004.000) 08/22 16:25:19 Image size of job updated: 4824232
	4712  -  MemoryUsage of job (MB)
	4824232  -  ResidentSetSize of job (KB)
...
006 (7186269.004.000) 08/22 16:30:19 Image size of job updated: 5094092
	4975  -  MemoryUsage of job (MB)
	5094092  -  ResidentSetSize of job (KB)
...
006 (7186269.004.000) 08/22 16:35:20 Image size of job updated: 5361172
	5236  -  MemoryUsage of job (MB)
	5361172  -  ResidentSetSize of job (KB)
...
006 (7186269.004.000) 08/22 16:40:20 Image size of job updated: 5638780
	5507  -  MemoryUsage of job (MB)
	5638780  -  ResidentSetSize of job (KB)
...
006 (7186269.004.000) 08/22 16:45:20 Image size of job updated: 5893364
	5756  -  MemoryUsage of job (MB)
	5893364  -  ResidentSetSize of job (KB)
...
006 (7186269.004.000) 08/22 16:50:21 Image size of job updated: 6179620
	6035  -  MemoryUsage of job (MB)
	6179620  -  ResidentSetSize of job (KB)
...
006 (7186269.004.000) 08/22 16:55:21 Image size of job updated: 6458200
	6307  -  MemoryUsage of job (MB)
	6458200  -  ResidentSetSize of job (KB)
...
006 (7186269.004.000) 08/22 17:00:21 Image size of job updated: 6701528
	6464  -  MemoryUsage of job (MB)
	6618652  -  ResidentSetSize of job (KB)
...
006 (7186269.004.000) 08/22 17:04:07 Image size of job updated: 6701528
	6464  -  MemoryUsage of job (MB)
	6618908  -  ResidentSetSize of job (KB)
...
040 (7186269.004.000) 08/22 17:04:07 Started transferring output files
...
040 (7186269.004.000) 08/22 17:04:07 Finished transferring output files
...
005 (7186269.004.000) 08/22 17:04:07 Job terminated.
	(1) Normal termination (return value 50)
		Usr 0 01:04:51, Sys 0 00:00:43  -  Run Remote Usage
		Usr 0 00:00:00, Sys 0 00:00:00  -  Run Local Usage
		Usr 0 01:04:51, Sys 0 00:00:43  -  Total Remote Usage
		Usr 0 00:00:00, Sys 0 00:00:00  -  Total Local Usage
	18034  -  Run Bytes Sent By Job
	2785  -  Run Bytes Received By Job
	18034  -  Total Bytes Sent By Job
	2785  -  Total Bytes Received By Job
	Partitionable Resources :      Usage  Request Allocated 
	   Cpus                 :       0.94        1         1 
	   Disk (KB)            : 3661564           3   2972704 
	   Memory (MB)          :    6464        2000      2000 

	Job terminated of its own accord at 2024-08-22T15:04:07Z with exit-code 50.
...
