000 (7186312.007.000) 08/22 15:33:43 Job submitted from host: <137.138.44.55:9618?addrs=137.138.44.55-9618+[2001-1458-d00-1a--48]-9618&alias=bigbird17.cern.ch&noUDP&sock=schedd_23962_8474>
...
040 (7186312.007.000) 08/23 22:11:32 Started transferring input files
	Transferring to host: <128.142.248.197:9618?addrs=128.142.248.197-9618+[2001-1458-301-73--100-c4]-9618&alias=b9g23p2961.cern.ch&noUDP&sock=slot1_12_7499_794a_1208>
...
040 (7186312.007.000) 08/23 22:11:32 Finished transferring input files
...
001 (7186312.007.000) 08/23 22:11:33 Job executing on host: <128.142.248.197:9618?addrs=128.142.248.197-9618+[2001-1458-301-73--100-c4]-9618&alias=b9g23p2961.cern.ch&noUDP&sock=startd_5911_0866>
	SlotName: slot1_12@b9g23p2961.cern.ch
	CondorScratchDir = "/pool/condor/dir_1370819"
	Cpus = 1
	Disk = 3049120
	Memory = 2000
...
006 (7186312.007.000) 08/23 22:11:42 Image size of job updated: 587528
	333  -  MemoryUsage of job (MB)
	340900  -  ResidentSetSize of job (KB)
...
006 (7186312.007.000) 08/23 22:16:43 Image size of job updated: 616688
	578  -  MemoryUsage of job (MB)
	591872  -  ResidentSetSize of job (KB)
...
006 (7186312.007.000) 08/23 22:21:44 Image size of job updated: 745972
	663  -  MemoryUsage of job (MB)
	678056  -  ResidentSetSize of job (KB)
...
006 (7186312.007.000) 08/23 22:26:44 Image size of job updated: 838208
	816  -  MemoryUsage of job (MB)
	835132  -  ResidentSetSize of job (KB)
...
006 (7186312.007.000) 08/23 22:31:45 Image size of job updated: 911576
	870  -  MemoryUsage of job (MB)
	890488  -  ResidentSetSize of job (KB)
...
006 (7186312.007.000) 08/23 22:36:46 Image size of job updated: 982524
	926  -  MemoryUsage of job (MB)
	947480  -  ResidentSetSize of job (KB)
...
006 (7186312.007.000) 08/23 22:41:46 Image size of job updated: 1083116
	1058  -  MemoryUsage of job (MB)
	1083116  -  ResidentSetSize of job (KB)
...
006 (7186312.007.000) 08/23 22:46:47 Image size of job updated: 1336232
	1058  -  MemoryUsage of job (MB)
	1083116  -  ResidentSetSize of job (KB)
...
006 (7186312.007.000) 08/23 22:51:47 Image size of job updated: 1336232
	1091  -  MemoryUsage of job (MB)
	1117048  -  ResidentSetSize of job (KB)
...
006 (7186312.007.000) 08/23 22:56:47 Image size of job updated: 1336232
	1141  -  MemoryUsage of job (MB)
	1168152  -  ResidentSetSize of job (KB)
...
006 (7186312.007.000) 08/23 23:01:48 Image size of job updated: 1336232
	1191  -  MemoryUsage of job (MB)
	1219544  -  ResidentSetSize of job (KB)
...
006 (7186312.007.000) 08/23 23:36:51 Image size of job updated: 1336232
	1217  -  MemoryUsage of job (MB)
	1245188  -  ResidentSetSize of job (KB)
...
006 (7186312.007.000) 08/23 23:41:52 Image size of job updated: 3718920
	3632  -  MemoryUsage of job (MB)
	3718920  -  ResidentSetSize of job (KB)
...
006 (7186312.007.000) 08/23 23:46:52 Image size of job updated: 3944900
	3853  -  MemoryUsage of job (MB)
	3944900  -  ResidentSetSize of job (KB)
...
006 (7186312.007.000) 08/23 23:51:52 Image size of job updated: 4101204
	4006  -  MemoryUsage of job (MB)
	4101204  -  ResidentSetSize of job (KB)
...
006 (7186312.007.000) 08/23 23:56:53 Image size of job updated: 4270296
	4171  -  MemoryUsage of job (MB)
	4270296  -  ResidentSetSize of job (KB)
...
006 (7186312.007.000) 08/24 00:01:53 Image size of job updated: 4439100
	4336  -  MemoryUsage of job (MB)
	4439100  -  ResidentSetSize of job (KB)
...
006 (7186312.007.000) 08/24 00:06:54 Image size of job updated: 4611840
	4504  -  MemoryUsage of job (MB)
	4611840  -  ResidentSetSize of job (KB)
...
006 (7186312.007.000) 08/24 00:11:55 Image size of job updated: 4773028
	4662  -  MemoryUsage of job (MB)
	4773028  -  ResidentSetSize of job (KB)
...
006 (7186312.007.000) 08/24 00:16:55 Image size of job updated: 4926888
	4812  -  MemoryUsage of job (MB)
	4926888  -  ResidentSetSize of job (KB)
...
006 (7186312.007.000) 08/24 00:21:56 Image size of job updated: 5072760
	4954  -  MemoryUsage of job (MB)
	5072760  -  ResidentSetSize of job (KB)
...
006 (7186312.007.000) 08/24 00:26:56 Image size of job updated: 5221700
	5100  -  MemoryUsage of job (MB)
	5221700  -  ResidentSetSize of job (KB)
...
006 (7186312.007.000) 08/24 00:31:56 Image size of job updated: 5370620
	5245  -  MemoryUsage of job (MB)
	5370620  -  ResidentSetSize of job (KB)
...
006 (7186312.007.000) 08/24 00:36:57 Image size of job updated: 5539656
	5410  -  MemoryUsage of job (MB)
	5539656  -  ResidentSetSize of job (KB)
...
006 (7186312.007.000) 08/24 00:41:57 Image size of job updated: 5691416
	5559  -  MemoryUsage of job (MB)
	5691416  -  ResidentSetSize of job (KB)
...
006 (7186312.007.000) 08/24 00:46:58 Image size of job updated: 5839516
	5703  -  MemoryUsage of job (MB)
	5839516  -  ResidentSetSize of job (KB)
...
006 (7186312.007.000) 08/24 00:51:59 Image size of job updated: 5987728
	5848  -  MemoryUsage of job (MB)
	5987728  -  ResidentSetSize of job (KB)
...
006 (7186312.007.000) 08/24 00:56:59 Image size of job updated: 6143716
	6000  -  MemoryUsage of job (MB)
	6143716  -  ResidentSetSize of job (KB)
...
006 (7186312.007.000) 08/24 01:02:00 Image size of job updated: 6301860
	6155  -  MemoryUsage of job (MB)
	6301860  -  ResidentSetSize of job (KB)
...
006 (7186312.007.000) 08/24 01:07:00 Image size of job updated: 6456740
	6306  -  MemoryUsage of job (MB)
	6456740  -  ResidentSetSize of job (KB)
...
006 (7186312.007.000) 08/24 01:12:00 Image size of job updated: 6620992
	6466  -  MemoryUsage of job (MB)
	6620992  -  ResidentSetSize of job (KB)
...
006 (7186312.007.000) 08/24 01:17:01 Image size of job updated: 6775092
	6617  -  MemoryUsage of job (MB)
	6775092  -  ResidentSetSize of job (KB)
...
006 (7186312.007.000) 08/24 01:22:01 Image size of job updated: 6935180
	6773  -  MemoryUsage of job (MB)
	6935068  -  ResidentSetSize of job (KB)
...
006 (7186312.007.000) 08/24 01:27:02 Image size of job updated: 7084412
	6919  -  MemoryUsage of job (MB)
	7084412  -  ResidentSetSize of job (KB)
...
006 (7186312.007.000) 08/24 01:32:03 Image size of job updated: 7235936
	7067  -  MemoryUsage of job (MB)
	7235936  -  ResidentSetSize of job (KB)
...
006 (7186312.007.000) 08/24 01:37:03 Image size of job updated: 7389972
	7217  -  MemoryUsage of job (MB)
	7389972  -  ResidentSetSize of job (KB)
...
006 (7186312.007.000) 08/24 01:42:04 Image size of job updated: 7540004
	7364  -  MemoryUsage of job (MB)
	7540004  -  ResidentSetSize of job (KB)
...
006 (7186312.007.000) 08/24 01:47:04 Image size of job updated: 7688176
	7508  -  MemoryUsage of job (MB)
	7688176  -  ResidentSetSize of job (KB)
...
006 (7186312.007.000) 08/24 01:52:04 Image size of job updated: 7834696
	7652  -  MemoryUsage of job (MB)
	7834696  -  ResidentSetSize of job (KB)
...
006 (7186312.007.000) 08/24 01:57:05 Image size of job updated: 7984220
	7798  -  MemoryUsage of job (MB)
	7984220  -  ResidentSetSize of job (KB)
...
006 (7186312.007.000) 08/24 02:02:05 Image size of job updated: 8134688
	7945  -  MemoryUsage of job (MB)
	8134688  -  ResidentSetSize of job (KB)
...
006 (7186312.007.000) 08/24 02:07:06 Image size of job updated: 8286456
	8093  -  MemoryUsage of job (MB)
	8286456  -  ResidentSetSize of job (KB)
...
006 (7186312.007.000) 08/24 02:12:07 Image size of job updated: 8439364
	8242  -  MemoryUsage of job (MB)
	8439364  -  ResidentSetSize of job (KB)
...
006 (7186312.007.000) 08/24 02:17:07 Image size of job updated: 8608724
	8407  -  MemoryUsage of job (MB)
	8608724  -  ResidentSetSize of job (KB)
...
006 (7186312.007.000) 08/24 02:22:09 Image size of job updated: 8775076
	8570  -  MemoryUsage of job (MB)
	8775076  -  ResidentSetSize of job (KB)
...
006 (7186312.007.000) 08/24 02:27:09 Image size of job updated: 8926884
	8718  -  MemoryUsage of job (MB)
	8926844  -  ResidentSetSize of job (KB)
...
006 (7186312.007.000) 08/24 02:32:09 Image size of job updated: 9074484
	8862  -  MemoryUsage of job (MB)
	9074484  -  ResidentSetSize of job (KB)
...
006 (7186312.007.000) 08/24 02:37:10 Image size of job updated: 9219100
	9003  -  MemoryUsage of job (MB)
	9218856  -  ResidentSetSize of job (KB)
...
006 (7186312.007.000) 08/24 02:42:10 Image size of job updated: 9359616
	9141  -  MemoryUsage of job (MB)
	9359616  -  ResidentSetSize of job (KB)
...
006 (7186312.007.000) 08/24 02:47:11 Image size of job updated: 9497192
	9275  -  MemoryUsage of job (MB)
	9497192  -  ResidentSetSize of job (KB)
...
006 (7186312.007.000) 08/24 02:52:12 Image size of job updated: 9634956
	9410  -  MemoryUsage of job (MB)
	9634956  -  ResidentSetSize of job (KB)
...
006 (7186312.007.000) 08/24 02:57:12 Image size of job updated: 9774804
	9546  -  MemoryUsage of job (MB)
	9774804  -  ResidentSetSize of job (KB)
...
006 (7186312.007.000) 08/24 03:02:13 Image size of job updated: 9917512
	9686  -  MemoryUsage of job (MB)
	9917512  -  ResidentSetSize of job (KB)
...
006 (7186312.007.000) 08/24 03:07:13 Image size of job updated: 10068904
	9833  -  MemoryUsage of job (MB)
	10068904  -  ResidentSetSize of job (KB)
...
006 (7186312.007.000) 08/24 03:12:13 Image size of job updated: 10215200
	9976  -  MemoryUsage of job (MB)
	10215200  -  ResidentSetSize of job (KB)
...
006 (7186312.007.000) 08/24 03:17:14 Image size of job updated: 10363532
	10121  -  MemoryUsage of job (MB)
	10363532  -  ResidentSetSize of job (KB)
...
006 (7186312.007.000) 08/24 03:22:14 Image size of job updated: 10513036
	10267  -  MemoryUsage of job (MB)
	10513036  -  ResidentSetSize of job (KB)
...
006 (7186312.007.000) 08/24 03:27:16 Image size of job updated: 10675968
	10426  -  MemoryUsage of job (MB)
	10675968  -  ResidentSetSize of job (KB)
...
006 (7186312.007.000) 08/24 03:32:16 Image size of job updated: 10761652
	10426  -  MemoryUsage of job (MB)
	10675968  -  ResidentSetSize of job (KB)
...
040 (7186312.007.000) 08/24 03:34:20 Started transferring output files
...
040 (7186312.007.000) 08/24 03:34:20 Finished transferring output files
...
005 (7186312.007.000) 08/24 03:34:20 Job terminated.
	(1) Normal termination (return value 50)
		Usr 0 05:16:23, Sys 0 00:02:00  -  Run Remote Usage
		Usr 0 00:00:00, Sys 0 00:00:00  -  Run Local Usage
		Usr 0 05:16:23, Sys 0 00:02:00  -  Total Remote Usage
		Usr 0 00:00:00, Sys 0 00:00:00  -  Total Local Usage
	33029  -  Run Bytes Sent By Job
	2769  -  Run Bytes Received By Job
	33029  -  Total Bytes Sent By Job
	2769  -  Total Bytes Received By Job
	Partitionable Resources :      Usage  Request Allocated 
	   Cpus                 :       0.99        1         1 
	   Disk (KB)            : 7585826           3   3049120 
	   Memory (MB)          :   10426        2000      2000 

	Job terminated of its own accord at 2024-08-24T01:34:20Z with exit-code 50.
...
