000 (7223601.000.000) 09/25 06:46:14 Job submitted from host: <137.138.44.55:9618?addrs=137.138.44.55-9618+[2001-1458-d00-1a--48]-9618&alias=bigbird17.cern.ch&noUDP&sock=schedd_1981_6134>
...
040 (7223601.000.000) 09/26 18:19:25 Entered queue to transfer input files
	Transferring to host: <188.185.238.12:9618?addrs=188.185.238.12-9618+[2001-1458-303-28--100-8]-9618&alias=b9pgpun001.cern.ch&noUDP&sock=slot1_1_240309_2e05_34528>
...
040 (7223601.000.000) 09/26 19:06:31 Started transferring input files
	Seconds spent in queue: 2826
...
040 (7223601.000.000) 09/26 19:06:31 Finished transferring input files
...
001 (7223601.000.000) 09/26 19:06:33 Job executing on host: <188.185.238.12:9618?addrs=188.185.238.12-9618+[2001-1458-303-28--100-8]-9618&alias=b9pgpun001.cern.ch&noUDP&sock=startd_240269_20b4>
	SlotName: slot1_1@b9pgpun001.cern.ch
	AvailableGPUs = { GPUs_GPU_ba8f5d65 }
	CondorScratchDir = "/pool/condor/dir_2266640"
	Cpus = 1
	Disk = 6850178
	GPUs = 1
	GPUs_GPU_ba8f5d65 = [ GlobalMemoryMb = 95235; MaxSupportedVersion = 12040; DriverVersion = 12.4; DeviceName = "NVIDIA H100 NVL"; CoresPerCU = 128; ECCEnabled = true; ComputeUnits = 132; ClockMhz = 1785.0; Id = "GPU-ba8f5d65"; Capability = 9.0; DevicePciBusId = "0000:3A:00.0"; DeviceUuid = "ba8f5d65-a6fb-796f-67a2-9d19bc987566" ]
	Memory = 2000
...
006 (7223601.000.000) 09/26 19:06:42 Image size of job updated: 2982932
	2913  -  MemoryUsage of job (MB)
	2982856  -  ResidentSetSize of job (KB)
...
006 (7223601.000.000) 09/26 19:11:44 Image size of job updated: 21639912
	21132  -  MemoryUsage of job (MB)
	21638616  -  ResidentSetSize of job (KB)
...
006 (7223601.000.000) 09/26 19:16:45 Image size of job updated: 21778616
	21261  -  MemoryUsage of job (MB)
	21770360  -  ResidentSetSize of job (KB)
...
006 (7223601.000.000) 09/26 19:23:17 Image size of job updated: 21835576
	21317  -  MemoryUsage of job (MB)
	21828236  -  ResidentSetSize of job (KB)
...
006 (7223601.000.000) 09/26 19:28:04 Image size of job updated: 21902212
	21386  -  MemoryUsage of job (MB)
	21899072  -  ResidentSetSize of job (KB)
...
006 (7223601.000.000) 09/26 19:33:05 Image size of job updated: 21958392
	21439  -  MemoryUsage of job (MB)
	21953132  -  ResidentSetSize of job (KB)
...
006 (7223601.000.000) 09/26 19:38:05 Image size of job updated: 22059836
	21542  -  MemoryUsage of job (MB)
	22058104  -  ResidentSetSize of job (KB)
...
006 (7223601.000.000) 09/26 19:43:06 Image size of job updated: 22085124
	21568  -  MemoryUsage of job (MB)
	22085124  -  ResidentSetSize of job (KB)
...
006 (7223601.000.000) 09/26 19:48:07 Image size of job updated: 22085172
	21568  -  MemoryUsage of job (MB)
	22085124  -  ResidentSetSize of job (KB)
...
006 (7223601.000.000) 09/26 19:53:08 Image size of job updated: 22183824
	21661  -  MemoryUsage of job (MB)
	22180688  -  ResidentSetSize of job (KB)
...
006 (7223601.000.000) 09/26 19:58:07 Image size of job updated: 22278132
	21751  -  MemoryUsage of job (MB)
	22272556  -  ResidentSetSize of job (KB)
...
006 (7223601.000.000) 09/26 20:03:08 Image size of job updated: 22323908
	21794  -  MemoryUsage of job (MB)
	22316916  -  ResidentSetSize of job (KB)
...
006 (7223601.000.000) 09/26 20:08:09 Image size of job updated: 22421228
	21890  -  MemoryUsage of job (MB)
	22414764  -  ResidentSetSize of job (KB)
...
006 (7223601.000.000) 09/26 20:13:09 Image size of job updated: 22458092
	21928  -  MemoryUsage of job (MB)
	22453580  -  ResidentSetSize of job (KB)
...
006 (7223601.000.000) 09/26 20:18:10 Image size of job updated: 22477312
	21940  -  MemoryUsage of job (MB)
	22465908  -  ResidentSetSize of job (KB)
...
006 (7223601.000.000) 09/26 20:23:11 Image size of job updated: 22548636
	22004  -  MemoryUsage of job (MB)
	22531136  -  ResidentSetSize of job (KB)
...
006 (7223601.000.000) 09/26 20:28:12 Image size of job updated: 22649280
	22115  -  MemoryUsage of job (MB)
	22645228  -  ResidentSetSize of job (KB)
...
006 (7223601.000.000) 09/26 20:33:11 Image size of job updated: 22681024
	22145  -  MemoryUsage of job (MB)
	22676152  -  ResidentSetSize of job (KB)
...
006 (7223601.000.000) 09/26 20:38:12 Image size of job updated: 22700052
	22164  -  MemoryUsage of job (MB)
	22695772  -  ResidentSetSize of job (KB)
...
006 (7223601.000.000) 09/26 20:43:13 Image size of job updated: 22814624
	22237  -  MemoryUsage of job (MB)
	22770580  -  ResidentSetSize of job (KB)
...
006 (7223601.000.000) 09/26 20:48:12 Image size of job updated: 22841032
	22300  -  MemoryUsage of job (MB)
	22834560  -  ResidentSetSize of job (KB)
...
006 (7223601.000.000) 09/26 20:53:13 Image size of job updated: 22895392
	22344  -  MemoryUsage of job (MB)
	22879324  -  ResidentSetSize of job (KB)
...
006 (7223601.000.000) 09/26 20:58:14 Image size of job updated: 22921384
	22379  -  MemoryUsage of job (MB)
	22915936  -  ResidentSetSize of job (KB)
...
006 (7223601.000.000) 09/26 21:03:15 Image size of job updated: 23075920
	22528  -  MemoryUsage of job (MB)
	23068628  -  ResidentSetSize of job (KB)
...
006 (7223601.000.000) 09/26 21:08:14 Image size of job updated: 23209536
	22652  -  MemoryUsage of job (MB)
	23195484  -  ResidentSetSize of job (KB)
...
006 (7223601.000.000) 09/26 21:13:15 Image size of job updated: 23229204
	22677  -  MemoryUsage of job (MB)
	23220268  -  ResidentSetSize of job (KB)
...
006 (7223601.000.000) 09/26 21:18:16 Image size of job updated: 23343872
	22789  -  MemoryUsage of job (MB)
	23335736  -  ResidentSetSize of job (KB)
...
006 (7223601.000.000) 09/26 21:23:15 Image size of job updated: 23428940
	22875  -  MemoryUsage of job (MB)
	23423432  -  ResidentSetSize of job (KB)
...
006 (7223601.000.000) 09/26 21:32:48 Image size of job updated: 23537676
	22985  -  MemoryUsage of job (MB)
	23536348  -  ResidentSetSize of job (KB)
...
006 (7223601.000.000) 09/26 21:46:40 Image size of job updated: 23967876
	23407  -  MemoryUsage of job (MB)
	23967876  -  ResidentSetSize of job (KB)
...
006 (7223601.000.000) 09/26 21:57:48 Image size of job updated: 24147148
	23581  -  MemoryUsage of job (MB)
	24146864  -  ResidentSetSize of job (KB)
...
006 (7223601.000.000) 09/26 22:05:23 Image size of job updated: 24531536
	23952  -  MemoryUsage of job (MB)
	24526596  -  ResidentSetSize of job (KB)
...
006 (7223601.000.000) 09/26 22:11:56 Image size of job updated: 25396144
	24665  -  MemoryUsage of job (MB)
	25256316  -  ResidentSetSize of job (KB)
...
006 (7223601.000.000) 09/26 22:16:57 Image size of job updated: 25494884
	24890  -  MemoryUsage of job (MB)
	25486976  -  ResidentSetSize of job (KB)
...
006 (7223601.000.000) 09/26 22:21:58 Image size of job updated: 25785436
	25182  -  MemoryUsage of job (MB)
	25785436  -  ResidentSetSize of job (KB)
...
006 (7223601.000.000) 09/26 22:26:59 Image size of job updated: 26232928
	25619  -  MemoryUsage of job (MB)
	26232928  -  ResidentSetSize of job (KB)
...
006 (7223601.000.000) 09/26 22:31:58 Image size of job updated: 26450544
	25620  -  MemoryUsage of job (MB)
	26234464  -  ResidentSetSize of job (KB)
...
006 (7223601.000.000) 09/26 22:36:59 Image size of job updated: 26450544
	25656  -  MemoryUsage of job (MB)
	26271176  -  ResidentSetSize of job (KB)
...
006 (7223601.000.000) 09/26 22:42:00 Image size of job updated: 27353312
	26713  -  MemoryUsage of job (MB)
	27353312  -  ResidentSetSize of job (KB)
...
006 (7223601.000.000) 09/26 22:45:53 Image size of job updated: 28110792
	26715  -  MemoryUsage of job (MB)
	27355872  -  ResidentSetSize of job (KB)
...
040 (7223601.000.000) 09/26 22:45:59 Entered queue to transfer output files
...
040 (7223601.000.000) 09/26 22:46:33 Started transferring output files
	Seconds spent in queue: 16028
...
040 (7223601.000.000) 09/26 22:46:33 Finished transferring output files
...
005 (7223601.000.000) 09/26 22:46:33 Job terminated.
	(1) Normal termination (return value 50)
		Usr 0 03:34:52, Sys 0 00:14:50  -  Run Remote Usage
		Usr 0 00:00:00, Sys 0 00:00:00  -  Run Local Usage
		Usr 0 03:34:52, Sys 0 00:14:50  -  Total Remote Usage
		Usr 0 00:00:00, Sys 0 00:00:00  -  Total Local Usage
	420343  -  Run Bytes Sent By Job
	1407  -  Run Bytes Received By Job
	420343  -  Total Bytes Sent By Job
	1407  -  Total Bytes Received By Job
	Partitionable Resources :       Usage  Request Allocated Assigned
	   Cpus                 :        1.00        1         1 
	   Disk (KB)            : 24558821           2   6850178 
	   Gpus (Average)       :        0.00        1         1 "GPU-ba8f5d65"
	   GpusMemory (MB)      :      599                       
	   Memory (MB)          :    26715        2000      2000 

	Job terminated of its own accord at 2024-09-26T20:45:53Z with exit-code 50.
...
