000 (7187231.000.000) 08/26 07:54:56 Job submitted from host: <137.138.44.55:9618?addrs=137.138.44.55-9618+[2001-1458-d00-1a--48]-9618&alias=bigbird17.cern.ch&noUDP&sock=schedd_23962_8474>
...
040 (7187231.000.000) 08/26 07:55:18 Started transferring input files
	Transferring to host: <128.142.248.123:9618?addrs=128.142.248.123-9618+[2001-1458-301-73--100-16b]-9618&alias=b9g23p2657.cern.ch&noUDP&sock=slot1_3_1296705_ba53_8122>
...
040 (7187231.000.000) 08/26 07:55:18 Finished transferring input files
...
001 (7187231.000.000) 08/26 07:55:19 Job executing on host: <128.142.248.123:9618?addrs=128.142.248.123-9618+[2001-1458-301-73--100-16b]-9618&alias=b9g23p2657.cern.ch&noUDP&sock=startd_3078_d498>
	SlotName: slot1_3@b9g23p2657.cern.ch
	CondorScratchDir = "/pool/condor/dir_186001"
	Cpus = 1
	Disk = 2992563
	Memory = 2000
...
006 (7187231.000.000) 08/26 07:55:28 Image size of job updated: 496100
	298  -  MemoryUsage of job (MB)
	304552  -  ResidentSetSize of job (KB)
...
006 (7187231.000.000) 08/26 08:00:10 Image size of job updated: 4759608
	1524  -  MemoryUsage of job (MB)
	1560080  -  ResidentSetSize of job (KB)
...
040 (7187231.000.000) 08/26 08:00:10 Started transferring output files
...
040 (7187231.000.000) 08/26 08:00:10 Finished transferring output files
...
005 (7187231.000.000) 08/26 08:00:10 Job terminated.
	(1) Normal termination (return value 50)
		Usr 0 00:04:28, Sys 0 00:00:12  -  Run Remote Usage
		Usr 0 00:00:00, Sys 0 00:00:00  -  Run Local Usage
		Usr 0 00:04:28, Sys 0 00:00:12  -  Total Remote Usage
		Usr 0 00:00:00, Sys 0 00:00:00  -  Total Local Usage
	15458  -  Run Bytes Sent By Job
	2926  -  Run Bytes Received By Job
	15458  -  Total Bytes Sent By Job
	2926  -  Total Bytes Received By Job
	Partitionable Resources :    Usage  Request Allocated 
	   Cpus                 :                 1         1 
	   Disk (KB)            :   296357        3   2992563 
	   Memory (MB)          :     1524     2000      2000 

	Job terminated of its own accord at 2024-08-26T06:00:10Z with exit-code 50.
...
