000 (7187348.006.000) 08/26 07:58:31 Job submitted from host: <137.138.44.55:9618?addrs=137.138.44.55-9618+[2001-1458-d00-1a--48]-9618&alias=bigbird17.cern.ch&noUDP&sock=schedd_23962_8474>
...
040 (7187348.006.000) 08/26 16:11:05 Started transferring input files
	Transferring to host: <128.142.248.15:9618?addrs=128.142.248.15-9618+[2001-1458-301-73--100-ff]-9618&alias=b9g23p2723.cern.ch&noUDP&sock=slot1_26_3961800_404a_9434>
...
040 (7187348.006.000) 08/26 16:11:05 Finished transferring input files
...
001 (7187348.006.000) 08/26 16:11:06 Job executing on host: <128.142.248.15:9618?addrs=128.142.248.15-9618+[2001-1458-301-73--100-ff]-9618&alias=b9g23p2723.cern.ch&noUDP&sock=startd_5130_54ef>
	SlotName: slot1_26@b9g23p2723.cern.ch
	CondorScratchDir = "/pool/condor/dir_756193"
	Cpus = 1
	Disk = 2959271
	Memory = 2000
...
006 (7187348.006.000) 08/26 16:11:15 Image size of job updated: 757808
	740  -  MemoryUsage of job (MB)
	757320  -  ResidentSetSize of job (KB)
...
006 (7187348.006.000) 08/26 16:16:16 Image size of job updated: 1000588
	744  -  MemoryUsage of job (MB)
	760868  -  ResidentSetSize of job (KB)
...
006 (7187348.006.000) 08/26 16:21:16 Image size of job updated: 1000588
	744  -  MemoryUsage of job (MB)
	761688  -  ResidentSetSize of job (KB)
...
006 (7187348.006.000) 08/26 16:26:17 Image size of job updated: 1000588
	756  -  MemoryUsage of job (MB)
	773288  -  ResidentSetSize of job (KB)
...
006 (7187348.006.000) 08/26 16:36:18 Image size of job updated: 1000588
	772  -  MemoryUsage of job (MB)
	790224  -  ResidentSetSize of job (KB)
...
006 (7187348.006.000) 08/26 16:41:18 Image size of job updated: 1000588
	785  -  MemoryUsage of job (MB)
	803640  -  ResidentSetSize of job (KB)
...
006 (7187348.006.000) 08/26 16:46:19 Image size of job updated: 1000588
	794  -  MemoryUsage of job (MB)
	813016  -  ResidentSetSize of job (KB)
...
006 (7187348.006.000) 08/26 16:51:19 Image size of job updated: 1000588
	830  -  MemoryUsage of job (MB)
	849512  -  ResidentSetSize of job (KB)
...
006 (7187348.006.000) 08/26 16:56:20 Image size of job updated: 1000588
	850  -  MemoryUsage of job (MB)
	869492  -  ResidentSetSize of job (KB)
...
006 (7187348.006.000) 08/26 17:01:20 Image size of job updated: 1000588
	850  -  MemoryUsage of job (MB)
	870260  -  ResidentSetSize of job (KB)
...
006 (7187348.006.000) 08/26 17:06:21 Image size of job updated: 1000588
	889  -  MemoryUsage of job (MB)
	909540  -  ResidentSetSize of job (KB)
...
006 (7187348.006.000) 08/26 17:11:21 Image size of job updated: 1000588
	901  -  MemoryUsage of job (MB)
	921796  -  ResidentSetSize of job (KB)
...
006 (7187348.006.000) 08/26 17:16:22 Image size of job updated: 1000588
	909  -  MemoryUsage of job (MB)
	930604  -  ResidentSetSize of job (KB)
...
006 (7187348.006.000) 08/26 17:21:22 Image size of job updated: 1000588
	921  -  MemoryUsage of job (MB)
	942196  -  ResidentSetSize of job (KB)
...
006 (7187348.006.000) 08/26 17:26:23 Image size of job updated: 1000588
	932  -  MemoryUsage of job (MB)
	954004  -  ResidentSetSize of job (KB)
...
006 (7187348.006.000) 08/26 17:31:24 Image size of job updated: 1000588
	951  -  MemoryUsage of job (MB)
	973008  -  ResidentSetSize of job (KB)
...
006 (7187348.006.000) 08/26 17:36:24 Image size of job updated: 1000588
	952  -  MemoryUsage of job (MB)
	974032  -  ResidentSetSize of job (KB)
...
006 (7187348.006.000) 08/26 17:46:25 Image size of job updated: 1000588
	953  -  MemoryUsage of job (MB)
	975136  -  ResidentSetSize of job (KB)
...
006 (7187348.006.000) 08/26 17:51:25 Image size of job updated: 1000588
	953  -  MemoryUsage of job (MB)
	975184  -  ResidentSetSize of job (KB)
...
006 (7187348.006.000) 08/26 17:56:25 Image size of job updated: 1000588
	955  -  MemoryUsage of job (MB)
	977596  -  ResidentSetSize of job (KB)
...
006 (7187348.006.000) 08/26 18:01:26 Image size of job updated: 1000588
	958  -  MemoryUsage of job (MB)
	980508  -  ResidentSetSize of job (KB)
...
006 (7187348.006.000) 08/26 18:06:26 Image size of job updated: 1000588
	959  -  MemoryUsage of job (MB)
	981448  -  ResidentSetSize of job (KB)
...
006 (7187348.006.000) 08/26 18:11:27 Image size of job updated: 1000588
	959  -  MemoryUsage of job (MB)
	981768  -  ResidentSetSize of job (KB)
...
006 (7187348.006.000) 08/26 18:16:27 Image size of job updated: 1000588
	961  -  MemoryUsage of job (MB)
	983336  -  ResidentSetSize of job (KB)
...
006 (7187348.006.000) 08/26 18:21:28 Image size of job updated: 1000588
	963  -  MemoryUsage of job (MB)
	985532  -  ResidentSetSize of job (KB)
...
006 (7187348.006.000) 08/26 18:26:28 Image size of job updated: 1000588
	964  -  MemoryUsage of job (MB)
	987128  -  ResidentSetSize of job (KB)
...
006 (7187348.006.000) 08/26 18:31:29 Image size of job updated: 1000588
	966  -  MemoryUsage of job (MB)
	988760  -  ResidentSetSize of job (KB)
...
006 (7187348.006.000) 08/26 18:36:29 Image size of job updated: 1000588
	967  -  MemoryUsage of job (MB)
	989488  -  ResidentSetSize of job (KB)
...
006 (7187348.006.000) 08/26 18:41:30 Image size of job updated: 1000588
	968  -  MemoryUsage of job (MB)
	990312  -  ResidentSetSize of job (KB)
...
006 (7187348.006.000) 08/26 18:46:30 Image size of job updated: 1000588
	969  -  MemoryUsage of job (MB)
	991740  -  ResidentSetSize of job (KB)
...
006 (7187348.006.000) 08/26 18:51:31 Image size of job updated: 1000588
	969  -  MemoryUsage of job (MB)
	992132  -  ResidentSetSize of job (KB)
...
006 (7187348.006.000) 08/26 18:56:31 Image size of job updated: 1001320
	970  -  MemoryUsage of job (MB)
	992472  -  ResidentSetSize of job (KB)
...
006 (7187348.006.000) 08/26 19:01:32 Image size of job updated: 1003628
	972  -  MemoryUsage of job (MB)
	995128  -  ResidentSetSize of job (KB)
...
006 (7187348.006.000) 08/26 19:06:32 Image size of job updated: 1003628
	973  -  MemoryUsage of job (MB)
	995520  -  ResidentSetSize of job (KB)
...
006 (7187348.006.000) 08/26 19:11:33 Image size of job updated: 1009844
	975  -  MemoryUsage of job (MB)
	998124  -  ResidentSetSize of job (KB)
...
006 (7187348.006.000) 08/26 19:16:33 Image size of job updated: 1009844
	976  -  MemoryUsage of job (MB)
	998520  -  ResidentSetSize of job (KB)
...
006 (7187348.006.000) 08/26 19:21:34 Image size of job updated: 1009844
	977  -  MemoryUsage of job (MB)
	999452  -  ResidentSetSize of job (KB)
...
006 (7187348.006.000) 08/26 19:26:34 Image size of job updated: 1009844
	979  -  MemoryUsage of job (MB)
	1001836  -  ResidentSetSize of job (KB)
...
006 (7187348.006.000) 08/26 19:31:35 Image size of job updated: 1009844
	980  -  MemoryUsage of job (MB)
	1002668  -  ResidentSetSize of job (KB)
...
006 (7187348.006.000) 08/26 19:36:36 Image size of job updated: 1010604
	981  -  MemoryUsage of job (MB)
	1004148  -  ResidentSetSize of job (KB)
...
006 (7187348.006.000) 08/26 19:41:36 Image size of job updated: 1010604
	982  -  MemoryUsage of job (MB)
	1005216  -  ResidentSetSize of job (KB)
...
006 (7187348.006.000) 08/26 19:46:37 Image size of job updated: 1018624
	995  -  MemoryUsage of job (MB)
	1018468  -  ResidentSetSize of job (KB)
...
006 (7187348.006.000) 08/26 19:51:37 Image size of job updated: 1020948
	995  -  MemoryUsage of job (MB)
	1018468  -  ResidentSetSize of job (KB)
...
006 (7187348.006.000) 08/26 20:31:41 Image size of job updated: 1026748
	995  -  MemoryUsage of job (MB)
	1018468  -  ResidentSetSize of job (KB)
...
006 (7187348.006.000) 08/26 20:36:42 Image size of job updated: 1026748
	1002  -  MemoryUsage of job (MB)
	1025152  -  ResidentSetSize of job (KB)
...
006 (7187348.006.000) 08/26 20:41:42 Image size of job updated: 1034076
	1007  -  MemoryUsage of job (MB)
	1030340  -  ResidentSetSize of job (KB)
...
006 (7187348.006.000) 08/26 20:46:43 Image size of job updated: 1039104
	1007  -  MemoryUsage of job (MB)
	1030340  -  ResidentSetSize of job (KB)
...
006 (7187348.006.000) 08/26 21:21:47 Image size of job updated: 1039104
	1012  -  MemoryUsage of job (MB)
	1035416  -  ResidentSetSize of job (KB)
...
006 (7187348.006.000) 08/27 03:17:26 Image size of job updated: 1162372
	1118  -  MemoryUsage of job (MB)
	1144744  -  ResidentSetSize of job (KB)
...
006 (7187348.006.000) 08/27 03:22:26 Image size of job updated: 1234980
	1203  -  MemoryUsage of job (MB)
	1231768  -  ResidentSetSize of job (KB)
...
006 (7187348.006.000) 08/27 03:27:27 Image size of job updated: 1436652
	1394  -  MemoryUsage of job (MB)
	1427276  -  ResidentSetSize of job (KB)
...
006 (7187348.006.000) 08/27 03:32:27 Image size of job updated: 1578448
	1542  -  MemoryUsage of job (MB)
	1578448  -  ResidentSetSize of job (KB)
...
006 (7187348.006.000) 08/27 03:37:28 Image size of job updated: 3669348
	3584  -  MemoryUsage of job (MB)
	3669348  -  ResidentSetSize of job (KB)
...
006 (7187348.006.000) 08/27 03:42:28 Image size of job updated: 3838024
	3749  -  MemoryUsage of job (MB)
	3838024  -  ResidentSetSize of job (KB)
...
006 (7187348.006.000) 08/27 03:47:29 Image size of job updated: 4017880
	3924  -  MemoryUsage of job (MB)
	4017880  -  ResidentSetSize of job (KB)
...
006 (7187348.006.000) 08/27 03:52:29 Image size of job updated: 4197728
	4100  -  MemoryUsage of job (MB)
	4197728  -  ResidentSetSize of job (KB)
...
006 (7187348.006.000) 08/27 03:57:30 Image size of job updated: 4374112
	4272  -  MemoryUsage of job (MB)
	4374112  -  ResidentSetSize of job (KB)
...
006 (7187348.006.000) 08/27 04:02:30 Image size of job updated: 4552928
	4447  -  MemoryUsage of job (MB)
	4552928  -  ResidentSetSize of job (KB)
...
006 (7187348.006.000) 08/27 04:07:31 Image size of job updated: 4726204
	4616  -  MemoryUsage of job (MB)
	4726204  -  ResidentSetSize of job (KB)
...
006 (7187348.006.000) 08/27 04:12:32 Image size of job updated: 4902784
	4788  -  MemoryUsage of job (MB)
	4902784  -  ResidentSetSize of job (KB)
...
006 (7187348.006.000) 08/27 04:17:32 Image size of job updated: 5078792
	4960  -  MemoryUsage of job (MB)
	5078792  -  ResidentSetSize of job (KB)
...
006 (7187348.006.000) 08/27 04:22:33 Image size of job updated: 5249168
	5127  -  MemoryUsage of job (MB)
	5249168  -  ResidentSetSize of job (KB)
...
006 (7187348.006.000) 08/27 04:25:56 Image size of job updated: 5330604
	5127  -  MemoryUsage of job (MB)
	5249168  -  ResidentSetSize of job (KB)
...
040 (7187348.006.000) 08/27 04:25:56 Started transferring output files
...
040 (7187348.006.000) 08/27 04:25:56 Finished transferring output files
...
005 (7187348.006.000) 08/27 04:25:57 Job terminated.
	(1) Normal termination (return value 50)
		Usr 0 12:00:27, Sys 0 00:02:42  -  Run Remote Usage
		Usr 0 00:00:00, Sys 0 00:00:00  -  Run Local Usage
		Usr 0 12:00:27, Sys 0 00:02:42  -  Total Remote Usage
		Usr 0 00:00:00, Sys 0 00:00:00  -  Total Local Usage
	68600  -  Run Bytes Sent By Job
	2945  -  Run Bytes Received By Job
	68600  -  Total Bytes Sent By Job
	2945  -  Total Bytes Received By Job
	Partitionable Resources :      Usage  Request Allocated 
	   Cpus                 :       0.99        1         1 
	   Disk (KB)            : 2185368           3   2959271 
	   Memory (MB)          :    5127        2000      2000 

	Job terminated of its own accord at 2024-08-27T02:25:56Z with exit-code 50.
...
