000 (7217805.002.000) 09/23 13:21:32 Job submitted from host: <137.138.44.55:9618?addrs=137.138.44.55-9618+[2001-1458-d00-1a--48]-9618&alias=bigbird17.cern.ch&noUDP&sock=schedd_1981_6134>
...
040 (7217805.002.000) 09/24 07:37:30 Started transferring input files
	Transferring to host: <188.185.190.107:9618?addrs=188.185.190.107-9618+[2001-1458-d03-b--100-2fe]-9618&alias=b9pgpun013.cern.ch&noUDP&sock=slot1_3_223718_51c2_26400>
...
040 (7217805.002.000) 09/24 07:37:30 Finished transferring input files
...
001 (7217805.002.000) 09/24 07:37:31 Job executing on host: <188.185.190.107:9618?addrs=188.185.190.107-9618+[2001-1458-d03-b--100-2fe]-9618&alias=b9pgpun013.cern.ch&noUDP&sock=startd_204990_ab0b>
	SlotName: slot1_3@b9pgpun013.cern.ch
	AvailableGPUs = { GPUs_GPU_6a40d270 }
	CondorScratchDir = "/pool/condor/dir_3618290"
	Cpus = 1
	Disk = 6886814
	GPUs = 1
	GPUs_GPU_6a40d270 = [ GlobalMemoryMb = 95235; MaxSupportedVersion = 12040; DriverVersion = 12.4; DeviceName = "NVIDIA H100 NVL"; CoresPerCU = 128; ECCEnabled = true; ComputeUnits = 132; ClockMhz = 1785.0; Id = "GPU-6a40d270"; Capability = 9.0; DevicePciBusId = "0000:AD:00.0"; DeviceUuid = "6a40d270-bbf0-9651-f21f-c99fd855998d" ]
	Memory = 2000
...
006 (7217805.002.000) 09/24 07:37:39 Image size of job updated: 2300500
	2247  -  MemoryUsage of job (MB)
	2300384  -  ResidentSetSize of job (KB)
...
006 (7217805.002.000) 09/24 07:42:39 Image size of job updated: 2427372
	2251  -  MemoryUsage of job (MB)
	2304384  -  ResidentSetSize of job (KB)
...
006 (7217805.002.000) 09/24 09:57:54 Image size of job updated: 2427372
	2316  -  MemoryUsage of job (MB)
	2370996  -  ResidentSetSize of job (KB)
...
006 (7217805.002.000) 09/24 10:02:54 Image size of job updated: 2481548
	2415  -  MemoryUsage of job (MB)
	2472164  -  ResidentSetSize of job (KB)
...
006 (7217805.002.000) 09/24 10:07:54 Image size of job updated: 2616944
	2548  -  MemoryUsage of job (MB)
	2608976  -  ResidentSetSize of job (KB)
...
006 (7217805.002.000) 09/24 10:12:55 Image size of job updated: 2818636
	2671  -  MemoryUsage of job (MB)
	2734364  -  ResidentSetSize of job (KB)
...
006 (7217805.002.000) 09/24 10:17:55 Image size of job updated: 2896292
	2818  -  MemoryUsage of job (MB)
	2885328  -  ResidentSetSize of job (KB)
...
006 (7217805.002.000) 09/24 10:22:57 Image size of job updated: 2922172
	2851  -  MemoryUsage of job (MB)
	2918668  -  ResidentSetSize of job (KB)
...
006 (7217805.002.000) 09/24 10:27:57 Image size of job updated: 3082204
	2974  -  MemoryUsage of job (MB)
	3044684  -  ResidentSetSize of job (KB)
...
006 (7217805.002.000) 09/24 10:32:57 Image size of job updated: 3485196
	3397  -  MemoryUsage of job (MB)
	3477540  -  ResidentSetSize of job (KB)
...
006 (7217805.002.000) 09/24 10:37:58 Image size of job updated: 3893868
	3788  -  MemoryUsage of job (MB)
	3878880  -  ResidentSetSize of job (KB)
...
006 (7217805.002.000) 09/24 10:42:58 Image size of job updated: 4128212
	4032  -  MemoryUsage of job (MB)
	4128212  -  ResidentSetSize of job (KB)
...
006 (7217805.002.000) 09/24 10:47:59 Image size of job updated: 6746332
	6589  -  MemoryUsage of job (MB)
	6746332  -  ResidentSetSize of job (KB)
...
006 (7217805.002.000) 09/24 10:53:00 Image size of job updated: 7487092
	7312  -  MemoryUsage of job (MB)
	7487092  -  ResidentSetSize of job (KB)
...
006 (7217805.002.000) 09/24 10:58:00 Image size of job updated: 8227440
	8035  -  MemoryUsage of job (MB)
	8227440  -  ResidentSetSize of job (KB)
...
006 (7217805.002.000) 09/24 11:03:01 Image size of job updated: 8965840
	8756  -  MemoryUsage of job (MB)
	8965840  -  ResidentSetSize of job (KB)
...
006 (7217805.002.000) 09/24 11:08:01 Image size of job updated: 9704932
	9478  -  MemoryUsage of job (MB)
	9704932  -  ResidentSetSize of job (KB)
...
006 (7217805.002.000) 09/24 11:13:01 Image size of job updated: 10444056
	10200  -  MemoryUsage of job (MB)
	10444056  -  ResidentSetSize of job (KB)
...
006 (7217805.002.000) 09/24 11:18:02 Image size of job updated: 11181848
	10920  -  MemoryUsage of job (MB)
	11181848  -  ResidentSetSize of job (KB)
...
006 (7217805.002.000) 09/24 11:23:02 Image size of job updated: 11920032
	11641  -  MemoryUsage of job (MB)
	11920032  -  ResidentSetSize of job (KB)
...
006 (7217805.002.000) 09/24 11:28:03 Image size of job updated: 12662820
	12367  -  MemoryUsage of job (MB)
	12662820  -  ResidentSetSize of job (KB)
...
006 (7217805.002.000) 09/24 11:33:04 Image size of job updated: 13399948
	13086  -  MemoryUsage of job (MB)
	13399948  -  ResidentSetSize of job (KB)
...
006 (7217805.002.000) 09/24 11:35:47 Image size of job updated: 13655960
	13087  -  MemoryUsage of job (MB)
	13400204  -  ResidentSetSize of job (KB)
...
040 (7217805.002.000) 09/24 11:36:12 Started transferring output files
...
040 (7217805.002.000) 09/24 11:36:12 Finished transferring output files
...
005 (7217805.002.000) 09/24 11:36:12 Job terminated.
	(1) Normal termination (return value 0)
		Usr 0 03:56:45, Sys 0 00:01:19  -  Run Remote Usage
		Usr 0 00:00:00, Sys 0 00:00:00  -  Run Local Usage
		Usr 0 03:56:45, Sys 0 00:01:19  -  Total Remote Usage
		Usr 0 00:00:00, Sys 0 00:00:00  -  Total Local Usage
	94820  -  Run Bytes Sent By Job
	1416  -  Run Bytes Received By Job
	94820  -  Total Bytes Sent By Job
	1416  -  Total Bytes Received By Job
	Partitionable Resources :      Usage  Request Allocated Assigned
	   Cpus                 :       1.00        1         1 
	   Disk (KB)            : 8925926           2   6886814 
	   Gpus (Average)       :       0.00        1         1 "GPU-6a40d270"
	   GpusMemory (MB)      :     599                       
	   Memory (MB)          :   13087        2000      2000 

	Job terminated of its own accord at 2024-09-24T09:35:47Z with exit-code 0.
...
