000 (7217805.001.000) 09/23 13:21:32 Job submitted from host: <137.138.44.55:9618?addrs=137.138.44.55-9618+[2001-1458-d00-1a--48]-9618&alias=bigbird17.cern.ch&noUDP&sock=schedd_1981_6134>
...
040 (7217805.001.000) 09/24 07:38:09 Started transferring input files
	Transferring to host: <188.185.190.109:9618?addrs=188.185.190.109-9618+[2001-1458-d03-b--100-300]-9618&alias=b9pgpun014.cern.ch&noUDP&sock=slot1_3_3185867_4229_16688>
...
040 (7217805.001.000) 09/24 07:38:09 Finished transferring input files
...
001 (7217805.001.000) 09/24 07:38:10 Job executing on host: <188.185.190.109:9618?addrs=188.185.190.109-9618+[2001-1458-d03-b--100-300]-9618&alias=b9pgpun014.cern.ch&noUDP&sock=startd_215167_3e60>
	SlotName: slot1_3@b9pgpun014.cern.ch
	AvailableGPUs = { GPUs_GPU_03db3194 }
	CondorScratchDir = "/pool/condor/dir_4020303"
	Cpus = 1
	Disk = 6874961
	GPUs = 1
	GPUs_GPU_03db3194 = [ GlobalMemoryMb = 95235; MaxSupportedVersion = 12040; DriverVersion = 12.4; DeviceName = "NVIDIA H100 NVL"; CoresPerCU = 128; ECCEnabled = true; ComputeUnits = 132; ClockMhz = 1785.0; Id = "GPU-03db3194"; Capability = 9.0; DevicePciBusId = "0000:AD:00.0"; DeviceUuid = "03db3194-c613-0c44-8738-3084990b0d64" ]
	Memory = 2000
...
006 (7217805.001.000) 09/24 07:38:19 Image size of job updated: 2443444
	1884  -  MemoryUsage of job (MB)
	1929180  -  ResidentSetSize of job (KB)
...
006 (7217805.001.000) 09/24 07:43:20 Image size of job updated: 2443444
	2048  -  MemoryUsage of job (MB)
	2096796  -  ResidentSetSize of job (KB)
...
006 (7217805.001.000) 09/24 07:48:20 Image size of job updated: 2443444
	2051  -  MemoryUsage of job (MB)
	2099688  -  ResidentSetSize of job (KB)
...
006 (7217805.001.000) 09/24 07:53:21 Image size of job updated: 2443444
	2062  -  MemoryUsage of job (MB)
	2111468  -  ResidentSetSize of job (KB)
...
006 (7217805.001.000) 09/24 07:58:22 Image size of job updated: 2443444
	2088  -  MemoryUsage of job (MB)
	2137700  -  ResidentSetSize of job (KB)
...
006 (7217805.001.000) 09/24 08:03:22 Image size of job updated: 2443444
	2089  -  MemoryUsage of job (MB)
	2138468  -  ResidentSetSize of job (KB)
...
006 (7217805.001.000) 09/24 08:08:23 Image size of job updated: 2443444
	2096  -  MemoryUsage of job (MB)
	2145928  -  ResidentSetSize of job (KB)
...
006 (7217805.001.000) 09/24 08:13:23 Image size of job updated: 2443444
	2107  -  MemoryUsage of job (MB)
	2157528  -  ResidentSetSize of job (KB)
...
006 (7217805.001.000) 09/24 08:18:23 Image size of job updated: 2443444
	2113  -  MemoryUsage of job (MB)
	2163624  -  ResidentSetSize of job (KB)
...
006 (7217805.001.000) 09/24 08:28:24 Image size of job updated: 2443444
	2117  -  MemoryUsage of job (MB)
	2167012  -  ResidentSetSize of job (KB)
...
006 (7217805.001.000) 09/24 08:33:26 Image size of job updated: 2443444
	2123  -  MemoryUsage of job (MB)
	2173100  -  ResidentSetSize of job (KB)
...
006 (7217805.001.000) 09/24 08:38:26 Image size of job updated: 2443444
	2123  -  MemoryUsage of job (MB)
	2173392  -  ResidentSetSize of job (KB)
...
006 (7217805.001.000) 09/24 08:43:26 Image size of job updated: 2443444
	2133  -  MemoryUsage of job (MB)
	2184052  -  ResidentSetSize of job (KB)
...
006 (7217805.001.000) 09/24 08:48:27 Image size of job updated: 2443444
	2139  -  MemoryUsage of job (MB)
	2189928  -  ResidentSetSize of job (KB)
...
006 (7217805.001.000) 09/24 08:53:27 Image size of job updated: 2443444
	2150  -  MemoryUsage of job (MB)
	2200672  -  ResidentSetSize of job (KB)
...
006 (7217805.001.000) 09/24 08:58:28 Image size of job updated: 2443444
	2152  -  MemoryUsage of job (MB)
	2202916  -  ResidentSetSize of job (KB)
...
006 (7217805.001.000) 09/24 09:03:29 Image size of job updated: 2443444
	2158  -  MemoryUsage of job (MB)
	2209372  -  ResidentSetSize of job (KB)
...
006 (7217805.001.000) 09/24 09:08:29 Image size of job updated: 2443444
	2161  -  MemoryUsage of job (MB)
	2212448  -  ResidentSetSize of job (KB)
...
006 (7217805.001.000) 09/24 09:18:30 Image size of job updated: 2443444
	2166  -  MemoryUsage of job (MB)
	2217512  -  ResidentSetSize of job (KB)
...
006 (7217805.001.000) 09/24 09:23:30 Image size of job updated: 2443444
	2177  -  MemoryUsage of job (MB)
	2229128  -  ResidentSetSize of job (KB)
...
006 (7217805.001.000) 09/24 09:33:31 Image size of job updated: 2443444
	2178  -  MemoryUsage of job (MB)
	2229968  -  ResidentSetSize of job (KB)
...
006 (7217805.001.000) 09/24 09:38:32 Image size of job updated: 2443444
	2209  -  MemoryUsage of job (MB)
	2261204  -  ResidentSetSize of job (KB)
...
006 (7217805.001.000) 09/24 09:53:34 Image size of job updated: 2443444
	2209  -  MemoryUsage of job (MB)
	2261684  -  ResidentSetSize of job (KB)
...
006 (7217805.001.000) 09/24 09:58:34 Image size of job updated: 2443444
	2329  -  MemoryUsage of job (MB)
	2384268  -  ResidentSetSize of job (KB)
...
006 (7217805.001.000) 09/24 10:03:34 Image size of job updated: 2496124
	2427  -  MemoryUsage of job (MB)
	2484800  -  ResidentSetSize of job (KB)
...
006 (7217805.001.000) 09/24 10:08:35 Image size of job updated: 2629636
	2559  -  MemoryUsage of job (MB)
	2619892  -  ResidentSetSize of job (KB)
...
006 (7217805.001.000) 09/24 10:13:35 Image size of job updated: 2825376
	2675  -  MemoryUsage of job (MB)
	2738412  -  ResidentSetSize of job (KB)
...
006 (7217805.001.000) 09/24 10:18:37 Image size of job updated: 2903712
	2821  -  MemoryUsage of job (MB)
	2888124  -  ResidentSetSize of job (KB)
...
006 (7217805.001.000) 09/24 10:23:37 Image size of job updated: 2929624
	2853  -  MemoryUsage of job (MB)
	2921176  -  ResidentSetSize of job (KB)
...
006 (7217805.001.000) 09/24 10:28:37 Image size of job updated: 3089704
	2970  -  MemoryUsage of job (MB)
	3040320  -  ResidentSetSize of job (KB)
...
006 (7217805.001.000) 09/24 10:33:38 Image size of job updated: 3519636
	3432  -  MemoryUsage of job (MB)
	3513616  -  ResidentSetSize of job (KB)
...
006 (7217805.001.000) 09/24 10:38:38 Image size of job updated: 3901264
	3801  -  MemoryUsage of job (MB)
	3891248  -  ResidentSetSize of job (KB)
...
006 (7217805.001.000) 09/24 10:43:40 Image size of job updated: 4142008
	4045  -  MemoryUsage of job (MB)
	4142008  -  ResidentSetSize of job (KB)
...
006 (7217805.001.000) 09/24 10:48:40 Image size of job updated: 6769124
	6611  -  MemoryUsage of job (MB)
	6768952  -  ResidentSetSize of job (KB)
...
006 (7217805.001.000) 09/24 10:53:40 Image size of job updated: 7509780
	7334  -  MemoryUsage of job (MB)
	7509780  -  ResidentSetSize of job (KB)
...
006 (7217805.001.000) 09/24 10:58:41 Image size of job updated: 8250756
	8058  -  MemoryUsage of job (MB)
	8250756  -  ResidentSetSize of job (KB)
...
006 (7217805.001.000) 09/24 11:03:41 Image size of job updated: 8991400
	8781  -  MemoryUsage of job (MB)
	8991400  -  ResidentSetSize of job (KB)
...
006 (7217805.001.000) 09/24 11:08:42 Image size of job updated: 9735708
	9508  -  MemoryUsage of job (MB)
	9735452  -  ResidentSetSize of job (KB)
...
006 (7217805.001.000) 09/24 11:13:43 Image size of job updated: 10477688
	10233  -  MemoryUsage of job (MB)
	10477688  -  ResidentSetSize of job (KB)
...
006 (7217805.001.000) 09/24 11:18:43 Image size of job updated: 11225864
	10963  -  MemoryUsage of job (MB)
	11225864  -  ResidentSetSize of job (KB)
...
006 (7217805.001.000) 09/24 11:23:44 Image size of job updated: 11978068
	11698  -  MemoryUsage of job (MB)
	11978068  -  ResidentSetSize of job (KB)
...
006 (7217805.001.000) 09/24 11:28:44 Image size of job updated: 12733720
	12436  -  MemoryUsage of job (MB)
	12733720  -  ResidentSetSize of job (KB)
...
006 (7217805.001.000) 09/24 11:33:44 Image size of job updated: 13484576
	13169  -  MemoryUsage of job (MB)
	13484576  -  ResidentSetSize of job (KB)
...
006 (7217805.001.000) 09/24 11:35:59 Image size of job updated: 13672332
	13169  -  MemoryUsage of job (MB)
	13484576  -  ResidentSetSize of job (KB)
...
040 (7217805.001.000) 09/24 11:36:12 Started transferring output files
...
040 (7217805.001.000) 09/24 11:36:12 Finished transferring output files
...
005 (7217805.001.000) 09/24 11:36:12 Job terminated.
	(1) Normal termination (return value 50)
		Usr 0 03:56:18, Sys 0 00:01:17  -  Run Remote Usage
		Usr 0 00:00:00, Sys 0 00:00:00  -  Run Local Usage
		Usr 0 03:56:18, Sys 0 00:01:17  -  Total Remote Usage
		Usr 0 00:00:00, Sys 0 00:00:00  -  Total Local Usage
	94866  -  Run Bytes Sent By Job
	1416  -  Run Bytes Received By Job
	94866  -  Total Bytes Sent By Job
	1416  -  Total Bytes Received By Job
	Partitionable Resources :      Usage  Request Allocated Assigned
	   Cpus                 :       1.00        1         1 
	   Disk (KB)            : 8994053           2   6874961 
	   Gpus (Average)       :       0.00        1         1 "GPU-03db3194"
	   GpusMemory (MB)      :     599                       
	   Memory (MB)          :   13169        2000      2000 

	Job terminated of its own accord at 2024-09-24T09:35:59Z with exit-code 50.
...
