000 (7187295.002.000) 08/26 07:55:49 Job submitted from host: <137.138.44.55:9618?addrs=137.138.44.55-9618+[2001-1458-d00-1a--48]-9618&alias=bigbird17.cern.ch&noUDP&sock=schedd_23962_8474>
...
040 (7187295.002.000) 08/26 13:17:50 Started transferring input files
	Transferring to host: <128.142.248.15:9618?addrs=128.142.248.15-9618+[2001-1458-301-73--100-ff]-9618&alias=b9g23p2723.cern.ch&noUDP&sock=slot1_1_3961800_404a_9316>
...
040 (7187295.002.000) 08/26 13:17:50 Finished transferring input files
...
001 (7187295.002.000) 08/26 13:17:52 Job executing on host: <128.142.248.15:9618?addrs=128.142.248.15-9618+[2001-1458-301-73--100-ff]-9618&alias=b9g23p2723.cern.ch&noUDP&sock=startd_5130_54ef>
	SlotName: slot1_1@b9g23p2723.cern.ch
	CondorScratchDir = "/pool/condor/dir_5933"
	Cpus = 1
	Disk = 2963230
	Memory = 2000
...
006 (7187295.002.000) 08/26 13:18:01 Image size of job updated: 957224
	935  -  MemoryUsage of job (MB)
	957152  -  ResidentSetSize of job (KB)
...
006 (7187295.002.000) 08/26 13:23:01 Image size of job updated: 1137556
	936  -  MemoryUsage of job (MB)
	957448  -  ResidentSetSize of job (KB)
...
006 (7187295.002.000) 08/26 13:28:01 Image size of job updated: 1220028
	1168  -  MemoryUsage of job (MB)
	1195472  -  ResidentSetSize of job (KB)
...
006 (7187295.002.000) 08/26 13:33:02 Image size of job updated: 1475280
	1392  -  MemoryUsage of job (MB)
	1424576  -  ResidentSetSize of job (KB)
...
006 (7187295.002.000) 08/26 13:38:02 Image size of job updated: 1737692
	1697  -  MemoryUsage of job (MB)
	1737692  -  ResidentSetSize of job (KB)
...
006 (7187295.002.000) 08/26 13:43:03 Image size of job updated: 1995360
	1933  -  MemoryUsage of job (MB)
	1978896  -  ResidentSetSize of job (KB)
...
006 (7187295.002.000) 08/26 13:48:03 Image size of job updated: 2446992
	2284  -  MemoryUsage of job (MB)
	2338024  -  ResidentSetSize of job (KB)
...
006 (7187295.002.000) 08/26 13:53:04 Image size of job updated: 2446992
	2299  -  MemoryUsage of job (MB)
	2353620  -  ResidentSetSize of job (KB)
...
006 (7187295.002.000) 08/26 13:58:04 Image size of job updated: 2446992
	2306  -  MemoryUsage of job (MB)
	2360688  -  ResidentSetSize of job (KB)
...
006 (7187295.002.000) 08/26 14:03:05 Image size of job updated: 2446992
	2328  -  MemoryUsage of job (MB)
	2383644  -  ResidentSetSize of job (KB)
...
006 (7187295.002.000) 08/26 14:08:05 Image size of job updated: 2459292
	2402  -  MemoryUsage of job (MB)
	2459292  -  ResidentSetSize of job (KB)
...
006 (7187295.002.000) 08/26 14:13:07 Image size of job updated: 4026180
	3932  -  MemoryUsage of job (MB)
	4026176  -  ResidentSetSize of job (KB)
...
006 (7187295.002.000) 08/26 14:18:07 Image size of job updated: 4316188
	4216  -  MemoryUsage of job (MB)
	4316188  -  ResidentSetSize of job (KB)
...
006 (7187295.002.000) 08/26 14:23:07 Image size of job updated: 4582380
	4475  -  MemoryUsage of job (MB)
	4582160  -  ResidentSetSize of job (KB)
...
006 (7187295.002.000) 08/26 14:28:08 Image size of job updated: 4846912
	4734  -  MemoryUsage of job (MB)
	4846912  -  ResidentSetSize of job (KB)
...
006 (7187295.002.000) 08/26 14:33:08 Image size of job updated: 5144084
	5024  -  MemoryUsage of job (MB)
	5144084  -  ResidentSetSize of job (KB)
...
006 (7187295.002.000) 08/26 14:38:09 Image size of job updated: 5434564
	5308  -  MemoryUsage of job (MB)
	5434564  -  ResidentSetSize of job (KB)
...
006 (7187295.002.000) 08/26 14:43:09 Image size of job updated: 5694384
	5561  -  MemoryUsage of job (MB)
	5694384  -  ResidentSetSize of job (KB)
...
006 (7187295.002.000) 08/26 14:48:10 Image size of job updated: 5981152
	5841  -  MemoryUsage of job (MB)
	5981152  -  ResidentSetSize of job (KB)
...
006 (7187295.002.000) 08/26 14:53:10 Image size of job updated: 6244544
	6098  -  MemoryUsage of job (MB)
	6243584  -  ResidentSetSize of job (KB)
...
006 (7187295.002.000) 08/26 14:58:11 Image size of job updated: 6501608
	6350  -  MemoryUsage of job (MB)
	6501608  -  ResidentSetSize of job (KB)
...
006 (7187295.002.000) 08/26 15:03:11 Image size of job updated: 6763924
	6606  -  MemoryUsage of job (MB)
	6763924  -  ResidentSetSize of job (KB)
...
006 (7187295.002.000) 08/26 15:08:13 Image size of job updated: 7050848
	6886  -  MemoryUsage of job (MB)
	7050848  -  ResidentSetSize of job (KB)
...
006 (7187295.002.000) 08/26 15:13:13 Image size of job updated: 7328140
	7157  -  MemoryUsage of job (MB)
	7328140  -  ResidentSetSize of job (KB)
...
006 (7187295.002.000) 08/26 15:16:24 Image size of job updated: 7384772
	7157  -  MemoryUsage of job (MB)
	7328140  -  ResidentSetSize of job (KB)
...
040 (7187295.002.000) 08/26 15:16:24 Started transferring output files
...
040 (7187295.002.000) 08/26 15:16:24 Finished transferring output files
...
005 (7187295.002.000) 08/26 15:16:24 Job terminated.
	(1) Normal termination (return value 50)
		Usr 0 01:51:44, Sys 0 00:01:54  -  Run Remote Usage
		Usr 0 00:00:00, Sys 0 00:00:00  -  Run Local Usage
		Usr 0 01:51:44, Sys 0 00:01:54  -  Total Remote Usage
		Usr 0 00:00:00, Sys 0 00:00:00  -  Total Local Usage
	39403  -  Run Bytes Sent By Job
	2924  -  Run Bytes Received By Job
	39403  -  Total Bytes Sent By Job
	2924  -  Total Bytes Received By Job
	Partitionable Resources :      Usage  Request Allocated 
	   Cpus                 :       0.99        1         1 
	   Disk (KB)            : 4073759           3   2963230 
	   Memory (MB)          :    7157        2000      2000 

	Job terminated of its own accord at 2024-08-26T13:16:24Z with exit-code 50.
...
