000 (7223593.005.000) 09/25 06:46:04 Job submitted from host: <137.138.44.55:9618?addrs=137.138.44.55-9618+[2001-1458-d00-1a--48]-9618&alias=bigbird17.cern.ch&noUDP&sock=schedd_1981_6134>
...
040 (7223593.005.000) 09/26 08:05:12 Started transferring input files
	Transferring to host: <188.185.190.107:9618?addrs=188.185.190.107-9618+[2001-1458-d03-b--100-2fe]-9618&alias=b9pgpun013.cern.ch&noUDP&sock=slot1_1_223718_51c2_27870>
...
040 (7223593.005.000) 09/26 08:05:12 Finished transferring input files
...
001 (7223593.005.000) 09/26 08:05:13 Job executing on host: <188.185.190.107:9618?addrs=188.185.190.107-9618+[2001-1458-d03-b--100-2fe]-9618&alias=b9pgpun013.cern.ch&noUDP&sock=startd_204990_ab0b>
	SlotName: slot1_1@b9pgpun013.cern.ch
	AvailableGPUs = { GPUs_GPU_83d8ac8f }
	CondorScratchDir = "/pool/condor/dir_1169682"
	Cpus = 1
	Disk = 6857554
	GPUs = 1
	GPUs_GPU_83d8ac8f = [ GlobalMemoryMb = 95235; MaxSupportedVersion = 12040; DriverVersion = 12.4; DeviceName = "NVIDIA H100 NVL"; CoresPerCU = 128; ECCEnabled = true; ComputeUnits = 132; ClockMhz = 1785.0; Id = "GPU-83d8ac8f"; Capability = 9.0; DevicePciBusId = "0000:3A:00.0"; DeviceUuid = "83d8ac8f-ff52-1c2a-a57e-2a7517992ad1" ]
	Memory = 2000
...
006 (7223593.005.000) 09/26 08:05:21 Image size of job updated: 2911460
	2844  -  MemoryUsage of job (MB)
	2911388  -  ResidentSetSize of job (KB)
...
006 (7223593.005.000) 09/26 08:10:22 Image size of job updated: 20467184
	19901  -  MemoryUsage of job (MB)
	20378460  -  ResidentSetSize of job (KB)
...
006 (7223593.005.000) 09/26 08:15:23 Image size of job updated: 20467184
	19920  -  MemoryUsage of job (MB)
	20397288  -  ResidentSetSize of job (KB)
...
006 (7223593.005.000) 09/26 08:20:23 Image size of job updated: 20467184
	19945  -  MemoryUsage of job (MB)
	20423380  -  ResidentSetSize of job (KB)
...
006 (7223593.005.000) 09/26 08:25:24 Image size of job updated: 20467184
	19960  -  MemoryUsage of job (MB)
	20438484  -  ResidentSetSize of job (KB)
...
006 (7223593.005.000) 09/26 08:30:25 Image size of job updated: 20467184
	19975  -  MemoryUsage of job (MB)
	20454264  -  ResidentSetSize of job (KB)
...
006 (7223593.005.000) 09/26 08:35:26 Image size of job updated: 20481524
	19996  -  MemoryUsage of job (MB)
	20474944  -  ResidentSetSize of job (KB)
...
006 (7223593.005.000) 09/26 08:40:25 Image size of job updated: 20552552
	20068  -  MemoryUsage of job (MB)
	20549036  -  ResidentSetSize of job (KB)
...
006 (7223593.005.000) 09/26 08:45:26 Image size of job updated: 20562456
	20077  -  MemoryUsage of job (MB)
	20558292  -  ResidentSetSize of job (KB)
...
006 (7223593.005.000) 09/26 08:50:27 Image size of job updated: 20593324
	20109  -  MemoryUsage of job (MB)
	20590776  -  ResidentSetSize of job (KB)
...
006 (7223593.005.000) 09/26 08:55:28 Image size of job updated: 20617288
	20114  -  MemoryUsage of job (MB)
	20596344  -  ResidentSetSize of job (KB)
...
006 (7223593.005.000) 09/26 09:00:27 Image size of job updated: 20637296
	20148  -  MemoryUsage of job (MB)
	20631016  -  ResidentSetSize of job (KB)
...
006 (7223593.005.000) 09/26 09:05:28 Image size of job updated: 20678512
	20179  -  MemoryUsage of job (MB)
	20662396  -  ResidentSetSize of job (KB)
...
006 (7223593.005.000) 09/26 09:10:29 Image size of job updated: 20686432
	20197  -  MemoryUsage of job (MB)
	20680712  -  ResidentSetSize of job (KB)
...
006 (7223593.005.000) 09/26 09:15:28 Image size of job updated: 20703016
	20215  -  MemoryUsage of job (MB)
	20699580  -  ResidentSetSize of job (KB)
...
006 (7223593.005.000) 09/26 09:20:29 Image size of job updated: 20724004
	20233  -  MemoryUsage of job (MB)
	20717836  -  ResidentSetSize of job (KB)
...
006 (7223593.005.000) 09/26 09:25:30 Image size of job updated: 20735320
	20245  -  MemoryUsage of job (MB)
	20730824  -  ResidentSetSize of job (KB)
...
006 (7223593.005.000) 09/26 09:30:31 Image size of job updated: 20749576
	20258  -  MemoryUsage of job (MB)
	20743488  -  ResidentSetSize of job (KB)
...
006 (7223593.005.000) 09/26 09:35:31 Image size of job updated: 20753940
	20267  -  MemoryUsage of job (MB)
	20752720  -  ResidentSetSize of job (KB)
...
006 (7223593.005.000) 09/26 09:40:32 Image size of job updated: 20813008
	20320  -  MemoryUsage of job (MB)
	20806924  -  ResidentSetSize of job (KB)
...
006 (7223593.005.000) 09/26 09:45:33 Image size of job updated: 20819628
	20329  -  MemoryUsage of job (MB)
	20815876  -  ResidentSetSize of job (KB)
...
006 (7223593.005.000) 09/26 09:50:32 Image size of job updated: 20937052
	20443  -  MemoryUsage of job (MB)
	20932916  -  ResidentSetSize of job (KB)
...
006 (7223593.005.000) 09/26 09:55:33 Image size of job updated: 21039544
	20536  -  MemoryUsage of job (MB)
	21028604  -  ResidentSetSize of job (KB)
...
006 (7223593.005.000) 09/26 10:00:34 Image size of job updated: 21330828
	20831  -  MemoryUsage of job (MB)
	21330828  -  ResidentSetSize of job (KB)
...
006 (7223593.005.000) 09/26 10:05:35 Image size of job updated: 23472884
	22923  -  MemoryUsage of job (MB)
	23472884  -  ResidentSetSize of job (KB)
...
006 (7223593.005.000) 09/26 10:08:04 Image size of job updated: 23959600
	22925  -  MemoryUsage of job (MB)
	23475188  -  ResidentSetSize of job (KB)
...
040 (7223593.005.000) 09/26 10:08:04 Started transferring output files
...
040 (7223593.005.000) 09/26 10:08:05 Finished transferring output files
...
005 (7223593.005.000) 09/26 10:08:05 Job terminated.
	(1) Normal termination (return value 50)
		Usr 0 02:00:55, Sys 0 00:02:21  -  Run Remote Usage
		Usr 0 00:00:00, Sys 0 00:00:00  -  Run Local Usage
		Usr 0 02:00:55, Sys 0 00:02:21  -  Total Remote Usage
		Usr 0 00:00:00, Sys 0 00:00:00  -  Total Local Usage
	207199  -  Run Bytes Sent By Job
	1405  -  Run Bytes Received By Job
	207199  -  Total Bytes Sent By Job
	1405  -  Total Bytes Received By Job
	Partitionable Resources :       Usage  Request Allocated Assigned
	   Cpus                 :        1.00        1         1 
	   Disk (KB)            : 19783033           2   6857554 
	   Gpus (Average)       :        0.00        1         1 "GPU-83d8ac8f"
	   GpusMemory (MB)      :     1029                       
	   Memory (MB)          :    22925        2000      2000 

	Job terminated of its own accord at 2024-09-26T08:08:04Z with exit-code 50.
...
