000 (7187269.000.000) 08/26 07:55:25 Job submitted from host: <137.138.44.55:9618?addrs=137.138.44.55-9618+[2001-1458-d00-1a--48]-9618&alias=bigbird17.cern.ch&noUDP&sock=schedd_23962_8474>
...
040 (7187269.000.000) 08/26 11:43:19 Started transferring input files
	Transferring to host: <128.142.248.197:9618?addrs=128.142.248.197-9618+[2001-1458-301-73--100-c4]-9618&alias=b9g23p2961.cern.ch&noUDP&sock=slot1_24_7499_794a_4823>
...
040 (7187269.000.000) 08/26 11:43:19 Finished transferring input files
...
001 (7187269.000.000) 08/26 11:43:20 Job executing on host: <128.142.248.197:9618?addrs=128.142.248.197-9618+[2001-1458-301-73--100-c4]-9618&alias=b9g23p2961.cern.ch&noUDP&sock=startd_5911_0866>
	SlotName: slot1_24@b9g23p2961.cern.ch
	CondorScratchDir = "/pool/condor/dir_2464415"
	Cpus = 1
	Disk = 3056378
	Memory = 2000
...
006 (7187269.000.000) 08/26 11:43:29 Image size of job updated: 380264
	372  -  MemoryUsage of job (MB)
	380136  -  ResidentSetSize of job (KB)
...
006 (7187269.000.000) 08/26 11:48:30 Image size of job updated: 1011520
	979  -  MemoryUsage of job (MB)
	1002312  -  ResidentSetSize of job (KB)
...
006 (7187269.000.000) 08/26 11:53:31 Image size of job updated: 1389284
	1349  -  MemoryUsage of job (MB)
	1380868  -  ResidentSetSize of job (KB)
...
006 (7187269.000.000) 08/26 11:58:31 Image size of job updated: 1745760
	1661  -  MemoryUsage of job (MB)
	1700704  -  ResidentSetSize of job (KB)
...
006 (7187269.000.000) 08/26 12:03:32 Image size of job updated: 3787040
	3699  -  MemoryUsage of job (MB)
	3787020  -  ResidentSetSize of job (KB)
...
006 (7187269.000.000) 08/26 12:08:32 Image size of job updated: 4230144
	4131  -  MemoryUsage of job (MB)
	4230144  -  ResidentSetSize of job (KB)
...
006 (7187269.000.000) 08/26 12:10:03 Image size of job updated: 4343728
	4131  -  MemoryUsage of job (MB)
	4230144  -  ResidentSetSize of job (KB)
...
040 (7187269.000.000) 08/26 12:10:03 Started transferring output files
...
040 (7187269.000.000) 08/26 12:10:03 Finished transferring output files
...
005 (7187269.000.000) 08/26 12:10:03 Job terminated.
	(1) Normal termination (return value 50)
		Usr 0 00:25:18, Sys 0 00:00:59  -  Run Remote Usage
		Usr 0 00:00:00, Sys 0 00:00:00  -  Run Local Usage
		Usr 0 00:25:18, Sys 0 00:00:59  -  Total Remote Usage
		Usr 0 00:00:00, Sys 0 00:00:00  -  Total Local Usage
	16751  -  Run Bytes Sent By Job
	2930  -  Run Bytes Received By Job
	16751  -  Total Bytes Sent By Job
	2930  -  Total Bytes Received By Job
	Partitionable Resources :      Usage  Request Allocated 
	   Cpus                 :       0.99        1         1 
	   Disk (KB)            : 1592471           3   3056378 
	   Memory (MB)          :    4131        2000      2000 

	Job terminated of its own accord at 2024-08-26T10:10:03Z with exit-code 50.
...
