000 (7186285.002.000) 08/22 15:33:22 Job submitted from host: <137.138.44.55:9618?addrs=137.138.44.55-9618+[2001-1458-d00-1a--48]-9618&alias=bigbird17.cern.ch&noUDP&sock=schedd_23962_8474>
...
040 (7186285.002.000) 08/22 18:00:09 Started transferring input files
	Transferring to host: <128.142.248.241:9618?addrs=128.142.248.241-9618+[2001-1458-301-73--100-f0]-9618&alias=b9g23p2273.cern.ch&noUDP&sock=slot1_16_1598332_3c5d_4564>
...
040 (7186285.002.000) 08/22 18:00:10 Finished transferring input files
...
001 (7186285.002.000) 08/22 18:00:11 Job executing on host: <128.142.248.241:9618?addrs=128.142.248.241-9618+[2001-1458-301-73--100-f0]-9618&alias=b9g23p2273.cern.ch&noUDP&sock=startd_6509_3609>
	SlotName: slot1_16@b9g23p2273.cern.ch
	CondorScratchDir = "/pool/condor/dir_3871628"
	Cpus = 1
	Disk = 2943363
	Memory = 2000
...
006 (7186285.002.000) 08/22 18:00:19 Image size of job updated: 478024
	272  -  MemoryUsage of job (MB)
	278036  -  ResidentSetSize of job (KB)
...
006 (7186285.002.000) 08/22 18:05:19 Image size of job updated: 3375352
	3297  -  MemoryUsage of job (MB)
	3375352  -  ResidentSetSize of job (KB)
...
006 (7186285.002.000) 08/22 18:10:20 Image size of job updated: 3568804
	3486  -  MemoryUsage of job (MB)
	3568804  -  ResidentSetSize of job (KB)
...
006 (7186285.002.000) 08/22 18:15:21 Image size of job updated: 3757000
	3669  -  MemoryUsage of job (MB)
	3757000  -  ResidentSetSize of job (KB)
...
006 (7186285.002.000) 08/22 18:20:21 Image size of job updated: 3950680
	3859  -  MemoryUsage of job (MB)
	3950680  -  ResidentSetSize of job (KB)
...
006 (7186285.002.000) 08/22 18:23:47 Image size of job updated: 4070912
	3859  -  MemoryUsage of job (MB)
	3950680  -  ResidentSetSize of job (KB)
...
040 (7186285.002.000) 08/22 18:23:47 Started transferring output files
...
040 (7186285.002.000) 08/22 18:23:47 Finished transferring output files
...
005 (7186285.002.000) 08/22 18:23:47 Job terminated.
	(1) Normal termination (return value 50)
		Usr 0 00:23:05, Sys 0 00:00:20  -  Run Remote Usage
		Usr 0 00:00:00, Sys 0 00:00:00  -  Run Local Usage
		Usr 0 00:23:05, Sys 0 00:00:20  -  Total Remote Usage
		Usr 0 00:00:00, Sys 0 00:00:00  -  Total Local Usage
	16123  -  Run Bytes Sent By Job
	2782  -  Run Bytes Received By Job
	16123  -  Total Bytes Sent By Job
	2782  -  Total Bytes Received By Job
	Partitionable Resources :     Usage  Request Allocated 
	   Cpus                 :      1.00        1         1 
	   Disk (KB)            : 835179           3   2943363 
	   Memory (MB)          :   3859        2000      2000 

	Job terminated of its own accord at 2024-08-22T16:23:47Z with exit-code 50.
...
