000 (7187273.004.000) 08/26 07:55:29 Job submitted from host: <137.138.44.55:9618?addrs=137.138.44.55-9618+[2001-1458-d00-1a--48]-9618&alias=bigbird17.cern.ch&noUDP&sock=schedd_23962_8474>
...
040 (7187273.004.000) 08/26 12:03:37 Started transferring input files
	Transferring to host: <128.142.248.197:9618?addrs=128.142.248.197-9618+[2001-1458-301-73--100-c4]-9618&alias=b9g23p2961.cern.ch&noUDP&sock=slot1_21_7499_794a_4863>
...
040 (7187273.004.000) 08/26 12:03:37 Finished transferring input files
...
001 (7187273.004.000) 08/26 12:03:38 Job executing on host: <128.142.248.197:9618?addrs=128.142.248.197-9618+[2001-1458-301-73--100-c4]-9618&alias=b9g23p2961.cern.ch&noUDP&sock=startd_5911_0866>
	SlotName: slot1_21@b9g23p2961.cern.ch
	CondorScratchDir = "/pool/condor/dir_2953395"
	Cpus = 1
	Disk = 3053522
	Memory = 2000
...
006 (7187273.004.000) 08/26 12:03:47 Image size of job updated: 991860
	527  -  MemoryUsage of job (MB)
	539080  -  ResidentSetSize of job (KB)
...
006 (7187273.004.000) 08/26 12:08:48 Image size of job updated: 1095004
	1057  -  MemoryUsage of job (MB)
	1081552  -  ResidentSetSize of job (KB)
...
006 (7187273.004.000) 08/26 12:13:48 Image size of job updated: 1452976
	1407  -  MemoryUsage of job (MB)
	1440376  -  ResidentSetSize of job (KB)
...
006 (7187273.004.000) 08/26 12:18:46 Image size of job updated: 3781744
	1408  -  MemoryUsage of job (MB)
	1441220  -  ResidentSetSize of job (KB)
...
040 (7187273.004.000) 08/26 12:18:46 Started transferring output files
...
040 (7187273.004.000) 08/26 12:18:46 Finished transferring output files
...
005 (7187273.004.000) 08/26 12:18:46 Job terminated.
	(1) Normal termination (return value 50)
		Usr 0 00:14:25, Sys 0 00:00:53  -  Run Remote Usage
		Usr 0 00:00:00, Sys 0 00:00:00  -  Run Local Usage
		Usr 0 00:14:25, Sys 0 00:00:53  -  Total Remote Usage
		Usr 0 00:00:00, Sys 0 00:00:00  -  Total Local Usage
	32548  -  Run Bytes Sent By Job
	2906  -  Run Bytes Received By Job
	32548  -  Total Bytes Sent By Job
	2906  -  Total Bytes Received By Job
	Partitionable Resources :      Usage  Request Allocated 
	   Cpus                 :       0.66        1         1 
	   Disk (KB)            : 1304975           3   3053522 
	   Memory (MB)          :    1408        2000      2000 

	Job terminated of its own accord at 2024-08-26T10:18:46Z with exit-code 50.
...
