000 (7217804.001.000) 09/23 13:21:29 Job submitted from host: <137.138.44.55:9618?addrs=137.138.44.55-9618+[2001-1458-d00-1a--48]-9618&alias=bigbird17.cern.ch&noUDP&sock=schedd_1981_6134>
...
040 (7217804.001.000) 09/24 06:26:01 Started transferring input files
	Transferring to host: <188.185.190.108:9618?addrs=188.185.190.108-9618+[2001-1458-d03-b--100-2ff]-9618&alias=b9pgpun015.cern.ch&noUDP&sock=slot1_1_241727_49ff_26204>
...
040 (7217804.001.000) 09/24 06:26:01 Finished transferring input files
...
001 (7217804.001.000) 09/24 06:26:02 Job executing on host: <188.185.190.108:9618?addrs=188.185.190.108-9618+[2001-1458-d03-b--100-2ff]-9618&alias=b9pgpun015.cern.ch&noUDP&sock=startd_205776_cc7b>
	SlotName: slot1_1@b9pgpun015.cern.ch
	AvailableGPUs = { GPUs_GPU_b24b403a }
	CondorScratchDir = "/pool/condor/dir_2760126"
	Cpus = 1
	Disk = 6889645
	GPUs = 1
	GPUs_GPU_b24b403a = [ GlobalMemoryMb = 95235; MaxSupportedVersion = 12040; DriverVersion = 12.4; DeviceName = "NVIDIA H100 NVL"; CoresPerCU = 128; ECCEnabled = true; ComputeUnits = 132; ClockMhz = 1785.0; Id = "GPU-b24b403a"; Capability = 9.0; DevicePciBusId = "0000:3A:00.0"; DeviceUuid = "b24b403a-c8dc-04db-3428-2ea4c127b0ed" ]
	Memory = 2000
...
006 (7217804.001.000) 09/24 06:26:11 Image size of job updated: 2430476
	1871  -  MemoryUsage of job (MB)
	1915448  -  ResidentSetSize of job (KB)
...
006 (7217804.001.000) 09/24 06:31:12 Image size of job updated: 2430476
	2159  -  MemoryUsage of job (MB)
	2210152  -  ResidentSetSize of job (KB)
...
006 (7217804.001.000) 09/24 06:36:12 Image size of job updated: 2430476
	2246  -  MemoryUsage of job (MB)
	2299484  -  ResidentSetSize of job (KB)
...
006 (7217804.001.000) 09/24 06:41:12 Image size of job updated: 2430476
	2297  -  MemoryUsage of job (MB)
	2351136  -  ResidentSetSize of job (KB)
...
006 (7217804.001.000) 09/24 06:46:13 Image size of job updated: 2430476
	2309  -  MemoryUsage of job (MB)
	2364260  -  ResidentSetSize of job (KB)
...
006 (7217804.001.000) 09/24 06:51:13 Image size of job updated: 2430476
	2321  -  MemoryUsage of job (MB)
	2376096  -  ResidentSetSize of job (KB)
...
006 (7217804.001.000) 09/24 06:56:15 Image size of job updated: 2430476
	2347  -  MemoryUsage of job (MB)
	2402424  -  ResidentSetSize of job (KB)
...
006 (7217804.001.000) 09/24 07:06:15 Image size of job updated: 2430476
	2347  -  MemoryUsage of job (MB)
	2403328  -  ResidentSetSize of job (KB)
...
006 (7217804.001.000) 09/24 07:11:16 Image size of job updated: 2430476
	2361  -  MemoryUsage of job (MB)
	2417168  -  ResidentSetSize of job (KB)
...
006 (7217804.001.000) 09/24 07:21:17 Image size of job updated: 2435184
	2361  -  MemoryUsage of job (MB)
	2417464  -  ResidentSetSize of job (KB)
...
006 (7217804.001.000) 09/24 07:26:18 Image size of job updated: 2438984
	2366  -  MemoryUsage of job (MB)
	2422228  -  ResidentSetSize of job (KB)
...
006 (7217804.001.000) 09/24 07:31:18 Image size of job updated: 2453884
	2393  -  MemoryUsage of job (MB)
	2450244  -  ResidentSetSize of job (KB)
...
006 (7217804.001.000) 09/24 07:36:19 Image size of job updated: 2460668
	2393  -  MemoryUsage of job (MB)
	2450244  -  ResidentSetSize of job (KB)
...
006 (7217804.001.000) 09/24 07:41:19 Image size of job updated: 2461756
	2394  -  MemoryUsage of job (MB)
	2451448  -  ResidentSetSize of job (KB)
...
006 (7217804.001.000) 09/24 07:46:19 Image size of job updated: 2461756
	2395  -  MemoryUsage of job (MB)
	2451684  -  ResidentSetSize of job (KB)
...
006 (7217804.001.000) 09/24 07:51:20 Image size of job updated: 2470344
	2395  -  MemoryUsage of job (MB)
	2452452  -  ResidentSetSize of job (KB)
...
006 (7217804.001.000) 09/24 07:56:20 Image size of job updated: 2478852
	2405  -  MemoryUsage of job (MB)
	2462300  -  ResidentSetSize of job (KB)
...
006 (7217804.001.000) 09/24 08:01:22 Image size of job updated: 2480276
	2410  -  MemoryUsage of job (MB)
	2466856  -  ResidentSetSize of job (KB)
...
006 (7217804.001.000) 09/24 08:06:22 Image size of job updated: 2481012
	2423  -  MemoryUsage of job (MB)
	2481012  -  ResidentSetSize of job (KB)
...
006 (7217804.001.000) 09/24 08:11:22 Image size of job updated: 2516420
	2444  -  MemoryUsage of job (MB)
	2502440  -  ResidentSetSize of job (KB)
...
006 (7217804.001.000) 09/24 08:16:23 Image size of job updated: 2601296
	2537  -  MemoryUsage of job (MB)
	2597336  -  ResidentSetSize of job (KB)
...
006 (7217804.001.000) 09/24 08:21:23 Image size of job updated: 2640676
	2564  -  MemoryUsage of job (MB)
	2624600  -  ResidentSetSize of job (KB)
...
006 (7217804.001.000) 09/24 08:26:24 Image size of job updated: 3015384
	2938  -  MemoryUsage of job (MB)
	3008012  -  ResidentSetSize of job (KB)
...
006 (7217804.001.000) 09/24 08:31:25 Image size of job updated: 3521848
	3438  -  MemoryUsage of job (MB)
	3520264  -  ResidentSetSize of job (KB)
...
006 (7217804.001.000) 09/24 08:36:25 Image size of job updated: 6714312
	6557  -  MemoryUsage of job (MB)
	6714312  -  ResidentSetSize of job (KB)
...
006 (7217804.001.000) 09/24 08:41:27 Image size of job updated: 7444572
	7271  -  MemoryUsage of job (MB)
	7444572  -  ResidentSetSize of job (KB)
...
006 (7217804.001.000) 09/24 08:46:27 Image size of job updated: 8170020
	7979  -  MemoryUsage of job (MB)
	8170020  -  ResidentSetSize of job (KB)
...
006 (7217804.001.000) 09/24 08:51:27 Image size of job updated: 8894508
	8687  -  MemoryUsage of job (MB)
	8894508  -  ResidentSetSize of job (KB)
...
006 (7217804.001.000) 09/24 08:56:28 Image size of job updated: 9619528
	9395  -  MemoryUsage of job (MB)
	9619528  -  ResidentSetSize of job (KB)
...
006 (7217804.001.000) 09/24 08:59:05 Image size of job updated: 9927508
	9395  -  MemoryUsage of job (MB)
	9619528  -  ResidentSetSize of job (KB)
...
040 (7217804.001.000) 09/24 08:59:05 Started transferring output files
...
040 (7217804.001.000) 09/24 08:59:05 Finished transferring output files
...
005 (7217804.001.000) 09/24 08:59:05 Job terminated.
	(1) Normal termination (return value 50)
		Usr 0 02:31:57, Sys 0 00:01:07  -  Run Remote Usage
		Usr 0 00:00:00, Sys 0 00:00:00  -  Run Local Usage
		Usr 0 02:31:57, Sys 0 00:01:07  -  Total Remote Usage
		Usr 0 00:00:00, Sys 0 00:00:00  -  Total Local Usage
	85243  -  Run Bytes Sent By Job
	1416  -  Run Bytes Received By Job
	85243  -  Total Bytes Sent By Job
	1416  -  Total Bytes Received By Job
	Partitionable Resources :      Usage  Request Allocated Assigned
	   Cpus                 :       1.00        1         1 
	   Disk (KB)            : 5319988           2   6889645 
	   Gpus (Average)       :       0.00        1         1 "GPU-b24b403a"
	   GpusMemory (MB)      :     617                       
	   Memory (MB)          :    9395        2000      2000 

	Job terminated of its own accord at 2024-09-24T06:59:05Z with exit-code 50.
...
