000 (7217804.002.000) 09/23 13:21:29 Job submitted from host: <137.138.44.55:9618?addrs=137.138.44.55-9618+[2001-1458-d00-1a--48]-9618&alias=bigbird17.cern.ch&noUDP&sock=schedd_1981_6134>
...
040 (7217804.002.000) 09/24 06:31:27 Started transferring input files
	Transferring to host: <188.185.190.88:9618?addrs=188.185.190.88-9618+[2001-1458-d03-b--100-2c2]-9618&alias=b9pgpun006.cern.ch&noUDP&sock=slot1_1_228287_97dc_28359>
...
040 (7217804.002.000) 09/24 06:31:27 Finished transferring input files
...
001 (7217804.002.000) 09/24 06:31:28 Job executing on host: <188.185.190.88:9618?addrs=188.185.190.88-9618+[2001-1458-d03-b--100-2c2]-9618&alias=b9pgpun006.cern.ch&noUDP&sock=startd_192872_ba62>
	SlotName: slot1_1@b9pgpun006.cern.ch
	AvailableGPUs = { GPUs_GPU_880ddcee }
	CondorScratchDir = "/pool/condor/dir_3486606"
	Cpus = 1
	Disk = 748636
	GPUs = 1
	GPUs_GPU_880ddcee = [ GlobalMemoryMb = 95235; MaxSupportedVersion = 12040; DriverVersion = 12.4; DeviceUuid = "880ddcee-3175-ff0d-1814-e538ca55756e"; DeviceName = "NVIDIA H100 NVL"; CoresPerCU = 128; ECCEnabled = true; ComputeUnits = 132; ClockMhz = 1785.0; Id = "GPU-880ddcee"; DevicePciBusId = "0000:06:00.0"; Capability = 9.0 ]
	Memory = 2000
...
006 (7217804.002.000) 09/24 06:31:37 Image size of job updated: 2300260
	2247  -  MemoryUsage of job (MB)
	2300224  -  ResidentSetSize of job (KB)
...
006 (7217804.002.000) 09/24 06:36:39 Image size of job updated: 2423080
	2248  -  MemoryUsage of job (MB)
	2301396  -  ResidentSetSize of job (KB)
...
006 (7217804.002.000) 09/24 06:46:39 Image size of job updated: 2423080
	2269  -  MemoryUsage of job (MB)
	2322728  -  ResidentSetSize of job (KB)
...
006 (7217804.002.000) 09/24 06:51:40 Image size of job updated: 2423080
	2297  -  MemoryUsage of job (MB)
	2351204  -  ResidentSetSize of job (KB)
...
006 (7217804.002.000) 09/24 06:56:40 Image size of job updated: 2423080
	2308  -  MemoryUsage of job (MB)
	2363068  -  ResidentSetSize of job (KB)
...
006 (7217804.002.000) 09/24 07:01:41 Image size of job updated: 2423080
	2315  -  MemoryUsage of job (MB)
	2370260  -  ResidentSetSize of job (KB)
...
006 (7217804.002.000) 09/24 07:06:42 Image size of job updated: 2423080
	2324  -  MemoryUsage of job (MB)
	2378832  -  ResidentSetSize of job (KB)
...
006 (7217804.002.000) 09/24 07:11:42 Image size of job updated: 2423080
	2337  -  MemoryUsage of job (MB)
	2393000  -  ResidentSetSize of job (KB)
...
006 (7217804.002.000) 09/24 07:16:43 Image size of job updated: 2423080
	2342  -  MemoryUsage of job (MB)
	2397956  -  ResidentSetSize of job (KB)
...
006 (7217804.002.000) 09/24 07:21:43 Image size of job updated: 2423080
	2346  -  MemoryUsage of job (MB)
	2401840  -  ResidentSetSize of job (KB)
...
006 (7217804.002.000) 09/24 07:31:45 Image size of job updated: 2423080
	2350  -  MemoryUsage of job (MB)
	2406132  -  ResidentSetSize of job (KB)
...
006 (7217804.002.000) 09/24 07:36:45 Image size of job updated: 2423080
	2361  -  MemoryUsage of job (MB)
	2417556  -  ResidentSetSize of job (KB)
...
006 (7217804.002.000) 09/24 07:41:46 Image size of job updated: 2430612
	2361  -  MemoryUsage of job (MB)
	2417556  -  ResidentSetSize of job (KB)
...
006 (7217804.002.000) 09/24 07:46:46 Image size of job updated: 2438436
	2382  -  MemoryUsage of job (MB)
	2438376  -  ResidentSetSize of job (KB)
...
006 (7217804.002.000) 09/24 07:51:47 Image size of job updated: 2446512
	2390  -  MemoryUsage of job (MB)
	2446408  -  ResidentSetSize of job (KB)
...
006 (7217804.002.000) 09/24 07:56:47 Image size of job updated: 2455596
	2390  -  MemoryUsage of job (MB)
	2446408  -  ResidentSetSize of job (KB)
...
006 (7217804.002.000) 09/24 08:01:47 Image size of job updated: 2457480
	2390  -  MemoryUsage of job (MB)
	2446408  -  ResidentSetSize of job (KB)
...
006 (7217804.002.000) 09/24 08:06:48 Image size of job updated: 2457480
	2390  -  MemoryUsage of job (MB)
	2446572  -  ResidentSetSize of job (KB)
...
006 (7217804.002.000) 09/24 08:11:48 Image size of job updated: 2460948
	2390  -  MemoryUsage of job (MB)
	2446572  -  ResidentSetSize of job (KB)
...
006 (7217804.002.000) 09/24 08:16:50 Image size of job updated: 2467028
	2402  -  MemoryUsage of job (MB)
	2458696  -  ResidentSetSize of job (KB)
...
006 (7217804.002.000) 09/24 08:21:50 Image size of job updated: 2475748
	2412  -  MemoryUsage of job (MB)
	2469816  -  ResidentSetSize of job (KB)
...
006 (7217804.002.000) 09/24 08:26:50 Image size of job updated: 2477412
	2412  -  MemoryUsage of job (MB)
	2469816  -  ResidentSetSize of job (KB)
...
006 (7217804.002.000) 09/24 08:31:51 Image size of job updated: 2477412
	2416  -  MemoryUsage of job (MB)
	2473432  -  ResidentSetSize of job (KB)
...
006 (7217804.002.000) 09/24 08:36:51 Image size of job updated: 2482792
	2421  -  MemoryUsage of job (MB)
	2478820  -  ResidentSetSize of job (KB)
...
006 (7217804.002.000) 09/24 08:41:52 Image size of job updated: 2563400
	2501  -  MemoryUsage of job (MB)
	2560532  -  ResidentSetSize of job (KB)
...
006 (7217804.002.000) 09/24 08:46:52 Image size of job updated: 2603352
	2541  -  MemoryUsage of job (MB)
	2601468  -  ResidentSetSize of job (KB)
...
006 (7217804.002.000) 09/24 08:51:54 Image size of job updated: 2759076
	2611  -  MemoryUsage of job (MB)
	2672876  -  ResidentSetSize of job (KB)
...
006 (7217804.002.000) 09/24 08:56:54 Image size of job updated: 2998884
	2916  -  MemoryUsage of job (MB)
	2985608  -  ResidentSetSize of job (KB)
...
006 (7217804.002.000) 09/24 09:01:54 Image size of job updated: 3510624
	3374  -  MemoryUsage of job (MB)
	3454228  -  ResidentSetSize of job (KB)
...
006 (7217804.002.000) 09/24 09:06:55 Image size of job updated: 6418912
	6269  -  MemoryUsage of job (MB)
	6418912  -  ResidentSetSize of job (KB)
...
006 (7217804.002.000) 09/24 09:11:55 Image size of job updated: 7046148
	6882  -  MemoryUsage of job (MB)
	7046148  -  ResidentSetSize of job (KB)
...
006 (7217804.002.000) 09/24 09:16:56 Image size of job updated: 7675196
	7496  -  MemoryUsage of job (MB)
	7675196  -  ResidentSetSize of job (KB)
...
006 (7217804.002.000) 09/24 09:21:56 Image size of job updated: 8297972
	8104  -  MemoryUsage of job (MB)
	8297972  -  ResidentSetSize of job (KB)
...
006 (7217804.002.000) 09/24 09:26:58 Image size of job updated: 8924064
	8715  -  MemoryUsage of job (MB)
	8924064  -  ResidentSetSize of job (KB)
...
006 (7217804.002.000) 09/24 09:31:58 Image size of job updated: 9531640
	9309  -  MemoryUsage of job (MB)
	9531640  -  ResidentSetSize of job (KB)
...
006 (7217804.002.000) 09/24 09:35:45 Image size of job updated: 9925192
	9309  -  MemoryUsage of job (MB)
	9531824  -  ResidentSetSize of job (KB)
...
040 (7217804.002.000) 09/24 09:35:45 Started transferring output files
...
040 (7217804.002.000) 09/24 09:35:45 Finished transferring output files
...
005 (7217804.002.000) 09/24 09:35:45 Job terminated.
	(1) Normal termination (return value 50)
		Usr 0 03:02:16, Sys 0 00:01:49  -  Run Remote Usage
		Usr 0 00:00:00, Sys 0 00:00:00  -  Run Local Usage
		Usr 0 03:02:16, Sys 0 00:01:49  -  Total Remote Usage
		Usr 0 00:00:00, Sys 0 00:00:00  -  Total Local Usage
	84867  -  Run Bytes Sent By Job
	1416  -  Run Bytes Received By Job
	84867  -  Total Bytes Sent By Job
	1416  -  Total Bytes Received By Job
	Partitionable Resources :      Usage  Request Allocated Assigned
	   Cpus                 :       1.00        1         1 
	   Disk (KB)            : 5319988           2    748636 
	   Gpus (Average)       :       0.00        1         1 "GPU-880ddcee"
	   GpusMemory (MB)      :     599                       
	   Memory (MB)          :    9309        2000      2000 

	Job terminated of its own accord at 2024-09-24T07:35:45Z with exit-code 50.
...
