000 (7217804.004.000) 09/23 13:21:29 Job submitted from host: <137.138.44.55:9618?addrs=137.138.44.55-9618+[2001-1458-d00-1a--48]-9618&alias=bigbird17.cern.ch&noUDP&sock=schedd_1981_6134>
...
040 (7217804.004.000) 09/24 06:41:30 Started transferring input files
	Transferring to host: <188.185.190.106:9618?addrs=188.185.190.106-9618+[2001-1458-d03-b--100-2fd]-9618&alias=b9pgpun016.cern.ch&noUDP&sock=slot1_3_253491_175d_27130>
...
040 (7217804.004.000) 09/24 06:41:30 Finished transferring input files
...
001 (7217804.004.000) 09/24 06:41:31 Job executing on host: <188.185.190.106:9618?addrs=188.185.190.106-9618+[2001-1458-d03-b--100-2fd]-9618&alias=b9pgpun016.cern.ch&noUDP&sock=startd_216310_3f20>
	SlotName: slot1_3@b9pgpun016.cern.ch
	AvailableGPUs = { GPUs_GPU_d4f8c81a }
	CondorScratchDir = "/pool/condor/dir_3659957"
	Cpus = 1
	Disk = 6879200
	GPUs = 1
	GPUs_GPU_d4f8c81a = [ GlobalMemoryMb = 95235; MaxSupportedVersion = 12040; DriverVersion = 12.4; DeviceName = "NVIDIA H100 NVL"; CoresPerCU = 128; ECCEnabled = true; ComputeUnits = 132; ClockMhz = 1785.0; Id = "GPU-d4f8c81a"; Capability = 9.0; DevicePciBusId = "0000:AD:00.0"; DeviceUuid = "d4f8c81a-bbc4-b9de-f44a-115bead45779" ]
	Memory = 2000
...
006 (7217804.004.000) 09/24 06:41:40 Image size of job updated: 2428312
	1884  -  MemoryUsage of job (MB)
	1928392  -  ResidentSetSize of job (KB)
...
006 (7217804.004.000) 09/24 06:46:41 Image size of job updated: 2428312
	2156  -  MemoryUsage of job (MB)
	2206920  -  ResidentSetSize of job (KB)
...
006 (7217804.004.000) 09/24 06:51:41 Image size of job updated: 2428312
	2242  -  MemoryUsage of job (MB)
	2295152  -  ResidentSetSize of job (KB)
...
006 (7217804.004.000) 09/24 06:56:42 Image size of job updated: 2428312
	2292  -  MemoryUsage of job (MB)
	2346480  -  ResidentSetSize of job (KB)
...
006 (7217804.004.000) 09/24 07:01:43 Image size of job updated: 2428312
	2306  -  MemoryUsage of job (MB)
	2361212  -  ResidentSetSize of job (KB)
...
006 (7217804.004.000) 09/24 07:06:43 Image size of job updated: 2428312
	2318  -  MemoryUsage of job (MB)
	2373016  -  ResidentSetSize of job (KB)
...
006 (7217804.004.000) 09/24 07:11:44 Image size of job updated: 2428312
	2344  -  MemoryUsage of job (MB)
	2399596  -  ResidentSetSize of job (KB)
...
006 (7217804.004.000) 09/24 07:21:44 Image size of job updated: 2428312
	2347  -  MemoryUsage of job (MB)
	2403124  -  ResidentSetSize of job (KB)
...
006 (7217804.004.000) 09/24 07:26:45 Image size of job updated: 2428312
	2358  -  MemoryUsage of job (MB)
	2414196  -  ResidentSetSize of job (KB)
...
006 (7217804.004.000) 09/24 07:36:47 Image size of job updated: 2432876
	2358  -  MemoryUsage of job (MB)
	2414196  -  ResidentSetSize of job (KB)
...
006 (7217804.004.000) 09/24 07:41:47 Image size of job updated: 2435928
	2363  -  MemoryUsage of job (MB)
	2418904  -  ResidentSetSize of job (KB)
...
006 (7217804.004.000) 09/24 07:46:47 Image size of job updated: 2450556
	2390  -  MemoryUsage of job (MB)
	2446580  -  ResidentSetSize of job (KB)
...
006 (7217804.004.000) 09/24 07:51:48 Image size of job updated: 2457812
	2390  -  MemoryUsage of job (MB)
	2446580  -  ResidentSetSize of job (KB)
...
006 (7217804.004.000) 09/24 07:56:48 Image size of job updated: 2458644
	2392  -  MemoryUsage of job (MB)
	2449340  -  ResidentSetSize of job (KB)
...
006 (7217804.004.000) 09/24 08:01:48 Image size of job updated: 2458644
	2393  -  MemoryUsage of job (MB)
	2449440  -  ResidentSetSize of job (KB)
...
006 (7217804.004.000) 09/24 08:06:49 Image size of job updated: 2468296
	2393  -  MemoryUsage of job (MB)
	2449952  -  ResidentSetSize of job (KB)
...
006 (7217804.004.000) 09/24 08:11:49 Image size of job updated: 2477868
	2404  -  MemoryUsage of job (MB)
	2461124  -  ResidentSetSize of job (KB)
...
006 (7217804.004.000) 09/24 08:16:51 Image size of job updated: 2479064
	2407  -  MemoryUsage of job (MB)
	2464628  -  ResidentSetSize of job (KB)
...
006 (7217804.004.000) 09/24 08:21:51 Image size of job updated: 2479064
	2421  -  MemoryUsage of job (MB)
	2478288  -  ResidentSetSize of job (KB)
...
006 (7217804.004.000) 09/24 08:26:51 Image size of job updated: 2513248
	2441  -  MemoryUsage of job (MB)
	2499476  -  ResidentSetSize of job (KB)
...
006 (7217804.004.000) 09/24 08:31:52 Image size of job updated: 2596800
	2517  -  MemoryUsage of job (MB)
	2577180  -  ResidentSetSize of job (KB)
...
006 (7217804.004.000) 09/24 08:36:52 Image size of job updated: 2634600
	2563  -  MemoryUsage of job (MB)
	2623676  -  ResidentSetSize of job (KB)
...
006 (7217804.004.000) 09/24 08:41:52 Image size of job updated: 3009760
	2934  -  MemoryUsage of job (MB)
	3003616  -  ResidentSetSize of job (KB)
...
006 (7217804.004.000) 09/24 08:46:53 Image size of job updated: 3512000
	3426  -  MemoryUsage of job (MB)
	3507348  -  ResidentSetSize of job (KB)
...
006 (7217804.004.000) 09/24 08:51:53 Image size of job updated: 5521756
	5393  -  MemoryUsage of job (MB)
	5521756  -  ResidentSetSize of job (KB)
...
006 (7217804.004.000) 09/24 08:56:55 Image size of job updated: 6264080
	6118  -  MemoryUsage of job (MB)
	6264080  -  ResidentSetSize of job (KB)
...
006 (7217804.004.000) 09/24 09:01:55 Image size of job updated: 7003412
	6840  -  MemoryUsage of job (MB)
	7003408  -  ResidentSetSize of job (KB)
...
006 (7217804.004.000) 09/24 09:06:55 Image size of job updated: 7739608
	7559  -  MemoryUsage of job (MB)
	7739608  -  ResidentSetSize of job (KB)
...
006 (7217804.004.000) 09/24 09:11:56 Image size of job updated: 8478936
	8281  -  MemoryUsage of job (MB)
	8478936  -  ResidentSetSize of job (KB)
...
006 (7217804.004.000) 09/24 09:14:10 Image size of job updated: 8736984
	8281  -  MemoryUsage of job (MB)
	8478936  -  ResidentSetSize of job (KB)
...
040 (7217804.004.000) 09/24 09:14:10 Started transferring output files
...
040 (7217804.004.000) 09/24 09:14:10 Finished transferring output files
...
005 (7217804.004.000) 09/24 09:14:10 Job terminated.
	(1) Normal termination (return value 50)
		Usr 0 02:31:33, Sys 0 00:01:09  -  Run Remote Usage
		Usr 0 00:00:00, Sys 0 00:00:00  -  Run Local Usage
		Usr 0 02:31:33, Sys 0 00:01:09  -  Total Remote Usage
		Usr 0 00:00:00, Sys 0 00:00:00  -  Total Local Usage
	85246  -  Run Bytes Sent By Job
	1416  -  Run Bytes Received By Job
	85246  -  Total Bytes Sent By Job
	1416  -  Total Bytes Received By Job
	Partitionable Resources :      Usage  Request Allocated Assigned
	   Cpus                 :       1.00        1         1 
	   Disk (KB)            : 5319987           2   6879200 
	   Gpus (Average)       :       0.00        1         1 "GPU-d4f8c81a"
	   GpusMemory (MB)      :     599                       
	   Memory (MB)          :    8281        2000      2000 

	Job terminated of its own accord at 2024-09-24T07:14:10Z with exit-code 50.
...
