000 (7187329.003.000) 08/26 07:57:07 Job submitted from host: <137.138.44.55:9618?addrs=137.138.44.55-9618+[2001-1458-d00-1a--48]-9618&alias=bigbird17.cern.ch&noUDP&sock=schedd_23962_8474>
...
040 (7187329.003.000) 08/29 00:26:48 Started transferring input files
	Transferring to host: <188.185.92.94:9618?addrs=188.185.92.94-9618+[2001-1458-d00-6c--100-91]-9618&alias=b9g57n5555.cern.ch&noUDP&sock=slot1_1_17435_48de_110485>
...
040 (7187329.003.000) 08/29 00:26:48 Finished transferring input files
...
001 (7187329.003.000) 08/29 00:26:49 Job executing on host: <188.185.92.94:9618?addrs=188.185.92.94-9618+[2001-1458-d00-6c--100-91]-9618&alias=b9g57n5555.cern.ch&noUDP&sock=startd_17379_207f>
	SlotName: slot1_1@b9g57n5555.cern.ch
	AvailableGPUs = { GPUs_GPU_c25adc0c }
	CondorScratchDir = "/pool/condor/dir_852039"
	Cpus = 1
	Disk = 318281
	GPUs = 1
	GPUs_GPU_c25adc0c = [ GlobalMemoryMb = 40326; MaxSupportedVersion = 12040; DriverVersion = 12.4; DeviceUuid = "c25adc0c-f079-799e-ebde-bae2b8d3b142"; DeviceName = "NVIDIA A100-PCIE-40GB"; CoresPerCU = 64; ECCEnabled = true; ComputeUnits = 108; ClockMhz = 1410.0; Id = "GPU-c25adc0c"; DevicePciBusId = "0000:06:00.0"; Capability = 8.0 ]
	Memory = 2000
...
006 (7187329.003.000) 08/29 00:26:58 Image size of job updated: 31389736
	20248  -  MemoryUsage of job (MB)
	20732932  -  ResidentSetSize of job (KB)
...
006 (7187329.003.000) 08/29 00:31:58 Image size of job updated: 31389736
	20975  -  MemoryUsage of job (MB)
	21478376  -  ResidentSetSize of job (KB)
...
006 (7187329.003.000) 08/29 00:41:59 Image size of job updated: 31389736
	21116  -  MemoryUsage of job (MB)
	21622580  -  ResidentSetSize of job (KB)
...
006 (7187329.003.000) 08/29 00:46:59 Image size of job updated: 31389736
	21595  -  MemoryUsage of job (MB)
	22112944  -  ResidentSetSize of job (KB)
...
006 (7187329.003.000) 08/29 00:57:00 Image size of job updated: 31389736
	22271  -  MemoryUsage of job (MB)
	22805020  -  ResidentSetSize of job (KB)
...
006 (7187329.003.000) 08/29 01:02:01 Image size of job updated: 31389736
	22278  -  MemoryUsage of job (MB)
	22812380  -  ResidentSetSize of job (KB)
...
006 (7187329.003.000) 08/29 01:07:01 Image size of job updated: 31389736
	23008  -  MemoryUsage of job (MB)
	23559328  -  ResidentSetSize of job (KB)
...
006 (7187329.003.000) 08/29 01:22:03 Image size of job updated: 31389736
	23480  -  MemoryUsage of job (MB)
	24042820  -  ResidentSetSize of job (KB)
...
006 (7187329.003.000) 08/29 01:27:03 Image size of job updated: 31389736
	23966  -  MemoryUsage of job (MB)
	24540684  -  ResidentSetSize of job (KB)
...
006 (7187329.003.000) 08/29 01:42:04 Image size of job updated: 31389736
	24078  -  MemoryUsage of job (MB)
	24655056  -  ResidentSetSize of job (KB)
...
006 (7187329.003.000) 08/29 02:42:10 Image size of job updated: 31389736
	24112  -  MemoryUsage of job (MB)
	24690548  -  ResidentSetSize of job (KB)
...
006 (7187329.003.000) 08/29 02:47:11 Image size of job updated: 31389736
	24176  -  MemoryUsage of job (MB)
	24755700  -  ResidentSetSize of job (KB)
...
006 (7187329.003.000) 08/29 02:57:12 Image size of job updated: 31389736
	25720  -  MemoryUsage of job (MB)
	26336848  -  ResidentSetSize of job (KB)
...
006 (7187329.003.000) 08/29 03:02:12 Image size of job updated: 31389736
	26108  -  MemoryUsage of job (MB)
	26733620  -  ResidentSetSize of job (KB)
...
040 (7187329.003.000) 08/29 03:05:42 Started transferring output files
...
040 (7187329.003.000) 08/29 03:05:42 Finished transferring output files
...
005 (7187329.003.000) 08/29 03:05:42 Job terminated.
	(1) Normal termination (return value 50)
		Usr 1 05:28:58, Sys 2 04:32:09  -  Run Remote Usage
		Usr 0 00:00:00, Sys 0 00:00:00  -  Run Local Usage
		Usr 1 05:28:58, Sys 2 04:32:09  -  Total Remote Usage
		Usr 0 00:00:00, Sys 0 00:00:00  -  Total Local Usage
	63896  -  Run Bytes Sent By Job
	2960  -  Run Bytes Received By Job
	63896  -  Total Bytes Sent By Job
	2960  -  Total Bytes Received By Job
	Partitionable Resources :      Usage  Request Allocated Assigned
	   Cpus                 :       1.00        1         1 
	   Disk (KB)            : 1181907           3    318281 
	   Gpus (Average)       :       0.08        1         1 "GPU-c25adc0c"
	   GpusMemory (MB)      :    6687                       
	   Memory (MB)          :   26108        2000      2000 

	Job terminated of its own accord at 2024-08-29T01:05:42Z with exit-code 50.
...
