000 (7187314.001.000) 08/26 07:56:02 Job submitted from host: <137.138.44.55:9618?addrs=137.138.44.55-9618+[2001-1458-d00-1a--48]-9618&alias=bigbird17.cern.ch&noUDP&sock=schedd_23962_8474>
...
040 (7187314.001.000) 08/26 15:10:22 Started transferring input files
	Transferring to host: <128.142.248.15:9618?addrs=128.142.248.15-9618+[2001-1458-301-73--100-ff]-9618&alias=b9g23p2723.cern.ch&noUDP&sock=slot1_33_3961800_404a_9401>
...
040 (7187314.001.000) 08/26 15:10:22 Finished transferring input files
...
001 (7187314.001.000) 08/26 15:10:23 Job executing on host: <128.142.248.15:9618?addrs=128.142.248.15-9618+[2001-1458-301-73--100-ff]-9618&alias=b9g23p2723.cern.ch&noUDP&sock=startd_5130_54ef>
	SlotName: slot1_33@b9g23p2723.cern.ch
	CondorScratchDir = "/pool/condor/dir_593168"
	Cpus = 1
	Disk = 2947137
	Memory = 2000
...
006 (7187314.001.000) 08/26 15:10:32 Image size of job updated: 576316
	563  -  MemoryUsage of job (MB)
	576292  -  ResidentSetSize of job (KB)
...
006 (7187314.001.000) 08/26 15:15:33 Image size of job updated: 1428852
	1117  -  MemoryUsage of job (MB)
	1142900  -  ResidentSetSize of job (KB)
...
006 (7187314.001.000) 08/26 15:20:33 Image size of job updated: 1428852
	1176  -  MemoryUsage of job (MB)
	1204224  -  ResidentSetSize of job (KB)
...
006 (7187314.001.000) 08/26 15:25:34 Image size of job updated: 1428852
	1247  -  MemoryUsage of job (MB)
	1276912  -  ResidentSetSize of job (KB)
...
006 (7187314.001.000) 08/26 15:30:34 Image size of job updated: 1428852
	1258  -  MemoryUsage of job (MB)
	1288004  -  ResidentSetSize of job (KB)
...
006 (7187314.001.000) 08/26 15:40:36 Image size of job updated: 1428852
	1364  -  MemoryUsage of job (MB)
	1396604  -  ResidentSetSize of job (KB)
...
006 (7187314.001.000) 08/26 15:45:36 Image size of job updated: 1471572
	1393  -  MemoryUsage of job (MB)
	1426000  -  ResidentSetSize of job (KB)
...
006 (7187314.001.000) 08/26 15:50:37 Image size of job updated: 1471572
	1419  -  MemoryUsage of job (MB)
	1452328  -  ResidentSetSize of job (KB)
...
006 (7187314.001.000) 08/26 15:55:37 Image size of job updated: 1512164
	1471  -  MemoryUsage of job (MB)
	1505384  -  ResidentSetSize of job (KB)
...
006 (7187314.001.000) 08/26 16:00:38 Image size of job updated: 1589316
	1543  -  MemoryUsage of job (MB)
	1579520  -  ResidentSetSize of job (KB)
...
006 (7187314.001.000) 08/26 16:05:39 Image size of job updated: 1691852
	1606  -  MemoryUsage of job (MB)
	1643936  -  ResidentSetSize of job (KB)
...
006 (7187314.001.000) 08/26 16:10:39 Image size of job updated: 1721388
	1673  -  MemoryUsage of job (MB)
	1712152  -  ResidentSetSize of job (KB)
...
006 (7187314.001.000) 08/26 16:15:40 Image size of job updated: 1779776
	1731  -  MemoryUsage of job (MB)
	1771728  -  ResidentSetSize of job (KB)
...
006 (7187314.001.000) 08/26 16:20:40 Image size of job updated: 1827736
	1785  -  MemoryUsage of job (MB)
	1827724  -  ResidentSetSize of job (KB)
...
006 (7187314.001.000) 08/26 16:25:40 Image size of job updated: 1854856
	1801  -  MemoryUsage of job (MB)
	1843972  -  ResidentSetSize of job (KB)
...
006 (7187314.001.000) 08/26 16:30:41 Image size of job updated: 1895932
	1848  -  MemoryUsage of job (MB)
	1891456  -  ResidentSetSize of job (KB)
...
006 (7187314.001.000) 08/26 16:35:42 Image size of job updated: 1930884
	1871  -  MemoryUsage of job (MB)
	1915644  -  ResidentSetSize of job (KB)
...
006 (7187314.001.000) 08/26 16:40:42 Image size of job updated: 1987124
	1921  -  MemoryUsage of job (MB)
	1967056  -  ResidentSetSize of job (KB)
...
006 (7187314.001.000) 08/26 16:45:43 Image size of job updated: 2033288
	1986  -  MemoryUsage of job (MB)
	2032764  -  ResidentSetSize of job (KB)
...
006 (7187314.001.000) 08/26 16:50:43 Image size of job updated: 2072284
	2021  -  MemoryUsage of job (MB)
	2068692  -  ResidentSetSize of job (KB)
...
006 (7187314.001.000) 08/26 16:55:43 Image size of job updated: 2108888
	2044  -  MemoryUsage of job (MB)
	2092556  -  ResidentSetSize of job (KB)
...
006 (7187314.001.000) 08/26 17:00:44 Image size of job updated: 2182892
	2098  -  MemoryUsage of job (MB)
	2148044  -  ResidentSetSize of job (KB)
...
006 (7187314.001.000) 08/26 17:05:44 Image size of job updated: 2210740
	2150  -  MemoryUsage of job (MB)
	2201380  -  ResidentSetSize of job (KB)
...
006 (7187314.001.000) 08/26 17:10:45 Image size of job updated: 2230204
	2173  -  MemoryUsage of job (MB)
	2224752  -  ResidentSetSize of job (KB)
...
006 (7187314.001.000) 08/26 17:15:45 Image size of job updated: 2259652
	2202  -  MemoryUsage of job (MB)
	2254484  -  ResidentSetSize of job (KB)
...
006 (7187314.001.000) 08/26 17:20:46 Image size of job updated: 2282856
	2203  -  MemoryUsage of job (MB)
	2255252  -  ResidentSetSize of job (KB)
...
006 (7187314.001.000) 08/26 17:25:47 Image size of job updated: 2327336
	2273  -  MemoryUsage of job (MB)
	2327336  -  ResidentSetSize of job (KB)
...
006 (7187314.001.000) 08/26 17:30:47 Image size of job updated: 2377540
	2321  -  MemoryUsage of job (MB)
	2376204  -  ResidentSetSize of job (KB)
...
006 (7187314.001.000) 08/26 17:35:48 Image size of job updated: 2410644
	2346  -  MemoryUsage of job (MB)
	2401764  -  ResidentSetSize of job (KB)
...
006 (7187314.001.000) 08/26 17:40:48 Image size of job updated: 2461392
	2390  -  MemoryUsage of job (MB)
	2446556  -  ResidentSetSize of job (KB)
...
006 (7187314.001.000) 08/26 17:45:48 Image size of job updated: 2505936
	2420  -  MemoryUsage of job (MB)
	2477612  -  ResidentSetSize of job (KB)
...
006 (7187314.001.000) 08/26 17:50:49 Image size of job updated: 2525696
	2441  -  MemoryUsage of job (MB)
	2499460  -  ResidentSetSize of job (KB)
...
006 (7187314.001.000) 08/26 17:55:50 Image size of job updated: 2598704
	2538  -  MemoryUsage of job (MB)
	2598704  -  ResidentSetSize of job (KB)
...
006 (7187314.001.000) 08/26 18:00:50 Image size of job updated: 2675332
	2561  -  MemoryUsage of job (MB)
	2622460  -  ResidentSetSize of job (KB)
...
006 (7187314.001.000) 08/26 18:05:51 Image size of job updated: 2688604
	2610  -  MemoryUsage of job (MB)
	2671960  -  ResidentSetSize of job (KB)
...
006 (7187314.001.000) 08/26 18:10:51 Image size of job updated: 2756040
	2680  -  MemoryUsage of job (MB)
	2744144  -  ResidentSetSize of job (KB)
...
006 (7187314.001.000) 08/26 18:15:51 Image size of job updated: 2783384
	2713  -  MemoryUsage of job (MB)
	2777136  -  ResidentSetSize of job (KB)
...
006 (7187314.001.000) 08/26 18:20:52 Image size of job updated: 2839096
	2750  -  MemoryUsage of job (MB)
	2815660  -  ResidentSetSize of job (KB)
...
006 (7187314.001.000) 08/26 18:25:53 Image size of job updated: 2871616
	2792  -  MemoryUsage of job (MB)
	2858060  -  ResidentSetSize of job (KB)
...
006 (7187314.001.000) 08/26 18:30:53 Image size of job updated: 2918728
	2834  -  MemoryUsage of job (MB)
	2901824  -  ResidentSetSize of job (KB)
...
006 (7187314.001.000) 08/26 18:35:54 Image size of job updated: 2946740
	2866  -  MemoryUsage of job (MB)
	2933776  -  ResidentSetSize of job (KB)
...
006 (7187314.001.000) 08/26 18:40:54 Image size of job updated: 3018380
	2920  -  MemoryUsage of job (MB)
	2989468  -  ResidentSetSize of job (KB)
...
006 (7187314.001.000) 08/26 18:45:54 Image size of job updated: 3019612
	2934  -  MemoryUsage of job (MB)
	3003756  -  ResidentSetSize of job (KB)
...
006 (7187314.001.000) 08/26 18:50:55 Image size of job updated: 3022944
	2953  -  MemoryUsage of job (MB)
	3022944  -  ResidentSetSize of job (KB)
...
006 (7187314.001.000) 08/26 18:55:56 Image size of job updated: 3086644
	3000  -  MemoryUsage of job (MB)
	3071952  -  ResidentSetSize of job (KB)
...
006 (7187314.001.000) 08/26 19:00:56 Image size of job updated: 3120948
	3048  -  MemoryUsage of job (MB)
	3120900  -  ResidentSetSize of job (KB)
...
006 (7187314.001.000) 08/26 19:05:57 Image size of job updated: 3150264
	3077  -  MemoryUsage of job (MB)
	3150200  -  ResidentSetSize of job (KB)
...
006 (7187314.001.000) 08/26 19:10:57 Image size of job updated: 3175776
	3102  -  MemoryUsage of job (MB)
	3175776  -  ResidentSetSize of job (KB)
...
006 (7187314.001.000) 08/26 19:15:57 Image size of job updated: 3261020
	3102  -  MemoryUsage of job (MB)
	3176032  -  ResidentSetSize of job (KB)
...
006 (7187314.001.000) 08/26 19:46:00 Image size of job updated: 3261020
	3128  -  MemoryUsage of job (MB)
	3202880  -  ResidentSetSize of job (KB)
...
006 (7187314.001.000) 08/26 19:51:01 Image size of job updated: 3274740
	3185  -  MemoryUsage of job (MB)
	3261268  -  ResidentSetSize of job (KB)
...
006 (7187314.001.000) 08/26 19:56:02 Image size of job updated: 3316016
	3231  -  MemoryUsage of job (MB)
	3307548  -  ResidentSetSize of job (KB)
...
006 (7187314.001.000) 08/26 20:01:02 Image size of job updated: 3383348
	3302  -  MemoryUsage of job (MB)
	3380608  -  ResidentSetSize of job (KB)
...
006 (7187314.001.000) 08/26 20:06:03 Image size of job updated: 3442680
	3358  -  MemoryUsage of job (MB)
	3438276  -  ResidentSetSize of job (KB)
...
006 (7187314.001.000) 08/26 20:11:04 Image size of job updated: 3487048
	3360  -  MemoryUsage of job (MB)
	3440324  -  ResidentSetSize of job (KB)
...
006 (7187314.001.000) 08/26 20:16:04 Image size of job updated: 3512688
	3428  -  MemoryUsage of job (MB)
	3510164  -  ResidentSetSize of job (KB)
...
006 (7187314.001.000) 08/26 20:21:04 Image size of job updated: 3566820
	3465  -  MemoryUsage of job (MB)
	3547704  -  ResidentSetSize of job (KB)
...
006 (7187314.001.000) 08/26 20:26:05 Image size of job updated: 3658528
	3573  -  MemoryUsage of job (MB)
	3658528  -  ResidentSetSize of job (KB)
...
006 (7187314.001.000) 08/26 20:31:06 Image size of job updated: 3684812
	3585  -  MemoryUsage of job (MB)
	3670628  -  ResidentSetSize of job (KB)
...
006 (7187314.001.000) 08/26 20:36:07 Image size of job updated: 3694520
	3603  -  MemoryUsage of job (MB)
	3688924  -  ResidentSetSize of job (KB)
...
006 (7187314.001.000) 08/26 20:41:07 Image size of job updated: 3710036
	3615  -  MemoryUsage of job (MB)
	3701636  -  ResidentSetSize of job (KB)
...
006 (7187314.001.000) 08/26 20:46:08 Image size of job updated: 3754016
	3650  -  MemoryUsage of job (MB)
	3737220  -  ResidentSetSize of job (KB)
...
006 (7187314.001.000) 08/26 20:51:09 Image size of job updated: 3784880
	3696  -  MemoryUsage of job (MB)
	3783780  -  ResidentSetSize of job (KB)
...
006 (7187314.001.000) 08/26 20:56:09 Image size of job updated: 3819908
	3702  -  MemoryUsage of job (MB)
	3790768  -  ResidentSetSize of job (KB)
...
006 (7187314.001.000) 08/26 21:01:09 Image size of job updated: 3825388
	3713  -  MemoryUsage of job (MB)
	3801492  -  ResidentSetSize of job (KB)
...
006 (7187314.001.000) 08/26 21:06:10 Image size of job updated: 3859840
	3753  -  MemoryUsage of job (MB)
	3842352  -  ResidentSetSize of job (KB)
...
006 (7187314.001.000) 08/26 21:11:11 Image size of job updated: 3893708
	3784  -  MemoryUsage of job (MB)
	3874252  -  ResidentSetSize of job (KB)
...
006 (7187314.001.000) 08/26 21:16:11 Image size of job updated: 3971676
	3834  -  MemoryUsage of job (MB)
	3925756  -  ResidentSetSize of job (KB)
...
006 (7187314.001.000) 08/26 21:21:12 Image size of job updated: 3988372
	3895  -  MemoryUsage of job (MB)
	3988372  -  ResidentSetSize of job (KB)
...
006 (7187314.001.000) 08/26 21:26:13 Image size of job updated: 4035388
	3895  -  MemoryUsage of job (MB)
	3988372  -  ResidentSetSize of job (KB)
...
006 (7187314.001.000) 08/26 22:56:21 Image size of job updated: 4067164
	3972  -  MemoryUsage of job (MB)
	4067164  -  ResidentSetSize of job (KB)
...
006 (7187314.001.000) 08/26 23:01:22 Image size of job updated: 4167816
	4053  -  MemoryUsage of job (MB)
	4149664  -  ResidentSetSize of job (KB)
...
006 (7187314.001.000) 08/26 23:06:23 Image size of job updated: 4176516
	4078  -  MemoryUsage of job (MB)
	4175164  -  ResidentSetSize of job (KB)
...
006 (7187314.001.000) 08/26 23:11:23 Image size of job updated: 4267088
	4168  -  MemoryUsage of job (MB)
	4267088  -  ResidentSetSize of job (KB)
...
006 (7187314.001.000) 08/26 23:16:23 Image size of job updated: 4311980
	4211  -  MemoryUsage of job (MB)
	4311980  -  ResidentSetSize of job (KB)
...
006 (7187314.001.000) 08/26 23:21:24 Image size of job updated: 4404580
	4301  -  MemoryUsage of job (MB)
	4403932  -  ResidentSetSize of job (KB)
...
006 (7187314.001.000) 08/26 23:26:25 Image size of job updated: 4420504
	4301  -  MemoryUsage of job (MB)
	4403932  -  ResidentSetSize of job (KB)
...
006 (7187314.001.000) 08/26 23:36:26 Image size of job updated: 4474740
	4346  -  MemoryUsage of job (MB)
	4450000  -  ResidentSetSize of job (KB)
...
006 (7187314.001.000) 08/26 23:41:27 Image size of job updated: 4559756
	4438  -  MemoryUsage of job (MB)
	4544056  -  ResidentSetSize of job (KB)
...
006 (7187314.001.000) 08/26 23:46:27 Image size of job updated: 4686472
	4577  -  MemoryUsage of job (MB)
	4686472  -  ResidentSetSize of job (KB)
...
006 (7187314.001.000) 08/26 23:51:28 Image size of job updated: 4783368
	4672  -  MemoryUsage of job (MB)
	4783368  -  ResidentSetSize of job (KB)
...
006 (7187314.001.000) 08/26 23:56:29 Image size of job updated: 4896296
	4782  -  MemoryUsage of job (MB)
	4896248  -  ResidentSetSize of job (KB)
...
006 (7187314.001.000) 08/27 00:01:29 Image size of job updated: 4988700
	4868  -  MemoryUsage of job (MB)
	4984628  -  ResidentSetSize of job (KB)
...
006 (7187314.001.000) 08/27 00:06:30 Image size of job updated: 5058928
	4869  -  MemoryUsage of job (MB)
	4984884  -  ResidentSetSize of job (KB)
...
006 (7187314.001.000) 08/27 00:31:32 Image size of job updated: 5095520
	4977  -  MemoryUsage of job (MB)
	5095444  -  ResidentSetSize of job (KB)
...
006 (7187314.001.000) 08/27 00:36:32 Image size of job updated: 5328612
	5204  -  MemoryUsage of job (MB)
	5328612  -  ResidentSetSize of job (KB)
...
006 (7187314.001.000) 08/27 00:41:33 Image size of job updated: 5566192
	5436  -  MemoryUsage of job (MB)
	5566192  -  ResidentSetSize of job (KB)
...
006 (7187314.001.000) 08/27 00:46:33 Image size of job updated: 5815296
	5679  -  MemoryUsage of job (MB)
	5815296  -  ResidentSetSize of job (KB)
...
006 (7187314.001.000) 08/27 00:51:34 Image size of job updated: 6064772
	5923  -  MemoryUsage of job (MB)
	6064772  -  ResidentSetSize of job (KB)
...
006 (7187314.001.000) 08/27 00:56:34 Image size of job updated: 6310228
	6163  -  MemoryUsage of job (MB)
	6310228  -  ResidentSetSize of job (KB)
...
006 (7187314.001.000) 08/27 01:01:34 Image size of job updated: 6559212
	6406  -  MemoryUsage of job (MB)
	6559212  -  ResidentSetSize of job (KB)
...
006 (7187314.001.000) 08/27 01:06:35 Image size of job updated: 6809248
	6650  -  MemoryUsage of job (MB)
	6809248  -  ResidentSetSize of job (KB)
...
006 (7187314.001.000) 08/27 01:11:36 Image size of job updated: 7052088
	6887  -  MemoryUsage of job (MB)
	7052088  -  ResidentSetSize of job (KB)
...
006 (7187314.001.000) 08/27 01:16:36 Image size of job updated: 7304776
	7134  -  MemoryUsage of job (MB)
	7304776  -  ResidentSetSize of job (KB)
...
006 (7187314.001.000) 08/27 01:21:37 Image size of job updated: 7545116
	7369  -  MemoryUsage of job (MB)
	7544900  -  ResidentSetSize of job (KB)
...
006 (7187314.001.000) 08/27 01:26:37 Image size of job updated: 7782388
	7600  -  MemoryUsage of job (MB)
	7782388  -  ResidentSetSize of job (KB)
...
006 (7187314.001.000) 08/27 01:31:38 Image size of job updated: 8029692
	7842  -  MemoryUsage of job (MB)
	8029692  -  ResidentSetSize of job (KB)
...
006 (7187314.001.000) 08/27 01:36:39 Image size of job updated: 8167492
	7842  -  MemoryUsage of job (MB)
	8029692  -  ResidentSetSize of job (KB)
...
006 (7187314.001.000) 08/27 01:41:39 Image size of job updated: 8194380
	8003  -  MemoryUsage of job (MB)
	8194380  -  ResidentSetSize of job (KB)
...
006 (7187314.001.000) 08/27 01:46:40 Image size of job updated: 8345548
	8003  -  MemoryUsage of job (MB)
	8194636  -  ResidentSetSize of job (KB)
...
040 (7187314.001.000) 08/27 02:34:59 Started transferring output files
...
040 (7187314.001.000) 08/27 02:34:59 Finished transferring output files
...
005 (7187314.001.000) 08/27 02:34:59 Job terminated.
	(1) Normal termination (return value 50)
		Usr 0 10:58:16, Sys 0 00:09:04  -  Run Remote Usage
		Usr 0 00:00:00, Sys 0 00:00:00  -  Run Local Usage
		Usr 0 10:58:16, Sys 0 00:09:04  -  Total Remote Usage
		Usr 0 00:00:00, Sys 0 00:00:00  -  Total Local Usage
	233591  -  Run Bytes Sent By Job
	2914  -  Run Bytes Received By Job
	233591  -  Total Bytes Sent By Job
	2914  -  Total Bytes Received By Job
	Partitionable Resources :      Usage  Request Allocated 
	   Cpus                 :       0.99        1         1 
	   Disk (KB)            : 8228261           3   2947137 
	   Memory (MB)          :    8003        2000      2000 

	Job terminated of its own accord at 2024-08-27T00:34:59Z with exit-code 50.
...
