000 (7187314.000.000) 08/26 07:56:02 Job submitted from host: <137.138.44.55:9618?addrs=137.138.44.55-9618+[2001-1458-d00-1a--48]-9618&alias=bigbird17.cern.ch&noUDP&sock=schedd_23962_8474>
...
040 (7187314.000.000) 08/26 15:02:56 Started transferring input files
	Transferring to host: <128.142.248.197:9618?addrs=128.142.248.197-9618+[2001-1458-301-73--100-c4]-9618&alias=b9g23p2961.cern.ch&noUDP&sock=slot1_21_7499_794a_5031>
...
040 (7187314.000.000) 08/26 15:02:56 Finished transferring input files
...
001 (7187314.000.000) 08/26 15:02:57 Job executing on host: <128.142.248.197:9618?addrs=128.142.248.197-9618+[2001-1458-301-73--100-c4]-9618&alias=b9g23p2961.cern.ch&noUDP&sock=startd_5911_0866>
	SlotName: slot1_21@b9g23p2961.cern.ch
	CondorScratchDir = "/pool/condor/dir_158837"
	Cpus = 1
	Disk = 3010368
	Memory = 2000
...
006 (7187314.000.000) 08/26 15:03:06 Image size of job updated: 1248484
	1220  -  MemoryUsage of job (MB)
	1248468  -  ResidentSetSize of job (KB)
...
006 (7187314.000.000) 08/26 15:08:07 Image size of job updated: 1436700
	1230  -  MemoryUsage of job (MB)
	1259092  -  ResidentSetSize of job (KB)
...
006 (7187314.000.000) 08/26 15:13:08 Image size of job updated: 1436700
	1242  -  MemoryUsage of job (MB)
	1271172  -  ResidentSetSize of job (KB)
...
006 (7187314.000.000) 08/26 15:18:08 Image size of job updated: 1436700
	1304  -  MemoryUsage of job (MB)
	1334716  -  ResidentSetSize of job (KB)
...
006 (7187314.000.000) 08/26 15:23:09 Image size of job updated: 1451640
	1398  -  MemoryUsage of job (MB)
	1430992  -  ResidentSetSize of job (KB)
...
006 (7187314.000.000) 08/26 15:28:10 Image size of job updated: 1481060
	1420  -  MemoryUsage of job (MB)
	1453412  -  ResidentSetSize of job (KB)
...
006 (7187314.000.000) 08/26 15:33:10 Image size of job updated: 1565412
	1516  -  MemoryUsage of job (MB)
	1551692  -  ResidentSetSize of job (KB)
...
006 (7187314.000.000) 08/26 15:38:11 Image size of job updated: 1701096
	1632  -  MemoryUsage of job (MB)
	1670296  -  ResidentSetSize of job (KB)
...
006 (7187314.000.000) 08/26 15:43:11 Image size of job updated: 1777336
	1689  -  MemoryUsage of job (MB)
	1729212  -  ResidentSetSize of job (KB)
...
006 (7187314.000.000) 08/26 15:48:11 Image size of job updated: 1839616
	1780  -  MemoryUsage of job (MB)
	1822380  -  ResidentSetSize of job (KB)
...
006 (7187314.000.000) 08/26 15:53:12 Image size of job updated: 1871200
	1821  -  MemoryUsage of job (MB)
	1863688  -  ResidentSetSize of job (KB)
...
006 (7187314.000.000) 08/26 15:58:12 Image size of job updated: 1947620
	1898  -  MemoryUsage of job (MB)
	1943488  -  ResidentSetSize of job (KB)
...
006 (7187314.000.000) 08/26 16:03:13 Image size of job updated: 2032148
	1976  -  MemoryUsage of job (MB)
	2023400  -  ResidentSetSize of job (KB)
...
006 (7187314.000.000) 08/26 16:08:13 Image size of job updated: 2090492
	2037  -  MemoryUsage of job (MB)
	2085856  -  ResidentSetSize of job (KB)
...
006 (7187314.000.000) 08/26 16:13:14 Image size of job updated: 2155564
	2090  -  MemoryUsage of job (MB)
	2139972  -  ResidentSetSize of job (KB)
...
006 (7187314.000.000) 08/26 16:18:14 Image size of job updated: 2236252
	2156  -  MemoryUsage of job (MB)
	2206772  -  ResidentSetSize of job (KB)
...
006 (7187314.000.000) 08/26 16:23:14 Image size of job updated: 2270156
	2205  -  MemoryUsage of job (MB)
	2257028  -  ResidentSetSize of job (KB)
...
006 (7187314.000.000) 08/26 16:28:15 Image size of job updated: 2303220
	2243  -  MemoryUsage of job (MB)
	2296820  -  ResidentSetSize of job (KB)
...
006 (7187314.000.000) 08/26 16:33:16 Image size of job updated: 2378684
	2307  -  MemoryUsage of job (MB)
	2361376  -  ResidentSetSize of job (KB)
...
006 (7187314.000.000) 08/26 16:38:16 Image size of job updated: 2458240
	2382  -  MemoryUsage of job (MB)
	2438460  -  ResidentSetSize of job (KB)
...
006 (7187314.000.000) 08/26 16:43:17 Image size of job updated: 2516304
	2430  -  MemoryUsage of job (MB)
	2487932  -  ResidentSetSize of job (KB)
...
006 (7187314.000.000) 08/26 16:48:17 Image size of job updated: 2603228
	2501  -  MemoryUsage of job (MB)
	2560532  -  ResidentSetSize of job (KB)
...
006 (7187314.000.000) 08/26 16:53:18 Image size of job updated: 2685196
	2586  -  MemoryUsage of job (MB)
	2647252  -  ResidentSetSize of job (KB)
...
006 (7187314.000.000) 08/26 16:58:18 Image size of job updated: 2739548
	2664  -  MemoryUsage of job (MB)
	2727468  -  ResidentSetSize of job (KB)
...
006 (7187314.000.000) 08/26 17:03:19 Image size of job updated: 2799116
	2725  -  MemoryUsage of job (MB)
	2790276  -  ResidentSetSize of job (KB)
...
006 (7187314.000.000) 08/26 17:08:19 Image size of job updated: 2869340
	2790  -  MemoryUsage of job (MB)
	2856004  -  ResidentSetSize of job (KB)
...
006 (7187314.000.000) 08/26 17:13:20 Image size of job updated: 2928588
	2859  -  MemoryUsage of job (MB)
	2926636  -  ResidentSetSize of job (KB)
...
006 (7187314.000.000) 08/26 17:18:21 Image size of job updated: 3028040
	2933  -  MemoryUsage of job (MB)
	3002632  -  ResidentSetSize of job (KB)
...
006 (7187314.000.000) 08/26 17:23:21 Image size of job updated: 3029360
	2958  -  MemoryUsage of job (MB)
	3028004  -  ResidentSetSize of job (KB)
...
006 (7187314.000.000) 08/26 17:28:22 Image size of job updated: 3093832
	2984  -  MemoryUsage of job (MB)
	3054884  -  ResidentSetSize of job (KB)
...
006 (7187314.000.000) 08/26 19:23:34 Image size of job updated: 3102548
	3016  -  MemoryUsage of job (MB)
	3087440  -  ResidentSetSize of job (KB)
...
006 (7187314.000.000) 08/26 19:28:34 Image size of job updated: 3188244
	3086  -  MemoryUsage of job (MB)
	3159844  -  ResidentSetSize of job (KB)
...
006 (7187314.000.000) 08/26 19:33:34 Image size of job updated: 3188244
	3087  -  MemoryUsage of job (MB)
	3160100  -  ResidentSetSize of job (KB)
...
006 (7187314.000.000) 08/26 19:43:35 Image size of job updated: 3399948
	3315  -  MemoryUsage of job (MB)
	3394204  -  ResidentSetSize of job (KB)
...
006 (7187314.000.000) 08/26 19:48:36 Image size of job updated: 3800448
	3710  -  MemoryUsage of job (MB)
	3798656  -  ResidentSetSize of job (KB)
...
006 (7187314.000.000) 08/26 19:53:36 Image size of job updated: 3993164
	3900  -  MemoryUsage of job (MB)
	3993164  -  ResidentSetSize of job (KB)
...
006 (7187314.000.000) 08/26 19:58:37 Image size of job updated: 4214288
	4116  -  MemoryUsage of job (MB)
	4214288  -  ResidentSetSize of job (KB)
...
006 (7187314.000.000) 08/26 20:03:37 Image size of job updated: 4325464
	4225  -  MemoryUsage of job (MB)
	4325464  -  ResidentSetSize of job (KB)
...
006 (7187314.000.000) 08/26 20:08:38 Image size of job updated: 4515036
	4410  -  MemoryUsage of job (MB)
	4515036  -  ResidentSetSize of job (KB)
...
006 (7187314.000.000) 08/26 20:13:39 Image size of job updated: 4756504
	4646  -  MemoryUsage of job (MB)
	4756504  -  ResidentSetSize of job (KB)
...
006 (7187314.000.000) 08/26 20:18:39 Image size of job updated: 5071016
	4953  -  MemoryUsage of job (MB)
	5071016  -  ResidentSetSize of job (KB)
...
006 (7187314.000.000) 08/26 20:23:40 Image size of job updated: 5343016
	5218  -  MemoryUsage of job (MB)
	5343016  -  ResidentSetSize of job (KB)
...
006 (7187314.000.000) 08/26 20:28:40 Image size of job updated: 5554236
	5219  -  MemoryUsage of job (MB)
	5343272  -  ResidentSetSize of job (KB)
...
006 (7187314.000.000) 08/26 20:43:42 Image size of job updated: 5554236
	5423  -  MemoryUsage of job (MB)
	5552208  -  ResidentSetSize of job (KB)
...
006 (7187314.000.000) 08/26 20:48:42 Image size of job updated: 6014400
	5874  -  MemoryUsage of job (MB)
	6014400  -  ResidentSetSize of job (KB)
...
006 (7187314.000.000) 08/26 20:53:43 Image size of job updated: 6471648
	6320  -  MemoryUsage of job (MB)
	6471648  -  ResidentSetSize of job (KB)
...
006 (7187314.000.000) 08/26 20:58:43 Image size of job updated: 6924784
	6763  -  MemoryUsage of job (MB)
	6924784  -  ResidentSetSize of job (KB)
...
006 (7187314.000.000) 08/26 21:03:43 Image size of job updated: 7327892
	7156  -  MemoryUsage of job (MB)
	7327672  -  ResidentSetSize of job (KB)
...
006 (7187314.000.000) 08/26 21:08:44 Image size of job updated: 7341988
	7157  -  MemoryUsage of job (MB)
	7327808  -  ResidentSetSize of job (KB)
...
006 (7187314.000.000) 08/26 21:13:44 Image size of job updated: 7409148
	7157  -  MemoryUsage of job (MB)
	7327808  -  ResidentSetSize of job (KB)
...
006 (7187314.000.000) 08/26 21:43:48 Image size of job updated: 7591880
	7414  -  MemoryUsage of job (MB)
	7591880  -  ResidentSetSize of job (KB)
...
006 (7187314.000.000) 08/26 21:48:49 Image size of job updated: 8058720
	7870  -  MemoryUsage of job (MB)
	8058720  -  ResidentSetSize of job (KB)
...
006 (7187314.000.000) 08/26 21:53:50 Image size of job updated: 8350908
	7870  -  MemoryUsage of job (MB)
	8058720  -  ResidentSetSize of job (KB)
...
040 (7187314.000.000) 08/26 21:54:03 Started transferring output files
...
040 (7187314.000.000) 08/26 21:54:03 Finished transferring output files
...
005 (7187314.000.000) 08/26 21:54:03 Job terminated.
	(1) Normal termination (return value 50)
		Usr 0 06:45:06, Sys 0 00:06:14  -  Run Remote Usage
		Usr 0 00:00:00, Sys 0 00:00:00  -  Run Local Usage
		Usr 0 06:45:06, Sys 0 00:06:14  -  Total Remote Usage
		Usr 0 00:00:00, Sys 0 00:00:00  -  Total Local Usage
	234041  -  Run Bytes Sent By Job
	2914  -  Run Bytes Received By Job
	234041  -  Total Bytes Sent By Job
	2914  -  Total Bytes Received By Job
	Partitionable Resources :      Usage  Request Allocated 
	   Cpus                 :       1.00        1         1 
	   Disk (KB)            : 7939171           3   3010368 
	   Memory (MB)          :    7870        2000      2000 

	Job terminated of its own accord at 2024-08-26T19:54:03Z with exit-code 50.
...
