000 (7186286.001.000) 08/22 15:33:22 Job submitted from host: <137.138.44.55:9618?addrs=137.138.44.55-9618+[2001-1458-d00-1a--48]-9618&alias=bigbird17.cern.ch&noUDP&sock=schedd_23962_8474>
...
040 (7186286.001.000) 08/22 18:12:41 Started transferring input files
	Transferring to host: <128.142.248.15:9618?addrs=128.142.248.15-9618+[2001-1458-301-73--100-ff]-9618&alias=b9g23p2723.cern.ch&noUDP&sock=slot1_32_3961800_404a_4693>
...
040 (7186286.001.000) 08/22 18:12:41 Finished transferring input files
...
001 (7186286.001.000) 08/22 18:12:42 Job executing on host: <128.142.248.15:9618?addrs=128.142.248.15-9618+[2001-1458-301-73--100-ff]-9618&alias=b9g23p2723.cern.ch&noUDP&sock=startd_5130_54ef>
	SlotName: slot1_32@b9g23p2723.cern.ch
	CondorScratchDir = "/pool/condor/dir_2500290"
	Cpus = 1
	Disk = 2988395
	Memory = 2000
...
006 (7186286.001.000) 08/22 18:12:51 Image size of job updated: 388952
	380  -  MemoryUsage of job (MB)
	388892  -  ResidentSetSize of job (KB)
...
006 (7186286.001.000) 08/22 18:17:51 Image size of job updated: 542892
	531  -  MemoryUsage of job (MB)
	542892  -  ResidentSetSize of job (KB)
...
006 (7186286.001.000) 08/22 18:22:51 Image size of job updated: 3440820
	3361  -  MemoryUsage of job (MB)
	3440820  -  ResidentSetSize of job (KB)
...
006 (7186286.001.000) 08/22 18:27:52 Image size of job updated: 3622640
	3538  -  MemoryUsage of job (MB)
	3622640  -  ResidentSetSize of job (KB)
...
006 (7186286.001.000) 08/22 18:32:52 Image size of job updated: 3799280
	3711  -  MemoryUsage of job (MB)
	3799280  -  ResidentSetSize of job (KB)
...
006 (7186286.001.000) 08/22 18:37:53 Image size of job updated: 3971816
	3879  -  MemoryUsage of job (MB)
	3971816  -  ResidentSetSize of job (KB)
...
006 (7186286.001.000) 08/22 18:42:54 Image size of job updated: 4141928
	4045  -  MemoryUsage of job (MB)
	4141928  -  ResidentSetSize of job (KB)
...
006 (7186286.001.000) 08/22 18:47:54 Image size of job updated: 4319052
	4218  -  MemoryUsage of job (MB)
	4319052  -  ResidentSetSize of job (KB)
...
006 (7186286.001.000) 08/22 18:52:56 Image size of job updated: 4496472
	4392  -  MemoryUsage of job (MB)
	4496472  -  ResidentSetSize of job (KB)
...
006 (7186286.001.000) 08/22 18:57:56 Image size of job updated: 4687188
	4578  -  MemoryUsage of job (MB)
	4687188  -  ResidentSetSize of job (KB)
...
006 (7186286.001.000) 08/22 19:02:56 Image size of job updated: 4880320
	4766  -  MemoryUsage of job (MB)
	4880320  -  ResidentSetSize of job (KB)
...
006 (7186286.001.000) 08/22 19:07:57 Image size of job updated: 5065828
	4948  -  MemoryUsage of job (MB)
	5065828  -  ResidentSetSize of job (KB)
...
006 (7186286.001.000) 08/22 19:12:07 Image size of job updated: 5192932
	4948  -  MemoryUsage of job (MB)
	5065828  -  ResidentSetSize of job (KB)
...
040 (7186286.001.000) 08/22 19:12:08 Started transferring output files
...
040 (7186286.001.000) 08/22 19:12:08 Finished transferring output files
...
005 (7186286.001.000) 08/22 19:12:08 Job terminated.
	(1) Normal termination (return value 50)
		Usr 0 00:57:25, Sys 0 00:00:37  -  Run Remote Usage
		Usr 0 00:00:00, Sys 0 00:00:00  -  Run Local Usage
		Usr 0 00:57:25, Sys 0 00:00:37  -  Total Remote Usage
		Usr 0 00:00:00, Sys 0 00:00:00  -  Total Local Usage
	16857  -  Run Bytes Sent By Job
	2782  -  Run Bytes Received By Job
	16857  -  Total Bytes Sent By Job
	2782  -  Total Bytes Received By Job
	Partitionable Resources :      Usage  Request Allocated 
	   Cpus                 :       0.99        1         1 
	   Disk (KB)            : 1907222           3   2988395 
	   Memory (MB)          :    4948        2000      2000 

	Job terminated of its own accord at 2024-08-22T17:12:07Z with exit-code 50.
...
