000 (7187734.000.000) 08/28 06:02:04 Job submitted from host: <137.138.44.55:9618?addrs=137.138.44.55-9618+[2001-1458-d00-1a--48]-9618&alias=bigbird17.cern.ch&noUDP&sock=schedd_23962_8474>
...
040 (7187734.000.000) 08/28 06:30:55 Started transferring input files
	Transferring to host: <188.185.198.111:9618?addrs=188.185.198.111-9618+[2001-1458-303-25--100-6b]-9618&alias=b9p15p4924.cern.ch&noUDP&sock=slot1_21_11906_9a9d_14189>
...
040 (7187734.000.000) 08/28 06:30:55 Finished transferring input files
...
001 (7187734.000.000) 08/28 06:30:56 Job executing on host: <188.185.198.111:9618?addrs=188.185.198.111-9618+[2001-1458-303-25--100-6b]-9618&alias=b9p15p4924.cern.ch&noUDP&sock=startd_11856_ceef>
	SlotName: slot1_21@b9p15p4924.cern.ch
	CondorScratchDir = "/pool/condor/dir_4128973"
	Cpus = 1
	Disk = 3299758
	Memory = 2000
...
006 (7187734.000.000) 08/28 06:31:06 Image size of job updated: 95512
	81  -  MemoryUsage of job (MB)
	82324  -  ResidentSetSize of job (KB)
...
006 (7187734.000.000) 08/28 06:36:07 Image size of job updated: 1077760
	790  -  MemoryUsage of job (MB)
	808468  -  ResidentSetSize of job (KB)
...
006 (7187734.000.000) 08/28 06:41:08 Image size of job updated: 1077760
	954  -  MemoryUsage of job (MB)
	976788  -  ResidentSetSize of job (KB)
...
006 (7187734.000.000) 08/28 06:46:09 Image size of job updated: 1114276
	1045  -  MemoryUsage of job (MB)
	1069236  -  ResidentSetSize of job (KB)
...
006 (7187734.000.000) 08/28 06:51:09 Image size of job updated: 1297104
	1267  -  MemoryUsage of job (MB)
	1297100  -  ResidentSetSize of job (KB)
...
006 (7187734.000.000) 08/28 06:56:09 Image size of job updated: 1392008
	1327  -  MemoryUsage of job (MB)
	1358444  -  ResidentSetSize of job (KB)
...
006 (7187734.000.000) 08/28 07:01:10 Image size of job updated: 3730164
	3643  -  MemoryUsage of job (MB)
	3729944  -  ResidentSetSize of job (KB)
...
006 (7187734.000.000) 08/28 07:06:10 Image size of job updated: 4017332
	3924  -  MemoryUsage of job (MB)
	4017332  -  ResidentSetSize of job (KB)
...
006 (7187734.000.000) 08/28 07:11:11 Image size of job updated: 4313108
	4212  -  MemoryUsage of job (MB)
	4312916  -  ResidentSetSize of job (KB)
...
006 (7187734.000.000) 08/28 07:12:54 Image size of job updated: 4392408
	4212  -  MemoryUsage of job (MB)
	4312916  -  ResidentSetSize of job (KB)
...
040 (7187734.000.000) 08/28 07:12:54 Started transferring output files
...
040 (7187734.000.000) 08/28 07:12:54 Finished transferring output files
...
005 (7187734.000.000) 08/28 07:12:54 Job terminated.
	(1) Normal termination (return value 50)
		Usr 0 00:39:24, Sys 0 00:00:59  -  Run Remote Usage
		Usr 0 00:00:00, Sys 0 00:00:00  -  Run Local Usage
		Usr 0 00:39:24, Sys 0 00:00:59  -  Total Remote Usage
		Usr 0 00:00:00, Sys 0 00:00:00  -  Total Local Usage
	21368  -  Run Bytes Sent By Job
	2940  -  Run Bytes Received By Job
	21368  -  Total Bytes Sent By Job
	2940  -  Total Bytes Received By Job
	Partitionable Resources :      Usage  Request Allocated 
	   Cpus                 :       0.99        1         1 
	   Disk (KB)            : 1250133           3   3299758 
	   Memory (MB)          :    4212        2000      2000 

	Job terminated of its own accord at 2024-08-28T05:12:54Z with exit-code 50.
...
