000 (7216734.005.000) 09/18 03:15:01 Job submitted from host: <137.138.44.55:9618?addrs=137.138.44.55-9618+[2001-1458-d00-1a--48]-9618&alias=bigbird17.cern.ch&noUDP&sock=schedd_1981_6134>
...
040 (7216734.005.000) 09/18 11:40:26 Started transferring input files
	Transferring to host: <128.142.248.94:9618?addrs=128.142.248.94-9618+[2001-1458-301-73--100-14e]-9618&alias=b9g23p2790.cern.ch&noUDP&sock=slot1_40_3359_7822_15976>
...
040 (7216734.005.000) 09/18 11:40:26 Finished transferring input files
...
001 (7216734.005.000) 09/18 11:40:27 Job executing on host: <128.142.248.94:9618?addrs=128.142.248.94-9618+[2001-1458-301-73--100-14e]-9618&alias=b9g23p2790.cern.ch&noUDP&sock=startd_3310_f691>
	SlotName: slot1_40@b9g23p2790.cern.ch
	CondorScratchDir = "/pool/condor/dir_1723282"
	Cpus = 1
	Disk = 3021380
	Memory = 2000
...
006 (7216734.005.000) 09/18 11:40:37 Image size of job updated: 435776
	426  -  MemoryUsage of job (MB)
	435680  -  ResidentSetSize of job (KB)
...
006 (7216734.005.000) 09/18 11:45:38 Image size of job updated: 1803492
	1477  -  MemoryUsage of job (MB)
	1511724  -  ResidentSetSize of job (KB)
...
006 (7216734.005.000) 09/18 11:50:38 Image size of job updated: 1803492
	1544  -  MemoryUsage of job (MB)
	1580924  -  ResidentSetSize of job (KB)
...
006 (7216734.005.000) 09/18 11:55:38 Image size of job updated: 1803492
	1649  -  MemoryUsage of job (MB)
	1688128  -  ResidentSetSize of job (KB)
...
006 (7216734.005.000) 09/18 12:00:38 Image size of job updated: 1803492
	1708  -  MemoryUsage of job (MB)
	1748000  -  ResidentSetSize of job (KB)
...
006 (7216734.005.000) 09/18 12:05:38 Image size of job updated: 1803492
	1747  -  MemoryUsage of job (MB)
	1788396  -  ResidentSetSize of job (KB)
...
006 (7216734.005.000) 09/18 12:10:38 Image size of job updated: 1862548
	1811  -  MemoryUsage of job (MB)
	1854248  -  ResidentSetSize of job (KB)
...
006 (7216734.005.000) 09/18 12:15:38 Image size of job updated: 1933236
	1888  -  MemoryUsage of job (MB)
	1933236  -  ResidentSetSize of job (KB)
...
006 (7216734.005.000) 09/18 12:20:38 Image size of job updated: 2070768
	2013  -  MemoryUsage of job (MB)
	2060604  -  ResidentSetSize of job (KB)
...
006 (7216734.005.000) 09/18 12:25:38 Image size of job updated: 2180612
	2083  -  MemoryUsage of job (MB)
	2132436  -  ResidentSetSize of job (KB)
...
006 (7216734.005.000) 09/18 12:30:38 Image size of job updated: 2267344
	2206  -  MemoryUsage of job (MB)
	2258700  -  ResidentSetSize of job (KB)
...
006 (7216734.005.000) 09/18 12:35:38 Image size of job updated: 2380396
	2318  -  MemoryUsage of job (MB)
	2373256  -  ResidentSetSize of job (KB)
...
006 (7216734.005.000) 09/18 12:40:38 Image size of job updated: 2434024
	2367  -  MemoryUsage of job (MB)
	2423700  -  ResidentSetSize of job (KB)
...
006 (7216734.005.000) 09/18 12:45:38 Image size of job updated: 2483616
	2387  -  MemoryUsage of job (MB)
	2443684  -  ResidentSetSize of job (KB)
...
006 (7216734.005.000) 09/18 12:50:38 Image size of job updated: 2557108
	2486  -  MemoryUsage of job (MB)
	2544896  -  ResidentSetSize of job (KB)
...
006 (7216734.005.000) 09/18 12:55:38 Image size of job updated: 2641200
	2580  -  MemoryUsage of job (MB)
	2641200  -  ResidentSetSize of job (KB)
...
006 (7216734.005.000) 09/18 13:00:38 Image size of job updated: 2829792
	2754  -  MemoryUsage of job (MB)
	2819420  -  ResidentSetSize of job (KB)
...
006 (7216734.005.000) 09/18 13:05:38 Image size of job updated: 3008056
	2923  -  MemoryUsage of job (MB)
	2993116  -  ResidentSetSize of job (KB)
...
006 (7216734.005.000) 09/18 13:10:38 Image size of job updated: 3062148
	2945  -  MemoryUsage of job (MB)
	3015596  -  ResidentSetSize of job (KB)
...
006 (7216734.005.000) 09/18 13:15:38 Image size of job updated: 3222248
	3128  -  MemoryUsage of job (MB)
	3202884  -  ResidentSetSize of job (KB)
...
006 (7216734.005.000) 09/18 13:20:38 Image size of job updated: 3569152
	3422  -  MemoryUsage of job (MB)
	3503484  -  ResidentSetSize of job (KB)
...
006 (7216734.005.000) 09/18 13:25:38 Image size of job updated: 3569152
	3436  -  MemoryUsage of job (MB)
	3517532  -  ResidentSetSize of job (KB)
...
006 (7216734.005.000) 09/18 13:30:38 Image size of job updated: 4517652
	4412  -  MemoryUsage of job (MB)
	4517652  -  ResidentSetSize of job (KB)
...
006 (7216734.005.000) 09/18 13:35:38 Image size of job updated: 4775428
	4664  -  MemoryUsage of job (MB)
	4775428  -  ResidentSetSize of job (KB)
...
006 (7216734.005.000) 09/18 13:40:38 Image size of job updated: 5043116
	4925  -  MemoryUsage of job (MB)
	5043116  -  ResidentSetSize of job (KB)
...
006 (7216734.005.000) 09/18 13:43:56 Image size of job updated: 5195664
	4926  -  MemoryUsage of job (MB)
	5043372  -  ResidentSetSize of job (KB)
...
040 (7216734.005.000) 09/18 13:43:57 Started transferring output files
...
040 (7216734.005.000) 09/18 13:43:57 Finished transferring output files
...
005 (7216734.005.000) 09/18 13:43:57 Job terminated.
	(1) Normal termination (return value 50)
		Usr 0 01:52:07, Sys 0 00:06:02  -  Run Remote Usage
		Usr 0 00:00:00, Sys 0 00:00:00  -  Run Local Usage
		Usr 0 01:52:07, Sys 0 00:06:02  -  Total Remote Usage
		Usr 0 00:00:00, Sys 0 00:00:00  -  Total Local Usage
	92396  -  Run Bytes Sent By Job
	2925  -  Run Bytes Received By Job
	92396  -  Total Bytes Sent By Job
	2925  -  Total Bytes Received By Job
	Partitionable Resources :      Usage  Request Allocated 
	   Cpus                 :       0.99        1         1 
	   Disk (KB)            : 3254399           3   3021380 
	   Memory (MB)          :    4926        2000      2000 

	Job terminated of its own accord at 2024-09-18T11:43:56Z with exit-code 50.
...
