000 (7216716.005.000) 09/18 03:05:27 Job submitted from host: <137.138.44.55:9618?addrs=137.138.44.55-9618+[2001-1458-d00-1a--48]-9618&alias=bigbird17.cern.ch&noUDP&sock=schedd_1981_6134>
...
040 (7216716.005.000) 09/18 04:01:55 Started transferring input files
	Transferring to host: <128.142.248.214:9618?addrs=128.142.248.214-9618+[2001-1458-301-73--100-d5]-9618&alias=b9g23p2447.cern.ch&noUDP&sock=slot1_30_1211864_9179_18307>
...
040 (7216716.005.000) 09/18 04:01:55 Finished transferring input files
...
001 (7216716.005.000) 09/18 04:01:57 Job executing on host: <128.142.248.214:9618?addrs=128.142.248.214-9618+[2001-1458-301-73--100-d5]-9618&alias=b9g23p2447.cern.ch&noUDP&sock=startd_7869_0ed6>
	SlotName: slot1_30@b9g23p2447.cern.ch
	CondorScratchDir = "/pool/condor/dir_3803991"
	Cpus = 1
	Disk = 3040538
	Memory = 2000
...
006 (7216716.005.000) 09/18 04:02:05 Image size of job updated: 3
	0  -  MemoryUsage of job (MB)
	0  -  ResidentSetSize of job (KB)
...
006 (7216716.005.000) 09/18 04:07:05 Image size of job updated: 948736
	725  -  MemoryUsage of job (MB)
	742320  -  ResidentSetSize of job (KB)
...
006 (7216716.005.000) 09/18 04:12:06 Image size of job updated: 948736
	727  -  MemoryUsage of job (MB)
	744324  -  ResidentSetSize of job (KB)
...
006 (7216716.005.000) 09/18 04:17:06 Image size of job updated: 948736
	728  -  MemoryUsage of job (MB)
	745168  -  ResidentSetSize of job (KB)
...
006 (7216716.005.000) 09/18 04:22:06 Image size of job updated: 948736
	730  -  MemoryUsage of job (MB)
	746576  -  ResidentSetSize of job (KB)
...
006 (7216716.005.000) 09/18 04:27:07 Image size of job updated: 948736
	732  -  MemoryUsage of job (MB)
	748672  -  ResidentSetSize of job (KB)
...
006 (7216716.005.000) 09/18 04:32:08 Image size of job updated: 948736
	734  -  MemoryUsage of job (MB)
	750876  -  ResidentSetSize of job (KB)
...
006 (7216716.005.000) 09/18 04:37:08 Image size of job updated: 948736
	735  -  MemoryUsage of job (MB)
	752256  -  ResidentSetSize of job (KB)
...
006 (7216716.005.000) 09/18 04:42:09 Image size of job updated: 948736
	737  -  MemoryUsage of job (MB)
	754284  -  ResidentSetSize of job (KB)
...
006 (7216716.005.000) 09/18 04:47:10 Image size of job updated: 948736
	740  -  MemoryUsage of job (MB)
	756792  -  ResidentSetSize of job (KB)
...
006 (7216716.005.000) 09/18 04:52:10 Image size of job updated: 948736
	741  -  MemoryUsage of job (MB)
	758164  -  ResidentSetSize of job (KB)
...
006 (7216716.005.000) 09/18 04:57:10 Image size of job updated: 948736
	742  -  MemoryUsage of job (MB)
	759212  -  ResidentSetSize of job (KB)
...
006 (7216716.005.000) 09/18 05:02:10 Image size of job updated: 948736
	744  -  MemoryUsage of job (MB)
	761216  -  ResidentSetSize of job (KB)
...
006 (7216716.005.000) 09/18 05:07:11 Image size of job updated: 948736
	744  -  MemoryUsage of job (MB)
	761652  -  ResidentSetSize of job (KB)
...
006 (7216716.005.000) 09/18 05:12:12 Image size of job updated: 948736
	746  -  MemoryUsage of job (MB)
	762968  -  ResidentSetSize of job (KB)
...
006 (7216716.005.000) 09/18 05:17:12 Image size of job updated: 948736
	746  -  MemoryUsage of job (MB)
	763344  -  ResidentSetSize of job (KB)
...
006 (7216716.005.000) 09/18 05:22:13 Image size of job updated: 948736
	748  -  MemoryUsage of job (MB)
	765836  -  ResidentSetSize of job (KB)
...
006 (7216716.005.000) 09/18 05:27:13 Image size of job updated: 948736
	750  -  MemoryUsage of job (MB)
	767432  -  ResidentSetSize of job (KB)
...
006 (7216716.005.000) 09/18 05:32:14 Image size of job updated: 948736
	751  -  MemoryUsage of job (MB)
	768560  -  ResidentSetSize of job (KB)
...
006 (7216716.005.000) 09/18 05:37:14 Image size of job updated: 948736
	752  -  MemoryUsage of job (MB)
	769572  -  ResidentSetSize of job (KB)
...
006 (7216716.005.000) 09/18 05:42:14 Image size of job updated: 948736
	753  -  MemoryUsage of job (MB)
	770420  -  ResidentSetSize of job (KB)
...
006 (7216716.005.000) 09/18 05:47:15 Image size of job updated: 948736
	754  -  MemoryUsage of job (MB)
	771088  -  ResidentSetSize of job (KB)
...
006 (7216716.005.000) 09/18 05:52:16 Image size of job updated: 948736
	755  -  MemoryUsage of job (MB)
	772948  -  ResidentSetSize of job (KB)
...
006 (7216716.005.000) 09/18 05:57:16 Image size of job updated: 948736
	757  -  MemoryUsage of job (MB)
	774456  -  ResidentSetSize of job (KB)
...
006 (7216716.005.000) 09/18 06:02:17 Image size of job updated: 948736
	758  -  MemoryUsage of job (MB)
	776132  -  ResidentSetSize of job (KB)
...
006 (7216716.005.000) 09/18 06:07:18 Image size of job updated: 948736
	761  -  MemoryUsage of job (MB)
	778520  -  ResidentSetSize of job (KB)
...
006 (7216716.005.000) 09/18 06:12:18 Image size of job updated: 948736
	763  -  MemoryUsage of job (MB)
	780408  -  ResidentSetSize of job (KB)
...
006 (7216716.005.000) 09/18 06:17:19 Image size of job updated: 948736
	764  -  MemoryUsage of job (MB)
	782076  -  ResidentSetSize of job (KB)
...
006 (7216716.005.000) 09/18 06:22:20 Image size of job updated: 948736
	766  -  MemoryUsage of job (MB)
	783788  -  ResidentSetSize of job (KB)
...
006 (7216716.005.000) 09/18 06:27:20 Image size of job updated: 948736
	767  -  MemoryUsage of job (MB)
	785104  -  ResidentSetSize of job (KB)
...
006 (7216716.005.000) 09/18 06:32:21 Image size of job updated: 948736
	770  -  MemoryUsage of job (MB)
	788132  -  ResidentSetSize of job (KB)
...
006 (7216716.005.000) 09/18 06:37:21 Image size of job updated: 948736
	771  -  MemoryUsage of job (MB)
	789408  -  ResidentSetSize of job (KB)
...
006 (7216716.005.000) 09/18 06:42:22 Image size of job updated: 948736
	774  -  MemoryUsage of job (MB)
	791624  -  ResidentSetSize of job (KB)
...
006 (7216716.005.000) 09/18 06:47:23 Image size of job updated: 948736
	774  -  MemoryUsage of job (MB)
	792136  -  ResidentSetSize of job (KB)
...
006 (7216716.005.000) 09/18 06:52:23 Image size of job updated: 948736
	775  -  MemoryUsage of job (MB)
	793072  -  ResidentSetSize of job (KB)
...
006 (7216716.005.000) 09/18 06:57:24 Image size of job updated: 948736
	775  -  MemoryUsage of job (MB)
	793520  -  ResidentSetSize of job (KB)
...
006 (7216716.005.000) 09/18 07:02:25 Image size of job updated: 948736
	776  -  MemoryUsage of job (MB)
	794108  -  ResidentSetSize of job (KB)
...
006 (7216716.005.000) 09/18 07:07:25 Image size of job updated: 948736
	777  -  MemoryUsage of job (MB)
	795604  -  ResidentSetSize of job (KB)
...
006 (7216716.005.000) 09/18 07:12:25 Image size of job updated: 948736
	779  -  MemoryUsage of job (MB)
	797048  -  ResidentSetSize of job (KB)
...
006 (7216716.005.000) 09/18 07:22:26 Image size of job updated: 948736
	782  -  MemoryUsage of job (MB)
	799988  -  ResidentSetSize of job (KB)
...
006 (7216716.005.000) 09/18 07:32:27 Image size of job updated: 948736
	783  -  MemoryUsage of job (MB)
	801664  -  ResidentSetSize of job (KB)
...
006 (7216716.005.000) 09/18 07:37:28 Image size of job updated: 948736
	784  -  MemoryUsage of job (MB)
	802704  -  ResidentSetSize of job (KB)
...
006 (7216716.005.000) 09/18 07:42:28 Image size of job updated: 948736
	785  -  MemoryUsage of job (MB)
	803572  -  ResidentSetSize of job (KB)
...
006 (7216716.005.000) 09/18 07:47:29 Image size of job updated: 948736
	787  -  MemoryUsage of job (MB)
	804956  -  ResidentSetSize of job (KB)
...
006 (7216716.005.000) 09/18 07:52:29 Image size of job updated: 948736
	787  -  MemoryUsage of job (MB)
	805876  -  ResidentSetSize of job (KB)
...
006 (7216716.005.000) 09/18 07:57:29 Image size of job updated: 948736
	788  -  MemoryUsage of job (MB)
	806688  -  ResidentSetSize of job (KB)
...
006 (7216716.005.000) 09/18 08:02:30 Image size of job updated: 948736
	789  -  MemoryUsage of job (MB)
	807796  -  ResidentSetSize of job (KB)
...
006 (7216716.005.000) 09/18 08:07:31 Image size of job updated: 948736
	790  -  MemoryUsage of job (MB)
	808424  -  ResidentSetSize of job (KB)
...
006 (7216716.005.000) 09/18 08:12:31 Image size of job updated: 948736
	791  -  MemoryUsage of job (MB)
	809916  -  ResidentSetSize of job (KB)
...
006 (7216716.005.000) 09/18 08:22:33 Image size of job updated: 948736
	793  -  MemoryUsage of job (MB)
	811556  -  ResidentSetSize of job (KB)
...
006 (7216716.005.000) 09/18 08:27:33 Image size of job updated: 948736
	794  -  MemoryUsage of job (MB)
	812244  -  ResidentSetSize of job (KB)
...
006 (7216716.005.000) 09/18 08:32:34 Image size of job updated: 948736
	794  -  MemoryUsage of job (MB)
	812820  -  ResidentSetSize of job (KB)
...
006 (7216716.005.000) 09/18 08:37:35 Image size of job updated: 948736
	795  -  MemoryUsage of job (MB)
	813132  -  ResidentSetSize of job (KB)
...
006 (7216716.005.000) 09/18 08:42:35 Image size of job updated: 948736
	795  -  MemoryUsage of job (MB)
	813480  -  ResidentSetSize of job (KB)
...
006 (7216716.005.000) 09/18 08:47:36 Image size of job updated: 948736
	798  -  MemoryUsage of job (MB)
	816976  -  ResidentSetSize of job (KB)
...
006 (7216716.005.000) 09/18 08:52:36 Image size of job updated: 948736
	802  -  MemoryUsage of job (MB)
	820492  -  ResidentSetSize of job (KB)
...
006 (7216716.005.000) 09/18 08:57:37 Image size of job updated: 948736
	804  -  MemoryUsage of job (MB)
	822320  -  ResidentSetSize of job (KB)
...
006 (7216716.005.000) 09/18 09:02:37 Image size of job updated: 948736
	806  -  MemoryUsage of job (MB)
	825044  -  ResidentSetSize of job (KB)
...
006 (7216716.005.000) 09/18 09:12:38 Image size of job updated: 948736
	811  -  MemoryUsage of job (MB)
	830036  -  ResidentSetSize of job (KB)
...
006 (7216716.005.000) 09/18 09:17:39 Image size of job updated: 948736
	813  -  MemoryUsage of job (MB)
	832464  -  ResidentSetSize of job (KB)
...
006 (7216716.005.000) 09/18 09:22:39 Image size of job updated: 948736
	815  -  MemoryUsage of job (MB)
	834212  -  ResidentSetSize of job (KB)
...
006 (7216716.005.000) 09/18 09:27:40 Image size of job updated: 948736
	816  -  MemoryUsage of job (MB)
	834892  -  ResidentSetSize of job (KB)
...
006 (7216716.005.000) 09/18 09:32:41 Image size of job updated: 948736
	819  -  MemoryUsage of job (MB)
	838136  -  ResidentSetSize of job (KB)
...
006 (7216716.005.000) 09/18 09:42:41 Image size of job updated: 948736
	826  -  MemoryUsage of job (MB)
	845408  -  ResidentSetSize of job (KB)
...
006 (7216716.005.000) 09/18 09:47:41 Image size of job updated: 948736
	828  -  MemoryUsage of job (MB)
	846892  -  ResidentSetSize of job (KB)
...
006 (7216716.005.000) 09/18 09:52:42 Image size of job updated: 948736
	829  -  MemoryUsage of job (MB)
	847904  -  ResidentSetSize of job (KB)
...
006 (7216716.005.000) 09/18 09:57:42 Image size of job updated: 948736
	830  -  MemoryUsage of job (MB)
	848952  -  ResidentSetSize of job (KB)
...
006 (7216716.005.000) 09/18 10:02:42 Image size of job updated: 948736
	831  -  MemoryUsage of job (MB)
	850564  -  ResidentSetSize of job (KB)
...
006 (7216716.005.000) 09/18 10:07:43 Image size of job updated: 948736
	832  -  MemoryUsage of job (MB)
	851036  -  ResidentSetSize of job (KB)
...
006 (7216716.005.000) 09/18 10:12:44 Image size of job updated: 948736
	832  -  MemoryUsage of job (MB)
	851804  -  ResidentSetSize of job (KB)
...
006 (7216716.005.000) 09/18 10:17:44 Image size of job updated: 948736
	833  -  MemoryUsage of job (MB)
	852932  -  ResidentSetSize of job (KB)
...
006 (7216716.005.000) 09/18 10:22:45 Image size of job updated: 948736
	835  -  MemoryUsage of job (MB)
	854240  -  ResidentSetSize of job (KB)
...
006 (7216716.005.000) 09/18 10:27:46 Image size of job updated: 948736
	838  -  MemoryUsage of job (MB)
	857516  -  ResidentSetSize of job (KB)
...
006 (7216716.005.000) 09/18 10:32:46 Image size of job updated: 948736
	839  -  MemoryUsage of job (MB)
	858872  -  ResidentSetSize of job (KB)
...
006 (7216716.005.000) 09/18 10:37:47 Image size of job updated: 948736
	843  -  MemoryUsage of job (MB)
	862272  -  ResidentSetSize of job (KB)
...
006 (7216716.005.000) 09/18 10:42:48 Image size of job updated: 948736
	845  -  MemoryUsage of job (MB)
	864444  -  ResidentSetSize of job (KB)
...
006 (7216716.005.000) 09/18 10:47:48 Image size of job updated: 948736
	845  -  MemoryUsage of job (MB)
	865188  -  ResidentSetSize of job (KB)
...
006 (7216716.005.000) 09/18 10:52:48 Image size of job updated: 948736
	846  -  MemoryUsage of job (MB)
	866232  -  ResidentSetSize of job (KB)
...
006 (7216716.005.000) 09/18 10:57:48 Image size of job updated: 948736
	850  -  MemoryUsage of job (MB)
	870184  -  ResidentSetSize of job (KB)
...
006 (7216716.005.000) 09/18 11:02:49 Image size of job updated: 948736
	852  -  MemoryUsage of job (MB)
	871432  -  ResidentSetSize of job (KB)
...
006 (7216716.005.000) 09/18 11:07:49 Image size of job updated: 948736
	854  -  MemoryUsage of job (MB)
	874140  -  ResidentSetSize of job (KB)
...
006 (7216716.005.000) 09/18 11:12:49 Image size of job updated: 948736
	857  -  MemoryUsage of job (MB)
	877140  -  ResidentSetSize of job (KB)
...
006 (7216716.005.000) 09/18 11:17:50 Image size of job updated: 948736
	861  -  MemoryUsage of job (MB)
	880724  -  ResidentSetSize of job (KB)
...
006 (7216716.005.000) 09/18 11:22:50 Image size of job updated: 948736
	862  -  MemoryUsage of job (MB)
	882564  -  ResidentSetSize of job (KB)
...
006 (7216716.005.000) 09/18 11:27:50 Image size of job updated: 948736
	866  -  MemoryUsage of job (MB)
	886052  -  ResidentSetSize of job (KB)
...
006 (7216716.005.000) 09/18 11:32:51 Image size of job updated: 948736
	867  -  MemoryUsage of job (MB)
	887504  -  ResidentSetSize of job (KB)
...
006 (7216716.005.000) 09/18 11:37:51 Image size of job updated: 948736
	869  -  MemoryUsage of job (MB)
	889692  -  ResidentSetSize of job (KB)
...
006 (7216716.005.000) 09/18 11:42:51 Image size of job updated: 948736
	871  -  MemoryUsage of job (MB)
	891508  -  ResidentSetSize of job (KB)
...
006 (7216716.005.000) 09/18 11:47:52 Image size of job updated: 948736
	872  -  MemoryUsage of job (MB)
	892780  -  ResidentSetSize of job (KB)
...
006 (7216716.005.000) 09/18 11:52:52 Image size of job updated: 948736
	873  -  MemoryUsage of job (MB)
	893276  -  ResidentSetSize of job (KB)
...
006 (7216716.005.000) 09/18 11:57:52 Image size of job updated: 948736
	875  -  MemoryUsage of job (MB)
	895216  -  ResidentSetSize of job (KB)
...
006 (7216716.005.000) 09/18 12:02:53 Image size of job updated: 948736
	876  -  MemoryUsage of job (MB)
	896308  -  ResidentSetSize of job (KB)
...
006 (7216716.005.000) 09/18 12:07:53 Image size of job updated: 948736
	878  -  MemoryUsage of job (MB)
	898588  -  ResidentSetSize of job (KB)
...
006 (7216716.005.000) 09/18 12:12:54 Image size of job updated: 948736
	880  -  MemoryUsage of job (MB)
	900220  -  ResidentSetSize of job (KB)
...
006 (7216716.005.000) 09/18 12:17:54 Image size of job updated: 948736
	881  -  MemoryUsage of job (MB)
	901984  -  ResidentSetSize of job (KB)
...
006 (7216716.005.000) 09/18 12:22:54 Image size of job updated: 948736
	883  -  MemoryUsage of job (MB)
	903908  -  ResidentSetSize of job (KB)
...
006 (7216716.005.000) 09/18 12:27:54 Image size of job updated: 948736
	885  -  MemoryUsage of job (MB)
	905804  -  ResidentSetSize of job (KB)
...
006 (7216716.005.000) 09/18 12:32:55 Image size of job updated: 948736
	887  -  MemoryUsage of job (MB)
	908196  -  ResidentSetSize of job (KB)
...
006 (7216716.005.000) 09/18 12:37:55 Image size of job updated: 948736
	890  -  MemoryUsage of job (MB)
	910372  -  ResidentSetSize of job (KB)
...
006 (7216716.005.000) 09/18 12:42:55 Image size of job updated: 948736
	895  -  MemoryUsage of job (MB)
	915504  -  ResidentSetSize of job (KB)
...
006 (7216716.005.000) 09/18 12:47:56 Image size of job updated: 948736
	896  -  MemoryUsage of job (MB)
	916768  -  ResidentSetSize of job (KB)
...
006 (7216716.005.000) 09/18 12:52:56 Image size of job updated: 948736
	898  -  MemoryUsage of job (MB)
	918832  -  ResidentSetSize of job (KB)
...
006 (7216716.005.000) 09/18 12:57:57 Image size of job updated: 948736
	899  -  MemoryUsage of job (MB)
	920508  -  ResidentSetSize of job (KB)
...
006 (7216716.005.000) 09/18 13:02:57 Image size of job updated: 948736
	901  -  MemoryUsage of job (MB)
	921908  -  ResidentSetSize of job (KB)
...
006 (7216716.005.000) 09/18 13:07:58 Image size of job updated: 948736
	902  -  MemoryUsage of job (MB)
	922844  -  ResidentSetSize of job (KB)
...
006 (7216716.005.000) 09/18 13:12:58 Image size of job updated: 948736
	903  -  MemoryUsage of job (MB)
	924128  -  ResidentSetSize of job (KB)
...
006 (7216716.005.000) 09/18 13:17:59 Image size of job updated: 948736
	904  -  MemoryUsage of job (MB)
	925552  -  ResidentSetSize of job (KB)
...
006 (7216716.005.000) 09/18 13:22:59 Image size of job updated: 948736
	907  -  MemoryUsage of job (MB)
	927876  -  ResidentSetSize of job (KB)
...
006 (7216716.005.000) 09/18 13:27:59 Image size of job updated: 948736
	909  -  MemoryUsage of job (MB)
	930668  -  ResidentSetSize of job (KB)
...
006 (7216716.005.000) 09/18 13:33:00 Image size of job updated: 948736
	912  -  MemoryUsage of job (MB)
	933128  -  ResidentSetSize of job (KB)
...
006 (7216716.005.000) 09/18 13:38:00 Image size of job updated: 948736
	913  -  MemoryUsage of job (MB)
	934068  -  ResidentSetSize of job (KB)
...
006 (7216716.005.000) 09/18 13:43:01 Image size of job updated: 948736
	914  -  MemoryUsage of job (MB)
	935272  -  ResidentSetSize of job (KB)
...
006 (7216716.005.000) 09/18 13:48:01 Image size of job updated: 948736
	915  -  MemoryUsage of job (MB)
	936248  -  ResidentSetSize of job (KB)
...
006 (7216716.005.000) 09/18 13:53:01 Image size of job updated: 948736
	916  -  MemoryUsage of job (MB)
	937336  -  ResidentSetSize of job (KB)
...
006 (7216716.005.000) 09/18 13:58:01 Image size of job updated: 948736
	917  -  MemoryUsage of job (MB)
	938464  -  ResidentSetSize of job (KB)
...
006 (7216716.005.000) 09/18 14:03:02 Image size of job updated: 948736
	919  -  MemoryUsage of job (MB)
	940344  -  ResidentSetSize of job (KB)
...
006 (7216716.005.000) 09/18 14:08:02 Image size of job updated: 948736
	919  -  MemoryUsage of job (MB)
	940976  -  ResidentSetSize of job (KB)
...
006 (7216716.005.000) 09/18 14:13:02 Image size of job updated: 948736
	920  -  MemoryUsage of job (MB)
	941460  -  ResidentSetSize of job (KB)
...
006 (7216716.005.000) 09/18 14:18:03 Image size of job updated: 948736
	921  -  MemoryUsage of job (MB)
	942568  -  ResidentSetSize of job (KB)
...
006 (7216716.005.000) 09/18 14:23:03 Image size of job updated: 950040
	921  -  MemoryUsage of job (MB)
	942568  -  ResidentSetSize of job (KB)
...
006 (7216716.005.000) 09/18 14:28:03 Image size of job updated: 950040
	921  -  MemoryUsage of job (MB)
	942852  -  ResidentSetSize of job (KB)
...
006 (7216716.005.000) 09/18 14:33:04 Image size of job updated: 950040
	923  -  MemoryUsage of job (MB)
	944720  -  ResidentSetSize of job (KB)
...
006 (7216716.005.000) 09/18 14:38:04 Image size of job updated: 950040
	923  -  MemoryUsage of job (MB)
	945012  -  ResidentSetSize of job (KB)
...
006 (7216716.005.000) 09/18 14:43:04 Image size of job updated: 950040
	924  -  MemoryUsage of job (MB)
	945400  -  ResidentSetSize of job (KB)
...
006 (7216716.005.000) 09/18 14:48:05 Image size of job updated: 953520
	924  -  MemoryUsage of job (MB)
	945608  -  ResidentSetSize of job (KB)
...
006 (7216716.005.000) 09/18 14:53:05 Image size of job updated: 953520
	927  -  MemoryUsage of job (MB)
	948856  -  ResidentSetSize of job (KB)
...
006 (7216716.005.000) 09/18 14:58:05 Image size of job updated: 955516
	928  -  MemoryUsage of job (MB)
	949556  -  ResidentSetSize of job (KB)
...
006 (7216716.005.000) 09/18 15:03:06 Image size of job updated: 955516
	928  -  MemoryUsage of job (MB)
	950144  -  ResidentSetSize of job (KB)
...
006 (7216716.005.000) 09/18 15:08:06 Image size of job updated: 956028
	932  -  MemoryUsage of job (MB)
	953608  -  ResidentSetSize of job (KB)
...
006 (7216716.005.000) 09/18 15:13:06 Image size of job updated: 960344
	932  -  MemoryUsage of job (MB)
	953608  -  ResidentSetSize of job (KB)
...
006 (7216716.005.000) 09/18 16:18:13 Image size of job updated: 961416
	939  -  MemoryUsage of job (MB)
	961344  -  ResidentSetSize of job (KB)
...
006 (7216716.005.000) 09/18 16:23:13 Image size of job updated: 968296
	939  -  MemoryUsage of job (MB)
	961344  -  ResidentSetSize of job (KB)
...
006 (7216716.005.000) 09/18 16:33:13 Image size of job updated: 968296
	939  -  MemoryUsage of job (MB)
	961368  -  ResidentSetSize of job (KB)
...
006 (7216716.005.000) 09/18 16:38:14 Image size of job updated: 968296
	942  -  MemoryUsage of job (MB)
	963884  -  ResidentSetSize of job (KB)
...
006 (7216716.005.000) 09/18 16:43:14 Image size of job updated: 968296
	942  -  MemoryUsage of job (MB)
	964140  -  ResidentSetSize of job (KB)
...
006 (7216716.005.000) 09/18 16:48:15 Image size of job updated: 969160
	942  -  MemoryUsage of job (MB)
	964140  -  ResidentSetSize of job (KB)
...
006 (7216716.005.000) 09/18 17:08:16 Image size of job updated: 969160
	945  -  MemoryUsage of job (MB)
	967316  -  ResidentSetSize of job (KB)
...
006 (7216716.005.000) 09/18 17:13:16 Image size of job updated: 970704
	948  -  MemoryUsage of job (MB)
	969960  -  ResidentSetSize of job (KB)
...
006 (7216716.005.000) 09/18 17:18:17 Image size of job updated: 974152
	951  -  MemoryUsage of job (MB)
	973112  -  ResidentSetSize of job (KB)
...
006 (7216716.005.000) 09/18 17:23:17 Image size of job updated: 978388
	951  -  MemoryUsage of job (MB)
	973112  -  ResidentSetSize of job (KB)
...
006 (7216716.005.000) 09/18 17:38:19 Image size of job updated: 978388
	952  -  MemoryUsage of job (MB)
	974108  -  ResidentSetSize of job (KB)
...
006 (7216716.005.000) 09/18 17:43:19 Image size of job updated: 978908
	952  -  MemoryUsage of job (MB)
	974108  -  ResidentSetSize of job (KB)
...
006 (7216716.005.000) 09/18 17:53:20 Image size of job updated: 978908
	953  -  MemoryUsage of job (MB)
	974864  -  ResidentSetSize of job (KB)
...
006 (7216716.005.000) 09/18 17:58:21 Image size of job updated: 981192
	957  -  MemoryUsage of job (MB)
	979048  -  ResidentSetSize of job (KB)
...
006 (7216716.005.000) 09/18 18:03:22 Image size of job updated: 985812
	961  -  MemoryUsage of job (MB)
	983764  -  ResidentSetSize of job (KB)
...
006 (7216716.005.000) 09/18 18:08:22 Image size of job updated: 993260
	961  -  MemoryUsage of job (MB)
	983764  -  ResidentSetSize of job (KB)
...
006 (7216716.005.000) 09/18 18:18:24 Image size of job updated: 993260
	963  -  MemoryUsage of job (MB)
	985372  -  ResidentSetSize of job (KB)
...
006 (7216716.005.000) 09/18 18:28:25 Image size of job updated: 993260
	966  -  MemoryUsage of job (MB)
	988804  -  ResidentSetSize of job (KB)
...
006 (7216716.005.000) 09/18 18:33:26 Image size of job updated: 993260
	970  -  MemoryUsage of job (MB)
	992424  -  ResidentSetSize of job (KB)
...
006 (7216716.005.000) 09/18 18:38:26 Image size of job updated: 994848
	972  -  MemoryUsage of job (MB)
	994800  -  ResidentSetSize of job (KB)
...
006 (7216716.005.000) 09/18 18:43:27 Image size of job updated: 999592
	972  -  MemoryUsage of job (MB)
	994800  -  ResidentSetSize of job (KB)
...
006 (7216716.005.000) 09/18 20:38:36 Image size of job updated: 999592
	973  -  MemoryUsage of job (MB)
	995364  -  ResidentSetSize of job (KB)
...
006 (7216716.005.000) 09/18 20:43:36 Image size of job updated: 999592
	975  -  MemoryUsage of job (MB)
	997412  -  ResidentSetSize of job (KB)
...
006 (7216716.005.000) 09/18 20:48:37 Image size of job updated: 999592
	975  -  MemoryUsage of job (MB)
	997924  -  ResidentSetSize of job (KB)
...
006 (7216716.005.000) 09/18 20:53:38 Image size of job updated: 999592
	976  -  MemoryUsage of job (MB)
	998876  -  ResidentSetSize of job (KB)
...
006 (7216716.005.000) 09/18 20:58:38 Image size of job updated: 1000260
	977  -  MemoryUsage of job (MB)
	1000016  -  ResidentSetSize of job (KB)
...
006 (7216716.005.000) 09/18 21:03:39 Image size of job updated: 1003088
	978  -  MemoryUsage of job (MB)
	1000872  -  ResidentSetSize of job (KB)
...
006 (7216716.005.000) 09/18 21:08:39 Image size of job updated: 1003088
	979  -  MemoryUsage of job (MB)
	1001976  -  ResidentSetSize of job (KB)
...
006 (7216716.005.000) 09/18 21:13:40 Image size of job updated: 1003088
	980  -  MemoryUsage of job (MB)
	1002740  -  ResidentSetSize of job (KB)
...
006 (7216716.005.000) 09/18 21:18:40 Image size of job updated: 1003828
	981  -  MemoryUsage of job (MB)
	1003600  -  ResidentSetSize of job (KB)
...
006 (7216716.005.000) 09/18 21:23:40 Image size of job updated: 1012100
	981  -  MemoryUsage of job (MB)
	1003600  -  ResidentSetSize of job (KB)
...
006 (7216716.005.000) 09/18 22:23:47 Image size of job updated: 1012100
	982  -  MemoryUsage of job (MB)
	1005472  -  ResidentSetSize of job (KB)
...
006 (7216716.005.000) 09/18 22:28:48 Image size of job updated: 1012100
	984  -  MemoryUsage of job (MB)
	1007060  -  ResidentSetSize of job (KB)
...
006 (7216716.005.000) 09/18 22:33:48 Image size of job updated: 1012708
	984  -  MemoryUsage of job (MB)
	1007060  -  ResidentSetSize of job (KB)
...
006 (7216716.005.000) 09/18 23:28:54 Image size of job updated: 1012708
	985  -  MemoryUsage of job (MB)
	1008060  -  ResidentSetSize of job (KB)
...
006 (7216716.005.000) 09/18 23:33:55 Image size of job updated: 1012708
	986  -  MemoryUsage of job (MB)
	1008784  -  ResidentSetSize of job (KB)
...
006 (7216716.005.000) 09/18 23:38:56 Image size of job updated: 1012708
	986  -  MemoryUsage of job (MB)
	1009552  -  ResidentSetSize of job (KB)
...
006 (7216716.005.000) 09/18 23:43:56 Image size of job updated: 1020556
	986  -  MemoryUsage of job (MB)
	1009552  -  ResidentSetSize of job (KB)
...
006 (7216716.005.000) 09/19 00:24:01 Image size of job updated: 1020556
	987  -  MemoryUsage of job (MB)
	1010568  -  ResidentSetSize of job (KB)
...
006 (7216716.005.000) 09/19 00:29:02 Image size of job updated: 1020556
	990  -  MemoryUsage of job (MB)
	1013384  -  ResidentSetSize of job (KB)
...
006 (7216716.005.000) 09/19 00:34:03 Image size of job updated: 1020556
	993  -  MemoryUsage of job (MB)
	1015944  -  ResidentSetSize of job (KB)
...
006 (7216716.005.000) 09/19 00:39:03 Image size of job updated: 1020664
	995  -  MemoryUsage of job (MB)
	1018428  -  ResidentSetSize of job (KB)
...
006 (7216716.005.000) 09/19 00:44:04 Image size of job updated: 1021756
	997  -  MemoryUsage of job (MB)
	1020476  -  ResidentSetSize of job (KB)
...
006 (7216716.005.000) 09/19 00:49:05 Image size of job updated: 1023140
	1000  -  MemoryUsage of job (MB)
	1023140  -  ResidentSetSize of job (KB)
...
006 (7216716.005.000) 09/19 00:54:05 Image size of job updated: 1032264
	1000  -  MemoryUsage of job (MB)
	1023140  -  ResidentSetSize of job (KB)
...
006 (7216716.005.000) 09/19 07:59:47 Image size of job updated: 1032264
	1000  -  MemoryUsage of job (MB)
	1023616  -  ResidentSetSize of job (KB)
...
006 (7216716.005.000) 09/19 08:04:48 Image size of job updated: 1032264
	1002  -  MemoryUsage of job (MB)
	1025280  -  ResidentSetSize of job (KB)
...
006 (7216716.005.000) 09/19 08:09:49 Image size of job updated: 1032264
	1002  -  MemoryUsage of job (MB)
	1025968  -  ResidentSetSize of job (KB)
...
006 (7216716.005.000) 09/19 08:14:49 Image size of job updated: 1033772
	1004  -  MemoryUsage of job (MB)
	1027692  -  ResidentSetSize of job (KB)
...
006 (7216716.005.000) 09/19 08:19:50 Image size of job updated: 1033772
	1005  -  MemoryUsage of job (MB)
	1028384  -  ResidentSetSize of job (KB)
...
006 (7216716.005.000) 09/19 08:24:50 Image size of job updated: 1033904
	1006  -  MemoryUsage of job (MB)
	1029448  -  ResidentSetSize of job (KB)
...
006 (7216716.005.000) 09/19 08:29:51 Image size of job updated: 1036432
	1008  -  MemoryUsage of job (MB)
	1031480  -  ResidentSetSize of job (KB)
...
006 (7216716.005.000) 09/19 08:34:52 Image size of job updated: 1038776
	1009  -  MemoryUsage of job (MB)
	1032632  -  ResidentSetSize of job (KB)
...
006 (7216716.005.000) 09/19 08:39:52 Image size of job updated: 1038776
	1010  -  MemoryUsage of job (MB)
	1033636  -  ResidentSetSize of job (KB)
...
006 (7216716.005.000) 09/19 08:44:53 Image size of job updated: 1042392
	1013  -  MemoryUsage of job (MB)
	1036920  -  ResidentSetSize of job (KB)
...
006 (7216716.005.000) 09/19 14:35:30 Image size of job updated: 2948564
	2880  -  MemoryUsage of job (MB)
	2948324  -  ResidentSetSize of job (KB)
...
006 (7216716.005.000) 09/19 14:35:37 Image size of job updated: 3328128
	2887  -  MemoryUsage of job (MB)
	2956076  -  ResidentSetSize of job (KB)
...
040 (7216716.005.000) 09/19 14:35:37 Started transferring output files
...
040 (7216716.005.000) 09/19 14:35:37 Finished transferring output files
...
005 (7216716.005.000) 09/19 14:35:37 Job terminated.
	(1) Normal termination (return value 50)
		Usr 1 10:16:49, Sys 0 00:03:33  -  Run Remote Usage
		Usr 0 00:00:00, Sys 0 00:00:00  -  Run Local Usage
		Usr 1 10:16:49, Sys 0 00:03:33  -  Total Remote Usage
		Usr 0 00:00:00, Sys 0 00:00:00  -  Total Local Usage
	13911  -  Run Bytes Sent By Job
	2985  -  Run Bytes Received By Job
	13911  -  Total Bytes Sent By Job
	2985  -  Total Bytes Received By Job
	Partitionable Resources :     Usage  Request Allocated 
	   Cpus                 :      1.00        1         1 
	   Disk (KB)            : 895877           3   3040538 
	   Memory (MB)          :   2887        2000      2000 

	Job terminated of its own accord at 2024-09-19T12:35:37Z with exit-code 50.
...
