000 (7187305.006.000) 08/26 07:55:56 Job submitted from host: <137.138.44.55:9618?addrs=137.138.44.55-9618+[2001-1458-d00-1a--48]-9618&alias=bigbird17.cern.ch&noUDP&sock=schedd_23962_8474>
...
040 (7187305.006.000) 08/26 13:35:46 Started transferring input files
	Transferring to host: <128.142.248.197:9618?addrs=128.142.248.197-9618+[2001-1458-301-73--100-c4]-9618&alias=b9g23p2961.cern.ch&noUDP&sock=slot1_34_7499_794a_4962>
...
040 (7187305.006.000) 08/26 13:35:46 Finished transferring input files
...
001 (7187305.006.000) 08/26 13:35:47 Job executing on host: <128.142.248.197:9618?addrs=128.142.248.197-9618+[2001-1458-301-73--100-c4]-9618&alias=b9g23p2961.cern.ch&noUDP&sock=startd_5911_0866>
	SlotName: slot1_34@b9g23p2961.cern.ch
	CondorScratchDir = "/pool/condor/dir_3675803"
	Cpus = 1
	Disk = 2966379
	Memory = 2000
...
006 (7187305.006.000) 08/26 13:35:56 Image size of job updated: 1112976
	1087  -  MemoryUsage of job (MB)
	1112940  -  ResidentSetSize of job (KB)
...
006 (7187305.006.000) 08/26 13:40:57 Image size of job updated: 1441708
	1138  -  MemoryUsage of job (MB)
	1164740  -  ResidentSetSize of job (KB)
...
006 (7187305.006.000) 08/26 13:45:57 Image size of job updated: 1441708
	1138  -  MemoryUsage of job (MB)
	1164996  -  ResidentSetSize of job (KB)
...
006 (7187305.006.000) 08/26 14:16:00 Image size of job updated: 1441708
	1192  -  MemoryUsage of job (MB)
	1220024  -  ResidentSetSize of job (KB)
...
006 (7187305.006.000) 08/26 14:21:00 Image size of job updated: 1441708
	1284  -  MemoryUsage of job (MB)
	1314348  -  ResidentSetSize of job (KB)
...
006 (7187305.006.000) 08/26 14:26:00 Image size of job updated: 1441708
	1339  -  MemoryUsage of job (MB)
	1371004  -  ResidentSetSize of job (KB)
...
006 (7187305.006.000) 08/26 14:31:01 Image size of job updated: 1441708
	1375  -  MemoryUsage of job (MB)
	1407172  -  ResidentSetSize of job (KB)
...
006 (7187305.006.000) 08/26 14:36:01 Image size of job updated: 1464712
	1425  -  MemoryUsage of job (MB)
	1458344  -  ResidentSetSize of job (KB)
...
006 (7187305.006.000) 08/26 14:41:02 Image size of job updated: 1511136
	1457  -  MemoryUsage of job (MB)
	1491896  -  ResidentSetSize of job (KB)
...
006 (7187305.006.000) 08/26 14:46:03 Image size of job updated: 1550412
	1504  -  MemoryUsage of job (MB)
	1539432  -  ResidentSetSize of job (KB)
...
006 (7187305.006.000) 08/26 14:51:03 Image size of job updated: 1606556
	1564  -  MemoryUsage of job (MB)
	1600664  -  ResidentSetSize of job (KB)
...
006 (7187305.006.000) 08/26 14:56:04 Image size of job updated: 1667812
	1622  -  MemoryUsage of job (MB)
	1660176  -  ResidentSetSize of job (KB)
...
006 (7187305.006.000) 08/26 15:01:04 Image size of job updated: 1706400
	1662  -  MemoryUsage of job (MB)
	1701148  -  ResidentSetSize of job (KB)
...
006 (7187305.006.000) 08/26 15:06:05 Image size of job updated: 1764888
	1714  -  MemoryUsage of job (MB)
	1754768  -  ResidentSetSize of job (KB)
...
006 (7187305.006.000) 08/26 15:11:06 Image size of job updated: 1835212
	1784  -  MemoryUsage of job (MB)
	1825828  -  ResidentSetSize of job (KB)
...
006 (7187305.006.000) 08/26 15:16:06 Image size of job updated: 1876188
	1828  -  MemoryUsage of job (MB)
	1871608  -  ResidentSetSize of job (KB)
...
006 (7187305.006.000) 08/26 15:21:07 Image size of job updated: 1933784
	1880  -  MemoryUsage of job (MB)
	1924932  -  ResidentSetSize of job (KB)
...
006 (7187305.006.000) 08/26 15:26:08 Image size of job updated: 1979136
	1924  -  MemoryUsage of job (MB)
	1969232  -  ResidentSetSize of job (KB)
...
006 (7187305.006.000) 08/26 15:31:08 Image size of job updated: 1995388
	1937  -  MemoryUsage of job (MB)
	1983072  -  ResidentSetSize of job (KB)
...
006 (7187305.006.000) 08/26 15:36:09 Image size of job updated: 2046072
	1994  -  MemoryUsage of job (MB)
	2040868  -  ResidentSetSize of job (KB)
...
006 (7187305.006.000) 08/26 15:41:09 Image size of job updated: 2103212
	2048  -  MemoryUsage of job (MB)
	2096564  -  ResidentSetSize of job (KB)
...
006 (7187305.006.000) 08/26 15:46:10 Image size of job updated: 2146348
	2094  -  MemoryUsage of job (MB)
	2143576  -  ResidentSetSize of job (KB)
...
006 (7187305.006.000) 08/26 15:51:10 Image size of job updated: 2201264
	2147  -  MemoryUsage of job (MB)
	2197996  -  ResidentSetSize of job (KB)
...
006 (7187305.006.000) 08/26 15:56:11 Image size of job updated: 2249268
	2191  -  MemoryUsage of job (MB)
	2242908  -  ResidentSetSize of job (KB)
...
006 (7187305.006.000) 08/26 16:01:12 Image size of job updated: 2312592
	2248  -  MemoryUsage of job (MB)
	2301188  -  ResidentSetSize of job (KB)
...
006 (7187305.006.000) 08/26 16:06:12 Image size of job updated: 2345180
	2282  -  MemoryUsage of job (MB)
	2335756  -  ResidentSetSize of job (KB)
...
006 (7187305.006.000) 08/26 16:11:13 Image size of job updated: 2368492
	2306  -  MemoryUsage of job (MB)
	2361140  -  ResidentSetSize of job (KB)
...
006 (7187305.006.000) 08/26 16:16:14 Image size of job updated: 2421364
	2358  -  MemoryUsage of job (MB)
	2414044  -  ResidentSetSize of job (KB)
...
006 (7187305.006.000) 08/26 16:21:14 Image size of job updated: 2467796
	2404  -  MemoryUsage of job (MB)
	2461660  -  ResidentSetSize of job (KB)
...
006 (7187305.006.000) 08/26 16:26:15 Image size of job updated: 2506156
	2448  -  MemoryUsage of job (MB)
	2506156  -  ResidentSetSize of job (KB)
...
006 (7187305.006.000) 08/26 16:31:15 Image size of job updated: 4227564
	4129  -  MemoryUsage of job (MB)
	4227564  -  ResidentSetSize of job (KB)
...
006 (7187305.006.000) 08/26 16:36:16 Image size of job updated: 4644276
	4129  -  MemoryUsage of job (MB)
	4228076  -  ResidentSetSize of job (KB)
...
040 (7187305.006.000) 08/26 16:36:27 Started transferring output files
...
040 (7187305.006.000) 08/26 16:36:27 Finished transferring output files
...
005 (7187305.006.000) 08/26 16:36:27 Job terminated.
	(1) Normal termination (return value 50)
		Usr 0 02:57:55, Sys 0 00:04:05  -  Run Remote Usage
		Usr 0 00:00:00, Sys 0 00:00:00  -  Run Local Usage
		Usr 0 02:57:55, Sys 0 00:04:05  -  Total Remote Usage
		Usr 0 00:00:00, Sys 0 00:00:00  -  Total Local Usage
	17230  -  Run Bytes Sent By Job
	2930  -  Run Bytes Received By Job
	17230  -  Total Bytes Sent By Job
	2930  -  Total Bytes Received By Job
	Partitionable Resources :      Usage  Request Allocated 
	   Cpus                 :       0.99        1         1 
	   Disk (KB)            : 2441942           3   2966379 
	   Memory (MB)          :    4129        2000      2000 

	Job terminated of its own accord at 2024-08-26T14:36:26Z with exit-code 50.
...
