000 (7187238.002.000) 08/26 07:55:00 Job submitted from host: <137.138.44.55:9618?addrs=137.138.44.55-9618+[2001-1458-d00-1a--48]-9618&alias=bigbird17.cern.ch&noUDP&sock=schedd_23962_8474>
...
040 (7187238.002.000) 08/26 08:36:01 Started transferring input files
	Transferring to host: <128.142.248.94:9618?addrs=128.142.248.94-9618+[2001-1458-301-73--100-14e]-9618&alias=b9g23p2790.cern.ch&noUDP&sock=slot1_16_5757_13c3_10132>
...
040 (7187238.002.000) 08/26 08:36:01 Finished transferring input files
...
001 (7187238.002.000) 08/26 08:36:02 Job executing on host: <128.142.248.94:9618?addrs=128.142.248.94-9618+[2001-1458-301-73--100-14e]-9618&alias=b9g23p2790.cern.ch&noUDP&sock=startd_4576_5577>
	SlotName: slot1_16@b9g23p2790.cern.ch
	CondorScratchDir = "/pool/condor/dir_3846578"
	Cpus = 1
	Disk = 2959900
	Memory = 2000
...
006 (7187238.002.000) 08/26 08:36:11 Image size of job updated: 475092
	276  -  MemoryUsage of job (MB)
	282064  -  ResidentSetSize of job (KB)
...
006 (7187238.002.000) 08/26 08:41:12 Image size of job updated: 3666552
	3581  -  MemoryUsage of job (MB)
	3666552  -  ResidentSetSize of job (KB)
...
006 (7187238.002.000) 08/26 08:41:32 Image size of job updated: 3689072
	3581  -  MemoryUsage of job (MB)
	3666552  -  ResidentSetSize of job (KB)
...
040 (7187238.002.000) 08/26 08:41:32 Started transferring output files
...
040 (7187238.002.000) 08/26 08:41:32 Finished transferring output files
...
005 (7187238.002.000) 08/26 08:41:32 Job terminated.
	(1) Normal termination (return value 50)
		Usr 0 00:05:11, Sys 0 00:00:13  -  Run Remote Usage
		Usr 0 00:00:00, Sys 0 00:00:00  -  Run Local Usage
		Usr 0 00:05:11, Sys 0 00:00:13  -  Total Remote Usage
		Usr 0 00:00:00, Sys 0 00:00:00  -  Total Local Usage
	16217  -  Run Bytes Sent By Job
	2910  -  Run Bytes Received By Job
	16217  -  Total Bytes Sent By Job
	2910  -  Total Bytes Received By Job
	Partitionable Resources :    Usage  Request Allocated 
	   Cpus                 :                 1         1 
	   Disk (KB)            :   475469        3   2959900 
	   Memory (MB)          :     3581     2000      2000 

	Job terminated of its own accord at 2024-08-26T06:41:32Z with exit-code 50.
...
