000 (7187262.003.000) 08/26 07:55:17 Job submitted from host: <137.138.44.55:9618?addrs=137.138.44.55-9618+[2001-1458-d00-1a--48]-9618&alias=bigbird17.cern.ch&noUDP&sock=schedd_23962_8474>
...
040 (7187262.003.000) 08/26 20:28:34 Started transferring input files
	Transferring to host: <188.185.93.234:9618?addrs=188.185.93.234-9618+[2001-1458-d00-6c--100-2e]-9618&alias=b9g57n6763.cern.ch&noUDP&sock=slot1_1_170185_7a62_62378>
...
040 (7187262.003.000) 08/26 20:28:34 Finished transferring input files
...
001 (7187262.003.000) 08/26 20:28:35 Job executing on host: <188.185.93.234:9618?addrs=188.185.93.234-9618+[2001-1458-d00-6c--100-2e]-9618&alias=b9g57n6763.cern.ch&noUDP&sock=startd_154457_3bb9>
	SlotName: slot1_1@b9g57n6763.cern.ch
	AvailableGPUs = { GPUs_GPU_b1587b5f }
	CondorScratchDir = "/pool/condor/dir_1769580"
	Cpus = 1
	Disk = 340910
	GPUs = 1
	GPUs_GPU_b1587b5f = [ GlobalMemoryMb = 40326; MaxSupportedVersion = 12040; DriverVersion = 12.4; DeviceUuid = "b1587b5f-5c26-3004-6bcf-3ce828349df6"; DeviceName = "NVIDIA A100-PCIE-40GB"; CoresPerCU = 64; ECCEnabled = true; ComputeUnits = 108; ClockMhz = 1410.0; Id = "GPU-b1587b5f"; DevicePciBusId = "0000:06:00.0"; Capability = 8.0 ]
	Memory = 2000
...
006 (7187262.003.000) 08/26 20:28:44 Image size of job updated: 635948
	370  -  MemoryUsage of job (MB)
	378512  -  ResidentSetSize of job (KB)
...
006 (7187262.003.000) 08/26 20:33:45 Image size of job updated: 3769108
	3681  -  MemoryUsage of job (MB)
	3769108  -  ResidentSetSize of job (KB)
...
006 (7187262.003.000) 08/26 20:33:57 Image size of job updated: 3792404
	3681  -  MemoryUsage of job (MB)
	3769108  -  ResidentSetSize of job (KB)
...
040 (7187262.003.000) 08/26 20:33:57 Started transferring output files
...
040 (7187262.003.000) 08/26 20:33:57 Finished transferring output files
...
005 (7187262.003.000) 08/26 20:33:57 Job terminated.
	(1) Normal termination (return value 50)
		Usr 0 00:04:15, Sys 0 00:00:49  -  Run Remote Usage
		Usr 0 00:00:00, Sys 0 00:00:00  -  Run Local Usage
		Usr 0 00:04:15, Sys 0 00:00:49  -  Total Remote Usage
		Usr 0 00:00:00, Sys 0 00:00:00  -  Total Local Usage
	15428  -  Run Bytes Sent By Job
	2915  -  Run Bytes Received By Job
	15428  -  Total Bytes Sent By Job
	2915  -  Total Bytes Received By Job
	Partitionable Resources :     Usage  Request Allocated Assigned
	   Cpus                 :      0.85        1         1 
	   Disk (KB)            : 552066           3    340910 
	   Gpus (Average)       :      0.01        1         1 "GPU-b1587b5f"
	   GpusMemory (MB)      :   1069                       
	   Memory (MB)          :   3681        2000      2000 

	Job terminated of its own accord at 2024-08-26T18:33:57Z with exit-code 50.
...
