000 (7234689.002.000) 10/04 05:18:46 Job submitted from host: <137.138.44.55:9618?addrs=137.138.44.55-9618+[2001-1458-d00-1a--48]-9618&alias=bigbird17.cern.ch&noUDP&sock=schedd_1981_6134>
...
040 (7234689.002.000) 10/04 19:38:09 Started transferring input files
	Transferring to host: <128.142.248.241:9618?addrs=128.142.248.241-9618+[2001-1458-301-73--100-f0]-9618&alias=b9g23p2273.cern.ch&noUDP&sock=slot1_31_5517_f9b9_33020>
...
040 (7234689.002.000) 10/04 19:38:09 Finished transferring input files
...
001 (7234689.002.000) 10/04 19:38:10 Job executing on host: <128.142.248.241:9618?addrs=128.142.248.241-9618+[2001-1458-301-73--100-f0]-9618&alias=b9g23p2273.cern.ch&noUDP&sock=startd_4219_7628>
	SlotName: slot1_31@b9g23p2273.cern.ch
	CondorScratchDir = "/pool/condor/dir_3296472"
	Cpus = 1
	Disk = 2985545
	Memory = 2000
...
006 (7234689.002.000) 10/04 19:38:19 Image size of job updated: 923052
	902  -  MemoryUsage of job (MB)
	922768  -  ResidentSetSize of job (KB)
...
006 (7234689.002.000) 10/04 19:43:20 Image size of job updated: 950508
	907  -  MemoryUsage of job (MB)
	928736  -  ResidentSetSize of job (KB)
...
040 (7234689.002.000) 10/11 16:16:46 Started transferring output files
...
040 (7234689.002.000) 10/11 16:16:46 Finished transferring output files
...
004 (7234689.002.000) 10/11 16:16:46 Job was evicted.
	(0) CPU times
		Usr 6 17:08:41, Sys 0 00:16:24  -  Run Remote Usage
		Usr 0 00:00:00, Sys 0 00:00:00  -  Run Local Usage
	7971  -  Run Bytes Sent By Job
	2422  -  Run Bytes Received By Job
	Partitionable Resources :      Usage  Request Allocated 
	   Cpus                 :       0.98        1         1 
	   Disk (KB)            : 1130868           3   2985545 
	   Memory (MB)          :     907        2000      2000 
...
009 (7234689.002.000) 10/11 16:16:46 Job was aborted.
	via condor_rm (by user choij)
...
