000 (7191336.000.000) 09/02 11:53:39 Job submitted from host: <137.138.44.55:9618?addrs=137.138.44.55-9618+[2001-1458-d00-1a--48]-9618&alias=bigbird17.cern.ch&noUDP&sock=schedd_23962_8474>
...
040 (7191336.000.000) 09/02 12:00:17 Started transferring input files
	Transferring to host: <128.142.248.81:9618?addrs=128.142.248.81-9618+[2001-1458-301-73--100-141]-9618&alias=b9g23p3234.cern.ch&noUDP&sock=slot1_39_133542_2b70_2786>
...
040 (7191336.000.000) 09/02 12:00:17 Finished transferring input files
...
001 (7191336.000.000) 09/02 12:00:18 Job executing on host: <128.142.248.81:9618?addrs=128.142.248.81-9618+[2001-1458-301-73--100-141]-9618&alias=b9g23p3234.cern.ch&noUDP&sock=startd_2952_67aa>
	SlotName: slot1_39@b9g23p3234.cern.ch
	CondorScratchDir = "/pool/condor/dir_1135344"
	Cpus = 1
	Disk = 3088592
	Memory = 2000
...
006 (7191336.000.000) 09/02 12:00:27 Image size of job updated: 661232
	646  -  MemoryUsage of job (MB)
	661232  -  ResidentSetSize of job (KB)
...
006 (7191336.000.000) 09/02 12:05:27 Image size of job updated: 820148
	650  -  MemoryUsage of job (MB)
	665008  -  ResidentSetSize of job (KB)
...
006 (7191336.000.000) 09/02 21:06:23 Image size of job updated: 820148
	650  -  MemoryUsage of job (MB)
	665316  -  ResidentSetSize of job (KB)
...
006 (7191336.000.000) 09/02 21:11:23 Image size of job updated: 820148
	651  -  MemoryUsage of job (MB)
	666088  -  ResidentSetSize of job (KB)
...
006 (7191336.000.000) 09/02 21:16:24 Image size of job updated: 820148
	651  -  MemoryUsage of job (MB)
	666212  -  ResidentSetSize of job (KB)
...
006 (7191336.000.000) 09/02 21:21:24 Image size of job updated: 820148
	652  -  MemoryUsage of job (MB)
	666772  -  ResidentSetSize of job (KB)
...
006 (7191336.000.000) 09/02 21:26:24 Image size of job updated: 820148
	652  -  MemoryUsage of job (MB)
	666860  -  ResidentSetSize of job (KB)
...
006 (7191336.000.000) 09/02 21:31:25 Image size of job updated: 820148
	652  -  MemoryUsage of job (MB)
	666944  -  ResidentSetSize of job (KB)
...
006 (7191336.000.000) 09/02 21:36:25 Image size of job updated: 820148
	658  -  MemoryUsage of job (MB)
	673772  -  ResidentSetSize of job (KB)
...
006 (7191336.000.000) 09/02 21:41:26 Image size of job updated: 820148
	659  -  MemoryUsage of job (MB)
	673948  -  ResidentSetSize of job (KB)
...
006 (7191336.000.000) 09/02 22:11:29 Image size of job updated: 820148
	661  -  MemoryUsage of job (MB)
	676492  -  ResidentSetSize of job (KB)
...
006 (7191336.000.000) 09/02 22:26:30 Image size of job updated: 820148
	661  -  MemoryUsage of job (MB)
	676700  -  ResidentSetSize of job (KB)
...
006 (7191336.000.000) 09/02 22:31:31 Image size of job updated: 820148
	663  -  MemoryUsage of job (MB)
	677996  -  ResidentSetSize of job (KB)
...
006 (7191336.000.000) 09/02 22:41:32 Image size of job updated: 820148
	667  -  MemoryUsage of job (MB)
	682060  -  ResidentSetSize of job (KB)
...
006 (7191336.000.000) 09/02 23:46:38 Image size of job updated: 820148
	681  -  MemoryUsage of job (MB)
	696812  -  ResidentSetSize of job (KB)
...
006 (7191336.000.000) 09/02 23:51:38 Image size of job updated: 820148
	693  -  MemoryUsage of job (MB)
	709420  -  ResidentSetSize of job (KB)
...
006 (7191336.000.000) 09/02 23:56:39 Image size of job updated: 820148
	703  -  MemoryUsage of job (MB)
	719604  -  ResidentSetSize of job (KB)
...
006 (7191336.000.000) 09/03 00:01:39 Image size of job updated: 820148
	711  -  MemoryUsage of job (MB)
	727104  -  ResidentSetSize of job (KB)
...
006 (7191336.000.000) 09/03 00:06:40 Image size of job updated: 820148
	725  -  MemoryUsage of job (MB)
	742052  -  ResidentSetSize of job (KB)
...
006 (7191336.000.000) 09/03 00:11:40 Image size of job updated: 820148
	726  -  MemoryUsage of job (MB)
	742820  -  ResidentSetSize of job (KB)
...
006 (7191336.000.000) 09/03 00:16:41 Image size of job updated: 820148
	728  -  MemoryUsage of job (MB)
	744936  -  ResidentSetSize of job (KB)
...
006 (7191336.000.000) 09/03 00:21:41 Image size of job updated: 820148
	735  -  MemoryUsage of job (MB)
	751784  -  ResidentSetSize of job (KB)
...
006 (7191336.000.000) 09/03 00:26:42 Image size of job updated: 820148
	742  -  MemoryUsage of job (MB)
	758940  -  ResidentSetSize of job (KB)
...
006 (7191336.000.000) 09/03 00:31:42 Image size of job updated: 820148
	745  -  MemoryUsage of job (MB)
	761964  -  ResidentSetSize of job (KB)
...
006 (7191336.000.000) 09/03 00:36:42 Image size of job updated: 820148
	750  -  MemoryUsage of job (MB)
	767884  -  ResidentSetSize of job (KB)
...
006 (7191336.000.000) 09/03 00:41:43 Image size of job updated: 820148
	755  -  MemoryUsage of job (MB)
	772988  -  ResidentSetSize of job (KB)
...
006 (7191336.000.000) 09/03 00:46:43 Image size of job updated: 820148
	757  -  MemoryUsage of job (MB)
	774268  -  ResidentSetSize of job (KB)
...
006 (7191336.000.000) 09/03 00:51:44 Image size of job updated: 820148
	765  -  MemoryUsage of job (MB)
	782536  -  ResidentSetSize of job (KB)
...
006 (7191336.000.000) 09/03 00:56:44 Image size of job updated: 820148
	781  -  MemoryUsage of job (MB)
	799072  -  ResidentSetSize of job (KB)
...
006 (7191336.000.000) 09/03 01:01:45 Image size of job updated: 837824
	802  -  MemoryUsage of job (MB)
	820412  -  ResidentSetSize of job (KB)
...
006 (7191336.000.000) 09/03 01:06:45 Image size of job updated: 837824
	808  -  MemoryUsage of job (MB)
	826472  -  ResidentSetSize of job (KB)
...
006 (7191336.000.000) 09/03 01:11:46 Image size of job updated: 840384
	813  -  MemoryUsage of job (MB)
	832348  -  ResidentSetSize of job (KB)
...
006 (7191336.000.000) 09/03 01:16:46 Image size of job updated: 856676
	822  -  MemoryUsage of job (MB)
	841708  -  ResidentSetSize of job (KB)
...
006 (7191336.000.000) 09/03 01:21:47 Image size of job updated: 858000
	830  -  MemoryUsage of job (MB)
	849140  -  ResidentSetSize of job (KB)
...
006 (7191336.000.000) 09/03 01:26:47 Image size of job updated: 860460
	835  -  MemoryUsage of job (MB)
	854352  -  ResidentSetSize of job (KB)
...
006 (7191336.000.000) 09/03 02:01:51 Image size of job updated: 882188
	856  -  MemoryUsage of job (MB)
	876532  -  ResidentSetSize of job (KB)
...
006 (7191336.000.000) 09/03 02:06:51 Image size of job updated: 902508
	872  -  MemoryUsage of job (MB)
	892308  -  ResidentSetSize of job (KB)
...
006 (7191336.000.000) 09/03 02:11:52 Image size of job updated: 915616
	882  -  MemoryUsage of job (MB)
	902332  -  ResidentSetSize of job (KB)
...
006 (7191336.000.000) 09/03 02:16:52 Image size of job updated: 919724
	890  -  MemoryUsage of job (MB)
	911116  -  ResidentSetSize of job (KB)
...
006 (7191336.000.000) 09/03 02:21:53 Image size of job updated: 930200
	898  -  MemoryUsage of job (MB)
	918588  -  ResidentSetSize of job (KB)
...
006 (7191336.000.000) 09/03 02:26:53 Image size of job updated: 936412
	906  -  MemoryUsage of job (MB)
	927152  -  ResidentSetSize of job (KB)
...
006 (7191336.000.000) 09/03 02:31:54 Image size of job updated: 942980
	912  -  MemoryUsage of job (MB)
	933660  -  ResidentSetSize of job (KB)
...
006 (7191336.000.000) 09/03 02:36:54 Image size of job updated: 980428
	952  -  MemoryUsage of job (MB)
	974444  -  ResidentSetSize of job (KB)
...
006 (7191336.000.000) 09/03 02:41:55 Image size of job updated: 1010504
	976  -  MemoryUsage of job (MB)
	998916  -  ResidentSetSize of job (KB)
...
006 (7191336.000.000) 09/03 02:46:55 Image size of job updated: 1027936
	986  -  MemoryUsage of job (MB)
	1008676  -  ResidentSetSize of job (KB)
...
006 (7191336.000.000) 09/03 02:51:56 Image size of job updated: 1030832
	996  -  MemoryUsage of job (MB)
	1019184  -  ResidentSetSize of job (KB)
...
006 (7191336.000.000) 09/03 02:56:56 Image size of job updated: 1030920
	1001  -  MemoryUsage of job (MB)
	1024864  -  ResidentSetSize of job (KB)
...
006 (7191336.000.000) 09/03 03:01:57 Image size of job updated: 1038464
	1008  -  MemoryUsage of job (MB)
	1031388  -  ResidentSetSize of job (KB)
...
006 (7191336.000.000) 09/03 03:06:57 Image size of job updated: 1043920
	1013  -  MemoryUsage of job (MB)
	1037020  -  ResidentSetSize of job (KB)
...
006 (7191336.000.000) 09/03 03:11:57 Image size of job updated: 1051952
	1020  -  MemoryUsage of job (MB)
	1044192  -  ResidentSetSize of job (KB)
...
006 (7191336.000.000) 09/03 03:16:58 Image size of job updated: 1057316
	1026  -  MemoryUsage of job (MB)
	1050236  -  ResidentSetSize of job (KB)
...
006 (7191336.000.000) 09/03 03:21:58 Image size of job updated: 1058728
	1030  -  MemoryUsage of job (MB)
	1053872  -  ResidentSetSize of job (KB)
...
006 (7191336.000.000) 09/03 03:26:59 Image size of job updated: 1062900
	1030  -  MemoryUsage of job (MB)
	1053872  -  ResidentSetSize of job (KB)
...
006 (7191336.000.000) 09/03 03:31:59 Image size of job updated: 1067616
	1036  -  MemoryUsage of job (MB)
	1060852  -  ResidentSetSize of job (KB)
...
006 (7191336.000.000) 09/03 03:57:02 Image size of job updated: 3445688
	3365  -  MemoryUsage of job (MB)
	3445688  -  ResidentSetSize of job (KB)
...
006 (7191336.000.000) 09/03 04:02:02 Image size of job updated: 3590660
	3507  -  MemoryUsage of job (MB)
	3590660  -  ResidentSetSize of job (KB)
...
006 (7191336.000.000) 09/03 04:07:03 Image size of job updated: 3739972
	3653  -  MemoryUsage of job (MB)
	3739972  -  ResidentSetSize of job (KB)
...
006 (7191336.000.000) 09/03 04:09:11 Image size of job updated: 3790976
	3653  -  MemoryUsage of job (MB)
	3739972  -  ResidentSetSize of job (KB)
...
040 (7191336.000.000) 09/03 04:09:11 Started transferring output files
...
040 (7191336.000.000) 09/03 04:09:11 Finished transferring output files
...
005 (7191336.000.000) 09/03 04:09:11 Job terminated.
	(1) Normal termination (return value 50)
		Usr 0 16:00:39, Sys 0 00:01:57  -  Run Remote Usage
		Usr 0 00:00:00, Sys 0 00:00:00  -  Run Local Usage
		Usr 0 16:00:39, Sys 0 00:01:57  -  Total Remote Usage
		Usr 0 00:00:00, Sys 0 00:00:00  -  Total Local Usage
	16114  -  Run Bytes Sent By Job
	2950  -  Run Bytes Received By Job
	16114  -  Total Bytes Sent By Job
	2950  -  Total Bytes Received By Job
	Partitionable Resources :     Usage  Request Allocated 
	   Cpus                 :      0.99        1         1 
	   Disk (KB)            : 947022           3   3088592 
	   Memory (MB)          :   3653        2000      2000 

	Job terminated of its own accord at 2024-09-03T02:09:11Z with exit-code 50.
...
