000 (7191336.001.000) 09/02 11:53:39 Job submitted from host: <137.138.44.55:9618?addrs=137.138.44.55-9618+[2001-1458-d00-1a--48]-9618&alias=bigbird17.cern.ch&noUDP&sock=schedd_23962_8474>
...
040 (7191336.001.000) 09/02 12:00:17 Started transferring input files
	Transferring to host: <128.142.248.81:9618?addrs=128.142.248.81-9618+[2001-1458-301-73--100-141]-9618&alias=b9g23p3234.cern.ch&noUDP&sock=slot1_41_133542_2b70_2787>
...
040 (7191336.001.000) 09/02 12:00:17 Finished transferring input files
...
001 (7191336.001.000) 09/02 12:00:18 Job executing on host: <128.142.248.81:9618?addrs=128.142.248.81-9618+[2001-1458-301-73--100-141]-9618&alias=b9g23p3234.cern.ch&noUDP&sock=startd_2952_67aa>
	SlotName: slot1_41@b9g23p3234.cern.ch
	CondorScratchDir = "/pool/condor/dir_1135437"
	Cpus = 1
	Disk = 3088592
	Memory = 2000
...
006 (7191336.001.000) 09/02 12:00:27 Image size of job updated: 650820
	636  -  MemoryUsage of job (MB)
	650660  -  ResidentSetSize of job (KB)
...
006 (7191336.001.000) 09/02 12:05:27 Image size of job updated: 821868
	640  -  MemoryUsage of job (MB)
	654508  -  ResidentSetSize of job (KB)
...
006 (7191336.001.000) 09/02 19:26:12 Image size of job updated: 821868
	640  -  MemoryUsage of job (MB)
	654728  -  ResidentSetSize of job (KB)
...
006 (7191336.001.000) 09/02 19:31:13 Image size of job updated: 821868
	641  -  MemoryUsage of job (MB)
	655996  -  ResidentSetSize of job (KB)
...
006 (7191336.001.000) 09/02 19:36:13 Image size of job updated: 821868
	643  -  MemoryUsage of job (MB)
	657472  -  ResidentSetSize of job (KB)
...
006 (7191336.001.000) 09/02 19:41:14 Image size of job updated: 821868
	644  -  MemoryUsage of job (MB)
	658488  -  ResidentSetSize of job (KB)
...
006 (7191336.001.000) 09/02 19:56:16 Image size of job updated: 821868
	645  -  MemoryUsage of job (MB)
	659840  -  ResidentSetSize of job (KB)
...
006 (7191336.001.000) 09/02 20:11:17 Image size of job updated: 821868
	646  -  MemoryUsage of job (MB)
	661424  -  ResidentSetSize of job (KB)
...
006 (7191336.001.000) 09/02 20:16:18 Image size of job updated: 821868
	647  -  MemoryUsage of job (MB)
	661644  -  ResidentSetSize of job (KB)
...
006 (7191336.001.000) 09/02 20:21:18 Image size of job updated: 821868
	647  -  MemoryUsage of job (MB)
	662124  -  ResidentSetSize of job (KB)
...
006 (7191336.001.000) 09/02 20:26:19 Image size of job updated: 821868
	648  -  MemoryUsage of job (MB)
	663320  -  ResidentSetSize of job (KB)
...
006 (7191336.001.000) 09/02 20:31:19 Image size of job updated: 821868
	649  -  MemoryUsage of job (MB)
	663624  -  ResidentSetSize of job (KB)
...
006 (7191336.001.000) 09/02 20:36:20 Image size of job updated: 821868
	650  -  MemoryUsage of job (MB)
	664684  -  ResidentSetSize of job (KB)
...
006 (7191336.001.000) 09/02 20:51:22 Image size of job updated: 821868
	651  -  MemoryUsage of job (MB)
	665900  -  ResidentSetSize of job (KB)
...
006 (7191336.001.000) 09/02 20:56:22 Image size of job updated: 821868
	651  -  MemoryUsage of job (MB)
	666124  -  ResidentSetSize of job (KB)
...
006 (7191336.001.000) 09/02 21:06:23 Image size of job updated: 821868
	652  -  MemoryUsage of job (MB)
	666772  -  ResidentSetSize of job (KB)
...
006 (7191336.001.000) 09/02 21:11:24 Image size of job updated: 821868
	653  -  MemoryUsage of job (MB)
	667992  -  ResidentSetSize of job (KB)
...
006 (7191336.001.000) 09/02 21:16:24 Image size of job updated: 821868
	653  -  MemoryUsage of job (MB)
	668280  -  ResidentSetSize of job (KB)
...
006 (7191336.001.000) 09/02 21:21:26 Image size of job updated: 821868
	653  -  MemoryUsage of job (MB)
	668632  -  ResidentSetSize of job (KB)
...
006 (7191336.001.000) 09/02 21:26:26 Image size of job updated: 821868
	654  -  MemoryUsage of job (MB)
	669168  -  ResidentSetSize of job (KB)
...
006 (7191336.001.000) 09/02 21:31:27 Image size of job updated: 821868
	654  -  MemoryUsage of job (MB)
	669232  -  ResidentSetSize of job (KB)
...
006 (7191336.001.000) 09/02 21:36:27 Image size of job updated: 821868
	654  -  MemoryUsage of job (MB)
	669252  -  ResidentSetSize of job (KB)
...
006 (7191336.001.000) 09/02 21:41:27 Image size of job updated: 821868
	661  -  MemoryUsage of job (MB)
	676328  -  ResidentSetSize of job (KB)
...
006 (7191336.001.000) 09/02 22:16:31 Image size of job updated: 821868
	664  -  MemoryUsage of job (MB)
	679688  -  ResidentSetSize of job (KB)
...
006 (7191336.001.000) 09/02 22:41:35 Image size of job updated: 821868
	665  -  MemoryUsage of job (MB)
	680504  -  ResidentSetSize of job (KB)
...
006 (7191336.001.000) 09/02 22:46:35 Image size of job updated: 821868
	669  -  MemoryUsage of job (MB)
	684572  -  ResidentSetSize of job (KB)
...
006 (7191336.001.000) 09/02 23:51:42 Image size of job updated: 821868
	678  -  MemoryUsage of job (MB)
	693752  -  ResidentSetSize of job (KB)
...
006 (7191336.001.000) 09/02 23:56:42 Image size of job updated: 821868
	693  -  MemoryUsage of job (MB)
	708896  -  ResidentSetSize of job (KB)
...
006 (7191336.001.000) 09/03 00:01:43 Image size of job updated: 821868
	701  -  MemoryUsage of job (MB)
	717352  -  ResidentSetSize of job (KB)
...
006 (7191336.001.000) 09/03 00:06:43 Image size of job updated: 821868
	714  -  MemoryUsage of job (MB)
	730872  -  ResidentSetSize of job (KB)
...
006 (7191336.001.000) 09/03 00:11:43 Image size of job updated: 821868
	719  -  MemoryUsage of job (MB)
	735764  -  ResidentSetSize of job (KB)
...
006 (7191336.001.000) 09/03 00:16:44 Image size of job updated: 821868
	726  -  MemoryUsage of job (MB)
	743120  -  ResidentSetSize of job (KB)
...
006 (7191336.001.000) 09/03 00:21:44 Image size of job updated: 821868
	730  -  MemoryUsage of job (MB)
	746920  -  ResidentSetSize of job (KB)
...
006 (7191336.001.000) 09/03 00:26:45 Image size of job updated: 821868
	736  -  MemoryUsage of job (MB)
	753324  -  ResidentSetSize of job (KB)
...
006 (7191336.001.000) 09/03 00:31:45 Image size of job updated: 821868
	743  -  MemoryUsage of job (MB)
	760656  -  ResidentSetSize of job (KB)
...
006 (7191336.001.000) 09/03 00:36:46 Image size of job updated: 821868
	749  -  MemoryUsage of job (MB)
	766548  -  ResidentSetSize of job (KB)
...
006 (7191336.001.000) 09/03 00:41:46 Image size of job updated: 821868
	753  -  MemoryUsage of job (MB)
	770312  -  ResidentSetSize of job (KB)
...
006 (7191336.001.000) 09/03 00:46:47 Image size of job updated: 821868
	757  -  MemoryUsage of job (MB)
	774996  -  ResidentSetSize of job (KB)
...
006 (7191336.001.000) 09/03 00:51:47 Image size of job updated: 821868
	761  -  MemoryUsage of job (MB)
	779084  -  ResidentSetSize of job (KB)
...
006 (7191336.001.000) 09/03 00:56:49 Image size of job updated: 821868
	767  -  MemoryUsage of job (MB)
	784596  -  ResidentSetSize of job (KB)
...
006 (7191336.001.000) 09/03 01:01:49 Image size of job updated: 821868
	775  -  MemoryUsage of job (MB)
	793220  -  ResidentSetSize of job (KB)
...
006 (7191336.001.000) 09/03 01:06:50 Image size of job updated: 840632
	801  -  MemoryUsage of job (MB)
	819220  -  ResidentSetSize of job (KB)
...
006 (7191336.001.000) 09/03 01:11:50 Image size of job updated: 840632
	806  -  MemoryUsage of job (MB)
	825048  -  ResidentSetSize of job (KB)
...
006 (7191336.001.000) 09/03 01:16:51 Image size of job updated: 840632
	813  -  MemoryUsage of job (MB)
	831648  -  ResidentSetSize of job (KB)
...
006 (7191336.001.000) 09/03 01:21:51 Image size of job updated: 856236
	822  -  MemoryUsage of job (MB)
	840724  -  ResidentSetSize of job (KB)
...
006 (7191336.001.000) 09/03 01:26:51 Image size of job updated: 856720
	828  -  MemoryUsage of job (MB)
	847232  -  ResidentSetSize of job (KB)
...
006 (7191336.001.000) 09/03 02:06:55 Image size of job updated: 862072
	837  -  MemoryUsage of job (MB)
	856400  -  ResidentSetSize of job (KB)
...
006 (7191336.001.000) 09/03 02:11:56 Image size of job updated: 879892
	854  -  MemoryUsage of job (MB)
	873988  -  ResidentSetSize of job (KB)
...
006 (7191336.001.000) 09/03 02:16:56 Image size of job updated: 898876
	865  -  MemoryUsage of job (MB)
	885028  -  ResidentSetSize of job (KB)
...
006 (7191336.001.000) 09/03 02:21:57 Image size of job updated: 902000
	874  -  MemoryUsage of job (MB)
	894348  -  ResidentSetSize of job (KB)
...
006 (7191336.001.000) 09/03 02:26:57 Image size of job updated: 913664
	881  -  MemoryUsage of job (MB)
	901716  -  ResidentSetSize of job (KB)
...
006 (7191336.001.000) 09/03 02:31:59 Image size of job updated: 920624
	890  -  MemoryUsage of job (MB)
	910388  -  ResidentSetSize of job (KB)
...
006 (7191336.001.000) 09/03 02:36:59 Image size of job updated: 926348
	894  -  MemoryUsage of job (MB)
	914512  -  ResidentSetSize of job (KB)
...
006 (7191336.001.000) 09/03 02:42:01 Image size of job updated: 962124
	934  -  MemoryUsage of job (MB)
	955916  -  ResidentSetSize of job (KB)
...
006 (7191336.001.000) 09/03 02:47:01 Image size of job updated: 993868
	960  -  MemoryUsage of job (MB)
	982376  -  ResidentSetSize of job (KB)
...
006 (7191336.001.000) 09/03 02:52:02 Image size of job updated: 1011208
	969  -  MemoryUsage of job (MB)
	991968  -  ResidentSetSize of job (KB)
...
006 (7191336.001.000) 09/03 02:57:02 Image size of job updated: 1015052
	978  -  MemoryUsage of job (MB)
	1000860  -  ResidentSetSize of job (KB)
...
006 (7191336.001.000) 09/03 03:02:03 Image size of job updated: 1015052
	985  -  MemoryUsage of job (MB)
	1008092  -  ResidentSetSize of job (KB)
...
006 (7191336.001.000) 09/03 03:07:03 Image size of job updated: 1021948
	991  -  MemoryUsage of job (MB)
	1014584  -  ResidentSetSize of job (KB)
...
006 (7191336.001.000) 09/03 03:12:04 Image size of job updated: 1027176
	997  -  MemoryUsage of job (MB)
	1020488  -  ResidentSetSize of job (KB)
...
006 (7191336.001.000) 09/03 03:17:04 Image size of job updated: 1035164
	1004  -  MemoryUsage of job (MB)
	1027488  -  ResidentSetSize of job (KB)
...
006 (7191336.001.000) 09/03 03:22:04 Image size of job updated: 1040016
	1010  -  MemoryUsage of job (MB)
	1033500  -  ResidentSetSize of job (KB)
...
006 (7191336.001.000) 09/03 03:27:05 Image size of job updated: 1042112
	1013  -  MemoryUsage of job (MB)
	1037216  -  ResidentSetSize of job (KB)
...
006 (7191336.001.000) 09/03 03:32:05 Image size of job updated: 1046040
	1017  -  MemoryUsage of job (MB)
	1040452  -  ResidentSetSize of job (KB)
...
006 (7191336.001.000) 09/03 03:37:06 Image size of job updated: 1048996
	1017  -  MemoryUsage of job (MB)
	1040452  -  ResidentSetSize of job (KB)
...
006 (7191336.001.000) 09/03 04:02:08 Image size of job updated: 3405640
	3326  -  MemoryUsage of job (MB)
	3405640  -  ResidentSetSize of job (KB)
...
006 (7191336.001.000) 09/03 04:07:09 Image size of job updated: 3554768
	3472  -  MemoryUsage of job (MB)
	3554768  -  ResidentSetSize of job (KB)
...
006 (7191336.001.000) 09/03 04:12:09 Image size of job updated: 3710304
	3624  -  MemoryUsage of job (MB)
	3710304  -  ResidentSetSize of job (KB)
...
006 (7191336.001.000) 09/03 04:12:55 Image size of job updated: 3729580
	3624  -  MemoryUsage of job (MB)
	3710304  -  ResidentSetSize of job (KB)
...
040 (7191336.001.000) 09/03 04:12:55 Started transferring output files
...
040 (7191336.001.000) 09/03 04:12:55 Finished transferring output files
...
005 (7191336.001.000) 09/03 04:12:56 Job terminated.
	(1) Normal termination (return value 50)
		Usr 0 16:04:27, Sys 0 00:01:55  -  Run Remote Usage
		Usr 0 00:00:00, Sys 0 00:00:00  -  Run Local Usage
		Usr 0 16:04:27, Sys 0 00:01:55  -  Total Remote Usage
		Usr 0 00:00:00, Sys 0 00:00:00  -  Total Local Usage
	16116  -  Run Bytes Sent By Job
	2950  -  Run Bytes Received By Job
	16116  -  Total Bytes Sent By Job
	2950  -  Total Bytes Received By Job
	Partitionable Resources :     Usage  Request Allocated 
	   Cpus                 :      0.98        1         1 
	   Disk (KB)            : 947576           3   3088592 
	   Memory (MB)          :   3624        2000      2000 

	Job terminated of its own accord at 2024-09-03T02:12:55Z with exit-code 50.
...
