000 (7191338.004.000) 09/02 11:53:42 Job submitted from host: <137.138.44.55:9618?addrs=137.138.44.55-9618+[2001-1458-d00-1a--48]-9618&alias=bigbird17.cern.ch&noUDP&sock=schedd_23962_8474>
...
040 (7191338.004.000) 09/02 13:52:49 Started transferring input files
	Transferring to host: <128.142.248.218:9618?addrs=128.142.248.218-9618+[2001-1458-301-73--100-d9]-9618&alias=b9g23p2883.cern.ch&noUDP&sock=slot1_35_1412154_fe0a_2878>
...
040 (7191338.004.000) 09/02 13:52:49 Finished transferring input files
...
001 (7191338.004.000) 09/02 13:52:50 Job executing on host: <128.142.248.218:9618?addrs=128.142.248.218-9618+[2001-1458-301-73--100-d9]-9618&alias=b9g23p2883.cern.ch&noUDP&sock=startd_1412115_0387>
	SlotName: slot1_35@b9g23p2883.cern.ch
	CondorScratchDir = "/pool/condor/dir_2200955"
	Cpus = 1
	Disk = 3117817
	Memory = 2000
...
006 (7191338.004.000) 09/02 13:52:58 Image size of job updated: 453392
	443  -  MemoryUsage of job (MB)
	453320  -  ResidentSetSize of job (KB)
...
006 (7191338.004.000) 09/02 13:57:58 Image size of job updated: 823812
	596  -  MemoryUsage of job (MB)
	610204  -  ResidentSetSize of job (KB)
...
006 (7191338.004.000) 09/02 14:02:59 Image size of job updated: 823812
	617  -  MemoryUsage of job (MB)
	631172  -  ResidentSetSize of job (KB)
...
006 (7191338.004.000) 09/02 14:07:59 Image size of job updated: 823812
	627  -  MemoryUsage of job (MB)
	641452  -  ResidentSetSize of job (KB)
...
006 (7191338.004.000) 09/02 14:13:00 Image size of job updated: 823812
	633  -  MemoryUsage of job (MB)
	648092  -  ResidentSetSize of job (KB)
...
006 (7191338.004.000) 09/02 14:18:00 Image size of job updated: 823812
	642  -  MemoryUsage of job (MB)
	656900  -  ResidentSetSize of job (KB)
...
006 (7191338.004.000) 09/02 14:23:01 Image size of job updated: 823812
	651  -  MemoryUsage of job (MB)
	666268  -  ResidentSetSize of job (KB)
...
006 (7191338.004.000) 09/02 14:28:01 Image size of job updated: 823812
	657  -  MemoryUsage of job (MB)
	672668  -  ResidentSetSize of job (KB)
...
006 (7191338.004.000) 09/02 14:33:02 Image size of job updated: 823812
	661  -  MemoryUsage of job (MB)
	675960  -  ResidentSetSize of job (KB)
...
006 (7191338.004.000) 09/02 14:38:02 Image size of job updated: 823812
	666  -  MemoryUsage of job (MB)
	681628  -  ResidentSetSize of job (KB)
...
006 (7191338.004.000) 09/02 14:43:03 Image size of job updated: 823812
	671  -  MemoryUsage of job (MB)
	686532  -  ResidentSetSize of job (KB)
...
006 (7191338.004.000) 09/02 14:48:03 Image size of job updated: 823812
	677  -  MemoryUsage of job (MB)
	692992  -  ResidentSetSize of job (KB)
...
006 (7191338.004.000) 09/02 14:58:04 Image size of job updated: 823812
	684  -  MemoryUsage of job (MB)
	700056  -  ResidentSetSize of job (KB)
...
006 (7191338.004.000) 09/02 15:03:05 Image size of job updated: 823812
	693  -  MemoryUsage of job (MB)
	709608  -  ResidentSetSize of job (KB)
...
006 (7191338.004.000) 09/02 15:08:05 Image size of job updated: 823812
	697  -  MemoryUsage of job (MB)
	713356  -  ResidentSetSize of job (KB)
...
006 (7191338.004.000) 09/02 15:13:06 Image size of job updated: 823812
	702  -  MemoryUsage of job (MB)
	718128  -  ResidentSetSize of job (KB)
...
006 (7191338.004.000) 09/02 15:18:06 Image size of job updated: 823812
	706  -  MemoryUsage of job (MB)
	722060  -  ResidentSetSize of job (KB)
...
006 (7191338.004.000) 09/02 15:23:08 Image size of job updated: 823812
	710  -  MemoryUsage of job (MB)
	726664  -  ResidentSetSize of job (KB)
...
006 (7191338.004.000) 09/02 15:28:08 Image size of job updated: 823812
	715  -  MemoryUsage of job (MB)
	731544  -  ResidentSetSize of job (KB)
...
006 (7191338.004.000) 09/02 15:33:08 Image size of job updated: 823812
	718  -  MemoryUsage of job (MB)
	734476  -  ResidentSetSize of job (KB)
...
006 (7191338.004.000) 09/02 15:38:09 Image size of job updated: 823812
	720  -  MemoryUsage of job (MB)
	736680  -  ResidentSetSize of job (KB)
...
006 (7191338.004.000) 09/02 15:43:09 Image size of job updated: 823812
	722  -  MemoryUsage of job (MB)
	739296  -  ResidentSetSize of job (KB)
...
006 (7191338.004.000) 09/02 15:48:10 Image size of job updated: 823812
	724  -  MemoryUsage of job (MB)
	740464  -  ResidentSetSize of job (KB)
...
006 (7191338.004.000) 09/02 15:53:10 Image size of job updated: 823812
	724  -  MemoryUsage of job (MB)
	740536  -  ResidentSetSize of job (KB)
...
006 (7191338.004.000) 09/02 15:58:11 Image size of job updated: 823812
	724  -  MemoryUsage of job (MB)
	741264  -  ResidentSetSize of job (KB)
...
006 (7191338.004.000) 09/02 16:03:11 Image size of job updated: 823812
	726  -  MemoryUsage of job (MB)
	743404  -  ResidentSetSize of job (KB)
...
006 (7191338.004.000) 09/02 16:08:12 Image size of job updated: 823812
	727  -  MemoryUsage of job (MB)
	743744  -  ResidentSetSize of job (KB)
...
006 (7191338.004.000) 09/02 16:13:12 Image size of job updated: 823812
	729  -  MemoryUsage of job (MB)
	746392  -  ResidentSetSize of job (KB)
...
006 (7191338.004.000) 09/02 16:18:13 Image size of job updated: 823812
	731  -  MemoryUsage of job (MB)
	748516  -  ResidentSetSize of job (KB)
...
006 (7191338.004.000) 09/02 16:33:14 Image size of job updated: 823812
	733  -  MemoryUsage of job (MB)
	749768  -  ResidentSetSize of job (KB)
...
006 (7191338.004.000) 09/02 16:38:15 Image size of job updated: 823812
	733  -  MemoryUsage of job (MB)
	750584  -  ResidentSetSize of job (KB)
...
006 (7191338.004.000) 09/02 16:43:15 Image size of job updated: 823812
	734  -  MemoryUsage of job (MB)
	750668  -  ResidentSetSize of job (KB)
...
006 (7191338.004.000) 09/02 16:48:16 Image size of job updated: 823812
	735  -  MemoryUsage of job (MB)
	751892  -  ResidentSetSize of job (KB)
...
006 (7191338.004.000) 09/02 16:53:16 Image size of job updated: 823812
	735  -  MemoryUsage of job (MB)
	752404  -  ResidentSetSize of job (KB)
...
006 (7191338.004.000) 09/02 16:58:17 Image size of job updated: 823812
	735  -  MemoryUsage of job (MB)
	752456  -  ResidentSetSize of job (KB)
...
006 (7191338.004.000) 09/02 17:03:17 Image size of job updated: 823812
	737  -  MemoryUsage of job (MB)
	753668  -  ResidentSetSize of job (KB)
...
006 (7191338.004.000) 09/02 17:08:18 Image size of job updated: 823812
	738  -  MemoryUsage of job (MB)
	755620  -  ResidentSetSize of job (KB)
...
006 (7191338.004.000) 09/02 17:13:18 Image size of job updated: 823812
	739  -  MemoryUsage of job (MB)
	756012  -  ResidentSetSize of job (KB)
...
006 (7191338.004.000) 09/02 17:18:20 Image size of job updated: 823812
	739  -  MemoryUsage of job (MB)
	756100  -  ResidentSetSize of job (KB)
...
006 (7191338.004.000) 09/02 17:23:20 Image size of job updated: 823812
	740  -  MemoryUsage of job (MB)
	757552  -  ResidentSetSize of job (KB)
...
006 (7191338.004.000) 09/02 17:28:21 Image size of job updated: 823812
	742  -  MemoryUsage of job (MB)
	758952  -  ResidentSetSize of job (KB)
...
006 (7191338.004.000) 09/02 17:33:21 Image size of job updated: 823812
	742  -  MemoryUsage of job (MB)
	759292  -  ResidentSetSize of job (KB)
...
006 (7191338.004.000) 09/02 17:38:21 Image size of job updated: 823812
	742  -  MemoryUsage of job (MB)
	759688  -  ResidentSetSize of job (KB)
...
006 (7191338.004.000) 09/02 17:43:22 Image size of job updated: 823812
	743  -  MemoryUsage of job (MB)
	760480  -  ResidentSetSize of job (KB)
...
006 (7191338.004.000) 09/02 17:48:22 Image size of job updated: 823812
	743  -  MemoryUsage of job (MB)
	760548  -  ResidentSetSize of job (KB)
...
006 (7191338.004.000) 09/02 17:53:23 Image size of job updated: 823812
	745  -  MemoryUsage of job (MB)
	762160  -  ResidentSetSize of job (KB)
...
006 (7191338.004.000) 09/02 17:58:23 Image size of job updated: 823812
	746  -  MemoryUsage of job (MB)
	763548  -  ResidentSetSize of job (KB)
...
006 (7191338.004.000) 09/02 18:03:24 Image size of job updated: 823812
	747  -  MemoryUsage of job (MB)
	764008  -  ResidentSetSize of job (KB)
...
006 (7191338.004.000) 09/02 18:13:25 Image size of job updated: 823812
	748  -  MemoryUsage of job (MB)
	765040  -  ResidentSetSize of job (KB)
...
006 (7191338.004.000) 09/02 18:18:25 Image size of job updated: 823812
	749  -  MemoryUsage of job (MB)
	766396  -  ResidentSetSize of job (KB)
...
006 (7191338.004.000) 09/02 18:23:26 Image size of job updated: 823812
	750  -  MemoryUsage of job (MB)
	767784  -  ResidentSetSize of job (KB)
...
006 (7191338.004.000) 09/02 18:28:26 Image size of job updated: 823812
	750  -  MemoryUsage of job (MB)
	767808  -  ResidentSetSize of job (KB)
...
006 (7191338.004.000) 09/02 18:33:27 Image size of job updated: 823812
	752  -  MemoryUsage of job (MB)
	769576  -  ResidentSetSize of job (KB)
...
006 (7191338.004.000) 09/02 18:38:27 Image size of job updated: 823812
	753  -  MemoryUsage of job (MB)
	770484  -  ResidentSetSize of job (KB)
...
006 (7191338.004.000) 09/02 18:43:28 Image size of job updated: 823812
	753  -  MemoryUsage of job (MB)
	770572  -  ResidentSetSize of job (KB)
...
006 (7191338.004.000) 09/02 18:48:28 Image size of job updated: 823812
	754  -  MemoryUsage of job (MB)
	771388  -  ResidentSetSize of job (KB)
...
006 (7191338.004.000) 09/02 18:53:29 Image size of job updated: 823812
	756  -  MemoryUsage of job (MB)
	773460  -  ResidentSetSize of job (KB)
...
006 (7191338.004.000) 09/02 18:58:29 Image size of job updated: 823812
	756  -  MemoryUsage of job (MB)
	773804  -  ResidentSetSize of job (KB)
...
006 (7191338.004.000) 09/02 19:03:30 Image size of job updated: 823812
	756  -  MemoryUsage of job (MB)
	774060  -  ResidentSetSize of job (KB)
...
006 (7191338.004.000) 09/02 19:08:30 Image size of job updated: 823812
	756  -  MemoryUsage of job (MB)
	774100  -  ResidentSetSize of job (KB)
...
006 (7191338.004.000) 09/02 19:13:31 Image size of job updated: 823812
	761  -  MemoryUsage of job (MB)
	778452  -  ResidentSetSize of job (KB)
...
006 (7191338.004.000) 09/02 19:43:36 Image size of job updated: 823812
	761  -  MemoryUsage of job (MB)
	778664  -  ResidentSetSize of job (KB)
...
006 (7191338.004.000) 09/02 19:48:36 Image size of job updated: 823812
	761  -  MemoryUsage of job (MB)
	779076  -  ResidentSetSize of job (KB)
...
006 (7191338.004.000) 09/02 19:58:37 Image size of job updated: 823812
	762  -  MemoryUsage of job (MB)
	779896  -  ResidentSetSize of job (KB)
...
006 (7191338.004.000) 09/02 20:03:37 Image size of job updated: 823812
	764  -  MemoryUsage of job (MB)
	781412  -  ResidentSetSize of job (KB)
...
006 (7191338.004.000) 09/02 20:08:38 Image size of job updated: 823812
	764  -  MemoryUsage of job (MB)
	781488  -  ResidentSetSize of job (KB)
...
006 (7191338.004.000) 09/02 20:13:38 Image size of job updated: 823812
	764  -  MemoryUsage of job (MB)
	781976  -  ResidentSetSize of job (KB)
...
006 (7191338.004.000) 09/02 20:18:39 Image size of job updated: 823812
	764  -  MemoryUsage of job (MB)
	782088  -  ResidentSetSize of job (KB)
...
006 (7191338.004.000) 09/02 20:23:39 Image size of job updated: 823812
	765  -  MemoryUsage of job (MB)
	783196  -  ResidentSetSize of job (KB)
...
006 (7191338.004.000) 09/02 20:33:40 Image size of job updated: 823812
	766  -  MemoryUsage of job (MB)
	783924  -  ResidentSetSize of job (KB)
...
006 (7191338.004.000) 09/02 20:38:41 Image size of job updated: 823812
	767  -  MemoryUsage of job (MB)
	784524  -  ResidentSetSize of job (KB)
...
006 (7191338.004.000) 09/02 20:43:41 Image size of job updated: 823812
	767  -  MemoryUsage of job (MB)
	784836  -  ResidentSetSize of job (KB)
...
006 (7191338.004.000) 09/02 20:48:42 Image size of job updated: 823812
	768  -  MemoryUsage of job (MB)
	785732  -  ResidentSetSize of job (KB)
...
006 (7191338.004.000) 09/02 21:08:44 Image size of job updated: 823812
	768  -  MemoryUsage of job (MB)
	786384  -  ResidentSetSize of job (KB)
...
006 (7191338.004.000) 09/02 21:13:44 Image size of job updated: 823812
	771  -  MemoryUsage of job (MB)
	788640  -  ResidentSetSize of job (KB)
...
006 (7191338.004.000) 09/02 21:18:45 Image size of job updated: 823812
	771  -  MemoryUsage of job (MB)
	789316  -  ResidentSetSize of job (KB)
...
006 (7191338.004.000) 09/02 21:23:45 Image size of job updated: 823812
	772  -  MemoryUsage of job (MB)
	789580  -  ResidentSetSize of job (KB)
...
006 (7191338.004.000) 09/02 21:28:46 Image size of job updated: 823812
	772  -  MemoryUsage of job (MB)
	790288  -  ResidentSetSize of job (KB)
...
006 (7191338.004.000) 09/02 21:33:46 Image size of job updated: 823812
	774  -  MemoryUsage of job (MB)
	791584  -  ResidentSetSize of job (KB)
...
006 (7191338.004.000) 09/02 21:38:47 Image size of job updated: 823812
	774  -  MemoryUsage of job (MB)
	791612  -  ResidentSetSize of job (KB)
...
006 (7191338.004.000) 09/02 21:43:47 Image size of job updated: 823812
	775  -  MemoryUsage of job (MB)
	792840  -  ResidentSetSize of job (KB)
...
006 (7191338.004.000) 09/02 21:48:48 Image size of job updated: 823812
	777  -  MemoryUsage of job (MB)
	794996  -  ResidentSetSize of job (KB)
...
006 (7191338.004.000) 09/02 22:08:50 Image size of job updated: 823812
	777  -  MemoryUsage of job (MB)
	795400  -  ResidentSetSize of job (KB)
...
006 (7191338.004.000) 09/02 22:13:50 Image size of job updated: 823812
	779  -  MemoryUsage of job (MB)
	797028  -  ResidentSetSize of job (KB)
...
006 (7191338.004.000) 09/02 22:18:51 Image size of job updated: 823812
	779  -  MemoryUsage of job (MB)
	797344  -  ResidentSetSize of job (KB)
...
006 (7191338.004.000) 09/02 22:23:51 Image size of job updated: 823812
	780  -  MemoryUsage of job (MB)
	798416  -  ResidentSetSize of job (KB)
...
006 (7191338.004.000) 09/02 22:28:52 Image size of job updated: 823812
	781  -  MemoryUsage of job (MB)
	799632  -  ResidentSetSize of job (KB)
...
006 (7191338.004.000) 09/02 22:33:52 Image size of job updated: 823812
	782  -  MemoryUsage of job (MB)
	799968  -  ResidentSetSize of job (KB)
...
006 (7191338.004.000) 09/02 22:38:53 Image size of job updated: 823812
	785  -  MemoryUsage of job (MB)
	803756  -  ResidentSetSize of job (KB)
...
006 (7191338.004.000) 09/02 22:58:55 Image size of job updated: 823812
	786  -  MemoryUsage of job (MB)
	803912  -  ResidentSetSize of job (KB)
...
006 (7191338.004.000) 09/02 23:08:56 Image size of job updated: 823812
	786  -  MemoryUsage of job (MB)
	804540  -  ResidentSetSize of job (KB)
...
006 (7191338.004.000) 09/02 23:13:56 Image size of job updated: 823812
	786  -  MemoryUsage of job (MB)
	804556  -  ResidentSetSize of job (KB)
...
006 (7191338.004.000) 09/02 23:18:58 Image size of job updated: 823812
	787  -  MemoryUsage of job (MB)
	805792  -  ResidentSetSize of job (KB)
...
006 (7191338.004.000) 09/02 23:23:58 Image size of job updated: 823812
	794  -  MemoryUsage of job (MB)
	812888  -  ResidentSetSize of job (KB)
...
006 (7191338.004.000) 09/03 00:14:03 Image size of job updated: 823812
	799  -  MemoryUsage of job (MB)
	817584  -  ResidentSetSize of job (KB)
...
006 (7191338.004.000) 09/03 01:04:08 Image size of job updated: 823812
	800  -  MemoryUsage of job (MB)
	818324  -  ResidentSetSize of job (KB)
...
006 (7191338.004.000) 09/03 01:09:09 Image size of job updated: 823812
	801  -  MemoryUsage of job (MB)
	819516  -  ResidentSetSize of job (KB)
...
006 (7191338.004.000) 09/03 01:14:09 Image size of job updated: 823812
	804  -  MemoryUsage of job (MB)
	823156  -  ResidentSetSize of job (KB)
...
006 (7191338.004.000) 09/03 01:24:11 Image size of job updated: 824020
	805  -  MemoryUsage of job (MB)
	823864  -  ResidentSetSize of job (KB)
...
006 (7191338.004.000) 09/03 01:29:12 Image size of job updated: 830224
	805  -  MemoryUsage of job (MB)
	823864  -  ResidentSetSize of job (KB)
...
006 (7191338.004.000) 09/03 01:59:14 Image size of job updated: 831124
	805  -  MemoryUsage of job (MB)
	823864  -  ResidentSetSize of job (KB)
...
006 (7191338.004.000) 09/03 02:04:15 Image size of job updated: 831124
	805  -  MemoryUsage of job (MB)
	824012  -  ResidentSetSize of job (KB)
...
006 (7191338.004.000) 09/03 02:09:15 Image size of job updated: 831124
	806  -  MemoryUsage of job (MB)
	824624  -  ResidentSetSize of job (KB)
...
006 (7191338.004.000) 09/03 02:14:16 Image size of job updated: 831124
	806  -  MemoryUsage of job (MB)
	824680  -  ResidentSetSize of job (KB)
...
006 (7191338.004.000) 09/03 02:19:16 Image size of job updated: 838280
	808  -  MemoryUsage of job (MB)
	826836  -  ResidentSetSize of job (KB)
...
006 (7191338.004.000) 09/03 02:24:17 Image size of job updated: 838280
	808  -  MemoryUsage of job (MB)
	827252  -  ResidentSetSize of job (KB)
...
006 (7191338.004.000) 09/03 02:29:17 Image size of job updated: 838280
	808  -  MemoryUsage of job (MB)
	827304  -  ResidentSetSize of job (KB)
...
006 (7191338.004.000) 09/03 02:34:18 Image size of job updated: 838280
	809  -  MemoryUsage of job (MB)
	828060  -  ResidentSetSize of job (KB)
...
006 (7191338.004.000) 09/03 02:39:18 Image size of job updated: 838280
	809  -  MemoryUsage of job (MB)
	828236  -  ResidentSetSize of job (KB)
...
006 (7191338.004.000) 09/03 02:44:19 Image size of job updated: 838280
	818  -  MemoryUsage of job (MB)
	836972  -  ResidentSetSize of job (KB)
...
006 (7191338.004.000) 09/03 02:54:20 Image size of job updated: 844384
	825  -  MemoryUsage of job (MB)
	844252  -  ResidentSetSize of job (KB)
...
006 (7191338.004.000) 09/03 03:09:21 Image size of job updated: 855344
	825  -  MemoryUsage of job (MB)
	844252  -  ResidentSetSize of job (KB)
...
006 (7191338.004.000) 09/03 03:34:24 Image size of job updated: 855344
	827  -  MemoryUsage of job (MB)
	846448  -  ResidentSetSize of job (KB)
...
006 (7191338.004.000) 09/03 03:49:25 Image size of job updated: 855344
	829  -  MemoryUsage of job (MB)
	848584  -  ResidentSetSize of job (KB)
...
006 (7191338.004.000) 09/03 03:54:25 Image size of job updated: 856116
	829  -  MemoryUsage of job (MB)
	848584  -  ResidentSetSize of job (KB)
...
006 (7191338.004.000) 09/03 04:39:30 Image size of job updated: 856116
	830  -  MemoryUsage of job (MB)
	848924  -  ResidentSetSize of job (KB)
...
006 (7191338.004.000) 09/03 04:54:31 Image size of job updated: 856116
	831  -  MemoryUsage of job (MB)
	850004  -  ResidentSetSize of job (KB)
...
006 (7191338.004.000) 09/03 04:59:32 Image size of job updated: 859776
	831  -  MemoryUsage of job (MB)
	850004  -  ResidentSetSize of job (KB)
...
006 (7191338.004.000) 09/03 06:34:41 Image size of job updated: 859776
	835  -  MemoryUsage of job (MB)
	854156  -  ResidentSetSize of job (KB)
...
006 (7191338.004.000) 09/03 07:09:45 Image size of job updated: 859776
	835  -  MemoryUsage of job (MB)
	854488  -  ResidentSetSize of job (KB)
...
006 (7191338.004.000) 09/03 07:14:46 Image size of job updated: 859776
	839  -  MemoryUsage of job (MB)
	858936  -  ResidentSetSize of job (KB)
...
006 (7191338.004.000) 09/03 09:04:56 Image size of job updated: 861180
	841  -  MemoryUsage of job (MB)
	860988  -  ResidentSetSize of job (KB)
...
006 (7191338.004.000) 09/03 09:19:58 Image size of job updated: 865204
	845  -  MemoryUsage of job (MB)
	865124  -  ResidentSetSize of job (KB)
...
006 (7191338.004.000) 09/03 09:24:58 Image size of job updated: 877008
	845  -  MemoryUsage of job (MB)
	865124  -  ResidentSetSize of job (KB)
...
006 (7191338.004.000) 09/03 10:25:04 Image size of job updated: 877008
	847  -  MemoryUsage of job (MB)
	866400  -  ResidentSetSize of job (KB)
...
006 (7191338.004.000) 09/03 11:40:12 Image size of job updated: 877008
	848  -  MemoryUsage of job (MB)
	867600  -  ResidentSetSize of job (KB)
...
006 (7191338.004.000) 09/03 11:45:13 Image size of job updated: 877008
	849  -  MemoryUsage of job (MB)
	868636  -  ResidentSetSize of job (KB)
...
006 (7191338.004.000) 09/03 11:50:13 Image size of job updated: 877008
	849  -  MemoryUsage of job (MB)
	869236  -  ResidentSetSize of job (KB)
...
006 (7191338.004.000) 09/03 12:00:14 Image size of job updated: 877008
	850  -  MemoryUsage of job (MB)
	869828  -  ResidentSetSize of job (KB)
...
006 (7191338.004.000) 09/03 12:05:15 Image size of job updated: 879140
	850  -  MemoryUsage of job (MB)
	869828  -  ResidentSetSize of job (KB)
...
006 (7191338.004.000) 09/03 12:50:20 Image size of job updated: 879140
	852  -  MemoryUsage of job (MB)
	871952  -  ResidentSetSize of job (KB)
...
006 (7191338.004.000) 09/03 13:05:21 Image size of job updated: 879140
	854  -  MemoryUsage of job (MB)
	873708  -  ResidentSetSize of job (KB)
...
006 (7191338.004.000) 09/03 13:10:22 Image size of job updated: 879140
	856  -  MemoryUsage of job (MB)
	876524  -  ResidentSetSize of job (KB)
...
006 (7191338.004.000) 09/03 13:20:23 Image size of job updated: 879564
	859  -  MemoryUsage of job (MB)
	879324  -  ResidentSetSize of job (KB)
...
006 (7191338.004.000) 09/03 13:25:23 Image size of job updated: 892460
	859  -  MemoryUsage of job (MB)
	879324  -  ResidentSetSize of job (KB)
...
006 (7191338.004.000) 09/04 03:41:52 Image size of job updated: 3412940
	3333  -  MemoryUsage of job (MB)
	3412940  -  ResidentSetSize of job (KB)
...
006 (7191338.004.000) 09/04 03:46:52 Image size of job updated: 3554452
	3472  -  MemoryUsage of job (MB)
	3554448  -  ResidentSetSize of job (KB)
...
006 (7191338.004.000) 09/04 03:51:53 Image size of job updated: 3695308
	3609  -  MemoryUsage of job (MB)
	3695308  -  ResidentSetSize of job (KB)
...
006 (7191338.004.000) 09/04 03:56:53 Image size of job updated: 3834796
	3745  -  MemoryUsage of job (MB)
	3834576  -  ResidentSetSize of job (KB)
...
006 (7191338.004.000) 09/04 04:01:54 Image size of job updated: 3976564
	3884  -  MemoryUsage of job (MB)
	3976564  -  ResidentSetSize of job (KB)
...
006 (7191338.004.000) 09/04 04:06:54 Image size of job updated: 4119836
	4024  -  MemoryUsage of job (MB)
	4119836  -  ResidentSetSize of job (KB)
...
006 (7191338.004.000) 09/04 04:11:55 Image size of job updated: 4259684
	4160  -  MemoryUsage of job (MB)
	4259680  -  ResidentSetSize of job (KB)
...
006 (7191338.004.000) 09/04 04:16:55 Image size of job updated: 4398580
	4296  -  MemoryUsage of job (MB)
	4398360  -  ResidentSetSize of job (KB)
...
006 (7191338.004.000) 09/04 04:21:56 Image size of job updated: 4537388
	4432  -  MemoryUsage of job (MB)
	4537388  -  ResidentSetSize of job (KB)
...
006 (7191338.004.000) 09/04 04:26:56 Image size of job updated: 4676928
	4568  -  MemoryUsage of job (MB)
	4676924  -  ResidentSetSize of job (KB)
...
006 (7191338.004.000) 09/04 04:31:57 Image size of job updated: 4820672
	4707  -  MemoryUsage of job (MB)
	4819644  -  ResidentSetSize of job (KB)
...
006 (7191338.004.000) 09/04 04:36:57 Image size of job updated: 4963916
	4848  -  MemoryUsage of job (MB)
	4963912  -  ResidentSetSize of job (KB)
...
006 (7191338.004.000) 09/04 04:41:58 Image size of job updated: 5096168
	4977  -  MemoryUsage of job (MB)
	5096168  -  ResidentSetSize of job (KB)
...
006 (7191338.004.000) 09/04 04:46:58 Image size of job updated: 5216352
	4977  -  MemoryUsage of job (MB)
	5096168  -  ResidentSetSize of job (KB)
...
040 (7191338.004.000) 09/04 04:47:21 Started transferring output files
...
040 (7191338.004.000) 09/04 04:47:21 Finished transferring output files
...
005 (7191338.004.000) 09/04 04:47:21 Job terminated.
	(1) Normal termination (return value 50)
		Usr 1 14:23:20, Sys 0 00:05:49  -  Run Remote Usage
		Usr 0 00:00:00, Sys 0 00:00:00  -  Run Local Usage
		Usr 1 14:23:20, Sys 0 00:05:49  -  Total Remote Usage
		Usr 0 00:00:00, Sys 0 00:00:00  -  Total Local Usage
	17097  -  Run Bytes Sent By Job
	2950  -  Run Bytes Received By Job
	17097  -  Total Bytes Sent By Job
	2950  -  Total Bytes Received By Job
	Partitionable Resources :      Usage  Request Allocated 
	   Cpus                 :       0.99        1         1 
	   Disk (KB)            : 2101079           3   3117817 
	   Memory (MB)          :    4977        2000      2000 

	Job terminated of its own accord at 2024-09-04T02:47:21Z with exit-code 50.
...
