000 (7191338.005.000) 09/02 11:53:42 Job submitted from host: <137.138.44.55:9618?addrs=137.138.44.55-9618+[2001-1458-d00-1a--48]-9618&alias=bigbird17.cern.ch&noUDP&sock=schedd_23962_8474>
...
040 (7191338.005.000) 09/02 13:52:49 Started transferring input files
	Transferring to host: <128.142.248.218:9618?addrs=128.142.248.218-9618+[2001-1458-301-73--100-d9]-9618&alias=b9g23p2883.cern.ch&noUDP&sock=slot1_36_1412154_fe0a_2879>
...
040 (7191338.005.000) 09/02 13:52:49 Finished transferring input files
...
001 (7191338.005.000) 09/02 13:52:50 Job executing on host: <128.142.248.218:9618?addrs=128.142.248.218-9618+[2001-1458-301-73--100-d9]-9618&alias=b9g23p2883.cern.ch&noUDP&sock=startd_1412115_0387>
	SlotName: slot1_36@b9g23p2883.cern.ch
	CondorScratchDir = "/pool/condor/dir_2201003"
	Cpus = 1
	Disk = 3117817
	Memory = 2000
...
006 (7191338.005.000) 09/02 13:52:58 Image size of job updated: 461840
	451  -  MemoryUsage of job (MB)
	461684  -  ResidentSetSize of job (KB)
...
006 (7191338.005.000) 09/02 13:57:58 Image size of job updated: 824372
	596  -  MemoryUsage of job (MB)
	610076  -  ResidentSetSize of job (KB)
...
006 (7191338.005.000) 09/02 14:02:59 Image size of job updated: 824372
	616  -  MemoryUsage of job (MB)
	630464  -  ResidentSetSize of job (KB)
...
006 (7191338.005.000) 09/02 14:07:59 Image size of job updated: 824372
	628  -  MemoryUsage of job (MB)
	642540  -  ResidentSetSize of job (KB)
...
006 (7191338.005.000) 09/02 14:13:00 Image size of job updated: 824372
	635  -  MemoryUsage of job (MB)
	649356  -  ResidentSetSize of job (KB)
...
006 (7191338.005.000) 09/02 14:18:00 Image size of job updated: 824372
	643  -  MemoryUsage of job (MB)
	657716  -  ResidentSetSize of job (KB)
...
006 (7191338.005.000) 09/02 14:23:01 Image size of job updated: 824372
	651  -  MemoryUsage of job (MB)
	666136  -  ResidentSetSize of job (KB)
...
006 (7191338.005.000) 09/02 14:28:01 Image size of job updated: 824372
	654  -  MemoryUsage of job (MB)
	669616  -  ResidentSetSize of job (KB)
...
006 (7191338.005.000) 09/02 14:33:02 Image size of job updated: 824372
	660  -  MemoryUsage of job (MB)
	674940  -  ResidentSetSize of job (KB)
...
006 (7191338.005.000) 09/02 14:38:02 Image size of job updated: 824372
	666  -  MemoryUsage of job (MB)
	680988  -  ResidentSetSize of job (KB)
...
006 (7191338.005.000) 09/02 14:43:03 Image size of job updated: 824372
	670  -  MemoryUsage of job (MB)
	685724  -  ResidentSetSize of job (KB)
...
006 (7191338.005.000) 09/02 14:48:03 Image size of job updated: 824372
	676  -  MemoryUsage of job (MB)
	692176  -  ResidentSetSize of job (KB)
...
006 (7191338.005.000) 09/02 14:53:04 Image size of job updated: 824372
	680  -  MemoryUsage of job (MB)
	695976  -  ResidentSetSize of job (KB)
...
006 (7191338.005.000) 09/02 14:58:04 Image size of job updated: 824372
	684  -  MemoryUsage of job (MB)
	699720  -  ResidentSetSize of job (KB)
...
006 (7191338.005.000) 09/02 15:03:05 Image size of job updated: 824372
	690  -  MemoryUsage of job (MB)
	706464  -  ResidentSetSize of job (KB)
...
006 (7191338.005.000) 09/02 15:08:05 Image size of job updated: 824372
	695  -  MemoryUsage of job (MB)
	711112  -  ResidentSetSize of job (KB)
...
006 (7191338.005.000) 09/02 15:13:06 Image size of job updated: 824372
	698  -  MemoryUsage of job (MB)
	714392  -  ResidentSetSize of job (KB)
...
006 (7191338.005.000) 09/02 15:18:06 Image size of job updated: 824372
	703  -  MemoryUsage of job (MB)
	719784  -  ResidentSetSize of job (KB)
...
006 (7191338.005.000) 09/02 15:23:07 Image size of job updated: 824372
	713  -  MemoryUsage of job (MB)
	729932  -  ResidentSetSize of job (KB)
...
006 (7191338.005.000) 09/02 15:28:07 Image size of job updated: 824372
	717  -  MemoryUsage of job (MB)
	733980  -  ResidentSetSize of job (KB)
...
006 (7191338.005.000) 09/02 15:33:08 Image size of job updated: 824372
	721  -  MemoryUsage of job (MB)
	737684  -  ResidentSetSize of job (KB)
...
006 (7191338.005.000) 09/02 15:38:08 Image size of job updated: 824372
	723  -  MemoryUsage of job (MB)
	740108  -  ResidentSetSize of job (KB)
...
006 (7191338.005.000) 09/02 15:43:09 Image size of job updated: 824372
	726  -  MemoryUsage of job (MB)
	742428  -  ResidentSetSize of job (KB)
...
006 (7191338.005.000) 09/02 15:48:09 Image size of job updated: 824372
	726  -  MemoryUsage of job (MB)
	742520  -  ResidentSetSize of job (KB)
...
006 (7191338.005.000) 09/02 15:53:10 Image size of job updated: 824372
	727  -  MemoryUsage of job (MB)
	743668  -  ResidentSetSize of job (KB)
...
006 (7191338.005.000) 09/02 15:58:10 Image size of job updated: 824372
	727  -  MemoryUsage of job (MB)
	744400  -  ResidentSetSize of job (KB)
...
006 (7191338.005.000) 09/02 16:03:11 Image size of job updated: 824372
	728  -  MemoryUsage of job (MB)
	744476  -  ResidentSetSize of job (KB)
...
006 (7191338.005.000) 09/02 16:08:11 Image size of job updated: 824372
	730  -  MemoryUsage of job (MB)
	746636  -  ResidentSetSize of job (KB)
...
006 (7191338.005.000) 09/02 16:13:12 Image size of job updated: 824372
	732  -  MemoryUsage of job (MB)
	749536  -  ResidentSetSize of job (KB)
...
006 (7191338.005.000) 09/02 16:18:12 Image size of job updated: 824372
	734  -  MemoryUsage of job (MB)
	751416  -  ResidentSetSize of job (KB)
...
006 (7191338.005.000) 09/02 16:23:13 Image size of job updated: 824372
	734  -  MemoryUsage of job (MB)
	751500  -  ResidentSetSize of job (KB)
...
006 (7191338.005.000) 09/02 16:28:13 Image size of job updated: 824372
	734  -  MemoryUsage of job (MB)
	751516  -  ResidentSetSize of job (KB)
...
006 (7191338.005.000) 09/02 16:58:16 Image size of job updated: 824372
	734  -  MemoryUsage of job (MB)
	751604  -  ResidentSetSize of job (KB)
...
006 (7191338.005.000) 09/02 17:03:18 Image size of job updated: 824372
	735  -  MemoryUsage of job (MB)
	751776  -  ResidentSetSize of job (KB)
...
006 (7191338.005.000) 09/02 17:08:18 Image size of job updated: 824372
	737  -  MemoryUsage of job (MB)
	753720  -  ResidentSetSize of job (KB)
...
006 (7191338.005.000) 09/02 17:13:19 Image size of job updated: 824372
	737  -  MemoryUsage of job (MB)
	754296  -  ResidentSetSize of job (KB)
...
006 (7191338.005.000) 09/02 17:23:21 Image size of job updated: 824372
	738  -  MemoryUsage of job (MB)
	755656  -  ResidentSetSize of job (KB)
...
006 (7191338.005.000) 09/02 17:28:21 Image size of job updated: 824372
	740  -  MemoryUsage of job (MB)
	757308  -  ResidentSetSize of job (KB)
...
006 (7191338.005.000) 09/02 17:33:22 Image size of job updated: 824372
	740  -  MemoryUsage of job (MB)
	757432  -  ResidentSetSize of job (KB)
...
006 (7191338.005.000) 09/02 17:38:22 Image size of job updated: 824372
	740  -  MemoryUsage of job (MB)
	757524  -  ResidentSetSize of job (KB)
...
006 (7191338.005.000) 09/02 17:43:22 Image size of job updated: 824372
	741  -  MemoryUsage of job (MB)
	758580  -  ResidentSetSize of job (KB)
...
006 (7191338.005.000) 09/02 17:48:23 Image size of job updated: 824372
	743  -  MemoryUsage of job (MB)
	760168  -  ResidentSetSize of job (KB)
...
006 (7191338.005.000) 09/02 17:58:24 Image size of job updated: 824372
	744  -  MemoryUsage of job (MB)
	761620  -  ResidentSetSize of job (KB)
...
006 (7191338.005.000) 09/02 18:03:24 Image size of job updated: 824372
	745  -  MemoryUsage of job (MB)
	761868  -  ResidentSetSize of job (KB)
...
006 (7191338.005.000) 09/02 18:08:25 Image size of job updated: 824372
	746  -  MemoryUsage of job (MB)
	763340  -  ResidentSetSize of job (KB)
...
006 (7191338.005.000) 09/02 18:18:26 Image size of job updated: 824372
	747  -  MemoryUsage of job (MB)
	764500  -  ResidentSetSize of job (KB)
...
006 (7191338.005.000) 09/02 18:23:26 Image size of job updated: 824372
	749  -  MemoryUsage of job (MB)
	766548  -  ResidentSetSize of job (KB)
...
006 (7191338.005.000) 09/02 18:28:27 Image size of job updated: 824372
	750  -  MemoryUsage of job (MB)
	767624  -  ResidentSetSize of job (KB)
...
006 (7191338.005.000) 09/02 18:33:27 Image size of job updated: 824372
	750  -  MemoryUsage of job (MB)
	767960  -  ResidentSetSize of job (KB)
...
006 (7191338.005.000) 09/02 18:38:28 Image size of job updated: 824372
	751  -  MemoryUsage of job (MB)
	768884  -  ResidentSetSize of job (KB)
...
006 (7191338.005.000) 09/02 18:43:28 Image size of job updated: 824372
	752  -  MemoryUsage of job (MB)
	769692  -  ResidentSetSize of job (KB)
...
006 (7191338.005.000) 09/02 18:48:29 Image size of job updated: 824372
	754  -  MemoryUsage of job (MB)
	771280  -  ResidentSetSize of job (KB)
...
006 (7191338.005.000) 09/02 18:53:29 Image size of job updated: 824372
	754  -  MemoryUsage of job (MB)
	771608  -  ResidentSetSize of job (KB)
...
006 (7191338.005.000) 09/02 18:58:30 Image size of job updated: 824372
	754  -  MemoryUsage of job (MB)
	771864  -  ResidentSetSize of job (KB)
...
006 (7191338.005.000) 09/02 19:03:30 Image size of job updated: 824372
	755  -  MemoryUsage of job (MB)
	772628  -  ResidentSetSize of job (KB)
...
006 (7191338.005.000) 09/02 19:08:31 Image size of job updated: 824372
	759  -  MemoryUsage of job (MB)
	776528  -  ResidentSetSize of job (KB)
...
006 (7191338.005.000) 09/02 19:43:36 Image size of job updated: 824372
	759  -  MemoryUsage of job (MB)
	777088  -  ResidentSetSize of job (KB)
...
006 (7191338.005.000) 09/02 19:53:37 Image size of job updated: 824372
	760  -  MemoryUsage of job (MB)
	778176  -  ResidentSetSize of job (KB)
...
006 (7191338.005.000) 09/02 19:58:37 Image size of job updated: 824372
	762  -  MemoryUsage of job (MB)
	779524  -  ResidentSetSize of job (KB)
...
006 (7191338.005.000) 09/02 20:03:38 Image size of job updated: 824372
	762  -  MemoryUsage of job (MB)
	780256  -  ResidentSetSize of job (KB)
...
006 (7191338.005.000) 09/02 20:13:39 Image size of job updated: 824372
	763  -  MemoryUsage of job (MB)
	780688  -  ResidentSetSize of job (KB)
...
006 (7191338.005.000) 09/02 20:18:39 Image size of job updated: 824372
	763  -  MemoryUsage of job (MB)
	781068  -  ResidentSetSize of job (KB)
...
006 (7191338.005.000) 09/02 20:23:40 Image size of job updated: 824372
	764  -  MemoryUsage of job (MB)
	781972  -  ResidentSetSize of job (KB)
...
006 (7191338.005.000) 09/02 20:28:40 Image size of job updated: 824372
	764  -  MemoryUsage of job (MB)
	782048  -  ResidentSetSize of job (KB)
...
006 (7191338.005.000) 09/02 20:33:41 Image size of job updated: 824372
	765  -  MemoryUsage of job (MB)
	782844  -  ResidentSetSize of job (KB)
...
006 (7191338.005.000) 09/02 20:38:41 Image size of job updated: 824372
	766  -  MemoryUsage of job (MB)
	783808  -  ResidentSetSize of job (KB)
...
006 (7191338.005.000) 09/02 20:58:43 Image size of job updated: 824372
	767  -  MemoryUsage of job (MB)
	784532  -  ResidentSetSize of job (KB)
...
006 (7191338.005.000) 09/02 21:03:44 Image size of job updated: 824372
	767  -  MemoryUsage of job (MB)
	784620  -  ResidentSetSize of job (KB)
...
006 (7191338.005.000) 09/02 21:08:44 Image size of job updated: 824372
	769  -  MemoryUsage of job (MB)
	787140  -  ResidentSetSize of job (KB)
...
006 (7191338.005.000) 09/02 21:13:45 Image size of job updated: 824372
	770  -  MemoryUsage of job (MB)
	787772  -  ResidentSetSize of job (KB)
...
006 (7191338.005.000) 09/02 21:18:45 Image size of job updated: 824372
	770  -  MemoryUsage of job (MB)
	787844  -  ResidentSetSize of job (KB)
...
006 (7191338.005.000) 09/02 21:23:46 Image size of job updated: 824372
	771  -  MemoryUsage of job (MB)
	788780  -  ResidentSetSize of job (KB)
...
006 (7191338.005.000) 09/02 21:28:46 Image size of job updated: 824372
	772  -  MemoryUsage of job (MB)
	789772  -  ResidentSetSize of job (KB)
...
006 (7191338.005.000) 09/02 21:33:47 Image size of job updated: 824372
	773  -  MemoryUsage of job (MB)
	790992  -  ResidentSetSize of job (KB)
...
006 (7191338.005.000) 09/02 21:38:47 Image size of job updated: 824372
	773  -  MemoryUsage of job (MB)
	791048  -  ResidentSetSize of job (KB)
...
006 (7191338.005.000) 09/02 21:43:48 Image size of job updated: 824372
	775  -  MemoryUsage of job (MB)
	793200  -  ResidentSetSize of job (KB)
...
006 (7191338.005.000) 09/02 22:03:50 Image size of job updated: 824372
	776  -  MemoryUsage of job (MB)
	793640  -  ResidentSetSize of job (KB)
...
006 (7191338.005.000) 09/02 22:08:50 Image size of job updated: 824372
	777  -  MemoryUsage of job (MB)
	795504  -  ResidentSetSize of job (KB)
...
006 (7191338.005.000) 09/02 22:13:51 Image size of job updated: 824372
	777  -  MemoryUsage of job (MB)
	795584  -  ResidentSetSize of job (KB)
...
006 (7191338.005.000) 09/02 22:18:51 Image size of job updated: 824372
	778  -  MemoryUsage of job (MB)
	796644  -  ResidentSetSize of job (KB)
...
006 (7191338.005.000) 09/02 22:23:52 Image size of job updated: 824372
	780  -  MemoryUsage of job (MB)
	797880  -  ResidentSetSize of job (KB)
...
006 (7191338.005.000) 09/02 22:28:52 Image size of job updated: 824372
	784  -  MemoryUsage of job (MB)
	801960  -  ResidentSetSize of job (KB)
...
006 (7191338.005.000) 09/02 22:53:55 Image size of job updated: 824372
	784  -  MemoryUsage of job (MB)
	802540  -  ResidentSetSize of job (KB)
...
006 (7191338.005.000) 09/02 23:13:58 Image size of job updated: 824372
	785  -  MemoryUsage of job (MB)
	803416  -  ResidentSetSize of job (KB)
...
006 (7191338.005.000) 09/02 23:18:58 Image size of job updated: 824372
	792  -  MemoryUsage of job (MB)
	810256  -  ResidentSetSize of job (KB)
...
006 (7191338.005.000) 09/03 00:09:04 Image size of job updated: 824372
	796  -  MemoryUsage of job (MB)
	814924  -  ResidentSetSize of job (KB)
...
006 (7191338.005.000) 09/03 00:29:06 Image size of job updated: 824372
	796  -  MemoryUsage of job (MB)
	815100  -  ResidentSetSize of job (KB)
...
006 (7191338.005.000) 09/03 00:34:06 Image size of job updated: 824372
	797  -  MemoryUsage of job (MB)
	815352  -  ResidentSetSize of job (KB)
...
006 (7191338.005.000) 09/03 01:09:10 Image size of job updated: 824372
	797  -  MemoryUsage of job (MB)
	815440  -  ResidentSetSize of job (KB)
...
006 (7191338.005.000) 09/03 01:19:11 Image size of job updated: 824372
	798  -  MemoryUsage of job (MB)
	816156  -  ResidentSetSize of job (KB)
...
006 (7191338.005.000) 09/03 01:54:14 Image size of job updated: 824372
	798  -  MemoryUsage of job (MB)
	816324  -  ResidentSetSize of job (KB)
...
006 (7191338.005.000) 09/03 01:59:15 Image size of job updated: 824372
	799  -  MemoryUsage of job (MB)
	817452  -  ResidentSetSize of job (KB)
...
006 (7191338.005.000) 09/03 02:04:15 Image size of job updated: 824372
	799  -  MemoryUsage of job (MB)
	817728  -  ResidentSetSize of job (KB)
...
006 (7191338.005.000) 09/03 02:09:16 Image size of job updated: 824372
	799  -  MemoryUsage of job (MB)
	817800  -  ResidentSetSize of job (KB)
...
006 (7191338.005.000) 09/03 02:14:16 Image size of job updated: 831420
	801  -  MemoryUsage of job (MB)
	819960  -  ResidentSetSize of job (KB)
...
006 (7191338.005.000) 09/03 02:19:17 Image size of job updated: 831420
	802  -  MemoryUsage of job (MB)
	820376  -  ResidentSetSize of job (KB)
...
006 (7191338.005.000) 09/03 02:24:17 Image size of job updated: 831420
	802  -  MemoryUsage of job (MB)
	820436  -  ResidentSetSize of job (KB)
...
006 (7191338.005.000) 09/03 02:29:18 Image size of job updated: 831420
	803  -  MemoryUsage of job (MB)
	821804  -  ResidentSetSize of job (KB)
...
006 (7191338.005.000) 09/03 02:34:18 Image size of job updated: 831420
	803  -  MemoryUsage of job (MB)
	822272  -  ResidentSetSize of job (KB)
...
006 (7191338.005.000) 09/03 02:39:19 Image size of job updated: 833112
	812  -  MemoryUsage of job (MB)
	831012  -  ResidentSetSize of job (KB)
...
006 (7191338.005.000) 09/03 02:49:20 Image size of job updated: 838428
	819  -  MemoryUsage of job (MB)
	838288  -  ResidentSetSize of job (KB)
...
006 (7191338.005.000) 09/03 02:59:21 Image size of job updated: 849388
	819  -  MemoryUsage of job (MB)
	838288  -  ResidentSetSize of job (KB)
...
006 (7191338.005.000) 09/03 03:29:24 Image size of job updated: 849388
	820  -  MemoryUsage of job (MB)
	839592  -  ResidentSetSize of job (KB)
...
006 (7191338.005.000) 09/03 03:39:25 Image size of job updated: 849388
	822  -  MemoryUsage of job (MB)
	841728  -  ResidentSetSize of job (KB)
...
006 (7191338.005.000) 09/03 04:44:31 Image size of job updated: 849388
	823  -  MemoryUsage of job (MB)
	842636  -  ResidentSetSize of job (KB)
...
006 (7191338.005.000) 09/03 04:49:31 Image size of job updated: 852456
	823  -  MemoryUsage of job (MB)
	842636  -  ResidentSetSize of job (KB)
...
006 (7191338.005.000) 09/03 05:49:38 Image size of job updated: 852456
	825  -  MemoryUsage of job (MB)
	844280  -  ResidentSetSize of job (KB)
...
006 (7191338.005.000) 09/03 06:14:40 Image size of job updated: 852456
	827  -  MemoryUsage of job (MB)
	846624  -  ResidentSetSize of job (KB)
...
006 (7191338.005.000) 09/03 06:19:41 Image size of job updated: 852456
	828  -  MemoryUsage of job (MB)
	847648  -  ResidentSetSize of job (KB)
...
006 (7191338.005.000) 09/03 06:24:41 Image size of job updated: 852456
	833  -  MemoryUsage of job (MB)
	852084  -  ResidentSetSize of job (KB)
...
006 (7191338.005.000) 09/03 06:44:42 Image size of job updated: 852580
	833  -  MemoryUsage of job (MB)
	852084  -  ResidentSetSize of job (KB)
...
006 (7191338.005.000) 09/03 06:59:44 Image size of job updated: 852580
	833  -  MemoryUsage of job (MB)
	852316  -  ResidentSetSize of job (KB)
...
006 (7191338.005.000) 09/03 07:04:44 Image size of job updated: 856956
	837  -  MemoryUsage of job (MB)
	856760  -  ResidentSetSize of job (KB)
...
006 (7191338.005.000) 09/03 08:54:56 Image size of job updated: 860968
	839  -  MemoryUsage of job (MB)
	858804  -  ResidentSetSize of job (KB)
...
006 (7191338.005.000) 09/03 09:09:57 Image size of job updated: 863024
	843  -  MemoryUsage of job (MB)
	862944  -  ResidentSetSize of job (KB)
...
006 (7191338.005.000) 09/03 09:14:58 Image size of job updated: 874828
	843  -  MemoryUsage of job (MB)
	862944  -  ResidentSetSize of job (KB)
...
006 (7191338.005.000) 09/03 10:15:06 Image size of job updated: 874828
	844  -  MemoryUsage of job (MB)
	864232  -  ResidentSetSize of job (KB)
...
006 (7191338.005.000) 09/03 11:20:12 Image size of job updated: 874828
	845  -  MemoryUsage of job (MB)
	864360  -  ResidentSetSize of job (KB)
...
006 (7191338.005.000) 09/03 11:30:13 Image size of job updated: 874828
	846  -  MemoryUsage of job (MB)
	865440  -  ResidentSetSize of job (KB)
...
006 (7191338.005.000) 09/03 11:35:13 Image size of job updated: 874828
	847  -  MemoryUsage of job (MB)
	866480  -  ResidentSetSize of job (KB)
...
006 (7191338.005.000) 09/04 03:21:52 Image size of job updated: 937732
	916  -  MemoryUsage of job (MB)
	937732  -  ResidentSetSize of job (KB)
...
006 (7191338.005.000) 09/04 03:26:52 Image size of job updated: 3435664
	3354  -  MemoryUsage of job (MB)
	3434120  -  ResidentSetSize of job (KB)
...
006 (7191338.005.000) 09/04 03:31:53 Image size of job updated: 3577900
	3495  -  MemoryUsage of job (MB)
	3577900  -  ResidentSetSize of job (KB)
...
006 (7191338.005.000) 09/04 03:36:53 Image size of job updated: 3721796
	3635  -  MemoryUsage of job (MB)
	3721796  -  ResidentSetSize of job (KB)
...
006 (7191338.005.000) 09/04 03:41:54 Image size of job updated: 3864536
	3774  -  MemoryUsage of job (MB)
	3864316  -  ResidentSetSize of job (KB)
...
006 (7191338.005.000) 09/04 03:46:54 Image size of job updated: 4004628
	3911  -  MemoryUsage of job (MB)
	4004628  -  ResidentSetSize of job (KB)
...
006 (7191338.005.000) 09/04 03:51:55 Image size of job updated: 4145288
	4049  -  MemoryUsage of job (MB)
	4145288  -  ResidentSetSize of job (KB)
...
006 (7191338.005.000) 09/04 03:56:55 Image size of job updated: 4284300
	4184  -  MemoryUsage of job (MB)
	4284080  -  ResidentSetSize of job (KB)
...
006 (7191338.005.000) 09/04 04:01:56 Image size of job updated: 4424500
	4321  -  MemoryUsage of job (MB)
	4424500  -  ResidentSetSize of job (KB)
...
006 (7191338.005.000) 09/04 04:06:56 Image size of job updated: 4568208
	4462  -  MemoryUsage of job (MB)
	4568208  -  ResidentSetSize of job (KB)
...
006 (7191338.005.000) 09/04 04:11:58 Image size of job updated: 4710200
	4600  -  MemoryUsage of job (MB)
	4710156  -  ResidentSetSize of job (KB)
...
006 (7191338.005.000) 09/04 04:16:58 Image size of job updated: 4850900
	4738  -  MemoryUsage of job (MB)
	4850900  -  ResidentSetSize of job (KB)
...
006 (7191338.005.000) 09/04 04:21:59 Image size of job updated: 4991308
	4875  -  MemoryUsage of job (MB)
	4991088  -  ResidentSetSize of job (KB)
...
006 (7191338.005.000) 09/04 04:26:59 Image size of job updated: 5135624
	5016  -  MemoryUsage of job (MB)
	5135624  -  ResidentSetSize of job (KB)
...
006 (7191338.005.000) 09/04 04:30:27 Image size of job updated: 5213456
	5016  -  MemoryUsage of job (MB)
	5135624  -  ResidentSetSize of job (KB)
...
040 (7191338.005.000) 09/04 04:30:27 Started transferring output files
...
040 (7191338.005.000) 09/04 04:30:27 Finished transferring output files
...
005 (7191338.005.000) 09/04 04:30:27 Job terminated.
	(1) Normal termination (return value 50)
		Usr 1 14:08:15, Sys 0 00:05:23  -  Run Remote Usage
		Usr 0 00:00:00, Sys 0 00:00:00  -  Run Local Usage
		Usr 1 14:08:15, Sys 0 00:05:23  -  Total Remote Usage
		Usr 0 00:00:00, Sys 0 00:00:00  -  Total Local Usage
	17097  -  Run Bytes Sent By Job
	2950  -  Run Bytes Received By Job
	17097  -  Total Bytes Sent By Job
	2950  -  Total Bytes Received By Job
	Partitionable Resources :      Usage  Request Allocated 
	   Cpus                 :       0.95        1         1 
	   Disk (KB)            : 2109263           3   3117817 
	   Memory (MB)          :    5016        2000      2000 

	Job terminated of its own accord at 2024-09-04T02:30:27Z with exit-code 50.
...
