000 (7187352.000.000) 08/26 08:01:36 Job submitted from host: <137.138.44.55:9618?addrs=137.138.44.55-9618+[2001-1458-d00-1a--48]-9618&alias=bigbird17.cern.ch&noUDP&sock=schedd_23962_8474>
...
040 (7187352.000.000) 08/29 16:37:49 Started transferring input files
	Transferring to host: <188.185.92.146:9618?addrs=188.185.92.146-9618+[2001-1458-d00-6c--100-1c5]-9618&alias=b9g57n0713.cern.ch&noUDP&sock=slot1_1_15784_017b_110554>
...
040 (7187352.000.000) 08/29 16:37:49 Finished transferring input files
...
001 (7187352.000.000) 08/29 16:37:50 Job executing on host: <188.185.92.146:9618?addrs=188.185.92.146-9618+[2001-1458-d00-6c--100-1c5]-9618&alias=b9g57n0713.cern.ch&noUDP&sock=startd_14967_b211>
	SlotName: slot1_1@b9g57n0713.cern.ch
	AvailableGPUs = { GPUs_GPU_8e36ebf7 }
	CondorScratchDir = "/pool/condor/dir_1341831"
	Cpus = 1
	Disk = 328734
	GPUs = 1
	GPUs_GPU_8e36ebf7 = [ GlobalMemoryMb = 40326; MaxSupportedVersion = 12040; DriverVersion = 12.4; DeviceUuid = "8e36ebf7-cfeb-baed-bbe4-21263bcdba53"; DeviceName = "NVIDIA A100-PCIE-40GB"; CoresPerCU = 64; ECCEnabled = true; ComputeUnits = 108; ClockMhz = 1410.0; Id = "GPU-8e36ebf7"; DevicePciBusId = "0000:06:00.0"; Capability = 8.0 ]
	Memory = 2000
...
006 (7187352.000.000) 08/29 16:37:58 Image size of job updated: 1034552
	1011  -  MemoryUsage of job (MB)
	1034452  -  ResidentSetSize of job (KB)
...
006 (7187352.000.000) 08/29 16:43:00 Image size of job updated: 7894604
	7706  -  MemoryUsage of job (MB)
	7890808  -  ResidentSetSize of job (KB)
...
006 (7187352.000.000) 08/29 16:48:01 Image size of job updated: 8738452
	8162  -  MemoryUsage of job (MB)
	8357268  -  ResidentSetSize of job (KB)
...
006 (7187352.000.000) 08/29 16:53:01 Image size of job updated: 9332596
	9022  -  MemoryUsage of job (MB)
	9237620  -  ResidentSetSize of job (KB)
...
006 (7187352.000.000) 08/29 16:58:02 Image size of job updated: 9360500
	9022  -  MemoryUsage of job (MB)
	9237620  -  ResidentSetSize of job (KB)
...
006 (7187352.000.000) 08/29 17:03:03 Image size of job updated: 9476200
	9022  -  MemoryUsage of job (MB)
	9237620  -  ResidentSetSize of job (KB)
...
006 (7187352.000.000) 08/29 17:08:03 Image size of job updated: 9647608
	9361  -  MemoryUsage of job (MB)
	9585648  -  ResidentSetSize of job (KB)
...
006 (7187352.000.000) 08/29 17:13:04 Image size of job updated: 9870000
	9631  -  MemoryUsage of job (MB)
	9861368  -  ResidentSetSize of job (KB)
...
006 (7187352.000.000) 08/29 17:18:05 Image size of job updated: 10097604
	9631  -  MemoryUsage of job (MB)
	9861368  -  ResidentSetSize of job (KB)
...
006 (7187352.000.000) 08/29 17:23:05 Image size of job updated: 10158956
	9631  -  MemoryUsage of job (MB)
	9861368  -  ResidentSetSize of job (KB)
...
006 (7187352.000.000) 08/29 17:28:05 Image size of job updated: 10323680
	9971  -  MemoryUsage of job (MB)
	10210128  -  ResidentSetSize of job (KB)
...
006 (7187352.000.000) 08/29 17:33:06 Image size of job updated: 10433648
	10066  -  MemoryUsage of job (MB)
	10307408  -  ResidentSetSize of job (KB)
...
006 (7187352.000.000) 08/29 17:38:06 Image size of job updated: 10547716
	10066  -  MemoryUsage of job (MB)
	10307408  -  ResidentSetSize of job (KB)
...
006 (7187352.000.000) 08/29 17:43:07 Image size of job updated: 10706692
	10066  -  MemoryUsage of job (MB)
	10307408  -  ResidentSetSize of job (KB)
...
006 (7187352.000.000) 08/29 17:48:06 Image size of job updated: 10827200
	10100  -  MemoryUsage of job (MB)
	10341880  -  ResidentSetSize of job (KB)
...
006 (7187352.000.000) 08/29 17:53:07 Image size of job updated: 11027300
	10676  -  MemoryUsage of job (MB)
	10931472  -  ResidentSetSize of job (KB)
...
006 (7187352.000.000) 08/29 17:58:06 Image size of job updated: 11102732
	10730  -  MemoryUsage of job (MB)
	10987096  -  ResidentSetSize of job (KB)
...
006 (7187352.000.000) 08/29 18:03:06 Image size of job updated: 11152268
	10778  -  MemoryUsage of job (MB)
	11036324  -  ResidentSetSize of job (KB)
...
006 (7187352.000.000) 08/29 18:08:07 Image size of job updated: 11290628
	10778  -  MemoryUsage of job (MB)
	11036580  -  ResidentSetSize of job (KB)
...
006 (7187352.000.000) 08/29 18:13:07 Image size of job updated: 11496104
	11227  -  MemoryUsage of job (MB)
	11496104  -  ResidentSetSize of job (KB)
...
006 (7187352.000.000) 08/29 18:18:08 Image size of job updated: 11652856
	11361  -  MemoryUsage of job (MB)
	11632984  -  ResidentSetSize of job (KB)
...
006 (7187352.000.000) 08/29 18:23:07 Image size of job updated: 11994876
	11587  -  MemoryUsage of job (MB)
	11864140  -  ResidentSetSize of job (KB)
...
006 (7187352.000.000) 08/29 18:28:08 Image size of job updated: 12294164
	12006  -  MemoryUsage of job (MB)
	12293900  -  ResidentSetSize of job (KB)
...
006 (7187352.000.000) 08/29 18:33:09 Image size of job updated: 12458208
	12167  -  MemoryUsage of job (MB)
	12458208  -  ResidentSetSize of job (KB)
...
006 (7187352.000.000) 08/29 18:38:09 Image size of job updated: 12648672
	12167  -  MemoryUsage of job (MB)
	12458208  -  ResidentSetSize of job (KB)
...
006 (7187352.000.000) 08/29 18:43:10 Image size of job updated: 12652300
	12167  -  MemoryUsage of job (MB)
	12458208  -  ResidentSetSize of job (KB)
...
006 (7187352.000.000) 08/29 18:48:10 Image size of job updated: 12652560
	12250  -  MemoryUsage of job (MB)
	12543240  -  ResidentSetSize of job (KB)
...
006 (7187352.000.000) 08/29 18:53:10 Image size of job updated: 12785052
	12486  -  MemoryUsage of job (MB)
	12785052  -  ResidentSetSize of job (KB)
...
006 (7187352.000.000) 08/29 18:58:10 Image size of job updated: 12987140
	12486  -  MemoryUsage of job (MB)
	12785052  -  ResidentSetSize of job (KB)
...
006 (7187352.000.000) 08/29 19:03:09 Image size of job updated: 13099068
	12690  -  MemoryUsage of job (MB)
	12994104  -  ResidentSetSize of job (KB)
...
006 (7187352.000.000) 08/29 19:08:09 Image size of job updated: 13159512
	12744  -  MemoryUsage of job (MB)
	13049388  -  ResidentSetSize of job (KB)
...
006 (7187352.000.000) 08/29 19:13:10 Image size of job updated: 13254196
	12744  -  MemoryUsage of job (MB)
	13049388  -  ResidentSetSize of job (KB)
...
006 (7187352.000.000) 08/29 19:18:10 Image size of job updated: 13450676
	13009  -  MemoryUsage of job (MB)
	13321048  -  ResidentSetSize of job (KB)
...
006 (7187352.000.000) 08/29 19:23:10 Image size of job updated: 13588820
	13206  -  MemoryUsage of job (MB)
	13522852  -  ResidentSetSize of job (KB)
...
006 (7187352.000.000) 08/29 19:28:11 Image size of job updated: 13845044
	13207  -  MemoryUsage of job (MB)
	13523388  -  ResidentSetSize of job (KB)
...
006 (7187352.000.000) 08/29 19:33:11 Image size of job updated: 14066916
	13280  -  MemoryUsage of job (MB)
	13598620  -  ResidentSetSize of job (KB)
...
006 (7187352.000.000) 08/29 19:38:11 Image size of job updated: 14178816
	13280  -  MemoryUsage of job (MB)
	13598620  -  ResidentSetSize of job (KB)
...
006 (7187352.000.000) 08/29 19:43:12 Image size of job updated: 14560948
	13816  -  MemoryUsage of job (MB)
	14147384  -  ResidentSetSize of job (KB)
...
006 (7187352.000.000) 08/29 19:48:13 Image size of job updated: 14763996
	14323  -  MemoryUsage of job (MB)
	14665844  -  ResidentSetSize of job (KB)
...
006 (7187352.000.000) 08/29 19:53:13 Image size of job updated: 14947780
	14482  -  MemoryUsage of job (MB)
	14829076  -  ResidentSetSize of job (KB)
...
006 (7187352.000.000) 08/29 20:08:13 Image size of job updated: 15320000
	14851  -  MemoryUsage of job (MB)
	15207196  -  ResidentSetSize of job (KB)
...
006 (7187352.000.000) 08/29 20:13:13 Image size of job updated: 15538308
	15074  -  MemoryUsage of job (MB)
	15435492  -  ResidentSetSize of job (KB)
...
006 (7187352.000.000) 08/29 20:18:14 Image size of job updated: 15641484
	15074  -  MemoryUsage of job (MB)
	15435492  -  ResidentSetSize of job (KB)
...
006 (7187352.000.000) 08/29 20:23:14 Image size of job updated: 15814456
	15344  -  MemoryUsage of job (MB)
	15711376  -  ResidentSetSize of job (KB)
...
006 (7187352.000.000) 08/29 20:28:14 Image size of job updated: 15960400
	15569  -  MemoryUsage of job (MB)
	15942284  -  ResidentSetSize of job (KB)
...
006 (7187352.000.000) 08/29 20:33:15 Image size of job updated: 16097204
	15569  -  MemoryUsage of job (MB)
	15942540  -  ResidentSetSize of job (KB)
...
006 (7187352.000.000) 08/29 20:38:16 Image size of job updated: 16226912
	15847  -  MemoryUsage of job (MB)
	16226912  -  ResidentSetSize of job (KB)
...
006 (7187352.000.000) 08/29 20:43:16 Image size of job updated: 16279432
	15847  -  MemoryUsage of job (MB)
	16226912  -  ResidentSetSize of job (KB)
...
006 (7187352.000.000) 08/29 20:53:17 Image size of job updated: 16695012
	15970  -  MemoryUsage of job (MB)
	16352944  -  ResidentSetSize of job (KB)
...
006 (7187352.000.000) 08/29 20:58:17 Image size of job updated: 16786776
	16288  -  MemoryUsage of job (MB)
	16678064  -  ResidentSetSize of job (KB)
...
006 (7187352.000.000) 08/29 21:08:18 Image size of job updated: 17256808
	16499  -  MemoryUsage of job (MB)
	16894296  -  ResidentSetSize of job (KB)
...
006 (7187352.000.000) 08/29 21:13:19 Image size of job updated: 17498704
	17023  -  MemoryUsage of job (MB)
	17430996  -  ResidentSetSize of job (KB)
...
006 (7187352.000.000) 08/29 21:18:19 Image size of job updated: 17595052
	17023  -  MemoryUsage of job (MB)
	17430996  -  ResidentSetSize of job (KB)
...
006 (7187352.000.000) 08/29 21:23:20 Image size of job updated: 17732836
	17023  -  MemoryUsage of job (MB)
	17430996  -  ResidentSetSize of job (KB)
...
006 (7187352.000.000) 08/29 21:33:20 Image size of job updated: 18111120
	17611  -  MemoryUsage of job (MB)
	18032676  -  ResidentSetSize of job (KB)
...
006 (7187352.000.000) 08/29 21:38:21 Image size of job updated: 18222900
	17615  -  MemoryUsage of job (MB)
	18036980  -  ResidentSetSize of job (KB)
...
006 (7187352.000.000) 08/29 21:43:22 Image size of job updated: 18387876
	17950  -  MemoryUsage of job (MB)
	18380592  -  ResidentSetSize of job (KB)
...
006 (7187352.000.000) 08/29 21:48:22 Image size of job updated: 18539660
	17950  -  MemoryUsage of job (MB)
	18380592  -  ResidentSetSize of job (KB)
...
006 (7187352.000.000) 08/29 21:53:23 Image size of job updated: 18574620
	18036  -  MemoryUsage of job (MB)
	18468844  -  ResidentSetSize of job (KB)
...
006 (7187352.000.000) 08/29 21:58:24 Image size of job updated: 18608848
	18068  -  MemoryUsage of job (MB)
	18500712  -  ResidentSetSize of job (KB)
...
006 (7187352.000.000) 08/29 22:03:24 Image size of job updated: 18772888
	18068  -  MemoryUsage of job (MB)
	18500712  -  ResidentSetSize of job (KB)
...
006 (7187352.000.000) 08/29 22:08:25 Image size of job updated: 18792696
	18068  -  MemoryUsage of job (MB)
	18500712  -  ResidentSetSize of job (KB)
...
006 (7187352.000.000) 08/29 22:23:26 Image size of job updated: 18792696
	18088  -  MemoryUsage of job (MB)
	18521884  -  ResidentSetSize of job (KB)
...
006 (7187352.000.000) 08/29 22:28:26 Image size of job updated: 19093540
	18547  -  MemoryUsage of job (MB)
	18991372  -  ResidentSetSize of job (KB)
...
006 (7187352.000.000) 08/29 22:33:26 Image size of job updated: 19189380
	18649  -  MemoryUsage of job (MB)
	19096372  -  ResidentSetSize of job (KB)
...
006 (7187352.000.000) 08/29 22:38:27 Image size of job updated: 19233656
	18649  -  MemoryUsage of job (MB)
	19096372  -  ResidentSetSize of job (KB)
...
006 (7187352.000.000) 08/29 22:53:27 Image size of job updated: 19233656
	18651  -  MemoryUsage of job (MB)
	19097780  -  ResidentSetSize of job (KB)
...
006 (7187352.000.000) 08/29 22:58:28 Image size of job updated: 19251416
	18651  -  MemoryUsage of job (MB)
	19097780  -  ResidentSetSize of job (KB)
...
006 (7187352.000.000) 08/29 23:08:29 Image size of job updated: 19284428
	18651  -  MemoryUsage of job (MB)
	19097780  -  ResidentSetSize of job (KB)
...
006 (7187352.000.000) 08/29 23:13:30 Image size of job updated: 19757900
	19295  -  MemoryUsage of job (MB)
	19757900  -  ResidentSetSize of job (KB)
...
006 (7187352.000.000) 08/29 23:18:31 Image size of job updated: 19765836
	19295  -  MemoryUsage of job (MB)
	19757900  -  ResidentSetSize of job (KB)
...
006 (7187352.000.000) 08/29 23:28:33 Image size of job updated: 19780216
	19295  -  MemoryUsage of job (MB)
	19757900  -  ResidentSetSize of job (KB)
...
006 (7187352.000.000) 08/29 23:33:33 Image size of job updated: 19780352
	19295  -  MemoryUsage of job (MB)
	19757900  -  ResidentSetSize of job (KB)
...
006 (7187352.000.000) 08/29 23:48:35 Image size of job updated: 19853368
	19327  -  MemoryUsage of job (MB)
	19790484  -  ResidentSetSize of job (KB)
...
006 (7187352.000.000) 08/29 23:53:35 Image size of job updated: 19962048
	19327  -  MemoryUsage of job (MB)
	19790484  -  ResidentSetSize of job (KB)
...
006 (7187352.000.000) 08/29 23:58:36 Image size of job updated: 20142712
	19543  -  MemoryUsage of job (MB)
	20011804  -  ResidentSetSize of job (KB)
...
006 (7187352.000.000) 08/30 00:03:37 Image size of job updated: 20178644
	19706  -  MemoryUsage of job (MB)
	20178644  -  ResidentSetSize of job (KB)
...
006 (7187352.000.000) 08/30 00:08:37 Image size of job updated: 20342004
	19718  -  MemoryUsage of job (MB)
	20190212  -  ResidentSetSize of job (KB)
...
006 (7187352.000.000) 08/30 00:13:37 Image size of job updated: 20411176
	19910  -  MemoryUsage of job (MB)
	20387456  -  ResidentSetSize of job (KB)
...
006 (7187352.000.000) 08/30 00:18:38 Image size of job updated: 20468508
	19910  -  MemoryUsage of job (MB)
	20387456  -  ResidentSetSize of job (KB)
...
006 (7187352.000.000) 08/30 00:23:39 Image size of job updated: 20581384
	19970  -  MemoryUsage of job (MB)
	20448672  -  ResidentSetSize of job (KB)
...
006 (7187352.000.000) 08/30 00:28:39 Image size of job updated: 20639472
	20033  -  MemoryUsage of job (MB)
	20513020  -  ResidentSetSize of job (KB)
...
006 (7187352.000.000) 08/30 00:33:40 Image size of job updated: 20744264
	20044  -  MemoryUsage of job (MB)
	20524796  -  ResidentSetSize of job (KB)
...
006 (7187352.000.000) 08/30 01:08:44 Image size of job updated: 20744264
	20139  -  MemoryUsage of job (MB)
	20621808  -  ResidentSetSize of job (KB)
...
006 (7187352.000.000) 08/30 01:13:45 Image size of job updated: 20785216
	20185  -  MemoryUsage of job (MB)
	20668476  -  ResidentSetSize of job (KB)
...
006 (7187352.000.000) 08/30 01:18:45 Image size of job updated: 20946424
	20434  -  MemoryUsage of job (MB)
	20923544  -  ResidentSetSize of job (KB)
...
006 (7187352.000.000) 08/30 01:23:45 Image size of job updated: 20990912
	20434  -  MemoryUsage of job (MB)
	20923544  -  ResidentSetSize of job (KB)
...
006 (7187352.000.000) 08/30 01:43:46 Image size of job updated: 21448844
	20811  -  MemoryUsage of job (MB)
	21310428  -  ResidentSetSize of job (KB)
...
006 (7187352.000.000) 08/30 01:48:47 Image size of job updated: 21539080
	20811  -  MemoryUsage of job (MB)
	21310428  -  ResidentSetSize of job (KB)
...
006 (7187352.000.000) 08/30 01:53:48 Image size of job updated: 21594432
	20811  -  MemoryUsage of job (MB)
	21310428  -  ResidentSetSize of job (KB)
...
006 (7187352.000.000) 08/30 01:58:48 Image size of job updated: 21594432
	21023  -  MemoryUsage of job (MB)
	21527476  -  ResidentSetSize of job (KB)
...
006 (7187352.000.000) 08/30 02:03:48 Image size of job updated: 21613504
	21024  -  MemoryUsage of job (MB)
	21527632  -  ResidentSetSize of job (KB)
...
006 (7187352.000.000) 08/30 02:08:49 Image size of job updated: 21648836
	21116  -  MemoryUsage of job (MB)
	21621968  -  ResidentSetSize of job (KB)
...
006 (7187352.000.000) 08/30 02:13:49 Image size of job updated: 21816000
	21305  -  MemoryUsage of job (MB)
	21816000  -  ResidentSetSize of job (KB)
...
006 (7187352.000.000) 08/30 02:18:49 Image size of job updated: 22006060
	21322  -  MemoryUsage of job (MB)
	21832892  -  ResidentSetSize of job (KB)
...
006 (7187352.000.000) 08/30 02:23:50 Image size of job updated: 22006060
	21322  -  MemoryUsage of job (MB)
	21833076  -  ResidentSetSize of job (KB)
...
006 (7187352.000.000) 08/30 02:43:52 Image size of job updated: 22059440
	21373  -  MemoryUsage of job (MB)
	21885848  -  ResidentSetSize of job (KB)
...
006 (7187352.000.000) 08/30 02:48:52 Image size of job updated: 22077936
	21452  -  MemoryUsage of job (MB)
	21966468  -  ResidentSetSize of job (KB)
...
006 (7187352.000.000) 08/30 02:53:52 Image size of job updated: 22290756
	21625  -  MemoryUsage of job (MB)
	22143512  -  ResidentSetSize of job (KB)
...
006 (7187352.000.000) 08/30 02:58:53 Image size of job updated: 22423936
	21625  -  MemoryUsage of job (MB)
	22143512  -  ResidentSetSize of job (KB)
...
006 (7187352.000.000) 08/30 03:08:55 Image size of job updated: 22554296
	21842  -  MemoryUsage of job (MB)
	22365692  -  ResidentSetSize of job (KB)
...
006 (7187352.000.000) 08/30 03:13:56 Image size of job updated: 22692384
	22161  -  MemoryUsage of job (MB)
	22692384  -  ResidentSetSize of job (KB)
...
006 (7187352.000.000) 08/30 03:18:56 Image size of job updated: 22781680
	22161  -  MemoryUsage of job (MB)
	22692384  -  ResidentSetSize of job (KB)
...
006 (7187352.000.000) 08/30 03:23:57 Image size of job updated: 22858828
	22161  -  MemoryUsage of job (MB)
	22692384  -  ResidentSetSize of job (KB)
...
006 (7187352.000.000) 08/30 03:28:58 Image size of job updated: 22922312
	22316  -  MemoryUsage of job (MB)
	22851228  -  ResidentSetSize of job (KB)
...
006 (7187352.000.000) 08/30 03:33:59 Image size of job updated: 22976596
	22325  -  MemoryUsage of job (MB)
	22860772  -  ResidentSetSize of job (KB)
...
006 (7187352.000.000) 08/30 04:24:06 Image size of job updated: 23057320
	22430  -  MemoryUsage of job (MB)
	22967388  -  ResidentSetSize of job (KB)
...
006 (7187352.000.000) 08/30 05:34:16 Image size of job updated: 23100796
	22450  -  MemoryUsage of job (MB)
	22988408  -  ResidentSetSize of job (KB)
...
006 (7187352.000.000) 08/30 05:39:16 Image size of job updated: 23161972
	22450  -  MemoryUsage of job (MB)
	22988408  -  ResidentSetSize of job (KB)
...
006 (7187352.000.000) 08/30 05:54:18 Image size of job updated: 23243668
	22450  -  MemoryUsage of job (MB)
	22988408  -  ResidentSetSize of job (KB)
...
006 (7187352.000.000) 08/30 14:00:09 Image size of job updated: 24010024
	23448  -  MemoryUsage of job (MB)
	24010024  -  ResidentSetSize of job (KB)
...
006 (7187352.000.000) 08/30 14:02:54 Image size of job updated: 25302424
	23654  -  MemoryUsage of job (MB)
	24220796  -  ResidentSetSize of job (KB)
...
040 (7187352.000.000) 08/30 14:02:55 Started transferring output files
...
040 (7187352.000.000) 08/30 14:02:55 Finished transferring output files
...
005 (7187352.000.000) 08/30 14:02:57 Job terminated.
	(1) Normal termination (return value 0)
		Usr 0 15:20:30, Sys 0 01:47:15  -  Run Remote Usage
		Usr 0 00:00:00, Sys 0 00:00:00  -  Run Local Usage
		Usr 0 15:20:30, Sys 0 01:47:15  -  Total Remote Usage
		Usr 0 00:00:00, Sys 0 00:00:00  -  Total Local Usage
	274153  -  Run Bytes Sent By Job
	2915  -  Run Bytes Received By Job
	274153  -  Total Bytes Sent By Job
	2915  -  Total Bytes Received By Job
	Partitionable Resources :      Usage  Request Allocated Assigned
	   Cpus                 :       0.30        1         1 
	   Disk (KB)            : 7836568           3    328734 
	   Gpus (Average)       :       0.03        1         1 "GPU-8e36ebf7"
	   GpusMemory (MB)      :    3137                       
	   Memory (MB)          :   23654        2000      2000 

	Job terminated of its own accord at 2024-08-30T12:02:54Z with exit-code 0.
...
