000 (7187730.002.000) 08/28 05:35:55 Job submitted from host: <137.138.44.55:9618?addrs=137.138.44.55-9618+[2001-1458-d00-1a--48]-9618&alias=bigbird17.cern.ch&noUDP&sock=schedd_23962_8474>
...
040 (7187730.002.000) 08/28 05:45:55 Started transferring input files
	Transferring to host: <128.142.248.81:9618?addrs=128.142.248.81-9618+[2001-1458-301-73--100-141]-9618&alias=b9g23p3234.cern.ch&noUDP&sock=slot1_4_3493222_a91c_12777>
...
040 (7187730.002.000) 08/28 05:45:55 Finished transferring input files
...
001 (7187730.002.000) 08/28 05:45:56 Job executing on host: <128.142.248.81:9618?addrs=128.142.248.81-9618+[2001-1458-301-73--100-141]-9618&alias=b9g23p3234.cern.ch&noUDP&sock=startd_5923_4389>
	SlotName: slot1_4@b9g23p3234.cern.ch
	CondorScratchDir = "/pool/condor/dir_2527839"
	Cpus = 1
	Disk = 3098807
	Memory = 2000
...
006 (7187730.002.000) 08/28 05:46:05 Image size of job updated: 1137444
	603  -  MemoryUsage of job (MB)
	617040  -  ResidentSetSize of job (KB)
...
006 (7187730.002.000) 08/28 05:51:06 Image size of job updated: 1137444
	1030  -  MemoryUsage of job (MB)
	1054304  -  ResidentSetSize of job (KB)
...
006 (7187730.002.000) 08/28 05:56:06 Image size of job updated: 1489264
	1443  -  MemoryUsage of job (MB)
	1477048  -  ResidentSetSize of job (KB)
...
006 (7187730.002.000) 08/28 06:01:07 Image size of job updated: 1831448
	1735  -  MemoryUsage of job (MB)
	1776364  -  ResidentSetSize of job (KB)
...
006 (7187730.002.000) 08/28 06:06:07 Image size of job updated: 3903120
	3812  -  MemoryUsage of job (MB)
	3903120  -  ResidentSetSize of job (KB)
...
006 (7187730.002.000) 08/28 06:06:14 Image size of job updated: 3905680
	3812  -  MemoryUsage of job (MB)
	3903120  -  ResidentSetSize of job (KB)
...
040 (7187730.002.000) 08/28 06:06:14 Started transferring output files
...
040 (7187730.002.000) 08/28 06:06:14 Finished transferring output files
...
005 (7187730.002.000) 08/28 06:06:14 Job terminated.
	(1) Normal termination (return value 50)
		Usr 0 00:19:00, Sys 0 00:01:23  -  Run Remote Usage
		Usr 0 00:00:00, Sys 0 00:00:00  -  Run Local Usage
		Usr 0 00:19:00, Sys 0 00:01:23  -  Total Remote Usage
		Usr 0 00:00:00, Sys 0 00:00:00  -  Total Local Usage
	27404  -  Run Bytes Sent By Job
	2916  -  Run Bytes Received By Job
	27404  -  Total Bytes Sent By Job
	2916  -  Total Bytes Received By Job
	Partitionable Resources :      Usage  Request Allocated 
	   Cpus                 :       0.12        1         1 
	   Disk (KB)            : 1633926           3   3098807 
	   Memory (MB)          :    3812        2000      2000 

	Job terminated of its own accord at 2024-08-28T04:06:14Z with exit-code 50.
...
