000 (7187342.002.000) 08/26 07:58:27 Job submitted from host: <137.138.44.55:9618?addrs=137.138.44.55-9618+[2001-1458-d00-1a--48]-9618&alias=bigbird17.cern.ch&noUDP&sock=schedd_23962_8474>
...
040 (7187342.002.000) 08/29 09:50:41 Started transferring input files
	Transferring to host: <188.185.93.105:9618?addrs=188.185.93.105-9618+[2001-1458-d00-6c--100-242]-9618&alias=b9g57n8656.cern.ch&noUDP&sock=slot1_1_18300_c161_113855>
...
040 (7187342.002.000) 08/29 09:50:41 Finished transferring input files
...
001 (7187342.002.000) 08/29 09:50:42 Job executing on host: <188.185.93.105:9618?addrs=188.185.93.105-9618+[2001-1458-d00-6c--100-242]-9618&alias=b9g57n8656.cern.ch&noUDP&sock=startd_17874_a7e1>
	SlotName: slot1_1@b9g57n8656.cern.ch
	AvailableGPUs = { GPUs_GPU_8f5f97a2 }
	CondorScratchDir = "/pool/condor/dir_1613181"
	Cpus = 1
	Disk = 1443639
	GPUs = 1
	GPUs_GPU_8f5f97a2 = [ GlobalMemoryMb = 40326; MaxSupportedVersion = 12040; DriverVersion = 12.4; DeviceName = "NVIDIA A100-PCIE-40GB"; CoresPerCU = 64; ECCEnabled = true; ComputeUnits = 108; ClockMhz = 1410.0; Id = "GPU-8f5f97a2"; Capability = 8.0; DevicePciBusId = "0000:06:00.0"; DeviceUuid = "8f5f97a2-c8cf-cf5d-bd1a-0a219e343c73" ]
	Memory = 2000
...
006 (7187342.002.000) 08/29 09:50:51 Image size of job updated: 1296984
	1267  -  MemoryUsage of job (MB)
	1296980  -  ResidentSetSize of job (KB)
...
006 (7187342.002.000) 08/29 09:55:51 Image size of job updated: 1589068
	1276  -  MemoryUsage of job (MB)
	1306068  -  ResidentSetSize of job (KB)
...
006 (7187342.002.000) 08/29 10:05:52 Image size of job updated: 1886820
	1828  -  MemoryUsage of job (MB)
	1871572  -  ResidentSetSize of job (KB)
...
006 (7187342.002.000) 08/29 10:10:53 Image size of job updated: 1914100
	1828  -  MemoryUsage of job (MB)
	1871572  -  ResidentSetSize of job (KB)
...
006 (7187342.002.000) 08/29 10:15:53 Image size of job updated: 2062040
	2011  -  MemoryUsage of job (MB)
	2059064  -  ResidentSetSize of job (KB)
...
006 (7187342.002.000) 08/29 10:20:54 Image size of job updated: 2096328
	2011  -  MemoryUsage of job (MB)
	2059064  -  ResidentSetSize of job (KB)
...
006 (7187342.002.000) 08/29 10:25:54 Image size of job updated: 2144380
	2087  -  MemoryUsage of job (MB)
	2136888  -  ResidentSetSize of job (KB)
...
006 (7187342.002.000) 08/29 10:30:55 Image size of job updated: 2543416
	2089  -  MemoryUsage of job (MB)
	2138936  -  ResidentSetSize of job (KB)
...
006 (7187342.002.000) 08/29 10:35:55 Image size of job updated: 2701224
	2627  -  MemoryUsage of job (MB)
	2689352  -  ResidentSetSize of job (KB)
...
006 (7187342.002.000) 08/29 10:40:56 Image size of job updated: 2862000
	2792  -  MemoryUsage of job (MB)
	2857992  -  ResidentSetSize of job (KB)
...
006 (7187342.002.000) 08/29 10:45:56 Image size of job updated: 2963868
	2792  -  MemoryUsage of job (MB)
	2857992  -  ResidentSetSize of job (KB)
...
006 (7187342.002.000) 08/29 10:50:57 Image size of job updated: 4947736
	4481  -  MemoryUsage of job (MB)
	4587948  -  ResidentSetSize of job (KB)
...
006 (7187342.002.000) 08/29 10:55:57 Image size of job updated: 4982000
	4830  -  MemoryUsage of job (MB)
	4945528  -  ResidentSetSize of job (KB)
...
006 (7187342.002.000) 08/29 11:05:58 Image size of job updated: 5095072
	4830  -  MemoryUsage of job (MB)
	4945528  -  ResidentSetSize of job (KB)
...
006 (7187342.002.000) 08/29 11:10:58 Image size of job updated: 5103480
	4830  -  MemoryUsage of job (MB)
	4945528  -  ResidentSetSize of job (KB)
...
006 (7187342.002.000) 08/29 11:15:59 Image size of job updated: 5161220
	4830  -  MemoryUsage of job (MB)
	4945528  -  ResidentSetSize of job (KB)
...
006 (7187342.002.000) 08/29 11:21:00 Image size of job updated: 5300400
	4830  -  MemoryUsage of job (MB)
	4945528  -  ResidentSetSize of job (KB)
...
006 (7187342.002.000) 08/29 11:26:00 Image size of job updated: 5430076
	4830  -  MemoryUsage of job (MB)
	4945528  -  ResidentSetSize of job (KB)
...
006 (7187342.002.000) 08/29 11:31:01 Image size of job updated: 5650992
	5168  -  MemoryUsage of job (MB)
	5291588  -  ResidentSetSize of job (KB)
...
006 (7187342.002.000) 08/29 11:36:01 Image size of job updated: 5772992
	5287  -  MemoryUsage of job (MB)
	5413172  -  ResidentSetSize of job (KB)
...
006 (7187342.002.000) 08/29 11:41:02 Image size of job updated: 5837340
	5350  -  MemoryUsage of job (MB)
	5477444  -  ResidentSetSize of job (KB)
...
006 (7187342.002.000) 08/29 11:46:02 Image size of job updated: 5997800
	5350  -  MemoryUsage of job (MB)
	5477444  -  ResidentSetSize of job (KB)
...
006 (7187342.002.000) 08/29 11:51:02 Image size of job updated: 6119832
	5350  -  MemoryUsage of job (MB)
	5477444  -  ResidentSetSize of job (KB)
...
006 (7187342.002.000) 08/29 11:56:03 Image size of job updated: 6240304
	5350  -  MemoryUsage of job (MB)
	5477444  -  ResidentSetSize of job (KB)
...
006 (7187342.002.000) 08/29 12:01:03 Image size of job updated: 6362640
	5350  -  MemoryUsage of job (MB)
	5477444  -  ResidentSetSize of job (KB)
...
006 (7187342.002.000) 08/29 12:06:04 Image size of job updated: 6471644
	5350  -  MemoryUsage of job (MB)
	5477444  -  ResidentSetSize of job (KB)
...
006 (7187342.002.000) 08/29 12:11:05 Image size of job updated: 6690844
	6184  -  MemoryUsage of job (MB)
	6331436  -  ResidentSetSize of job (KB)
...
006 (7187342.002.000) 08/29 12:16:05 Image size of job updated: 6739880
	6582  -  MemoryUsage of job (MB)
	6739880  -  ResidentSetSize of job (KB)
...
006 (7187342.002.000) 08/29 12:21:06 Image size of job updated: 6883020
	6582  -  MemoryUsage of job (MB)
	6739880  -  ResidentSetSize of job (KB)
...
006 (7187342.002.000) 08/29 12:26:06 Image size of job updated: 7014304
	6582  -  MemoryUsage of job (MB)
	6739880  -  ResidentSetSize of job (KB)
...
006 (7187342.002.000) 08/29 12:31:07 Image size of job updated: 7078332
	6582  -  MemoryUsage of job (MB)
	6739880  -  ResidentSetSize of job (KB)
...
006 (7187342.002.000) 08/29 12:36:07 Image size of job updated: 7141980
	6624  -  MemoryUsage of job (MB)
	6782420  -  ResidentSetSize of job (KB)
...
006 (7187342.002.000) 08/29 12:41:08 Image size of job updated: 7177884
	6624  -  MemoryUsage of job (MB)
	6782420  -  ResidentSetSize of job (KB)
...
006 (7187342.002.000) 08/29 13:16:12 Image size of job updated: 8984496
	8774  -  MemoryUsage of job (MB)
	8984496  -  ResidentSetSize of job (KB)
...
006 (7187342.002.000) 08/29 13:21:13 Image size of job updated: 9464652
	9243  -  MemoryUsage of job (MB)
	9464652  -  ResidentSetSize of job (KB)
...
006 (7187342.002.000) 08/29 13:26:13 Image size of job updated: 9955360
	9723  -  MemoryUsage of job (MB)
	9955360  -  ResidentSetSize of job (KB)
...
006 (7187342.002.000) 08/29 13:30:43 Image size of job updated: 10363412
	9723  -  MemoryUsage of job (MB)
	9955616  -  ResidentSetSize of job (KB)
...
040 (7187342.002.000) 08/29 13:30:43 Started transferring output files
...
040 (7187342.002.000) 08/29 13:30:43 Finished transferring output files
...
005 (7187342.002.000) 08/29 13:30:43 Job terminated.
	(1) Normal termination (return value 50)
		Usr 0 02:56:38, Sys 0 00:19:56  -  Run Remote Usage
		Usr 0 00:00:00, Sys 0 00:00:00  -  Run Local Usage
		Usr 0 02:56:38, Sys 0 00:19:56  -  Total Remote Usage
		Usr 0 00:00:00, Sys 0 00:00:00  -  Total Local Usage
	68717  -  Run Bytes Sent By Job
	2950  -  Run Bytes Received By Job
	68717  -  Total Bytes Sent By Job
	2950  -  Total Bytes Received By Job
	Partitionable Resources :      Usage  Request Allocated Assigned
	   Cpus                 :       1.00        1         1 
	   Disk (KB)            : 2421610           3   1443639 
	   Gpus (Average)       :       0.04        1         1 "GPU-8f5f97a2"
	   GpusMemory (MB)      :    6687                       
	   Memory (MB)          :    9723        2000      2000 

	Job terminated of its own accord at 2024-08-29T11:30:43Z with exit-code 50.
...
