000 (7187342.007.000) 08/26 07:58:27 Job submitted from host: <137.138.44.55:9618?addrs=137.138.44.55-9618+[2001-1458-d00-1a--48]-9618&alias=bigbird17.cern.ch&noUDP&sock=schedd_23962_8474>
...
040 (7187342.007.000) 08/29 10:05:43 Started transferring input files
	Transferring to host: <188.185.93.146:9618?addrs=188.185.93.146-9618+[2001-1458-d00-6c--100-31a]-9618&alias=b9g57n0740.cern.ch&noUDP&sock=slot1_1_3222_f0bc_111842>
...
040 (7187342.007.000) 08/29 10:05:43 Finished transferring input files
...
001 (7187342.007.000) 08/29 10:05:44 Job executing on host: <188.185.93.146:9618?addrs=188.185.93.146-9618+[2001-1458-d00-6c--100-31a]-9618&alias=b9g57n0740.cern.ch&noUDP&sock=startd_2845_0307>
	SlotName: slot1_1@b9g57n0740.cern.ch
	AvailableGPUs = { GPUs_GPU_9a98ebeb }
	CondorScratchDir = "/pool/condor/dir_1492249"
	Cpus = 1
	Disk = 330071
	GPUs = 1
	GPUs_GPU_9a98ebeb = [ GlobalMemoryMb = 40326; MaxSupportedVersion = 12040; DriverVersion = 12.4; DeviceUuid = "9a98ebeb-911f-1d15-1176-f7aa715b1065"; DeviceName = "NVIDIA A100-PCIE-40GB"; CoresPerCU = 64; ECCEnabled = true; ComputeUnits = 108; ClockMhz = 1410.0; Id = "GPU-9a98ebeb"; DevicePciBusId = "0000:06:00.0"; Capability = 8.0 ]
	Memory = 2000
...
006 (7187342.007.000) 08/29 10:05:53 Image size of job updated: 1313212
	787  -  MemoryUsage of job (MB)
	805808  -  ResidentSetSize of job (KB)
...
006 (7187342.007.000) 08/29 10:10:54 Image size of job updated: 1706924
	1217  -  MemoryUsage of job (MB)
	1245632  -  ResidentSetSize of job (KB)
...
006 (7187342.007.000) 08/29 10:15:54 Image size of job updated: 1962024
	1832  -  MemoryUsage of job (MB)
	1875604  -  ResidentSetSize of job (KB)
...
006 (7187342.007.000) 08/29 10:20:55 Image size of job updated: 2129820
	2069  -  MemoryUsage of job (MB)
	2117716  -  ResidentSetSize of job (KB)
...
006 (7187342.007.000) 08/29 10:25:55 Image size of job updated: 2195556
	2069  -  MemoryUsage of job (MB)
	2117716  -  ResidentSetSize of job (KB)
...
006 (7187342.007.000) 08/29 10:35:56 Image size of job updated: 2716768
	2596  -  MemoryUsage of job (MB)
	2658064  -  ResidentSetSize of job (KB)
...
006 (7187342.007.000) 08/29 10:40:56 Image size of job updated: 2944324
	2873  -  MemoryUsage of job (MB)
	2941852  -  ResidentSetSize of job (KB)
...
006 (7187342.007.000) 08/29 10:45:57 Image size of job updated: 3169984
	3026  -  MemoryUsage of job (MB)
	3098604  -  ResidentSetSize of job (KB)
...
006 (7187342.007.000) 08/29 10:50:57 Image size of job updated: 3273300
	3026  -  MemoryUsage of job (MB)
	3098604  -  ResidentSetSize of job (KB)
...
006 (7187342.007.000) 08/29 10:55:58 Image size of job updated: 3587152
	3067  -  MemoryUsage of job (MB)
	3139724  -  ResidentSetSize of job (KB)
...
006 (7187342.007.000) 08/29 11:00:58 Image size of job updated: 3889284
	3468  -  MemoryUsage of job (MB)
	3550372  -  ResidentSetSize of job (KB)
...
006 (7187342.007.000) 08/29 11:05:59 Image size of job updated: 3987844
	3548  -  MemoryUsage of job (MB)
	3632788  -  ResidentSetSize of job (KB)
...
006 (7187342.007.000) 08/29 11:10:59 Image size of job updated: 6014544
	4824  -  MemoryUsage of job (MB)
	4939608  -  ResidentSetSize of job (KB)
...
006 (7187342.007.000) 08/29 11:16:01 Image size of job updated: 6169924
	5675  -  MemoryUsage of job (MB)
	5810448  -  ResidentSetSize of job (KB)
...
006 (7187342.007.000) 08/29 11:21:01 Image size of job updated: 6302748
	6156  -  MemoryUsage of job (MB)
	6302748  -  ResidentSetSize of job (KB)
...
006 (7187342.007.000) 08/29 11:26:01 Image size of job updated: 6390716
	6156  -  MemoryUsage of job (MB)
	6302748  -  ResidentSetSize of job (KB)
...
006 (7187342.007.000) 08/29 11:31:02 Image size of job updated: 6461800
	6309  -  MemoryUsage of job (MB)
	6460332  -  ResidentSetSize of job (KB)
...
006 (7187342.007.000) 08/29 11:36:02 Image size of job updated: 6603196
	6309  -  MemoryUsage of job (MB)
	6460332  -  ResidentSetSize of job (KB)
...
006 (7187342.007.000) 08/29 11:41:03 Image size of job updated: 6761544
	6309  -  MemoryUsage of job (MB)
	6460332  -  ResidentSetSize of job (KB)
...
006 (7187342.007.000) 08/29 11:46:03 Image size of job updated: 6884368
	6662  -  MemoryUsage of job (MB)
	6821808  -  ResidentSetSize of job (KB)
...
006 (7187342.007.000) 08/29 11:51:04 Image size of job updated: 6912552
	6662  -  MemoryUsage of job (MB)
	6821808  -  ResidentSetSize of job (KB)
...
006 (7187342.007.000) 08/29 11:56:04 Image size of job updated: 6982232
	6662  -  MemoryUsage of job (MB)
	6821808  -  ResidentSetSize of job (KB)
...
006 (7187342.007.000) 08/29 12:01:05 Image size of job updated: 7079188
	6662  -  MemoryUsage of job (MB)
	6821808  -  ResidentSetSize of job (KB)
...
006 (7187342.007.000) 08/29 12:06:05 Image size of job updated: 7209864
	6662  -  MemoryUsage of job (MB)
	6821808  -  ResidentSetSize of job (KB)
...
006 (7187342.007.000) 08/29 12:11:06 Image size of job updated: 7335644
	6780  -  MemoryUsage of job (MB)
	6942280  -  ResidentSetSize of job (KB)
...
006 (7187342.007.000) 08/29 12:16:06 Image size of job updated: 7364280
	6841  -  MemoryUsage of job (MB)
	7004580  -  ResidentSetSize of job (KB)
...
006 (7187342.007.000) 08/29 12:21:07 Image size of job updated: 7398564
	6841  -  MemoryUsage of job (MB)
	7004580  -  ResidentSetSize of job (KB)
...
006 (7187342.007.000) 08/29 12:26:07 Image size of job updated: 7611044
	7082  -  MemoryUsage of job (MB)
	7251704  -  ResidentSetSize of job (KB)
...
006 (7187342.007.000) 08/29 12:31:08 Image size of job updated: 7738492
	7207  -  MemoryUsage of job (MB)
	7379056  -  ResidentSetSize of job (KB)
...
006 (7187342.007.000) 08/29 12:36:08 Image size of job updated: 7897388
	7324  -  MemoryUsage of job (MB)
	7498984  -  ResidentSetSize of job (KB)
...
006 (7187342.007.000) 08/29 12:41:08 Image size of job updated: 8057912
	7519  -  MemoryUsage of job (MB)
	7698452  -  ResidentSetSize of job (KB)
...
006 (7187342.007.000) 08/29 12:46:09 Image size of job updated: 8155732
	7519  -  MemoryUsage of job (MB)
	7698452  -  ResidentSetSize of job (KB)
...
006 (7187342.007.000) 08/29 12:51:09 Image size of job updated: 8228188
	8036  -  MemoryUsage of job (MB)
	8228188  -  ResidentSetSize of job (KB)
...
006 (7187342.007.000) 08/29 12:56:10 Image size of job updated: 8283040
	8036  -  MemoryUsage of job (MB)
	8228188  -  ResidentSetSize of job (KB)
...
006 (7187342.007.000) 08/29 13:01:10 Image size of job updated: 8561108
	8036  -  MemoryUsage of job (MB)
	8228188  -  ResidentSetSize of job (KB)
...
006 (7187342.007.000) 08/29 13:06:11 Image size of job updated: 8720524
	8197  -  MemoryUsage of job (MB)
	8393492  -  ResidentSetSize of job (KB)
...
006 (7187342.007.000) 08/29 13:11:11 Image size of job updated: 8846112
	8197  -  MemoryUsage of job (MB)
	8393492  -  ResidentSetSize of job (KB)
...
006 (7187342.007.000) 08/29 13:46:15 Image size of job updated: 10451088
	10207  -  MemoryUsage of job (MB)
	10451088  -  ResidentSetSize of job (KB)
...
006 (7187342.007.000) 08/29 13:51:15 Image size of job updated: 10455612
	10207  -  MemoryUsage of job (MB)
	10451344  -  ResidentSetSize of job (KB)
...
006 (7187342.007.000) 08/29 14:01:15 Image size of job updated: 10747816
	10496  -  MemoryUsage of job (MB)
	10747816  -  ResidentSetSize of job (KB)
...
006 (7187342.007.000) 08/29 14:03:13 Image size of job updated: 10911956
	10496  -  MemoryUsage of job (MB)
	10747816  -  ResidentSetSize of job (KB)
...
040 (7187342.007.000) 08/29 14:03:13 Started transferring output files
...
040 (7187342.007.000) 08/29 14:03:13 Finished transferring output files
...
005 (7187342.007.000) 08/29 14:03:14 Job terminated.
	(1) Normal termination (return value 50)
		Usr 0 03:12:27, Sys 0 00:16:53  -  Run Remote Usage
		Usr 0 00:00:00, Sys 0 00:00:00  -  Run Local Usage
		Usr 0 03:12:27, Sys 0 00:16:53  -  Total Remote Usage
		Usr 0 00:00:00, Sys 0 00:00:00  -  Total Local Usage
	68717  -  Run Bytes Sent By Job
	2950  -  Run Bytes Received By Job
	68717  -  Total Bytes Sent By Job
	2950  -  Total Bytes Received By Job
	Partitionable Resources :      Usage  Request Allocated Assigned
	   Cpus                 :       1.00        1         1 
	   Disk (KB)            : 2421611           3    330071 
	   Gpus (Average)       :       0.04        1         1 "GPU-9a98ebeb"
	   GpusMemory (MB)      :    6687                       
	   Memory (MB)          :   10496        2000      2000 

	Job terminated of its own accord at 2024-08-29T12:03:13Z with exit-code 50.
...
