000 (7187323.006.000) 08/26 07:57:04 Job submitted from host: <137.138.44.55:9618?addrs=137.138.44.55-9618+[2001-1458-d00-1a--48]-9618&alias=bigbird17.cern.ch&noUDP&sock=schedd_23962_8474>
...
040 (7187323.006.000) 08/28 14:51:47 Started transferring input files
	Transferring to host: <188.185.93.84:9618?addrs=188.185.93.84-9618+[2001-1458-d00-6c--100-55]-9618&alias=b9g57n9431.cern.ch&noUDP&sock=slot1_1_11325_3ca6_109622>
...
040 (7187323.006.000) 08/28 14:51:47 Finished transferring input files
...
001 (7187323.006.000) 08/28 14:51:48 Job executing on host: <188.185.93.84:9618?addrs=188.185.93.84-9618+[2001-1458-d00-6c--100-55]-9618&alias=b9g57n9431.cern.ch&noUDP&sock=startd_10703_f23c>
	SlotName: slot1_1@b9g57n9431.cern.ch
	AvailableGPUs = { GPUs_GPU_ad45c2b2 }
	CondorScratchDir = "/pool/condor/dir_2250147"
	Cpus = 1
	Disk = 328259
	GPUs = 1
	GPUs_GPU_ad45c2b2 = [ GlobalMemoryMb = 40326; MaxSupportedVersion = 12040; DriverVersion = 12.4; DeviceUuid = "ad45c2b2-835b-1d6b-1b7a-5e4c703f9ed3"; DeviceName = "NVIDIA A100-PCIE-40GB"; CoresPerCU = 64; ECCEnabled = true; ComputeUnits = 108; ClockMhz = 1410.0; Id = "GPU-ad45c2b2"; DevicePciBusId = "0000:06:00.0"; Capability = 8.0 ]
	Memory = 2000
...
006 (7187323.006.000) 08/28 14:51:57 Image size of job updated: 1099264
	618  -  MemoryUsage of job (MB)
	632404  -  ResidentSetSize of job (KB)
...
006 (7187323.006.000) 08/28 14:56:57 Image size of job updated: 1485348
	1448  -  MemoryUsage of job (MB)
	1481996  -  ResidentSetSize of job (KB)
...
006 (7187323.006.000) 08/28 15:01:58 Image size of job updated: 1676332
	1448  -  MemoryUsage of job (MB)
	1481996  -  ResidentSetSize of job (KB)
...
006 (7187323.006.000) 08/28 15:06:58 Image size of job updated: 1745228
	1635  -  MemoryUsage of job (MB)
	1673916  -  ResidentSetSize of job (KB)
...
006 (7187323.006.000) 08/28 15:11:58 Image size of job updated: 1789136
	1635  -  MemoryUsage of job (MB)
	1673916  -  ResidentSetSize of job (KB)
...
006 (7187323.006.000) 08/28 15:16:59 Image size of job updated: 2137064
	2003  -  MemoryUsage of job (MB)
	2050300  -  ResidentSetSize of job (KB)
...
006 (7187323.006.000) 08/28 15:21:59 Image size of job updated: 2349580
	2283  -  MemoryUsage of job (MB)
	2336784  -  ResidentSetSize of job (KB)
...
006 (7187323.006.000) 08/28 15:27:00 Image size of job updated: 2450904
	2327  -  MemoryUsage of job (MB)
	2382556  -  ResidentSetSize of job (KB)
...
006 (7187323.006.000) 08/28 15:32:00 Image size of job updated: 2698968
	2327  -  MemoryUsage of job (MB)
	2382556  -  ResidentSetSize of job (KB)
...
006 (7187323.006.000) 08/28 15:37:02 Image size of job updated: 2953900
	2339  -  MemoryUsage of job (MB)
	2395116  -  ResidentSetSize of job (KB)
...
006 (7187323.006.000) 08/28 15:42:02 Image size of job updated: 3112356
	2792  -  MemoryUsage of job (MB)
	2858816  -  ResidentSetSize of job (KB)
...
006 (7187323.006.000) 08/28 15:47:02 Image size of job updated: 5096400
	3929  -  MemoryUsage of job (MB)
	4023284  -  ResidentSetSize of job (KB)
...
006 (7187323.006.000) 08/28 15:52:02 Image size of job updated: 5243144
	4770  -  MemoryUsage of job (MB)
	4883700  -  ResidentSetSize of job (KB)
...
006 (7187323.006.000) 08/28 15:57:02 Image size of job updated: 5407772
	4832  -  MemoryUsage of job (MB)
	4947596  -  ResidentSetSize of job (KB)
...
006 (7187323.006.000) 08/28 16:02:03 Image size of job updated: 5410332
	4832  -  MemoryUsage of job (MB)
	4947836  -  ResidentSetSize of job (KB)
...
006 (7187323.006.000) 08/28 16:07:03 Image size of job updated: 5476880
	4832  -  MemoryUsage of job (MB)
	4947836  -  ResidentSetSize of job (KB)
...
006 (7187323.006.000) 08/28 16:12:04 Image size of job updated: 5685256
	5201  -  MemoryUsage of job (MB)
	5325800  -  ResidentSetSize of job (KB)
...
006 (7187323.006.000) 08/28 16:17:04 Image size of job updated: 5724068
	5201  -  MemoryUsage of job (MB)
	5325800  -  ResidentSetSize of job (KB)
...
006 (7187323.006.000) 08/28 16:22:05 Image size of job updated: 5872984
	5385  -  MemoryUsage of job (MB)
	5513640  -  ResidentSetSize of job (KB)
...
006 (7187323.006.000) 08/28 16:27:05 Image size of job updated: 6006192
	5866  -  MemoryUsage of job (MB)
	6006192  -  ResidentSetSize of job (KB)
...
006 (7187323.006.000) 08/28 16:32:06 Image size of job updated: 6031244
	5866  -  MemoryUsage of job (MB)
	6006192  -  ResidentSetSize of job (KB)
...
006 (7187323.006.000) 08/28 16:37:06 Image size of job updated: 6119040
	5866  -  MemoryUsage of job (MB)
	6006192  -  ResidentSetSize of job (KB)
...
006 (7187323.006.000) 08/28 16:42:07 Image size of job updated: 6255148
	6109  -  MemoryUsage of job (MB)
	6255048  -  ResidentSetSize of job (KB)
...
006 (7187323.006.000) 08/28 16:47:07 Image size of job updated: 6391872
	6109  -  MemoryUsage of job (MB)
	6255048  -  ResidentSetSize of job (KB)
...
006 (7187323.006.000) 08/28 16:52:07 Image size of job updated: 6491224
	6109  -  MemoryUsage of job (MB)
	6255048  -  ResidentSetSize of job (KB)
...
006 (7187323.006.000) 08/28 16:57:08 Image size of job updated: 6643388
	6109  -  MemoryUsage of job (MB)
	6255048  -  ResidentSetSize of job (KB)
...
006 (7187323.006.000) 08/28 17:02:08 Image size of job updated: 6834124
	6674  -  MemoryUsage of job (MB)
	6834124  -  ResidentSetSize of job (KB)
...
006 (7187323.006.000) 08/28 17:07:09 Image size of job updated: 6888632
	6674  -  MemoryUsage of job (MB)
	6834124  -  ResidentSetSize of job (KB)
...
006 (7187323.006.000) 08/28 17:12:09 Image size of job updated: 7028612
	6674  -  MemoryUsage of job (MB)
	6834124  -  ResidentSetSize of job (KB)
...
006 (7187323.006.000) 08/28 17:17:11 Image size of job updated: 7029900
	6674  -  MemoryUsage of job (MB)
	6834124  -  ResidentSetSize of job (KB)
...
006 (7187323.006.000) 08/28 17:22:11 Image size of job updated: 7031952
	6674  -  MemoryUsage of job (MB)
	6834124  -  ResidentSetSize of job (KB)
...
006 (7187323.006.000) 08/28 17:27:11 Image size of job updated: 7155944
	6984  -  MemoryUsage of job (MB)
	7151292  -  ResidentSetSize of job (KB)
...
006 (7187323.006.000) 08/28 17:32:12 Image size of job updated: 7257332
	6992  -  MemoryUsage of job (MB)
	7159740  -  ResidentSetSize of job (KB)
...
006 (7187323.006.000) 08/28 17:37:12 Image size of job updated: 7426156
	7251  -  MemoryUsage of job (MB)
	7424108  -  ResidentSetSize of job (KB)
...
006 (7187323.006.000) 08/28 17:42:13 Image size of job updated: 7479452
	7251  -  MemoryUsage of job (MB)
	7424108  -  ResidentSetSize of job (KB)
...
006 (7187323.006.000) 08/28 17:47:13 Image size of job updated: 7521136
	7345  -  MemoryUsage of job (MB)
	7521068  -  ResidentSetSize of job (KB)
...
006 (7187323.006.000) 08/28 17:52:14 Image size of job updated: 7603508
	7345  -  MemoryUsage of job (MB)
	7521068  -  ResidentSetSize of job (KB)
...
006 (7187323.006.000) 08/28 17:57:14 Image size of job updated: 7780788
	7345  -  MemoryUsage of job (MB)
	7521068  -  ResidentSetSize of job (KB)
...
006 (7187323.006.000) 08/28 18:02:14 Image size of job updated: 7980360
	7437  -  MemoryUsage of job (MB)
	7614624  -  ResidentSetSize of job (KB)
...
006 (7187323.006.000) 08/28 18:07:15 Image size of job updated: 8010656
	7437  -  MemoryUsage of job (MB)
	7614624  -  ResidentSetSize of job (KB)
...
006 (7187323.006.000) 08/28 18:12:15 Image size of job updated: 8307940
	7757  -  MemoryUsage of job (MB)
	7942436  -  ResidentSetSize of job (KB)
...
006 (7187323.006.000) 08/28 18:17:16 Image size of job updated: 8493768
	7944  -  MemoryUsage of job (MB)
	8134276  -  ResidentSetSize of job (KB)
...
006 (7187323.006.000) 08/28 18:22:16 Image size of job updated: 8528344
	7944  -  MemoryUsage of job (MB)
	8134276  -  ResidentSetSize of job (KB)
...
006 (7187323.006.000) 08/28 18:27:17 Image size of job updated: 10018472
	9784  -  MemoryUsage of job (MB)
	10018472  -  ResidentSetSize of job (KB)
...
006 (7187323.006.000) 08/28 18:32:17 Image size of job updated: 10412392
	10169  -  MemoryUsage of job (MB)
	10412392  -  ResidentSetSize of job (KB)
...
006 (7187323.006.000) 08/28 18:36:05 Image size of job updated: 10698484
	10169  -  MemoryUsage of job (MB)
	10412648  -  ResidentSetSize of job (KB)
...
040 (7187323.006.000) 08/28 18:36:08 Started transferring output files
...
040 (7187323.006.000) 08/28 18:36:08 Finished transferring output files
...
005 (7187323.006.000) 08/28 18:36:09 Job terminated.
	(1) Normal termination (return value 50)
		Usr 0 03:03:43, Sys 0 00:18:17  -  Run Remote Usage
		Usr 0 00:00:00, Sys 0 00:00:00  -  Run Local Usage
		Usr 0 03:03:43, Sys 0 00:18:17  -  Total Remote Usage
		Usr 0 00:00:00, Sys 0 00:00:00  -  Total Local Usage
	63890  -  Run Bytes Sent By Job
	2935  -  Run Bytes Received By Job
	63890  -  Total Bytes Sent By Job
	2935  -  Total Bytes Received By Job
	Partitionable Resources :      Usage  Request Allocated Assigned
	   Cpus                 :       1.00        1         1 
	   Disk (KB)            : 1189324           3    328259 
	   Gpus (Average)       :       0.05        1         1 "GPU-ad45c2b2"
	   GpusMemory (MB)      :    6687                       
	   Memory (MB)          :   10169        2000      2000 

	Job terminated of its own accord at 2024-08-28T16:36:05Z with exit-code 50.
...
