000 (7187323.007.000) 08/26 07:57:04 Job submitted from host: <137.138.44.55:9618?addrs=137.138.44.55-9618+[2001-1458-d00-1a--48]-9618&alias=bigbird17.cern.ch&noUDP&sock=schedd_23962_8474>
...
040 (7187323.007.000) 08/28 15:39:22 Started transferring input files
	Transferring to host: <188.185.92.94:9618?addrs=188.185.92.94-9618+[2001-1458-d00-6c--100-91]-9618&alias=b9g57n5555.cern.ch&noUDP&sock=slot1_1_17435_48de_110235>
...
040 (7187323.007.000) 08/28 15:39:22 Finished transferring input files
...
001 (7187323.007.000) 08/28 15:39:23 Job executing on host: <188.185.92.94:9618?addrs=188.185.92.94-9618+[2001-1458-d00-6c--100-91]-9618&alias=b9g57n5555.cern.ch&noUDP&sock=startd_17379_207f>
	SlotName: slot1_1@b9g57n5555.cern.ch
	AvailableGPUs = { GPUs_GPU_c25adc0c }
	CondorScratchDir = "/pool/condor/dir_776132"
	Cpus = 1
	Disk = 320740
	GPUs = 1
	GPUs_GPU_c25adc0c = [ GlobalMemoryMb = 40326; MaxSupportedVersion = 12040; DriverVersion = 12.4; DeviceUuid = "c25adc0c-f079-799e-ebde-bae2b8d3b142"; DeviceName = "NVIDIA A100-PCIE-40GB"; CoresPerCU = 64; ECCEnabled = true; ComputeUnits = 108; ClockMhz = 1410.0; Id = "GPU-c25adc0c"; DevicePciBusId = "0000:06:00.0"; Capability = 8.0 ]
	Memory = 2000
...
006 (7187323.007.000) 08/28 15:39:33 Image size of job updated: 30427448
	19925  -  MemoryUsage of job (MB)
	20402908  -  ResidentSetSize of job (KB)
...
006 (7187323.007.000) 08/28 15:44:34 Image size of job updated: 30427448
	19926  -  MemoryUsage of job (MB)
	20403660  -  ResidentSetSize of job (KB)
...
006 (7187323.007.000) 08/28 18:19:49 Image size of job updated: 30427448
	21861  -  MemoryUsage of job (MB)
	22385172  -  ResidentSetSize of job (KB)
...
006 (7187323.007.000) 08/28 18:24:49 Image size of job updated: 30427448
	22248  -  MemoryUsage of job (MB)
	22781284  -  ResidentSetSize of job (KB)
...
006 (7187323.007.000) 08/28 18:29:10 Image size of job updated: 30427448
	22248  -  MemoryUsage of job (MB)
	22781540  -  ResidentSetSize of job (KB)
...
040 (7187323.007.000) 08/28 18:29:15 Entered queue to transfer output files
...
040 (7187323.007.000) 08/28 18:29:54 Started transferring output files
...
040 (7187323.007.000) 08/28 18:29:57 Finished transferring output files
...
005 (7187323.007.000) 08/28 18:29:57 Job terminated.
	(1) Normal termination (return value 50)
		Usr 0 22:25:31, Sys 2 03:28:44  -  Run Remote Usage
		Usr 0 00:00:00, Sys 0 00:00:00  -  Run Local Usage
		Usr 0 22:25:31, Sys 2 03:28:44  -  Total Remote Usage
		Usr 0 00:00:00, Sys 0 00:00:00  -  Total Local Usage
	63890  -  Run Bytes Sent By Job
	2935  -  Run Bytes Received By Job
	63890  -  Total Bytes Sent By Job
	2935  -  Total Bytes Received By Job
	Partitionable Resources :      Usage  Request Allocated Assigned
	   Cpus                 :       1.00        1         1 
	   Disk (KB)            : 1216620           3    320740 
	   Gpus (Average)       :       0.07        1         1 "GPU-c25adc0c"
	   GpusMemory (MB)      :    6687                       
	   Memory (MB)          :   22248        2000      2000 

	Job terminated of its own accord at 2024-08-28T16:29:10Z with exit-code 50.
...
