CPU Information:
Architecture:        x86_64
CPU op-mode(s):      32-bit, 64-bit
Byte Order:          Little Endian
CPU(s):              16
On-line CPU(s) list: 0-15
Thread(s) per core:  1
Core(s) per socket:  1
Socket(s):           16
NUMA node(s):        1
Vendor ID:           AuthenticAMD
CPU family:          25
Model:               1
Model name:          AMD EPYC 7313 16-Core Processor
Stepping:            1
CPU MHz:             3000.016
BogoMIPS:            6000.03
Virtualization:      AMD-V
L1d cache:           64K
L1i cache:           64K
L2 cache:            512K
L3 cache:            16384K
NUMA node0 CPU(s):   0-15
Flags:               fpu vme de pse tsc msr pae mce cx8 apic sep mtrr pge mca cmov pat pse36 clflush mmx fxsr sse sse2 syscall nx mmxext fxsr_opt pdpe1gb rdtscp lm rep_good nopl cpuid extd_apicid pni pclmulqdq ssse3 fma cx16 pcid sse4_1 sse4_2 x2apic movbe popcnt tsc_deadline_timer aes xsave avx f16c rdrand hypervisor lahf_lm cmp_legacy svm cr8_legacy abm sse4a misalignsse 3dnowprefetch osvw perfctr_core invpcid_single ssbd ibrs ibpb stibp vmmcall fsgsbase tsc_adjust bmi1 avx2 smep bmi2 invpcid rdseed adx smap clflushopt clwb sha_ni xsaveopt xsavec xgetbv1 xsaves clzero xsaveerptr wbnoinvd arat npt lbrv nrip_save tsc_scale vmcb_clean pausefilter pfthreshold v_vmsave_vmload vgif umip pku ospke vaes vpclmulqdq rdpid arch_capabilities
GPU Information:
lspci command not found, unable to check GPU.
System Architecture:
x86_64
Number of Threads:
1
Vectorization Support:
Supported vectorization extensions: sse sse2 ssse3 sse4_1 sse4_2 avx avx2
/srv/work
%MSG-MG5 number of events requested = 100000
%MSG-MG5 random seed used for the run = 1
%MSG-MG5 number of cpus = 1
%MSG-MG5 SCRAM_ARCH version = el8_amd64_gcc12
%MSG-MG5 CMSSW version = CMSSW_14_0_9
Running MG5_aMC for the 1 time
produced_lhe  0 nevt  100000 submitting_event  100000  remaining_event  100000
run.sh 100000 10
Now generating 100000 events with random seed 10 and granularity 1
************************************************************
*                                                          *
*                      W E L C O M E to                    *
*             M A D G R A P H 5 _ a M C @ N L O            *
*                      M A D E V E N T                     *
*                                                          *
*                 *                       *                *
*                   *        * *        *                  *
*                     * * * * 5 * * * *                    *
*                   *        * *        *                  *
*                 *                       *                *
*                                                          *
*         VERSION 3.5.3_lo_vect                            *
*                                                          *
*    The MadGraph5_aMC@NLO Development Team - Find us at   *
*    https://server06.fynu.ucl.ac.be/projects/madgraph     *
*                                                          *
*               Type 'help' for in-line help.              *
*                                                          *
************************************************************
INFO: load configuration from /srv/work/process/madevent/Cards/me5_configuration.txt  
INFO: load configuration from /srv/work/mgbasedir/input/mg5_configuration.txt  
INFO: load configuration from /srv/work/process/madevent/Cards/me5_configuration.txt  
Using default text editor "vi". Set another one in ./input/mg5_configuration.txt
No valid eps viewer found. Please set in ./input/mg5_configuration.txt
No valid web browser found. Please set in ./input/mg5_configuration.txt
WRITE GRIDCARD /srv/work/process/madevent
generate 100000 events
[1;34mThe parameter ptonium is not supported anymore. This parameter will be ignored.[0m
[1;34mThe parameter etaonium is not supported anymore. This parameter will be ignored.[0m
P0_gg_ttxggg
P0_gg_ttxguux
P0_gu_ttxggu
P0_gux_ttxggux
P0_uux_ttxggg
P0_gu_ttxuuux
P0_gux_ttxuuxux
P0_gu_ttxuccx
P0_gux_ttxcuxcx
P0_uu_ttxguu
P0_uux_ttxguux
P0_uxux_ttxguxux
P0_uc_ttxguc
P0_uux_ttxgccx
P0_ucx_ttxgucx
P0_uxcx_ttxguxcx
P0_uxb_ttxgbux
Using random number seed offset = 10
INFO: Generating 100000.0 unweighted events. 
sum of cpu time of last step: 1 day,20h38m46s
INFO: need to improve 812 channels 
INFO: The following Floating Point Exceptions have been reported: FE_INVALID
INFO: The following Floating Point Exceptions have been reported: FE_INVALID
INFO: The following Floating Point Exceptions have been reported: FE_INVALID
INFO: The following Floating Point Exceptions have been reported: FE_INVALID
INFO: The following Floating Point Exceptions have been reported: FE_INVALID
INFO: The following Floating Point Exceptions have been reported: FE_INVALID
INFO: The following Floating Point Exceptions have been reported: FE_INVALID
INFO: The following Floating Point Exceptions have been reported: FE_INVALID
INFO: The following Floating Point Exceptions have been reported: FE_INVALID
INFO: The following Floating Point Exceptions have been reported: FE_INVALID
INFO: The following Floating Point Exceptions have been reported: FE_INVALID
INFO: The following Floating Point Exceptions have been reported: FE_INVALID
INFO: The following Floating Point Exceptions have been reported: FE_INVALID
INFO: The following Floating Point Exceptions have been reported: FE_INVALID
INFO: The following Floating Point Exceptions have been reported: FE_INVALID
INFO: The following Floating Point Exceptions have been reported: FE_INVALID
INFO: The following Floating Point Exceptions have been reported: FE_INVALID
INFO: The following Floating Point Exceptions have been reported: FE_INVALID
INFO: The following Floating Point Exceptions have been reported: FE_INVALID
INFO: The following Floating Point Exceptions have been reported: FE_INVALID
INFO: The following Floating Point Exceptions have been reported: FE_INVALID
INFO: The following Floating Point Exceptions have been reported: FE_INVALID
INFO: The following Floating Point Exceptions have been reported: FE_INVALID
INFO: The following Floating Point Exceptions have been reported: FE_INVALID
INFO: The following Floating Point Exceptions have been reported: FE_INVALID
INFO: The following Floating Point Exceptions have been reported: FE_INVALID
INFO: The following Floating Point Exceptions have been reported: FE_INVALID
INFO: The following Floating Point Exceptions have been reported: FE_INVALID
INFO: The following Floating Point Exceptions have been reported: FE_INVALID
INFO: The following Floating Point Exceptions have been reported: FE_INVALID
INFO: The following Floating Point Exceptions have been reported: FE_INVALID
INFO: The following Floating Point Exceptions have been reported: FE_INVALID
INFO: The following Floating Point Exceptions have been reported: FE_INVALID
INFO: The following Floating Point Exceptions have been reported: FE_INVALID
INFO: The following Floating Point Exceptions have been reported: FE_INVALID
INFO: The following Floating Point Exceptions have been reported: FE_INVALID
INFO: The following Floating Point Exceptions have been reported: FE_INVALID
INFO: The following Floating Point Exceptions have been reported: FE_INVALID
INFO: The following Floating Point Exceptions have been reported: FE_INVALID
INFO: The following Floating Point Exceptions have been reported: FE_INVALID
INFO: The following Floating Point Exceptions have been reported: FE_INVALID
INFO: The following Floating Point Exceptions have been reported: FE_INVALID
INFO: The following Floating Point Exceptions have been reported: FE_INVALID
INFO: The following Floating Point Exceptions have been reported: FE_INVALID
INFO: The following Floating Point Exceptions have been reported: FE_INVALID
INFO: The following Floating Point Exceptions have been reported: FE_INVALID
INFO: The following Floating Point Exceptions have been reported: FE_INVALID
INFO: The following Floating Point Exceptions have been reported: FE_INVALID
INFO: The following Floating Point Exceptions have been reported: FE_INVALID
INFO: The following Floating Point Exceptions have been reported: FE_INVALID
INFO: The following Floating Point Exceptions have been reported: FE_INVALID
INFO: The following Floating Point Exceptions have been reported: FE_INVALID
INFO: The following Floating Point Exceptions have been reported: FE_INVALID
INFO: The following Floating Point Exceptions have been reported: FE_INVALID
INFO: The following Floating Point Exceptions have been reported: FE_INVALID
INFO: The following Floating Point Exceptions have been reported: FE_INVALID
INFO: The following Floating Point Exceptions have been reported: FE_INVALID
INFO: The following Floating Point Exceptions have been reported: FE_INVALID
INFO: The following Floating Point Exceptions have been reported: FE_INVALID
INFO: The following Floating Point Exceptions have been reported: FE_INVALID
INFO: The following Floating Point Exceptions have been reported: FE_INVALID
INFO: The following Floating Point Exceptions have been reported: FE_INVALID
INFO: The following Floating Point Exceptions have been reported: FE_INVALID
INFO: The following Floating Point Exceptions have been reported: FE_INVALID
INFO: The following Floating Point Exceptions have been reported: FE_INVALID
INFO: The following Floating Point Exceptions have been reported: FE_INVALID
INFO: The following Floating Point Exceptions have been reported: FE_INVALID
INFO: The following Floating Point Exceptions have been reported: FE_INVALID
INFO: The following Floating Point Exceptions have been reported: FE_INVALID
INFO: The following Floating Point Exceptions have been reported: FE_INVALID
INFO: The following Floating Point Exceptions have been reported: FE_INVALID
INFO: The following Floating Point Exceptions have been reported: FE_INVALID
INFO: The following Floating Point Exceptions have been reported: FE_INVALID
INFO: The following Floating Point Exceptions have been reported: FE_INVALID
INFO: The following Floating Point Exceptions have been reported: FE_INVALID
INFO: The following Floating Point Exceptions have been reported: FE_INVALID
INFO: The following Floating Point Exceptions have been reported: FE_INVALID
INFO: The following Floating Point Exceptions have been reported: FE_INVALID
INFO: The following Floating Point Exceptions have been reported: FE_INVALID
INFO: The following Floating Point Exceptions have been reported: FE_INVALID
INFO: The following Floating Point Exceptions have been reported: FE_INVALID
INFO: The following Floating Point Exceptions have been reported: FE_INVALID
INFO: The following Floating Point Exceptions have been reported: FE_INVALID
INFO: The following Floating Point Exceptions have been reported: FE_INVALID
INFO: The following Floating Point Exceptions have been reported: FE_INVALID
INFO: The following Floating Point Exceptions have been reported: FE_INVALID
INFO: The following Floating Point Exceptions have been reported: FE_INVALID
INFO: The following Floating Point Exceptions have been reported: FE_INVALID
INFO: The following Floating Point Exceptions have been reported: FE_INVALID
INFO: The following Floating Point Exceptions have been reported: FE_INVALID
INFO: The following Floating Point Exceptions have been reported: FE_INVALID
INFO: The following Floating Point Exceptions have been reported: FE_INVALID
INFO: The following Floating Point Exceptions have been reported: FE_INVALID
INFO: The following Floating Point Exceptions have been reported: FE_INVALID
INFO: The following Floating Point Exceptions have been reported: FE_INVALID
INFO: The following Floating Point Exceptions have been reported: FE_INVALID
INFO: The following Floating Point Exceptions have been reported: FE_INVALID
INFO: The following Floating Point Exceptions have been reported: FE_INVALID
INFO: The following Floating Point Exceptions have been reported: FE_INVALID
INFO: The following Floating Point Exceptions have been reported: FE_INVALID
INFO: The following Floating Point Exceptions have been reported: FE_INVALID
INFO: The following Floating Point Exceptions have been reported: FE_INVALID
INFO: The following Floating Point Exceptions have been reported: FE_INVALID
INFO: The following Floating Point Exceptions have been reported: FE_INVALID
INFO: The following Floating Point Exceptions have been reported: FE_INVALID
INFO: The following Floating Point Exceptions have been reported: FE_INVALID
INFO: The following Floating Point Exceptions have been reported: FE_INVALID
INFO: The following Floating Point Exceptions have been reported: FE_INVALID
INFO: The following Floating Point Exceptions have been reported: FE_INVALID
INFO: The following Floating Point Exceptions have been reported: FE_INVALID
INFO: The following Floating Point Exceptions have been reported: FE_INVALID
INFO: The following Floating Point Exceptions have been reported: FE_INVALID
INFO: The following Floating Point Exceptions have been reported: FE_INVALID
INFO: The following Floating Point Exceptions have been reported: FE_INVALID
INFO: The following Floating Point Exceptions have been reported: FE_INVALID
INFO: The following Floating Point Exceptions have been reported: FE_INVALID
INFO: The following Floating Point Exceptions have been reported: FE_INVALID
INFO: The following Floating Point Exceptions have been reported: FE_INVALID
INFO: The following Floating Point Exceptions have been reported: FE_INVALID
INFO: The following Floating Point Exceptions have been reported: FE_INVALID
INFO: The following Floating Point Exceptions have been reported: FE_INVALID
INFO: The following Floating Point Exceptions have been reported: FE_INVALID
INFO: The following Floating Point Exceptions have been reported: FE_INVALID
INFO: The following Floating Point Exceptions have been reported: FE_INVALID
INFO: The following Floating Point Exceptions have been reported: FE_INVALID
INFO: The following Floating Point Exceptions have been reported: FE_INVALID
INFO: The following Floating Point Exceptions have been reported: FE_INVALID
INFO: The following Floating Point Exceptions have been reported: FE_INVALID
INFO: The following Floating Point Exceptions have been reported: FE_INVALID
INFO: The following Floating Point Exceptions have been reported: FE_INVALID
INFO: The following Floating Point Exceptions have been reported: FE_INVALID
INFO: The following Floating Point Exceptions have been reported: FE_INVALID
INFO: The following Floating Point Exceptions have been reported: FE_INVALID
INFO: The following Floating Point Exceptions have been reported: FE_INVALID
INFO: The following Floating Point Exceptions have been reported: FE_INVALID
INFO: The following Floating Point Exceptions have been reported: FE_INVALID
INFO: The following Floating Point Exceptions have been reported: FE_INVALID
INFO: The following Floating Point Exceptions have been reported: FE_INVALID
INFO: The following Floating Point Exceptions have been reported: FE_INVALID
INFO: The following Floating Point Exceptions have been reported: FE_INVALID
INFO: The following Floating Point Exceptions have been reported: FE_INVALID
INFO: The following Floating Point Exceptions have been reported: FE_INVALID
INFO: The following Floating Point Exceptions have been reported: FE_INVALID
INFO: The following Floating Point Exceptions have been reported: FE_INVALID
INFO: The following Floating Point Exceptions have been reported: FE_INVALID
INFO: The following Floating Point Exceptions have been reported: FE_INVALID
INFO: The following Floating Point Exceptions have been reported: FE_INVALID
INFO: The following Floating Point Exceptions have been reported: FE_INVALID
INFO: The following Floating Point Exceptions have been reported: FE_INVALID
INFO: The following Floating Point Exceptions have been reported: FE_INVALID
INFO: The following Floating Point Exceptions have been reported: FE_INVALID
INFO: The following Floating Point Exceptions have been reported: FE_INVALID
INFO: The following Floating Point Exceptions have been reported: FE_INVALID
INFO: The following Floating Point Exceptions have been reported: FE_INVALID
INFO: The following Floating Point Exceptions have been reported: FE_INVALID
INFO: The following Floating Point Exceptions have been reported: FE_INVALID
INFO: The following Floating Point Exceptions have been reported: FE_INVALID
INFO: The following Floating Point Exceptions have been reported: FE_INVALID
INFO: The following Floating Point Exceptions have been reported: FE_INVALID
INFO: The following Floating Point Exceptions have been reported: FE_INVALID
INFO: The following Floating Point Exceptions have been reported: FE_INVALID
INFO: The following Floating Point Exceptions have been reported: FE_INVALID
INFO: The following Floating Point Exceptions have been reported: FE_INVALID
INFO: The following Floating Point Exceptions have been reported: FE_INVALID
INFO: The following Floating Point Exceptions have been reported: FE_INVALID
INFO: The following Floating Point Exceptions have been reported: FE_INVALID
INFO: The following Floating Point Exceptions have been reported: FE_INVALID
INFO: The following Floating Point Exceptions have been reported: FE_INVALID
INFO: The following Floating Point Exceptions have been reported: FE_INVALID
INFO: The following Floating Point Exceptions have been reported: FE_INVALID
INFO: The following Floating Point Exceptions have been reported: FE_INVALID
INFO: The following Floating Point Exceptions have been reported: FE_INVALID
INFO: The following Floating Point Exceptions have been reported: FE_INVALID
INFO: The following Floating Point Exceptions have been reported: FE_INVALID
INFO: The following Floating Point Exceptions have been reported: FE_INVALID
INFO: The following Floating Point Exceptions have been reported: FE_INVALID
INFO: The following Floating Point Exceptions have been reported: FE_INVALID
INFO: The following Floating Point Exceptions have been reported: FE_INVALID
INFO: The following Floating Point Exceptions have been reported: FE_INVALID
INFO: The following Floating Point Exceptions have been reported: FE_INVALID
INFO: The following Floating Point Exceptions have been reported: FE_INVALID
INFO: The following Floating Point Exceptions have been reported: FE_INVALID
INFO: The following Floating Point Exceptions have been reported: FE_INVALID
INFO: The following Floating Point Exceptions have been reported: FE_INVALID
INFO: The following Floating Point Exceptions have been reported: FE_INVALID
INFO: The following Floating Point Exceptions have been reported: FE_INVALID
INFO: The following Floating Point Exceptions have been reported: FE_INVALID
INFO: The following Floating Point Exceptions have been reported: FE_INVALID
INFO: The following Floating Point Exceptions have been reported: FE_INVALID
INFO: The following Floating Point Exceptions have been reported: FE_INVALID
INFO: The following Floating Point Exceptions have been reported: FE_INVALID
INFO: The following Floating Point Exceptions have been reported: FE_INVALID
INFO: The following Floating Point Exceptions have been reported: FE_INVALID
INFO: The following Floating Point Exceptions have been reported: FE_INVALID
INFO: The following Floating Point Exceptions have been reported: FE_INVALID
INFO: The following Floating Point Exceptions have been reported: FE_INVALID
INFO: The following Floating Point Exceptions have been reported: FE_INVALID
INFO: The following Floating Point Exceptions have been reported: FE_INVALID
INFO: The following Floating Point Exceptions have been reported: FE_INVALID
INFO: The following Floating Point Exceptions have been reported: FE_INVALID
INFO: The following Floating Point Exceptions have been reported: FE_INVALID
INFO: The following Floating Point Exceptions have been reported: FE_INVALID
INFO: The following Floating Point Exceptions have been reported: FE_INVALID
INFO: The following Floating Point Exceptions have been reported: FE_INVALID
INFO: The following Floating Point Exceptions have been reported: FE_INVALID
INFO: The following Floating Point Exceptions have been reported: FE_INVALID
INFO: The following Floating Point Exceptions have been reported: FE_INVALID
INFO: The following Floating Point Exceptions have been reported: FE_INVALID
INFO: The following Floating Point Exceptions have been reported: FE_INVALID
INFO: The following Floating Point Exceptions have been reported: FE_INVALID
INFO: The following Floating Point Exceptions have been reported: FE_INVALID
INFO: The following Floating Point Exceptions have been reported: FE_INVALID
INFO: The following Floating Point Exceptions have been reported: FE_INVALID
INFO: The following Floating Point Exceptions have been reported: FE_INVALID
INFO: The following Floating Point Exceptions have been reported: FE_INVALID
INFO: The following Floating Point Exceptions have been reported: FE_INVALID
INFO: The following Floating Point Exceptions have been reported: FE_INVALID
INFO: The following Floating Point Exceptions have been reported: FE_INVALID
INFO: The following Floating Point Exceptions have been reported: FE_INVALID
INFO: The following Floating Point Exceptions have been reported: FE_INVALID
INFO: The following Floating Point Exceptions have been reported: FE_INVALID
INFO: The following Floating Point Exceptions have been reported: FE_INVALID
INFO: The following Floating Point Exceptions have been reported: FE_INVALID
INFO: The following Floating Point Exceptions have been reported: FE_INVALID
INFO: The following Floating Point Exceptions have been reported: FE_INVALID
INFO: The following Floating Point Exceptions have been reported: FE_INVALID
INFO: The following Floating Point Exceptions have been reported: FE_INVALID
INFO: The following Floating Point Exceptions have been reported: FE_INVALID
INFO: The following Floating Point Exceptions have been reported: FE_INVALID
INFO: The following Floating Point Exceptions have been reported: FE_INVALID
INFO: The following Floating Point Exceptions have been reported: FE_INVALID
INFO: The following Floating Point Exceptions have been reported: FE_INVALID
INFO: The following Floating Point Exceptions have been reported: FE_INVALID
INFO: The following Floating Point Exceptions have been reported: FE_INVALID
INFO: The following Floating Point Exceptions have been reported: FE_INVALID
INFO: The following Floating Point Exceptions have been reported: FE_INVALID
INFO: The following Floating Point Exceptions have been reported: FE_INVALID
INFO: The following Floating Point Exceptions have been reported: FE_INVALID
INFO: The following Floating Point Exceptions have been reported: FE_INVALID
INFO: The following Floating Point Exceptions have been reported: FE_INVALID
INFO: The following Floating Point Exceptions have been reported: FE_INVALID
INFO: The following Floating Point Exceptions have been reported: FE_INVALID
INFO: The following Floating Point Exceptions have been reported: FE_INVALID
INFO: The following Floating Point Exceptions have been reported: FE_INVALID
INFO: The following Floating Point Exceptions have been reported: FE_INVALID
INFO: The following Floating Point Exceptions have been reported: FE_INVALID
INFO: The following Floating Point Exceptions have been reported: FE_INVALID
INFO: The following Floating Point Exceptions have been reported: FE_INVALID
INFO: The following Floating Point Exceptions have been reported: FE_INVALID
INFO: The following Floating Point Exceptions have been reported: FE_INVALID
INFO: The following Floating Point Exceptions have been reported: FE_INVALID
INFO: The following Floating Point Exceptions have been reported: FE_INVALID
INFO: The following Floating Point Exceptions have been reported: FE_INVALID
INFO: The following Floating Point Exceptions have been reported: FE_INVALID
INFO: The following Floating Point Exceptions have been reported: FE_INVALID
INFO: The following Floating Point Exceptions have been reported: FE_INVALID
INFO: The following Floating Point Exceptions have been reported: FE_INVALID
INFO: The following Floating Point Exceptions have been reported: FE_INVALID
INFO: The following Floating Point Exceptions have been reported: FE_INVALID
INFO: The following Floating Point Exceptions have been reported: FE_INVALID
INFO: The following Floating Point Exceptions have been reported: FE_INVALID
INFO: The following Floating Point Exceptions have been reported: FE_INVALID
INFO: The following Floating Point Exceptions have been reported: FE_INVALID
INFO: The following Floating Point Exceptions have been reported: FE_INVALID
INFO: The following Floating Point Exceptions have been reported: FE_INVALID
INFO: The following Floating Point Exceptions have been reported: FE_INVALID
INFO: The following Floating Point Exceptions have been reported: FE_INVALID
INFO: The following Floating Point Exceptions have been reported: FE_INVALID
INFO: The following Floating Point Exceptions have been reported: FE_INVALID
INFO: The following Floating Point Exceptions have been reported: FE_INVALID
INFO: The following Floating Point Exceptions have been reported: FE_INVALID
INFO: The following Floating Point Exceptions have been reported: FE_INVALID
INFO: The following Floating Point Exceptions have been reported: FE_INVALID
INFO: The following Floating Point Exceptions have been reported: FE_INVALID
INFO: The following Floating Point Exceptions have been reported: FE_INVALID
INFO: The following Floating Point Exceptions have been reported: FE_INVALID
INFO: The following Floating Point Exceptions have been reported: FE_INVALID
INFO: The following Floating Point Exceptions have been reported: FE_INVALID
INFO: The following Floating Point Exceptions have been reported: FE_INVALID
INFO: The following Floating Point Exceptions have been reported: FE_INVALID
INFO: The following Floating Point Exceptions have been reported: FE_INVALID
INFO: The following Floating Point Exceptions have been reported: FE_INVALID
INFO: The following Floating Point Exceptions have been reported: FE_INVALID
INFO: The following Floating Point Exceptions have been reported: FE_INVALID
INFO: The following Floating Point Exceptions have been reported: FE_INVALID
INFO: The following Floating Point Exceptions have been reported: FE_INVALID
INFO: The following Floating Point Exceptions have been reported: FE_INVALID
INFO: The following Floating Point Exceptions have been reported: FE_INVALID
INFO: The following Floating Point Exceptions have been reported: FE_INVALID
INFO: The following Floating Point Exceptions have been reported: FE_INVALID
INFO: The following Floating Point Exceptions have been reported: FE_INVALID
INFO: The following Floating Point Exceptions have been reported: FE_INVALID
INFO: The following Floating Point Exceptions have been reported: FE_INVALID
INFO: The following Floating Point Exceptions have been reported: FE_INVALID
INFO: The following Floating Point Exceptions have been reported: FE_INVALID
INFO: The following Floating Point Exceptions have been reported: FE_INVALID
INFO: The following Floating Point Exceptions have been reported: FE_INVALID
INFO: The following Floating Point Exceptions have been reported: FE_INVALID
INFO: The following Floating Point Exceptions have been reported: FE_INVALID
INFO: The following Floating Point Exceptions have been reported: FE_INVALID
INFO: The following Floating Point Exceptions have been reported: FE_INVALID
INFO: The following Floating Point Exceptions have been reported: FE_INVALID
INFO: The following Floating Point Exceptions have been reported: FE_INVALID
INFO: The following Floating Point Exceptions have been reported: FE_INVALID
INFO: The following Floating Point Exceptions have been reported: FE_INVALID
INFO: The following Floating Point Exceptions have been reported: FE_INVALID
INFO: The following Floating Point Exceptions have been reported: FE_INVALID
INFO: The following Floating Point Exceptions have been reported: FE_INVALID
INFO: The following Floating Point Exceptions have been reported: FE_INVALID
INFO: The following Floating Point Exceptions have been reported: FE_INVALID
INFO: The following Floating Point Exceptions have been reported: FE_INVALID
INFO: The following Floating Point Exceptions have been reported: FE_INVALID
INFO: The following Floating Point Exceptions have been reported: FE_INVALID
INFO: The following Floating Point Exceptions have been reported: FE_INVALID
INFO: The following Floating Point Exceptions have been reported: FE_INVALID
INFO: The following Floating Point Exceptions have been reported: FE_INVALID
INFO: The following Floating Point Exceptions have been reported: FE_INVALID
INFO: The following Floating Point Exceptions have been reported: FE_INVALID
INFO: The following Floating Point Exceptions have been reported: FE_INVALID
INFO: The following Floating Point Exceptions have been reported: FE_INVALID
INFO: The following Floating Point Exceptions have been reported: FE_INVALID
INFO: The following Floating Point Exceptions have been reported: FE_INVALID
INFO: The following Floating Point Exceptions have been reported: FE_INVALID
INFO: The following Floating Point Exceptions have been reported: FE_INVALID
INFO: The following Floating Point Exceptions have been reported: FE_INVALID
INFO: The following Floating Point Exceptions have been reported: FE_INVALID
INFO: The following Floating Point Exceptions have been reported: FE_INVALID
INFO: The following Floating Point Exceptions have been reported: FE_INVALID
INFO: The following Floating Point Exceptions have been reported: FE_INVALID
INFO: The following Floating Point Exceptions have been reported: FE_INVALID
INFO: The following Floating Point Exceptions have been reported: FE_INVALID
INFO: The following Floating Point Exceptions have been reported: FE_INVALID
INFO: The following Floating Point Exceptions have been reported: FE_INVALID
INFO: The following Floating Point Exceptions have been reported: FE_INVALID
INFO: The following Floating Point Exceptions have been reported: FE_INVALID
INFO: The following Floating Point Exceptions have been reported: FE_INVALID
INFO: The following Floating Point Exceptions have been reported: FE_INVALID
INFO: The following Floating Point Exceptions have been reported: FE_INVALID
INFO: The following Floating Point Exceptions have been reported: FE_INVALID
INFO: The following Floating Point Exceptions have been reported: FE_INVALID
INFO: The following Floating Point Exceptions have been reported: FE_INVALID
INFO: The following Floating Point Exceptions have been reported: FE_INVALID
INFO: The following Floating Point Exceptions have been reported: FE_INVALID
INFO: The following Floating Point Exceptions have been reported: FE_INVALID
INFO: The following Floating Point Exceptions have been reported: FE_INVALID
INFO: The following Floating Point Exceptions have been reported: FE_INVALID
INFO: The following Floating Point Exceptions have been reported: FE_INVALID
INFO: The following Floating Point Exceptions have been reported: FE_INVALID
INFO: The following Floating Point Exceptions have been reported: FE_INVALID
INFO: The following Floating Point Exceptions have been reported: FE_INVALID
INFO: The following Floating Point Exceptions have been reported: FE_INVALID
INFO: The following Floating Point Exceptions have been reported: FE_INVALID
INFO: The following Floating Point Exceptions have been reported: FE_INVALID
INFO: The following Floating Point Exceptions have been reported: FE_INVALID
INFO: The following Floating Point Exceptions have been reported: FE_INVALID
INFO: The following Floating Point Exceptions have been reported: FE_INVALID
INFO: The following Floating Point Exceptions have been reported: FE_INVALID
INFO: The following Floating Point Exceptions have been reported: FE_INVALID
INFO: The following Floating Point Exceptions have been reported: FE_INVALID
INFO: The following Floating Point Exceptions have been reported: FE_INVALID
INFO: The following Floating Point Exceptions have been reported: FE_INVALID
INFO: The following Floating Point Exceptions have been reported: FE_INVALID
INFO: The following Floating Point Exceptions have been reported: FE_INVALID
INFO: The following Floating Point Exceptions have been reported: FE_INVALID
INFO: The following Floating Point Exceptions have been reported: FE_INVALID
INFO: The following Floating Point Exceptions have been reported: FE_INVALID
INFO: The following Floating Point Exceptions have been reported: FE_INVALID
INFO: The following Floating Point Exceptions have been reported: FE_INVALID
INFO: The following Floating Point Exceptions have been reported: FE_INVALID
INFO: The following Floating Point Exceptions have been reported: FE_INVALID
INFO: The following Floating Point Exceptions have been reported: FE_INVALID
INFO: The following Floating Point Exceptions have been reported: FE_INVALID
INFO: The following Floating Point Exceptions have been reported: FE_INVALID
INFO: The following Floating Point Exceptions have been reported: FE_INVALID
INFO: The following Floating Point Exceptions have been reported: FE_INVALID
INFO: The following Floating Point Exceptions have been reported: FE_INVALID
INFO: The following Floating Point Exceptions have been reported: FE_INVALID
INFO: The following Floating Point Exceptions have been reported: FE_INVALID
INFO: The following Floating Point Exceptions have been reported: FE_INVALID
INFO: The following Floating Point Exceptions have been reported: FE_INVALID
INFO: The following Floating Point Exceptions have been reported: FE_INVALID
INFO: The following Floating Point Exceptions have been reported: FE_INVALID
INFO: The following Floating Point Exceptions have been reported: FE_INVALID
INFO: The following Floating Point Exceptions have been reported: FE_INVALID
INFO: The following Floating Point Exceptions have been reported: FE_INVALID
INFO: The following Floating Point Exceptions have been reported: FE_INVALID
INFO: The following Floating Point Exceptions have been reported: FE_INVALID
INFO: The following Floating Point Exceptions have been reported: FE_INVALID
INFO: The following Floating Point Exceptions have been reported: FE_INVALID
INFO: The following Floating Point Exceptions have been reported: FE_INVALID
INFO: The following Floating Point Exceptions have been reported: FE_INVALID
INFO: The following Floating Point Exceptions have been reported: FE_INVALID
INFO: The following Floating Point Exceptions have been reported: FE_INVALID
INFO: The following Floating Point Exceptions have been reported: FE_INVALID
INFO: The following Floating Point Exceptions have been reported: FE_INVALID
INFO: The following Floating Point Exceptions have been reported: FE_INVALID
INFO: The following Floating Point Exceptions have been reported: FE_INVALID
INFO: The following Floating Point Exceptions have been reported: FE_INVALID
INFO: The following Floating Point Exceptions have been reported: FE_INVALID
INFO: The following Floating Point Exceptions have been reported: FE_INVALID
INFO: The following Floating Point Exceptions have been reported: FE_INVALID
INFO: The following Floating Point Exceptions have been reported: FE_INVALID
INFO: The following Floating Point Exceptions have been reported: FE_INVALID
INFO: The following Floating Point Exceptions have been reported: FE_INVALID
INFO: The following Floating Point Exceptions have been reported: FE_INVALID
INFO: The following Floating Point Exceptions have been reported: FE_INVALID
INFO: The following Floating Point Exceptions have been reported: FE_INVALID
INFO: The following Floating Point Exceptions have been reported: FE_INVALID
INFO: The following Floating Point Exceptions have been reported: FE_INVALID
INFO: The following Floating Point Exceptions have been reported: FE_INVALID
INFO: The following Floating Point Exceptions have been reported: FE_INVALID
INFO: The following Floating Point Exceptions have been reported: FE_INVALID
INFO: The following Floating Point Exceptions have been reported: FE_INVALID
INFO: The following Floating Point Exceptions have been reported: FE_INVALID
INFO: The following Floating Point Exceptions have been reported: FE_INVALID
INFO: The following Floating Point Exceptions have been reported: FE_INVALID
INFO: The following Floating Point Exceptions have been reported: FE_INVALID
INFO: The following Floating Point Exceptions have been reported: FE_INVALID
INFO: The following Floating Point Exceptions have been reported: FE_INVALID
INFO: The following Floating Point Exceptions have been reported: FE_INVALID
INFO: The following Floating Point Exceptions have been reported: FE_INVALID
INFO: The following Floating Point Exceptions have been reported: FE_INVALID
INFO: The following Floating Point Exceptions have been reported: FE_INVALID
INFO: The following Floating Point Exceptions have been reported: FE_INVALID
INFO: The following Floating Point Exceptions have been reported: FE_INVALID
INFO: The following Floating Point Exceptions have been reported: FE_INVALID
INFO: The following Floating Point Exceptions have been reported: FE_INVALID
INFO: The following Floating Point Exceptions have been reported: FE_INVALID
INFO: The following Floating Point Exceptions have been reported: FE_INVALID
INFO: The following Floating Point Exceptions have been reported: FE_INVALID
INFO: The following Floating Point Exceptions have been reported: FE_INVALID
INFO: The following Floating Point Exceptions have been reported: FE_INVALID
INFO: The following Floating Point Exceptions have been reported: FE_INVALID
INFO: The following Floating Point Exceptions have been reported: FE_INVALID
INFO: The following Floating Point Exceptions have been reported: FE_INVALID
INFO: The following Floating Point Exceptions have been reported: FE_INVALID
INFO: The following Floating Point Exceptions have been reported: FE_INVALID
INFO: The following Floating Point Exceptions have been reported: FE_INVALID
INFO: The following Floating Point Exceptions have been reported: FE_INVALID
INFO: The following Floating Point Exceptions have been reported: FE_INVALID
INFO: The following Floating Point Exceptions have been reported: FE_INVALID
INFO: The following Floating Point Exceptions have been reported: FE_INVALID
INFO: The following Floating Point Exceptions have been reported: FE_INVALID
INFO: The following Floating Point Exceptions have been reported: FE_INVALID
INFO: The following Floating Point Exceptions have been reported: FE_INVALID
INFO: The following Floating Point Exceptions have been reported: FE_INVALID
INFO: The following Floating Point Exceptions have been reported: FE_INVALID
INFO: The following Floating Point Exceptions have been reported: FE_INVALID
INFO: The following Floating Point Exceptions have been reported: FE_INVALID
INFO: The following Floating Point Exceptions have been reported: FE_INVALID
INFO: The following Floating Point Exceptions have been reported: FE_INVALID
INFO: The following Floating Point Exceptions have been reported: FE_INVALID
INFO: The following Floating Point Exceptions have been reported: FE_INVALID
INFO: The following Floating Point Exceptions have been reported: FE_INVALID
INFO: The following Floating Point Exceptions have been reported: FE_INVALID
INFO: The following Floating Point Exceptions have been reported: FE_INVALID
INFO: The following Floating Point Exceptions have been reported: FE_INVALID
INFO: The following Floating Point Exceptions have been reported: FE_INVALID
INFO: The following Floating Point Exceptions have been reported: FE_INVALID
INFO: The following Floating Point Exceptions have been reported: FE_INVALID
INFO: The following Floating Point Exceptions have been reported: FE_INVALID
INFO: The following Floating Point Exceptions have been reported: FE_INVALID
INFO: The following Floating Point Exceptions have been reported: FE_INVALID
INFO: The following Floating Point Exceptions have been reported: FE_INVALID
INFO: The following Floating Point Exceptions have been reported: FE_INVALID
INFO: The following Floating Point Exceptions have been reported: FE_INVALID
INFO: The following Floating Point Exceptions have been reported: FE_INVALID
INFO: The following Floating Point Exceptions have been reported: FE_INVALID
INFO: The following Floating Point Exceptions have been reported: FE_INVALID
INFO: The following Floating Point Exceptions have been reported: FE_INVALID
INFO: The following Floating Point Exceptions have been reported: FE_INVALID
INFO: The following Floating Point Exceptions have been reported: FE_INVALID
INFO: The following Floating Point Exceptions have been reported: FE_INVALID
INFO: The following Floating Point Exceptions have been reported: FE_INVALID
INFO: The following Floating Point Exceptions have been reported: FE_INVALID
INFO: The following Floating Point Exceptions have been reported: FE_INVALID
INFO: The following Floating Point Exceptions have been reported: FE_INVALID
INFO: The following Floating Point Exceptions have been reported: FE_INVALID
INFO: The following Floating Point Exceptions have been reported: FE_INVALID
INFO: The following Floating Point Exceptions have been reported: FE_INVALID
INFO: The following Floating Point Exceptions have been reported: FE_INVALID
INFO: The following Floating Point Exceptions have been reported: FE_INVALID
INFO: The following Floating Point Exceptions have been reported: FE_INVALID
INFO: The following Floating Point Exceptions have been reported: FE_INVALID
INFO: The following Floating Point Exceptions have been reported: FE_INVALID
INFO: The following Floating Point Exceptions have been reported: FE_INVALID
INFO: The following Floating Point Exceptions have been reported: FE_INVALID
INFO: The following Floating Point Exceptions have been reported: FE_INVALID
INFO: The following Floating Point Exceptions have been reported: FE_INVALID
INFO: The following Floating Point Exceptions have been reported: FE_INVALID
INFO: The following Floating Point Exceptions have been reported: FE_INVALID
INFO: The following Floating Point Exceptions have been reported: FE_INVALID
INFO: The following Floating Point Exceptions have been reported: FE_INVALID
INFO: The following Floating Point Exceptions have been reported: FE_INVALID
INFO: The following Floating Point Exceptions have been reported: FE_INVALID
INFO: The following Floating Point Exceptions have been reported: FE_INVALID
INFO: The following Floating Point Exceptions have been reported: FE_INVALID
INFO: The following Floating Point Exceptions have been reported: FE_INVALID
INFO: The following Floating Point Exceptions have been reported: FE_INVALID
INFO: The following Floating Point Exceptions have been reported: FE_INVALID
INFO: The following Floating Point Exceptions have been reported: FE_INVALID
INFO: The following Floating Point Exceptions have been reported: FE_INVALID
INFO: The following Floating Point Exceptions have been reported: FE_INVALID
INFO: The following Floating Point Exceptions have been reported: FE_INVALID
INFO: The following Floating Point Exceptions have been reported: FE_INVALID
INFO: The following Floating Point Exceptions have been reported: FE_INVALID
INFO: The following Floating Point Exceptions have been reported: FE_INVALID
INFO: The following Floating Point Exceptions have been reported: FE_INVALID
INFO: The following Floating Point Exceptions have been reported: FE_INVALID
INFO: The following Floating Point Exceptions have been reported: FE_INVALID
INFO: The following Floating Point Exceptions have been reported: FE_INVALID
INFO: The following Floating Point Exceptions have been reported: FE_INVALID
INFO: The following Floating Point Exceptions have been reported: FE_INVALID
INFO: The following Floating Point Exceptions have been reported: FE_INVALID
INFO: The following Floating Point Exceptions have been reported: FE_INVALID
INFO: The following Floating Point Exceptions have been reported: FE_INVALID
INFO: The following Floating Point Exceptions have been reported: FE_INVALID
INFO: The following Floating Point Exceptions have been reported: FE_INVALID
INFO: The following Floating Point Exceptions have been reported: FE_INVALID
INFO: The following Floating Point Exceptions have been reported: FE_INVALID
INFO: The following Floating Point Exceptions have been reported: FE_INVALID
INFO: The following Floating Point Exceptions have been reported: FE_INVALID
INFO: The following Floating Point Exceptions have been reported: FE_INVALID
INFO: The following Floating Point Exceptions have been reported: FE_INVALID
INFO: The following Floating Point Exceptions have been reported: FE_INVALID
INFO: The following Floating Point Exceptions have been reported: FE_INVALID
INFO: The following Floating Point Exceptions have been reported: FE_INVALID
INFO: The following Floating Point Exceptions have been reported: FE_INVALID
INFO: The following Floating Point Exceptions have been reported: FE_INVALID
INFO: The following Floating Point Exceptions have been reported: FE_INVALID
INFO: The following Floating Point Exceptions have been reported: FE_INVALID
INFO: The following Floating Point Exceptions have been reported: FE_INVALID
INFO: The following Floating Point Exceptions have been reported: FE_INVALID
INFO: The following Floating Point Exceptions have been reported: FE_INVALID
INFO: The following Floating Point Exceptions have been reported: FE_INVALID
INFO: The following Floating Point Exceptions have been reported: FE_INVALID
INFO: The following Floating Point Exceptions have been reported: FE_INVALID
INFO: The following Floating Point Exceptions have been reported: FE_INVALID
INFO: The following Floating Point Exceptions have been reported: FE_INVALID
INFO: The following Floating Point Exceptions have been reported: FE_INVALID
INFO: The following Floating Point Exceptions have been reported: FE_INVALID
INFO: The following Floating Point Exceptions have been reported: FE_INVALID
INFO: The following Floating Point Exceptions have been reported: FE_INVALID
INFO: The following Floating Point Exceptions have been reported: FE_INVALID
INFO: The following Floating Point Exceptions have been reported: FE_INVALID
INFO: The following Floating Point Exceptions have been reported: FE_INVALID
INFO: The following Floating Point Exceptions have been reported: FE_INVALID
INFO: The following Floating Point Exceptions have been reported: FE_INVALID
INFO: The following Floating Point Exceptions have been reported: FE_INVALID
INFO: The following Floating Point Exceptions have been reported: FE_INVALID
INFO: The following Floating Point Exceptions have been reported: FE_INVALID
INFO: The following Floating Point Exceptions have been reported: FE_INVALID
INFO: The following Floating Point Exceptions have been reported: FE_INVALID
INFO: The following Floating Point Exceptions have been reported: FE_INVALID
INFO: The following Floating Point Exceptions have been reported: FE_INVALID
INFO: The following Floating Point Exceptions have been reported: FE_INVALID
INFO: The following Floating Point Exceptions have been reported: FE_INVALID
INFO: The following Floating Point Exceptions have been reported: FE_INVALID
INFO: The following Floating Point Exceptions have been reported: FE_INVALID
INFO: The following Floating Point Exceptions have been reported: FE_INVALID
INFO: The following Floating Point Exceptions have been reported: FE_INVALID
INFO: The following Floating Point Exceptions have been reported: FE_INVALID
INFO: The following Floating Point Exceptions have been reported: FE_INVALID
INFO: The following Floating Point Exceptions have been reported: FE_INVALID
INFO: The following Floating Point Exceptions have been reported: FE_INVALID
INFO: The following Floating Point Exceptions have been reported: FE_INVALID
INFO: The following Floating Point Exceptions have been reported: FE_INVALID
INFO: The following Floating Point Exceptions have been reported: FE_INVALID
INFO: The following Floating Point Exceptions have been reported: FE_INVALID
INFO: The following Floating Point Exceptions have been reported: FE_INVALID
INFO: The following Floating Point Exceptions have been reported: FE_INVALID
INFO: The following Floating Point Exceptions have been reported: FE_INVALID
INFO: The following Floating Point Exceptions have been reported: FE_INVALID
INFO: The following Floating Point Exceptions have been reported: FE_INVALID
INFO: The following Floating Point Exceptions have been reported: FE_INVALID
INFO: The following Floating Point Exceptions have been reported: FE_INVALID
INFO: The following Floating Point Exceptions have been reported: FE_INVALID
INFO: The following Floating Point Exceptions have been reported: FE_INVALID
INFO: The following Floating Point Exceptions have been reported: FE_INVALID
INFO: The following Floating Point Exceptions have been reported: FE_INVALID
INFO: The following Floating Point Exceptions have been reported: FE_INVALID
INFO: The following Floating Point Exceptions have been reported: FE_INVALID
INFO: The following Floating Point Exceptions have been reported: FE_INVALID
INFO: The following Floating Point Exceptions have been reported: FE_INVALID
INFO: The following Floating Point Exceptions have been reported: FE_INVALID
INFO: The following Floating Point Exceptions have been reported: FE_INVALID
INFO: The following Floating Point Exceptions have been reported: FE_INVALID
INFO: The following Floating Point Exceptions have been reported: FE_INVALID
INFO: The following Floating Point Exceptions have been reported: FE_INVALID
INFO: The following Floating Point Exceptions have been reported: FE_INVALID
INFO: The following Floating Point Exceptions have been reported: FE_INVALID
INFO: The following Floating Point Exceptions have been reported: FE_INVALID
INFO: The following Floating Point Exceptions have been reported: FE_INVALID
INFO: The following Floating Point Exceptions have been reported: FE_INVALID
INFO: The following Floating Point Exceptions have been reported: FE_INVALID
INFO: The following Floating Point Exceptions have been reported: FE_INVALID
INFO: The following Floating Point Exceptions have been reported: FE_INVALID
INFO: The following Floating Point Exceptions have been reported: FE_INVALID
INFO: The following Floating Point Exceptions have been reported: FE_INVALID
INFO: The following Floating Point Exceptions have been reported: FE_INVALID
INFO: The following Floating Point Exceptions have been reported: FE_INVALID
INFO: The following Floating Point Exceptions have been reported: FE_INVALID
INFO: The following Floating Point Exceptions have been reported: FE_INVALID
INFO: The following Floating Point Exceptions have been reported: FE_INVALID
INFO: The following Floating Point Exceptions have been reported: FE_INVALID
INFO: The following Floating Point Exceptions have been reported: FE_INVALID
INFO: The following Floating Point Exceptions have been reported: FE_INVALID
INFO: The following Floating Point Exceptions have been reported: FE_INVALID
INFO: The following Floating Point Exceptions have been reported: FE_INVALID
INFO: The following Floating Point Exceptions have been reported: FE_INVALID
INFO: The following Floating Point Exceptions have been reported: FE_INVALID
INFO: The following Floating Point Exceptions have been reported: FE_INVALID
INFO: The following Floating Point Exceptions have been reported: FE_INVALID
INFO: The following Floating Point Exceptions have been reported: FE_INVALID
INFO: The following Floating Point Exceptions have been reported: FE_INVALID
INFO: The following Floating Point Exceptions have been reported: FE_INVALID
INFO: The following Floating Point Exceptions have been reported: FE_INVALID
INFO: The following Floating Point Exceptions have been reported: FE_INVALID
INFO: The following Floating Point Exceptions have been reported: FE_INVALID
INFO: The following Floating Point Exceptions have been reported: FE_INVALID
INFO: The following Floating Point Exceptions have been reported: FE_INVALID
INFO: The following Floating Point Exceptions have been reported: FE_INVALID
INFO: The following Floating Point Exceptions have been reported: FE_INVALID
INFO: The following Floating Point Exceptions have been reported: FE_INVALID
INFO: The following Floating Point Exceptions have been reported: FE_INVALID
INFO: The following Floating Point Exceptions have been reported: FE_INVALID
INFO: The following Floating Point Exceptions have been reported: FE_INVALID
INFO: The following Floating Point Exceptions have been reported: FE_INVALID
INFO: The following Floating Point Exceptions have been reported: FE_INVALID
INFO: The following Floating Point Exceptions have been reported: FE_INVALID
INFO: The following Floating Point Exceptions have been reported: FE_INVALID
INFO: The following Floating Point Exceptions have been reported: FE_INVALID
INFO: The following Floating Point Exceptions have been reported: FE_INVALID
INFO: The following Floating Point Exceptions have been reported: FE_INVALID
INFO: The following Floating Point Exceptions have been reported: FE_INVALID
INFO: The following Floating Point Exceptions have been reported: FE_INVALID
INFO: The following Floating Point Exceptions have been reported: FE_INVALID
INFO: The following Floating Point Exceptions have been reported: FE_INVALID
INFO: The following Floating Point Exceptions have been reported: FE_INVALID
INFO: The following Floating Point Exceptions have been reported: FE_INVALID
INFO: The following Floating Point Exceptions have been reported: FE_INVALID
INFO: The following Floating Point Exceptions have been reported: FE_INVALID
INFO: The following Floating Point Exceptions have been reported: FE_INVALID
INFO: The following Floating Point Exceptions have been reported: FE_INVALID
INFO: The following Floating Point Exceptions have been reported: FE_INVALID
INFO: The following Floating Point Exceptions have been reported: FE_INVALID
INFO: The following Floating Point Exceptions have been reported: FE_INVALID
INFO: The following Floating Point Exceptions have been reported: FE_INVALID
INFO: The following Floating Point Exceptions have been reported: FE_INVALID
INFO: The following Floating Point Exceptions have been reported: FE_INVALID
INFO: The following Floating Point Exceptions have been reported: FE_INVALID
INFO: The following Floating Point Exceptions have been reported: FE_INVALID
INFO: The following Floating Point Exceptions have been reported: FE_INVALID
INFO: The following Floating Point Exceptions have been reported: FE_INVALID
INFO: The following Floating Point Exceptions have been reported: FE_INVALID
INFO: The following Floating Point Exceptions have been reported: FE_INVALID
INFO: The following Floating Point Exceptions have been reported: FE_INVALID
INFO: The following Floating Point Exceptions have been reported: FE_INVALID
INFO: The following Floating Point Exceptions have been reported: FE_INVALID
INFO: The following Floating Point Exceptions have been reported: FE_INVALID
INFO: The following Floating Point Exceptions have been reported: FE_INVALID
INFO: The following Floating Point Exceptions have been reported: FE_INVALID
INFO: The following Floating Point Exceptions have been reported: FE_INVALID
INFO: The following Floating Point Exceptions have been reported: FE_INVALID
INFO: The following Floating Point Exceptions have been reported: FE_INVALID
INFO: The following Floating Point Exceptions have been reported: FE_INVALID
INFO: The following Floating Point Exceptions have been reported: FE_INVALID
INFO: The following Floating Point Exceptions have been reported: FE_INVALID
INFO: The following Floating Point Exceptions have been reported: FE_INVALID
INFO: The following Floating Point Exceptions have been reported: FE_INVALID
INFO: The following Floating Point Exceptions have been reported: FE_INVALID
INFO: The following Floating Point Exceptions have been reported: FE_INVALID
INFO: The following Floating Point Exceptions have been reported: FE_INVALID
INFO: The following Floating Point Exceptions have been reported: FE_INVALID
INFO: The following Floating Point Exceptions have been reported: FE_INVALID
INFO: The following Floating Point Exceptions have been reported: FE_INVALID
INFO: The following Floating Point Exceptions have been reported: FE_INVALID
INFO: The following Floating Point Exceptions have been reported: FE_INVALID
INFO: The following Floating Point Exceptions have been reported: FE_INVALID
INFO: The following Floating Point Exceptions have been reported: FE_INVALID
INFO: The following Floating Point Exceptions have been reported: FE_INVALID
INFO: The following Floating Point Exceptions have been reported: FE_INVALID
INFO: The following Floating Point Exceptions have been reported: FE_INVALID
INFO: The following Floating Point Exceptions have been reported: FE_INVALID
INFO: The following Floating Point Exceptions have been reported: FE_INVALID
INFO: The following Floating Point Exceptions have been reported: FE_INVALID
INFO: The following Floating Point Exceptions have been reported: FE_INVALID
INFO: The following Floating Point Exceptions have been reported: FE_INVALID
INFO: The following Floating Point Exceptions have been reported: FE_INVALID
INFO: The following Floating Point Exceptions have been reported: FE_INVALID
INFO: The following Floating Point Exceptions have been reported: FE_INVALID
INFO: The following Floating Point Exceptions have been reported: FE_INVALID
INFO: The following Floating Point Exceptions have been reported: FE_INVALID
INFO: The following Floating Point Exceptions have been reported: FE_INVALID
INFO: The following Floating Point Exceptions have been reported: FE_INVALID
INFO: The following Floating Point Exceptions have been reported: FE_INVALID
INFO: The following Floating Point Exceptions have been reported: FE_INVALID
INFO: The following Floating Point Exceptions have been reported: FE_INVALID
INFO: The following Floating Point Exceptions have been reported: FE_INVALID
INFO: The following Floating Point Exceptions have been reported: FE_INVALID
INFO: The following Floating Point Exceptions have been reported: FE_INVALID
INFO: The following Floating Point Exceptions have been reported: FE_INVALID
INFO: The following Floating Point Exceptions have been reported: FE_INVALID
INFO: The following Floating Point Exceptions have been reported: FE_INVALID
INFO: The following Floating Point Exceptions have been reported: FE_INVALID
INFO: The following Floating Point Exceptions have been reported: FE_INVALID
INFO: The following Floating Point Exceptions have been reported: FE_INVALID
INFO: The following Floating Point Exceptions have been reported: FE_INVALID
INFO: The following Floating Point Exceptions have been reported: FE_INVALID
INFO: The following Floating Point Exceptions have been reported: FE_INVALID
INFO: The following Floating Point Exceptions have been reported: FE_INVALID
INFO: The following Floating Point Exceptions have been reported: FE_INVALID
INFO: The following Floating Point Exceptions have been reported: FE_INVALID
INFO: The following Floating Point Exceptions have been reported: FE_INVALID
INFO: The following Floating Point Exceptions have been reported: FE_INVALID
INFO: The following Floating Point Exceptions have been reported: FE_INVALID
INFO: The following Floating Point Exceptions have been reported: FE_INVALID
INFO: The following Floating Point Exceptions have been reported: FE_INVALID
INFO: The following Floating Point Exceptions have been reported: FE_INVALID
INFO: The following Floating Point Exceptions have been reported: FE_INVALID
INFO: The following Floating Point Exceptions have been reported: FE_INVALID
INFO: The following Floating Point Exceptions have been reported: FE_INVALID
INFO: The following Floating Point Exceptions have been reported: FE_INVALID
INFO: The following Floating Point Exceptions have been reported: FE_INVALID
INFO: The following Floating Point Exceptions have been reported: FE_INVALID
INFO: The following Floating Point Exceptions have been reported: FE_INVALID
INFO: The following Floating Point Exceptions have been reported: FE_INVALID
INFO: The following Floating Point Exceptions have been reported: FE_INVALID
INFO: The following Floating Point Exceptions have been reported: FE_INVALID
INFO: The following Floating Point Exceptions have been reported: FE_INVALID
INFO: The following Floating Point Exceptions have been reported: FE_INVALID
INFO: The following Floating Point Exceptions have been reported: FE_INVALID
INFO: The following Floating Point Exceptions have been reported: FE_INVALID
INFO: The following Floating Point Exceptions have been reported: FE_INVALID
INFO: The following Floating Point Exceptions have been reported: FE_INVALID
INFO: The following Floating Point Exceptions have been reported: FE_INVALID
INFO: The following Floating Point Exceptions have been reported: FE_INVALID
INFO: The following Floating Point Exceptions have been reported: FE_INVALID
INFO: The following Floating Point Exceptions have been reported: FE_INVALID
INFO: The following Floating Point Exceptions have been reported: FE_INVALID
INFO: The following Floating Point Exceptions have been reported: FE_INVALID
INFO: The following Floating Point Exceptions have been reported: FE_INVALID
INFO: The following Floating Point Exceptions have been reported: FE_INVALID
INFO: The following Floating Point Exceptions have been reported: FE_INVALID
INFO: The following Floating Point Exceptions have been reported: FE_INVALID
INFO: The following Floating Point Exceptions have been reported: FE_INVALID
INFO: The following Floating Point Exceptions have been reported: FE_INVALID
INFO: The following Floating Point Exceptions have been reported: FE_INVALID
INFO: The following Floating Point Exceptions have been reported: FE_INVALID
INFO: The following Floating Point Exceptions have been reported: FE_INVALID
INFO: The following Floating Point Exceptions have been reported: FE_INVALID
INFO: The following Floating Point Exceptions have been reported: FE_INVALID
INFO: The following Floating Point Exceptions have been reported: FE_INVALID
INFO: The following Floating Point Exceptions have been reported: FE_INVALID
INFO: The following Floating Point Exceptions have been reported: FE_INVALID
INFO: The following Floating Point Exceptions have been reported: FE_INVALID
INFO: The following Floating Point Exceptions have been reported: FE_INVALID
INFO: The following Floating Point Exceptions have been reported: FE_INVALID
INFO: The following Floating Point Exceptions have been reported: FE_INVALID
INFO: The following Floating Point Exceptions have been reported: FE_INVALID
INFO: The following Floating Point Exceptions have been reported: FE_INVALID
INFO: The following Floating Point Exceptions have been reported: FE_INVALID
INFO: The following Floating Point Exceptions have been reported: FE_INVALID
INFO: The following Floating Point Exceptions have been reported: FE_INVALID
INFO: The following Floating Point Exceptions have been reported: FE_INVALID
INFO: The following Floating Point Exceptions have been reported: FE_INVALID
INFO: The following Floating Point Exceptions have been reported: FE_INVALID
INFO: The following Floating Point Exceptions have been reported: FE_INVALID
INFO: The following Floating Point Exceptions have been reported: FE_INVALID
INFO: The following Floating Point Exceptions have been reported: FE_INVALID
INFO: The following Floating Point Exceptions have been reported: FE_INVALID
INFO: The following Floating Point Exceptions have been reported: FE_INVALID
INFO: The following Floating Point Exceptions have been reported: FE_INVALID
INFO: The following Floating Point Exceptions have been reported: FE_INVALID
INFO: The following Floating Point Exceptions have been reported: FE_INVALID
INFO: The following Floating Point Exceptions have been reported: FE_INVALID
INFO: The following Floating Point Exceptions have been reported: FE_INVALID
INFO: The following Floating Point Exceptions have been reported: FE_INVALID
INFO: The following Floating Point Exceptions have been reported: FE_INVALID
INFO: The following Floating Point Exceptions have been reported: FE_INVALID
INFO: The following Floating Point Exceptions have been reported: FE_INVALID
INFO: The following Floating Point Exceptions have been reported: FE_INVALID
INFO: The following Floating Point Exceptions have been reported: FE_INVALID
INFO: The following Floating Point Exceptions have been reported: FE_INVALID
INFO: The following Floating Point Exceptions have been reported: FE_INVALID
INFO: The following Floating Point Exceptions have been reported: FE_INVALID
INFO: The following Floating Point Exceptions have been reported: FE_INVALID
INFO: The following Floating Point Exceptions have been reported: FE_INVALID
INFO: The following Floating Point Exceptions have been reported: FE_INVALID
INFO: The following Floating Point Exceptions have been reported: FE_INVALID
INFO: The following Floating Point Exceptions have been reported: FE_INVALID
INFO: The following Floating Point Exceptions have been reported: FE_INVALID
INFO: The following Floating Point Exceptions have been reported: FE_INVALID
INFO: The following Floating Point Exceptions have been reported: FE_INVALID
INFO: The following Floating Point Exceptions have been reported: FE_INVALID
INFO: The following Floating Point Exceptions have been reported: FE_INVALID
INFO: The following Floating Point Exceptions have been reported: FE_INVALID
INFO: The following Floating Point Exceptions have been reported: FE_INVALID
INFO: The following Floating Point Exceptions have been reported: FE_INVALID
INFO: The following Floating Point Exceptions have been reported: FE_INVALID
INFO: The following Floating Point Exceptions have been reported: FE_INVALID
INFO: The following Floating Point Exceptions have been reported: FE_INVALID
INFO: The following Floating Point Exceptions have been reported: FE_INVALID
INFO: The following Floating Point Exceptions have been reported: FE_INVALID
INFO: The following Floating Point Exceptions have been reported: FE_INVALID
INFO: The following Floating Point Exceptions have been reported: FE_INVALID
INFO: The following Floating Point Exceptions have been reported: FE_INVALID
INFO: The following Floating Point Exceptions have been reported: FE_INVALID
INFO: The following Floating Point Exceptions have been reported: FE_INVALID
INFO: The following Floating Point Exceptions have been reported: FE_INVALID
INFO: The following Floating Point Exceptions have been reported: FE_INVALID
INFO: The following Floating Point Exceptions have been reported: FE_INVALID
INFO: The following Floating Point Exceptions have been reported: FE_INVALID
combine_events
[1;34mThe parameter ptonium is not supported anymore. This parameter will be ignored.[0m
[1;34mThe parameter etaonium is not supported anymore. This parameter will be ignored.[0m
store_events
  === Results Summary for run: GridRun_10 tag: tag_1 ===

     Cross-section :   0 +- 0 pb
     Nb of events :  100000
 
decay_events -from_cards
DONE
write ./events.lhe.gz
run 1 finished, total number of produced events: 100000/100000

-rw-r--r--. 1 choij zh 32640349 Aug 28 21:33 events_1.lhe.gz
run finished, produced number of events:
100000
/srv/work/process/madevent /srv/work
************************************************************
*                                                          *
*                      W E L C O M E to                    *
*             M A D G R A P H 5 _ a M C @ N L O            *
*                      M A D E V E N T                     *
*                                                          *
*                 *                       *                *
*                   *        * *        *                  *
*                     * * * * 5 * * * *                    *
*                   *        * *        *                  *
*                 *                       *                *
*                                                          *
*         VERSION 3.5.3_lo_vect                            *
*                                                          *
*    The MadGraph5_aMC@NLO Development Team - Find us at   *
*    https://server06.fynu.ucl.ac.be/projects/madgraph     *
*                                                          *
*               Type 'help' for in-line help.              *
*                                                          *
************************************************************
INFO: load configuration from /srv/work/process/madevent/Cards/me5_configuration.txt  
INFO: load configuration from /srv/work/mgbasedir/input/mg5_configuration.txt  
INFO: load configuration from /srv/work/process/madevent/Cards/me5_configuration.txt  
Using default text editor "vi". Set another one in ./input/mg5_configuration.txt
No valid eps viewer found. Please set in ./input/mg5_configuration.txt
No valid web browser found. Please set in ./input/mg5_configuration.txt
madevent>INFO: Running Systematics computation 
[1;34mThe parameter ptonium is not supported anymore. This parameter will be ignored.[0m
[1;34mThe parameter etaonium is not supported anymore. This parameter will be ignored.[0m
[1;34mThe parameter ptonium is not supported anymore. This parameter will be ignored.[0m
[1;34mThe parameter etaonium is not supported anymore. This parameter will be ignored.[0m
INFO: # Events generated with PDF: NNPDF31_nnlo_as_0118_mc_hessian_pdfas (325300) 
INFO: # Will Compute 926 weights per event. 
INFO: # Currently at event 0 [elapsed time: 0.045 s] 
INFO: # Currently at event 2500 [elapsed time: 70 s] 
INFO: # Currently at event 5000 [elapsed time: 1.4e+02 s] 
INFO: # Currently at event 7500 [elapsed time: 2.1e+02 s] 
INFO: # Currently at event 10000 [elapsed time: 2.8e+02 s] 
INFO: # Currently at event 12500 [elapsed time: 3.4e+02 s] 
INFO: # Currently at event 15000 [elapsed time: 4.1e+02 s] 
INFO: # Currently at event 17500 [elapsed time: 4.8e+02 s] 
INFO: # Currently at event 20000 [elapsed time: 5.5e+02 s] 
INFO: # Currently at event 22500 [elapsed time: 6.2e+02 s] 
INFO: # Currently at event 25000 [elapsed time: 6.9e+02 s] 
INFO: # Currently at event 27500 [elapsed time: 7.6e+02 s] 
INFO: # Currently at event 30000 [elapsed time: 8.3e+02 s] 
INFO: # Currently at event 32500 [elapsed time: 9e+02 s] 
INFO: # Currently at event 35000 [elapsed time: 9.7e+02 s] 
INFO: # Currently at event 37500 [elapsed time: 1e+03 s] 
INFO: # Currently at event 40000 [elapsed time: 1.1e+03 s] 
INFO: # Currently at event 42500 [elapsed time: 1.2e+03 s] 
INFO: # Currently at event 45000 [elapsed time: 1.2e+03 s] 
INFO: # Currently at event 47500 [elapsed time: 1.3e+03 s] 
INFO: # Currently at event 50000 [elapsed time: 1.4e+03 s] 
INFO: # Currently at event 52500 [elapsed time: 1.4e+03 s] 
INFO: # Currently at event 55000 [elapsed time: 1.5e+03 s] 
INFO: # Currently at event 57500 [elapsed time: 1.6e+03 s] 
INFO: # Currently at event 60000 [elapsed time: 1.7e+03 s] 
INFO: # Currently at event 62500 [elapsed time: 1.7e+03 s] 
INFO: # Currently at event 65000 [elapsed time: 1.8e+03 s] 
INFO: # Currently at event 67500 [elapsed time: 1.9e+03 s] 
INFO: # Currently at event 70000 [elapsed time: 1.9e+03 s] 
INFO: # Currently at event 72500 [elapsed time: 2e+03 s] 
INFO: # Currently at event 75000 [elapsed time: 2.1e+03 s] 
INFO: # Currently at event 77500 [elapsed time: 2.1e+03 s] 
INFO: # Currently at event 80000 [elapsed time: 2.2e+03 s] 
INFO: # Currently at event 82500 [elapsed time: 2.3e+03 s] 
INFO: # Currently at event 85000 [elapsed time: 2.3e+03 s] 
INFO: # Currently at event 87500 [elapsed time: 2.4e+03 s] 
INFO: # Currently at event 90000 [elapsed time: 2.5e+03 s] 
INFO: # Currently at event 92500 [elapsed time: 2.5e+03 s] 
INFO: # Currently at event 95000 [elapsed time: 2.6e+03 s] 
INFO: # Currently at event 97500 [elapsed time: 2.7e+03 s] 
INFO: #***************************************************************************
#
# original cross-section: 578.4453500000468
#     scale variation: +58.1% -32.3%
#     emission scale variation: +58.1% -32.3%
#     central scheme variation: + 0% -43.8%
# PDF variation: +1.63e+08% -1.63e+08%
#
#PDF NNPDF31_nnlo_as_0118_mc: 541.234 +54.8% -54.8%
#PDF NNPDF31_nlo_hessian_pdfas: 592.546 +9.69% -9.69%
#PDF NNPDF40_nnlo_pdfas: 568.055 +4.62% -4.62%
#PDF NNPDF40_nnlo_hessian_pdfas: 567.374 +4.61% -4.61%
#PDF NNPDF40_nnlo_pch_as_01180: 569.541 +1.12% -1.12%
#PDF CT18NNLO: 613.084 +6.22% -3.49%
#PDF CT18ZNNLO: 595.564 +4.94% -4.32%
#PDF MSHT20nnlo_as118: 606.92 +4.17% -2.64%
#PDF PDF4LHC21_40_pdfas: 609.893 +7.21% -7.21%
#PDF HERAPDF20_NNLO_EIG: 555.365 +1.29% -5.93%
#PDF ABMP16als118_5_nnlo: 564.266 +3.6% -3.6%
# dynamical scheme # 1 : 423.974 +26.8% -19.9% # \sum ET
# dynamical scheme # 2 : 396.788 +26.3% -19.6% # \sum\sqrt{m^2+pt^2}
# dynamical scheme # 3 : 500.985 +28.8% -20.8% # 0.5 \sum\sqrt{m^2+pt^2}
# dynamical scheme # 4 : 325.196 +24.5% -18.5% # \sqrt{\hat s}
# PDF 263000 : 848.6920010114711
#***************************************************************************
 
INFO: End of systematics computation 
madevent>INFO:  
launch in debug mode
/srv/work

Run xml check
Number of weights that are NaN:
0
All checks passed 

total 3697820
drwxr-xr-x. 17 choij zh       4096 Aug 28 18:04 CMSSW_14_0_9
drwxr-xr-x.  2 choij zh        180 Aug 22 14:08 InputCards
-rw-r--r--.  1 choij zh   73580876 Aug 28 18:04 TT3j_CKM_LO_5f_CUDA_el8_amd64_gcc12_CMSSW_14_0_9_tarball.tar.xz
-rw-r--r--.  1 choij zh 3710319733 Aug 28 22:20 cmsgrid_final.lhe
-rw-r--r--.  1 choij zh    1862155 Aug 28 22:20 evtgen.log
-rw-r--r--.  1 choij zh     339521 Aug 22 14:08 gridpack_generation.log
-rwxr-xr-x.  1 choij zh      11617 Aug 22 14:08 merge.pl
drwxr-xr-x. 14 choij zh       4096 Aug 22 14:08 mgbasedir
drwxr-xr-x.  3 choij zh         36 Aug 28 21:33 process
-rwxr-xr-x.  1 choij zh       8025 Aug 28 18:04 runcmsgrid.sh
