000 (7187349.007.000) 08/26 07:58:31 Job submitted from host: <137.138.44.55:9618?addrs=137.138.44.55-9618+[2001-1458-d00-1a--48]-9618&alias=bigbird17.cern.ch&noUDP&sock=schedd_23962_8474>
...
040 (7187349.007.000) 08/26 16:27:41 Started transferring input files
	Transferring to host: <128.142.248.15:9618?addrs=128.142.248.15-9618+[2001-1458-301-73--100-ff]-9618&alias=b9g23p2723.cern.ch&noUDP&sock=slot1_20_3961800_404a_9446>
...
040 (7187349.007.000) 08/26 16:27:41 Finished transferring input files
...
001 (7187349.007.000) 08/26 16:27:42 Job executing on host: <128.142.248.15:9618?addrs=128.142.248.15-9618+[2001-1458-301-73--100-ff]-9618&alias=b9g23p2723.cern.ch&noUDP&sock=startd_5130_54ef>
	SlotName: slot1_20@b9g23p2723.cern.ch
	CondorScratchDir = "/pool/condor/dir_835900"
	Cpus = 1
	Disk = 2964503
	Memory = 2000
...
006 (7187349.007.000) 08/26 16:27:51 Image size of job updated: 822280
	803  -  MemoryUsage of job (MB)
	822220  -  ResidentSetSize of job (KB)
...
006 (7187349.007.000) 08/26 16:32:52 Image size of job updated: 1002848
	808  -  MemoryUsage of job (MB)
	826424  -  ResidentSetSize of job (KB)
...
006 (7187349.007.000) 08/26 17:02:55 Image size of job updated: 1002848
	808  -  MemoryUsage of job (MB)
	827220  -  ResidentSetSize of job (KB)
...
006 (7187349.007.000) 08/26 17:07:56 Image size of job updated: 1002848
	819  -  MemoryUsage of job (MB)
	837728  -  ResidentSetSize of job (KB)
...
006 (7187349.007.000) 08/26 17:12:56 Image size of job updated: 1002848
	826  -  MemoryUsage of job (MB)
	844832  -  ResidentSetSize of job (KB)
...
006 (7187349.007.000) 08/26 17:17:57 Image size of job updated: 1002848
	859  -  MemoryUsage of job (MB)
	878992  -  ResidentSetSize of job (KB)
...
006 (7187349.007.000) 08/26 17:22:57 Image size of job updated: 1002848
	895  -  MemoryUsage of job (MB)
	915816  -  ResidentSetSize of job (KB)
...
006 (7187349.007.000) 08/26 17:27:58 Image size of job updated: 1002848
	948  -  MemoryUsage of job (MB)
	970016  -  ResidentSetSize of job (KB)
...
006 (7187349.007.000) 08/26 17:32:58 Image size of job updated: 1002848
	960  -  MemoryUsage of job (MB)
	982664  -  ResidentSetSize of job (KB)
...
006 (7187349.007.000) 08/26 17:38:00 Image size of job updated: 1015424
	976  -  MemoryUsage of job (MB)
	999204  -  ResidentSetSize of job (KB)
...
006 (7187349.007.000) 08/26 17:43:00 Image size of job updated: 1020744
	978  -  MemoryUsage of job (MB)
	1001312  -  ResidentSetSize of job (KB)
...
006 (7187349.007.000) 08/26 17:48:01 Image size of job updated: 1113280
	1069  -  MemoryUsage of job (MB)
	1094460  -  ResidentSetSize of job (KB)
...
006 (7187349.007.000) 08/26 17:53:01 Image size of job updated: 1116964
	1084  -  MemoryUsage of job (MB)
	1109416  -  ResidentSetSize of job (KB)
...
006 (7187349.007.000) 08/26 17:58:02 Image size of job updated: 1130264
	1084  -  MemoryUsage of job (MB)
	1109416  -  ResidentSetSize of job (KB)
...
006 (7187349.007.000) 08/26 18:03:02 Image size of job updated: 1141628
	1105  -  MemoryUsage of job (MB)
	1131260  -  ResidentSetSize of job (KB)
...
006 (7187349.007.000) 08/26 18:08:03 Image size of job updated: 1151948
	1117  -  MemoryUsage of job (MB)
	1142872  -  ResidentSetSize of job (KB)
...
006 (7187349.007.000) 08/26 18:13:03 Image size of job updated: 1166488
	1128  -  MemoryUsage of job (MB)
	1154584  -  ResidentSetSize of job (KB)
...
006 (7187349.007.000) 08/26 18:18:04 Image size of job updated: 1171448
	1135  -  MemoryUsage of job (MB)
	1162188  -  ResidentSetSize of job (KB)
...
006 (7187349.007.000) 08/26 18:23:04 Image size of job updated: 1183304
	1143  -  MemoryUsage of job (MB)
	1169944  -  ResidentSetSize of job (KB)
...
006 (7187349.007.000) 08/26 18:28:05 Image size of job updated: 1202336
	1162  -  MemoryUsage of job (MB)
	1189104  -  ResidentSetSize of job (KB)
...
006 (7187349.007.000) 08/26 18:33:05 Image size of job updated: 1223368
	1180  -  MemoryUsage of job (MB)
	1207432  -  ResidentSetSize of job (KB)
...
006 (7187349.007.000) 08/26 18:38:06 Image size of job updated: 1224912
	1190  -  MemoryUsage of job (MB)
	1218388  -  ResidentSetSize of job (KB)
...
006 (7187349.007.000) 08/26 18:43:06 Image size of job updated: 1238196
	1201  -  MemoryUsage of job (MB)
	1229684  -  ResidentSetSize of job (KB)
...
006 (7187349.007.000) 08/26 18:48:07 Image size of job updated: 1251756
	1216  -  MemoryUsage of job (MB)
	1244964  -  ResidentSetSize of job (KB)
...
006 (7187349.007.000) 08/26 18:53:07 Image size of job updated: 1260676
	1224  -  MemoryUsage of job (MB)
	1253200  -  ResidentSetSize of job (KB)
...
006 (7187349.007.000) 08/26 18:58:08 Image size of job updated: 1285668
	1229  -  MemoryUsage of job (MB)
	1258160  -  ResidentSetSize of job (KB)
...
006 (7187349.007.000) 08/26 19:03:09 Image size of job updated: 1285668
	1242  -  MemoryUsage of job (MB)
	1271484  -  ResidentSetSize of job (KB)
...
006 (7187349.007.000) 08/26 19:08:09 Image size of job updated: 1292572
	1255  -  MemoryUsage of job (MB)
	1284840  -  ResidentSetSize of job (KB)
...
006 (7187349.007.000) 08/26 19:13:10 Image size of job updated: 1297412
	1255  -  MemoryUsage of job (MB)
	1284840  -  ResidentSetSize of job (KB)
...
006 (7187349.007.000) 08/26 19:18:10 Image size of job updated: 1301452
	1259  -  MemoryUsage of job (MB)
	1288328  -  ResidentSetSize of job (KB)
...
006 (7187349.007.000) 08/26 19:23:10 Image size of job updated: 1312052
	1266  -  MemoryUsage of job (MB)
	1296072  -  ResidentSetSize of job (KB)
...
006 (7187349.007.000) 08/26 19:28:10 Image size of job updated: 1312052
	1270  -  MemoryUsage of job (MB)
	1299800  -  ResidentSetSize of job (KB)
...
006 (7187349.007.000) 08/26 19:33:11 Image size of job updated: 1316064
	1270  -  MemoryUsage of job (MB)
	1300280  -  ResidentSetSize of job (KB)
...
006 (7187349.007.000) 08/26 19:38:11 Image size of job updated: 1316220
	1283  -  MemoryUsage of job (MB)
	1313792  -  ResidentSetSize of job (KB)
...
006 (7187349.007.000) 08/26 19:43:12 Image size of job updated: 1318656
	1284  -  MemoryUsage of job (MB)
	1314048  -  ResidentSetSize of job (KB)
...
006 (7187349.007.000) 08/26 19:53:13 Image size of job updated: 1322664
	1284  -  MemoryUsage of job (MB)
	1314048  -  ResidentSetSize of job (KB)
...
006 (7187349.007.000) 08/26 20:08:14 Image size of job updated: 1322664
	1284  -  MemoryUsage of job (MB)
	1314484  -  ResidentSetSize of job (KB)
...
006 (7187349.007.000) 08/26 20:13:15 Image size of job updated: 1328616
	1287  -  MemoryUsage of job (MB)
	1317028  -  ResidentSetSize of job (KB)
...
006 (7187349.007.000) 08/26 20:18:15 Image size of job updated: 1328616
	1287  -  MemoryUsage of job (MB)
	1317660  -  ResidentSetSize of job (KB)
...
006 (7187349.007.000) 08/26 20:23:16 Image size of job updated: 1328616
	1288  -  MemoryUsage of job (MB)
	1318908  -  ResidentSetSize of job (KB)
...
006 (7187349.007.000) 08/26 20:28:16 Image size of job updated: 1328616
	1290  -  MemoryUsage of job (MB)
	1320328  -  ResidentSetSize of job (KB)
...
006 (7187349.007.000) 08/26 20:33:17 Image size of job updated: 1330784
	1292  -  MemoryUsage of job (MB)
	1322924  -  ResidentSetSize of job (KB)
...
006 (7187349.007.000) 08/26 20:38:17 Image size of job updated: 1330784
	1293  -  MemoryUsage of job (MB)
	1323192  -  ResidentSetSize of job (KB)
...
006 (7187349.007.000) 08/26 20:43:18 Image size of job updated: 1333672
	1294  -  MemoryUsage of job (MB)
	1324784  -  ResidentSetSize of job (KB)
...
006 (7187349.007.000) 08/26 20:48:19 Image size of job updated: 1333672
	1297  -  MemoryUsage of job (MB)
	1327692  -  ResidentSetSize of job (KB)
...
006 (7187349.007.000) 08/26 20:53:19 Image size of job updated: 1334344
	1303  -  MemoryUsage of job (MB)
	1334228  -  ResidentSetSize of job (KB)
...
006 (7187349.007.000) 08/26 20:58:20 Image size of job updated: 1340696
	1303  -  MemoryUsage of job (MB)
	1334228  -  ResidentSetSize of job (KB)
...
006 (7187349.007.000) 08/26 21:18:22 Image size of job updated: 1340948
	1303  -  MemoryUsage of job (MB)
	1334228  -  ResidentSetSize of job (KB)
...
006 (7187349.007.000) 08/26 21:23:22 Image size of job updated: 1340948
	1307  -  MemoryUsage of job (MB)
	1337960  -  ResidentSetSize of job (KB)
...
006 (7187349.007.000) 08/27 06:34:17 Image size of job updated: 1546332
	1476  -  MemoryUsage of job (MB)
	1510884  -  ResidentSetSize of job (KB)
...
006 (7187349.007.000) 08/27 06:39:18 Image size of job updated: 1746640
	1647  -  MemoryUsage of job (MB)
	1686116  -  ResidentSetSize of job (KB)
...
006 (7187349.007.000) 08/27 06:44:18 Image size of job updated: 1755024
	1705  -  MemoryUsage of job (MB)
	1745300  -  ResidentSetSize of job (KB)
...
006 (7187349.007.000) 08/27 06:49:19 Image size of job updated: 1824944
	1783  -  MemoryUsage of job (MB)
	1824944  -  ResidentSetSize of job (KB)
...
006 (7187349.007.000) 08/27 06:54:19 Image size of job updated: 3661740
	3576  -  MemoryUsage of job (MB)
	3661740  -  ResidentSetSize of job (KB)
...
006 (7187349.007.000) 08/27 06:59:20 Image size of job updated: 3911048
	3820  -  MemoryUsage of job (MB)
	3911048  -  ResidentSetSize of job (KB)
...
006 (7187349.007.000) 08/27 07:04:20 Image size of job updated: 4112124
	4016  -  MemoryUsage of job (MB)
	4112124  -  ResidentSetSize of job (KB)
...
006 (7187349.007.000) 08/27 07:09:21 Image size of job updated: 4314796
	4214  -  MemoryUsage of job (MB)
	4314796  -  ResidentSetSize of job (KB)
...
006 (7187349.007.000) 08/27 07:14:21 Image size of job updated: 4547216
	4441  -  MemoryUsage of job (MB)
	4547216  -  ResidentSetSize of job (KB)
...
006 (7187349.007.000) 08/27 07:19:22 Image size of job updated: 4736572
	4626  -  MemoryUsage of job (MB)
	4736572  -  ResidentSetSize of job (KB)
...
006 (7187349.007.000) 08/27 07:24:22 Image size of job updated: 4946220
	4831  -  MemoryUsage of job (MB)
	4946220  -  ResidentSetSize of job (KB)
...
006 (7187349.007.000) 08/27 07:29:23 Image size of job updated: 5157256
	5037  -  MemoryUsage of job (MB)
	5157256  -  ResidentSetSize of job (KB)
...
006 (7187349.007.000) 08/27 07:34:23 Image size of job updated: 5349400
	5225  -  MemoryUsage of job (MB)
	5349400  -  ResidentSetSize of job (KB)
...
006 (7187349.007.000) 08/27 07:39:24 Image size of job updated: 5580960
	5451  -  MemoryUsage of job (MB)
	5580956  -  ResidentSetSize of job (KB)
...
006 (7187349.007.000) 08/27 07:44:24 Image size of job updated: 5786728
	5651  -  MemoryUsage of job (MB)
	5786308  -  ResidentSetSize of job (KB)
...
006 (7187349.007.000) 08/27 07:49:25 Image size of job updated: 5986536
	5847  -  MemoryUsage of job (MB)
	5986536  -  ResidentSetSize of job (KB)
...
006 (7187349.007.000) 08/27 07:54:25 Image size of job updated: 6187368
	6043  -  MemoryUsage of job (MB)
	6187368  -  ResidentSetSize of job (KB)
...
006 (7187349.007.000) 08/27 07:59:26 Image size of job updated: 6396988
	6248  -  MemoryUsage of job (MB)
	6396988  -  ResidentSetSize of job (KB)
...
006 (7187349.007.000) 08/27 08:04:26 Image size of job updated: 6624360
	6470  -  MemoryUsage of job (MB)
	6624360  -  ResidentSetSize of job (KB)
...
006 (7187349.007.000) 08/27 08:09:28 Image size of job updated: 6831296
	6672  -  MemoryUsage of job (MB)
	6831296  -  ResidentSetSize of job (KB)
...
006 (7187349.007.000) 08/27 08:14:28 Image size of job updated: 7038360
	6874  -  MemoryUsage of job (MB)
	7038360  -  ResidentSetSize of job (KB)
...
006 (7187349.007.000) 08/27 08:18:16 Image size of job updated: 7151264
	6874  -  MemoryUsage of job (MB)
	7038616  -  ResidentSetSize of job (KB)
...
040 (7187349.007.000) 08/27 08:18:18 Started transferring output files
...
040 (7187349.007.000) 08/27 08:18:18 Finished transferring output files
...
005 (7187349.007.000) 08/27 08:18:18 Job terminated.
	(1) Normal termination (return value 50)
		Usr 0 15:35:35, Sys 0 00:02:55  -  Run Remote Usage
		Usr 0 00:00:00, Sys 0 00:00:00  -  Run Local Usage
		Usr 0 15:35:35, Sys 0 00:02:55  -  Total Remote Usage
		Usr 0 00:00:00, Sys 0 00:00:00  -  Total Local Usage
	77740  -  Run Bytes Sent By Job
	2949  -  Run Bytes Received By Job
	77740  -  Total Bytes Sent By Job
	2949  -  Total Bytes Received By Job
	Partitionable Resources :      Usage  Request Allocated 
	   Cpus                 :       1.00        1         1 
	   Disk (KB)            : 4003131           3   2964503 
	   Memory (MB)          :    6874        2000      2000 

	Job terminated of its own accord at 2024-08-27T06:18:16Z with exit-code 50.
...
