000 (7187277.004.000) 08/26 07:55:34 Job submitted from host: <137.138.44.55:9618?addrs=137.138.44.55-9618+[2001-1458-d00-1a--48]-9618&alias=bigbird17.cern.ch&noUDP&sock=schedd_23962_8474>
...
040 (7187277.004.000) 08/26 12:26:02 Started transferring input files
	Transferring to host: <128.142.248.94:9618?addrs=128.142.248.94-9618+[2001-1458-301-73--100-14e]-9618&alias=b9g23p2790.cern.ch&noUDP&sock=slot1_14_5757_13c3_10296>
...
040 (7187277.004.000) 08/26 12:26:02 Finished transferring input files
...
001 (7187277.004.000) 08/26 12:26:03 Job executing on host: <128.142.248.94:9618?addrs=128.142.248.94-9618+[2001-1458-301-73--100-14e]-9618&alias=b9g23p2790.cern.ch&noUDP&sock=startd_4576_5577>
	SlotName: slot1_14@b9g23p2790.cern.ch
	CondorScratchDir = "/pool/condor/dir_4011688"
	Cpus = 1
	Disk = 2947883
	Memory = 2000
...
006 (7187277.004.000) 08/26 12:26:13 Image size of job updated: 991520
	538  -  MemoryUsage of job (MB)
	550516  -  ResidentSetSize of job (KB)
...
006 (7187277.004.000) 08/26 12:31:13 Image size of job updated: 991520
	925  -  MemoryUsage of job (MB)
	946208  -  ResidentSetSize of job (KB)
...
006 (7187277.004.000) 08/26 12:36:13 Image size of job updated: 1310604
	1273  -  MemoryUsage of job (MB)
	1302628  -  ResidentSetSize of job (KB)
...
006 (7187277.004.000) 08/26 12:41:14 Image size of job updated: 1441632
	1353  -  MemoryUsage of job (MB)
	1384544  -  ResidentSetSize of job (KB)
...
006 (7187277.004.000) 08/26 12:46:14 Image size of job updated: 1704388
	1646  -  MemoryUsage of job (MB)
	1684504  -  ResidentSetSize of job (KB)
...
006 (7187277.004.000) 08/26 12:51:16 Image size of job updated: 2018984
	1972  -  MemoryUsage of job (MB)
	2018984  -  ResidentSetSize of job (KB)
...
006 (7187277.004.000) 08/26 12:56:16 Image size of job updated: 2040480
	1985  -  MemoryUsage of job (MB)
	2031904  -  ResidentSetSize of job (KB)
...
006 (7187277.004.000) 08/26 13:01:16 Image size of job updated: 3613052
	3529  -  MemoryUsage of job (MB)
	3613048  -  ResidentSetSize of job (KB)
...
006 (7187277.004.000) 08/26 13:06:17 Image size of job updated: 3942256
	3850  -  MemoryUsage of job (MB)
	3942256  -  ResidentSetSize of job (KB)
...
006 (7187277.004.000) 08/26 13:11:17 Image size of job updated: 4316048
	4215  -  MemoryUsage of job (MB)
	4316048  -  ResidentSetSize of job (KB)
...
006 (7187277.004.000) 08/26 13:16:19 Image size of job updated: 4665852
	4557  -  MemoryUsage of job (MB)
	4665852  -  ResidentSetSize of job (KB)
...
006 (7187277.004.000) 08/26 13:21:19 Image size of job updated: 5014740
	4898  -  MemoryUsage of job (MB)
	5014740  -  ResidentSetSize of job (KB)
...
006 (7187277.004.000) 08/26 13:26:19 Image size of job updated: 5350360
	5225  -  MemoryUsage of job (MB)
	5350356  -  ResidentSetSize of job (KB)
...
006 (7187277.004.000) 08/26 13:31:20 Image size of job updated: 5694032
	5561  -  MemoryUsage of job (MB)
	5694032  -  ResidentSetSize of job (KB)
...
006 (7187277.004.000) 08/26 13:36:20 Image size of job updated: 6032444
	5892  -  MemoryUsage of job (MB)
	6032444  -  ResidentSetSize of job (KB)
...
006 (7187277.004.000) 08/26 13:41:21 Image size of job updated: 6423172
	6273  -  MemoryUsage of job (MB)
	6423172  -  ResidentSetSize of job (KB)
...
006 (7187277.004.000) 08/26 13:46:21 Image size of job updated: 6726272
	6569  -  MemoryUsage of job (MB)
	6726272  -  ResidentSetSize of job (KB)
...
006 (7187277.004.000) 08/26 13:51:21 Image size of job updated: 7033584
	6869  -  MemoryUsage of job (MB)
	7033584  -  ResidentSetSize of job (KB)
...
006 (7187277.004.000) 08/26 13:53:35 Image size of job updated: 7108288
	6869  -  MemoryUsage of job (MB)
	7033584  -  ResidentSetSize of job (KB)
...
040 (7187277.004.000) 08/26 13:53:35 Started transferring output files
...
040 (7187277.004.000) 08/26 13:53:35 Finished transferring output files
...
005 (7187277.004.000) 08/26 13:53:35 Job terminated.
	(1) Normal termination (return value 50)
		Usr 0 01:25:19, Sys 0 00:01:58  -  Run Remote Usage
		Usr 0 00:00:00, Sys 0 00:00:00  -  Run Local Usage
		Usr 0 01:25:19, Sys 0 00:01:58  -  Total Remote Usage
		Usr 0 00:00:00, Sys 0 00:00:00  -  Total Local Usage
	42089  -  Run Bytes Sent By Job
	2914  -  Run Bytes Received By Job
	42089  -  Total Bytes Sent By Job
	2914  -  Total Bytes Received By Job
	Partitionable Resources :      Usage  Request Allocated 
	   Cpus                 :       1.00        1         1 
	   Disk (KB)            : 4029090           3   2947883 
	   Memory (MB)          :    6869        2000      2000 

	Job terminated of its own accord at 2024-08-26T11:53:35Z with exit-code 50.
...
