000 (7187277.000.000) 08/26 07:55:34 Job submitted from host: <137.138.44.55:9618?addrs=137.138.44.55-9618+[2001-1458-d00-1a--48]-9618&alias=bigbird17.cern.ch&noUDP&sock=schedd_23962_8474>
...
040 (7187277.000.000) 08/26 12:21:41 Started transferring input files
	Transferring to host: <128.142.248.15:9618?addrs=128.142.248.15-9618+[2001-1458-301-73--100-ff]-9618&alias=b9g23p2723.cern.ch&noUDP&sock=slot1_4_3961800_404a_9269>
...
040 (7187277.000.000) 08/26 12:21:41 Finished transferring input files
...
001 (7187277.000.000) 08/26 12:21:42 Job executing on host: <128.142.248.15:9618?addrs=128.142.248.15-9618+[2001-1458-301-73--100-ff]-9618&alias=b9g23p2723.cern.ch&noUDP&sock=startd_5130_54ef>
	SlotName: slot1_4@b9g23p2723.cern.ch
	CondorScratchDir = "/pool/condor/dir_4042596"
	Cpus = 1
	Disk = 2989884
	Memory = 2000
...
006 (7187277.000.000) 08/26 12:21:51 Image size of job updated: 907916
	887  -  MemoryUsage of job (MB)
	907796  -  ResidentSetSize of job (KB)
...
006 (7187277.000.000) 08/26 12:26:51 Image size of job updated: 997740
	888  -  MemoryUsage of job (MB)
	908816  -  ResidentSetSize of job (KB)
...
006 (7187277.000.000) 08/26 12:31:51 Image size of job updated: 1089396
	1043  -  MemoryUsage of job (MB)
	1067248  -  ResidentSetSize of job (KB)
...
006 (7187277.000.000) 08/26 12:36:52 Image size of job updated: 1336028
	1300  -  MemoryUsage of job (MB)
	1330856  -  ResidentSetSize of job (KB)
...
006 (7187277.000.000) 08/26 12:41:52 Image size of job updated: 1668732
	1606  -  MemoryUsage of job (MB)
	1644244  -  ResidentSetSize of job (KB)
...
006 (7187277.000.000) 08/26 12:46:53 Image size of job updated: 1837332
	1778  -  MemoryUsage of job (MB)
	1820340  -  ResidentSetSize of job (KB)
...
006 (7187277.000.000) 08/26 12:51:53 Image size of job updated: 2038000
	1972  -  MemoryUsage of job (MB)
	2018636  -  ResidentSetSize of job (KB)
...
006 (7187277.000.000) 08/26 12:56:55 Image size of job updated: 2190488
	2123  -  MemoryUsage of job (MB)
	2173384  -  ResidentSetSize of job (KB)
...
006 (7187277.000.000) 08/26 13:01:55 Image size of job updated: 2254008
	2152  -  MemoryUsage of job (MB)
	2203384  -  ResidentSetSize of job (KB)
...
006 (7187277.000.000) 08/26 13:06:55 Image size of job updated: 2272804
	2220  -  MemoryUsage of job (MB)
	2272804  -  ResidentSetSize of job (KB)
...
006 (7187277.000.000) 08/26 13:11:56 Image size of job updated: 4849960
	4737  -  MemoryUsage of job (MB)
	4849960  -  ResidentSetSize of job (KB)
...
006 (7187277.000.000) 08/26 13:16:56 Image size of job updated: 5123216
	5004  -  MemoryUsage of job (MB)
	5123216  -  ResidentSetSize of job (KB)
...
006 (7187277.000.000) 08/26 13:21:57 Image size of job updated: 5397240
	5271  -  MemoryUsage of job (MB)
	5397240  -  ResidentSetSize of job (KB)
...
006 (7187277.000.000) 08/26 13:26:57 Image size of job updated: 5667396
	5535  -  MemoryUsage of job (MB)
	5667396  -  ResidentSetSize of job (KB)
...
006 (7187277.000.000) 08/26 13:31:58 Image size of job updated: 5937272
	5799  -  MemoryUsage of job (MB)
	5937272  -  ResidentSetSize of job (KB)
...
006 (7187277.000.000) 08/26 13:36:58 Image size of job updated: 6208500
	6063  -  MemoryUsage of job (MB)
	6208500  -  ResidentSetSize of job (KB)
...
006 (7187277.000.000) 08/26 13:41:58 Image size of job updated: 6484948
	6333  -  MemoryUsage of job (MB)
	6484948  -  ResidentSetSize of job (KB)
...
006 (7187277.000.000) 08/26 13:46:59 Image size of job updated: 6674252
	6333  -  MemoryUsage of job (MB)
	6484948  -  ResidentSetSize of job (KB)
...
006 (7187277.000.000) 08/26 14:02:00 Image size of job updated: 6674252
	6455  -  MemoryUsage of job (MB)
	6609352  -  ResidentSetSize of job (KB)
...
006 (7187277.000.000) 08/26 14:07:01 Image size of job updated: 6875012
	6714  -  MemoryUsage of job (MB)
	6875012  -  ResidentSetSize of job (KB)
...
006 (7187277.000.000) 08/26 14:12:01 Image size of job updated: 7135180
	6968  -  MemoryUsage of job (MB)
	7135180  -  ResidentSetSize of job (KB)
...
006 (7187277.000.000) 08/26 14:17:01 Image size of job updated: 7353804
	6968  -  MemoryUsage of job (MB)
	7135180  -  ResidentSetSize of job (KB)
...
040 (7187277.000.000) 08/26 14:17:58 Started transferring output files
...
040 (7187277.000.000) 08/26 14:17:58 Finished transferring output files
...
005 (7187277.000.000) 08/26 14:17:58 Job terminated.
	(1) Normal termination (return value 50)
		Usr 0 01:52:22, Sys 0 00:02:06  -  Run Remote Usage
		Usr 0 00:00:00, Sys 0 00:00:00  -  Run Local Usage
		Usr 0 01:52:22, Sys 0 00:02:06  -  Total Remote Usage
		Usr 0 00:00:00, Sys 0 00:00:00  -  Total Local Usage
	42095  -  Run Bytes Sent By Job
	2914  -  Run Bytes Received By Job
	42095  -  Total Bytes Sent By Job
	2914  -  Total Bytes Received By Job
	Partitionable Resources :      Usage  Request Allocated 
	   Cpus                 :       0.99        1         1 
	   Disk (KB)            : 3962422           3   2989884 
	   Memory (MB)          :    6968        2000      2000 

	Job terminated of its own accord at 2024-08-26T12:17:58Z with exit-code 50.
...
