000 (7187327.007.000) 08/26 07:57:06 Job submitted from host: <137.138.44.55:9618?addrs=137.138.44.55-9618+[2001-1458-d00-1a--48]-9618&alias=bigbird17.cern.ch&noUDP&sock=schedd_23962_8474>
...
040 (7187327.007.000) 08/28 22:24:38 Started transferring input files
	Transferring to host: <188.185.92.203:9618?addrs=188.185.92.203-9618+[2001-1458-d00-6c--100-2c0]-9618&alias=b9g57n2077.cern.ch&noUDP&sock=slot1_1_183059_602d_64136>
...
040 (7187327.007.000) 08/28 22:24:38 Finished transferring input files
...
001 (7187327.007.000) 08/28 22:24:39 Job executing on host: <188.185.92.203:9618?addrs=188.185.92.203-9618+[2001-1458-d00-6c--100-2c0]-9618&alias=b9g57n2077.cern.ch&noUDP&sock=startd_153346_2e01>
	SlotName: slot1_1@b9g57n2077.cern.ch
	AvailableGPUs = { GPUs_GPU_f7b29eb4 }
	CondorScratchDir = "/pool/condor/dir_3064219"
	Cpus = 1
	Disk = 337736
	GPUs = 1
	GPUs_GPU_f7b29eb4 = [ GlobalMemoryMb = 40326; MaxSupportedVersion = 12040; DriverVersion = 12.4; DeviceUuid = "f7b29eb4-a8a4-2aa2-9117-94b506dacb04"; DeviceName = "NVIDIA A100-PCIE-40GB"; CoresPerCU = 64; ECCEnabled = true; ComputeUnits = 108; ClockMhz = 1410.0; Id = "GPU-f7b29eb4"; DevicePciBusId = "0000:06:00.0"; Capability = 8.0 ]
	Memory = 2000
...
006 (7187327.007.000) 08/28 22:24:49 Image size of job updated: 1100852
	620  -  MemoryUsage of job (MB)
	634268  -  ResidentSetSize of job (KB)
...
006 (7187327.007.000) 08/28 22:29:49 Image size of job updated: 1388604
	895  -  MemoryUsage of job (MB)
	916272  -  ResidentSetSize of job (KB)
...
006 (7187327.007.000) 08/28 22:34:49 Image size of job updated: 2305900
	2252  -  MemoryUsage of job (MB)
	2305900  -  ResidentSetSize of job (KB)
...
006 (7187327.007.000) 08/28 22:39:50 Image size of job updated: 3446388
	2381  -  MemoryUsage of job (MB)
	2437188  -  ResidentSetSize of job (KB)
...
006 (7187327.007.000) 08/28 22:44:50 Image size of job updated: 3608272
	3174  -  MemoryUsage of job (MB)
	3249184  -  ResidentSetSize of job (KB)
...
006 (7187327.007.000) 08/28 22:49:51 Image size of job updated: 3729504
	3291  -  MemoryUsage of job (MB)
	3369900  -  ResidentSetSize of job (KB)
...
006 (7187327.007.000) 08/28 22:54:51 Image size of job updated: 3853852
	3413  -  MemoryUsage of job (MB)
	3494412  -  ResidentSetSize of job (KB)
...
006 (7187327.007.000) 08/28 22:59:52 Image size of job updated: 4011380
	3413  -  MemoryUsage of job (MB)
	3494412  -  ResidentSetSize of job (KB)
...
006 (7187327.007.000) 08/28 23:04:52 Image size of job updated: 4072804
	3413  -  MemoryUsage of job (MB)
	3494412  -  ResidentSetSize of job (KB)
...
006 (7187327.007.000) 08/28 23:09:53 Image size of job updated: 4269976
	4170  -  MemoryUsage of job (MB)
	4269976  -  ResidentSetSize of job (KB)
...
006 (7187327.007.000) 08/28 23:14:53 Image size of job updated: 4419360
	4171  -  MemoryUsage of job (MB)
	4270232  -  ResidentSetSize of job (KB)
...
006 (7187327.007.000) 08/28 23:19:53 Image size of job updated: 4546976
	4171  -  MemoryUsage of job (MB)
	4270232  -  ResidentSetSize of job (KB)
...
006 (7187327.007.000) 08/28 23:24:54 Image size of job updated: 4704620
	4171  -  MemoryUsage of job (MB)
	4270232  -  ResidentSetSize of job (KB)
...
006 (7187327.007.000) 08/28 23:29:54 Image size of job updated: 4896476
	4781  -  MemoryUsage of job (MB)
	4895676  -  ResidentSetSize of job (KB)
...
006 (7187327.007.000) 08/28 23:34:56 Image size of job updated: 5106636
	4781  -  MemoryUsage of job (MB)
	4895676  -  ResidentSetSize of job (KB)
...
006 (7187327.007.000) 08/28 23:39:56 Image size of job updated: 5141260
	4781  -  MemoryUsage of job (MB)
	4895676  -  ResidentSetSize of job (KB)
...
006 (7187327.007.000) 08/28 23:44:56 Image size of job updated: 5396648
	4781  -  MemoryUsage of job (MB)
	4895676  -  ResidentSetSize of job (KB)
...
006 (7187327.007.000) 08/28 23:54:57 Image size of job updated: 7428060
	7254  -  MemoryUsage of job (MB)
	7428060  -  ResidentSetSize of job (KB)
...
006 (7187327.007.000) 08/28 23:56:49 Image size of job updated: 7569920
	7254  -  MemoryUsage of job (MB)
	7428060  -  ResidentSetSize of job (KB)
...
040 (7187327.007.000) 08/28 23:56:49 Started transferring output files
...
040 (7187327.007.000) 08/28 23:56:50 Finished transferring output files
...
005 (7187327.007.000) 08/28 23:56:50 Job terminated.
	(1) Normal termination (return value 50)
		Usr 0 01:14:30, Sys 0 00:13:03  -  Run Remote Usage
		Usr 0 00:00:00, Sys 0 00:00:00  -  Run Local Usage
		Usr 0 01:14:30, Sys 0 00:13:03  -  Total Remote Usage
		Usr 0 00:00:00, Sys 0 00:00:00  -  Total Local Usage
	51483  -  Run Bytes Sent By Job
	2956  -  Run Bytes Received By Job
	51483  -  Total Bytes Sent By Job
	2956  -  Total Bytes Received By Job
	Partitionable Resources :     Usage  Request Allocated Assigned
	   Cpus                 :      1.00        1         1 
	   Disk (KB)            : 977002           3    337736 
	   Gpus (Average)       :      0.08        1         1 "GPU-f7b29eb4"
	   GpusMemory (MB)      :   6687                       
	   Memory (MB)          :   7254        2000      2000 

	Job terminated of its own accord at 2024-08-28T21:56:49Z with exit-code 50.
...
