000 (7187268.001.000) 08/26 07:55:24 Job submitted from host: <137.138.44.55:9618?addrs=137.138.44.55-9618+[2001-1458-d00-1a--48]-9618&alias=bigbird17.cern.ch&noUDP&sock=schedd_23962_8474>
...
040 (7187268.001.000) 08/26 11:43:16 Started transferring input files
	Transferring to host: <128.142.248.197:9618?addrs=128.142.248.197-9618+[2001-1458-301-73--100-c4]-9618&alias=b9g23p2961.cern.ch&noUDP&sock=slot1_17_7499_794a_4816>
...
040 (7187268.001.000) 08/26 11:43:16 Finished transferring input files
...
001 (7187268.001.000) 08/26 11:43:17 Job executing on host: <128.142.248.197:9618?addrs=128.142.248.197-9618+[2001-1458-301-73--100-c4]-9618&alias=b9g23p2961.cern.ch&noUDP&sock=startd_5911_0866>
	SlotName: slot1_17@b9g23p2961.cern.ch
	CondorScratchDir = "/pool/condor/dir_2462270"
	Cpus = 1
	Disk = 3057399
	Memory = 2000
...
006 (7187268.001.000) 08/26 11:43:25 Image size of job updated: 525632
	513  -  MemoryUsage of job (MB)
	525260  -  ResidentSetSize of job (KB)
...
006 (7187268.001.000) 08/26 11:48:25 Image size of job updated: 1029448
	981  -  MemoryUsage of job (MB)
	1004040  -  ResidentSetSize of job (KB)
...
006 (7187268.001.000) 08/26 11:53:26 Image size of job updated: 1409020
	1362  -  MemoryUsage of job (MB)
	1394244  -  ResidentSetSize of job (KB)
...
006 (7187268.001.000) 08/26 11:58:26 Image size of job updated: 1618152
	1549  -  MemoryUsage of job (MB)
	1585184  -  ResidentSetSize of job (KB)
...
006 (7187268.001.000) 08/26 12:03:13 Image size of job updated: 3963008
	1549  -  MemoryUsage of job (MB)
	1585184  -  ResidentSetSize of job (KB)
...
040 (7187268.001.000) 08/26 12:03:13 Started transferring output files
...
040 (7187268.001.000) 08/26 12:03:13 Finished transferring output files
...
005 (7187268.001.000) 08/26 12:03:13 Job terminated.
	(1) Normal termination (return value 50)
		Usr 0 00:18:50, Sys 0 00:00:55  -  Run Remote Usage
		Usr 0 00:00:00, Sys 0 00:00:00  -  Run Local Usage
		Usr 0 00:18:50, Sys 0 00:00:55  -  Total Remote Usage
		Usr 0 00:00:00, Sys 0 00:00:00  -  Total Local Usage
	16510  -  Run Bytes Sent By Job
	2930  -  Run Bytes Received By Job
	16510  -  Total Bytes Sent By Job
	2930  -  Total Bytes Received By Job
	Partitionable Resources :      Usage  Request Allocated 
	   Cpus                 :       1.00        1         1 
	   Disk (KB)            : 1481579           3   3057399 
	   Memory (MB)          :    1549        2000      2000 

	Job terminated of its own accord at 2024-08-26T10:03:13Z with exit-code 50.
...
