000 (7187268.007.000) 08/26 07:55:24 Job submitted from host: <137.138.44.55:9618?addrs=137.138.44.55-9618+[2001-1458-d00-1a--48]-9618&alias=bigbird17.cern.ch&noUDP&sock=schedd_23962_8474>
...
040 (7187268.007.000) 08/26 11:43:18 Started transferring input files
	Transferring to host: <128.142.248.197:9618?addrs=128.142.248.197-9618+[2001-1458-301-73--100-c4]-9618&alias=b9g23p2961.cern.ch&noUDP&sock=slot1_23_7499_794a_4822>
...
040 (7187268.007.000) 08/26 11:43:18 Finished transferring input files
...
001 (7187268.007.000) 08/26 11:43:19 Job executing on host: <128.142.248.197:9618?addrs=128.142.248.197-9618+[2001-1458-301-73--100-c4]-9618&alias=b9g23p2961.cern.ch&noUDP&sock=startd_5911_0866>
	SlotName: slot1_23@b9g23p2961.cern.ch
	CondorScratchDir = "/pool/condor/dir_2463835"
	Cpus = 1
	Disk = 3056729
	Memory = 2000
...
006 (7187268.007.000) 08/26 11:43:28 Image size of job updated: 371048
	363  -  MemoryUsage of job (MB)
	370992  -  ResidentSetSize of job (KB)
...
006 (7187268.007.000) 08/26 11:48:29 Image size of job updated: 1005424
	982  -  MemoryUsage of job (MB)
	1004592  -  ResidentSetSize of job (KB)
...
006 (7187268.007.000) 08/26 11:53:29 Image size of job updated: 1373320
	1334  -  MemoryUsage of job (MB)
	1365508  -  ResidentSetSize of job (KB)
...
006 (7187268.007.000) 08/26 11:58:31 Image size of job updated: 1617968
	1545  -  MemoryUsage of job (MB)
	1581492  -  ResidentSetSize of job (KB)
...
006 (7187268.007.000) 08/26 12:03:31 Image size of job updated: 3962908
	1545  -  MemoryUsage of job (MB)
	1581492  -  ResidentSetSize of job (KB)
...
040 (7187268.007.000) 08/26 12:03:36 Started transferring output files
...
040 (7187268.007.000) 08/26 12:03:36 Finished transferring output files
...
005 (7187268.007.000) 08/26 12:03:36 Job terminated.
	(1) Normal termination (return value 50)
		Usr 0 00:18:59, Sys 0 00:00:55  -  Run Remote Usage
		Usr 0 00:00:00, Sys 0 00:00:00  -  Run Local Usage
		Usr 0 00:18:59, Sys 0 00:00:55  -  Total Remote Usage
		Usr 0 00:00:00, Sys 0 00:00:00  -  Total Local Usage
	16510  -  Run Bytes Sent By Job
	2930  -  Run Bytes Received By Job
	16510  -  Total Bytes Sent By Job
	2930  -  Total Bytes Received By Job
	Partitionable Resources :      Usage  Request Allocated 
	   Cpus                 :       0.99        1         1 
	   Disk (KB)            : 1478213           3   3056729 
	   Memory (MB)          :    1545        2000      2000 

	Job terminated of its own accord at 2024-08-26T10:03:36Z with exit-code 50.
...
