000 (7197251.000.000) 09/03 11:41:59 Job submitted from host: <137.138.44.55:9618?addrs=137.138.44.55-9618+[2001-1458-d00-1a--48]-9618&alias=bigbird17.cern.ch&noUDP&sock=schedd_23962_8474>
...
040 (7197251.000.000) 09/06 11:54:47 Started transferring input files
	Transferring to host: <188.185.198.111:9618?addrs=188.185.198.111-9618+[2001-1458-303-25--100-6b]-9618&alias=b9p15p4924.cern.ch&noUDP&sock=slot1_12_11906_9a9d_21667>
...
040 (7197251.000.000) 09/06 11:54:47 Finished transferring input files
...
001 (7197251.000.000) 09/06 11:54:48 Job executing on host: <188.185.198.111:9618?addrs=188.185.198.111-9618+[2001-1458-303-25--100-6b]-9618&alias=b9p15p4924.cern.ch&noUDP&sock=startd_11856_ceef>
	SlotName: slot1_12@b9p15p4924.cern.ch
	CondorScratchDir = "/pool/condor/dir_4000036"
	Cpus = 1
	Disk = 3270231
	Memory = 2000
...
006 (7197251.000.000) 09/06 11:54:57 Image size of job updated: 994456
	972  -  MemoryUsage of job (MB)
	994340  -  ResidentSetSize of job (KB)
...
006 (7197251.000.000) 09/06 11:59:58 Image size of job updated: 1022160
	976  -  MemoryUsage of job (MB)
	998416  -  ResidentSetSize of job (KB)
...
006 (7197251.000.000) 09/07 03:06:32 Image size of job updated: 1787876
	1746  -  MemoryUsage of job (MB)
	1787672  -  ResidentSetSize of job (KB)
...
006 (7197251.000.000) 09/07 03:11:33 Image size of job updated: 3528912
	3447  -  MemoryUsage of job (MB)
	3528912  -  ResidentSetSize of job (KB)
...
006 (7197251.000.000) 09/07 03:16:33 Image size of job updated: 3697060
	3611  -  MemoryUsage of job (MB)
	3697056  -  ResidentSetSize of job (KB)
...
006 (7197251.000.000) 09/07 03:18:11 Image size of job updated: 3743988
	3611  -  MemoryUsage of job (MB)
	3697240  -  ResidentSetSize of job (KB)
...
040 (7197251.000.000) 09/07 03:18:11 Started transferring output files
...
040 (7197251.000.000) 09/07 03:18:11 Finished transferring output files
...
005 (7197251.000.000) 09/07 03:18:11 Job terminated.
	(1) Normal termination (return value 50)
		Usr 0 15:04:15, Sys 0 00:04:12  -  Run Remote Usage
		Usr 0 00:00:00, Sys 0 00:00:00  -  Run Local Usage
		Usr 0 15:04:15, Sys 0 00:04:12  -  Total Remote Usage
		Usr 0 00:00:00, Sys 0 00:00:00  -  Total Local Usage
	16325  -  Run Bytes Sent By Job
	2965  -  Run Bytes Received By Job
	16325  -  Total Bytes Sent By Job
	2965  -  Total Bytes Received By Job
	Partitionable Resources :      Usage  Request Allocated 
	   Cpus                 :       0.98        1         1 
	   Disk (KB)            : 1148611           3   3270231 
	   Memory (MB)          :    3611        2000      2000 

	Job terminated of its own accord at 2024-09-07T01:18:11Z with exit-code 50.
...
