000 (7187322.001.000) 08/26 07:57:03 Job submitted from host: <137.138.44.55:9618?addrs=137.138.44.55-9618+[2001-1458-d00-1a--48]-9618&alias=bigbird17.cern.ch&noUDP&sock=schedd_23962_8474>
...
040 (7187322.001.000) 08/28 12:04:17 Started transferring input files
	Transferring to host: <188.185.92.231:9618?addrs=188.185.92.231-9618+[2001-1458-d00-6c--100-38b]-9618&alias=b9g57n1521.cern.ch&noUDP&sock=slot1_1_16420_2015_109500>
...
040 (7187322.001.000) 08/28 12:04:17 Finished transferring input files
...
001 (7187322.001.000) 08/28 12:04:18 Job executing on host: <188.185.92.231:9618?addrs=188.185.92.231-9618+[2001-1458-d00-6c--100-38b]-9618&alias=b9g57n1521.cern.ch&noUDP&sock=startd_16008_bc28>
	SlotName: slot1_1@b9g57n1521.cern.ch
	AvailableGPUs = { GPUs_GPU_a841436e }
	CondorScratchDir = "/pool/condor/dir_671095"
	Cpus = 1
	Disk = 317630
	GPUs = 1
	GPUs_GPU_a841436e = [ GlobalMemoryMb = 40326; MaxSupportedVersion = 12040; DriverVersion = 12.4; DeviceUuid = "a841436e-1cae-5da0-0a02-7b844fb8ca33"; DeviceName = "NVIDIA A100-PCIE-40GB"; CoresPerCU = 64; ECCEnabled = true; ComputeUnits = 108; ClockMhz = 1410.0; Id = "GPU-a841436e"; DevicePciBusId = "0000:06:00.0"; Capability = 8.0 ]
	Memory = 2000
...
006 (7187322.001.000) 08/28 12:04:27 Image size of job updated: 14283596
	3821  -  MemoryUsage of job (MB)
	3912672  -  ResidentSetSize of job (KB)
...
006 (7187322.001.000) 08/28 12:09:27 Image size of job updated: 14283596
	4601  -  MemoryUsage of job (MB)
	4711388  -  ResidentSetSize of job (KB)
...
006 (7187322.001.000) 08/28 12:14:28 Image size of job updated: 14283596
	4696  -  MemoryUsage of job (MB)
	4807800  -  ResidentSetSize of job (KB)
...
006 (7187322.001.000) 08/28 12:19:28 Image size of job updated: 14283596
	5120  -  MemoryUsage of job (MB)
	5241912  -  ResidentSetSize of job (KB)
...
006 (7187322.001.000) 08/28 12:24:28 Image size of job updated: 14283596
	5148  -  MemoryUsage of job (MB)
	5271372  -  ResidentSetSize of job (KB)
...
006 (7187322.001.000) 08/28 12:29:29 Image size of job updated: 14283596
	5356  -  MemoryUsage of job (MB)
	5483804  -  ResidentSetSize of job (KB)
...
006 (7187322.001.000) 08/28 12:34:29 Image size of job updated: 14283596
	5863  -  MemoryUsage of job (MB)
	6003172  -  ResidentSetSize of job (KB)
...
006 (7187322.001.000) 08/28 12:39:30 Image size of job updated: 14283596
	6213  -  MemoryUsage of job (MB)
	6361640  -  ResidentSetSize of job (KB)
...
006 (7187322.001.000) 08/28 12:44:30 Image size of job updated: 14283596
	6455  -  MemoryUsage of job (MB)
	6609820  -  ResidentSetSize of job (KB)
...
006 (7187322.001.000) 08/28 12:49:31 Image size of job updated: 14283596
	6459  -  MemoryUsage of job (MB)
	6613392  -  ResidentSetSize of job (KB)
...
006 (7187322.001.000) 08/28 12:54:31 Image size of job updated: 14283596
	6901  -  MemoryUsage of job (MB)
	7066532  -  ResidentSetSize of job (KB)
...
006 (7187322.001.000) 08/28 12:59:32 Image size of job updated: 14283596
	7826  -  MemoryUsage of job (MB)
	8013356  -  ResidentSetSize of job (KB)
...
006 (7187322.001.000) 08/28 13:04:32 Image size of job updated: 14283596
	8550  -  MemoryUsage of job (MB)
	8754180  -  ResidentSetSize of job (KB)
...
006 (7187322.001.000) 08/28 13:14:33 Image size of job updated: 14283596
	8673  -  MemoryUsage of job (MB)
	8880480  -  ResidentSetSize of job (KB)
...
006 (7187322.001.000) 08/28 13:19:33 Image size of job updated: 14283596
	8794  -  MemoryUsage of job (MB)
	9004368  -  ResidentSetSize of job (KB)
...
006 (7187322.001.000) 08/28 13:29:34 Image size of job updated: 14283596
	9037  -  MemoryUsage of job (MB)
	9253016  -  ResidentSetSize of job (KB)
...
006 (7187322.001.000) 08/28 13:39:35 Image size of job updated: 14283596
	9599  -  MemoryUsage of job (MB)
	9829276  -  ResidentSetSize of job (KB)
...
006 (7187322.001.000) 08/28 13:59:38 Image size of job updated: 14283596
	9681  -  MemoryUsage of job (MB)
	9912412  -  ResidentSetSize of job (KB)
...
006 (7187322.001.000) 08/28 14:04:38 Image size of job updated: 14283596
	10167  -  MemoryUsage of job (MB)
	10410024  -  ResidentSetSize of job (KB)
...
006 (7187322.001.000) 08/28 14:14:39 Image size of job updated: 14283596
	10611  -  MemoryUsage of job (MB)
	10865112  -  ResidentSetSize of job (KB)
...
006 (7187322.001.000) 08/28 14:29:40 Image size of job updated: 14283596
	10968  -  MemoryUsage of job (MB)
	11230540  -  ResidentSetSize of job (KB)
...
006 (7187322.001.000) 08/28 14:44:42 Image size of job updated: 14283596
	11021  -  MemoryUsage of job (MB)
	11284668  -  ResidentSetSize of job (KB)
...
006 (7187322.001.000) 08/28 15:04:43 Image size of job updated: 14283596
	11458  -  MemoryUsage of job (MB)
	11732420  -  ResidentSetSize of job (KB)
...
006 (7187322.001.000) 08/28 15:19:45 Image size of job updated: 14283596
	11578  -  MemoryUsage of job (MB)
	11854940  -  ResidentSetSize of job (KB)
...
006 (7187322.001.000) 08/28 15:24:45 Image size of job updated: 14283596
	11862  -  MemoryUsage of job (MB)
	12146632  -  ResidentSetSize of job (KB)
...
006 (7187322.001.000) 08/28 15:29:47 Image size of job updated: 14283596
	11863  -  MemoryUsage of job (MB)
	12147400  -  ResidentSetSize of job (KB)
...
006 (7187322.001.000) 08/28 15:44:48 Image size of job updated: 14316816
	13982  -  MemoryUsage of job (MB)
	14316816  -  ResidentSetSize of job (KB)
...
006 (7187322.001.000) 08/28 15:49:31 Image size of job updated: 14541252
	13982  -  MemoryUsage of job (MB)
	14317072  -  ResidentSetSize of job (KB)
...
040 (7187322.001.000) 08/28 15:49:31 Started transferring output files
...
040 (7187322.001.000) 08/28 15:49:31 Finished transferring output files
...
005 (7187322.001.000) 08/28 15:49:31 Job terminated.
	(1) Normal termination (return value 0)
		Usr 0 23:18:45, Sys 2 01:21:52  -  Run Remote Usage
		Usr 0 00:00:00, Sys 0 00:00:00  -  Run Local Usage
		Usr 0 23:18:45, Sys 2 01:21:52  -  Total Remote Usage
		Usr 0 00:00:00, Sys 0 00:00:00  -  Total Local Usage
	57444  -  Run Bytes Sent By Job
	2935  -  Run Bytes Received By Job
	57444  -  Total Bytes Sent By Job
	2935  -  Total Bytes Received By Job
	Partitionable Resources :      Usage  Request Allocated Assigned
	   Cpus                 :       0.42        1         1 
	   Disk (KB)            : 1095845           3    317630 
	   Gpus (Average)       :       0.04        1         1 "GPU-a841436e"
	   GpusMemory (MB)      :    6687                       
	   Memory (MB)          :   13982        2000      2000 

	Job terminated of its own accord at 2024-08-28T13:49:31Z with exit-code 0.
...
