000 (7187322.005.000) 08/26 07:57:03 Job submitted from host: <137.138.44.55:9618?addrs=137.138.44.55-9618+[2001-1458-d00-1a--48]-9618&alias=bigbird17.cern.ch&noUDP&sock=schedd_23962_8474>
...
040 (7187322.005.000) 08/28 13:33:37 Started transferring input files
	Transferring to host: <188.185.92.156:9618?addrs=188.185.92.156-9618+[2001-1458-d00-6c--100-10]-9618&alias=b9g57n5454.cern.ch&noUDP&sock=slot1_1_180816_fab2_70981>
...
040 (7187322.005.000) 08/28 13:33:37 Finished transferring input files
...
001 (7187322.005.000) 08/28 13:33:38 Job executing on host: <188.185.92.156:9618?addrs=188.185.92.156-9618+[2001-1458-d00-6c--100-10]-9618&alias=b9g57n5454.cern.ch&noUDP&sock=startd_151053_5f57>
	SlotName: slot1_1@b9g57n5454.cern.ch
	AvailableGPUs = { GPUs_GPU_d2642622 }
	CondorScratchDir = "/pool/condor/dir_270917"
	Cpus = 1
	Disk = 336029
	GPUs = 1
	GPUs_GPU_d2642622 = [ GlobalMemoryMb = 40326; MaxSupportedVersion = 12040; DriverVersion = 12.4; DeviceUuid = "d2642622-6ee9-8711-70c1-34935a235a2a"; DeviceName = "NVIDIA A100-PCIE-40GB"; CoresPerCU = 64; ECCEnabled = true; ComputeUnits = 108; ClockMhz = 1410.0; Id = "GPU-d2642622"; DevicePciBusId = "0000:06:00.0"; Capability = 8.0 ]
	Memory = 2000
...
006 (7187322.005.000) 08/28 13:33:47 Image size of job updated: 27372916
	9328  -  MemoryUsage of job (MB)
	9550940  -  ResidentSetSize of job (KB)
...
006 (7187322.005.000) 08/28 13:38:47 Image size of job updated: 27372916
	10189  -  MemoryUsage of job (MB)
	10432748  -  ResidentSetSize of job (KB)
...
006 (7187322.005.000) 08/28 13:48:48 Image size of job updated: 27372916
	10372  -  MemoryUsage of job (MB)
	10620376  -  ResidentSetSize of job (KB)
...
006 (7187322.005.000) 08/28 14:03:50 Image size of job updated: 27372916
	12337  -  MemoryUsage of job (MB)
	12633036  -  ResidentSetSize of job (KB)
...
006 (7187322.005.000) 08/28 14:08:51 Image size of job updated: 27372916
	12786  -  MemoryUsage of job (MB)
	13092856  -  ResidentSetSize of job (KB)
...
006 (7187322.005.000) 08/28 14:43:55 Image size of job updated: 27372916
	12880  -  MemoryUsage of job (MB)
	13188124  -  ResidentSetSize of job (KB)
...
006 (7187322.005.000) 08/28 14:48:55 Image size of job updated: 27372916
	12922  -  MemoryUsage of job (MB)
	13231212  -  ResidentSetSize of job (KB)
...
006 (7187322.005.000) 08/28 15:08:57 Image size of job updated: 27372916
	13000  -  MemoryUsage of job (MB)
	13311864  -  ResidentSetSize of job (KB)
...
006 (7187322.005.000) 08/28 15:13:58 Image size of job updated: 27372916
	13117  -  MemoryUsage of job (MB)
	13431184  -  ResidentSetSize of job (KB)
...
006 (7187322.005.000) 08/28 15:24:00 Image size of job updated: 27372916
	13630  -  MemoryUsage of job (MB)
	13956764  -  ResidentSetSize of job (KB)
...
006 (7187322.005.000) 08/28 15:34:00 Image size of job updated: 27372916
	13753  -  MemoryUsage of job (MB)
	14082596  -  ResidentSetSize of job (KB)
...
006 (7187322.005.000) 08/28 15:49:02 Image size of job updated: 27372916
	13943  -  MemoryUsage of job (MB)
	14277308  -  ResidentSetSize of job (KB)
...
006 (7187322.005.000) 08/28 16:54:08 Image size of job updated: 27372916
	16310  -  MemoryUsage of job (MB)
	16701368  -  ResidentSetSize of job (KB)
...
040 (7187322.005.000) 08/28 16:54:52 Started transferring output files
...
040 (7187322.005.000) 08/28 16:54:52 Finished transferring output files
...
005 (7187322.005.000) 08/28 16:54:52 Job terminated.
	(1) Normal termination (return value 50)
		Usr 1 05:44:24, Sys 2 15:09:35  -  Run Remote Usage
		Usr 0 00:00:00, Sys 0 00:00:00  -  Run Local Usage
		Usr 1 05:44:24, Sys 2 15:09:35  -  Total Remote Usage
		Usr 0 00:00:00, Sys 0 00:00:00  -  Total Local Usage
	57473  -  Run Bytes Sent By Job
	2935  -  Run Bytes Received By Job
	57473  -  Total Bytes Sent By Job
	2935  -  Total Bytes Received By Job
	Partitionable Resources :      Usage  Request Allocated Assigned
	   Cpus                 :       1.00        1         1 
	   Disk (KB)            : 1131375           3    336029 
	   Gpus (Average)       :       0.05        1         1 "GPU-d2642622"
	   GpusMemory (MB)      :    6707                       
	   Memory (MB)          :   16310        2000      2000 

	Job terminated of its own accord at 2024-08-28T14:54:52Z with exit-code 50.
...
