000 (7187322.004.000) 08/26 07:57:03 Job submitted from host: <137.138.44.55:9618?addrs=137.138.44.55-9618+[2001-1458-d00-1a--48]-9618&alias=bigbird17.cern.ch&noUDP&sock=schedd_23962_8474>
...
040 (7187322.004.000) 08/28 13:33:37 Started transferring input files
	Transferring to host: <188.185.93.118:9618?addrs=188.185.93.118-9618+[2001-1458-d00-6c--100-36b]-9618&alias=b9g57n6545.cern.ch&noUDP&sock=slot1_1_16786_0164_109818>
...
040 (7187322.004.000) 08/28 13:33:37 Finished transferring input files
...
001 (7187322.004.000) 08/28 13:33:38 Job executing on host: <188.185.93.118:9618?addrs=188.185.93.118-9618+[2001-1458-d00-6c--100-36b]-9618&alias=b9g57n6545.cern.ch&noUDP&sock=startd_16364_ebdf>
	SlotName: slot1_1@b9g57n6545.cern.ch
	AvailableGPUs = { GPUs_GPU_1d17f189 }
	CondorScratchDir = "/pool/condor/dir_3366983"
	Cpus = 1
	Disk = 329329
	GPUs = 1
	GPUs_GPU_1d17f189 = [ GlobalMemoryMb = 40326; MaxSupportedVersion = 12040; DriverVersion = 12.4; DeviceUuid = "1d17f189-4819-0334-33fe-0cacfb19687c"; DeviceName = "NVIDIA A100-PCIE-40GB"; CoresPerCU = 64; ECCEnabled = true; ComputeUnits = 108; ClockMhz = 1410.0; Id = "GPU-1d17f189"; DevicePciBusId = "0000:06:00.0"; Capability = 8.0 ]
	Memory = 2000
...
006 (7187322.004.000) 08/28 13:33:47 Image size of job updated: 1105152
	626  -  MemoryUsage of job (MB)
	640080  -  ResidentSetSize of job (KB)
...
006 (7187322.004.000) 08/28 13:38:47 Image size of job updated: 1623188
	1586  -  MemoryUsage of job (MB)
	1623188  -  ResidentSetSize of job (KB)
...
006 (7187322.004.000) 08/28 13:43:48 Image size of job updated: 1898984
	1586  -  MemoryUsage of job (MB)
	1623188  -  ResidentSetSize of job (KB)
...
006 (7187322.004.000) 08/28 13:48:48 Image size of job updated: 2070996
	1621  -  MemoryUsage of job (MB)
	1659632  -  ResidentSetSize of job (KB)
...
006 (7187322.004.000) 08/28 13:53:49 Image size of job updated: 2377524
	1726  -  MemoryUsage of job (MB)
	1766500  -  ResidentSetSize of job (KB)
...
006 (7187322.004.000) 08/28 13:58:49 Image size of job updated: 2478244
	2094  -  MemoryUsage of job (MB)
	2143496  -  ResidentSetSize of job (KB)
...
006 (7187322.004.000) 08/28 14:03:51 Image size of job updated: 4474224
	3375  -  MemoryUsage of job (MB)
	3455796  -  ResidentSetSize of job (KB)
...
006 (7187322.004.000) 08/28 14:08:51 Image size of job updated: 4596196
	3502  -  MemoryUsage of job (MB)
	3585516  -  ResidentSetSize of job (KB)
...
006 (7187322.004.000) 08/28 14:13:51 Image size of job updated: 4823272
	4348  -  MemoryUsage of job (MB)
	4451784  -  ResidentSetSize of job (KB)
...
006 (7187322.004.000) 08/28 14:18:52 Image size of job updated: 4930088
	4464  -  MemoryUsage of job (MB)
	4570628  -  ResidentSetSize of job (KB)
...
006 (7187322.004.000) 08/28 14:23:52 Image size of job updated: 5073616
	4464  -  MemoryUsage of job (MB)
	4570628  -  ResidentSetSize of job (KB)
...
006 (7187322.004.000) 08/28 14:28:53 Image size of job updated: 5143460
	4464  -  MemoryUsage of job (MB)
	4570628  -  ResidentSetSize of job (KB)
...
006 (7187322.004.000) 08/28 14:33:53 Image size of job updated: 5305960
	4464  -  MemoryUsage of job (MB)
	4570628  -  ResidentSetSize of job (KB)
...
006 (7187322.004.000) 08/28 14:38:54 Image size of job updated: 5305960
	4795  -  MemoryUsage of job (MB)
	4909884  -  ResidentSetSize of job (KB)
...
006 (7187322.004.000) 08/28 14:43:54 Image size of job updated: 5305960
	5100  -  MemoryUsage of job (MB)
	5222012  -  ResidentSetSize of job (KB)
...
006 (7187322.004.000) 08/28 14:58:56 Image size of job updated: 5390220
	5100  -  MemoryUsage of job (MB)
	5222012  -  ResidentSetSize of job (KB)
...
006 (7187322.004.000) 08/28 15:03:57 Image size of job updated: 5420716
	5100  -  MemoryUsage of job (MB)
	5222012  -  ResidentSetSize of job (KB)
...
006 (7187322.004.000) 08/28 15:18:59 Image size of job updated: 5607844
	5477  -  MemoryUsage of job (MB)
	5607844  -  ResidentSetSize of job (KB)
...
006 (7187322.004.000) 08/28 15:23:59 Image size of job updated: 5748116
	5477  -  MemoryUsage of job (MB)
	5607844  -  ResidentSetSize of job (KB)
...
006 (7187322.004.000) 08/28 15:29:00 Image size of job updated: 5782680
	5628  -  MemoryUsage of job (MB)
	5762912  -  ResidentSetSize of job (KB)
...
006 (7187322.004.000) 08/28 15:34:00 Image size of job updated: 5872028
	5628  -  MemoryUsage of job (MB)
	5762912  -  ResidentSetSize of job (KB)
...
006 (7187322.004.000) 08/28 15:44:01 Image size of job updated: 5959444
	5628  -  MemoryUsage of job (MB)
	5762912  -  ResidentSetSize of job (KB)
...
006 (7187322.004.000) 08/28 15:49:02 Image size of job updated: 6023920
	5628  -  MemoryUsage of job (MB)
	5762912  -  ResidentSetSize of job (KB)
...
006 (7187322.004.000) 08/28 16:14:05 Image size of job updated: 6023920
	5755  -  MemoryUsage of job (MB)
	5893012  -  ResidentSetSize of job (KB)
...
006 (7187322.004.000) 08/28 16:19:05 Image size of job updated: 6038220
	5755  -  MemoryUsage of job (MB)
	5893012  -  ResidentSetSize of job (KB)
...
006 (7187322.004.000) 08/28 16:29:07 Image size of job updated: 6167004
	6023  -  MemoryUsage of job (MB)
	6167004  -  ResidentSetSize of job (KB)
...
006 (7187322.004.000) 08/28 16:34:07 Image size of job updated: 6312576
	6023  -  MemoryUsage of job (MB)
	6167004  -  ResidentSetSize of job (KB)
...
006 (7187322.004.000) 08/28 16:39:08 Image size of job updated: 6346912
	6023  -  MemoryUsage of job (MB)
	6167004  -  ResidentSetSize of job (KB)
...
006 (7187322.004.000) 08/28 16:44:08 Image size of job updated: 6351824
	6023  -  MemoryUsage of job (MB)
	6167004  -  ResidentSetSize of job (KB)
...
006 (7187322.004.000) 08/28 17:14:11 Image size of job updated: 7167644
	7000  -  MemoryUsage of job (MB)
	7167644  -  ResidentSetSize of job (KB)
...
006 (7187322.004.000) 08/28 17:16:47 Image size of job updated: 7365020
	7000  -  MemoryUsage of job (MB)
	7167644  -  ResidentSetSize of job (KB)
...
040 (7187322.004.000) 08/28 17:16:47 Started transferring output files
...
040 (7187322.004.000) 08/28 17:16:47 Finished transferring output files
...
005 (7187322.004.000) 08/28 17:16:48 Job terminated.
	(1) Normal termination (return value 50)
		Usr 0 03:10:43, Sys 0 00:15:32  -  Run Remote Usage
		Usr 0 00:00:00, Sys 0 00:00:00  -  Run Local Usage
		Usr 0 03:10:43, Sys 0 00:15:32  -  Total Remote Usage
		Usr 0 00:00:00, Sys 0 00:00:00  -  Total Local Usage
	57488  -  Run Bytes Sent By Job
	2935  -  Run Bytes Received By Job
	57488  -  Total Bytes Sent By Job
	2935  -  Total Bytes Received By Job
	Partitionable Resources :      Usage  Request Allocated Assigned
	   Cpus                 :       0.37        1         1 
	   Disk (KB)            : 1102954           3    329329 
	   Gpus (Average)       :       0.04        1         1 "GPU-1d17f189"
	   GpusMemory (MB)      :    6687                       
	   Memory (MB)          :    7000        2000      2000 

	Job terminated of its own accord at 2024-08-28T15:16:47Z with exit-code 50.
...
