000 (7227819.003.000) 10/02 08:39:21 Job submitted from host: <137.138.44.55:9618?addrs=137.138.44.55-9618+[2001-1458-d00-1a--48]-9618&alias=bigbird17.cern.ch&noUDP&sock=schedd_1981_6134>
...
040 (7227819.003.000) 10/03 12:33:56 Started transferring input files
	Transferring to host: <128.142.248.197:9618?addrs=128.142.248.197-9618+[2001-1458-301-73--100-c4]-9618&alias=b9g23p2961.cern.ch&noUDP&sock=slot1_21_2232953_240b_36277>
...
040 (7227819.003.000) 10/03 12:33:56 Finished transferring input files
...
001 (7227819.003.000) 10/03 12:33:57 Job executing on host: <128.142.248.197:9618?addrs=128.142.248.197-9618+[2001-1458-301-73--100-c4]-9618&alias=b9g23p2961.cern.ch&noUDP&sock=startd_5911_0866>
	SlotName: slot1_21@b9g23p2961.cern.ch
	CondorScratchDir = "/pool/condor/dir_2104394"
	Cpus = 1
	Disk = 3098718
	Memory = 2000
...
006 (7227819.003.000) 10/03 12:34:06 Image size of job updated: 3
	0  -  MemoryUsage of job (MB)
	0  -  ResidentSetSize of job (KB)
...
006 (7227819.003.000) 10/03 12:39:08 Image size of job updated: 1125320
	888  -  MemoryUsage of job (MB)
	909216  -  ResidentSetSize of job (KB)
...
006 (7227819.003.000) 10/03 12:44:08 Image size of job updated: 1125320
	892  -  MemoryUsage of job (MB)
	912580  -  ResidentSetSize of job (KB)
...
006 (7227819.003.000) 10/03 12:49:09 Image size of job updated: 1125320
	895  -  MemoryUsage of job (MB)
	916016  -  ResidentSetSize of job (KB)
...
006 (7227819.003.000) 10/03 14:02:02 Image size of job updated: 2368060
	895  -  MemoryUsage of job (MB)
	916016  -  ResidentSetSize of job (KB)
...
040 (7227819.003.000) 10/03 14:02:02 Started transferring output files
...
040 (7227819.003.000) 10/03 14:02:02 Finished transferring output files
...
005 (7227819.003.000) 10/03 14:02:02 Job terminated.
	(1) Normal termination (return value 50)
		Usr 0 01:24:24, Sys 0 00:03:14  -  Run Remote Usage
		Usr 0 00:00:00, Sys 0 00:00:00  -  Run Local Usage
		Usr 0 01:24:24, Sys 0 00:03:14  -  Total Remote Usage
		Usr 0 00:00:00, Sys 0 00:00:00  -  Total Local Usage
	38588  -  Run Bytes Sent By Job
	2416  -  Run Bytes Received By Job
	38588  -  Total Bytes Sent By Job
	2416  -  Total Bytes Received By Job
	Partitionable Resources :      Usage  Request Allocated 
	   Cpus                 :       0.96        1         1 
	   Disk (KB)            : 1011175           3   3098718 
	   Memory (MB)          :     895        2000      2000 

	Job terminated of its own accord at 2024-10-03T12:02:02Z with exit-code 50.
...
