WARNING: In non-interactive mode release checks e.g. deprecated releases, production architectures are disabled.
WARNING: In non-interactive mode release checks e.g. deprecated releases, production architectures are disabled.
WARNING: There already exists /srv/work/CMSSW_14_0_9 area for SCRAM_ARCH el8_amd64_gcc12.
/bin/sh: /usr/bin/gunzip: Too many open files
/usr/bin/gunzip: line 57: /usr/bin/gzip: Too many open files
bash: line 14: /usr/bin/mv: Too many open files
bash: line 4: /usr/bin/cp: Too many open files
bash: /usr/bin/gunzip: /bin/sh: bad interpreter: Too many open files
/usr/bin/gunzip: line 57: /usr/bin/gzip: Success
/bin/sh: /usr/bin/gunzip: Too many open files
bash: line 14: /usr/bin/mv: Too many open files
bash: /usr/bin/gunzip: /bin/sh: bad interpreter: Too many open files
bash: line 4: /usr/bin/cp: Too many open files
bash: line 4: /usr/bin/cp: Too many open files
bash: line 14: /usr/bin/mv: Too many open files
bash: /usr/bin/gunzip: /bin/sh: bad interpreter: Too many open files
/bin/sh: /usr/bin/gunzip: Too many open files
bash: line 4: /usr/bin/cp: Too many open files
xargs: bash: Too many open files
bash: line 14: /usr/bin/mv: Too many open files
mv: error while loading shared libraries: libdl.so.2: cannot open shared object file: Error 24
bash: line 4: /usr/bin/cp: Too many open files
bash: error while loading shared libraries: libtinfo.so.6: cannot open shared object file: Error 24
bash: line 4: /usr/bin/cp: Too many open files
/usr/bin/gunzip: line 57: /usr/bin/gzip: Too many open files
mv: cannot stat 'default_ftn26': No such file or directory
bash: /usr/bin/gunzip: /bin/sh: bad interpreter: Too many open files
bash: line 4: /usr/bin/cp: Too many open files
/usr/bin/gunzip: line 57: /usr/bin/gzip: Success
bash: line 14: /usr/bin/mv: Too many open files
bash: line 4: /usr/bin/cp: Too many open files
bash: /usr/bin/gunzip: /bin/sh: bad interpreter: Too many open files
/bin/sh: /usr/bin/gunzip: Too many open files
bash: line 14: /usr/bin/mv: Too many open files
mv: cannot stat 'default_ftn26': No such file or directory
bash: line 14: /usr/bin/mv: Too many open files
bash: line 4: /usr/bin/cp: Too many open files
/bin/sh: error while loading shared libraries: libdl.so.2: cannot open shared object file: Error 24
mv: cannot stat 'default_ftn26': No such file or directory
bash: /usr/bin/gunzip: /bin/sh: bad interpreter: Too many open files
bash: line 14: /usr/bin/mv: Too many open files
mv: cannot stat 'default_ftn26': No such file or directory
/usr/bin/gunzip: line 57: /usr/bin/gzip: Too many open files
bash: line 14: /usr/bin/mv: Too many open files
/usr/bin/gunzip: line 57: /usr/bin/gzip: Success
bash: /usr/bin/gunzip: /bin/sh: bad interpreter: Too many open files
bash: line 14: /usr/bin/mv: Too many open files
mv: cannot stat 'default_ftn26': No such file or directory
mv: cannot stat 'default_ftn26': No such file or directory
bash: line 14: /usr/bin/mv: Too many open files
mv: cannot stat 'default_ftn26': No such file or directory
mv: cannot stat 'default_ftn26': No such file or directory
mv: cannot stat 'default_ftn26': No such file or directory

real	744m59.781s
user	738m23.457s
sys	4m5.665s
Run: [ERROR] Invalid operation: file exists
