000 (7223596.001.000) 09/25 06:46:09 Job submitted from host: <137.138.44.55:9618?addrs=137.138.44.55-9618+[2001-1458-d00-1a--48]-9618&alias=bigbird17.cern.ch&noUDP&sock=schedd_1981_6134>
...
040 (7223596.001.000) 09/26 10:08:13 Started transferring input files
	Transferring to host: <188.185.190.107:9618?addrs=188.185.190.107-9618+[2001-1458-d03-b--100-2fe]-9618&alias=b9pgpun013.cern.ch&noUDP&sock=slot1_1_223718_51c2_27932>
...
040 (7223596.001.000) 09/26 10:08:13 Finished transferring input files
...
001 (7223596.001.000) 09/26 10:08:14 Job executing on host: <188.185.190.107:9618?addrs=188.185.190.107-9618+[2001-1458-d03-b--100-2fe]-9618&alias=b9pgpun013.cern.ch&noUDP&sock=startd_204990_ab0b>
	SlotName: slot1_1@b9pgpun013.cern.ch
	AvailableGPUs = { GPUs_GPU_83d8ac8f }
	CondorScratchDir = "/pool/condor/dir_1842248"
	Cpus = 1
	Disk = 6850339
	GPUs = 1
	GPUs_GPU_83d8ac8f = [ GlobalMemoryMb = 95235; MaxSupportedVersion = 12040; DriverVersion = 12.4; DeviceName = "NVIDIA H100 NVL"; CoresPerCU = 128; ECCEnabled = true; ComputeUnits = 132; ClockMhz = 1785.0; Id = "GPU-83d8ac8f"; Capability = 9.0; DevicePciBusId = "0000:3A:00.0"; DeviceUuid = "83d8ac8f-ff52-1c2a-a57e-2a7517992ad1" ]
	Memory = 2000
...
006 (7223596.001.000) 09/26 10:08:22 Image size of job updated: 2902056
	2835  -  MemoryUsage of job (MB)
	2902052  -  ResidentSetSize of job (KB)
...
006 (7223596.001.000) 09/26 10:13:23 Image size of job updated: 20467204
	19878  -  MemoryUsage of job (MB)
	20354628  -  ResidentSetSize of job (KB)
...
006 (7223596.001.000) 09/26 10:18:23 Image size of job updated: 20467204
	19884  -  MemoryUsage of job (MB)
	20360408  -  ResidentSetSize of job (KB)
...
006 (7223596.001.000) 09/26 10:23:24 Image size of job updated: 20467204
	19901  -  MemoryUsage of job (MB)
	20377620  -  ResidentSetSize of job (KB)
...
006 (7223596.001.000) 09/26 10:28:25 Image size of job updated: 20467204
	19926  -  MemoryUsage of job (MB)
	20403780  -  ResidentSetSize of job (KB)
...
006 (7223596.001.000) 09/26 10:38:26 Image size of job updated: 20467204
	19940  -  MemoryUsage of job (MB)
	20418272  -  ResidentSetSize of job (KB)
...
006 (7223596.001.000) 09/26 10:43:27 Image size of job updated: 20480956
	19989  -  MemoryUsage of job (MB)
	20468180  -  ResidentSetSize of job (KB)
...
006 (7223596.001.000) 09/26 10:48:27 Image size of job updated: 20498260
	20010  -  MemoryUsage of job (MB)
	20489888  -  ResidentSetSize of job (KB)
...
006 (7223596.001.000) 09/26 10:53:28 Image size of job updated: 20508376
	20010  -  MemoryUsage of job (MB)
	20489888  -  ResidentSetSize of job (KB)
...
006 (7223596.001.000) 09/26 10:58:28 Image size of job updated: 20558128
	20066  -  MemoryUsage of job (MB)
	20546904  -  ResidentSetSize of job (KB)
...
006 (7223596.001.000) 09/26 11:03:29 Image size of job updated: 20587036
	20098  -  MemoryUsage of job (MB)
	20580068  -  ResidentSetSize of job (KB)
...
006 (7223596.001.000) 09/26 11:08:30 Image size of job updated: 20607432
	20121  -  MemoryUsage of job (MB)
	20602920  -  ResidentSetSize of job (KB)
...
006 (7223596.001.000) 09/26 11:13:30 Image size of job updated: 20611836
	20127  -  MemoryUsage of job (MB)
	20609164  -  ResidentSetSize of job (KB)
...
006 (7223596.001.000) 09/26 11:18:31 Image size of job updated: 20634764
	20149  -  MemoryUsage of job (MB)
	20632460  -  ResidentSetSize of job (KB)
...
006 (7223596.001.000) 09/26 11:23:31 Image size of job updated: 20652228
	20165  -  MemoryUsage of job (MB)
	20648480  -  ResidentSetSize of job (KB)
...
006 (7223596.001.000) 09/26 11:28:32 Image size of job updated: 20654992
	20167  -  MemoryUsage of job (MB)
	20650000  -  ResidentSetSize of job (KB)
...
006 (7223596.001.000) 09/26 11:38:33 Image size of job updated: 20659076
	20172  -  MemoryUsage of job (MB)
	20655860  -  ResidentSetSize of job (KB)
...
006 (7223596.001.000) 09/26 11:43:34 Image size of job updated: 20710888
	20203  -  MemoryUsage of job (MB)
	20687260  -  ResidentSetSize of job (KB)
...
006 (7223596.001.000) 09/26 11:48:35 Image size of job updated: 20731644
	20217  -  MemoryUsage of job (MB)
	20701728  -  ResidentSetSize of job (KB)
...
006 (7223596.001.000) 09/26 11:53:35 Image size of job updated: 20731644
	20235  -  MemoryUsage of job (MB)
	20720284  -  ResidentSetSize of job (KB)
...
006 (7223596.001.000) 09/26 11:58:36 Image size of job updated: 20738244
	20245  -  MemoryUsage of job (MB)
	20730288  -  ResidentSetSize of job (KB)
...
006 (7223596.001.000) 09/26 12:03:36 Image size of job updated: 20738716
	20250  -  MemoryUsage of job (MB)
	20735516  -  ResidentSetSize of job (KB)
...
006 (7223596.001.000) 09/26 12:08:37 Image size of job updated: 20744060
	20252  -  MemoryUsage of job (MB)
	20737180  -  ResidentSetSize of job (KB)
...
006 (7223596.001.000) 09/26 12:13:38 Image size of job updated: 20744060
	20253  -  MemoryUsage of job (MB)
	20738904  -  ResidentSetSize of job (KB)
...
006 (7223596.001.000) 09/26 12:18:38 Image size of job updated: 20744060
	20254  -  MemoryUsage of job (MB)
	20739288  -  ResidentSetSize of job (KB)
...
006 (7223596.001.000) 09/26 12:23:39 Image size of job updated: 20744916
	20256  -  MemoryUsage of job (MB)
	20741208  -  ResidentSetSize of job (KB)
...
006 (7223596.001.000) 09/26 12:28:40 Image size of job updated: 20750920
	20261  -  MemoryUsage of job (MB)
	20746420  -  ResidentSetSize of job (KB)
...
006 (7223596.001.000) 09/26 12:33:40 Image size of job updated: 20750920
	20262  -  MemoryUsage of job (MB)
	20747900  -  ResidentSetSize of job (KB)
...
006 (7223596.001.000) 09/26 12:38:41 Image size of job updated: 20755136
	20264  -  MemoryUsage of job (MB)
	20750132  -  ResidentSetSize of job (KB)
...
006 (7223596.001.000) 09/26 12:43:41 Image size of job updated: 20762572
	20264  -  MemoryUsage of job (MB)
	20750132  -  ResidentSetSize of job (KB)
...
006 (7223596.001.000) 09/26 12:48:42 Image size of job updated: 20781716
	20290  -  MemoryUsage of job (MB)
	20776364  -  ResidentSetSize of job (KB)
...
006 (7223596.001.000) 09/26 12:53:43 Image size of job updated: 20787408
	20295  -  MemoryUsage of job (MB)
	20781744  -  ResidentSetSize of job (KB)
...
006 (7223596.001.000) 09/26 12:58:43 Image size of job updated: 20787408
	20296  -  MemoryUsage of job (MB)
	20782768  -  ResidentSetSize of job (KB)
...
006 (7223596.001.000) 09/26 13:03:44 Image size of job updated: 20795516
	20303  -  MemoryUsage of job (MB)
	20789520  -  ResidentSetSize of job (KB)
...
006 (7223596.001.000) 09/26 13:08:45 Image size of job updated: 20812288
	20316  -  MemoryUsage of job (MB)
	20803332  -  ResidentSetSize of job (KB)
...
006 (7223596.001.000) 09/26 13:13:44 Image size of job updated: 20813020
	20322  -  MemoryUsage of job (MB)
	20809556  -  ResidentSetSize of job (KB)
...
006 (7223596.001.000) 09/26 13:18:45 Image size of job updated: 20822260
	20328  -  MemoryUsage of job (MB)
	20815496  -  ResidentSetSize of job (KB)
...
006 (7223596.001.000) 09/26 13:23:46 Image size of job updated: 20836044
	20340  -  MemoryUsage of job (MB)
	20827744  -  ResidentSetSize of job (KB)
...
006 (7223596.001.000) 09/26 13:28:46 Image size of job updated: 20871356
	20364  -  MemoryUsage of job (MB)
	20852192  -  ResidentSetSize of job (KB)
...
006 (7223596.001.000) 09/26 13:33:47 Image size of job updated: 20871356
	20370  -  MemoryUsage of job (MB)
	20858584  -  ResidentSetSize of job (KB)
...
006 (7223596.001.000) 09/26 13:38:47 Image size of job updated: 20871356
	20372  -  MemoryUsage of job (MB)
	20860748  -  ResidentSetSize of job (KB)
...
006 (7223596.001.000) 09/26 13:43:48 Image size of job updated: 20871356
	20374  -  MemoryUsage of job (MB)
	20862716  -  ResidentSetSize of job (KB)
...
006 (7223596.001.000) 09/26 13:48:49 Image size of job updated: 20871356
	20376  -  MemoryUsage of job (MB)
	20864352  -  ResidentSetSize of job (KB)
...
006 (7223596.001.000) 09/26 13:53:49 Image size of job updated: 20871356
	20378  -  MemoryUsage of job (MB)
	20866600  -  ResidentSetSize of job (KB)
...
006 (7223596.001.000) 09/26 13:58:50 Image size of job updated: 20871356
	20379  -  MemoryUsage of job (MB)
	20867080  -  ResidentSetSize of job (KB)
...
006 (7223596.001.000) 09/26 14:03:51 Image size of job updated: 20871356
	20380  -  MemoryUsage of job (MB)
	20868216  -  ResidentSetSize of job (KB)
...
006 (7223596.001.000) 09/26 14:13:51 Image size of job updated: 20882108
	20380  -  MemoryUsage of job (MB)
	20868216  -  ResidentSetSize of job (KB)
...
006 (7223596.001.000) 09/26 14:18:52 Image size of job updated: 20889972
	20397  -  MemoryUsage of job (MB)
	20886344  -  ResidentSetSize of job (KB)
...
006 (7223596.001.000) 09/26 14:23:52 Image size of job updated: 20931240
	20421  -  MemoryUsage of job (MB)
	20910628  -  ResidentSetSize of job (KB)
...
006 (7223596.001.000) 09/26 14:28:53 Image size of job updated: 20931240
	20431  -  MemoryUsage of job (MB)
	20921252  -  ResidentSetSize of job (KB)
...
006 (7223596.001.000) 09/26 14:33:54 Image size of job updated: 20970784
	20465  -  MemoryUsage of job (MB)
	20955696  -  ResidentSetSize of job (KB)
...
006 (7223596.001.000) 09/26 14:38:54 Image size of job updated: 21024064
	20521  -  MemoryUsage of job (MB)
	21012496  -  ResidentSetSize of job (KB)
...
006 (7223596.001.000) 09/26 14:43:55 Image size of job updated: 21036380
	20541  -  MemoryUsage of job (MB)
	21033412  -  ResidentSetSize of job (KB)
...
006 (7223596.001.000) 09/26 14:48:56 Image size of job updated: 21041080
	20547  -  MemoryUsage of job (MB)
	21039808  -  ResidentSetSize of job (KB)
...
006 (7223596.001.000) 09/26 14:53:55 Image size of job updated: 21044952
	20549  -  MemoryUsage of job (MB)
	21041432  -  ResidentSetSize of job (KB)
...
006 (7223596.001.000) 09/26 14:58:56 Image size of job updated: 21063172
	20554  -  MemoryUsage of job (MB)
	21046276  -  ResidentSetSize of job (KB)
...
006 (7223596.001.000) 09/26 15:03:57 Image size of job updated: 21082800
	20581  -  MemoryUsage of job (MB)
	21074048  -  ResidentSetSize of job (KB)
...
006 (7223596.001.000) 09/26 15:08:56 Image size of job updated: 21125668
	20621  -  MemoryUsage of job (MB)
	21115132  -  ResidentSetSize of job (KB)
...
006 (7223596.001.000) 09/26 15:13:57 Image size of job updated: 21155596
	20644  -  MemoryUsage of job (MB)
	21139168  -  ResidentSetSize of job (KB)
...
006 (7223596.001.000) 09/26 15:18:58 Image size of job updated: 21155596
	20646  -  MemoryUsage of job (MB)
	21140768  -  ResidentSetSize of job (KB)
...
006 (7223596.001.000) 09/26 15:23:58 Image size of job updated: 21155596
	20647  -  MemoryUsage of job (MB)
	21141968  -  ResidentSetSize of job (KB)
...
006 (7223596.001.000) 09/26 15:34:00 Image size of job updated: 21155596
	20652  -  MemoryUsage of job (MB)
	21147364  -  ResidentSetSize of job (KB)
...
006 (7223596.001.000) 09/26 15:39:00 Image size of job updated: 21160272
	20656  -  MemoryUsage of job (MB)
	21151180  -  ResidentSetSize of job (KB)
...
006 (7223596.001.000) 09/26 15:44:01 Image size of job updated: 21172620
	20659  -  MemoryUsage of job (MB)
	21154696  -  ResidentSetSize of job (KB)
...
006 (7223596.001.000) 09/26 15:49:02 Image size of job updated: 21178700
	20683  -  MemoryUsage of job (MB)
	21178524  -  ResidentSetSize of job (KB)
...
006 (7223596.001.000) 09/26 15:54:03 Image size of job updated: 21183876
	20685  -  MemoryUsage of job (MB)
	21181048  -  ResidentSetSize of job (KB)
...
006 (7223596.001.000) 09/26 15:59:03 Image size of job updated: 21199944
	20696  -  MemoryUsage of job (MB)
	21192124  -  ResidentSetSize of job (KB)
...
006 (7223596.001.000) 09/26 16:04:04 Image size of job updated: 21218560
	20715  -  MemoryUsage of job (MB)
	21212088  -  ResidentSetSize of job (KB)
...
006 (7223596.001.000) 09/26 16:09:05 Image size of job updated: 21234820
	20735  -  MemoryUsage of job (MB)
	21231704  -  ResidentSetSize of job (KB)
...
006 (7223596.001.000) 09/26 16:14:04 Image size of job updated: 21286124
	20780  -  MemoryUsage of job (MB)
	21277932  -  ResidentSetSize of job (KB)
...
006 (7223596.001.000) 09/26 16:19:05 Image size of job updated: 21303304
	20802  -  MemoryUsage of job (MB)
	21300588  -  ResidentSetSize of job (KB)
...
006 (7223596.001.000) 09/26 16:24:06 Image size of job updated: 21318420
	20814  -  MemoryUsage of job (MB)
	21313500  -  ResidentSetSize of job (KB)
...
006 (7223596.001.000) 09/26 16:29:05 Image size of job updated: 21325444
	20826  -  MemoryUsage of job (MB)
	21325444  -  ResidentSetSize of job (KB)
...
006 (7223596.001.000) 09/26 16:34:06 Image size of job updated: 21387212
	20876  -  MemoryUsage of job (MB)
	21376420  -  ResidentSetSize of job (KB)
...
006 (7223596.001.000) 09/26 16:39:07 Image size of job updated: 21389080
	20876  -  MemoryUsage of job (MB)
	21376420  -  ResidentSetSize of job (KB)
...
006 (7223596.001.000) 09/26 16:44:06 Image size of job updated: 21392412
	20886  -  MemoryUsage of job (MB)
	21386268  -  ResidentSetSize of job (KB)
...
006 (7223596.001.000) 09/26 16:49:07 Image size of job updated: 21402116
	20898  -  MemoryUsage of job (MB)
	21399188  -  ResidentSetSize of job (KB)
...
006 (7223596.001.000) 09/26 16:54:08 Image size of job updated: 21422048
	20915  -  MemoryUsage of job (MB)
	21416664  -  ResidentSetSize of job (KB)
...
006 (7223596.001.000) 09/26 16:59:08 Image size of job updated: 21449432
	20943  -  MemoryUsage of job (MB)
	21445180  -  ResidentSetSize of job (KB)
...
006 (7223596.001.000) 09/26 17:04:09 Image size of job updated: 21501820
	20978  -  MemoryUsage of job (MB)
	21481060  -  ResidentSetSize of job (KB)
...
006 (7223596.001.000) 09/26 17:13:15 Image size of job updated: 21501820
	20997  -  MemoryUsage of job (MB)
	21500072  -  ResidentSetSize of job (KB)
...
006 (7223596.001.000) 09/26 17:25:45 Image size of job updated: 21516244
	21008  -  MemoryUsage of job (MB)
	21511656  -  ResidentSetSize of job (KB)
...
006 (7223596.001.000) 09/26 17:35:49 Image size of job updated: 21567844
	21057  -  MemoryUsage of job (MB)
	21561936  -  ResidentSetSize of job (KB)
...
006 (7223596.001.000) 09/26 17:41:57 Image size of job updated: 21581780
	21062  -  MemoryUsage of job (MB)
	21566740  -  ResidentSetSize of job (KB)
...
006 (7223596.001.000) 09/26 17:46:58 Image size of job updated: 21581780
	21067  -  MemoryUsage of job (MB)
	21571708  -  ResidentSetSize of job (KB)
...
006 (7223596.001.000) 09/26 17:53:07 Image size of job updated: 21581780
	21069  -  MemoryUsage of job (MB)
	21574536  -  ResidentSetSize of job (KB)
...
022 (7223596.001.000) 09/26 17:54:01 Job disconnected, attempting to reconnect
    Local schedd and job shadow died, schedd now running again
    Trying to reconnect to slot1_1@b9pgpun013.cern.ch <188.185.190.107:9618?addrs=188.185.190.107-9618+[2001-1458-d03-b--100-2fe]-9618&alias=b9pgpun013.cern.ch&noUDP&sock=startd_204990_ab0b>
...
023 (7223596.001.000) 09/26 17:54:37 Job reconnected to slot1_1@b9pgpun013.cern.ch
    startd address: <188.185.190.107:9618?addrs=188.185.190.107-9618+[2001-1458-d03-b--100-2fe]-9618&alias=b9pgpun013.cern.ch&noUDP&sock=startd_204990_ab0b>
    starter address: <188.185.190.107:9618?addrs=188.185.190.107-9618+[2001-1458-d03-b--100-2fe]-9618&alias=b9pgpun013.cern.ch&noUDP&sock=slot1_1_223718_51c2_27932>
...
006 (7223596.001.000) 09/26 20:49:03 Image size of job updated: 22515552
	21982  -  MemoryUsage of job (MB)
	22508612  -  ResidentSetSize of job (KB)
...
006 (7223596.001.000) 09/26 20:54:04 Image size of job updated: 22546440
	22008  -  MemoryUsage of job (MB)
	22535800  -  ResidentSetSize of job (KB)
...
006 (7223596.001.000) 09/26 20:59:05 Image size of job updated: 23076496
	22513  -  MemoryUsage of job (MB)
	23052336  -  ResidentSetSize of job (KB)
...
006 (7223596.001.000) 09/26 21:04:05 Image size of job updated: 23302020
	22652  -  MemoryUsage of job (MB)
	23194860  -  ResidentSetSize of job (KB)
...
006 (7223596.001.000) 09/26 21:09:06 Image size of job updated: 23302020
	22751  -  MemoryUsage of job (MB)
	23296540  -  ResidentSetSize of job (KB)
...
006 (7223596.001.000) 09/26 21:14:07 Image size of job updated: 23536008
	22965  -  MemoryUsage of job (MB)
	23515648  -  ResidentSetSize of job (KB)
...
006 (7223596.001.000) 09/26 21:19:08 Image size of job updated: 23732480
	23177  -  MemoryUsage of job (MB)
	23732480  -  ResidentSetSize of job (KB)
...
006 (7223596.001.000) 09/26 21:24:39 Image size of job updated: 23922452
	23362  -  MemoryUsage of job (MB)
	23922452  -  ResidentSetSize of job (KB)
...
006 (7223596.001.000) 09/26 21:29:07 Image size of job updated: 24181996
	23589  -  MemoryUsage of job (MB)
	24154784  -  ResidentSetSize of job (KB)
...
006 (7223596.001.000) 09/26 21:34:08 Image size of job updated: 24407384
	23796  -  MemoryUsage of job (MB)
	24366944  -  ResidentSetSize of job (KB)
...
006 (7223596.001.000) 09/26 21:39:09 Image size of job updated: 24647388
	24051  -  MemoryUsage of job (MB)
	24627704  -  ResidentSetSize of job (KB)
...
006 (7223596.001.000) 09/26 21:44:10 Image size of job updated: 24959404
	24369  -  MemoryUsage of job (MB)
	24953472  -  ResidentSetSize of job (KB)
...
006 (7223596.001.000) 09/26 21:49:09 Image size of job updated: 25228608
	24638  -  MemoryUsage of job (MB)
	25228608  -  ResidentSetSize of job (KB)
...
006 (7223596.001.000) 09/26 21:54:10 Image size of job updated: 25496900
	24900  -  MemoryUsage of job (MB)
	25496900  -  ResidentSetSize of job (KB)
...
006 (7223596.001.000) 09/26 21:59:11 Image size of job updated: 25774272
	25171  -  MemoryUsage of job (MB)
	25774272  -  ResidentSetSize of job (KB)
...
006 (7223596.001.000) 09/26 22:04:11 Image size of job updated: 26024404
	25172  -  MemoryUsage of job (MB)
	25775808  -  ResidentSetSize of job (KB)
...
006 (7223596.001.000) 09/26 22:09:12 Image size of job updated: 26345884
	25729  -  MemoryUsage of job (MB)
	26345884  -  ResidentSetSize of job (KB)
...
006 (7223596.001.000) 09/26 22:14:13 Image size of job updated: 27480128
	26837  -  MemoryUsage of job (MB)
	27480128  -  ResidentSetSize of job (KB)
...
006 (7223596.001.000) 09/26 22:19:13 Image size of job updated: 28614580
	27944  -  MemoryUsage of job (MB)
	28614580  -  ResidentSetSize of job (KB)
...
006 (7223596.001.000) 09/26 22:24:14 Image size of job updated: 29746628
	29050  -  MemoryUsage of job (MB)
	29746628  -  ResidentSetSize of job (KB)
...
006 (7223596.001.000) 09/26 22:29:15 Image size of job updated: 30884548
	30161  -  MemoryUsage of job (MB)
	30884548  -  ResidentSetSize of job (KB)
...
006 (7223596.001.000) 09/26 22:34:15 Image size of job updated: 31908328
	30164  -  MemoryUsage of job (MB)
	30887108  -  ResidentSetSize of job (KB)
...
005 (7223596.001.000) 09/26 22:35:33 Job terminated.
	(1) Normal termination (return value 50)
		Usr 0 12:19:34, Sys 0 00:04:41  -  Run Remote Usage
		Usr 0 00:00:00, Sys 0 00:00:00  -  Run Local Usage
		Usr 0 18:56:05, Sys 0 00:07:41  -  Total Remote Usage
		Usr 0 00:00:00, Sys 0 00:00:00  -  Total Local Usage
	503320  -  Run Bytes Sent By Job
	0  -  Run Bytes Received By Job
	503320  -  Total Bytes Sent By Job
	1407  -  Total Bytes Received By Job
	Partitionable Resources :       Usage  Request Allocated 
	   Cpus                 :        1.00        1         1 
	   Disk (KB)            : 25880000    25880000   6850339 
	   Memory (MB)          :    30164        2000      2000 

	Job terminated of its own accord at 2024-09-26T20:34:46Z with exit-code 50.
...
