000 (7223596.006.000) 09/25 06:46:09 Job submitted from host: <137.138.44.55:9618?addrs=137.138.44.55-9618+[2001-1458-d00-1a--48]-9618&alias=bigbird17.cern.ch&noUDP&sock=schedd_1981_6134>
...
040 (7223596.006.000) 09/26 11:45:39 Started transferring input files
	Transferring to host: <188.185.238.10:9618?addrs=188.185.238.10-9618+[2001-1458-303-28--100-6]-9618&alias=b9pgpun002.cern.ch&noUDP&sock=slot1_4_1420705_f206_19505>
...
040 (7223596.006.000) 09/26 11:45:39 Finished transferring input files
...
001 (7223596.006.000) 09/26 11:45:40 Job executing on host: <188.185.238.10:9618?addrs=188.185.238.10-9618+[2001-1458-303-28--100-6]-9618&alias=b9pgpun002.cern.ch&noUDP&sock=startd_600104_020a>
	SlotName: slot1_4@b9pgpun002.cern.ch
	AvailableGPUs = { GPUs_GPU_a111cc3f }
	CondorScratchDir = "/pool/condor/dir_1270953"
	Cpus = 1
	Disk = 6830697
	GPUs = 1
	GPUs_GPU_a111cc3f = [ GlobalMemoryMb = 95235; MaxSupportedVersion = 12040; DriverVersion = 12.4; DeviceName = "NVIDIA H100 NVL"; CoresPerCU = 128; ECCEnabled = true; ComputeUnits = 132; ClockMhz = 1785.0; Id = "GPU-a111cc3f"; Capability = 9.0; DevicePciBusId = "0000:AE:00.0"; DeviceUuid = "a111cc3f-b0ac-64c9-aeec-748e3fd5b066" ]
	Memory = 2000
...
006 (7223596.006.000) 09/26 11:45:49 Image size of job updated: 2281612
	2229  -  MemoryUsage of job (MB)
	2281556  -  ResidentSetSize of job (KB)
...
006 (7223596.006.000) 09/26 11:50:50 Image size of job updated: 21639588
	21125  -  MemoryUsage of job (MB)
	21631024  -  ResidentSetSize of job (KB)
...
006 (7223596.006.000) 09/26 11:55:50 Image size of job updated: 21668420
	21155  -  MemoryUsage of job (MB)
	21661804  -  ResidentSetSize of job (KB)
...
006 (7223596.006.000) 09/26 12:00:49 Image size of job updated: 21770968
	21252  -  MemoryUsage of job (MB)
	21761724  -  ResidentSetSize of job (KB)
...
006 (7223596.006.000) 09/26 12:05:50 Image size of job updated: 21817000
	21302  -  MemoryUsage of job (MB)
	21813072  -  ResidentSetSize of job (KB)
...
006 (7223596.006.000) 09/26 12:10:51 Image size of job updated: 21932360
	21407  -  MemoryUsage of job (MB)
	21920724  -  ResidentSetSize of job (KB)
...
006 (7223596.006.000) 09/26 12:15:52 Image size of job updated: 21972564
	21453  -  MemoryUsage of job (MB)
	21967864  -  ResidentSetSize of job (KB)
...
006 (7223596.006.000) 09/26 12:20:51 Image size of job updated: 21977292
	21460  -  MemoryUsage of job (MB)
	21974840  -  ResidentSetSize of job (KB)
...
006 (7223596.006.000) 09/26 12:25:52 Image size of job updated: 22004412
	21480  -  MemoryUsage of job (MB)
	21995172  -  ResidentSetSize of job (KB)
...
006 (7223596.006.000) 09/26 12:30:53 Image size of job updated: 22017392
	21502  -  MemoryUsage of job (MB)
	22017176  -  ResidentSetSize of job (KB)
...
006 (7223596.006.000) 09/26 12:35:54 Image size of job updated: 22124184
	21591  -  MemoryUsage of job (MB)
	22109172  -  ResidentSetSize of job (KB)
...
006 (7223596.006.000) 09/26 12:40:53 Image size of job updated: 22193008
	21667  -  MemoryUsage of job (MB)
	22186356  -  ResidentSetSize of job (KB)
...
006 (7223596.006.000) 09/26 12:45:53 Image size of job updated: 22224188
	21690  -  MemoryUsage of job (MB)
	22210072  -  ResidentSetSize of job (KB)
...
006 (7223596.006.000) 09/26 12:50:54 Image size of job updated: 22261832
	21729  -  MemoryUsage of job (MB)
	22250144  -  ResidentSetSize of job (KB)
...
006 (7223596.006.000) 09/26 12:55:55 Image size of job updated: 22279188
	21749  -  MemoryUsage of job (MB)
	22270272  -  ResidentSetSize of job (KB)
...
006 (7223596.006.000) 09/26 13:00:56 Image size of job updated: 22302892
	21763  -  MemoryUsage of job (MB)
	22284404  -  ResidentSetSize of job (KB)
...
006 (7223596.006.000) 09/26 13:05:55 Image size of job updated: 22311100
	21784  -  MemoryUsage of job (MB)
	22306676  -  ResidentSetSize of job (KB)
...
006 (7223596.006.000) 09/26 13:10:55 Image size of job updated: 22330972
	21806  -  MemoryUsage of job (MB)
	22328592  -  ResidentSetSize of job (KB)
...
006 (7223596.006.000) 09/26 13:15:56 Image size of job updated: 22354324
	21824  -  MemoryUsage of job (MB)
	22347740  -  ResidentSetSize of job (KB)
...
006 (7223596.006.000) 09/26 13:20:57 Image size of job updated: 22428580
	21896  -  MemoryUsage of job (MB)
	22420824  -  ResidentSetSize of job (KB)
...
006 (7223596.006.000) 09/26 13:25:58 Image size of job updated: 22447728
	21918  -  MemoryUsage of job (MB)
	22443164  -  ResidentSetSize of job (KB)
...
006 (7223596.006.000) 09/26 13:30:57 Image size of job updated: 22455712
	21922  -  MemoryUsage of job (MB)
	22447860  -  ResidentSetSize of job (KB)
...
006 (7223596.006.000) 09/26 13:35:57 Image size of job updated: 22463264
	21935  -  MemoryUsage of job (MB)
	22461308  -  ResidentSetSize of job (KB)
...
006 (7223596.006.000) 09/26 13:40:58 Image size of job updated: 22540156
	22007  -  MemoryUsage of job (MB)
	22534344  -  ResidentSetSize of job (KB)
...
006 (7223596.006.000) 09/26 13:45:59 Image size of job updated: 22564592
	22029  -  MemoryUsage of job (MB)
	22556876  -  ResidentSetSize of job (KB)
...
006 (7223596.006.000) 09/26 13:51:00 Image size of job updated: 22574832
	22041  -  MemoryUsage of job (MB)
	22569468  -  ResidentSetSize of job (KB)
...
006 (7223596.006.000) 09/26 13:55:59 Image size of job updated: 22584156
	22053  -  MemoryUsage of job (MB)
	22581460  -  ResidentSetSize of job (KB)
...
006 (7223596.006.000) 09/26 14:01:00 Image size of job updated: 22590728
	22057  -  MemoryUsage of job (MB)
	22586100  -  ResidentSetSize of job (KB)
...
006 (7223596.006.000) 09/26 14:06:01 Image size of job updated: 22593080
	22058  -  MemoryUsage of job (MB)
	22587148  -  ResidentSetSize of job (KB)
...
006 (7223596.006.000) 09/26 14:11:02 Image size of job updated: 22656372
	22117  -  MemoryUsage of job (MB)
	22647036  -  ResidentSetSize of job (KB)
...
006 (7223596.006.000) 09/26 14:16:02 Image size of job updated: 22738576
	22201  -  MemoryUsage of job (MB)
	22733304  -  ResidentSetSize of job (KB)
...
006 (7223596.006.000) 09/26 14:21:01 Image size of job updated: 22874444
	22331  -  MemoryUsage of job (MB)
	22866528  -  ResidentSetSize of job (KB)
...
006 (7223596.006.000) 09/26 14:26:02 Image size of job updated: 22954804
	22415  -  MemoryUsage of job (MB)
	22952648  -  ResidentSetSize of job (KB)
...
006 (7223596.006.000) 09/26 14:31:03 Image size of job updated: 23008304
	22466  -  MemoryUsage of job (MB)
	23004216  -  ResidentSetSize of job (KB)
...
006 (7223596.006.000) 09/26 14:36:04 Image size of job updated: 23165296
	22616  -  MemoryUsage of job (MB)
	23157960  -  ResidentSetSize of job (KB)
...
006 (7223596.006.000) 09/26 14:41:05 Image size of job updated: 23194604
	22647  -  MemoryUsage of job (MB)
	23190416  -  ResidentSetSize of job (KB)
...
006 (7223596.006.000) 09/26 14:46:04 Image size of job updated: 23282692
	22732  -  MemoryUsage of job (MB)
	23276736  -  ResidentSetSize of job (KB)
...
006 (7223596.006.000) 09/26 14:51:05 Image size of job updated: 23334940
	22775  -  MemoryUsage of job (MB)
	23321504  -  ResidentSetSize of job (KB)
...
006 (7223596.006.000) 09/26 14:56:06 Image size of job updated: 23383452
	22828  -  MemoryUsage of job (MB)
	23374888  -  ResidentSetSize of job (KB)
...
006 (7223596.006.000) 09/26 15:01:07 Image size of job updated: 23403844
	22848  -  MemoryUsage of job (MB)
	23396056  -  ResidentSetSize of job (KB)
...
006 (7223596.006.000) 09/26 15:06:08 Image size of job updated: 23411396
	22860  -  MemoryUsage of job (MB)
	23408584  -  ResidentSetSize of job (KB)
...
006 (7223596.006.000) 09/26 15:11:07 Image size of job updated: 23475608
	22923  -  MemoryUsage of job (MB)
	23472648  -  ResidentSetSize of job (KB)
...
006 (7223596.006.000) 09/26 15:16:07 Image size of job updated: 23490616
	22935  -  MemoryUsage of job (MB)
	23485372  -  ResidentSetSize of job (KB)
...
006 (7223596.006.000) 09/26 15:21:08 Image size of job updated: 23502212
	22946  -  MemoryUsage of job (MB)
	23496260  -  ResidentSetSize of job (KB)
...
006 (7223596.006.000) 09/26 15:26:09 Image size of job updated: 23520552
	22970  -  MemoryUsage of job (MB)
	23520552  -  ResidentSetSize of job (KB)
...
006 (7223596.006.000) 09/26 15:31:10 Image size of job updated: 23533508
	22973  -  MemoryUsage of job (MB)
	23523976  -  ResidentSetSize of job (KB)
...
006 (7223596.006.000) 09/26 15:36:09 Image size of job updated: 23533508
	22975  -  MemoryUsage of job (MB)
	23525436  -  ResidentSetSize of job (KB)
...
006 (7223596.006.000) 09/26 15:41:09 Image size of job updated: 23664900
	23098  -  MemoryUsage of job (MB)
	23651636  -  ResidentSetSize of job (KB)
...
006 (7223596.006.000) 09/26 15:46:10 Image size of job updated: 23744668
	23185  -  MemoryUsage of job (MB)
	23740496  -  ResidentSetSize of job (KB)
...
006 (7223596.006.000) 09/26 15:51:11 Image size of job updated: 23793440
	23230  -  MemoryUsage of job (MB)
	23787476  -  ResidentSetSize of job (KB)
...
006 (7223596.006.000) 09/26 15:56:12 Image size of job updated: 23800808
	23240  -  MemoryUsage of job (MB)
	23796928  -  ResidentSetSize of job (KB)
...
006 (7223596.006.000) 09/26 16:01:13 Image size of job updated: 23830540
	23264  -  MemoryUsage of job (MB)
	23822120  -  ResidentSetSize of job (KB)
...
006 (7223596.006.000) 09/26 16:06:12 Image size of job updated: 23855164
	23282  -  MemoryUsage of job (MB)
	23840048  -  ResidentSetSize of job (KB)
...
006 (7223596.006.000) 09/26 16:11:13 Image size of job updated: 23857820
	23291  -  MemoryUsage of job (MB)
	23849048  -  ResidentSetSize of job (KB)
...
006 (7223596.006.000) 09/26 16:16:14 Image size of job updated: 23864084
	23299  -  MemoryUsage of job (MB)
	23857860  -  ResidentSetSize of job (KB)
...
006 (7223596.006.000) 09/26 16:21:15 Image size of job updated: 23973852
	23399  -  MemoryUsage of job (MB)
	23960104  -  ResidentSetSize of job (KB)
...
006 (7223596.006.000) 09/26 16:26:16 Image size of job updated: 23999180
	23422  -  MemoryUsage of job (MB)
	23983476  -  ResidentSetSize of job (KB)
...
006 (7223596.006.000) 09/26 16:31:16 Image size of job updated: 24017704
	23446  -  MemoryUsage of job (MB)
	24008352  -  ResidentSetSize of job (KB)
...
006 (7223596.006.000) 09/26 16:36:15 Image size of job updated: 24252588
	23672  -  MemoryUsage of job (MB)
	24239336  -  ResidentSetSize of job (KB)
...
006 (7223596.006.000) 09/26 16:41:16 Image size of job updated: 24265440
	23696  -  MemoryUsage of job (MB)
	24263860  -  ResidentSetSize of job (KB)
...
006 (7223596.006.000) 09/26 16:46:17 Image size of job updated: 24287048
	23700  -  MemoryUsage of job (MB)
	24268180  -  ResidentSetSize of job (KB)
...
006 (7223596.006.000) 09/26 16:51:18 Image size of job updated: 24294920
	23716  -  MemoryUsage of job (MB)
	24284796  -  ResidentSetSize of job (KB)
...
006 (7223596.006.000) 09/26 16:56:19 Image size of job updated: 24402616
	23820  -  MemoryUsage of job (MB)
	24390828  -  ResidentSetSize of job (KB)
...
006 (7223596.006.000) 09/26 17:05:54 Image size of job updated: 24426844
	23855  -  MemoryUsage of job (MB)
	24426844  -  ResidentSetSize of job (KB)
...
006 (7223596.006.000) 09/26 17:19:58 Image size of job updated: 24978084
	24389  -  MemoryUsage of job (MB)
	24973892  -  ResidentSetSize of job (KB)
...
006 (7223596.006.000) 09/26 17:31:16 Image size of job updated: 25476512
	24845  -  MemoryUsage of job (MB)
	25441172  -  ResidentSetSize of job (KB)
...
006 (7223596.006.000) 09/26 17:38:09 Image size of job updated: 26362136
	25640  -  MemoryUsage of job (MB)
	26254856  -  ResidentSetSize of job (KB)
...
006 (7223596.006.000) 09/26 17:45:54 Image size of job updated: 26495180
	25875  -  MemoryUsage of job (MB)
	26495180  -  ResidentSetSize of job (KB)
...
022 (7223596.006.000) 09/26 17:54:01 Job disconnected, attempting to reconnect
    Local schedd and job shadow died, schedd now running again
    Trying to reconnect to slot1_4@b9pgpun002.cern.ch <188.185.238.10:9618?addrs=188.185.238.10-9618+[2001-1458-303-28--100-6]-9618&alias=b9pgpun002.cern.ch&noUDP&sock=startd_600104_020a>
...
023 (7223596.006.000) 09/26 17:54:39 Job reconnected to slot1_4@b9pgpun002.cern.ch
    startd address: <188.185.238.10:9618?addrs=188.185.238.10-9618+[2001-1458-303-28--100-6]-9618&alias=b9pgpun002.cern.ch&noUDP&sock=startd_600104_020a>
    starter address: <188.185.238.10:9618?addrs=188.185.238.10-9618+[2001-1458-303-28--100-6]-9618&alias=b9pgpun002.cern.ch&noUDP&sock=slot1_4_1420705_f206_19505>
...
006 (7223596.006.000) 09/26 17:56:47 Image size of job updated: 27391336
	26750  -  MemoryUsage of job (MB)
	27391336  -  ResidentSetSize of job (KB)
...
006 (7223596.006.000) 09/26 18:05:03 Image size of job updated: 28129096
	27470  -  MemoryUsage of job (MB)
	28129096  -  ResidentSetSize of job (KB)
...
006 (7223596.006.000) 09/26 18:10:08 Image size of job updated: 28363936
	27700  -  MemoryUsage of job (MB)
	28363936  -  ResidentSetSize of job (KB)
...
006 (7223596.006.000) 09/26 18:15:09 Image size of job updated: 28797484
	28123  -  MemoryUsage of job (MB)
	28797484  -  ResidentSetSize of job (KB)
...
006 (7223596.006.000) 09/26 18:20:10 Image size of job updated: 29339424
	28652  -  MemoryUsage of job (MB)
	29339424  -  ResidentSetSize of job (KB)
...
006 (7223596.006.000) 09/26 18:25:10 Image size of job updated: 29425184
	28654  -  MemoryUsage of job (MB)
	29341216  -  ResidentSetSize of job (KB)
...
006 (7223596.006.000) 09/26 18:40:11 Image size of job updated: 30087796
	29383  -  MemoryUsage of job (MB)
	30087796  -  ResidentSetSize of job (KB)
...
006 (7223596.006.000) 09/26 18:45:12 Image size of job updated: 31226116
	30495  -  MemoryUsage of job (MB)
	31226116  -  ResidentSetSize of job (KB)
...
006 (7223596.006.000) 09/26 18:50:12 Image size of job updated: 32360196
	31602  -  MemoryUsage of job (MB)
	32360196  -  ResidentSetSize of job (KB)
...
006 (7223596.006.000) 09/26 18:53:49 Image size of job updated: 32958392
	31605  -  MemoryUsage of job (MB)
	32363012  -  ResidentSetSize of job (KB)
...
005 (7223596.006.000) 09/26 18:54:19 Job terminated.
	(1) Normal termination (return value 50)
		Usr 0 07:03:18, Sys 0 00:16:04  -  Run Remote Usage
		Usr 0 00:00:00, Sys 0 00:00:00  -  Run Local Usage
		Usr 0 11:55:48, Sys 0 00:30:51  -  Total Remote Usage
		Usr 0 00:00:00, Sys 0 00:00:00  -  Total Local Usage
	549829  -  Run Bytes Sent By Job
	0  -  Run Bytes Received By Job
	549829  -  Total Bytes Sent By Job
	1407  -  Total Bytes Received By Job
	Partitionable Resources :       Usage  Request Allocated 
	   Cpus                 :        1.00        1         1 
	   Disk (KB)            : 27665084    27665084   6830697 
	   Memory (MB)          :    31605        2000      2000 

	Job terminated of its own accord at 2024-09-26T16:53:49Z with exit-code 50.
...
