000 (7186304.003.000) 08/22 15:33:37 Job submitted from host: <137.138.44.55:9618?addrs=137.138.44.55-9618+[2001-1458-d00-1a--48]-9618&alias=bigbird17.cern.ch&noUDP&sock=schedd_23962_8474>
...
040 (7186304.003.000) 08/23 20:13:01 Started transferring input files
	Transferring to host: <128.142.248.123:9618?addrs=128.142.248.123-9618+[2001-1458-301-73--100-16b]-9618&alias=b9g23p2657.cern.ch&noUDP&sock=slot1_6_1296705_ba53_4979>
...
040 (7186304.003.000) 08/23 20:13:01 Finished transferring input files
...
001 (7186304.003.000) 08/23 20:13:02 Job executing on host: <128.142.248.123:9618?addrs=128.142.248.123-9618+[2001-1458-301-73--100-16b]-9618&alias=b9g23p2657.cern.ch&noUDP&sock=startd_3078_d498>
	SlotName: slot1_6@b9g23p2657.cern.ch
	CondorScratchDir = "/pool/condor/dir_3295262"
	Cpus = 1
	Disk = 2995023
	Memory = 2000
...
006 (7186304.003.000) 08/23 20:13:11 Image size of job updated: 549584
	537  -  MemoryUsage of job (MB)
	549468  -  ResidentSetSize of job (KB)
...
006 (7186304.003.000) 08/23 20:18:12 Image size of job updated: 587756
	540  -  MemoryUsage of job (MB)
	552184  -  ResidentSetSize of job (KB)
...
006 (7186304.003.000) 08/23 20:23:12 Image size of job updated: 596824
	572  -  MemoryUsage of job (MB)
	585360  -  ResidentSetSize of job (KB)
...
006 (7186304.003.000) 08/23 20:28:14 Image size of job updated: 628228
	605  -  MemoryUsage of job (MB)
	618572  -  ResidentSetSize of job (KB)
...
006 (7186304.003.000) 08/23 20:33:14 Image size of job updated: 647700
	628  -  MemoryUsage of job (MB)
	642428  -  ResidentSetSize of job (KB)
...
006 (7186304.003.000) 08/23 20:38:14 Image size of job updated: 708536
	640  -  MemoryUsage of job (MB)
	655240  -  ResidentSetSize of job (KB)
...
006 (7186304.003.000) 08/23 20:43:15 Image size of job updated: 708536
	664  -  MemoryUsage of job (MB)
	679736  -  ResidentSetSize of job (KB)
...
006 (7186304.003.000) 08/23 20:48:15 Image size of job updated: 708536
	666  -  MemoryUsage of job (MB)
	681500  -  ResidentSetSize of job (KB)
...
006 (7186304.003.000) 08/23 20:53:15 Image size of job updated: 720624
	680  -  MemoryUsage of job (MB)
	695612  -  ResidentSetSize of job (KB)
...
006 (7186304.003.000) 08/23 20:58:16 Image size of job updated: 789360
	756  -  MemoryUsage of job (MB)
	773956  -  ResidentSetSize of job (KB)
...
006 (7186304.003.000) 08/23 21:03:16 Image size of job updated: 878748
	826  -  MemoryUsage of job (MB)
	845448  -  ResidentSetSize of job (KB)
...
006 (7186304.003.000) 08/23 21:08:18 Image size of job updated: 3565668
	3483  -  MemoryUsage of job (MB)
	3565668  -  ResidentSetSize of job (KB)
...
006 (7186304.003.000) 08/23 21:13:18 Image size of job updated: 3715224
	3629  -  MemoryUsage of job (MB)
	3715224  -  ResidentSetSize of job (KB)
...
006 (7186304.003.000) 08/23 21:18:18 Image size of job updated: 3860916
	3771  -  MemoryUsage of job (MB)
	3860916  -  ResidentSetSize of job (KB)
...
006 (7186304.003.000) 08/23 21:23:19 Image size of job updated: 4010956
	3917  -  MemoryUsage of job (MB)
	4010724  -  ResidentSetSize of job (KB)
...
006 (7186304.003.000) 08/23 21:28:19 Image size of job updated: 4161616
	4065  -  MemoryUsage of job (MB)
	4161616  -  ResidentSetSize of job (KB)
...
006 (7186304.003.000) 08/23 21:33:19 Image size of job updated: 4316688
	4216  -  MemoryUsage of job (MB)
	4316688  -  ResidentSetSize of job (KB)
...
006 (7186304.003.000) 08/23 21:38:20 Image size of job updated: 4479268
	4375  -  MemoryUsage of job (MB)
	4479268  -  ResidentSetSize of job (KB)
...
006 (7186304.003.000) 08/23 21:43:20 Image size of job updated: 4624464
	4517  -  MemoryUsage of job (MB)
	4624464  -  ResidentSetSize of job (KB)
...
006 (7186304.003.000) 08/23 21:48:21 Image size of job updated: 4769392
	4658  -  MemoryUsage of job (MB)
	4769392  -  ResidentSetSize of job (KB)
...
006 (7186304.003.000) 08/23 21:53:22 Image size of job updated: 4943684
	4828  -  MemoryUsage of job (MB)
	4943684  -  ResidentSetSize of job (KB)
...
006 (7186304.003.000) 08/23 21:58:22 Image size of job updated: 5096576
	4978  -  MemoryUsage of job (MB)
	5096576  -  ResidentSetSize of job (KB)
...
006 (7186304.003.000) 08/23 22:03:24 Image size of job updated: 5273224
	4978  -  MemoryUsage of job (MB)
	5096576  -  ResidentSetSize of job (KB)
...
040 (7186304.003.000) 08/23 22:04:08 Started transferring output files
...
040 (7186304.003.000) 08/23 22:04:08 Finished transferring output files
...
005 (7186304.003.000) 08/23 22:04:08 Job terminated.
	(1) Normal termination (return value 50)
		Usr 0 01:49:17, Sys 0 00:00:55  -  Run Remote Usage
		Usr 0 00:00:00, Sys 0 00:00:00  -  Run Local Usage
		Usr 0 01:49:17, Sys 0 00:00:55  -  Total Remote Usage
		Usr 0 00:00:00, Sys 0 00:00:00  -  Total Local Usage
	16997  -  Run Bytes Sent By Job
	2782  -  Run Bytes Received By Job
	16997  -  Total Bytes Sent By Job
	2782  -  Total Bytes Received By Job
	Partitionable Resources :      Usage  Request Allocated 
	   Cpus                 :       0.99        1         1 
	   Disk (KB)            : 1967842           3   2995023 
	   Memory (MB)          :    4978        2000      2000 

	Job terminated of its own accord at 2024-08-23T20:04:08Z with exit-code 50.
...
