000 (7186304.004.000) 08/22 15:33:37 Job submitted from host: <137.138.44.55:9618?addrs=137.138.44.55-9618+[2001-1458-d00-1a--48]-9618&alias=bigbird17.cern.ch&noUDP&sock=schedd_23962_8474>
...
040 (7186304.004.000) 08/23 20:13:02 Started transferring input files
	Transferring to host: <128.142.248.197:9618?addrs=128.142.248.197-9618+[2001-1458-301-73--100-c4]-9618&alias=b9g23p2961.cern.ch&noUDP&sock=slot1_24_7499_794a_1093>
...
040 (7186304.004.000) 08/23 20:13:03 Finished transferring input files
...
001 (7186304.004.000) 08/23 20:13:03 Job executing on host: <128.142.248.197:9618?addrs=128.142.248.197-9618+[2001-1458-301-73--100-c4]-9618&alias=b9g23p2961.cern.ch&noUDP&sock=startd_5911_0866>
	SlotName: slot1_24@b9g23p2961.cern.ch
	CondorScratchDir = "/pool/condor/dir_1199260"
	Cpus = 1
	Disk = 3082959
	Memory = 2000
...
006 (7186304.004.000) 08/23 20:13:12 Image size of job updated: 582872
	329  -  MemoryUsage of job (MB)
	336376  -  ResidentSetSize of job (KB)
...
006 (7186304.004.000) 08/23 20:18:12 Image size of job updated: 582872
	479  -  MemoryUsage of job (MB)
	489932  -  ResidentSetSize of job (KB)
...
006 (7186304.004.000) 08/23 20:23:13 Image size of job updated: 603080
	576  -  MemoryUsage of job (MB)
	589044  -  ResidentSetSize of job (KB)
...
006 (7186304.004.000) 08/23 20:28:14 Image size of job updated: 630256
	605  -  MemoryUsage of job (MB)
	619388  -  ResidentSetSize of job (KB)
...
006 (7186304.004.000) 08/23 20:33:14 Image size of job updated: 646744
	629  -  MemoryUsage of job (MB)
	644032  -  ResidentSetSize of job (KB)
...
006 (7186304.004.000) 08/23 20:38:15 Image size of job updated: 708608
	641  -  MemoryUsage of job (MB)
	655368  -  ResidentSetSize of job (KB)
...
006 (7186304.004.000) 08/23 20:43:15 Image size of job updated: 708608
	662  -  MemoryUsage of job (MB)
	677572  -  ResidentSetSize of job (KB)
...
006 (7186304.004.000) 08/23 20:48:15 Image size of job updated: 708608
	666  -  MemoryUsage of job (MB)
	681732  -  ResidentSetSize of job (KB)
...
006 (7186304.004.000) 08/23 20:53:16 Image size of job updated: 720764
	690  -  MemoryUsage of job (MB)
	705608  -  ResidentSetSize of job (KB)
...
006 (7186304.004.000) 08/23 20:58:16 Image size of job updated: 833812
	809  -  MemoryUsage of job (MB)
	827664  -  ResidentSetSize of job (KB)
...
006 (7186304.004.000) 08/23 21:03:17 Image size of job updated: 3485456
	3404  -  MemoryUsage of job (MB)
	3485456  -  ResidentSetSize of job (KB)
...
006 (7186304.004.000) 08/23 21:08:18 Image size of job updated: 3659988
	3575  -  MemoryUsage of job (MB)
	3659988  -  ResidentSetSize of job (KB)
...
006 (7186304.004.000) 08/23 21:13:18 Image size of job updated: 3819592
	3731  -  MemoryUsage of job (MB)
	3819592  -  ResidentSetSize of job (KB)
...
006 (7186304.004.000) 08/23 21:18:20 Image size of job updated: 3977804
	3885  -  MemoryUsage of job (MB)
	3977804  -  ResidentSetSize of job (KB)
...
006 (7186304.004.000) 08/23 21:23:20 Image size of job updated: 4138728
	4042  -  MemoryUsage of job (MB)
	4138728  -  ResidentSetSize of job (KB)
...
006 (7186304.004.000) 08/23 21:28:20 Image size of job updated: 4287680
	4188  -  MemoryUsage of job (MB)
	4287680  -  ResidentSetSize of job (KB)
...
006 (7186304.004.000) 08/23 21:33:21 Image size of job updated: 4455152
	4351  -  MemoryUsage of job (MB)
	4455152  -  ResidentSetSize of job (KB)
...
006 (7186304.004.000) 08/23 21:38:21 Image size of job updated: 4616952
	4509  -  MemoryUsage of job (MB)
	4616952  -  ResidentSetSize of job (KB)
...
006 (7186304.004.000) 08/23 21:43:21 Image size of job updated: 4774396
	4663  -  MemoryUsage of job (MB)
	4774396  -  ResidentSetSize of job (KB)
...
006 (7186304.004.000) 08/23 21:48:22 Image size of job updated: 4942616
	4827  -  MemoryUsage of job (MB)
	4942616  -  ResidentSetSize of job (KB)
...
006 (7186304.004.000) 08/23 21:53:22 Image size of job updated: 5083972
	4965  -  MemoryUsage of job (MB)
	5083972  -  ResidentSetSize of job (KB)
...
006 (7186304.004.000) 08/23 21:58:23 Image size of job updated: 5262724
	5140  -  MemoryUsage of job (MB)
	5262724  -  ResidentSetSize of job (KB)
...
006 (7186304.004.000) 08/23 21:59:39 Image size of job updated: 5270940
	5140  -  MemoryUsage of job (MB)
	5262724  -  ResidentSetSize of job (KB)
...
040 (7186304.004.000) 08/23 21:59:39 Started transferring output files
...
040 (7186304.004.000) 08/23 21:59:39 Finished transferring output files
...
005 (7186304.004.000) 08/23 21:59:39 Job terminated.
	(1) Normal termination (return value 50)
		Usr 0 01:45:11, Sys 0 00:00:46  -  Run Remote Usage
		Usr 0 00:00:00, Sys 0 00:00:00  -  Run Local Usage
		Usr 0 01:45:11, Sys 0 00:00:46  -  Total Remote Usage
		Usr 0 00:00:00, Sys 0 00:00:00  -  Total Local Usage
	17001  -  Run Bytes Sent By Job
	2782  -  Run Bytes Received By Job
	17001  -  Total Bytes Sent By Job
	2782  -  Total Bytes Received By Job
	Partitionable Resources :      Usage  Request Allocated 
	   Cpus                 :       1.00        1         1 
	   Disk (KB)            : 2033692           3   3082959 
	   Memory (MB)          :    5140        2000      2000 

	Job terminated of its own accord at 2024-08-23T19:59:39Z with exit-code 50.
...
