000 (7186304.006.000) 08/22 15:33:37 Job submitted from host: <137.138.44.55:9618?addrs=137.138.44.55-9618+[2001-1458-d00-1a--48]-9618&alias=bigbird17.cern.ch&noUDP&sock=schedd_23962_8474>
...
040 (7186304.006.000) 08/23 20:15:03 Started transferring input files
	Transferring to host: <128.142.248.15:9618?addrs=128.142.248.15-9618+[2001-1458-301-73--100-ff]-9618&alias=b9g23p2723.cern.ch&noUDP&sock=slot1_19_3961800_404a_5640>
...
040 (7186304.006.000) 08/23 20:15:03 Finished transferring input files
...
001 (7186304.006.000) 08/23 20:15:04 Job executing on host: <128.142.248.15:9618?addrs=128.142.248.15-9618+[2001-1458-301-73--100-ff]-9618&alias=b9g23p2723.cern.ch&noUDP&sock=startd_5130_54ef>
	SlotName: slot1_19@b9g23p2723.cern.ch
	CondorScratchDir = "/pool/condor/dir_2766591"
	Cpus = 1
	Disk = 2985994
	Memory = 2000
...
006 (7186304.006.000) 08/23 20:15:13 Image size of job updated: 566564
	554  -  MemoryUsage of job (MB)
	566552  -  ResidentSetSize of job (KB)
...
006 (7186304.006.000) 08/23 20:20:13 Image size of job updated: 589724
	556  -  MemoryUsage of job (MB)
	569060  -  ResidentSetSize of job (KB)
...
006 (7186304.006.000) 08/23 20:25:14 Image size of job updated: 601436
	580  -  MemoryUsage of job (MB)
	593044  -  ResidentSetSize of job (KB)
...
006 (7186304.006.000) 08/23 20:30:15 Image size of job updated: 635784
	621  -  MemoryUsage of job (MB)
	635784  -  ResidentSetSize of job (KB)
...
006 (7186304.006.000) 08/23 20:35:15 Image size of job updated: 655936
	638  -  MemoryUsage of job (MB)
	652460  -  ResidentSetSize of job (KB)
...
006 (7186304.006.000) 08/23 20:40:16 Image size of job updated: 718048
	653  -  MemoryUsage of job (MB)
	668436  -  ResidentSetSize of job (KB)
...
006 (7186304.006.000) 08/23 20:45:16 Image size of job updated: 718048
	671  -  MemoryUsage of job (MB)
	687028  -  ResidentSetSize of job (KB)
...
006 (7186304.006.000) 08/23 20:50:16 Image size of job updated: 718048
	675  -  MemoryUsage of job (MB)
	691048  -  ResidentSetSize of job (KB)
...
006 (7186304.006.000) 08/23 20:55:17 Image size of job updated: 730412
	689  -  MemoryUsage of job (MB)
	705280  -  ResidentSetSize of job (KB)
...
006 (7186304.006.000) 08/23 21:00:17 Image size of job updated: 783064
	751  -  MemoryUsage of job (MB)
	768148  -  ResidentSetSize of job (KB)
...
006 (7186304.006.000) 08/23 21:05:18 Image size of job updated: 887344
	833  -  MemoryUsage of job (MB)
	852464  -  ResidentSetSize of job (KB)
...
006 (7186304.006.000) 08/23 21:10:19 Image size of job updated: 3561180
	3478  -  MemoryUsage of job (MB)
	3561180  -  ResidentSetSize of job (KB)
...
006 (7186304.006.000) 08/23 21:15:19 Image size of job updated: 3714984
	3628  -  MemoryUsage of job (MB)
	3714984  -  ResidentSetSize of job (KB)
...
006 (7186304.006.000) 08/23 21:20:20 Image size of job updated: 3870348
	3780  -  MemoryUsage of job (MB)
	3870348  -  ResidentSetSize of job (KB)
...
006 (7186304.006.000) 08/23 21:25:20 Image size of job updated: 4022360
	3929  -  MemoryUsage of job (MB)
	4022360  -  ResidentSetSize of job (KB)
...
006 (7186304.006.000) 08/23 21:30:20 Image size of job updated: 4179960
	4082  -  MemoryUsage of job (MB)
	4179960  -  ResidentSetSize of job (KB)
...
006 (7186304.006.000) 08/23 21:35:21 Image size of job updated: 4333240
	4232  -  MemoryUsage of job (MB)
	4333240  -  ResidentSetSize of job (KB)
...
006 (7186304.006.000) 08/23 21:40:21 Image size of job updated: 4478672
	4374  -  MemoryUsage of job (MB)
	4478672  -  ResidentSetSize of job (KB)
...
006 (7186304.006.000) 08/23 21:45:23 Image size of job updated: 4617584
	4510  -  MemoryUsage of job (MB)
	4617584  -  ResidentSetSize of job (KB)
...
006 (7186304.006.000) 08/23 21:50:23 Image size of job updated: 4756564
	4646  -  MemoryUsage of job (MB)
	4756564  -  ResidentSetSize of job (KB)
...
006 (7186304.006.000) 08/23 21:55:23 Image size of job updated: 4921752
	4807  -  MemoryUsage of job (MB)
	4921412  -  ResidentSetSize of job (KB)
...
006 (7186304.006.000) 08/23 22:00:24 Image size of job updated: 5076064
	4958  -  MemoryUsage of job (MB)
	5076064  -  ResidentSetSize of job (KB)
...
006 (7186304.006.000) 08/23 22:05:24 Image size of job updated: 5233980
	5112  -  MemoryUsage of job (MB)
	5233980  -  ResidentSetSize of job (KB)
...
006 (7186304.006.000) 08/23 22:07:25 Image size of job updated: 5279144
	5112  -  MemoryUsage of job (MB)
	5233988  -  ResidentSetSize of job (KB)
...
040 (7186304.006.000) 08/23 22:07:25 Started transferring output files
...
040 (7186304.006.000) 08/23 22:07:25 Finished transferring output files
...
005 (7186304.006.000) 08/23 22:07:25 Job terminated.
	(1) Normal termination (return value 50)
		Usr 0 01:50:28, Sys 0 00:01:03  -  Run Remote Usage
		Usr 0 00:00:00, Sys 0 00:00:00  -  Run Local Usage
		Usr 0 01:50:28, Sys 0 00:01:03  -  Total Remote Usage
		Usr 0 00:00:00, Sys 0 00:00:00  -  Total Local Usage
	17003  -  Run Bytes Sent By Job
	2782  -  Run Bytes Received By Job
	17003  -  Total Bytes Sent By Job
	2782  -  Total Bytes Received By Job
	Partitionable Resources :      Usage  Request Allocated 
	   Cpus                 :       0.99        1         1 
	   Disk (KB)            : 1998318           3   2985994 
	   Memory (MB)          :    5112        2000      2000 

	Job terminated of its own accord at 2024-08-23T20:07:25Z with exit-code 50.
...
