000 (7187319.006.000) 08/26 07:56:05 Job submitted from host: <137.138.44.55:9618?addrs=137.138.44.55-9618+[2001-1458-d00-1a--48]-9618&alias=bigbird17.cern.ch&noUDP&sock=schedd_23962_8474>
...
040 (7187319.006.000) 08/28 04:10:27 Started transferring input files
	Transferring to host: <188.185.93.105:9618?addrs=188.185.93.105-9618+[2001-1458-d00-6c--100-242]-9618&alias=b9g57n8656.cern.ch&noUDP&sock=slot1_2_18300_c161_112988>
...
040 (7187319.006.000) 08/28 04:10:27 Finished transferring input files
...
001 (7187319.006.000) 08/28 04:10:28 Job executing on host: <188.185.93.105:9618?addrs=188.185.93.105-9618+[2001-1458-d00-6c--100-242]-9618&alias=b9g57n8656.cern.ch&noUDP&sock=startd_17874_a7e1>
	SlotName: slot1_2@b9g57n8656.cern.ch
	AvailableGPUs = { GPUs_GPU_3476cdbf }
	CondorScratchDir = "/pool/condor/dir_922539"
	Cpus = 1
	Disk = 1458265
	GPUs = 1
	GPUs_GPU_3476cdbf = [ GlobalMemoryMb = 40326; MaxSupportedVersion = 12040; DriverVersion = 12.4; DeviceName = "NVIDIA A100-PCIE-40GB"; CoresPerCU = 64; ECCEnabled = true; ComputeUnits = 108; ClockMhz = 1410.0; Id = "GPU-3476cdbf"; Capability = 8.0; DevicePciBusId = "0000:07:00.0"; DeviceUuid = "3476cdbf-8987-add2-4b1f-d0698e25a142" ]
	Memory = 2000
...
006 (7187319.006.000) 08/28 04:10:37 Image size of job updated: 186631760
	13589  -  MemoryUsage of job (MB)
	13915092  -  ResidentSetSize of job (KB)
...
006 (7187319.006.000) 08/28 04:15:37 Image size of job updated: 186631760
	13652  -  MemoryUsage of job (MB)
	13979176  -  ResidentSetSize of job (KB)
...
006 (7187319.006.000) 08/28 04:20:38 Image size of job updated: 186631760
	13673  -  MemoryUsage of job (MB)
	14000856  -  ResidentSetSize of job (KB)
...
006 (7187319.006.000) 08/28 04:25:38 Image size of job updated: 186631760
	13714  -  MemoryUsage of job (MB)
	14042316  -  ResidentSetSize of job (KB)
...
006 (7187319.006.000) 08/28 04:30:39 Image size of job updated: 186631760
	13792  -  MemoryUsage of job (MB)
	14122372  -  ResidentSetSize of job (KB)
...
006 (7187319.006.000) 08/28 04:35:39 Image size of job updated: 186631760
	14037  -  MemoryUsage of job (MB)
	14372892  -  ResidentSetSize of job (KB)
...
006 (7187319.006.000) 08/28 08:00:59 Image size of job updated: 186631760
	14090  -  MemoryUsage of job (MB)
	14427452  -  ResidentSetSize of job (KB)
...
006 (7187319.006.000) 08/28 08:06:00 Image size of job updated: 186631760
	14090  -  MemoryUsage of job (MB)
	14427708  -  ResidentSetSize of job (KB)
...
006 (7187319.006.000) 08/28 08:26:02 Image size of job updated: 186631760
	14122  -  MemoryUsage of job (MB)
	14460864  -  ResidentSetSize of job (KB)
...
006 (7187319.006.000) 08/28 08:41:03 Image size of job updated: 186631760
	14143  -  MemoryUsage of job (MB)
	14481536  -  ResidentSetSize of job (KB)
...
006 (7187319.006.000) 08/28 08:51:04 Image size of job updated: 186631760
	14153  -  MemoryUsage of job (MB)
	14492096  -  ResidentSetSize of job (KB)
...
006 (7187319.006.000) 08/28 08:56:05 Image size of job updated: 186631760
	14176  -  MemoryUsage of job (MB)
	14515860  -  ResidentSetSize of job (KB)
...
006 (7187319.006.000) 08/28 09:01:05 Image size of job updated: 186631760
	14197  -  MemoryUsage of job (MB)
	14537324  -  ResidentSetSize of job (KB)
...
006 (7187319.006.000) 08/28 09:16:07 Image size of job updated: 186631760
	14272  -  MemoryUsage of job (MB)
	14614108  -  ResidentSetSize of job (KB)
...
006 (7187319.006.000) 08/28 09:21:07 Image size of job updated: 186631760
	14283  -  MemoryUsage of job (MB)
	14625160  -  ResidentSetSize of job (KB)
...
006 (7187319.006.000) 08/28 09:26:07 Image size of job updated: 186631760
	14364  -  MemoryUsage of job (MB)
	14708376  -  ResidentSetSize of job (KB)
...
006 (7187319.006.000) 08/28 09:31:07 Image size of job updated: 186631760
	14394  -  MemoryUsage of job (MB)
	14738540  -  ResidentSetSize of job (KB)
...
006 (7187319.006.000) 08/28 09:36:08 Image size of job updated: 186631760
	14498  -  MemoryUsage of job (MB)
	14845268  -  ResidentSetSize of job (KB)
...
006 (7187319.006.000) 08/28 10:06:11 Image size of job updated: 186631760
	14514  -  MemoryUsage of job (MB)
	14861460  -  ResidentSetSize of job (KB)
...
006 (7187319.006.000) 08/28 10:21:14 Image size of job updated: 186631760
	14529  -  MemoryUsage of job (MB)
	14877548  -  ResidentSetSize of job (KB)
...
006 (7187319.006.000) 08/28 10:26:14 Image size of job updated: 186631760
	14550  -  MemoryUsage of job (MB)
	14898924  -  ResidentSetSize of job (KB)
...
006 (7187319.006.000) 08/28 10:46:17 Image size of job updated: 186631760
	14559  -  MemoryUsage of job (MB)
	14907856  -  ResidentSetSize of job (KB)
...
006 (7187319.006.000) 08/28 11:06:18 Image size of job updated: 186631760
	14714  -  MemoryUsage of job (MB)
	15066992  -  ResidentSetSize of job (KB)
...
006 (7187319.006.000) 08/28 11:11:19 Image size of job updated: 186631760
	14799  -  MemoryUsage of job (MB)
	15153612  -  ResidentSetSize of job (KB)
...
006 (7187319.006.000) 08/28 11:16:19 Image size of job updated: 186631760
	15448  -  MemoryUsage of job (MB)
	15817852  -  ResidentSetSize of job (KB)
...
006 (7187319.006.000) 08/28 11:21:20 Image size of job updated: 186631760
	16101  -  MemoryUsage of job (MB)
	16487148  -  ResidentSetSize of job (KB)
...
006 (7187319.006.000) 08/28 11:26:21 Image size of job updated: 186631760
	16766  -  MemoryUsage of job (MB)
	17167564  -  ResidentSetSize of job (KB)
...
006 (7187319.006.000) 08/28 11:31:21 Image size of job updated: 186631760
	17395  -  MemoryUsage of job (MB)
	17812132  -  ResidentSetSize of job (KB)
...
006 (7187319.006.000) 08/28 11:36:22 Image size of job updated: 186631760
	18063  -  MemoryUsage of job (MB)
	18496052  -  ResidentSetSize of job (KB)
...
006 (7187319.006.000) 08/28 11:37:19 Image size of job updated: 186631760
	18064  -  MemoryUsage of job (MB)
	18496564  -  ResidentSetSize of job (KB)
...
040 (7187319.006.000) 08/28 11:37:19 Started transferring output files
...
040 (7187319.006.000) 08/28 11:37:19 Finished transferring output files
...
005 (7187319.006.000) 08/28 11:37:20 Job terminated.
	(1) Normal termination (return value 50)
		Usr 1 00:59:50, Sys 2 00:46:30  -  Run Remote Usage
		Usr 0 00:00:00, Sys 0 00:00:00  -  Run Local Usage
		Usr 1 00:59:50, Sys 2 00:46:30  -  Total Remote Usage
		Usr 0 00:00:00, Sys 0 00:00:00  -  Total Local Usage
	210632  -  Run Bytes Sent By Job
	2919  -  Run Bytes Received By Job
	210632  -  Total Bytes Sent By Job
	2919  -  Total Bytes Received By Job
	Partitionable Resources :      Usage  Request Allocated Assigned
	   Cpus                 :       1.00        1         1 
	   Disk (KB)            : 4894515           3   1458265 
	   Gpus (Average)       :       0.01        1         1 "GPU-3476cdbf"
	   GpusMemory (MB)      :    1913                       
	   Memory (MB)          :   18064        2000      2000 

	Job terminated of its own accord at 2024-08-28T09:37:19Z with exit-code 50.
...
