000 (7187319.000.000) 08/26 07:56:05 Job submitted from host: <137.138.44.55:9618?addrs=137.138.44.55-9618+[2001-1458-d00-1a--48]-9618&alias=bigbird17.cern.ch&noUDP&sock=schedd_23962_8474>
...
040 (7187319.000.000) 08/28 03:13:00 Started transferring input files
	Transferring to host: <188.185.93.118:9618?addrs=188.185.93.118-9618+[2001-1458-d00-6c--100-36b]-9618&alias=b9g57n6545.cern.ch&noUDP&sock=slot1_1_16786_0164_109527>
...
040 (7187319.000.000) 08/28 03:13:00 Finished transferring input files
...
001 (7187319.000.000) 08/28 03:13:01 Job executing on host: <188.185.93.118:9618?addrs=188.185.93.118-9618+[2001-1458-d00-6c--100-36b]-9618&alias=b9g57n6545.cern.ch&noUDP&sock=startd_16364_ebdf>
	SlotName: slot1_1@b9g57n6545.cern.ch
	AvailableGPUs = { GPUs_GPU_1d17f189 }
	CondorScratchDir = "/pool/condor/dir_3270542"
	Cpus = 1
	Disk = 329962
	GPUs = 1
	GPUs_GPU_1d17f189 = [ GlobalMemoryMb = 40326; MaxSupportedVersion = 12040; DriverVersion = 12.4; DeviceUuid = "1d17f189-4819-0334-33fe-0cacfb19687c"; DeviceName = "NVIDIA A100-PCIE-40GB"; CoresPerCU = 64; ECCEnabled = true; ComputeUnits = 108; ClockMhz = 1410.0; Id = "GPU-1d17f189"; DevicePciBusId = "0000:06:00.0"; Capability = 8.0 ]
	Memory = 2000
...
006 (7187319.000.000) 08/28 03:13:10 Image size of job updated: 1588592
	1552  -  MemoryUsage of job (MB)
	1588516  -  ResidentSetSize of job (KB)
...
006 (7187319.000.000) 08/28 03:18:10 Image size of job updated: 1956408
	1910  -  MemoryUsage of job (MB)
	1954872  -  ResidentSetSize of job (KB)
...
006 (7187319.000.000) 08/28 03:23:11 Image size of job updated: 2092548
	2000  -  MemoryUsage of job (MB)
	2046984  -  ResidentSetSize of job (KB)
...
006 (7187319.000.000) 08/28 03:28:11 Image size of job updated: 2192896
	2142  -  MemoryUsage of job (MB)
	2192896  -  ResidentSetSize of job (KB)
...
006 (7187319.000.000) 08/28 03:33:12 Image size of job updated: 2298360
	2149  -  MemoryUsage of job (MB)
	2199808  -  ResidentSetSize of job (KB)
...
006 (7187319.000.000) 08/28 03:38:13 Image size of job updated: 2391140
	2156  -  MemoryUsage of job (MB)
	2206892  -  ResidentSetSize of job (KB)
...
006 (7187319.000.000) 08/28 03:43:14 Image size of job updated: 2459640
	2257  -  MemoryUsage of job (MB)
	2310720  -  ResidentSetSize of job (KB)
...
006 (7187319.000.000) 08/28 03:48:14 Image size of job updated: 2549052
	2411  -  MemoryUsage of job (MB)
	2468460  -  ResidentSetSize of job (KB)
...
006 (7187319.000.000) 08/28 03:53:15 Image size of job updated: 2633608
	2558  -  MemoryUsage of job (MB)
	2619304  -  ResidentSetSize of job (KB)
...
006 (7187319.000.000) 08/28 03:58:16 Image size of job updated: 2763884
	2691  -  MemoryUsage of job (MB)
	2755392  -  ResidentSetSize of job (KB)
...
006 (7187319.000.000) 08/28 04:03:16 Image size of job updated: 2807948
	2691  -  MemoryUsage of job (MB)
	2755392  -  ResidentSetSize of job (KB)
...
006 (7187319.000.000) 08/28 04:08:17 Image size of job updated: 2900068
	2691  -  MemoryUsage of job (MB)
	2755392  -  ResidentSetSize of job (KB)
...
006 (7187319.000.000) 08/28 04:13:17 Image size of job updated: 3088924
	2916  -  MemoryUsage of job (MB)
	2985804  -  ResidentSetSize of job (KB)
...
006 (7187319.000.000) 08/28 04:18:17 Image size of job updated: 3192380
	3088  -  MemoryUsage of job (MB)
	3161548  -  ResidentSetSize of job (KB)
...
006 (7187319.000.000) 08/28 04:28:18 Image size of job updated: 3355748
	3277  -  MemoryUsage of job (MB)
	3355588  -  ResidentSetSize of job (KB)
...
006 (7187319.000.000) 08/28 04:33:19 Image size of job updated: 3430296
	3321  -  MemoryUsage of job (MB)
	3399908  -  ResidentSetSize of job (KB)
...
006 (7187319.000.000) 08/28 04:38:19 Image size of job updated: 3465504
	3321  -  MemoryUsage of job (MB)
	3399908  -  ResidentSetSize of job (KB)
...
006 (7187319.000.000) 08/28 04:43:20 Image size of job updated: 3533436
	3380  -  MemoryUsage of job (MB)
	3460188  -  ResidentSetSize of job (KB)
...
006 (7187319.000.000) 08/28 04:48:21 Image size of job updated: 3667468
	3452  -  MemoryUsage of job (MB)
	3534676  -  ResidentSetSize of job (KB)
...
006 (7187319.000.000) 08/28 04:53:21 Image size of job updated: 3757224
	3526  -  MemoryUsage of job (MB)
	3609956  -  ResidentSetSize of job (KB)
...
006 (7187319.000.000) 08/28 04:58:22 Image size of job updated: 3851636
	3741  -  MemoryUsage of job (MB)
	3829944  -  ResidentSetSize of job (KB)
...
006 (7187319.000.000) 08/28 05:03:23 Image size of job updated: 3943548
	3850  -  MemoryUsage of job (MB)
	3942348  -  ResidentSetSize of job (KB)
...
006 (7187319.000.000) 08/28 05:08:23 Image size of job updated: 4025044
	3907  -  MemoryUsage of job (MB)
	4000676  -  ResidentSetSize of job (KB)
...
006 (7187319.000.000) 08/28 05:13:24 Image size of job updated: 4088596
	3975  -  MemoryUsage of job (MB)
	4070364  -  ResidentSetSize of job (KB)
...
006 (7187319.000.000) 08/28 05:18:24 Image size of job updated: 4176992
	4027  -  MemoryUsage of job (MB)
	4123460  -  ResidentSetSize of job (KB)
...
006 (7187319.000.000) 08/28 05:23:25 Image size of job updated: 4256700
	4072  -  MemoryUsage of job (MB)
	4169724  -  ResidentSetSize of job (KB)
...
006 (7187319.000.000) 08/28 05:28:25 Image size of job updated: 4309996
	4138  -  MemoryUsage of job (MB)
	4236544  -  ResidentSetSize of job (KB)
...
006 (7187319.000.000) 08/28 05:33:26 Image size of job updated: 4434688
	4283  -  MemoryUsage of job (MB)
	4385760  -  ResidentSetSize of job (KB)
...
006 (7187319.000.000) 08/28 05:38:26 Image size of job updated: 4560088
	4447  -  MemoryUsage of job (MB)
	4553156  -  ResidentSetSize of job (KB)
...
006 (7187319.000.000) 08/28 05:43:27 Image size of job updated: 4653160
	4447  -  MemoryUsage of job (MB)
	4553156  -  ResidentSetSize of job (KB)
...
006 (7187319.000.000) 08/28 05:48:27 Image size of job updated: 4695692
	4447  -  MemoryUsage of job (MB)
	4553156  -  ResidentSetSize of job (KB)
...
006 (7187319.000.000) 08/28 05:53:28 Image size of job updated: 4883336
	4542  -  MemoryUsage of job (MB)
	4650264  -  ResidentSetSize of job (KB)
...
006 (7187319.000.000) 08/28 05:58:28 Image size of job updated: 4954012
	4796  -  MemoryUsage of job (MB)
	4910912  -  ResidentSetSize of job (KB)
...
006 (7187319.000.000) 08/28 06:03:29 Image size of job updated: 5061852
	4797  -  MemoryUsage of job (MB)
	4911388  -  ResidentSetSize of job (KB)
...
006 (7187319.000.000) 08/28 06:08:29 Image size of job updated: 5179568
	5039  -  MemoryUsage of job (MB)
	5159148  -  ResidentSetSize of job (KB)
...
006 (7187319.000.000) 08/28 06:13:30 Image size of job updated: 5256980
	5054  -  MemoryUsage of job (MB)
	5174696  -  ResidentSetSize of job (KB)
...
006 (7187319.000.000) 08/28 06:18:30 Image size of job updated: 5303808
	5114  -  MemoryUsage of job (MB)
	5236348  -  ResidentSetSize of job (KB)
...
006 (7187319.000.000) 08/28 06:23:31 Image size of job updated: 5449348
	5267  -  MemoryUsage of job (MB)
	5392984  -  ResidentSetSize of job (KB)
...
006 (7187319.000.000) 08/28 06:28:31 Image size of job updated: 5492144
	5267  -  MemoryUsage of job (MB)
	5392984  -  ResidentSetSize of job (KB)
...
006 (7187319.000.000) 08/28 06:33:32 Image size of job updated: 5536976
	5329  -  MemoryUsage of job (MB)
	5456544  -  ResidentSetSize of job (KB)
...
006 (7187319.000.000) 08/28 06:38:33 Image size of job updated: 5689964
	5507  -  MemoryUsage of job (MB)
	5638412  -  ResidentSetSize of job (KB)
...
006 (7187319.000.000) 08/28 06:43:33 Image size of job updated: 5829708
	5530  -  MemoryUsage of job (MB)
	5662548  -  ResidentSetSize of job (KB)
...
006 (7187319.000.000) 08/28 06:48:34 Image size of job updated: 5829708
	5655  -  MemoryUsage of job (MB)
	5790260  -  ResidentSetSize of job (KB)
...
006 (7187319.000.000) 08/28 06:53:34 Image size of job updated: 5889192
	5752  -  MemoryUsage of job (MB)
	5889192  -  ResidentSetSize of job (KB)
...
006 (7187319.000.000) 08/28 06:58:35 Image size of job updated: 5934180
	5781  -  MemoryUsage of job (MB)
	5919148  -  ResidentSetSize of job (KB)
...
006 (7187319.000.000) 08/28 07:03:36 Image size of job updated: 5984368
	5781  -  MemoryUsage of job (MB)
	5919148  -  ResidentSetSize of job (KB)
...
006 (7187319.000.000) 08/28 07:08:36 Image size of job updated: 6059636
	5884  -  MemoryUsage of job (MB)
	6025136  -  ResidentSetSize of job (KB)
...
006 (7187319.000.000) 08/28 07:13:37 Image size of job updated: 6116012
	5889  -  MemoryUsage of job (MB)
	6029508  -  ResidentSetSize of job (KB)
...
006 (7187319.000.000) 08/28 07:18:37 Image size of job updated: 6195968
	6015  -  MemoryUsage of job (MB)
	6158680  -  ResidentSetSize of job (KB)
...
006 (7187319.000.000) 08/28 07:23:38 Image size of job updated: 6310876
	6138  -  MemoryUsage of job (MB)
	6285164  -  ResidentSetSize of job (KB)
...
006 (7187319.000.000) 08/28 07:28:38 Image size of job updated: 6383660
	6138  -  MemoryUsage of job (MB)
	6285164  -  ResidentSetSize of job (KB)
...
006 (7187319.000.000) 08/28 07:33:39 Image size of job updated: 6420348
	6193  -  MemoryUsage of job (MB)
	6341172  -  ResidentSetSize of job (KB)
...
006 (7187319.000.000) 08/28 07:38:40 Image size of job updated: 6472108
	6246  -  MemoryUsage of job (MB)
	6395312  -  ResidentSetSize of job (KB)
...
006 (7187319.000.000) 08/28 07:43:40 Image size of job updated: 6605560
	6446  -  MemoryUsage of job (MB)
	6600536  -  ResidentSetSize of job (KB)
...
006 (7187319.000.000) 08/28 07:48:41 Image size of job updated: 6701972
	6446  -  MemoryUsage of job (MB)
	6600536  -  ResidentSetSize of job (KB)
...
006 (7187319.000.000) 08/28 07:53:41 Image size of job updated: 6824932
	6629  -  MemoryUsage of job (MB)
	6787160  -  ResidentSetSize of job (KB)
...
006 (7187319.000.000) 08/28 07:58:42 Image size of job updated: 6871848
	6629  -  MemoryUsage of job (MB)
	6787160  -  ResidentSetSize of job (KB)
...
006 (7187319.000.000) 08/28 08:03:42 Image size of job updated: 6909492
	6675  -  MemoryUsage of job (MB)
	6834372  -  ResidentSetSize of job (KB)
...
006 (7187319.000.000) 08/28 08:08:43 Image size of job updated: 7095312
	6859  -  MemoryUsage of job (MB)
	7023484  -  ResidentSetSize of job (KB)
...
006 (7187319.000.000) 08/28 08:13:43 Image size of job updated: 7225600
	6937  -  MemoryUsage of job (MB)
	7103328  -  ResidentSetSize of job (KB)
...
006 (7187319.000.000) 08/28 08:18:44 Image size of job updated: 7252340
	6964  -  MemoryUsage of job (MB)
	7130404  -  ResidentSetSize of job (KB)
...
006 (7187319.000.000) 08/28 08:23:44 Image size of job updated: 7345688
	7076  -  MemoryUsage of job (MB)
	7245508  -  ResidentSetSize of job (KB)
...
006 (7187319.000.000) 08/28 08:28:45 Image size of job updated: 7397012
	7163  -  MemoryUsage of job (MB)
	7334480  -  ResidentSetSize of job (KB)
...
006 (7187319.000.000) 08/28 08:33:45 Image size of job updated: 7495196
	7276  -  MemoryUsage of job (MB)
	7450540  -  ResidentSetSize of job (KB)
...
006 (7187319.000.000) 08/28 08:38:46 Image size of job updated: 7536400
	7290  -  MemoryUsage of job (MB)
	7464212  -  ResidentSetSize of job (KB)
...
006 (7187319.000.000) 08/28 08:43:46 Image size of job updated: 7665700
	7459  -  MemoryUsage of job (MB)
	7637400  -  ResidentSetSize of job (KB)
...
006 (7187319.000.000) 08/28 08:48:47 Image size of job updated: 7769696
	7488  -  MemoryUsage of job (MB)
	7667128  -  ResidentSetSize of job (KB)
...
006 (7187319.000.000) 08/28 08:53:47 Image size of job updated: 7792152
	7610  -  MemoryUsage of job (MB)
	7791992  -  ResidentSetSize of job (KB)
...
006 (7187319.000.000) 08/28 08:58:48 Image size of job updated: 7938796
	7740  -  MemoryUsage of job (MB)
	7925680  -  ResidentSetSize of job (KB)
...
006 (7187319.000.000) 08/28 09:03:48 Image size of job updated: 7938796
	7741  -  MemoryUsage of job (MB)
	7925936  -  ResidentSetSize of job (KB)
...
006 (7187319.000.000) 08/28 09:08:48 Image size of job updated: 8012932
	7825  -  MemoryUsage of job (MB)
	8012756  -  ResidentSetSize of job (KB)
...
006 (7187319.000.000) 08/28 09:13:48 Image size of job updated: 8064112
	7825  -  MemoryUsage of job (MB)
	8012756  -  ResidentSetSize of job (KB)
...
006 (7187319.000.000) 08/28 09:23:49 Image size of job updated: 8138812
	7949  -  MemoryUsage of job (MB)
	8138812  -  ResidentSetSize of job (KB)
...
006 (7187319.000.000) 08/28 09:28:50 Image size of job updated: 8379144
	8170  -  MemoryUsage of job (MB)
	8365672  -  ResidentSetSize of job (KB)
...
006 (7187319.000.000) 08/28 09:33:51 Image size of job updated: 9851468
	9621  -  MemoryUsage of job (MB)
	9851468  -  ResidentSetSize of job (KB)
...
006 (7187319.000.000) 08/28 09:38:51 Image size of job updated: 10594676
	10347  -  MemoryUsage of job (MB)
	10594676  -  ResidentSetSize of job (KB)
...
006 (7187319.000.000) 08/28 09:43:52 Image size of job updated: 11337100
	11072  -  MemoryUsage of job (MB)
	11337100  -  ResidentSetSize of job (KB)
...
006 (7187319.000.000) 08/28 09:48:52 Image size of job updated: 11575656
	11072  -  MemoryUsage of job (MB)
	11337612  -  ResidentSetSize of job (KB)
...
006 (7187319.000.000) 08/28 09:53:53 Image size of job updated: 11639924
	11368  -  MemoryUsage of job (MB)
	11639924  -  ResidentSetSize of job (KB)
...
006 (7187319.000.000) 08/28 09:56:45 Image size of job updated: 11979580
	11368  -  MemoryUsage of job (MB)
	11640692  -  ResidentSetSize of job (KB)
...
040 (7187319.000.000) 08/28 09:56:45 Started transferring output files
...
040 (7187319.000.000) 08/28 09:56:45 Finished transferring output files
...
005 (7187319.000.000) 08/28 09:56:45 Job terminated.
	(1) Normal termination (return value 50)
		Usr 0 03:08:05, Sys 0 00:33:57  -  Run Remote Usage
		Usr 0 00:00:00, Sys 0 00:00:00  -  Run Local Usage
		Usr 0 03:08:05, Sys 0 00:33:57  -  Total Remote Usage
		Usr 0 00:00:00, Sys 0 00:00:00  -  Total Local Usage
	210632  -  Run Bytes Sent By Job
	2919  -  Run Bytes Received By Job
	210632  -  Total Bytes Sent By Job
	2919  -  Total Bytes Received By Job
	Partitionable Resources :      Usage  Request Allocated Assigned
	   Cpus                 :       1.00        1         1 
	   Disk (KB)            : 4782685           3    329962 
	   Gpus (Average)       :       0.01        1         1 "GPU-1d17f189"
	   GpusMemory (MB)      :    1913                       
	   Memory (MB)          :   11368        2000      2000 

	Job terminated of its own accord at 2024-08-28T07:56:45Z with exit-code 50.
...
