000 (7191345.004.000) 09/02 11:57:03 Job submitted from host: <137.138.44.55:9618?addrs=137.138.44.55-9618+[2001-1458-d00-1a--48]-9618&alias=bigbird17.cern.ch&noUDP&sock=schedd_23962_8474>
...
040 (7191345.004.000) 09/02 23:37:42 Started transferring input files
	Transferring to host: <188.185.92.202:9618?addrs=188.185.92.202-9618+[2001-1458-d00-6c--100-261]-9618&alias=b9g57n9198.cern.ch&noUDP&sock=slot1_1_12860_c884_114276>
...
040 (7191345.004.000) 09/02 23:37:42 Finished transferring input files
...
001 (7191345.004.000) 09/02 23:37:43 Job executing on host: <188.185.92.202:9618?addrs=188.185.92.202-9618+[2001-1458-d00-6c--100-261]-9618&alias=b9g57n9198.cern.ch&noUDP&sock=startd_12028_c939>
	SlotName: slot1_1@b9g57n9198.cern.ch
	AvailableGPUs = { GPUs_GPU_02931ae6 }
	CondorScratchDir = "/pool/condor/dir_3649642"
	Cpus = 1
	Disk = 311750
	GPUs = 1
	GPUs_GPU_02931ae6 = [ GlobalMemoryMb = 40326; MaxSupportedVersion = 12040; DriverVersion = 12.4; DeviceUuid = "02931ae6-34d8-3ada-595e-af9723b392cc"; DeviceName = "NVIDIA A100-PCIE-40GB"; CoresPerCU = 64; ECCEnabled = true; ComputeUnits = 108; ClockMhz = 1410.0; Id = "GPU-02931ae6"; DevicePciBusId = "0000:06:00.0"; Capability = 8.0 ]
	Memory = 2000
...
006 (7191345.004.000) 09/02 23:37:52 Image size of job updated: 1798016
	1756  -  MemoryUsage of job (MB)
	1797996  -  ResidentSetSize of job (KB)
...
006 (7191345.004.000) 09/02 23:42:54 Image size of job updated: 9596904
	9371  -  MemoryUsage of job (MB)
	9595900  -  ResidentSetSize of job (KB)
...
006 (7191345.004.000) 09/02 23:47:54 Image size of job updated: 10644744
	10080  -  MemoryUsage of job (MB)
	10321628  -  ResidentSetSize of job (KB)
...
006 (7191345.004.000) 09/02 23:52:53 Image size of job updated: 11240296
	10868  -  MemoryUsage of job (MB)
	11128492  -  ResidentSetSize of job (KB)
...
006 (7191345.004.000) 09/02 23:57:54 Image size of job updated: 11376880
	10993  -  MemoryUsage of job (MB)
	11256344  -  ResidentSetSize of job (KB)
...
006 (7191345.004.000) 09/03 00:02:55 Image size of job updated: 11514176
	11141  -  MemoryUsage of job (MB)
	11408000  -  ResidentSetSize of job (KB)
...
006 (7191345.004.000) 09/03 00:12:57 Image size of job updated: 11636332
	11254  -  MemoryUsage of job (MB)
	11523260  -  ResidentSetSize of job (KB)
...
006 (7191345.004.000) 09/03 00:17:56 Image size of job updated: 11821324
	11433  -  MemoryUsage of job (MB)
	11706560  -  ResidentSetSize of job (KB)
...
006 (7191345.004.000) 09/03 00:22:57 Image size of job updated: 12074196
	11792  -  MemoryUsage of job (MB)
	12074196  -  ResidentSetSize of job (KB)
...
006 (7191345.004.000) 09/03 00:27:57 Image size of job updated: 12141772
	11792  -  MemoryUsage of job (MB)
	12074196  -  ResidentSetSize of job (KB)
...
006 (7191345.004.000) 09/03 00:42:58 Image size of job updated: 12284408
	11792  -  MemoryUsage of job (MB)
	12074196  -  ResidentSetSize of job (KB)
...
006 (7191345.004.000) 09/03 00:47:59 Image size of job updated: 12869160
	12568  -  MemoryUsage of job (MB)
	12869132  -  ResidentSetSize of job (KB)
...
006 (7191345.004.000) 09/03 00:53:00 Image size of job updated: 13067236
	12693  -  MemoryUsage of job (MB)
	12996988  -  ResidentSetSize of job (KB)
...
006 (7191345.004.000) 09/03 00:58:01 Image size of job updated: 13287700
	12693  -  MemoryUsage of job (MB)
	12997244  -  ResidentSetSize of job (KB)
...
006 (7191345.004.000) 09/03 01:03:00 Image size of job updated: 13503216
	13076  -  MemoryUsage of job (MB)
	13388972  -  ResidentSetSize of job (KB)
...
006 (7191345.004.000) 09/03 01:08:01 Image size of job updated: 13667736
	13318  -  MemoryUsage of job (MB)
	13637348  -  ResidentSetSize of job (KB)
...
006 (7191345.004.000) 09/03 01:13:02 Image size of job updated: 13891720
	13318  -  MemoryUsage of job (MB)
	13637348  -  ResidentSetSize of job (KB)
...
006 (7191345.004.000) 09/03 01:18:03 Image size of job updated: 14054908
	13367  -  MemoryUsage of job (MB)
	13687396  -  ResidentSetSize of job (KB)
...
006 (7191345.004.000) 09/03 01:23:04 Image size of job updated: 14054908
	13462  -  MemoryUsage of job (MB)
	13784116  -  ResidentSetSize of job (KB)
...
006 (7191345.004.000) 09/03 01:28:03 Image size of job updated: 14054908
	13640  -  MemoryUsage of job (MB)
	13966440  -  ResidentSetSize of job (KB)
...
006 (7191345.004.000) 09/03 01:33:05 Image size of job updated: 14210260
	13722  -  MemoryUsage of job (MB)
	14050716  -  ResidentSetSize of job (KB)
...
006 (7191345.004.000) 09/03 01:38:05 Image size of job updated: 14285392
	13947  -  MemoryUsage of job (MB)
	14280712  -  ResidentSetSize of job (KB)
...
006 (7191345.004.000) 09/03 01:43:06 Image size of job updated: 14798644
	14351  -  MemoryUsage of job (MB)
	14695312  -  ResidentSetSize of job (KB)
...
006 (7191345.004.000) 09/03 01:48:06 Image size of job updated: 14891168
	14456  -  MemoryUsage of job (MB)
	14802320  -  ResidentSetSize of job (KB)
...
006 (7191345.004.000) 09/03 01:53:05 Image size of job updated: 14991496
	14456  -  MemoryUsage of job (MB)
	14802320  -  ResidentSetSize of job (KB)
...
006 (7191345.004.000) 09/03 01:58:06 Image size of job updated: 15077560
	14456  -  MemoryUsage of job (MB)
	14802320  -  ResidentSetSize of job (KB)
...
006 (7191345.004.000) 09/03 02:13:07 Image size of job updated: 15475072
	15012  -  MemoryUsage of job (MB)
	15372000  -  ResidentSetSize of job (KB)
...
006 (7191345.004.000) 09/03 02:18:08 Image size of job updated: 15581012
	15198  -  MemoryUsage of job (MB)
	15562484  -  ResidentSetSize of job (KB)
...
006 (7191345.004.000) 09/03 02:23:09 Image size of job updated: 15604484
	15198  -  MemoryUsage of job (MB)
	15562484  -  ResidentSetSize of job (KB)
...
006 (7191345.004.000) 09/03 02:28:09 Image size of job updated: 15697256
	15311  -  MemoryUsage of job (MB)
	15677592  -  ResidentSetSize of job (KB)
...
006 (7191345.004.000) 09/03 02:33:10 Image size of job updated: 15878492
	15395  -  MemoryUsage of job (MB)
	15764364  -  ResidentSetSize of job (KB)
...
006 (7191345.004.000) 09/03 02:38:10 Image size of job updated: 16030300
	15396  -  MemoryUsage of job (MB)
	15764620  -  ResidentSetSize of job (KB)
...
006 (7191345.004.000) 09/03 02:43:10 Image size of job updated: 16124840
	15636  -  MemoryUsage of job (MB)
	16010364  -  ResidentSetSize of job (KB)
...
006 (7191345.004.000) 09/03 02:48:10 Image size of job updated: 16313492
	15636  -  MemoryUsage of job (MB)
	16010364  -  ResidentSetSize of job (KB)
...
006 (7191345.004.000) 09/03 02:53:10 Image size of job updated: 16371500
	15981  -  MemoryUsage of job (MB)
	16363552  -  ResidentSetSize of job (KB)
...
006 (7191345.004.000) 09/03 02:58:11 Image size of job updated: 16521072
	16042  -  MemoryUsage of job (MB)
	16426320  -  ResidentSetSize of job (KB)
...
006 (7191345.004.000) 09/03 03:03:11 Image size of job updated: 16595300
	16042  -  MemoryUsage of job (MB)
	16426320  -  ResidentSetSize of job (KB)
...
006 (7191345.004.000) 09/03 03:08:10 Image size of job updated: 16760080
	16261  -  MemoryUsage of job (MB)
	16650504  -  ResidentSetSize of job (KB)
...
006 (7191345.004.000) 09/03 03:13:11 Image size of job updated: 16815148
	16261  -  MemoryUsage of job (MB)
	16650504  -  ResidentSetSize of job (KB)
...
006 (7191345.004.000) 09/03 03:18:12 Image size of job updated: 16820008
	16318  -  MemoryUsage of job (MB)
	16709024  -  ResidentSetSize of job (KB)
...
006 (7191345.004.000) 09/03 03:23:13 Image size of job updated: 17038532
	16318  -  MemoryUsage of job (MB)
	16709024  -  ResidentSetSize of job (KB)
...
006 (7191345.004.000) 09/03 03:28:13 Image size of job updated: 17242048
	16745  -  MemoryUsage of job (MB)
	17146024  -  ResidentSetSize of job (KB)
...
006 (7191345.004.000) 09/03 03:33:13 Image size of job updated: 17316468
	16881  -  MemoryUsage of job (MB)
	17285280  -  ResidentSetSize of job (KB)
...
006 (7191345.004.000) 09/03 03:38:13 Image size of job updated: 17320712
	16881  -  MemoryUsage of job (MB)
	17285280  -  ResidentSetSize of job (KB)
...
006 (7191345.004.000) 09/03 03:43:12 Image size of job updated: 17481488
	16881  -  MemoryUsage of job (MB)
	17285280  -  ResidentSetSize of job (KB)
...
006 (7191345.004.000) 09/03 03:53:14 Image size of job updated: 17481488
	16930  -  MemoryUsage of job (MB)
	17336240  -  ResidentSetSize of job (KB)
...
006 (7191345.004.000) 09/03 03:58:15 Image size of job updated: 17953768
	17227  -  MemoryUsage of job (MB)
	17640204  -  ResidentSetSize of job (KB)
...
006 (7191345.004.000) 09/03 04:03:16 Image size of job updated: 18150740
	17612  -  MemoryUsage of job (MB)
	18033908  -  ResidentSetSize of job (KB)
...
006 (7191345.004.000) 09/03 04:08:17 Image size of job updated: 18343204
	17612  -  MemoryUsage of job (MB)
	18034180  -  ResidentSetSize of job (KB)
...
006 (7191345.004.000) 09/03 04:13:16 Image size of job updated: 18454728
	17833  -  MemoryUsage of job (MB)
	18260372  -  ResidentSetSize of job (KB)
...
006 (7191345.004.000) 09/03 04:18:17 Image size of job updated: 18676608
	18130  -  MemoryUsage of job (MB)
	18564200  -  ResidentSetSize of job (KB)
...
006 (7191345.004.000) 09/03 04:23:18 Image size of job updated: 18702780
	18146  -  MemoryUsage of job (MB)
	18581100  -  ResidentSetSize of job (KB)
...
006 (7191345.004.000) 09/03 04:28:19 Image size of job updated: 18836512
	18302  -  MemoryUsage of job (MB)
	18740544  -  ResidentSetSize of job (KB)
...
006 (7191345.004.000) 09/03 04:33:20 Image size of job updated: 18858408
	18356  -  MemoryUsage of job (MB)
	18795592  -  ResidentSetSize of job (KB)
...
006 (7191345.004.000) 09/03 04:38:20 Image size of job updated: 18968524
	18356  -  MemoryUsage of job (MB)
	18795592  -  ResidentSetSize of job (KB)
...
006 (7191345.004.000) 09/03 04:43:19 Image size of job updated: 19186840
	18628  -  MemoryUsage of job (MB)
	19075024  -  ResidentSetSize of job (KB)
...
006 (7191345.004.000) 09/03 04:48:20 Image size of job updated: 19244980
	18786  -  MemoryUsage of job (MB)
	19236296  -  ResidentSetSize of job (KB)
...
006 (7191345.004.000) 09/03 04:53:21 Image size of job updated: 19356424
	18786  -  MemoryUsage of job (MB)
	19236296  -  ResidentSetSize of job (KB)
...
006 (7191345.004.000) 09/03 04:58:22 Image size of job updated: 19470144
	18790  -  MemoryUsage of job (MB)
	19240036  -  ResidentSetSize of job (KB)
...
006 (7191345.004.000) 09/03 05:03:23 Image size of job updated: 19629884
	19146  -  MemoryUsage of job (MB)
	19604816  -  ResidentSetSize of job (KB)
...
006 (7191345.004.000) 09/03 05:08:24 Image size of job updated: 19631360
	19146  -  MemoryUsage of job (MB)
	19604816  -  ResidentSetSize of job (KB)
...
006 (7191345.004.000) 09/03 05:28:26 Image size of job updated: 19750040
	19263  -  MemoryUsage of job (MB)
	19724392  -  ResidentSetSize of job (KB)
...
006 (7191345.004.000) 09/03 05:33:27 Image size of job updated: 19903824
	19412  -  MemoryUsage of job (MB)
	19877164  -  ResidentSetSize of job (KB)
...
006 (7191345.004.000) 09/03 05:38:28 Image size of job updated: 19932336
	19412  -  MemoryUsage of job (MB)
	19877164  -  ResidentSetSize of job (KB)
...
006 (7191345.004.000) 09/03 05:43:28 Image size of job updated: 20564640
	19785  -  MemoryUsage of job (MB)
	20259760  -  ResidentSetSize of job (KB)
...
006 (7191345.004.000) 09/03 05:48:28 Image size of job updated: 20758196
	19976  -  MemoryUsage of job (MB)
	20455268  -  ResidentSetSize of job (KB)
...
006 (7191345.004.000) 09/03 05:53:29 Image size of job updated: 20818424
	20307  -  MemoryUsage of job (MB)
	20794060  -  ResidentSetSize of job (KB)
...
006 (7191345.004.000) 09/03 05:58:29 Image size of job updated: 20931236
	20313  -  MemoryUsage of job (MB)
	20800228  -  ResidentSetSize of job (KB)
...
006 (7191345.004.000) 09/03 06:03:29 Image size of job updated: 21097932
	20543  -  MemoryUsage of job (MB)
	21035880  -  ResidentSetSize of job (KB)
...
006 (7191345.004.000) 09/03 06:08:29 Image size of job updated: 21315976
	20710  -  MemoryUsage of job (MB)
	21206660  -  ResidentSetSize of job (KB)
...
006 (7191345.004.000) 09/03 06:13:29 Image size of job updated: 21521564
	20924  -  MemoryUsage of job (MB)
	21425572  -  ResidentSetSize of job (KB)
...
006 (7191345.004.000) 09/03 06:18:29 Image size of job updated: 21647748
	20924  -  MemoryUsage of job (MB)
	21425572  -  ResidentSetSize of job (KB)
...
006 (7191345.004.000) 09/03 06:23:30 Image size of job updated: 21701564
	20924  -  MemoryUsage of job (MB)
	21425572  -  ResidentSetSize of job (KB)
...
006 (7191345.004.000) 09/03 06:43:31 Image size of job updated: 21701564
	20939  -  MemoryUsage of job (MB)
	21440816  -  ResidentSetSize of job (KB)
...
006 (7191345.004.000) 09/03 06:48:31 Image size of job updated: 22350040
	21479  -  MemoryUsage of job (MB)
	21993604  -  ResidentSetSize of job (KB)
...
006 (7191345.004.000) 09/03 06:53:31 Image size of job updated: 22512708
	21638  -  MemoryUsage of job (MB)
	22156424  -  ResidentSetSize of job (KB)
...
006 (7191345.004.000) 09/03 06:58:32 Image size of job updated: 22730380
	22123  -  MemoryUsage of job (MB)
	22652964  -  ResidentSetSize of job (KB)
...
006 (7191345.004.000) 09/03 07:03:33 Image size of job updated: 22931556
	22300  -  MemoryUsage of job (MB)
	22835036  -  ResidentSetSize of job (KB)
...
006 (7191345.004.000) 09/03 07:08:33 Image size of job updated: 23098252
	22300  -  MemoryUsage of job (MB)
	22835036  -  ResidentSetSize of job (KB)
...
006 (7191345.004.000) 09/03 07:13:33 Image size of job updated: 23214412
	22557  -  MemoryUsage of job (MB)
	23097852  -  ResidentSetSize of job (KB)
...
006 (7191345.004.000) 09/03 07:18:34 Image size of job updated: 23377532
	22557  -  MemoryUsage of job (MB)
	23097852  -  ResidentSetSize of job (KB)
...
006 (7191345.004.000) 09/03 07:23:34 Image size of job updated: 23435432
	22557  -  MemoryUsage of job (MB)
	23097852  -  ResidentSetSize of job (KB)
...
006 (7191345.004.000) 09/03 07:28:35 Image size of job updated: 23545784
	22701  -  MemoryUsage of job (MB)
	23245660  -  ResidentSetSize of job (KB)
...
006 (7191345.004.000) 09/03 07:33:35 Image size of job updated: 23711804
	22915  -  MemoryUsage of job (MB)
	23464028  -  ResidentSetSize of job (KB)
...
006 (7191345.004.000) 09/03 07:38:36 Image size of job updated: 23877628
	22915  -  MemoryUsage of job (MB)
	23464028  -  ResidentSetSize of job (KB)
...
006 (7191345.004.000) 09/03 07:43:37 Image size of job updated: 24026348
	23200  -  MemoryUsage of job (MB)
	23756356  -  ResidentSetSize of job (KB)
...
006 (7191345.004.000) 09/03 07:48:37 Image size of job updated: 24244912
	23650  -  MemoryUsage of job (MB)
	24216748  -  ResidentSetSize of job (KB)
...
006 (7191345.004.000) 09/03 07:53:37 Image size of job updated: 24410312
	23653  -  MemoryUsage of job (MB)
	24219812  -  ResidentSetSize of job (KB)
...
006 (7191345.004.000) 09/03 07:58:37 Image size of job updated: 24465492
	23811  -  MemoryUsage of job (MB)
	24382448  -  ResidentSetSize of job (KB)
...
006 (7191345.004.000) 09/03 08:03:37 Image size of job updated: 24628640
	24029  -  MemoryUsage of job (MB)
	24604920  -  ResidentSetSize of job (KB)
...
006 (7191345.004.000) 09/03 08:08:36 Image size of job updated: 24630928
	24029  -  MemoryUsage of job (MB)
	24604920  -  ResidentSetSize of job (KB)
...
006 (7191345.004.000) 09/03 08:13:37 Image size of job updated: 24795620
	24108  -  MemoryUsage of job (MB)
	24685832  -  ResidentSetSize of job (KB)
...
006 (7191345.004.000) 09/03 08:18:38 Image size of job updated: 24960700
	24369  -  MemoryUsage of job (MB)
	24953188  -  ResidentSetSize of job (KB)
...
006 (7191345.004.000) 09/03 08:23:39 Image size of job updated: 25225000
	24634  -  MemoryUsage of job (MB)
	25224896  -  ResidentSetSize of job (KB)
...
006 (7191345.004.000) 09/03 08:28:40 Image size of job updated: 25345248
	24745  -  MemoryUsage of job (MB)
	25338676  -  ResidentSetSize of job (KB)
...
006 (7191345.004.000) 09/03 08:33:41 Image size of job updated: 25461536
	24745  -  MemoryUsage of job (MB)
	25338676  -  ResidentSetSize of job (KB)
...
006 (7191345.004.000) 09/03 08:38:40 Image size of job updated: 25679680
	24745  -  MemoryUsage of job (MB)
	25338676  -  ResidentSetSize of job (KB)
...
006 (7191345.004.000) 09/03 08:43:42 Image size of job updated: 25849732
	24745  -  MemoryUsage of job (MB)
	25338676  -  ResidentSetSize of job (KB)
...
006 (7191345.004.000) 09/03 08:48:42 Image size of job updated: 26018768
	25383  -  MemoryUsage of job (MB)
	25991944  -  ResidentSetSize of job (KB)
...
006 (7191345.004.000) 09/03 08:53:42 Image size of job updated: 26129792
	25457  -  MemoryUsage of job (MB)
	26067860  -  ResidentSetSize of job (KB)
...
006 (7191345.004.000) 09/03 08:58:41 Image size of job updated: 26293308
	25615  -  MemoryUsage of job (MB)
	26229252  -  ResidentSetSize of job (KB)
...
006 (7191345.004.000) 09/03 09:03:42 Image size of job updated: 26507664
	25615  -  MemoryUsage of job (MB)
	26229252  -  ResidentSetSize of job (KB)
...
006 (7191345.004.000) 09/03 09:08:42 Image size of job updated: 26562060
	25615  -  MemoryUsage of job (MB)
	26229252  -  ResidentSetSize of job (KB)
...
006 (7191345.004.000) 09/03 09:13:43 Image size of job updated: 26661420
	25688  -  MemoryUsage of job (MB)
	26304052  -  ResidentSetSize of job (KB)
...
006 (7191345.004.000) 09/03 09:18:44 Image size of job updated: 26709888
	25697  -  MemoryUsage of job (MB)
	26312756  -  ResidentSetSize of job (KB)
...
006 (7191345.004.000) 09/03 09:23:45 Image size of job updated: 26866776
	26214  -  MemoryUsage of job (MB)
	26842708  -  ResidentSetSize of job (KB)
...
006 (7191345.004.000) 09/03 09:28:45 Image size of job updated: 27024772
	26392  -  MemoryUsage of job (MB)
	27024772  -  ResidentSetSize of job (KB)
...
006 (7191345.004.000) 09/03 09:33:46 Image size of job updated: 27144056
	26392  -  MemoryUsage of job (MB)
	27024772  -  ResidentSetSize of job (KB)
...
006 (7191345.004.000) 09/03 09:38:47 Image size of job updated: 27211040
	26465  -  MemoryUsage of job (MB)
	27099716  -  ResidentSetSize of job (KB)
...
006 (7191345.004.000) 09/03 09:43:48 Image size of job updated: 27214336
	26465  -  MemoryUsage of job (MB)
	27099716  -  ResidentSetSize of job (KB)
...
006 (7191345.004.000) 09/03 09:58:51 Image size of job updated: 27916016
	27150  -  MemoryUsage of job (MB)
	27800932  -  ResidentSetSize of job (KB)
...
006 (7191345.004.000) 09/03 10:03:51 Image size of job updated: 28064396
	27315  -  MemoryUsage of job (MB)
	27969620  -  ResidentSetSize of job (KB)
...
006 (7191345.004.000) 09/03 10:08:51 Image size of job updated: 28140136
	27315  -  MemoryUsage of job (MB)
	27969620  -  ResidentSetSize of job (KB)
...
006 (7191345.004.000) 09/03 10:13:52 Image size of job updated: 28252316
	27484  -  MemoryUsage of job (MB)
	28143404  -  ResidentSetSize of job (KB)
...
006 (7191345.004.000) 09/03 10:18:53 Image size of job updated: 28365920
	27589  -  MemoryUsage of job (MB)
	28251000  -  ResidentSetSize of job (KB)
...
006 (7191345.004.000) 09/03 10:23:53 Image size of job updated: 28676192
	27911  -  MemoryUsage of job (MB)
	28580348  -  ResidentSetSize of job (KB)
...
006 (7191345.004.000) 09/03 10:28:52 Image size of job updated: 28858452
	28055  -  MemoryUsage of job (MB)
	28727716  -  ResidentSetSize of job (KB)
...
006 (7191345.004.000) 09/03 10:33:53 Image size of job updated: 29024340
	28236  -  MemoryUsage of job (MB)
	28913664  -  ResidentSetSize of job (KB)
...
006 (7191345.004.000) 09/03 10:38:54 Image size of job updated: 29235156
	28550  -  MemoryUsage of job (MB)
	29235156  -  ResidentSetSize of job (KB)
...
006 (7191345.004.000) 09/03 10:43:55 Image size of job updated: 29407060
	28550  -  MemoryUsage of job (MB)
	29235156  -  ResidentSetSize of job (KB)
...
006 (7191345.004.000) 09/03 10:48:56 Image size of job updated: 29521696
	28550  -  MemoryUsage of job (MB)
	29235156  -  ResidentSetSize of job (KB)
...
006 (7191345.004.000) 09/03 10:53:56 Image size of job updated: 29644204
	28849  -  MemoryUsage of job (MB)
	29541136  -  ResidentSetSize of job (KB)
...
006 (7191345.004.000) 09/03 10:58:55 Image size of job updated: 29771228
	29074  -  MemoryUsage of job (MB)
	29771228  -  ResidentSetSize of job (KB)
...
006 (7191345.004.000) 09/03 11:03:56 Image size of job updated: 29888512
	29074  -  MemoryUsage of job (MB)
	29771228  -  ResidentSetSize of job (KB)
...
006 (7191345.004.000) 09/03 11:08:57 Image size of job updated: 30066856
	29074  -  MemoryUsage of job (MB)
	29771228  -  ResidentSetSize of job (KB)
...
006 (7191345.004.000) 09/03 11:13:57 Image size of job updated: 30158780
	29380  -  MemoryUsage of job (MB)
	30084516  -  ResidentSetSize of job (KB)
...
006 (7191345.004.000) 09/03 11:23:57 Image size of job updated: 30158780
	29441  -  MemoryUsage of job (MB)
	30147292  -  ResidentSetSize of job (KB)
...
006 (7191345.004.000) 09/03 11:28:58 Image size of job updated: 30182284
	29441  -  MemoryUsage of job (MB)
	30147292  -  ResidentSetSize of job (KB)
...
006 (7191345.004.000) 09/03 11:38:59 Image size of job updated: 30453664
	29642  -  MemoryUsage of job (MB)
	30352936  -  ResidentSetSize of job (KB)
...
006 (7191345.004.000) 09/03 11:43:58 Image size of job updated: 30557752
	29732  -  MemoryUsage of job (MB)
	30445068  -  ResidentSetSize of job (KB)
...
006 (7191345.004.000) 09/03 11:48:58 Image size of job updated: 30559808
	29732  -  MemoryUsage of job (MB)
	30445072  -  ResidentSetSize of job (KB)
...
006 (7191345.004.000) 09/03 11:53:58 Image size of job updated: 30607036
	29870  -  MemoryUsage of job (MB)
	30586476  -  ResidentSetSize of job (KB)
...
006 (7191345.004.000) 09/03 11:58:59 Image size of job updated: 30740496
	29870  -  MemoryUsage of job (MB)
	30586476  -  ResidentSetSize of job (KB)
...
006 (7191345.004.000) 09/03 12:04:00 Image size of job updated: 30867632
	30044  -  MemoryUsage of job (MB)
	30764552  -  ResidentSetSize of job (KB)
...
006 (7191345.004.000) 09/03 12:09:01 Image size of job updated: 30879064
	30044  -  MemoryUsage of job (MB)
	30764552  -  ResidentSetSize of job (KB)
...
006 (7191345.004.000) 09/03 12:14:02 Image size of job updated: 31006420
	30280  -  MemoryUsage of job (MB)
	31006420  -  ResidentSetSize of job (KB)
...
006 (7191345.004.000) 09/03 12:19:03 Image size of job updated: 31080828
	30280  -  MemoryUsage of job (MB)
	31006420  -  ResidentSetSize of job (KB)
...
006 (7191345.004.000) 09/03 12:49:03 Image size of job updated: 31402736
	30549  -  MemoryUsage of job (MB)
	31281636  -  ResidentSetSize of job (KB)
...
006 (7191345.004.000) 09/03 12:54:03 Image size of job updated: 31449312
	30603  -  MemoryUsage of job (MB)
	31336492  -  ResidentSetSize of job (KB)
...
006 (7191345.004.000) 09/03 12:59:05 Image size of job updated: 31495972
	30645  -  MemoryUsage of job (MB)
	31380432  -  ResidentSetSize of job (KB)
...
006 (7191345.004.000) 09/03 13:04:05 Image size of job updated: 31628808
	30645  -  MemoryUsage of job (MB)
	31380432  -  ResidentSetSize of job (KB)
...
006 (7191345.004.000) 09/03 13:09:05 Image size of job updated: 31719384
	30916  -  MemoryUsage of job (MB)
	31657512  -  ResidentSetSize of job (KB)
...
006 (7191345.004.000) 09/03 13:24:05 Image size of job updated: 31785256
	30929  -  MemoryUsage of job (MB)
	31670568  -  ResidentSetSize of job (KB)
...
006 (7191345.004.000) 09/03 13:29:05 Image size of job updated: 31841640
	30989  -  MemoryUsage of job (MB)
	31732240  -  ResidentSetSize of job (KB)
...
006 (7191345.004.000) 09/03 13:34:06 Image size of job updated: 32060388
	31197  -  MemoryUsage of job (MB)
	31945708  -  ResidentSetSize of job (KB)
...
006 (7191345.004.000) 09/03 13:39:07 Image size of job updated: 32219036
	31464  -  MemoryUsage of job (MB)
	32219036  -  ResidentSetSize of job (KB)
...
006 (7191345.004.000) 09/03 13:44:08 Image size of job updated: 32285292
	31464  -  MemoryUsage of job (MB)
	32219036  -  ResidentSetSize of job (KB)
...
006 (7191345.004.000) 09/03 13:49:07 Image size of job updated: 32338792
	31464  -  MemoryUsage of job (MB)
	32219036  -  ResidentSetSize of job (KB)
...
006 (7191345.004.000) 09/03 14:34:10 Image size of job updated: 32468304
	31664  -  MemoryUsage of job (MB)
	32423732  -  ResidentSetSize of job (KB)
...
006 (7191345.004.000) 09/03 14:39:11 Image size of job updated: 32650896
	31664  -  MemoryUsage of job (MB)
	32423732  -  ResidentSetSize of job (KB)
...
006 (7191345.004.000) 09/03 14:44:12 Image size of job updated: 32651992
	31727  -  MemoryUsage of job (MB)
	32488124  -  ResidentSetSize of job (KB)
...
006 (7191345.004.000) 09/03 14:59:15 Image size of job updated: 33001960
	31727  -  MemoryUsage of job (MB)
	32488124  -  ResidentSetSize of job (KB)
...
006 (7191345.004.000) 09/03 15:04:16 Image size of job updated: 33001960
	32101  -  MemoryUsage of job (MB)
	32871408  -  ResidentSetSize of job (KB)
...
006 (7191345.004.000) 09/03 15:19:16 Image size of job updated: 33001960
	32105  -  MemoryUsage of job (MB)
	32875136  -  ResidentSetSize of job (KB)
...
006 (7191345.004.000) 09/03 15:24:16 Image size of job updated: 33367936
	32173  -  MemoryUsage of job (MB)
	32944824  -  ResidentSetSize of job (KB)
...
006 (7191345.004.000) 09/03 15:29:16 Image size of job updated: 33890304
	32333  -  MemoryUsage of job (MB)
	33108112  -  ResidentSetSize of job (KB)
...
006 (7191345.004.000) 09/03 15:34:17 Image size of job updated: 33890304
	32339  -  MemoryUsage of job (MB)
	33114400  -  ResidentSetSize of job (KB)
...
006 (7191345.004.000) 09/03 15:39:18 Image size of job updated: 33890304
	32521  -  MemoryUsage of job (MB)
	33301184  -  ResidentSetSize of job (KB)
...
006 (7191345.004.000) 09/03 15:44:19 Image size of job updated: 34001312
	33205  -  MemoryUsage of job (MB)
	34001312  -  ResidentSetSize of job (KB)
...
006 (7191345.004.000) 09/03 15:49:19 Image size of job updated: 34224592
	33316  -  MemoryUsage of job (MB)
	34115352  -  ResidentSetSize of job (KB)
...
006 (7191345.004.000) 09/03 15:54:19 Image size of job updated: 34282892
	33371  -  MemoryUsage of job (MB)
	34171416  -  ResidentSetSize of job (KB)
...
006 (7191345.004.000) 09/03 15:59:19 Image size of job updated: 34392872
	33480  -  MemoryUsage of job (MB)
	34283356  -  ResidentSetSize of job (KB)
...
006 (7191345.004.000) 09/03 16:04:20 Image size of job updated: 34450384
	33536  -  MemoryUsage of job (MB)
	34340620  -  ResidentSetSize of job (KB)
...
006 (7191345.004.000) 09/03 16:09:21 Image size of job updated: 34508088
	33621  -  MemoryUsage of job (MB)
	34427660  -  ResidentSetSize of job (KB)
...
006 (7191345.004.000) 09/03 16:14:22 Image size of job updated: 34563192
	33678  -  MemoryUsage of job (MB)
	34485724  -  ResidentSetSize of job (KB)
...
006 (7191345.004.000) 09/03 16:24:22 Image size of job updated: 34624064
	33702  -  MemoryUsage of job (MB)
	34509976  -  ResidentSetSize of job (KB)
...
006 (7191345.004.000) 09/03 16:29:23 Image size of job updated: 34788612
	33702  -  MemoryUsage of job (MB)
	34509976  -  ResidentSetSize of job (KB)
...
006 (7191345.004.000) 09/03 16:44:25 Image size of job updated: 35079924
	33836  -  MemoryUsage of job (MB)
	34647072  -  ResidentSetSize of job (KB)
...
006 (7191345.004.000) 09/03 17:09:28 Image size of job updated: 35293820
	34127  -  MemoryUsage of job (MB)
	34945568  -  ResidentSetSize of job (KB)
...
006 (7191345.004.000) 09/03 17:14:29 Image size of job updated: 35430944
	34309  -  MemoryUsage of job (MB)
	35131548  -  ResidentSetSize of job (KB)
...
006 (7191345.004.000) 09/03 17:19:30 Image size of job updated: 35612368
	34617  -  MemoryUsage of job (MB)
	35447052  -  ResidentSetSize of job (KB)
...
006 (7191345.004.000) 09/03 17:24:31 Image size of job updated: 35703620
	34862  -  MemoryUsage of job (MB)
	35698396  -  ResidentSetSize of job (KB)
...
006 (7191345.004.000) 09/03 17:29:32 Image size of job updated: 35708784
	34862  -  MemoryUsage of job (MB)
	35698396  -  ResidentSetSize of job (KB)
...
006 (7191345.004.000) 09/03 17:54:35 Image size of job updated: 36006632
	35053  -  MemoryUsage of job (MB)
	35894256  -  ResidentSetSize of job (KB)
...
006 (7191345.004.000) 09/03 17:59:36 Image size of job updated: 36171744
	35153  -  MemoryUsage of job (MB)
	35996656  -  ResidentSetSize of job (KB)
...
006 (7191345.004.000) 09/03 18:04:37 Image size of job updated: 36228036
	35153  -  MemoryUsage of job (MB)
	35996656  -  ResidentSetSize of job (KB)
...
006 (7191345.004.000) 09/03 18:09:38 Image size of job updated: 36373156
	35428  -  MemoryUsage of job (MB)
	36277568  -  ResidentSetSize of job (KB)
...
006 (7191345.004.000) 09/03 18:14:38 Image size of job updated: 36500756
	35535  -  MemoryUsage of job (MB)
	36386924  -  ResidentSetSize of job (KB)
...
006 (7191345.004.000) 09/03 18:19:38 Image size of job updated: 36717352
	35535  -  MemoryUsage of job (MB)
	36386924  -  ResidentSetSize of job (KB)
...
006 (7191345.004.000) 09/03 18:29:39 Image size of job updated: 36717352
	35802  -  MemoryUsage of job (MB)
	36660604  -  ResidentSetSize of job (KB)
...
006 (7191345.004.000) 09/03 18:34:40 Image size of job updated: 36748792
	35802  -  MemoryUsage of job (MB)
	36660860  -  ResidentSetSize of job (KB)
...
006 (7191345.004.000) 09/03 18:39:39 Image size of job updated: 36861404
	35810  -  MemoryUsage of job (MB)
	36669272  -  ResidentSetSize of job (KB)
...
006 (7191345.004.000) 09/03 18:44:40 Image size of job updated: 37055140
	35967  -  MemoryUsage of job (MB)
	36829784  -  ResidentSetSize of job (KB)
...
006 (7191345.004.000) 09/03 18:54:42 Image size of job updated: 37217524
	36242  -  MemoryUsage of job (MB)
	37110884  -  ResidentSetSize of job (KB)
...
006 (7191345.004.000) 09/03 18:59:43 Image size of job updated: 37218476
	36342  -  MemoryUsage of job (MB)
	37214052  -  ResidentSetSize of job (KB)
...
006 (7191345.004.000) 09/03 19:14:45 Image size of job updated: 37294140
	36342  -  MemoryUsage of job (MB)
	37214052  -  ResidentSetSize of job (KB)
...
006 (7191345.004.000) 09/03 19:19:44 Image size of job updated: 37354424
	36373  -  MemoryUsage of job (MB)
	37245212  -  ResidentSetSize of job (KB)
...
006 (7191345.004.000) 09/03 19:24:46 Image size of job updated: 37360124
	36373  -  MemoryUsage of job (MB)
	37245212  -  ResidentSetSize of job (KB)
...
006 (7191345.004.000) 09/03 19:29:46 Image size of job updated: 37469388
	36482  -  MemoryUsage of job (MB)
	37357280  -  ResidentSetSize of job (KB)
...
006 (7191345.004.000) 09/03 19:34:46 Image size of job updated: 37631984
	36484  -  MemoryUsage of job (MB)
	37359304  -  ResidentSetSize of job (KB)
...
006 (7191345.004.000) 09/03 19:39:46 Image size of job updated: 37690380
	36680  -  MemoryUsage of job (MB)
	37559628  -  ResidentSetSize of job (KB)
...
006 (7191345.004.000) 09/03 19:44:47 Image size of job updated: 37801160
	36692  -  MemoryUsage of job (MB)
	37572148  -  ResidentSetSize of job (KB)
...
006 (7191345.004.000) 09/03 19:49:47 Image size of job updated: 37801160
	36803  -  MemoryUsage of job (MB)
	37685424  -  ResidentSetSize of job (KB)
...
006 (7191345.004.000) 09/03 20:49:53 Image size of job updated: 38355292
	37429  -  MemoryUsage of job (MB)
	38326832  -  ResidentSetSize of job (KB)
...
006 (7191345.004.000) 09/03 20:54:54 Image size of job updated: 38398056
	37437  -  MemoryUsage of job (MB)
	38335296  -  ResidentSetSize of job (KB)
...
006 (7191345.004.000) 09/03 20:59:54 Image size of job updated: 38443640
	37437  -  MemoryUsage of job (MB)
	38335296  -  ResidentSetSize of job (KB)
...
006 (7191345.004.000) 09/03 21:49:59 Image size of job updated: 38844760
	37501  -  MemoryUsage of job (MB)
	38400944  -  ResidentSetSize of job (KB)
...
006 (7191345.004.000) 09/03 22:10:01 Image size of job updated: 38844760
	37558  -  MemoryUsage of job (MB)
	38458640  -  ResidentSetSize of job (KB)
...
006 (7191345.004.000) 09/03 22:15:01 Image size of job updated: 39067568
	37805  -  MemoryUsage of job (MB)
	38711676  -  ResidentSetSize of job (KB)
...
006 (7191345.004.000) 09/03 22:20:01 Image size of job updated: 39159684
	38132  -  MemoryUsage of job (MB)
	39046836  -  ResidentSetSize of job (KB)
...
006 (7191345.004.000) 09/03 22:25:01 Image size of job updated: 39204428
	38132  -  MemoryUsage of job (MB)
	39046836  -  ResidentSetSize of job (KB)
...
006 (7191345.004.000) 09/03 22:50:04 Image size of job updated: 39254420
	38132  -  MemoryUsage of job (MB)
	39046836  -  ResidentSetSize of job (KB)
...
006 (7191345.004.000) 09/03 23:10:07 Image size of job updated: 39254420
	38239  -  MemoryUsage of job (MB)
	39156000  -  ResidentSetSize of job (KB)
...
006 (7191345.004.000) 09/03 23:15:08 Image size of job updated: 39307492
	38253  -  MemoryUsage of job (MB)
	39170780  -  ResidentSetSize of job (KB)
...
006 (7191345.004.000) 09/03 23:20:08 Image size of job updated: 39360340
	38386  -  MemoryUsage of job (MB)
	39306656  -  ResidentSetSize of job (KB)
...
006 (7191345.004.000) 09/03 23:25:08 Image size of job updated: 39633252
	38683  -  MemoryUsage of job (MB)
	39611020  -  ResidentSetSize of job (KB)
...
006 (7191345.004.000) 09/03 23:30:07 Image size of job updated: 39913220
	38761  -  MemoryUsage of job (MB)
	39690804  -  ResidentSetSize of job (KB)
...
006 (7191345.004.000) 09/03 23:35:08 Image size of job updated: 39913220
	38962  -  MemoryUsage of job (MB)
	39896864  -  ResidentSetSize of job (KB)
...
006 (7191345.004.000) 09/03 23:40:09 Image size of job updated: 40104736
	39165  -  MemoryUsage of job (MB)
	40104736  -  ResidentSetSize of job (KB)
...
006 (7191345.004.000) 09/03 23:45:10 Image size of job updated: 40471440
	39523  -  MemoryUsage of job (MB)
	40471440  -  ResidentSetSize of job (KB)
...
006 (7191345.004.000) 09/03 23:50:11 Image size of job updated: 40864068
	39523  -  MemoryUsage of job (MB)
	40471440  -  ResidentSetSize of job (KB)
...
006 (7191345.004.000) 09/03 23:55:12 Image size of job updated: 40864068
	39767  -  MemoryUsage of job (MB)
	40721312  -  ResidentSetSize of job (KB)
...
006 (7191345.004.000) 09/04 00:00:12 Image size of job updated: 41497064
	40525  -  MemoryUsage of job (MB)
	41497064  -  ResidentSetSize of job (KB)
...
006 (7191345.004.000) 09/04 00:05:13 Image size of job updated: 42269912
	41280  -  MemoryUsage of job (MB)
	42269912  -  ResidentSetSize of job (KB)
...
006 (7191345.004.000) 09/04 00:10:14 Image size of job updated: 43049152
	42041  -  MemoryUsage of job (MB)
	43049152  -  ResidentSetSize of job (KB)
...
006 (7191345.004.000) 09/04 00:14:38 Image size of job updated: 43638880
	42046  -  MemoryUsage of job (MB)
	43054088  -  ResidentSetSize of job (KB)
...
040 (7191345.004.000) 09/04 00:14:40 Started transferring output files
...
040 (7191345.004.000) 09/04 00:14:41 Finished transferring output files
...
005 (7191345.004.000) 09/04 00:14:42 Job terminated.
	(1) Normal termination (return value 50)
		Usr 0 16:43:25, Sys 0 02:04:12  -  Run Remote Usage
		Usr 0 00:00:00, Sys 0 00:00:00  -  Run Local Usage
		Usr 0 16:43:25, Sys 0 02:04:12  -  Total Remote Usage
		Usr 0 00:00:00, Sys 0 00:00:00  -  Total Local Usage
	342744  -  Run Bytes Sent By Job
	2939  -  Run Bytes Received By Job
	342744  -  Total Bytes Sent By Job
	2939  -  Total Bytes Received By Job
	Partitionable Resources :       Usage  Request Allocated Assigned
	   Cpus                 :        1.00        1         1 
	   Disk (KB)            : 13094590           3    311750 
	   Gpus (Average)       :        0.02        1         1 "GPU-02931ae6"
	   GpusMemory (MB)      :     3137                       
	   Memory (MB)          :    42046        2000      2000 

	Job terminated of its own accord at 2024-09-03T22:14:38Z with exit-code 50.
...
