000 (7197252.000.000) 09/03 11:42:00 Job submitted from host: <137.138.44.55:9618?addrs=137.138.44.55-9618+[2001-1458-d00-1a--48]-9618&alias=bigbird17.cern.ch&noUDP&sock=schedd_23962_8474>
...
040 (7197252.000.000) 09/06 11:54:50 Started transferring input files
	Transferring to host: <128.142.248.218:9618?addrs=128.142.248.218-9618+[2001-1458-301-73--100-d9]-9618&alias=b9g23p2883.cern.ch&noUDP&sock=slot1_15_1412154_fe0a_5732>
...
040 (7197252.000.000) 09/06 11:54:50 Finished transferring input files
...
001 (7197252.000.000) 09/06 11:54:51 Job executing on host: <128.142.248.218:9618?addrs=128.142.248.218-9618+[2001-1458-301-73--100-d9]-9618&alias=b9g23p2883.cern.ch&noUDP&sock=startd_1412115_0387>
	SlotName: slot1_15@b9g23p2883.cern.ch
	CondorScratchDir = "/pool/condor/dir_3165516"
	Cpus = 1
	Disk = 3104157
	Memory = 2000
...
006 (7197252.000.000) 09/06 11:55:00 Image size of job updated: 826904
	808  -  MemoryUsage of job (MB)
	826628  -  ResidentSetSize of job (KB)
...
006 (7197252.000.000) 09/06 12:00:01 Image size of job updated: 1023096
	812  -  MemoryUsage of job (MB)
	831440  -  ResidentSetSize of job (KB)
...
006 (7197252.000.000) 09/07 02:41:33 Image size of job updated: 1023096
	814  -  MemoryUsage of job (MB)
	832576  -  ResidentSetSize of job (KB)
...
006 (7197252.000.000) 09/07 02:46:34 Image size of job updated: 1157056
	1130  -  MemoryUsage of job (MB)
	1156952  -  ResidentSetSize of job (KB)
...
006 (7197252.000.000) 09/07 02:51:34 Image size of job updated: 4725416
	4615  -  MemoryUsage of job (MB)
	4725416  -  ResidentSetSize of job (KB)
...
006 (7197252.000.000) 09/07 02:56:34 Image size of job updated: 4931268
	4816  -  MemoryUsage of job (MB)
	4931268  -  ResidentSetSize of job (KB)
...
006 (7197252.000.000) 09/07 03:01:34 Image size of job updated: 5136824
	5017  -  MemoryUsage of job (MB)
	5136604  -  ResidentSetSize of job (KB)
...
006 (7197252.000.000) 09/07 03:06:25 Image size of job updated: 5321952
	5017  -  MemoryUsage of job (MB)
	5136896  -  ResidentSetSize of job (KB)
...
040 (7197252.000.000) 09/07 03:06:25 Started transferring output files
...
040 (7197252.000.000) 09/07 03:06:25 Finished transferring output files
...
005 (7197252.000.000) 09/07 03:06:25 Job terminated.
	(1) Normal termination (return value 0)
		Usr 0 14:55:03, Sys 0 00:05:15  -  Run Remote Usage
		Usr 0 00:00:00, Sys 0 00:00:00  -  Run Local Usage
		Usr 0 14:55:03, Sys 0 00:05:15  -  Total Remote Usage
		Usr 0 00:00:00, Sys 0 00:00:00  -  Total Local Usage
	16563  -  Run Bytes Sent By Job
	2965  -  Run Bytes Received By Job
	16563  -  Total Bytes Sent By Job
	2965  -  Total Bytes Received By Job
	Partitionable Resources :      Usage  Request Allocated 
	   Cpus                 :       0.97        1         1 
	   Disk (KB)            : 1438066           3   3104157 
	   Memory (MB)          :    5017        2000      2000 

	Job terminated of its own accord at 2024-09-07T01:06:25Z with exit-code 0.
...
