000 (7187264.005.000) 08/26 07:55:19 Job submitted from host: <137.138.44.55:9618?addrs=137.138.44.55-9618+[2001-1458-d00-1a--48]-9618&alias=bigbird17.cern.ch&noUDP&sock=schedd_23962_8474>
...
040 (7187264.005.000) 08/26 20:52:32 Started transferring input files
	Transferring to host: <188.185.93.118:9618?addrs=188.185.93.118-9618+[2001-1458-d00-6c--100-36b]-9618&alias=b9g57n6545.cern.ch&noUDP&sock=slot1_1_16786_0164_108647>
...
040 (7187264.005.000) 08/26 20:52:32 Finished transferring input files
...
001 (7187264.005.000) 08/26 20:52:33 Job executing on host: <188.185.93.118:9618?addrs=188.185.93.118-9618+[2001-1458-d00-6c--100-36b]-9618&alias=b9g57n6545.cern.ch&noUDP&sock=startd_16364_ebdf>
	SlotName: slot1_1@b9g57n6545.cern.ch
	AvailableGPUs = { GPUs_GPU_1d17f189 }
	CondorScratchDir = "/pool/condor/dir_3063600"
	Cpus = 1
	Disk = 332655
	GPUs = 1
	GPUs_GPU_1d17f189 = [ GlobalMemoryMb = 40326; MaxSupportedVersion = 12040; DriverVersion = 12.4; DeviceUuid = "1d17f189-4819-0334-33fe-0cacfb19687c"; DeviceName = "NVIDIA A100-PCIE-40GB"; CoresPerCU = 64; ECCEnabled = true; ComputeUnits = 108; ClockMhz = 1410.0; Id = "GPU-1d17f189"; DevicePciBusId = "0000:06:00.0"; Capability = 8.0 ]
	Memory = 2000
...
006 (7187264.005.000) 08/26 20:52:42 Image size of job updated: 626372
	363  -  MemoryUsage of job (MB)
	371472  -  ResidentSetSize of job (KB)
...
006 (7187264.005.000) 08/26 20:57:44 Image size of job updated: 3780152
	3692  -  MemoryUsage of job (MB)
	3780152  -  ResidentSetSize of job (KB)
...
006 (7187264.005.000) 08/26 21:02:44 Image size of job updated: 4609032
	4502  -  MemoryUsage of job (MB)
	4609032  -  ResidentSetSize of job (KB)
...
006 (7187264.005.000) 08/26 21:07:02 Image size of job updated: 5267344
	4502  -  MemoryUsage of job (MB)
	4609032  -  ResidentSetSize of job (KB)
...
040 (7187264.005.000) 08/26 21:07:02 Started transferring output files
...
040 (7187264.005.000) 08/26 21:07:02 Finished transferring output files
...
005 (7187264.005.000) 08/26 21:07:02 Job terminated.
	(1) Normal termination (return value 50)
		Usr 0 00:13:14, Sys 0 00:00:55  -  Run Remote Usage
		Usr 0 00:00:00, Sys 0 00:00:00  -  Run Local Usage
		Usr 0 00:13:14, Sys 0 00:00:55  -  Total Remote Usage
		Usr 0 00:00:00, Sys 0 00:00:00  -  Total Local Usage
	16413  -  Run Bytes Sent By Job
	2915  -  Run Bytes Received By Job
	16413  -  Total Bytes Sent By Job
	2915  -  Total Bytes Received By Job
	Partitionable Resources :      Usage  Request Allocated Assigned
	   Cpus                 :       1.00        1         1 
	   Disk (KB)            : 1979954           3    332655 
	   Gpus (Average)       :       0.00        1         1 "GPU-1d17f189"
	   GpusMemory (MB)      :    1069                       
	   Memory (MB)          :    4502        2000      2000 

	Job terminated of its own accord at 2024-08-26T19:07:02Z with exit-code 50.
...
