000 (7187313.005.000) 08/26 07:56:01 Job submitted from host: <137.138.44.55:9618?addrs=137.138.44.55-9618+[2001-1458-d00-1a--48]-9618&alias=bigbird17.cern.ch&noUDP&sock=schedd_23962_8474>
...
040 (7187313.005.000) 08/26 14:57:09 Started transferring input files
	Transferring to host: <128.142.248.15:9618?addrs=128.142.248.15-9618+[2001-1458-301-73--100-ff]-9618&alias=b9g23p2723.cern.ch&noUDP&sock=slot1_4_3961800_404a_9393>
...
040 (7187313.005.000) 08/26 14:57:09 Finished transferring input files
...
001 (7187313.005.000) 08/26 14:57:10 Job executing on host: <128.142.248.15:9618?addrs=128.142.248.15-9618+[2001-1458-301-73--100-ff]-9618&alias=b9g23p2723.cern.ch&noUDP&sock=startd_5130_54ef>
	SlotName: slot1_4@b9g23p2723.cern.ch
	CondorScratchDir = "/pool/condor/dir_554938"
	Cpus = 1
	Disk = 2944686
	Memory = 2000
...
006 (7187313.005.000) 08/26 14:57:19 Image size of job updated: 795296
	777  -  MemoryUsage of job (MB)
	795288  -  ResidentSetSize of job (KB)
...
006 (7187313.005.000) 08/26 15:02:20 Image size of job updated: 1447052
	1136  -  MemoryUsage of job (MB)
	1162656  -  ResidentSetSize of job (KB)
...
006 (7187313.005.000) 08/26 15:07:20 Image size of job updated: 1447052
	1164  -  MemoryUsage of job (MB)
	1191388  -  ResidentSetSize of job (KB)
...
006 (7187313.005.000) 08/26 15:12:21 Image size of job updated: 1447052
	1218  -  MemoryUsage of job (MB)
	1246292  -  ResidentSetSize of job (KB)
...
006 (7187313.005.000) 08/26 15:17:21 Image size of job updated: 1447052
	1252  -  MemoryUsage of job (MB)
	1281140  -  ResidentSetSize of job (KB)
...
006 (7187313.005.000) 08/26 15:22:21 Image size of job updated: 1447052
	1303  -  MemoryUsage of job (MB)
	1333980  -  ResidentSetSize of job (KB)
...
006 (7187313.005.000) 08/26 15:27:22 Image size of job updated: 1447052
	1352  -  MemoryUsage of job (MB)
	1383832  -  ResidentSetSize of job (KB)
...
006 (7187313.005.000) 08/26 15:32:22 Image size of job updated: 1452696
	1409  -  MemoryUsage of job (MB)
	1442748  -  ResidentSetSize of job (KB)
...
006 (7187313.005.000) 08/26 15:37:23 Image size of job updated: 1519968
	1474  -  MemoryUsage of job (MB)
	1508400  -  ResidentSetSize of job (KB)
...
006 (7187313.005.000) 08/26 15:42:23 Image size of job updated: 1553340
	1513  -  MemoryUsage of job (MB)
	1548892  -  ResidentSetSize of job (KB)
...
006 (7187313.005.000) 08/26 15:47:23 Image size of job updated: 1595832
	1540  -  MemoryUsage of job (MB)
	1576588  -  ResidentSetSize of job (KB)
...
006 (7187313.005.000) 08/26 15:52:24 Image size of job updated: 1632804
	1587  -  MemoryUsage of job (MB)
	1624804  -  ResidentSetSize of job (KB)
...
006 (7187313.005.000) 08/26 15:57:25 Image size of job updated: 1693636
	1633  -  MemoryUsage of job (MB)
	1672012  -  ResidentSetSize of job (KB)
...
006 (7187313.005.000) 08/26 16:02:25 Image size of job updated: 1722060
	1674  -  MemoryUsage of job (MB)
	1713220  -  ResidentSetSize of job (KB)
...
006 (7187313.005.000) 08/26 16:07:26 Image size of job updated: 1769744
	1723  -  MemoryUsage of job (MB)
	1763964  -  ResidentSetSize of job (KB)
...
006 (7187313.005.000) 08/26 16:12:26 Image size of job updated: 1807700
	1766  -  MemoryUsage of job (MB)
	1807552  -  ResidentSetSize of job (KB)
...
006 (7187313.005.000) 08/26 16:17:26 Image size of job updated: 1862040
	1801  -  MemoryUsage of job (MB)
	1843312  -  ResidentSetSize of job (KB)
...
006 (7187313.005.000) 08/26 16:22:27 Image size of job updated: 1912352
	1853  -  MemoryUsage of job (MB)
	1896572  -  ResidentSetSize of job (KB)
...
006 (7187313.005.000) 08/26 16:27:27 Image size of job updated: 1947768
	1895  -  MemoryUsage of job (MB)
	1940432  -  ResidentSetSize of job (KB)
...
006 (7187313.005.000) 08/26 16:32:28 Image size of job updated: 1993212
	1938  -  MemoryUsage of job (MB)
	1984288  -  ResidentSetSize of job (KB)
...
006 (7187313.005.000) 08/26 16:37:29 Image size of job updated: 2043648
	1978  -  MemoryUsage of job (MB)
	2024944  -  ResidentSetSize of job (KB)
...
006 (7187313.005.000) 08/26 16:42:29 Image size of job updated: 2078016
	2018  -  MemoryUsage of job (MB)
	2065752  -  ResidentSetSize of job (KB)
...
006 (7187313.005.000) 08/26 16:47:30 Image size of job updated: 2138108
	2088  -  MemoryUsage of job (MB)
	2138092  -  ResidentSetSize of job (KB)
...
006 (7187313.005.000) 08/26 16:52:31 Image size of job updated: 2232680
	2154  -  MemoryUsage of job (MB)
	2204840  -  ResidentSetSize of job (KB)
...
006 (7187313.005.000) 08/26 16:57:31 Image size of job updated: 2266192
	2206  -  MemoryUsage of job (MB)
	2258536  -  ResidentSetSize of job (KB)
...
006 (7187313.005.000) 08/26 17:02:32 Image size of job updated: 2351448
	2241  -  MemoryUsage of job (MB)
	2294436  -  ResidentSetSize of job (KB)
...
006 (7187313.005.000) 08/26 17:07:33 Image size of job updated: 2389132
	2328  -  MemoryUsage of job (MB)
	2383180  -  ResidentSetSize of job (KB)
...
006 (7187313.005.000) 08/26 17:12:33 Image size of job updated: 2438752
	2354  -  MemoryUsage of job (MB)
	2409764  -  ResidentSetSize of job (KB)
...
006 (7187313.005.000) 08/26 17:17:34 Image size of job updated: 2479184
	2407  -  MemoryUsage of job (MB)
	2463748  -  ResidentSetSize of job (KB)
...
006 (7187313.005.000) 08/26 17:22:34 Image size of job updated: 2540336
	2456  -  MemoryUsage of job (MB)
	2514444  -  ResidentSetSize of job (KB)
...
006 (7187313.005.000) 08/26 17:27:35 Image size of job updated: 2545768
	2482  -  MemoryUsage of job (MB)
	2540816  -  ResidentSetSize of job (KB)
...
006 (7187313.005.000) 08/26 17:32:36 Image size of job updated: 2589916
	2519  -  MemoryUsage of job (MB)
	2579296  -  ResidentSetSize of job (KB)
...
006 (7187313.005.000) 08/26 17:37:36 Image size of job updated: 2643712
	2560  -  MemoryUsage of job (MB)
	2621008  -  ResidentSetSize of job (KB)
...
006 (7187313.005.000) 08/26 17:42:36 Image size of job updated: 2693364
	2622  -  MemoryUsage of job (MB)
	2684388  -  ResidentSetSize of job (KB)
...
006 (7187313.005.000) 08/26 17:47:37 Image size of job updated: 2733980
	2657  -  MemoryUsage of job (MB)
	2720392  -  ResidentSetSize of job (KB)
...
006 (7187313.005.000) 08/26 17:52:38 Image size of job updated: 2735320
	2666  -  MemoryUsage of job (MB)
	2729736  -  ResidentSetSize of job (KB)
...
006 (7187313.005.000) 08/26 17:57:38 Image size of job updated: 2747816
	2684  -  MemoryUsage of job (MB)
	2747816  -  ResidentSetSize of job (KB)
...
006 (7187313.005.000) 08/26 18:02:39 Image size of job updated: 2819988
	2754  -  MemoryUsage of job (MB)
	2819976  -  ResidentSetSize of job (KB)
...
006 (7187313.005.000) 08/26 18:07:40 Image size of job updated: 2853744
	2787  -  MemoryUsage of job (MB)
	2853564  -  ResidentSetSize of job (KB)
...
006 (7187313.005.000) 08/26 18:12:40 Image size of job updated: 2881076
	2814  -  MemoryUsage of job (MB)
	2881076  -  ResidentSetSize of job (KB)
...
006 (7187313.005.000) 08/26 18:17:41 Image size of job updated: 2905660
	2838  -  MemoryUsage of job (MB)
	2905552  -  ResidentSetSize of job (KB)
...
006 (7187313.005.000) 08/26 18:22:42 Image size of job updated: 2977252
	2838  -  MemoryUsage of job (MB)
	2905552  -  ResidentSetSize of job (KB)
...
006 (7187313.005.000) 08/26 18:37:43 Image size of job updated: 2977252
	2842  -  MemoryUsage of job (MB)
	2909316  -  ResidentSetSize of job (KB)
...
006 (7187313.005.000) 08/26 18:42:43 Image size of job updated: 2977252
	2896  -  MemoryUsage of job (MB)
	2965120  -  ResidentSetSize of job (KB)
...
006 (7187313.005.000) 08/26 18:47:44 Image size of job updated: 3034112
	2952  -  MemoryUsage of job (MB)
	3022244  -  ResidentSetSize of job (KB)
...
006 (7187313.005.000) 08/26 18:52:45 Image size of job updated: 3070796
	2991  -  MemoryUsage of job (MB)
	3062760  -  ResidentSetSize of job (KB)
...
006 (7187313.005.000) 08/26 18:57:45 Image size of job updated: 3094336
	2991  -  MemoryUsage of job (MB)
	3062760  -  ResidentSetSize of job (KB)
...
006 (7187313.005.000) 08/26 19:02:46 Image size of job updated: 3106160
	3032  -  MemoryUsage of job (MB)
	3104164  -  ResidentSetSize of job (KB)
...
006 (7187313.005.000) 08/26 19:07:46 Image size of job updated: 3132280
	3034  -  MemoryUsage of job (MB)
	3105920  -  ResidentSetSize of job (KB)
...
006 (7187313.005.000) 08/26 19:12:46 Image size of job updated: 3180648
	3080  -  MemoryUsage of job (MB)
	3153796  -  ResidentSetSize of job (KB)
...
006 (7187313.005.000) 08/26 19:17:47 Image size of job updated: 3196880
	3118  -  MemoryUsage of job (MB)
	3192104  -  ResidentSetSize of job (KB)
...
006 (7187313.005.000) 08/26 19:22:48 Image size of job updated: 3224792
	3142  -  MemoryUsage of job (MB)
	3217232  -  ResidentSetSize of job (KB)
...
006 (7187313.005.000) 08/26 19:27:49 Image size of job updated: 3293064
	3198  -  MemoryUsage of job (MB)
	3274396  -  ResidentSetSize of job (KB)
...
006 (7187313.005.000) 08/26 19:32:49 Image size of job updated: 3331204
	3249  -  MemoryUsage of job (MB)
	3326636  -  ResidentSetSize of job (KB)
...
006 (7187313.005.000) 08/26 19:37:50 Image size of job updated: 3362140
	3269  -  MemoryUsage of job (MB)
	3346920  -  ResidentSetSize of job (KB)
...
006 (7187313.005.000) 08/26 19:42:50 Image size of job updated: 3378948
	3294  -  MemoryUsage of job (MB)
	3372108  -  ResidentSetSize of job (KB)
...
006 (7187313.005.000) 08/26 19:47:50 Image size of job updated: 3442692
	3354  -  MemoryUsage of job (MB)
	3433820  -  ResidentSetSize of job (KB)
...
006 (7187313.005.000) 08/26 19:52:51 Image size of job updated: 3463688
	3370  -  MemoryUsage of job (MB)
	3449932  -  ResidentSetSize of job (KB)
...
006 (7187313.005.000) 08/26 19:57:52 Image size of job updated: 3518504
	3437  -  MemoryUsage of job (MB)
	3518472  -  ResidentSetSize of job (KB)
...
006 (7187313.005.000) 08/26 20:02:52 Image size of job updated: 3573796
	3437  -  MemoryUsage of job (MB)
	3518728  -  ResidentSetSize of job (KB)
...
006 (7187313.005.000) 08/26 20:12:53 Image size of job updated: 3573796
	3466  -  MemoryUsage of job (MB)
	3548396  -  ResidentSetSize of job (KB)
...
006 (7187313.005.000) 08/26 20:17:53 Image size of job updated: 3591184
	3502  -  MemoryUsage of job (MB)
	3585088  -  ResidentSetSize of job (KB)
...
006 (7187313.005.000) 08/26 20:22:54 Image size of job updated: 3609580
	3510  -  MemoryUsage of job (MB)
	3593700  -  ResidentSetSize of job (KB)
...
006 (7187313.005.000) 08/26 20:27:54 Image size of job updated: 3638408
	3550  -  MemoryUsage of job (MB)
	3634228  -  ResidentSetSize of job (KB)
...
006 (7187313.005.000) 08/26 20:32:55 Image size of job updated: 3693084
	3607  -  MemoryUsage of job (MB)
	3693084  -  ResidentSetSize of job (KB)
...
006 (7187313.005.000) 08/26 20:37:56 Image size of job updated: 3743944
	3650  -  MemoryUsage of job (MB)
	3736928  -  ResidentSetSize of job (KB)
...
006 (7187313.005.000) 08/26 20:42:56 Image size of job updated: 3791164
	3703  -  MemoryUsage of job (MB)
	3791020  -  ResidentSetSize of job (KB)
...
006 (7187313.005.000) 08/26 20:47:56 Image size of job updated: 3835596
	3703  -  MemoryUsage of job (MB)
	3791788  -  ResidentSetSize of job (KB)
...
006 (7187313.005.000) 08/26 20:57:57 Image size of job updated: 3863224
	3767  -  MemoryUsage of job (MB)
	3856744  -  ResidentSetSize of job (KB)
...
006 (7187313.005.000) 08/26 21:02:57 Image size of job updated: 3921292
	3827  -  MemoryUsage of job (MB)
	3918376  -  ResidentSetSize of job (KB)
...
006 (7187313.005.000) 08/26 21:07:58 Image size of job updated: 3973932
	3881  -  MemoryUsage of job (MB)
	3973688  -  ResidentSetSize of job (KB)
...
006 (7187313.005.000) 08/26 21:12:59 Image size of job updated: 4036548
	3942  -  MemoryUsage of job (MB)
	4036548  -  ResidentSetSize of job (KB)
...
006 (7187313.005.000) 08/26 21:17:59 Image size of job updated: 4121468
	4025  -  MemoryUsage of job (MB)
	4121468  -  ResidentSetSize of job (KB)
...
006 (7187313.005.000) 08/26 21:22:59 Image size of job updated: 4228908
	4130  -  MemoryUsage of job (MB)
	4228908  -  ResidentSetSize of job (KB)
...
006 (7187313.005.000) 08/26 21:27:59 Image size of job updated: 4241608
	4130  -  MemoryUsage of job (MB)
	4228908  -  ResidentSetSize of job (KB)
...
006 (7187313.005.000) 08/26 21:38:01 Image size of job updated: 4265524
	4166  -  MemoryUsage of job (MB)
	4265524  -  ResidentSetSize of job (KB)
...
006 (7187313.005.000) 08/26 21:43:01 Image size of job updated: 4503768
	4399  -  MemoryUsage of job (MB)
	4503768  -  ResidentSetSize of job (KB)
...
006 (7187313.005.000) 08/26 21:48:02 Image size of job updated: 4737208
	4627  -  MemoryUsage of job (MB)
	4737208  -  ResidentSetSize of job (KB)
...
006 (7187313.005.000) 08/26 21:53:02 Image size of job updated: 4975256
	4859  -  MemoryUsage of job (MB)
	4975256  -  ResidentSetSize of job (KB)
...
006 (7187313.005.000) 08/26 21:58:03 Image size of job updated: 5261000
	5138  -  MemoryUsage of job (MB)
	5261000  -  ResidentSetSize of job (KB)
...
006 (7187313.005.000) 08/26 22:03:04 Image size of job updated: 5499228
	5371  -  MemoryUsage of job (MB)
	5499228  -  ResidentSetSize of job (KB)
...
006 (7187313.005.000) 08/26 22:08:04 Image size of job updated: 5748820
	5615  -  MemoryUsage of job (MB)
	5748820  -  ResidentSetSize of job (KB)
...
006 (7187313.005.000) 08/26 22:13:05 Image size of job updated: 5999036
	5859  -  MemoryUsage of job (MB)
	5999036  -  ResidentSetSize of job (KB)
...
006 (7187313.005.000) 08/26 22:18:05 Image size of job updated: 6243056
	6097  -  MemoryUsage of job (MB)
	6243056  -  ResidentSetSize of job (KB)
...
006 (7187313.005.000) 08/26 22:23:06 Image size of job updated: 6489360
	6336  -  MemoryUsage of job (MB)
	6487304  -  ResidentSetSize of job (KB)
...
006 (7187313.005.000) 08/26 22:28:07 Image size of job updated: 6736164
	6579  -  MemoryUsage of job (MB)
	6736164  -  ResidentSetSize of job (KB)
...
006 (7187313.005.000) 08/26 22:33:07 Image size of job updated: 7019208
	6855  -  MemoryUsage of job (MB)
	7019208  -  ResidentSetSize of job (KB)
...
006 (7187313.005.000) 08/26 22:38:08 Image size of job updated: 7268168
	7098  -  MemoryUsage of job (MB)
	7268168  -  ResidentSetSize of job (KB)
...
006 (7187313.005.000) 08/26 22:43:08 Image size of job updated: 7501980
	7327  -  MemoryUsage of job (MB)
	7501980  -  ResidentSetSize of job (KB)
...
006 (7187313.005.000) 08/26 22:46:53 Image size of job updated: 7593464
	7327  -  MemoryUsage of job (MB)
	7502084  -  ResidentSetSize of job (KB)
...
040 (7187313.005.000) 08/26 22:46:54 Started transferring output files
...
040 (7187313.005.000) 08/26 22:46:54 Finished transferring output files
...
005 (7187313.005.000) 08/26 22:46:54 Job terminated.
	(1) Normal termination (return value 50)
		Usr 0 07:28:05, Sys 0 00:06:55  -  Run Remote Usage
		Usr 0 00:00:00, Sys 0 00:00:00  -  Run Local Usage
		Usr 0 07:28:05, Sys 0 00:06:55  -  Total Remote Usage
		Usr 0 00:00:00, Sys 0 00:00:00  -  Total Local Usage
	211275  -  Run Bytes Sent By Job
	2914  -  Run Bytes Received By Job
	211275  -  Total Bytes Sent By Job
	2914  -  Total Bytes Received By Job
	Partitionable Resources :      Usage  Request Allocated 
	   Cpus                 :       0.99        1         1 
	   Disk (KB)            : 4370572           3   2944686 
	   Memory (MB)          :    7327        2000      2000 

	Job terminated of its own accord at 2024-08-26T20:46:53Z with exit-code 50.
...
