000 (7187313.003.000) 08/26 07:56:01 Job submitted from host: <137.138.44.55:9618?addrs=137.138.44.55-9618+[2001-1458-d00-1a--48]-9618&alias=bigbird17.cern.ch&noUDP&sock=schedd_23962_8474>
...
040 (7187313.003.000) 08/26 14:51:59 Started transferring input files
	Transferring to host: <128.142.248.15:9618?addrs=128.142.248.15-9618+[2001-1458-301-73--100-ff]-9618&alias=b9g23p2723.cern.ch&noUDP&sock=slot1_9_3961800_404a_9390>
...
040 (7187313.003.000) 08/26 14:51:59 Finished transferring input files
...
001 (7187313.003.000) 08/26 14:52:00 Job executing on host: <128.142.248.15:9618?addrs=128.142.248.15-9618+[2001-1458-301-73--100-ff]-9618&alias=b9g23p2723.cern.ch&noUDP&sock=startd_5130_54ef>
	SlotName: slot1_9@b9g23p2723.cern.ch
	CondorScratchDir = "/pool/condor/dir_524190"
	Cpus = 1
	Disk = 2950716
	Memory = 2000
...
006 (7187313.003.000) 08/26 14:52:09 Image size of job updated: 717496
	701  -  MemoryUsage of job (MB)
	717416  -  ResidentSetSize of job (KB)
...
006 (7187313.003.000) 08/26 14:57:09 Image size of job updated: 1447648
	1159  -  MemoryUsage of job (MB)
	1185860  -  ResidentSetSize of job (KB)
...
006 (7187313.003.000) 08/26 15:02:10 Image size of job updated: 1447648
	1187  -  MemoryUsage of job (MB)
	1215052  -  ResidentSetSize of job (KB)
...
006 (7187313.003.000) 08/26 15:07:10 Image size of job updated: 1447648
	1220  -  MemoryUsage of job (MB)
	1249092  -  ResidentSetSize of job (KB)
...
006 (7187313.003.000) 08/26 15:12:11 Image size of job updated: 1447648
	1274  -  MemoryUsage of job (MB)
	1303852  -  ResidentSetSize of job (KB)
...
006 (7187313.003.000) 08/26 15:17:11 Image size of job updated: 1447648
	1332  -  MemoryUsage of job (MB)
	1363732  -  ResidentSetSize of job (KB)
...
006 (7187313.003.000) 08/26 15:22:12 Image size of job updated: 1447648
	1361  -  MemoryUsage of job (MB)
	1393560  -  ResidentSetSize of job (KB)
...
006 (7187313.003.000) 08/26 15:27:12 Image size of job updated: 1452920
	1411  -  MemoryUsage of job (MB)
	1444032  -  ResidentSetSize of job (KB)
...
006 (7187313.003.000) 08/26 15:32:12 Image size of job updated: 1521136
	1477  -  MemoryUsage of job (MB)
	1512200  -  ResidentSetSize of job (KB)
...
006 (7187313.003.000) 08/26 15:37:13 Image size of job updated: 1556548
	1514  -  MemoryUsage of job (MB)
	1549808  -  ResidentSetSize of job (KB)
...
006 (7187313.003.000) 08/26 15:42:14 Image size of job updated: 1595924
	1550  -  MemoryUsage of job (MB)
	1586372  -  ResidentSetSize of job (KB)
...
006 (7187313.003.000) 08/26 15:47:14 Image size of job updated: 1632820
	1587  -  MemoryUsage of job (MB)
	1624188  -  ResidentSetSize of job (KB)
...
006 (7187313.003.000) 08/26 15:52:15 Image size of job updated: 1689908
	1611  -  MemoryUsage of job (MB)
	1649448  -  ResidentSetSize of job (KB)
...
006 (7187313.003.000) 08/26 15:57:15 Image size of job updated: 1726436
	1678  -  MemoryUsage of job (MB)
	1717492  -  ResidentSetSize of job (KB)
...
006 (7187313.003.000) 08/26 16:02:15 Image size of job updated: 1774544
	1720  -  MemoryUsage of job (MB)
	1760816  -  ResidentSetSize of job (KB)
...
006 (7187313.003.000) 08/26 16:07:16 Image size of job updated: 1819664
	1753  -  MemoryUsage of job (MB)
	1794172  -  ResidentSetSize of job (KB)
...
006 (7187313.003.000) 08/26 16:12:16 Image size of job updated: 1866116
	1823  -  MemoryUsage of job (MB)
	1866084  -  ResidentSetSize of job (KB)
...
006 (7187313.003.000) 08/26 16:17:17 Image size of job updated: 1913176
	1858  -  MemoryUsage of job (MB)
	1902324  -  ResidentSetSize of job (KB)
...
006 (7187313.003.000) 08/26 16:22:18 Image size of job updated: 1955344
	1902  -  MemoryUsage of job (MB)
	1946944  -  ResidentSetSize of job (KB)
...
006 (7187313.003.000) 08/26 16:27:18 Image size of job updated: 2002280
	1945  -  MemoryUsage of job (MB)
	1991568  -  ResidentSetSize of job (KB)
...
006 (7187313.003.000) 08/26 16:32:18 Image size of job updated: 2044544
	1994  -  MemoryUsage of job (MB)
	2041764  -  ResidentSetSize of job (KB)
...
006 (7187313.003.000) 08/26 16:37:19 Image size of job updated: 2087960
	1996  -  MemoryUsage of job (MB)
	2043528  -  ResidentSetSize of job (KB)
...
006 (7187313.003.000) 08/26 16:42:19 Image size of job updated: 2146180
	2090  -  MemoryUsage of job (MB)
	2139688  -  ResidentSetSize of job (KB)
...
006 (7187313.003.000) 08/26 16:47:20 Image size of job updated: 2233508
	2159  -  MemoryUsage of job (MB)
	2210500  -  ResidentSetSize of job (KB)
...
006 (7187313.003.000) 08/26 16:52:20 Image size of job updated: 2277048
	2188  -  MemoryUsage of job (MB)
	2240072  -  ResidentSetSize of job (KB)
...
006 (7187313.003.000) 08/26 16:57:20 Image size of job updated: 2367544
	2302  -  MemoryUsage of job (MB)
	2356704  -  ResidentSetSize of job (KB)
...
006 (7187313.003.000) 08/26 17:02:21 Image size of job updated: 2396832
	2334  -  MemoryUsage of job (MB)
	2389148  -  ResidentSetSize of job (KB)
...
006 (7187313.003.000) 08/26 17:07:21 Image size of job updated: 2439684
	2371  -  MemoryUsage of job (MB)
	2427032  -  ResidentSetSize of job (KB)
...
006 (7187313.003.000) 08/26 17:12:22 Image size of job updated: 2491764
	2413  -  MemoryUsage of job (MB)
	2470712  -  ResidentSetSize of job (KB)
...
006 (7187313.003.000) 08/26 17:17:22 Image size of job updated: 2540616
	2464  -  MemoryUsage of job (MB)
	2523068  -  ResidentSetSize of job (KB)
...
006 (7187313.003.000) 08/26 17:22:22 Image size of job updated: 2557036
	2489  -  MemoryUsage of job (MB)
	2547972  -  ResidentSetSize of job (KB)
...
006 (7187313.003.000) 08/26 17:27:23 Image size of job updated: 2602652
	2542  -  MemoryUsage of job (MB)
	2602616  -  ResidentSetSize of job (KB)
...
006 (7187313.003.000) 08/26 17:32:23 Image size of job updated: 2644412
	2563  -  MemoryUsage of job (MB)
	2624276  -  ResidentSetSize of job (KB)
...
006 (7187313.003.000) 08/26 17:37:24 Image size of job updated: 2702940
	2640  -  MemoryUsage of job (MB)
	2702900  -  ResidentSetSize of job (KB)
...
006 (7187313.003.000) 08/26 17:42:24 Image size of job updated: 2735644
	2661  -  MemoryUsage of job (MB)
	2723900  -  ResidentSetSize of job (KB)
...
006 (7187313.003.000) 08/26 17:47:25 Image size of job updated: 2737064
	2671  -  MemoryUsage of job (MB)
	2735076  -  ResidentSetSize of job (KB)
...
006 (7187313.003.000) 08/26 17:52:26 Image size of job updated: 2752256
	2688  -  MemoryUsage of job (MB)
	2752080  -  ResidentSetSize of job (KB)
...
006 (7187313.003.000) 08/26 17:57:26 Image size of job updated: 2828556
	2763  -  MemoryUsage of job (MB)
	2828556  -  ResidentSetSize of job (KB)
...
006 (7187313.003.000) 08/26 18:02:27 Image size of job updated: 2862568
	2796  -  MemoryUsage of job (MB)
	2862568  -  ResidentSetSize of job (KB)
...
006 (7187313.003.000) 08/26 18:07:28 Image size of job updated: 2889652
	2822  -  MemoryUsage of job (MB)
	2889652  -  ResidentSetSize of job (KB)
...
006 (7187313.003.000) 08/26 18:12:28 Image size of job updated: 2978124
	2822  -  MemoryUsage of job (MB)
	2889652  -  ResidentSetSize of job (KB)
...
006 (7187313.003.000) 08/26 18:27:30 Image size of job updated: 2978124
	2846  -  MemoryUsage of job (MB)
	2913992  -  ResidentSetSize of job (KB)
...
006 (7187313.003.000) 08/26 18:32:31 Image size of job updated: 2978124
	2863  -  MemoryUsage of job (MB)
	2930928  -  ResidentSetSize of job (KB)
...
006 (7187313.003.000) 08/26 18:37:31 Image size of job updated: 2997932
	2928  -  MemoryUsage of job (MB)
	2997812  -  ResidentSetSize of job (KB)
...
006 (7187313.003.000) 08/26 18:42:31 Image size of job updated: 3047172
	2967  -  MemoryUsage of job (MB)
	3038000  -  ResidentSetSize of job (KB)
...
006 (7187313.003.000) 08/26 18:47:32 Image size of job updated: 3077976
	2992  -  MemoryUsage of job (MB)
	3063484  -  ResidentSetSize of job (KB)
...
006 (7187313.003.000) 08/26 18:52:33 Image size of job updated: 3104968
	3024  -  MemoryUsage of job (MB)
	3095808  -  ResidentSetSize of job (KB)
...
006 (7187313.003.000) 08/26 18:57:33 Image size of job updated: 3119832
	3047  -  MemoryUsage of job (MB)
	3119832  -  ResidentSetSize of job (KB)
...
006 (7187313.003.000) 08/26 19:02:34 Image size of job updated: 3149640
	3062  -  MemoryUsage of job (MB)
	3135288  -  ResidentSetSize of job (KB)
...
006 (7187313.003.000) 08/26 19:07:35 Image size of job updated: 3193412
	3105  -  MemoryUsage of job (MB)
	3179336  -  ResidentSetSize of job (KB)
...
006 (7187313.003.000) 08/26 19:12:35 Image size of job updated: 3219864
	3132  -  MemoryUsage of job (MB)
	3206632  -  ResidentSetSize of job (KB)
...
006 (7187313.003.000) 08/26 19:17:35 Image size of job updated: 3246716
	3165  -  MemoryUsage of job (MB)
	3240796  -  ResidentSetSize of job (KB)
...
006 (7187313.003.000) 08/26 19:22:36 Image size of job updated: 3331772
	3215  -  MemoryUsage of job (MB)
	3291868  -  ResidentSetSize of job (KB)
...
006 (7187313.003.000) 08/26 19:27:37 Image size of job updated: 3351540
	3259  -  MemoryUsage of job (MB)
	3336672  -  ResidentSetSize of job (KB)
...
006 (7187313.003.000) 08/26 19:32:37 Image size of job updated: 3367920
	3280  -  MemoryUsage of job (MB)
	3358592  -  ResidentSetSize of job (KB)
...
006 (7187313.003.000) 08/26 19:37:38 Image size of job updated: 3415216
	3333  -  MemoryUsage of job (MB)
	3412636  -  ResidentSetSize of job (KB)
...
006 (7187313.003.000) 08/26 19:42:39 Image size of job updated: 3460456
	3356  -  MemoryUsage of job (MB)
	3436236  -  ResidentSetSize of job (KB)
...
006 (7187313.003.000) 08/26 19:47:39 Image size of job updated: 3502880
	3419  -  MemoryUsage of job (MB)
	3500512  -  ResidentSetSize of job (KB)
...
006 (7187313.003.000) 08/26 19:52:39 Image size of job updated: 3546032
	3463  -  MemoryUsage of job (MB)
	3545908  -  ResidentSetSize of job (KB)
...
006 (7187313.003.000) 08/26 19:57:39 Image size of job updated: 3567932
	3464  -  MemoryUsage of job (MB)
	3546164  -  ResidentSetSize of job (KB)
...
006 (7187313.003.000) 08/26 20:12:41 Image size of job updated: 3595052
	3504  -  MemoryUsage of job (MB)
	3587720  -  ResidentSetSize of job (KB)
...
006 (7187313.003.000) 08/26 20:17:42 Image size of job updated: 3611084
	3523  -  MemoryUsage of job (MB)
	3606888  -  ResidentSetSize of job (KB)
...
006 (7187313.003.000) 08/26 20:22:42 Image size of job updated: 3659888
	3560  -  MemoryUsage of job (MB)
	3645168  -  ResidentSetSize of job (KB)
...
006 (7187313.003.000) 08/26 20:27:42 Image size of job updated: 3725616
	3639  -  MemoryUsage of job (MB)
	3725404  -  ResidentSetSize of job (KB)
...
006 (7187313.003.000) 08/26 20:32:42 Image size of job updated: 3770692
	3670  -  MemoryUsage of job (MB)
	3757076  -  ResidentSetSize of job (KB)
...
006 (7187313.003.000) 08/26 20:37:42 Image size of job updated: 3829248
	3731  -  MemoryUsage of job (MB)
	3820048  -  ResidentSetSize of job (KB)
...
006 (7187313.003.000) 08/26 20:42:43 Image size of job updated: 3829248
	3731  -  MemoryUsage of job (MB)
	3820304  -  ResidentSetSize of job (KB)
...
006 (7187313.003.000) 08/26 20:47:44 Image size of job updated: 3838816
	3749  -  MemoryUsage of job (MB)
	3838816  -  ResidentSetSize of job (KB)
...
006 (7187313.003.000) 08/26 20:52:45 Image size of job updated: 3918152
	3804  -  MemoryUsage of job (MB)
	3895096  -  ResidentSetSize of job (KB)
...
006 (7187313.003.000) 08/26 20:57:46 Image size of job updated: 3948292
	3856  -  MemoryUsage of job (MB)
	3948292  -  ResidentSetSize of job (KB)
...
006 (7187313.003.000) 08/26 21:02:46 Image size of job updated: 4036068
	3937  -  MemoryUsage of job (MB)
	4030688  -  ResidentSetSize of job (KB)
...
006 (7187313.003.000) 08/26 21:07:47 Image size of job updated: 4095128
	3973  -  MemoryUsage of job (MB)
	4067552  -  ResidentSetSize of job (KB)
...
006 (7187313.003.000) 08/26 21:12:47 Image size of job updated: 4193232
	4095  -  MemoryUsage of job (MB)
	4193232  -  ResidentSetSize of job (KB)
...
006 (7187313.003.000) 08/26 21:17:47 Image size of job updated: 4322264
	4221  -  MemoryUsage of job (MB)
	4322264  -  ResidentSetSize of job (KB)
...
006 (7187313.003.000) 08/26 21:22:47 Image size of job updated: 4916620
	4802  -  MemoryUsage of job (MB)
	4916620  -  ResidentSetSize of job (KB)
...
006 (7187313.003.000) 08/26 21:27:48 Image size of job updated: 5650928
	5519  -  MemoryUsage of job (MB)
	5650928  -  ResidentSetSize of job (KB)
...
006 (7187313.003.000) 08/26 21:32:49 Image size of job updated: 5898048
	5760  -  MemoryUsage of job (MB)
	5898048  -  ResidentSetSize of job (KB)
...
006 (7187313.003.000) 08/26 21:37:49 Image size of job updated: 6147300
	6004  -  MemoryUsage of job (MB)
	6147300  -  ResidentSetSize of job (KB)
...
006 (7187313.003.000) 08/26 21:42:50 Image size of job updated: 6404856
	6255  -  MemoryUsage of job (MB)
	6404856  -  ResidentSetSize of job (KB)
...
006 (7187313.003.000) 08/26 21:47:50 Image size of job updated: 6553008
	6255  -  MemoryUsage of job (MB)
	6405112  -  ResidentSetSize of job (KB)
...
006 (7187313.003.000) 08/26 22:07:52 Image size of job updated: 6553008
	6350  -  MemoryUsage of job (MB)
	6501724  -  ResidentSetSize of job (KB)
...
006 (7187313.003.000) 08/26 22:12:53 Image size of job updated: 6757448
	6600  -  MemoryUsage of job (MB)
	6757448  -  ResidentSetSize of job (KB)
...
006 (7187313.003.000) 08/26 22:17:53 Image size of job updated: 7025656
	6861  -  MemoryUsage of job (MB)
	7025656  -  ResidentSetSize of job (KB)
...
006 (7187313.003.000) 08/26 22:22:54 Image size of job updated: 7288232
	7118  -  MemoryUsage of job (MB)
	7288232  -  ResidentSetSize of job (KB)
...
006 (7187313.003.000) 08/26 22:27:55 Image size of job updated: 7525376
	7349  -  MemoryUsage of job (MB)
	7525376  -  ResidentSetSize of job (KB)
...
006 (7187313.003.000) 08/26 22:32:55 Image size of job updated: 7774336
	7593  -  MemoryUsage of job (MB)
	7774336  -  ResidentSetSize of job (KB)
...
006 (7187313.003.000) 08/26 22:36:27 Image size of job updated: 7849212
	7593  -  MemoryUsage of job (MB)
	7774592  -  ResidentSetSize of job (KB)
...
040 (7187313.003.000) 08/26 22:36:27 Started transferring output files
...
040 (7187313.003.000) 08/26 22:36:27 Finished transferring output files
...
005 (7187313.003.000) 08/26 22:36:27 Job terminated.
	(1) Normal termination (return value 50)
		Usr 0 07:23:11, Sys 0 00:06:59  -  Run Remote Usage
		Usr 0 00:00:00, Sys 0 00:00:00  -  Run Local Usage
		Usr 0 07:23:11, Sys 0 00:06:59  -  Total Remote Usage
		Usr 0 00:00:00, Sys 0 00:00:00  -  Total Local Usage
	211275  -  Run Bytes Sent By Job
	2914  -  Run Bytes Received By Job
	211275  -  Total Bytes Sent By Job
	2914  -  Total Bytes Received By Job
	Partitionable Resources :      Usage  Request Allocated 
	   Cpus                 :       0.99        1         1 
	   Disk (KB)            : 4387771           3   2950716 
	   Memory (MB)          :    7593        2000      2000 

	Job terminated of its own accord at 2024-08-26T20:36:27Z with exit-code 50.
...
