000 (7187313.004.000) 08/26 07:56:01 Job submitted from host: <137.138.44.55:9618?addrs=137.138.44.55-9618+[2001-1458-d00-1a--48]-9618&alias=bigbird17.cern.ch&noUDP&sock=schedd_23962_8474>
...
040 (7187313.004.000) 08/26 14:51:59 Started transferring input files
	Transferring to host: <128.142.248.197:9618?addrs=128.142.248.197-9618+[2001-1458-301-73--100-c4]-9618&alias=b9g23p2961.cern.ch&noUDP&sock=slot1_9_7499_794a_5025>
...
040 (7187313.004.000) 08/26 14:51:59 Finished transferring input files
...
001 (7187313.004.000) 08/26 14:52:00 Job executing on host: <128.142.248.197:9618?addrs=128.142.248.197-9618+[2001-1458-301-73--100-c4]-9618&alias=b9g23p2961.cern.ch&noUDP&sock=startd_5911_0866>
	SlotName: slot1_9@b9g23p2961.cern.ch
	CondorScratchDir = "/pool/condor/dir_109529"
	Cpus = 1
	Disk = 3004353
	Memory = 2000
...
006 (7187313.004.000) 08/26 14:52:08 Image size of job updated: 1079984
	1055  -  MemoryUsage of job (MB)
	1079928  -  ResidentSetSize of job (KB)
...
006 (7187313.004.000) 08/26 14:57:09 Image size of job updated: 1448952
	1197  -  MemoryUsage of job (MB)
	1225360  -  ResidentSetSize of job (KB)
...
006 (7187313.004.000) 08/26 15:02:09 Image size of job updated: 1448952
	1281  -  MemoryUsage of job (MB)
	1311660  -  ResidentSetSize of job (KB)
...
006 (7187313.004.000) 08/26 15:07:10 Image size of job updated: 1448952
	1338  -  MemoryUsage of job (MB)
	1369504  -  ResidentSetSize of job (KB)
...
006 (7187313.004.000) 08/26 15:12:11 Image size of job updated: 1478908
	1427  -  MemoryUsage of job (MB)
	1460740  -  ResidentSetSize of job (KB)
...
006 (7187313.004.000) 08/26 15:17:11 Image size of job updated: 1556348
	1502  -  MemoryUsage of job (MB)
	1537756  -  ResidentSetSize of job (KB)
...
006 (7187313.004.000) 08/26 15:22:12 Image size of job updated: 1578972
	1529  -  MemoryUsage of job (MB)
	1565424  -  ResidentSetSize of job (KB)
...
006 (7187313.004.000) 08/26 15:27:12 Image size of job updated: 1642392
	1596  -  MemoryUsage of job (MB)
	1634224  -  ResidentSetSize of job (KB)
...
006 (7187313.004.000) 08/26 15:32:12 Image size of job updated: 1711828
	1661  -  MemoryUsage of job (MB)
	1700236  -  ResidentSetSize of job (KB)
...
006 (7187313.004.000) 08/26 15:37:12 Image size of job updated: 1807352
	1721  -  MemoryUsage of job (MB)
	1761816  -  ResidentSetSize of job (KB)
...
006 (7187313.004.000) 08/26 15:42:13 Image size of job updated: 1859436
	1809  -  MemoryUsage of job (MB)
	1852200  -  ResidentSetSize of job (KB)
...
006 (7187313.004.000) 08/26 15:47:13 Image size of job updated: 1925456
	1875  -  MemoryUsage of job (MB)
	1919500  -  ResidentSetSize of job (KB)
...
006 (7187313.004.000) 08/26 15:52:14 Image size of job updated: 1998756
	1934  -  MemoryUsage of job (MB)
	1980392  -  ResidentSetSize of job (KB)
...
006 (7187313.004.000) 08/26 15:57:14 Image size of job updated: 2061724
	2001  -  MemoryUsage of job (MB)
	2048996  -  ResidentSetSize of job (KB)
...
006 (7187313.004.000) 08/26 16:02:15 Image size of job updated: 2138664
	2070  -  MemoryUsage of job (MB)
	2119624  -  ResidentSetSize of job (KB)
...
006 (7187313.004.000) 08/26 16:07:16 Image size of job updated: 2238128
	2175  -  MemoryUsage of job (MB)
	2226880  -  ResidentSetSize of job (KB)
...
006 (7187313.004.000) 08/26 16:12:16 Image size of job updated: 2356416
	2259  -  MemoryUsage of job (MB)
	2312460  -  ResidentSetSize of job (KB)
...
006 (7187313.004.000) 08/26 16:17:16 Image size of job updated: 2407552
	2343  -  MemoryUsage of job (MB)
	2399020  -  ResidentSetSize of job (KB)
...
006 (7187313.004.000) 08/26 16:22:17 Image size of job updated: 2465208
	2398  -  MemoryUsage of job (MB)
	2454984  -  ResidentSetSize of job (KB)
...
006 (7187313.004.000) 08/26 16:27:17 Image size of job updated: 2544832
	2473  -  MemoryUsage of job (MB)
	2532132  -  ResidentSetSize of job (KB)
...
006 (7187313.004.000) 08/26 16:32:18 Image size of job updated: 2580524
	2512  -  MemoryUsage of job (MB)
	2572156  -  ResidentSetSize of job (KB)
...
006 (7187313.004.000) 08/26 16:37:19 Image size of job updated: 2648880
	2572  -  MemoryUsage of job (MB)
	2633156  -  ResidentSetSize of job (KB)
...
006 (7187313.004.000) 08/26 16:42:19 Image size of job updated: 2739200
	2657  -  MemoryUsage of job (MB)
	2720604  -  ResidentSetSize of job (KB)
...
006 (7187313.004.000) 08/26 16:47:20 Image size of job updated: 2740560
	2674  -  MemoryUsage of job (MB)
	2738164  -  ResidentSetSize of job (KB)
...
006 (7187313.004.000) 08/26 16:52:20 Image size of job updated: 2815380
	2750  -  MemoryUsage of job (MB)
	2815380  -  ResidentSetSize of job (KB)
...
006 (7187313.004.000) 08/26 16:57:20 Image size of job updated: 2867084
	2800  -  MemoryUsage of job (MB)
	2866956  -  ResidentSetSize of job (KB)
...
006 (7187313.004.000) 08/26 17:02:20 Image size of job updated: 2907056
	2839  -  MemoryUsage of job (MB)
	2907056  -  ResidentSetSize of job (KB)
...
006 (7187313.004.000) 08/26 17:07:21 Image size of job updated: 2978956
	2839  -  MemoryUsage of job (MB)
	2907056  -  ResidentSetSize of job (KB)
...
006 (7187313.004.000) 08/26 17:17:21 Image size of job updated: 2978956
	2879  -  MemoryUsage of job (MB)
	2947244  -  ResidentSetSize of job (KB)
...
006 (7187313.004.000) 08/26 17:22:22 Image size of job updated: 3050636
	2974  -  MemoryUsage of job (MB)
	3045300  -  ResidentSetSize of job (KB)
...
006 (7187313.004.000) 08/26 17:27:22 Image size of job updated: 3098220
	3018  -  MemoryUsage of job (MB)
	3090236  -  ResidentSetSize of job (KB)
...
006 (7187313.004.000) 08/26 17:32:23 Image size of job updated: 3133796
	3057  -  MemoryUsage of job (MB)
	3129680  -  ResidentSetSize of job (KB)
...
006 (7187313.004.000) 08/26 17:37:23 Image size of job updated: 3189788
	3104  -  MemoryUsage of job (MB)
	3177968  -  ResidentSetSize of job (KB)
...
006 (7187313.004.000) 08/26 17:42:23 Image size of job updated: 3232916
	3150  -  MemoryUsage of job (MB)
	3225088  -  ResidentSetSize of job (KB)
...
006 (7187313.004.000) 08/26 17:47:24 Image size of job updated: 3332996
	3239  -  MemoryUsage of job (MB)
	3315956  -  ResidentSetSize of job (KB)
...
006 (7187313.004.000) 08/26 17:52:24 Image size of job updated: 3379328
	3297  -  MemoryUsage of job (MB)
	3375812  -  ResidentSetSize of job (KB)
...
006 (7187313.004.000) 08/26 17:57:24 Image size of job updated: 3458904
	3354  -  MemoryUsage of job (MB)
	3434252  -  ResidentSetSize of job (KB)
...
006 (7187313.004.000) 08/26 18:02:25 Image size of job updated: 3542408
	3460  -  MemoryUsage of job (MB)
	3542408  -  ResidentSetSize of job (KB)
...
006 (7187313.004.000) 08/26 18:07:25 Image size of job updated: 3569368
	3460  -  MemoryUsage of job (MB)
	3542408  -  ResidentSetSize of job (KB)
...
006 (7187313.004.000) 08/26 18:12:25 Image size of job updated: 3569368
	3463  -  MemoryUsage of job (MB)
	3545532  -  ResidentSetSize of job (KB)
...
006 (7187313.004.000) 08/26 18:17:26 Image size of job updated: 3608804
	3520  -  MemoryUsage of job (MB)
	3603804  -  ResidentSetSize of job (KB)
...
006 (7187313.004.000) 08/26 18:22:26 Image size of job updated: 3705072
	3598  -  MemoryUsage of job (MB)
	3683388  -  ResidentSetSize of job (KB)
...
006 (7187313.004.000) 08/26 18:27:26 Image size of job updated: 3774388
	3684  -  MemoryUsage of job (MB)
	3772248  -  ResidentSetSize of job (KB)
...
006 (7187313.004.000) 08/26 18:32:27 Image size of job updated: 3830404
	3684  -  MemoryUsage of job (MB)
	3772248  -  ResidentSetSize of job (KB)
...
006 (7187313.004.000) 08/26 18:37:27 Image size of job updated: 3884636
	3794  -  MemoryUsage of job (MB)
	3884360  -  ResidentSetSize of job (KB)
...
006 (7187313.004.000) 08/26 18:42:27 Image size of job updated: 3968116
	3865  -  MemoryUsage of job (MB)
	3957724  -  ResidentSetSize of job (KB)
...
006 (7187313.004.000) 08/26 18:47:28 Image size of job updated: 4011732
	3866  -  MemoryUsage of job (MB)
	3957980  -  ResidentSetSize of job (KB)
...
006 (7187313.004.000) 08/26 19:02:30 Image size of job updated: 4240688
	4142  -  MemoryUsage of job (MB)
	4240688  -  ResidentSetSize of job (KB)
...
006 (7187313.004.000) 08/26 19:07:31 Image size of job updated: 4705312
	4596  -  MemoryUsage of job (MB)
	4705312  -  ResidentSetSize of job (KB)
...
006 (7187313.004.000) 08/26 19:12:31 Image size of job updated: 5172700
	5052  -  MemoryUsage of job (MB)
	5172308  -  ResidentSetSize of job (KB)
...
006 (7187313.004.000) 08/26 19:17:32 Image size of job updated: 5619568
	5488  -  MemoryUsage of job (MB)
	5619568  -  ResidentSetSize of job (KB)
...
006 (7187313.004.000) 08/26 19:22:33 Image size of job updated: 6060728
	5919  -  MemoryUsage of job (MB)
	6060728  -  ResidentSetSize of job (KB)
...
006 (7187313.004.000) 08/26 19:27:33 Image size of job updated: 6521096
	6369  -  MemoryUsage of job (MB)
	6521096  -  ResidentSetSize of job (KB)
...
006 (7187313.004.000) 08/26 19:32:33 Image size of job updated: 6995116
	6832  -  MemoryUsage of job (MB)
	6995116  -  ResidentSetSize of job (KB)
...
006 (7187313.004.000) 08/26 19:36:29 Image size of job updated: 7272556
	6832  -  MemoryUsage of job (MB)
	6995372  -  ResidentSetSize of job (KB)
...
040 (7187313.004.000) 08/26 19:36:29 Started transferring output files
...
040 (7187313.004.000) 08/26 19:36:29 Finished transferring output files
...
005 (7187313.004.000) 08/26 19:36:30 Job terminated.
	(1) Normal termination (return value 50)
		Usr 0 04:39:50, Sys 0 00:05:22  -  Run Remote Usage
		Usr 0 00:00:00, Sys 0 00:00:00  -  Run Local Usage
		Usr 0 04:39:50, Sys 0 00:05:22  -  Total Remote Usage
		Usr 0 00:00:00, Sys 0 00:00:00  -  Total Local Usage
	211270  -  Run Bytes Sent By Job
	2914  -  Run Bytes Received By Job
	211270  -  Total Bytes Sent By Job
	2914  -  Total Bytes Received By Job
	Partitionable Resources :      Usage  Request Allocated 
	   Cpus                 :       1.00        1         1 
	   Disk (KB)            : 4300148           3   3004353 
	   Memory (MB)          :    6832        2000      2000 

	Job terminated of its own accord at 2024-08-26T17:36:29Z with exit-code 50.
...
