000 (7187317.006.000) 08/26 07:56:03 Job submitted from host: <137.138.44.55:9618?addrs=137.138.44.55-9618+[2001-1458-d00-1a--48]-9618&alias=bigbird17.cern.ch&noUDP&sock=schedd_23962_8474>
...
040 (7187317.006.000) 08/28 00:06:56 Started transferring input files
	Transferring to host: <188.185.93.84:9618?addrs=188.185.93.84-9618+[2001-1458-d00-6c--100-55]-9618&alias=b9g57n9431.cern.ch&noUDP&sock=slot1_1_11325_3ca6_109209>
...
040 (7187317.006.000) 08/28 00:06:56 Finished transferring input files
...
001 (7187317.006.000) 08/28 00:06:57 Job executing on host: <188.185.93.84:9618?addrs=188.185.93.84-9618+[2001-1458-d00-6c--100-55]-9618&alias=b9g57n9431.cern.ch&noUDP&sock=startd_10703_f23c>
	SlotName: slot1_1@b9g57n9431.cern.ch
	AvailableGPUs = { GPUs_GPU_ad45c2b2 }
	CondorScratchDir = "/pool/condor/dir_2083376"
	Cpus = 1
	Disk = 331486
	GPUs = 1
	GPUs_GPU_ad45c2b2 = [ GlobalMemoryMb = 40326; MaxSupportedVersion = 12040; DriverVersion = 12.4; DeviceUuid = "ad45c2b2-835b-1d6b-1b7a-5e4c703f9ed3"; DeviceName = "NVIDIA A100-PCIE-40GB"; CoresPerCU = 64; ECCEnabled = true; ComputeUnits = 108; ClockMhz = 1410.0; Id = "GPU-ad45c2b2"; DevicePciBusId = "0000:06:00.0"; Capability = 8.0 ]
	Memory = 2000
...
006 (7187317.006.000) 08/28 00:07:06 Image size of job updated: 1616704
	1579  -  MemoryUsage of job (MB)
	1616664  -  ResidentSetSize of job (KB)
...
006 (7187317.006.000) 08/28 00:12:07 Image size of job updated: 1927252
	1861  -  MemoryUsage of job (MB)
	1904892  -  ResidentSetSize of job (KB)
...
006 (7187317.006.000) 08/28 00:17:07 Image size of job updated: 2129268
	2010  -  MemoryUsage of job (MB)
	2057236  -  ResidentSetSize of job (KB)
...
006 (7187317.006.000) 08/28 00:22:08 Image size of job updated: 2339096
	2210  -  MemoryUsage of job (MB)
	2262664  -  ResidentSetSize of job (KB)
...
006 (7187317.006.000) 08/28 00:27:08 Image size of job updated: 2542096
	2472  -  MemoryUsage of job (MB)
	2530832  -  ResidentSetSize of job (KB)
...
006 (7187317.006.000) 08/28 00:32:08 Image size of job updated: 2692804
	2575  -  MemoryUsage of job (MB)
	2636256  -  ResidentSetSize of job (KB)
...
006 (7187317.006.000) 08/28 00:37:09 Image size of job updated: 2822500
	2705  -  MemoryUsage of job (MB)
	2769328  -  ResidentSetSize of job (KB)
...
006 (7187317.006.000) 08/28 00:42:09 Image size of job updated: 3069032
	2983  -  MemoryUsage of job (MB)
	3054500  -  ResidentSetSize of job (KB)
...
006 (7187317.006.000) 08/28 00:47:10 Image size of job updated: 3214664
	3068  -  MemoryUsage of job (MB)
	3141176  -  ResidentSetSize of job (KB)
...
006 (7187317.006.000) 08/28 00:52:10 Image size of job updated: 3387852
	3288  -  MemoryUsage of job (MB)
	3366692  -  ResidentSetSize of job (KB)
...
006 (7187317.006.000) 08/28 00:57:11 Image size of job updated: 3548940
	3375  -  MemoryUsage of job (MB)
	3455344  -  ResidentSetSize of job (KB)
...
006 (7187317.006.000) 08/28 01:02:11 Image size of job updated: 3751036
	3661  -  MemoryUsage of job (MB)
	3748216  -  ResidentSetSize of job (KB)
...
006 (7187317.006.000) 08/28 01:07:12 Image size of job updated: 3936472
	3779  -  MemoryUsage of job (MB)
	3869348  -  ResidentSetSize of job (KB)
...
006 (7187317.006.000) 08/28 01:12:13 Image size of job updated: 4157604
	4061  -  MemoryUsage of job (MB)
	4157496  -  ResidentSetSize of job (KB)
...
006 (7187317.006.000) 08/28 01:17:13 Image size of job updated: 4354868
	4225  -  MemoryUsage of job (MB)
	4326052  -  ResidentSetSize of job (KB)
...
006 (7187317.006.000) 08/28 01:22:14 Image size of job updated: 4607408
	4497  -  MemoryUsage of job (MB)
	4604656  -  ResidentSetSize of job (KB)
...
006 (7187317.006.000) 08/28 01:27:14 Image size of job updated: 4900176
	4748  -  MemoryUsage of job (MB)
	4861860  -  ResidentSetSize of job (KB)
...
006 (7187317.006.000) 08/28 01:32:14 Image size of job updated: 5173160
	5006  -  MemoryUsage of job (MB)
	5125980  -  ResidentSetSize of job (KB)
...
006 (7187317.006.000) 08/28 01:37:15 Image size of job updated: 5315404
	5148  -  MemoryUsage of job (MB)
	5271076  -  ResidentSetSize of job (KB)
...
006 (7187317.006.000) 08/28 01:42:15 Image size of job updated: 5558472
	5346  -  MemoryUsage of job (MB)
	5474188  -  ResidentSetSize of job (KB)
...
006 (7187317.006.000) 08/28 01:47:16 Image size of job updated: 5689280
	5554  -  MemoryUsage of job (MB)
	5687176  -  ResidentSetSize of job (KB)
...
006 (7187317.006.000) 08/28 01:52:16 Image size of job updated: 5867712
	5717  -  MemoryUsage of job (MB)
	5853188  -  ResidentSetSize of job (KB)
...
006 (7187317.006.000) 08/28 01:57:17 Image size of job updated: 6121716
	5945  -  MemoryUsage of job (MB)
	6086764  -  ResidentSetSize of job (KB)
...
006 (7187317.006.000) 08/28 02:02:18 Image size of job updated: 6339412
	6167  -  MemoryUsage of job (MB)
	6314440  -  ResidentSetSize of job (KB)
...
006 (7187317.006.000) 08/28 02:07:18 Image size of job updated: 6516480
	6317  -  MemoryUsage of job (MB)
	6467776  -  ResidentSetSize of job (KB)
...
006 (7187317.006.000) 08/28 02:12:19 Image size of job updated: 6759872
	6602  -  MemoryUsage of job (MB)
	6759872  -  ResidentSetSize of job (KB)
...
006 (7187317.006.000) 08/28 02:17:20 Image size of job updated: 6963968
	6796  -  MemoryUsage of job (MB)
	6958808  -  ResidentSetSize of job (KB)
...
006 (7187317.006.000) 08/28 02:22:21 Image size of job updated: 7118556
	6949  -  MemoryUsage of job (MB)
	7115532  -  ResidentSetSize of job (KB)
...
006 (7187317.006.000) 08/28 02:27:21 Image size of job updated: 7263044
	7063  -  MemoryUsage of job (MB)
	7231584  -  ResidentSetSize of job (KB)
...
006 (7187317.006.000) 08/28 02:32:22 Image size of job updated: 7432760
	7232  -  MemoryUsage of job (MB)
	7405148  -  ResidentSetSize of job (KB)
...
006 (7187317.006.000) 08/28 02:37:22 Image size of job updated: 7620712
	7443  -  MemoryUsage of job (MB)
	7620712  -  ResidentSetSize of job (KB)
...
006 (7187317.006.000) 08/28 02:42:22 Image size of job updated: 7834012
	7619  -  MemoryUsage of job (MB)
	7801088  -  ResidentSetSize of job (KB)
...
006 (7187317.006.000) 08/28 02:47:23 Image size of job updated: 7937336
	7746  -  MemoryUsage of job (MB)
	7931552  -  ResidentSetSize of job (KB)
...
006 (7187317.006.000) 08/28 02:52:23 Image size of job updated: 8135392
	7943  -  MemoryUsage of job (MB)
	8133212  -  ResidentSetSize of job (KB)
...
006 (7187317.006.000) 08/28 02:57:24 Image size of job updated: 8246028
	7957  -  MemoryUsage of job (MB)
	8147288  -  ResidentSetSize of job (KB)
...
006 (7187317.006.000) 08/28 03:02:24 Image size of job updated: 8399440
	8173  -  MemoryUsage of job (MB)
	8368544  -  ResidentSetSize of job (KB)
...
006 (7187317.006.000) 08/28 03:07:25 Image size of job updated: 8572568
	8372  -  MemoryUsage of job (MB)
	8572096  -  ResidentSetSize of job (KB)
...
006 (7187317.006.000) 08/28 03:12:25 Image size of job updated: 8706484
	8443  -  MemoryUsage of job (MB)
	8644940  -  ResidentSetSize of job (KB)
...
006 (7187317.006.000) 08/28 03:17:26 Image size of job updated: 8946672
	8686  -  MemoryUsage of job (MB)
	8894068  -  ResidentSetSize of job (KB)
...
006 (7187317.006.000) 08/28 03:22:26 Image size of job updated: 9094484
	8807  -  MemoryUsage of job (MB)
	9017860  -  ResidentSetSize of job (KB)
...
006 (7187317.006.000) 08/28 03:27:27 Image size of job updated: 9261300
	9045  -  MemoryUsage of job (MB)
	9261300  -  ResidentSetSize of job (KB)
...
006 (7187317.006.000) 08/28 03:32:27 Image size of job updated: 9384220
	9159  -  MemoryUsage of job (MB)
	9378672  -  ResidentSetSize of job (KB)
...
006 (7187317.006.000) 08/28 03:37:28 Image size of job updated: 9471572
	9208  -  MemoryUsage of job (MB)
	9428044  -  ResidentSetSize of job (KB)
...
006 (7187317.006.000) 08/28 03:42:28 Image size of job updated: 9601744
	9236  -  MemoryUsage of job (MB)
	9457460  -  ResidentSetSize of job (KB)
...
006 (7187317.006.000) 08/28 03:47:28 Image size of job updated: 9801196
	9359  -  MemoryUsage of job (MB)
	9583308  -  ResidentSetSize of job (KB)
...
006 (7187317.006.000) 08/28 03:52:29 Image size of job updated: 12388644
	12099  -  MemoryUsage of job (MB)
	12388644  -  ResidentSetSize of job (KB)
...
006 (7187317.006.000) 08/28 03:55:51 Image size of job updated: 12872964
	12099  -  MemoryUsage of job (MB)
	12389156  -  ResidentSetSize of job (KB)
...
040 (7187317.006.000) 08/28 03:55:51 Started transferring output files
...
040 (7187317.006.000) 08/28 03:55:51 Finished transferring output files
...
005 (7187317.006.000) 08/28 03:55:52 Job terminated.
	(1) Normal termination (return value 50)
		Usr 0 01:32:46, Sys 0 00:23:30  -  Run Remote Usage
		Usr 0 00:00:00, Sys 0 00:00:00  -  Run Local Usage
		Usr 0 01:32:46, Sys 0 00:23:30  -  Total Remote Usage
		Usr 0 00:00:00, Sys 0 00:00:00  -  Total Local Usage
	154330  -  Run Bytes Sent By Job
	2915  -  Run Bytes Received By Job
	154330  -  Total Bytes Sent By Job
	2915  -  Total Bytes Received By Job
	Partitionable Resources :      Usage  Request Allocated Assigned
	   Cpus                 :       1.00        1         1 
	   Disk (KB)            : 2950532           3    331486 
	   Gpus (Average)       :       0.02        1         1 "GPU-ad45c2b2"
	   GpusMemory (MB)      :    1913                       
	   Memory (MB)          :   12099        2000      2000 

	Job terminated of its own accord at 2024-08-28T01:55:51Z with exit-code 50.
...
