000 (7187317.001.000) 08/26 07:56:03 Job submitted from host: <137.138.44.55:9618?addrs=137.138.44.55-9618+[2001-1458-d00-1a--48]-9618&alias=bigbird17.cern.ch&noUDP&sock=schedd_23962_8474>
...
040 (7187317.001.000) 08/27 22:53:55 Started transferring input files
	Transferring to host: <188.185.92.146:9618?addrs=188.185.92.146-9618+[2001-1458-d00-6c--100-1c5]-9618&alias=b9g57n0713.cern.ch&noUDP&sock=slot1_1_15784_017b_109355>
...
040 (7187317.001.000) 08/27 22:53:55 Finished transferring input files
...
001 (7187317.001.000) 08/27 22:53:56 Job executing on host: <188.185.92.146:9618?addrs=188.185.92.146-9618+[2001-1458-d00-6c--100-1c5]-9618&alias=b9g57n0713.cern.ch&noUDP&sock=startd_14967_b211>
	SlotName: slot1_1@b9g57n0713.cern.ch
	AvailableGPUs = { GPUs_GPU_8e36ebf7 }
	CondorScratchDir = "/pool/condor/dir_917600"
	Cpus = 1
	Disk = 331843
	GPUs = 1
	GPUs_GPU_8e36ebf7 = [ GlobalMemoryMb = 40326; MaxSupportedVersion = 12040; DriverVersion = 12.4; DeviceUuid = "8e36ebf7-cfeb-baed-bbe4-21263bcdba53"; DeviceName = "NVIDIA A100-PCIE-40GB"; CoresPerCU = 64; ECCEnabled = true; ComputeUnits = 108; ClockMhz = 1410.0; Id = "GPU-8e36ebf7"; DevicePciBusId = "0000:06:00.0"; Capability = 8.0 ]
	Memory = 2000
...
006 (7187317.001.000) 08/27 22:54:06 Image size of job updated: 1708848
	1669  -  MemoryUsage of job (MB)
	1708812  -  ResidentSetSize of job (KB)
...
006 (7187317.001.000) 08/27 22:59:06 Image size of job updated: 1924324
	1717  -  MemoryUsage of job (MB)
	1757288  -  ResidentSetSize of job (KB)
...
006 (7187317.001.000) 08/27 23:04:06 Image size of job updated: 2049896
	1932  -  MemoryUsage of job (MB)
	1977580  -  ResidentSetSize of job (KB)
...
006 (7187317.001.000) 08/27 23:09:07 Image size of job updated: 2197580
	1969  -  MemoryUsage of job (MB)
	2015772  -  ResidentSetSize of job (KB)
...
006 (7187317.001.000) 08/27 23:14:07 Image size of job updated: 2410276
	2347  -  MemoryUsage of job (MB)
	2402784  -  ResidentSetSize of job (KB)
...
006 (7187317.001.000) 08/27 23:19:08 Image size of job updated: 2576956
	2451  -  MemoryUsage of job (MB)
	2509636  -  ResidentSetSize of job (KB)
...
006 (7187317.001.000) 08/27 23:24:08 Image size of job updated: 2735540
	2596  -  MemoryUsage of job (MB)
	2658300  -  ResidentSetSize of job (KB)
...
006 (7187317.001.000) 08/27 23:29:09 Image size of job updated: 2910712
	2659  -  MemoryUsage of job (MB)
	2722052  -  ResidentSetSize of job (KB)
...
006 (7187317.001.000) 08/27 23:34:09 Image size of job updated: 3052852
	2951  -  MemoryUsage of job (MB)
	3021588  -  ResidentSetSize of job (KB)
...
006 (7187317.001.000) 08/27 23:39:10 Image size of job updated: 3203448
	3118  -  MemoryUsage of job (MB)
	3192812  -  ResidentSetSize of job (KB)
...
006 (7187317.001.000) 08/27 23:44:11 Image size of job updated: 3336032
	3253  -  MemoryUsage of job (MB)
	3330312  -  ResidentSetSize of job (KB)
...
006 (7187317.001.000) 08/27 23:49:11 Image size of job updated: 3468112
	3352  -  MemoryUsage of job (MB)
	3432136  -  ResidentSetSize of job (KB)
...
006 (7187317.001.000) 08/27 23:54:12 Image size of job updated: 3595248
	3505  -  MemoryUsage of job (MB)
	3588644  -  ResidentSetSize of job (KB)
...
006 (7187317.001.000) 08/27 23:59:12 Image size of job updated: 3700292
	3557  -  MemoryUsage of job (MB)
	3641760  -  ResidentSetSize of job (KB)
...
006 (7187317.001.000) 08/28 00:04:13 Image size of job updated: 3878796
	3788  -  MemoryUsage of job (MB)
	3878796  -  ResidentSetSize of job (KB)
...
006 (7187317.001.000) 08/28 00:09:13 Image size of job updated: 3965576
	3788  -  MemoryUsage of job (MB)
	3878796  -  ResidentSetSize of job (KB)
...
006 (7187317.001.000) 08/28 00:14:14 Image size of job updated: 4062768
	3788  -  MemoryUsage of job (MB)
	3878796  -  ResidentSetSize of job (KB)
...
006 (7187317.001.000) 08/28 00:19:15 Image size of job updated: 4234584
	3898  -  MemoryUsage of job (MB)
	3991312  -  ResidentSetSize of job (KB)
...
006 (7187317.001.000) 08/28 00:24:15 Image size of job updated: 4377728
	4072  -  MemoryUsage of job (MB)
	4168960  -  ResidentSetSize of job (KB)
...
006 (7187317.001.000) 08/28 00:29:16 Image size of job updated: 4552556
	4340  -  MemoryUsage of job (MB)
	4443600  -  ResidentSetSize of job (KB)
...
006 (7187317.001.000) 08/28 00:34:16 Image size of job updated: 4661564
	4519  -  MemoryUsage of job (MB)
	4626940  -  ResidentSetSize of job (KB)
...
006 (7187317.001.000) 08/28 00:39:16 Image size of job updated: 4784996
	4661  -  MemoryUsage of job (MB)
	4771916  -  ResidentSetSize of job (KB)
...
006 (7187317.001.000) 08/28 00:44:17 Image size of job updated: 4868720
	4680  -  MemoryUsage of job (MB)
	4791548  -  ResidentSetSize of job (KB)
...
006 (7187317.001.000) 08/28 00:49:17 Image size of job updated: 5003116
	4884  -  MemoryUsage of job (MB)
	5000568  -  ResidentSetSize of job (KB)
...
006 (7187317.001.000) 08/28 00:54:18 Image size of job updated: 5134648
	4919  -  MemoryUsage of job (MB)
	5036496  -  ResidentSetSize of job (KB)
...
006 (7187317.001.000) 08/28 00:59:18 Image size of job updated: 5237844
	5002  -  MemoryUsage of job (MB)
	5121088  -  ResidentSetSize of job (KB)
...
006 (7187317.001.000) 08/28 01:04:19 Image size of job updated: 5383612
	5072  -  MemoryUsage of job (MB)
	5193564  -  ResidentSetSize of job (KB)
...
006 (7187317.001.000) 08/28 01:09:20 Image size of job updated: 5494532
	5311  -  MemoryUsage of job (MB)
	5437588  -  ResidentSetSize of job (KB)
...
006 (7187317.001.000) 08/28 01:14:20 Image size of job updated: 5666992
	5523  -  MemoryUsage of job (MB)
	5654568  -  ResidentSetSize of job (KB)
...
006 (7187317.001.000) 08/28 01:19:21 Image size of job updated: 5828996
	5628  -  MemoryUsage of job (MB)
	5762580  -  ResidentSetSize of job (KB)
...
006 (7187317.001.000) 08/28 01:24:22 Image size of job updated: 5955420
	5771  -  MemoryUsage of job (MB)
	5909468  -  ResidentSetSize of job (KB)
...
006 (7187317.001.000) 08/28 01:29:22 Image size of job updated: 6043692
	5771  -  MemoryUsage of job (MB)
	5909468  -  ResidentSetSize of job (KB)
...
006 (7187317.001.000) 08/28 01:34:23 Image size of job updated: 6265616
	6119  -  MemoryUsage of job (MB)
	6265616  -  ResidentSetSize of job (KB)
...
006 (7187317.001.000) 08/28 01:39:24 Image size of job updated: 6373908
	6190  -  MemoryUsage of job (MB)
	6338204  -  ResidentSetSize of job (KB)
...
006 (7187317.001.000) 08/28 01:44:25 Image size of job updated: 6506360
	6320  -  MemoryUsage of job (MB)
	6470716  -  ResidentSetSize of job (KB)
...
006 (7187317.001.000) 08/28 01:49:25 Image size of job updated: 6573804
	6337  -  MemoryUsage of job (MB)
	6488432  -  ResidentSetSize of job (KB)
...
006 (7187317.001.000) 08/28 01:54:26 Image size of job updated: 6764388
	6482  -  MemoryUsage of job (MB)
	6637332  -  ResidentSetSize of job (KB)
...
006 (7187317.001.000) 08/28 01:59:26 Image size of job updated: 6883296
	6606  -  MemoryUsage of job (MB)
	6763920  -  ResidentSetSize of job (KB)
...
006 (7187317.001.000) 08/28 02:04:27 Image size of job updated: 6903768
	6618  -  MemoryUsage of job (MB)
	6776448  -  ResidentSetSize of job (KB)
...
006 (7187317.001.000) 08/28 02:09:27 Image size of job updated: 6949228
	6679  -  MemoryUsage of job (MB)
	6838360  -  ResidentSetSize of job (KB)
...
006 (7187317.001.000) 08/28 02:14:28 Image size of job updated: 7065572
	6751  -  MemoryUsage of job (MB)
	6912916  -  ResidentSetSize of job (KB)
...
006 (7187317.001.000) 08/28 02:19:29 Image size of job updated: 7145384
	6810  -  MemoryUsage of job (MB)
	6973276  -  ResidentSetSize of job (KB)
...
006 (7187317.001.000) 08/28 02:24:29 Image size of job updated: 7181740
	6862  -  MemoryUsage of job (MB)
	7025816  -  ResidentSetSize of job (KB)
...
006 (7187317.001.000) 08/28 02:29:30 Image size of job updated: 7264860
	7049  -  MemoryUsage of job (MB)
	7217544  -  ResidentSetSize of job (KB)
...
006 (7187317.001.000) 08/28 02:34:30 Image size of job updated: 7377784
	7050  -  MemoryUsage of job (MB)
	7218712  -  ResidentSetSize of job (KB)
...
006 (7187317.001.000) 08/28 02:39:30 Image size of job updated: 10068116
	9833  -  MemoryUsage of job (MB)
	10068116  -  ResidentSetSize of job (KB)
...
006 (7187317.001.000) 08/28 02:41:47 Image size of job updated: 10390096
	9833  -  MemoryUsage of job (MB)
	10068628  -  ResidentSetSize of job (KB)
...
040 (7187317.001.000) 08/28 02:41:48 Started transferring output files
...
040 (7187317.001.000) 08/28 02:41:48 Finished transferring output files
...
005 (7187317.001.000) 08/28 02:41:48 Job terminated.
	(1) Normal termination (return value 50)
		Usr 0 01:33:49, Sys 0 00:24:23  -  Run Remote Usage
		Usr 0 00:00:00, Sys 0 00:00:00  -  Run Local Usage
		Usr 0 01:33:49, Sys 0 00:24:23  -  Total Remote Usage
		Usr 0 00:00:00, Sys 0 00:00:00  -  Total Local Usage
	154330  -  Run Bytes Sent By Job
	2915  -  Run Bytes Received By Job
	154330  -  Total Bytes Sent By Job
	2915  -  Total Bytes Received By Job
	Partitionable Resources :      Usage  Request Allocated Assigned
	   Cpus                 :       1.00        1         1 
	   Disk (KB)            : 2980632           3    331843 
	   Gpus (Average)       :       0.02        1         1 "GPU-8e36ebf7"
	   GpusMemory (MB)      :    1913                       
	   Memory (MB)          :    9833        2000      2000 

	Job terminated of its own accord at 2024-08-28T00:41:47Z with exit-code 50.
...
