000 (7217790.000.000) 09/23 13:21:17 Job submitted from host: <137.138.44.55:9618?addrs=137.138.44.55-9618+[2001-1458-d00-1a--48]-9618&alias=bigbird17.cern.ch&noUDP&sock=schedd_1981_6134>
...
040 (7217790.000.000) 09/23 14:10:11 Started transferring input files
	Transferring to host: <188.185.190.106:9618?addrs=188.185.190.106-9618+[2001-1458-d03-b--100-2fd]-9618&alias=b9pgpun016.cern.ch&noUDP&sock=slot1_4_253491_175d_26652>
...
040 (7217790.000.000) 09/23 14:10:11 Finished transferring input files
...
001 (7217790.000.000) 09/23 14:10:12 Job executing on host: <188.185.190.106:9618?addrs=188.185.190.106-9618+[2001-1458-d03-b--100-2fd]-9618&alias=b9pgpun016.cern.ch&noUDP&sock=startd_216310_3f20>
	SlotName: slot1_4@b9pgpun016.cern.ch
	AvailableGPUs = { GPUs_GPU_218266a5 }
	CondorScratchDir = "/pool/condor/dir_2964056"
	Cpus = 1
	Disk = 6890701
	GPUs = 1
	GPUs_GPU_218266a5 = [ GlobalMemoryMb = 95235; MaxSupportedVersion = 12040; DriverVersion = 12.4; DeviceName = "NVIDIA H100 NVL"; CoresPerCU = 128; ECCEnabled = true; ComputeUnits = 132; ClockMhz = 1785.0; Id = "GPU-218266a5"; Capability = 9.0; DevicePciBusId = "0000:AE:00.0"; DeviceUuid = "218266a5-62a3-f637-797f-ce52f1f86d06" ]
	Memory = 2000
...
006 (7217790.000.000) 09/23 14:10:21 Image size of job updated: 6188
	3  -  MemoryUsage of job (MB)
	2316  -  ResidentSetSize of job (KB)
...
006 (7217790.000.000) 09/23 14:15:22 Image size of job updated: 2447988
	2032  -  MemoryUsage of job (MB)
	2080112  -  ResidentSetSize of job (KB)
...
006 (7217790.000.000) 09/23 14:20:22 Image size of job updated: 2447988
	2053  -  MemoryUsage of job (MB)
	2102148  -  ResidentSetSize of job (KB)
...
006 (7217790.000.000) 09/23 14:25:23 Image size of job updated: 2447988
	2069  -  MemoryUsage of job (MB)
	2118648  -  ResidentSetSize of job (KB)
...
006 (7217790.000.000) 09/23 14:30:24 Image size of job updated: 2447988
	2107  -  MemoryUsage of job (MB)
	2157376  -  ResidentSetSize of job (KB)
...
006 (7217790.000.000) 09/23 14:35:24 Image size of job updated: 2447988
	2124  -  MemoryUsage of job (MB)
	2174416  -  ResidentSetSize of job (KB)
...
006 (7217790.000.000) 09/23 14:40:25 Image size of job updated: 2447988
	2140  -  MemoryUsage of job (MB)
	2190896  -  ResidentSetSize of job (KB)
...
006 (7217790.000.000) 09/23 14:45:25 Image size of job updated: 2447988
	2216  -  MemoryUsage of job (MB)
	2268888  -  ResidentSetSize of job (KB)
...
006 (7217790.000.000) 09/23 14:50:25 Image size of job updated: 2447988
	2271  -  MemoryUsage of job (MB)
	2324528  -  ResidentSetSize of job (KB)
...
006 (7217790.000.000) 09/23 14:55:26 Image size of job updated: 2447988
	2272  -  MemoryUsage of job (MB)
	2325620  -  ResidentSetSize of job (KB)
...
006 (7217790.000.000) 09/23 15:00:26 Image size of job updated: 2447988
	2274  -  MemoryUsage of job (MB)
	2328260  -  ResidentSetSize of job (KB)
...
006 (7217790.000.000) 09/23 15:05:27 Image size of job updated: 2447988
	2275  -  MemoryUsage of job (MB)
	2328996  -  ResidentSetSize of job (KB)
...
006 (7217790.000.000) 09/23 15:10:28 Image size of job updated: 2447988
	2279  -  MemoryUsage of job (MB)
	2332788  -  ResidentSetSize of job (KB)
...
006 (7217790.000.000) 09/23 15:15:28 Image size of job updated: 2447988
	2281  -  MemoryUsage of job (MB)
	2335444  -  ResidentSetSize of job (KB)
...
006 (7217790.000.000) 09/23 15:25:29 Image size of job updated: 2447988
	2284  -  MemoryUsage of job (MB)
	2337848  -  ResidentSetSize of job (KB)
...
006 (7217790.000.000) 09/23 15:30:29 Image size of job updated: 2447988
	2284  -  MemoryUsage of job (MB)
	2338444  -  ResidentSetSize of job (KB)
...
006 (7217790.000.000) 09/23 15:35:30 Image size of job updated: 2447988
	2287  -  MemoryUsage of job (MB)
	2341464  -  ResidentSetSize of job (KB)
...
006 (7217790.000.000) 09/23 15:40:30 Image size of job updated: 2447988
	2289  -  MemoryUsage of job (MB)
	2343584  -  ResidentSetSize of job (KB)
...
006 (7217790.000.000) 09/23 15:45:31 Image size of job updated: 2447988
	2292  -  MemoryUsage of job (MB)
	2346684  -  ResidentSetSize of job (KB)
...
006 (7217790.000.000) 09/23 15:50:32 Image size of job updated: 2447988
	2293  -  MemoryUsage of job (MB)
	2347512  -  ResidentSetSize of job (KB)
...
006 (7217790.000.000) 09/23 15:55:32 Image size of job updated: 2447988
	2294  -  MemoryUsage of job (MB)
	2348792  -  ResidentSetSize of job (KB)
...
006 (7217790.000.000) 09/23 16:00:33 Image size of job updated: 2447988
	2296  -  MemoryUsage of job (MB)
	2350088  -  ResidentSetSize of job (KB)
...
006 (7217790.000.000) 09/23 16:05:33 Image size of job updated: 2447988
	2300  -  MemoryUsage of job (MB)
	2354580  -  ResidentSetSize of job (KB)
...
006 (7217790.000.000) 09/23 16:10:33 Image size of job updated: 2447988
	2301  -  MemoryUsage of job (MB)
	2355976  -  ResidentSetSize of job (KB)
...
006 (7217790.000.000) 09/23 16:15:34 Image size of job updated: 2447988
	2303  -  MemoryUsage of job (MB)
	2357292  -  ResidentSetSize of job (KB)
...
006 (7217790.000.000) 09/23 16:20:34 Image size of job updated: 2447988
	2303  -  MemoryUsage of job (MB)
	2357852  -  ResidentSetSize of job (KB)
...
006 (7217790.000.000) 09/23 16:25:35 Image size of job updated: 2447988
	2305  -  MemoryUsage of job (MB)
	2359612  -  ResidentSetSize of job (KB)
...
006 (7217790.000.000) 09/23 16:30:36 Image size of job updated: 2447988
	2307  -  MemoryUsage of job (MB)
	2362000  -  ResidentSetSize of job (KB)
...
006 (7217790.000.000) 09/23 16:35:36 Image size of job updated: 2447988
	2308  -  MemoryUsage of job (MB)
	2363388  -  ResidentSetSize of job (KB)
...
006 (7217790.000.000) 09/23 16:40:37 Image size of job updated: 2447988
	2311  -  MemoryUsage of job (MB)
	2365588  -  ResidentSetSize of job (KB)
...
006 (7217790.000.000) 09/23 16:50:37 Image size of job updated: 2447988
	2321  -  MemoryUsage of job (MB)
	2375876  -  ResidentSetSize of job (KB)
...
006 (7217790.000.000) 09/23 17:15:40 Image size of job updated: 2447988
	2322  -  MemoryUsage of job (MB)
	2377304  -  ResidentSetSize of job (KB)
...
006 (7217790.000.000) 09/23 17:20:41 Image size of job updated: 2447988
	2323  -  MemoryUsage of job (MB)
	2378248  -  ResidentSetSize of job (KB)
...
006 (7217790.000.000) 09/23 17:25:41 Image size of job updated: 2447988
	2324  -  MemoryUsage of job (MB)
	2379124  -  ResidentSetSize of job (KB)
...
006 (7217790.000.000) 09/23 17:30:41 Image size of job updated: 2447988
	2326  -  MemoryUsage of job (MB)
	2381140  -  ResidentSetSize of job (KB)
...
006 (7217790.000.000) 09/23 17:35:42 Image size of job updated: 2447988
	2328  -  MemoryUsage of job (MB)
	2382948  -  ResidentSetSize of job (KB)
...
006 (7217790.000.000) 09/23 17:40:42 Image size of job updated: 2447988
	2330  -  MemoryUsage of job (MB)
	2385688  -  ResidentSetSize of job (KB)
...
006 (7217790.000.000) 09/23 17:45:42 Image size of job updated: 2447988
	2336  -  MemoryUsage of job (MB)
	2391284  -  ResidentSetSize of job (KB)
...
006 (7217790.000.000) 09/23 17:55:43 Image size of job updated: 2461796
	2396  -  MemoryUsage of job (MB)
	2453480  -  ResidentSetSize of job (KB)
...
006 (7217790.000.000) 09/23 18:00:44 Image size of job updated: 2594152
	2521  -  MemoryUsage of job (MB)
	2581320  -  ResidentSetSize of job (KB)
...
006 (7217790.000.000) 09/23 18:05:45 Image size of job updated: 2616196
	2546  -  MemoryUsage of job (MB)
	2606640  -  ResidentSetSize of job (KB)
...
006 (7217790.000.000) 09/23 18:10:45 Image size of job updated: 2627576
	2561  -  MemoryUsage of job (MB)
	2622168  -  ResidentSetSize of job (KB)
...
006 (7217790.000.000) 09/23 18:15:46 Image size of job updated: 2642888
	2575  -  MemoryUsage of job (MB)
	2636336  -  ResidentSetSize of job (KB)
...
006 (7217790.000.000) 09/23 18:20:46 Image size of job updated: 2972420
	2850  -  MemoryUsage of job (MB)
	2917980  -  ResidentSetSize of job (KB)
...
006 (7217790.000.000) 09/23 18:25:46 Image size of job updated: 5633952
	5502  -  MemoryUsage of job (MB)
	5633952  -  ResidentSetSize of job (KB)
...
006 (7217790.000.000) 09/23 18:26:50 Image size of job updated: 5779848
	5502  -  MemoryUsage of job (MB)
	5633952  -  ResidentSetSize of job (KB)
...
040 (7217790.000.000) 09/23 18:26:50 Started transferring output files
...
040 (7217790.000.000) 09/23 18:26:50 Finished transferring output files
...
005 (7217790.000.000) 09/23 18:26:50 Job terminated.
	(1) Normal termination (return value 0)
		Usr 0 04:13:24, Sys 0 00:00:54  -  Run Remote Usage
		Usr 0 00:00:00, Sys 0 00:00:00  -  Run Local Usage
		Usr 0 04:13:24, Sys 0 00:00:54  -  Total Remote Usage
		Usr 0 00:00:00, Sys 0 00:00:00  -  Total Local Usage
	22217  -  Run Bytes Sent By Job
	1414  -  Run Bytes Received By Job
	22217  -  Total Bytes Sent By Job
	1414  -  Total Bytes Received By Job
	Partitionable Resources :      Usage  Request Allocated Assigned
	   Cpus                 :       1.00        1         1 
	   Disk (KB)            : 2750816           2   6890701 
	   Gpus (Average)       :       0.00        1         1 "GPU-218266a5"
	   GpusMemory (MB)      :    1122                       
	   Memory (MB)          :    5502        2000      2000 

	Job terminated of its own accord at 2024-09-23T16:26:50Z with exit-code 0.
...
