000 (7217790.001.000) 09/23 13:21:17 Job submitted from host: <137.138.44.55:9618?addrs=137.138.44.55-9618+[2001-1458-d00-1a--48]-9618&alias=bigbird17.cern.ch&noUDP&sock=schedd_1981_6134>
...
040 (7217790.001.000) 09/23 14:42:08 Started transferring input files
	Transferring to host: <188.185.190.107:9618?addrs=188.185.190.107-9618+[2001-1458-d03-b--100-2fe]-9618&alias=b9pgpun013.cern.ch&noUDP&sock=slot1_1_223718_51c2_25898>
...
040 (7217790.001.000) 09/23 14:42:08 Finished transferring input files
...
001 (7217790.001.000) 09/23 14:42:09 Job executing on host: <188.185.190.107:9618?addrs=188.185.190.107-9618+[2001-1458-d03-b--100-2fe]-9618&alias=b9pgpun013.cern.ch&noUDP&sock=startd_204990_ab0b>
	SlotName: slot1_1@b9pgpun013.cern.ch
	AvailableGPUs = { GPUs_GPU_83d8ac8f }
	CondorScratchDir = "/pool/condor/dir_2305792"
	Cpus = 1
	Disk = 6895851
	GPUs = 1
	GPUs_GPU_83d8ac8f = [ GlobalMemoryMb = 95235; MaxSupportedVersion = 12040; DriverVersion = 12.4; DeviceName = "NVIDIA H100 NVL"; CoresPerCU = 128; ECCEnabled = true; ComputeUnits = 132; ClockMhz = 1785.0; Id = "GPU-83d8ac8f"; Capability = 9.0; DevicePciBusId = "0000:3A:00.0"; DeviceUuid = "83d8ac8f-ff52-1c2a-a57e-2a7517992ad1" ]
	Memory = 2000
...
006 (7217790.001.000) 09/23 14:42:21 Image size of job updated: 1562112
	1526  -  MemoryUsage of job (MB)
	1562048  -  ResidentSetSize of job (KB)
...
006 (7217790.001.000) 09/23 14:47:21 Image size of job updated: 2446392
	2040  -  MemoryUsage of job (MB)
	2088012  -  ResidentSetSize of job (KB)
...
006 (7217790.001.000) 09/23 14:52:22 Image size of job updated: 2446392
	2058  -  MemoryUsage of job (MB)
	2107264  -  ResidentSetSize of job (KB)
...
006 (7217790.001.000) 09/23 14:57:22 Image size of job updated: 2446392
	2078  -  MemoryUsage of job (MB)
	2127612  -  ResidentSetSize of job (KB)
...
006 (7217790.001.000) 09/23 15:02:23 Image size of job updated: 2446392
	2117  -  MemoryUsage of job (MB)
	2167792  -  ResidentSetSize of job (KB)
...
006 (7217790.001.000) 09/23 15:07:24 Image size of job updated: 2446392
	2132  -  MemoryUsage of job (MB)
	2182744  -  ResidentSetSize of job (KB)
...
006 (7217790.001.000) 09/23 15:12:24 Image size of job updated: 2446392
	2146  -  MemoryUsage of job (MB)
	2197164  -  ResidentSetSize of job (KB)
...
006 (7217790.001.000) 09/23 15:17:25 Image size of job updated: 2446392
	2258  -  MemoryUsage of job (MB)
	2311304  -  ResidentSetSize of job (KB)
...
006 (7217790.001.000) 09/23 15:22:26 Image size of job updated: 2446392
	2262  -  MemoryUsage of job (MB)
	2315796  -  ResidentSetSize of job (KB)
...
006 (7217790.001.000) 09/23 15:27:26 Image size of job updated: 2446392
	2263  -  MemoryUsage of job (MB)
	2316332  -  ResidentSetSize of job (KB)
...
006 (7217790.001.000) 09/23 15:32:27 Image size of job updated: 2446392
	2264  -  MemoryUsage of job (MB)
	2317644  -  ResidentSetSize of job (KB)
...
006 (7217790.001.000) 09/23 15:37:27 Image size of job updated: 2446392
	2266  -  MemoryUsage of job (MB)
	2319936  -  ResidentSetSize of job (KB)
...
006 (7217790.001.000) 09/23 15:42:27 Image size of job updated: 2446392
	2270  -  MemoryUsage of job (MB)
	2323972  -  ResidentSetSize of job (KB)
...
006 (7217790.001.000) 09/23 15:47:28 Image size of job updated: 2446392
	2273  -  MemoryUsage of job (MB)
	2326580  -  ResidentSetSize of job (KB)
...
006 (7217790.001.000) 09/23 15:52:28 Image size of job updated: 2446392
	2273  -  MemoryUsage of job (MB)
	2326832  -  ResidentSetSize of job (KB)
...
006 (7217790.001.000) 09/23 15:57:29 Image size of job updated: 2446392
	2275  -  MemoryUsage of job (MB)
	2329488  -  ResidentSetSize of job (KB)
...
006 (7217790.001.000) 09/23 16:02:30 Image size of job updated: 2446392
	2278  -  MemoryUsage of job (MB)
	2332216  -  ResidentSetSize of job (KB)
...
006 (7217790.001.000) 09/23 16:07:30 Image size of job updated: 2446392
	2282  -  MemoryUsage of job (MB)
	2335844  -  ResidentSetSize of job (KB)
...
006 (7217790.001.000) 09/23 16:12:31 Image size of job updated: 2446392
	2282  -  MemoryUsage of job (MB)
	2336756  -  ResidentSetSize of job (KB)
...
006 (7217790.001.000) 09/23 16:17:31 Image size of job updated: 2446392
	2285  -  MemoryUsage of job (MB)
	2339292  -  ResidentSetSize of job (KB)
...
006 (7217790.001.000) 09/23 16:22:31 Image size of job updated: 2446392
	2286  -  MemoryUsage of job (MB)
	2340680  -  ResidentSetSize of job (KB)
...
006 (7217790.001.000) 09/23 16:27:32 Image size of job updated: 2446392
	2288  -  MemoryUsage of job (MB)
	2342432  -  ResidentSetSize of job (KB)
...
006 (7217790.001.000) 09/23 16:32:32 Image size of job updated: 2446392
	2290  -  MemoryUsage of job (MB)
	2343940  -  ResidentSetSize of job (KB)
...
006 (7217790.001.000) 09/23 16:37:34 Image size of job updated: 2446392
	2292  -  MemoryUsage of job (MB)
	2346744  -  ResidentSetSize of job (KB)
...
006 (7217790.001.000) 09/23 16:42:34 Image size of job updated: 2446392
	2293  -  MemoryUsage of job (MB)
	2348032  -  ResidentSetSize of job (KB)
...
006 (7217790.001.000) 09/23 16:47:34 Image size of job updated: 2446392
	2295  -  MemoryUsage of job (MB)
	2350052  -  ResidentSetSize of job (KB)
...
006 (7217790.001.000) 09/23 16:57:35 Image size of job updated: 2446392
	2298  -  MemoryUsage of job (MB)
	2352244  -  ResidentSetSize of job (KB)
...
006 (7217790.001.000) 09/23 17:02:35 Image size of job updated: 2446392
	2300  -  MemoryUsage of job (MB)
	2354820  -  ResidentSetSize of job (KB)
...
006 (7217790.001.000) 09/23 17:07:36 Image size of job updated: 2446392
	2301  -  MemoryUsage of job (MB)
	2355964  -  ResidentSetSize of job (KB)
...
006 (7217790.001.000) 09/23 17:12:36 Image size of job updated: 2446392
	2303  -  MemoryUsage of job (MB)
	2357516  -  ResidentSetSize of job (KB)
...
006 (7217790.001.000) 09/23 17:17:37 Image size of job updated: 2446392
	2305  -  MemoryUsage of job (MB)
	2359364  -  ResidentSetSize of job (KB)
...
006 (7217790.001.000) 09/23 17:22:38 Image size of job updated: 2446392
	2313  -  MemoryUsage of job (MB)
	2368056  -  ResidentSetSize of job (KB)
...
006 (7217790.001.000) 09/23 17:42:40 Image size of job updated: 2446392
	2313  -  MemoryUsage of job (MB)
	2368176  -  ResidentSetSize of job (KB)
...
006 (7217790.001.000) 09/23 17:47:42 Image size of job updated: 2446392
	2314  -  MemoryUsage of job (MB)
	2368812  -  ResidentSetSize of job (KB)
...
006 (7217790.001.000) 09/23 17:52:42 Image size of job updated: 2446392
	2316  -  MemoryUsage of job (MB)
	2371276  -  ResidentSetSize of job (KB)
...
006 (7217790.001.000) 09/23 17:57:42 Image size of job updated: 2446392
	2316  -  MemoryUsage of job (MB)
	2371576  -  ResidentSetSize of job (KB)
...
006 (7217790.001.000) 09/23 18:02:43 Image size of job updated: 2446392
	2319  -  MemoryUsage of job (MB)
	2373836  -  ResidentSetSize of job (KB)
...
006 (7217790.001.000) 09/23 18:07:43 Image size of job updated: 2446392
	2321  -  MemoryUsage of job (MB)
	2375692  -  ResidentSetSize of job (KB)
...
006 (7217790.001.000) 09/23 18:12:43 Image size of job updated: 2446392
	2328  -  MemoryUsage of job (MB)
	2383316  -  ResidentSetSize of job (KB)
...
006 (7217790.001.000) 09/23 18:17:44 Image size of job updated: 2446392
	2329  -  MemoryUsage of job (MB)
	2383960  -  ResidentSetSize of job (KB)
...
006 (7217790.001.000) 09/23 18:22:44 Image size of job updated: 2446392
	2339  -  MemoryUsage of job (MB)
	2394268  -  ResidentSetSize of job (KB)
...
006 (7217790.001.000) 09/23 18:27:45 Image size of job updated: 2473880
	2406  -  MemoryUsage of job (MB)
	2463312  -  ResidentSetSize of job (KB)
...
006 (7217790.001.000) 09/23 18:32:46 Image size of job updated: 2608896
	2530  -  MemoryUsage of job (MB)
	2590368  -  ResidentSetSize of job (KB)
...
006 (7217790.001.000) 09/23 18:37:46 Image size of job updated: 2621156
	2551  -  MemoryUsage of job (MB)
	2611212  -  ResidentSetSize of job (KB)
...
006 (7217790.001.000) 09/23 18:42:47 Image size of job updated: 2635800
	2567  -  MemoryUsage of job (MB)
	2627820  -  ResidentSetSize of job (KB)
...
006 (7217790.001.000) 09/23 18:47:47 Image size of job updated: 2648260
	2578  -  MemoryUsage of job (MB)
	2639304  -  ResidentSetSize of job (KB)
...
006 (7217790.001.000) 09/23 18:52:47 Image size of job updated: 5433316
	5306  -  MemoryUsage of job (MB)
	5433316  -  ResidentSetSize of job (KB)
...
006 (7217790.001.000) 09/23 18:57:06 Image size of job updated: 6081872
	5306  -  MemoryUsage of job (MB)
	5433316  -  ResidentSetSize of job (KB)
...
040 (7217790.001.000) 09/23 18:57:07 Started transferring output files
...
040 (7217790.001.000) 09/23 18:57:07 Finished transferring output files
...
005 (7217790.001.000) 09/23 18:57:07 Job terminated.
	(1) Normal termination (return value 50)
		Usr 0 04:13:20, Sys 0 00:00:54  -  Run Remote Usage
		Usr 0 00:00:00, Sys 0 00:00:00  -  Run Local Usage
		Usr 0 04:13:20, Sys 0 00:00:54  -  Total Remote Usage
		Usr 0 00:00:00, Sys 0 00:00:00  -  Total Local Usage
	22261  -  Run Bytes Sent By Job
	1414  -  Run Bytes Received By Job
	22261  -  Total Bytes Sent By Job
	1414  -  Total Bytes Received By Job
	Partitionable Resources :      Usage  Request Allocated Assigned
	   Cpus                 :       1.59        1         1 
	   Disk (KB)            : 2453001           2   6895851 
	   Gpus (Average)       :       0.00        1         1 "GPU-83d8ac8f"
	   GpusMemory (MB)      :     603                       
	   Memory (MB)          :    5306        2000      2000 

	Job terminated of its own accord at 2024-09-23T16:57:06Z with exit-code 50.
...
