000 (7186296.001.000) 08/22 15:33:31 Job submitted from host: <137.138.44.55:9618?addrs=137.138.44.55-9618+[2001-1458-d00-1a--48]-9618&alias=bigbird17.cern.ch&noUDP&sock=schedd_23962_8474>
...
040 (7186296.001.000) 08/22 22:47:16 Started transferring input files
	Transferring to host: <188.185.93.105:9618?addrs=188.185.93.105-9618+[2001-1458-d00-6c--100-242]-9618&alias=b9g57n8656.cern.ch&noUDP&sock=slot1_1_18300_c161_109119>
...
040 (7186296.001.000) 08/22 22:47:16 Finished transferring input files
...
001 (7186296.001.000) 08/22 22:47:17 Job executing on host: <188.185.93.105:9618?addrs=188.185.93.105-9618+[2001-1458-d00-6c--100-242]-9618&alias=b9g57n8656.cern.ch&noUDP&sock=startd_17874_a7e1>
	SlotName: slot1_1@b9g57n8656.cern.ch
	AvailableGPUs = { GPUs_GPU_8f5f97a2 }
	CondorScratchDir = "/pool/condor/dir_3586036"
	Cpus = 1
	Disk = 1459268
	GPUs = 1
	GPUs_GPU_8f5f97a2 = [ GlobalMemoryMb = 40326; MaxSupportedVersion = 12040; DriverVersion = 12.4; DeviceName = "NVIDIA A100-PCIE-40GB"; CoresPerCU = 64; ECCEnabled = true; ComputeUnits = 108; ClockMhz = 1410.0; Id = "GPU-8f5f97a2"; Capability = 8.0; DevicePciBusId = "0000:06:00.0"; DeviceUuid = "8f5f97a2-c8cf-cf5d-bd1a-0a219e343c73" ]
	Memory = 2000
...
006 (7186296.001.000) 08/22 22:47:26 Image size of job updated: 518868
	303  -  MemoryUsage of job (MB)
	309476  -  ResidentSetSize of job (KB)
...
006 (7186296.001.000) 08/22 22:52:25 Image size of job updated: 3722292
	504  -  MemoryUsage of job (MB)
	515984  -  ResidentSetSize of job (KB)
...
040 (7186296.001.000) 08/22 22:52:25 Started transferring output files
...
040 (7186296.001.000) 08/22 22:52:25 Finished transferring output files
...
005 (7186296.001.000) 08/22 22:52:25 Job terminated.
	(1) Normal termination (return value 50)
		Usr 0 00:04:14, Sys 0 00:00:38  -  Run Remote Usage
		Usr 0 00:00:00, Sys 0 00:00:00  -  Run Local Usage
		Usr 0 00:04:14, Sys 0 00:00:38  -  Total Remote Usage
		Usr 0 00:00:00, Sys 0 00:00:00  -  Total Local Usage
	15600  -  Run Bytes Sent By Job
	2770  -  Run Bytes Received By Job
	15600  -  Total Bytes Sent By Job
	2770  -  Total Bytes Received By Job
	Partitionable Resources :     Usage  Request Allocated Assigned
	   Cpus                 :      1.00        1         1 
	   Disk (KB)            : 495471           3   1459268 
	   Gpus (Average)       :      0.00        1         1 "GPU-8f5f97a2"
	   GpusMemory (MB)      :   1069                       
	   Memory (MB)          :    504        2000      2000 

	Job terminated of its own accord at 2024-08-22T20:52:25Z with exit-code 50.
...
