000 (7186296.002.000) 08/22 15:33:31 Job submitted from host: <137.138.44.55:9618?addrs=137.138.44.55-9618+[2001-1458-d00-1a--48]-9618&alias=bigbird17.cern.ch&noUDP&sock=schedd_23962_8474>
...
040 (7186296.002.000) 08/22 22:51:14 Started transferring input files
	Transferring to host: <188.185.92.94:9618?addrs=188.185.92.94-9618+[2001-1458-d00-6c--100-91]-9618&alias=b9g57n5555.cern.ch&noUDP&sock=slot1_1_17435_48de_106048>
...
040 (7186296.002.000) 08/22 22:51:14 Finished transferring input files
...
001 (7186296.002.000) 08/22 22:51:15 Job executing on host: <188.185.92.94:9618?addrs=188.185.92.94-9618+[2001-1458-d00-6c--100-91]-9618&alias=b9g57n5555.cern.ch&noUDP&sock=startd_17379_207f>
	SlotName: slot1_1@b9g57n5555.cern.ch
	AvailableGPUs = { GPUs_GPU_c25adc0c }
	CondorScratchDir = "/pool/condor/dir_4036178"
	Cpus = 1
	Disk = 325113
	GPUs = 1
	GPUs_GPU_c25adc0c = [ GlobalMemoryMb = 40326; MaxSupportedVersion = 12040; DriverVersion = 12.4; DeviceUuid = "c25adc0c-f079-799e-ebde-bae2b8d3b142"; DeviceName = "NVIDIA A100-PCIE-40GB"; CoresPerCU = 64; ECCEnabled = true; ComputeUnits = 108; ClockMhz = 1410.0; Id = "GPU-c25adc0c"; DevicePciBusId = "0000:06:00.0"; Capability = 8.0 ]
	Memory = 2000
...
006 (7186296.002.000) 08/22 22:51:24 Image size of job updated: 514836
	289  -  MemoryUsage of job (MB)
	295004  -  ResidentSetSize of job (KB)
...
006 (7186296.002.000) 08/22 22:56:26 Image size of job updated: 3686972
	3601  -  MemoryUsage of job (MB)
	3686972  -  ResidentSetSize of job (KB)
...
006 (7186296.002.000) 08/22 22:56:47 Image size of job updated: 3719884
	3601  -  MemoryUsage of job (MB)
	3686972  -  ResidentSetSize of job (KB)
...
040 (7186296.002.000) 08/22 22:56:47 Started transferring output files
...
040 (7186296.002.000) 08/22 22:56:47 Finished transferring output files
...
005 (7186296.002.000) 08/22 22:56:47 Job terminated.
	(1) Normal termination (return value 50)
		Usr 0 00:04:18, Sys 0 00:00:49  -  Run Remote Usage
		Usr 0 00:00:00, Sys 0 00:00:00  -  Run Local Usage
		Usr 0 00:04:18, Sys 0 00:00:49  -  Total Remote Usage
		Usr 0 00:00:00, Sys 0 00:00:00  -  Total Local Usage
	15600  -  Run Bytes Sent By Job
	2770  -  Run Bytes Received By Job
	15600  -  Total Bytes Sent By Job
	2770  -  Total Bytes Received By Job
	Partitionable Resources :    Usage  Request Allocated Assigned
	   Cpus                 :                 1         1 
	   Disk (KB)            :   495462        3    325113 
	   Gpus (Average)       :                 1         1 "GPU-c25adc0c"
	   Memory (MB)          :     3601     2000      2000 

	Job terminated of its own accord at 2024-08-22T20:56:47Z with exit-code 50.
...
