000 (7227836.004.000) 10/02 08:39:29 Job submitted from host: <137.138.44.55:9618?addrs=137.138.44.55-9618+[2001-1458-d00-1a--48]-9618&alias=bigbird17.cern.ch&noUDP&sock=schedd_1981_6134>
...
040 (7227836.004.000) 10/02 10:53:53 Started transferring input files
	Transferring to host: <188.185.190.109:9618?addrs=188.185.190.109-9618+[2001-1458-d03-b--100-300]-9618&alias=b9pgpun014.cern.ch&noUDP&sock=slot1_2_3185867_4229_24064>
...
040 (7227836.004.000) 10/02 10:53:53 Finished transferring input files
...
001 (7227836.004.000) 10/02 10:53:55 Job executing on host: <188.185.190.109:9618?addrs=188.185.190.109-9618+[2001-1458-d03-b--100-300]-9618&alias=b9pgpun014.cern.ch&noUDP&sock=startd_215167_3e60>
	SlotName: slot1_2@b9pgpun014.cern.ch
	AvailableGPUs = { GPUs_GPU_45f32e65 }
	CondorScratchDir = "/pool/condor/dir_2913505"
	Cpus = 1
	Disk = 6863427
	GPUs = 1
	GPUs_GPU_45f32e65 = [ GlobalMemoryMb = 95235; MaxSupportedVersion = 12040; DriverVersion = 12.4; DeviceName = "NVIDIA H100 NVL"; CoresPerCU = 128; ECCEnabled = true; ComputeUnits = 132; ClockMhz = 1785.0; Id = "GPU-45f32e65"; Capability = 9.0; DevicePciBusId = "0000:3B:00.0"; DeviceUuid = "45f32e65-fddf-18a1-63a5-d7c14d13255c" ]
	Memory = 2000
...
006 (7227836.004.000) 10/02 10:54:03 Image size of job updated: 1385844
	1354  -  MemoryUsage of job (MB)
	1385736  -  ResidentSetSize of job (KB)
...
006 (7227836.004.000) 10/02 10:59:03 Image size of job updated: 1401048
	1364  -  MemoryUsage of job (MB)
	1396524  -  ResidentSetSize of job (KB)
...
006 (7227836.004.000) 10/02 11:09:04 Image size of job updated: 1446264
	1413  -  MemoryUsage of job (MB)
	1446264  -  ResidentSetSize of job (KB)
...
006 (7227836.004.000) 10/02 11:14:06 Image size of job updated: 1448312
	1413  -  MemoryUsage of job (MB)
	1446264  -  ResidentSetSize of job (KB)
...
006 (7227836.004.000) 10/02 11:19:06 Image size of job updated: 1569768
	1512  -  MemoryUsage of job (MB)
	1547472  -  ResidentSetSize of job (KB)
...
006 (7227836.004.000) 10/02 11:24:06 Image size of job updated: 1675184
	1617  -  MemoryUsage of job (MB)
	1655696  -  ResidentSetSize of job (KB)
...
006 (7227836.004.000) 10/02 11:29:07 Image size of job updated: 1842668
	1770  -  MemoryUsage of job (MB)
	1811876  -  ResidentSetSize of job (KB)
...
006 (7227836.004.000) 10/02 11:34:07 Image size of job updated: 1913664
	1859  -  MemoryUsage of job (MB)
	1903172  -  ResidentSetSize of job (KB)
...
006 (7227836.004.000) 10/02 11:39:08 Image size of job updated: 2343044
	2125  -  MemoryUsage of job (MB)
	2175412  -  ResidentSetSize of job (KB)
...
006 (7227836.004.000) 10/02 11:44:08 Image size of job updated: 2682896
	2621  -  MemoryUsage of job (MB)
	2682896  -  ResidentSetSize of job (KB)
...
006 (7227836.004.000) 10/02 11:49:10 Image size of job updated: 3833476
	3744  -  MemoryUsage of job (MB)
	3833476  -  ResidentSetSize of job (KB)
...
006 (7227836.004.000) 10/02 11:54:06 Image size of job updated: 4903972
	3744  -  MemoryUsage of job (MB)
	3833732  -  ResidentSetSize of job (KB)
...
040 (7227836.004.000) 10/02 11:54:06 Started transferring output files
...
040 (7227836.004.000) 10/02 11:54:06 Finished transferring output files
...
005 (7227836.004.000) 10/02 11:54:07 Job terminated.
	(1) Normal termination (return value 50)
		Usr 0 00:41:21, Sys 0 00:13:32  -  Run Remote Usage
		Usr 0 00:00:00, Sys 0 00:00:00  -  Run Local Usage
		Usr 0 00:41:21, Sys 0 00:13:32  -  Total Remote Usage
		Usr 0 00:00:00, Sys 0 00:00:00  -  Total Local Usage
	96786  -  Run Bytes Sent By Job
	2426  -  Run Bytes Received By Job
	96786  -  Total Bytes Sent By Job
	2426  -  Total Bytes Received By Job
	Partitionable Resources :      Usage  Request Allocated Assigned
	   Cpus                 :       1.00        1         1 
	   Disk (KB)            : 3119238           3   6863427 
	   Gpus (Average)       :       0.11        1         1 "GPU-45f32e65"
	   GpusMemory (MB)      :    3652                       
	   Memory (MB)          :    3744        2000      2000 

	Job terminated of its own accord at 2024-10-02T09:54:06Z with exit-code 50.
...
