CPU Information:
Architecture:        x86_64
CPU op-mode(s):      32-bit, 64-bit
Byte Order:          Little Endian
CPU(s):              192
On-line CPU(s) list: 0-191
Thread(s) per core:  2
Core(s) per socket:  48
Socket(s):           2
NUMA node(s):        2
Vendor ID:           GenuineIntel
CPU family:          6
Model:               143
Model name:          Intel(R) Xeon(R) Platinum 8468
Stepping:            8
CPU MHz:             3800.003
CPU max MHz:         3800.0000
CPU min MHz:         800.0000
BogoMIPS:            4200.00
Virtualization:      VT-x
L1d cache:           48K
L1i cache:           32K
L2 cache:            2048K
L3 cache:            107520K
NUMA node0 CPU(s):   0-47,96-143
NUMA node1 CPU(s):   48-95,144-191
Flags:               fpu vme de pse tsc msr pae mce cx8 apic sep mtrr pge mca cmov pat pse36 clflush dts acpi mmx fxsr sse sse2 ss ht tm pbe syscall nx pdpe1gb rdtscp lm constant_tsc art arch_perfmon pebs bts rep_good nopl xtopology nonstop_tsc cpuid aperfmperf tsc_known_freq pni pclmulqdq dtes64 monitor ds_cpl vmx smx est tm2 ssse3 sdbg fma cx16 xtpr pdcm pcid dca sse4_1 sse4_2 x2apic movbe popcnt tsc_deadline_timer aes xsave avx f16c rdrand lahf_lm abm 3dnowprefetch cpuid_fault epb cat_l3 cat_l2 cdp_l3 intel_ppin cdp_l2 ssbd mba ibrs ibpb stibp ibrs_enhanced tpr_shadow flexpriority ept vpid ept_ad fsgsbase tsc_adjust bmi1 avx2 smep bmi2 erms invpcid cqm rdt_a avx512f avx512dq rdseed adx smap avx512ifma clflushopt clwb intel_pt avx512cd sha_ni avx512bw avx512vl xsaveopt xsavec xgetbv1 xsaves cqm_llc cqm_occup_llc cqm_mbm_total cqm_mbm_local split_lock_detect avx_vnni avx512_bf16 wbnoinvd dtherm ida arat pln pts vnmi avx512vbmi umip pku ospke waitpkg avx512_vbmi2 gfni vaes vpclmulqdq avx512_vnni avx512_bitalg tme avx512_vpopcntdq la57 rdpid bus_lock_detect cldemote movdiri movdir64b enqcmd fsrm md_clear serialize tsxldtrk pconfig arch_lbr ibt amx_bf16 avx512_fp16 amx_tile amx_int8 flush_l1d arch_capabilities
GPU Information:
lspci command not found, unable to check GPU.
System Architecture:
x86_64
Number of Threads:
1
Vectorization Support:
Supported vectorization extensions: sse sse2 ssse3 sse4_1 sse4_2 avx avx2
/srv/work
%MSG-MG5 number of events requested = 100000
%MSG-MG5 random seed used for the run = 1
%MSG-MG5 number of cpus = 1
%MSG-MG5 SCRAM_ARCH version = el8_amd64_gcc12
%MSG-MG5 CMSSW version = CMSSW_14_0_9
Running MG5_aMC for the 1 time
produced_lhe  0 nevt  100000 submitting_event  100000  remaining_event  100000
run.sh 100000 10
Now generating 100000 events with random seed 10 and granularity 1
************************************************************
*                                                          *
*                      W E L C O M E to                    *
*             M A D G R A P H 5 _ a M C @ N L O            *
*                      M A D E V E N T                     *
*                                                          *
*                 *                       *                *
*                   *        * *        *                  *
*                     * * * * 5 * * * *                    *
*                   *        * *        *                  *
*                 *                       *                *
*                                                          *
*         VERSION 3.5.3_lo_vect                            *
*                                                          *
*    The MadGraph5_aMC@NLO Development Team - Find us at   *
*    https://server06.fynu.ucl.ac.be/projects/madgraph     *
*                                                          *
*               Type 'help' for in-line help.              *
*                                                          *
************************************************************
INFO: load configuration from /srv/work/process/madevent/Cards/me5_configuration.txt  
INFO: load configuration from /srv/work/mgbasedir/input/mg5_configuration.txt  
INFO: load configuration from /srv/work/process/madevent/Cards/me5_configuration.txt  
Using default text editor "vi". Set another one in ./input/mg5_configuration.txt
No valid eps viewer found. Please set in ./input/mg5_configuration.txt
No valid web browser found. Please set in ./input/mg5_configuration.txt
WRITE GRIDCARD /srv/work/process/madevent
generate 100000 events
P4_gg_epemgguux
P4_gu_epemgggu
P4_gux_epemgggux
P4_uux_epemgggg
P4_gg_epemuuuxux
P4_gu_epemguuux
P4_gux_epemguuxux
P4_uu_epemgguu
P4_uux_epemgguux
P4_uxux_epemgguxux
P4_uu_epemuuuux
P4_uux_epemuuuxux
P4_uxux_epemuuxuxux
P3_gg_epemguux
P3_gu_epemggu
P3_gux_epemggux
P3_uux_epemggg
P3_gu_epemuuux
P3_gux_epemuuxux
P3_uu_epemguu
P3_uux_epemguux
P3_uxux_epemguxux
P2_gg_epemuux
P2_gu_epemgu
P2_gux_epemgux
P2_uu_epemuu
P2_uux_epemuux
P2_uxux_epemuxux
P2_uux_epemgg
P1_gu_epemu
P1_gux_epemux
P1_uux_epemg
P0_uux_epem
Using random number seed offset = 10
INFO: Generating 100000.0 unweighted events. 
sum of cpu time of last step: 4 days,3h04m41s
INFO: need to improve 1067 channels 
INFO: The following Floating Point Exceptions have been reported: FE_INVALID
INFO: The following Floating Point Exceptions have been reported: FE_INVALID
INFO: The following Floating Point Exceptions have been reported: FE_INVALID
INFO: The following Floating Point Exceptions have been reported: FE_INVALID
INFO: The following Floating Point Exceptions have been reported: FE_INVALID
INFO: The following Floating Point Exceptions have been reported: FE_INVALID
INFO: The following Floating Point Exceptions have been reported: FE_INVALID
INFO: The following Floating Point Exceptions have been reported: FE_INVALID
INFO: The following Floating Point Exceptions have been reported: FE_INVALID
INFO: The following Floating Point Exceptions have been reported: FE_INVALID
INFO: The following Floating Point Exceptions have been reported: FE_INVALID
INFO: The following Floating Point Exceptions have been reported: FE_INVALID
INFO: The following Floating Point Exceptions have been reported: FE_INVALID
INFO: The following Floating Point Exceptions have been reported: FE_INVALID
INFO: The following Floating Point Exceptions have been reported: FE_INVALID
INFO: The following Floating Point Exceptions have been reported: FE_INVALID
INFO: The following Floating Point Exceptions have been reported: FE_INVALID
INFO: The following Floating Point Exceptions have been reported: FE_INVALID
INFO: The following Floating Point Exceptions have been reported: FE_INVALID
INFO: The following Floating Point Exceptions have been reported: FE_INVALID
INFO: The following Floating Point Exceptions have been reported: FE_INVALID
INFO: The following Floating Point Exceptions have been reported: FE_INVALID
INFO: The following Floating Point Exceptions have been reported: FE_INVALID
INFO: The following Floating Point Exceptions have been reported: FE_INVALID
INFO: The following Floating Point Exceptions have been reported: FE_INVALID
INFO: The following Floating Point Exceptions have been reported: FE_INVALID
INFO: The following Floating Point Exceptions have been reported: FE_INVALID
INFO: The following Floating Point Exceptions have been reported: FE_INVALID
INFO: The following Floating Point Exceptions have been reported: FE_INVALID
INFO: The following Floating Point Exceptions have been reported: FE_INVALID
INFO: The following Floating Point Exceptions have been reported: FE_INVALID
INFO: The following Floating Point Exceptions have been reported: FE_INVALID
INFO: The following Floating Point Exceptions have been reported: FE_INVALID
INFO: The following Floating Point Exceptions have been reported: FE_INVALID
INFO: The following Floating Point Exceptions have been reported: FE_INVALID
INFO: The following Floating Point Exceptions have been reported: FE_INVALID
INFO: The following Floating Point Exceptions have been reported: FE_INVALID
INFO: The following Floating Point Exceptions have been reported: FE_INVALID
INFO: The following Floating Point Exceptions have been reported: FE_INVALID
INFO: The following Floating Point Exceptions have been reported: FE_INVALID
INFO: The following Floating Point Exceptions have been reported: FE_INVALID
INFO: The following Floating Point Exceptions have been reported: FE_INVALID
INFO: The following Floating Point Exceptions have been reported: FE_INVALID
INFO: The following Floating Point Exceptions have been reported: FE_INVALID
INFO: The following Floating Point Exceptions have been reported: FE_INVALID
INFO: The following Floating Point Exceptions have been reported: FE_INVALID
INFO: The following Floating Point Exceptions have been reported: FE_INVALID
INFO: The following Floating Point Exceptions have been reported: FE_INVALID
INFO: The following Floating Point Exceptions have been reported: FE_INVALID
INFO: The following Floating Point Exceptions have been reported: FE_INVALID
INFO: The following Floating Point Exceptions have been reported: FE_INVALID
INFO: The following Floating Point Exceptions have been reported: FE_INVALID
INFO: The following Floating Point Exceptions have been reported: FE_INVALID
INFO: The following Floating Point Exceptions have been reported: FE_INVALID
INFO: The following Floating Point Exceptions have been reported: FE_INVALID
INFO: The following Floating Point Exceptions have been reported: FE_INVALID
INFO: The following Floating Point Exceptions have been reported: FE_INVALID
INFO: The following Floating Point Exceptions have been reported: FE_INVALID
INFO: The following Floating Point Exceptions have been reported: FE_INVALID
INFO: The following Floating Point Exceptions have been reported: FE_INVALID
INFO: The following Floating Point Exceptions have been reported: FE_INVALID
INFO: The following Floating Point Exceptions have been reported: FE_INVALID
INFO: The following Floating Point Exceptions have been reported: FE_INVALID
INFO: The following Floating Point Exceptions have been reported: FE_INVALID
INFO: The following Floating Point Exceptions have been reported: FE_INVALID
INFO: The following Floating Point Exceptions have been reported: FE_INVALID
INFO: The following Floating Point Exceptions have been reported: FE_INVALID
INFO: The following Floating Point Exceptions have been reported: FE_INVALID
INFO: The following Floating Point Exceptions have been reported: FE_INVALID
INFO: The following Floating Point Exceptions have been reported: FE_INVALID
INFO: The following Floating Point Exceptions have been reported: FE_INVALID
INFO: The following Floating Point Exceptions have been reported: FE_INVALID
INFO: The following Floating Point Exceptions have been reported: FE_INVALID
INFO: The following Floating Point Exceptions have been reported: FE_INVALID
INFO: The following Floating Point Exceptions have been reported: FE_INVALID
INFO: The following Floating Point Exceptions have been reported: FE_INVALID
INFO: The following Floating Point Exceptions have been reported: FE_INVALID
INFO: The following Floating Point Exceptions have been reported: FE_INVALID
INFO: The following Floating Point Exceptions have been reported: FE_INVALID
INFO: The following Floating Point Exceptions have been reported: FE_INVALID
INFO: The following Floating Point Exceptions have been reported: FE_INVALID
INFO: The following Floating Point Exceptions have been reported: FE_INVALID
INFO: The following Floating Point Exceptions have been reported: FE_INVALID
INFO: The following Floating Point Exceptions have been reported: FE_INVALID
INFO: The following Floating Point Exceptions have been reported: FE_INVALID
INFO: The following Floating Point Exceptions have been reported: FE_INVALID
INFO: The following Floating Point Exceptions have been reported: FE_INVALID
INFO: The following Floating Point Exceptions have been reported: FE_INVALID
INFO: The following Floating Point Exceptions have been reported: FE_INVALID
INFO: The following Floating Point Exceptions have been reported: FE_INVALID
INFO: The following Floating Point Exceptions have been reported: FE_INVALID
INFO: The following Floating Point Exceptions have been reported: FE_INVALID
INFO: The following Floating Point Exceptions have been reported: FE_INVALID
INFO: The following Floating Point Exceptions have been reported: FE_INVALID
INFO: The following Floating Point Exceptions have been reported: FE_INVALID
INFO: The following Floating Point Exceptions have been reported: FE_INVALID
INFO: The following Floating Point Exceptions have been reported: FE_INVALID
INFO: The following Floating Point Exceptions have been reported: FE_INVALID
INFO: The following Floating Point Exceptions have been reported: FE_INVALID
INFO: The following Floating Point Exceptions have been reported: FE_INVALID
INFO: The following Floating Point Exceptions have been reported: FE_INVALID
INFO: The following Floating Point Exceptions have been reported: FE_INVALID
INFO: The following Floating Point Exceptions have been reported: FE_INVALID
INFO: The following Floating Point Exceptions have been reported: FE_INVALID
INFO: The following Floating Point Exceptions have been reported: FE_INVALID
INFO: The following Floating Point Exceptions have been reported: FE_INVALID
INFO: The following Floating Point Exceptions have been reported: FE_INVALID
INFO: The following Floating Point Exceptions have been reported: FE_INVALID
INFO: The following Floating Point Exceptions have been reported: FE_INVALID
INFO: The following Floating Point Exceptions have been reported: FE_INVALID
INFO: The following Floating Point Exceptions have been reported: FE_INVALID
INFO: The following Floating Point Exceptions have been reported: FE_INVALID
INFO: The following Floating Point Exceptions have been reported: FE_INVALID
INFO: The following Floating Point Exceptions have been reported: FE_INVALID
INFO: The following Floating Point Exceptions have been reported: FE_INVALID
INFO: The following Floating Point Exceptions have been reported: FE_INVALID
INFO: The following Floating Point Exceptions have been reported: FE_INVALID
INFO: The following Floating Point Exceptions have been reported: FE_INVALID
INFO: The following Floating Point Exceptions have been reported: FE_INVALID
INFO: The following Floating Point Exceptions have been reported: FE_INVALID
INFO: The following Floating Point Exceptions have been reported: FE_INVALID
INFO: The following Floating Point Exceptions have been reported: FE_INVALID
INFO: The following Floating Point Exceptions have been reported: FE_INVALID
INFO: The following Floating Point Exceptions have been reported: FE_INVALID
INFO: The following Floating Point Exceptions have been reported: FE_INVALID
INFO: The following Floating Point Exceptions have been reported: FE_INVALID
INFO: The following Floating Point Exceptions have been reported: FE_INVALID
INFO: The following Floating Point Exceptions have been reported: FE_INVALID
INFO: The following Floating Point Exceptions have been reported: FE_INVALID
INFO: The following Floating Point Exceptions have been reported: FE_INVALID
INFO: The following Floating Point Exceptions have been reported: FE_INVALID
INFO: The following Floating Point Exceptions have been reported: FE_INVALID
INFO: The following Floating Point Exceptions have been reported: FE_INVALID
INFO: The following Floating Point Exceptions have been reported: FE_INVALID
INFO: The following Floating Point Exceptions have been reported: FE_INVALID
INFO: The following Floating Point Exceptions have been reported: FE_INVALID
INFO: The following Floating Point Exceptions have been reported: FE_INVALID
INFO: The following Floating Point Exceptions have been reported: FE_INVALID
INFO: The following Floating Point Exceptions have been reported: FE_INVALID
INFO: The following Floating Point Exceptions have been reported: FE_INVALID
INFO: The following Floating Point Exceptions have been reported: FE_INVALID
INFO: The following Floating Point Exceptions have been reported: FE_INVALID
INFO: The following Floating Point Exceptions have been reported: FE_INVALID
INFO: The following Floating Point Exceptions have been reported: FE_INVALID
INFO: The following Floating Point Exceptions have been reported: FE_INVALID
INFO: The following Floating Point Exceptions have been reported: FE_INVALID
INFO: The following Floating Point Exceptions have been reported: FE_INVALID
INFO: The following Floating Point Exceptions have been reported: FE_INVALID
INFO: The following Floating Point Exceptions have been reported: FE_INVALID
INFO: The following Floating Point Exceptions have been reported: FE_INVALID
INFO: The following Floating Point Exceptions have been reported: FE_INVALID
INFO: The following Floating Point Exceptions have been reported: FE_INVALID
INFO: The following Floating Point Exceptions have been reported: FE_INVALID
INFO: The following Floating Point Exceptions have been reported: FE_INVALID
INFO: The following Floating Point Exceptions have been reported: FE_INVALID
INFO: The following Floating Point Exceptions have been reported: FE_INVALID
INFO: The following Floating Point Exceptions have been reported: FE_INVALID
INFO: The following Floating Point Exceptions have been reported: FE_INVALID
INFO: The following Floating Point Exceptions have been reported: FE_INVALID
INFO: The following Floating Point Exceptions have been reported: FE_INVALID
INFO: The following Floating Point Exceptions have been reported: FE_INVALID
INFO: The following Floating Point Exceptions have been reported: FE_INVALID
INFO: The following Floating Point Exceptions have been reported: FE_INVALID
INFO: The following Floating Point Exceptions have been reported: FE_INVALID
INFO: The following Floating Point Exceptions have been reported: FE_INVALID
INFO: The following Floating Point Exceptions have been reported: FE_INVALID
INFO: The following Floating Point Exceptions have been reported: FE_INVALID
INFO: The following Floating Point Exceptions have been reported: FE_INVALID
INFO: The following Floating Point Exceptions have been reported: FE_INVALID
INFO: The following Floating Point Exceptions have been reported: FE_INVALID
INFO: The following Floating Point Exceptions have been reported: FE_INVALID
INFO: The following Floating Point Exceptions have been reported: FE_INVALID
INFO: The following Floating Point Exceptions have been reported: FE_INVALID
INFO: The following Floating Point Exceptions have been reported: FE_INVALID
INFO: The following Floating Point Exceptions have been reported: FE_INVALID
INFO: The following Floating Point Exceptions have been reported: FE_INVALID
INFO: The following Floating Point Exceptions have been reported: FE_INVALID
INFO: The following Floating Point Exceptions have been reported: FE_INVALID
INFO: The following Floating Point Exceptions have been reported: FE_INVALID
INFO: The following Floating Point Exceptions have been reported: FE_INVALID
INFO: The following Floating Point Exceptions have been reported: FE_INVALID
INFO: The following Floating Point Exceptions have been reported: FE_INVALID
INFO: The following Floating Point Exceptions have been reported: FE_INVALID
INFO: The following Floating Point Exceptions have been reported: FE_INVALID
INFO: The following Floating Point Exceptions have been reported: FE_INVALID
INFO: The following Floating Point Exceptions have been reported: FE_INVALID
INFO: The following Floating Point Exceptions have been reported: FE_INVALID
INFO: The following Floating Point Exceptions have been reported: FE_INVALID
INFO: The following Floating Point Exceptions have been reported: FE_INVALID
INFO: The following Floating Point Exceptions have been reported: FE_INVALID
INFO: The following Floating Point Exceptions have been reported: FE_INVALID
INFO: The following Floating Point Exceptions have been reported: FE_INVALID
INFO: The following Floating Point Exceptions have been reported: FE_INVALID
INFO: The following Floating Point Exceptions have been reported: FE_INVALID
INFO: The following Floating Point Exceptions have been reported: FE_INVALID
INFO: The following Floating Point Exceptions have been reported: FE_INVALID
INFO: The following Floating Point Exceptions have been reported: FE_INVALID
INFO: The following Floating Point Exceptions have been reported: FE_INVALID
INFO: The following Floating Point Exceptions have been reported: FE_INVALID
INFO: The following Floating Point Exceptions have been reported: FE_INVALID
INFO: The following Floating Point Exceptions have been reported: FE_INVALID
INFO: The following Floating Point Exceptions have been reported: FE_INVALID
INFO: The following Floating Point Exceptions have been reported: FE_INVALID
INFO: The following Floating Point Exceptions have been reported: FE_INVALID
INFO: The following Floating Point Exceptions have been reported: FE_INVALID
INFO: The following Floating Point Exceptions have been reported: FE_INVALID
INFO: The following Floating Point Exceptions have been reported: FE_INVALID
INFO: The following Floating Point Exceptions have been reported: FE_INVALID
INFO: The following Floating Point Exceptions have been reported: FE_INVALID
INFO: The following Floating Point Exceptions have been reported: FE_INVALID
INFO: The following Floating Point Exceptions have been reported: FE_INVALID
INFO: The following Floating Point Exceptions have been reported: FE_INVALID
INFO: The following Floating Point Exceptions have been reported: FE_INVALID
INFO: The following Floating Point Exceptions have been reported: FE_INVALID
INFO: The following Floating Point Exceptions have been reported: FE_INVALID
INFO: The following Floating Point Exceptions have been reported: FE_INVALID
INFO: The following Floating Point Exceptions have been reported: FE_INVALID
INFO: The following Floating Point Exceptions have been reported: FE_INVALID
INFO: The following Floating Point Exceptions have been reported: FE_INVALID
INFO: The following Floating Point Exceptions have been reported: FE_INVALID
INFO: The following Floating Point Exceptions have been reported: FE_INVALID
INFO: The following Floating Point Exceptions have been reported: FE_INVALID
INFO: The following Floating Point Exceptions have been reported: FE_INVALID
INFO: The following Floating Point Exceptions have been reported: FE_INVALID
INFO: The following Floating Point Exceptions have been reported: FE_INVALID
INFO: The following Floating Point Exceptions have been reported: FE_INVALID
INFO: The following Floating Point Exceptions have been reported: FE_INVALID
INFO: The following Floating Point Exceptions have been reported: FE_INVALID
INFO: The following Floating Point Exceptions have been reported: FE_INVALID
INFO: The following Floating Point Exceptions have been reported: FE_INVALID
INFO: The following Floating Point Exceptions have been reported: FE_INVALID
INFO: The following Floating Point Exceptions have been reported: FE_INVALID
INFO: The following Floating Point Exceptions have been reported: FE_INVALID
INFO: The following Floating Point Exceptions have been reported: FE_INVALID
INFO: The following Floating Point Exceptions have been reported: FE_INVALID
INFO: The following Floating Point Exceptions have been reported: FE_INVALID
INFO: The following Floating Point Exceptions have been reported: FE_INVALID
INFO: The following Floating Point Exceptions have been reported: FE_INVALID
INFO: The following Floating Point Exceptions have been reported: FE_INVALID
INFO: The following Floating Point Exceptions have been reported: FE_INVALID
INFO: The following Floating Point Exceptions have been reported: FE_INVALID
INFO: The following Floating Point Exceptions have been reported: FE_INVALID
INFO: The following Floating Point Exceptions have been reported: FE_INVALID
INFO: The following Floating Point Exceptions have been reported: FE_INVALID
INFO: The following Floating Point Exceptions have been reported: FE_INVALID
INFO: The following Floating Point Exceptions have been reported: FE_INVALID
INFO: The following Floating Point Exceptions have been reported: FE_INVALID
INFO: The following Floating Point Exceptions have been reported: FE_INVALID
INFO: The following Floating Point Exceptions have been reported: FE_INVALID
INFO: The following Floating Point Exceptions have been reported: FE_INVALID
INFO: The following Floating Point Exceptions have been reported: FE_INVALID
INFO: The following Floating Point Exceptions have been reported: FE_INVALID
INFO: The following Floating Point Exceptions have been reported: FE_INVALID
INFO: The following Floating Point Exceptions have been reported: FE_INVALID
INFO: The following Floating Point Exceptions have been reported: FE_INVALID
INFO: The following Floating Point Exceptions have been reported: FE_INVALID
INFO: The following Floating Point Exceptions have been reported: FE_INVALID
INFO: The following Floating Point Exceptions have been reported: FE_INVALID
INFO: The following Floating Point Exceptions have been reported: FE_INVALID
INFO: The following Floating Point Exceptions have been reported: FE_INVALID
INFO: The following Floating Point Exceptions have been reported: FE_INVALID
INFO: The following Floating Point Exceptions have been reported: FE_INVALID
INFO: The following Floating Point Exceptions have been reported: FE_INVALID
INFO: The following Floating Point Exceptions have been reported: FE_INVALID
INFO: The following Floating Point Exceptions have been reported: FE_INVALID
INFO: The following Floating Point Exceptions have been reported: FE_INVALID
INFO: The following Floating Point Exceptions have been reported: FE_INVALID
INFO: The following Floating Point Exceptions have been reported: FE_INVALID
INFO: The following Floating Point Exceptions have been reported: FE_INVALID
INFO: The following Floating Point Exceptions have been reported: FE_INVALID
INFO: The following Floating Point Exceptions have been reported: FE_INVALID
INFO: The following Floating Point Exceptions have been reported: FE_INVALID
INFO: The following Floating Point Exceptions have been reported: FE_INVALID
INFO: The following Floating Point Exceptions have been reported: FE_INVALID
INFO: The following Floating Point Exceptions have been reported: FE_INVALID
INFO: The following Floating Point Exceptions have been reported: FE_INVALID
INFO: The following Floating Point Exceptions have been reported: FE_INVALID
INFO: The following Floating Point Exceptions have been reported: FE_INVALID
INFO: The following Floating Point Exceptions have been reported: FE_INVALID
INFO: The following Floating Point Exceptions have been reported: FE_INVALID
INFO: The following Floating Point Exceptions have been reported: FE_INVALID
INFO: The following Floating Point Exceptions have been reported: FE_INVALID
INFO: The following Floating Point Exceptions have been reported: FE_INVALID
INFO: The following Floating Point Exceptions have been reported: FE_INVALID
INFO: The following Floating Point Exceptions have been reported: FE_INVALID
INFO: The following Floating Point Exceptions have been reported: FE_INVALID
INFO: The following Floating Point Exceptions have been reported: FE_INVALID
INFO: The following Floating Point Exceptions have been reported: FE_INVALID
INFO: The following Floating Point Exceptions have been reported: FE_INVALID
INFO: The following Floating Point Exceptions have been reported: FE_INVALID
INFO: The following Floating Point Exceptions have been reported: FE_INVALID
INFO: The following Floating Point Exceptions have been reported: FE_INVALID
INFO: The following Floating Point Exceptions have been reported: FE_INVALID
INFO: The following Floating Point Exceptions have been reported: FE_INVALID
INFO: The following Floating Point Exceptions have been reported: FE_INVALID
INFO: The following Floating Point Exceptions have been reported: FE_INVALID
INFO: The following Floating Point Exceptions have been reported: FE_INVALID
INFO: The following Floating Point Exceptions have been reported: FE_INVALID
INFO: The following Floating Point Exceptions have been reported: FE_INVALID
INFO: The following Floating Point Exceptions have been reported: FE_INVALID
INFO: The following Floating Point Exceptions have been reported: FE_INVALID
INFO: The following Floating Point Exceptions have been reported: FE_INVALID
INFO: The following Floating Point Exceptions have been reported: FE_INVALID
INFO: The following Floating Point Exceptions have been reported: FE_INVALID
INFO: The following Floating Point Exceptions have been reported: FE_INVALID
INFO: The following Floating Point Exceptions have been reported: FE_INVALID
INFO: The following Floating Point Exceptions have been reported: FE_INVALID
INFO: The following Floating Point Exceptions have been reported: FE_INVALID
INFO: The following Floating Point Exceptions have been reported: FE_INVALID
INFO: The following Floating Point Exceptions have been reported: FE_INVALID
INFO: The following Floating Point Exceptions have been reported: FE_INVALID
INFO: The following Floating Point Exceptions have been reported: FE_INVALID
INFO: The following Floating Point Exceptions have been reported: FE_INVALID
INFO: The following Floating Point Exceptions have been reported: FE_INVALID
INFO: The following Floating Point Exceptions have been reported: FE_INVALID
INFO: The following Floating Point Exceptions have been reported: FE_INVALID
INFO: The following Floating Point Exceptions have been reported: FE_INVALID
INFO: The following Floating Point Exceptions have been reported: FE_INVALID
INFO: The following Floating Point Exceptions have been reported: FE_INVALID
INFO: The following Floating Point Exceptions have been reported: FE_INVALID
INFO: The following Floating Point Exceptions have been reported: FE_INVALID
INFO: The following Floating Point Exceptions have been reported: FE_INVALID
INFO: The following Floating Point Exceptions have been reported: FE_INVALID
INFO: The following Floating Point Exceptions have been reported: FE_INVALID
INFO: The following Floating Point Exceptions have been reported: FE_INVALID
INFO: The following Floating Point Exceptions have been reported: FE_INVALID
INFO: The following Floating Point Exceptions have been reported: FE_INVALID
INFO: The following Floating Point Exceptions have been reported: FE_INVALID
INFO: The following Floating Point Exceptions have been reported: FE_INVALID
INFO: The following Floating Point Exceptions have been reported: FE_INVALID
INFO: The following Floating Point Exceptions have been reported: FE_INVALID
INFO: The following Floating Point Exceptions have been reported: FE_INVALID
INFO: The following Floating Point Exceptions have been reported: FE_INVALID
INFO: The following Floating Point Exceptions have been reported: FE_INVALID
INFO: The following Floating Point Exceptions have been reported: FE_INVALID
INFO: The following Floating Point Exceptions have been reported: FE_INVALID
INFO: The following Floating Point Exceptions have been reported: FE_INVALID
INFO: The following Floating Point Exceptions have been reported: FE_INVALID
INFO: The following Floating Point Exceptions have been reported: FE_INVALID
INFO: The following Floating Point Exceptions have been reported: FE_INVALID
INFO: The following Floating Point Exceptions have been reported: FE_INVALID
INFO: The following Floating Point Exceptions have been reported: FE_INVALID
INFO: The following Floating Point Exceptions have been reported: FE_INVALID
INFO: The following Floating Point Exceptions have been reported: FE_INVALID
INFO: The following Floating Point Exceptions have been reported: FE_INVALID
INFO: The following Floating Point Exceptions have been reported: FE_INVALID
INFO: The following Floating Point Exceptions have been reported: FE_INVALID
INFO: The following Floating Point Exceptions have been reported: FE_INVALID
INFO: The following Floating Point Exceptions have been reported: FE_INVALID
INFO: The following Floating Point Exceptions have been reported: FE_INVALID
INFO: The following Floating Point Exceptions have been reported: FE_INVALID
INFO: The following Floating Point Exceptions have been reported: FE_INVALID
INFO: The following Floating Point Exceptions have been reported: FE_INVALID
INFO: The following Floating Point Exceptions have been reported: FE_INVALID
INFO: The following Floating Point Exceptions have been reported: FE_INVALID
INFO: The following Floating Point Exceptions have been reported: FE_INVALID
INFO: The following Floating Point Exceptions have been reported: FE_INVALID
INFO: The following Floating Point Exceptions have been reported: FE_INVALID
INFO: The following Floating Point Exceptions have been reported: FE_INVALID
INFO: The following Floating Point Exceptions have been reported: FE_INVALID
INFO: The following Floating Point Exceptions have been reported: FE_INVALID
INFO: The following Floating Point Exceptions have been reported: FE_INVALID
INFO: The following Floating Point Exceptions have been reported: FE_INVALID
INFO: The following Floating Point Exceptions have been reported: FE_INVALID
INFO: The following Floating Point Exceptions have been reported: FE_INVALID
INFO: The following Floating Point Exceptions have been reported: FE_INVALID
INFO: The following Floating Point Exceptions have been reported: FE_INVALID
INFO: The following Floating Point Exceptions have been reported: FE_INVALID
INFO: The following Floating Point Exceptions have been reported: FE_INVALID
INFO: The following Floating Point Exceptions have been reported: FE_INVALID
INFO: The following Floating Point Exceptions have been reported: FE_INVALID
INFO: The following Floating Point Exceptions have been reported: FE_INVALID
INFO: The following Floating Point Exceptions have been reported: FE_INVALID
INFO: The following Floating Point Exceptions have been reported: FE_INVALID
INFO: The following Floating Point Exceptions have been reported: FE_INVALID
INFO: The following Floating Point Exceptions have been reported: FE_INVALID
INFO: The following Floating Point Exceptions have been reported: FE_INVALID
INFO: The following Floating Point Exceptions have been reported: FE_INVALID
INFO: The following Floating Point Exceptions have been reported: FE_INVALID
INFO: The following Floating Point Exceptions have been reported: FE_INVALID
INFO: The following Floating Point Exceptions have been reported: FE_INVALID
INFO: The following Floating Point Exceptions have been reported: FE_INVALID
INFO: The following Floating Point Exceptions have been reported: FE_INVALID
INFO: The following Floating Point Exceptions have been reported: FE_INVALID
INFO: The following Floating Point Exceptions have been reported: FE_INVALID
INFO: The following Floating Point Exceptions have been reported: FE_INVALID
INFO: The following Floating Point Exceptions have been reported: FE_INVALID
INFO: The following Floating Point Exceptions have been reported: FE_INVALID
INFO: The following Floating Point Exceptions have been reported: FE_INVALID
INFO: The following Floating Point Exceptions have been reported: FE_INVALID
INFO: The following Floating Point Exceptions have been reported: FE_INVALID
INFO: The following Floating Point Exceptions have been reported: FE_INVALID
INFO: The following Floating Point Exceptions have been reported: FE_INVALID
INFO: The following Floating Point Exceptions have been reported: FE_INVALID
INFO: The following Floating Point Exceptions have been reported: FE_INVALID
INFO: The following Floating Point Exceptions have been reported: FE_INVALID
INFO: The following Floating Point Exceptions have been reported: FE_INVALID
INFO: The following Floating Point Exceptions have been reported: FE_INVALID
INFO: The following Floating Point Exceptions have been reported: FE_INVALID
INFO: The following Floating Point Exceptions have been reported: FE_INVALID
INFO: The following Floating Point Exceptions have been reported: FE_INVALID
INFO: The following Floating Point Exceptions have been reported: FE_INVALID
INFO: The following Floating Point Exceptions have been reported: FE_INVALID
INFO: The following Floating Point Exceptions have been reported: FE_INVALID
INFO: The following Floating Point Exceptions have been reported: FE_INVALID
INFO: The following Floating Point Exceptions have been reported: FE_INVALID
INFO: The following Floating Point Exceptions have been reported: FE_INVALID
INFO: The following Floating Point Exceptions have been reported: FE_INVALID
INFO: The following Floating Point Exceptions have been reported: FE_INVALID
INFO: The following Floating Point Exceptions have been reported: FE_INVALID
INFO: The following Floating Point Exceptions have been reported: FE_INVALID
INFO: The following Floating Point Exceptions have been reported: FE_INVALID
INFO: The following Floating Point Exceptions have been reported: FE_INVALID
INFO: The following Floating Point Exceptions have been reported: FE_INVALID
INFO: The following Floating Point Exceptions have been reported: FE_INVALID
INFO: The following Floating Point Exceptions have been reported: FE_INVALID
INFO: The following Floating Point Exceptions have been reported: FE_INVALID
INFO: The following Floating Point Exceptions have been reported: FE_INVALID
INFO: The following Floating Point Exceptions have been reported: FE_INVALID
INFO: The following Floating Point Exceptions have been reported: FE_INVALID
INFO: The following Floating Point Exceptions have been reported: FE_INVALID
INFO: The following Floating Point Exceptions have been reported: FE_INVALID
INFO: The following Floating Point Exceptions have been reported: FE_INVALID
INFO: The following Floating Point Exceptions have been reported: FE_INVALID
INFO: The following Floating Point Exceptions have been reported: FE_INVALID
INFO: The following Floating Point Exceptions have been reported: FE_INVALID
INFO: The following Floating Point Exceptions have been reported: FE_INVALID
INFO: The following Floating Point Exceptions have been reported: FE_INVALID
INFO: The following Floating Point Exceptions have been reported: FE_INVALID
INFO: The following Floating Point Exceptions have been reported: FE_INVALID
INFO: The following Floating Point Exceptions have been reported: FE_INVALID
INFO: The following Floating Point Exceptions have been reported: FE_INVALID
INFO: The following Floating Point Exceptions have been reported: FE_INVALID
INFO: The following Floating Point Exceptions have been reported: FE_INVALID
INFO: The following Floating Point Exceptions have been reported: FE_INVALID
INFO: The following Floating Point Exceptions have been reported: FE_INVALID
INFO: The following Floating Point Exceptions have been reported: FE_INVALID
INFO: The following Floating Point Exceptions have been reported: FE_INVALID
INFO: The following Floating Point Exceptions have been reported: FE_INVALID
INFO: The following Floating Point Exceptions have been reported: FE_INVALID
INFO: The following Floating Point Exceptions have been reported: FE_INVALID
INFO: The following Floating Point Exceptions have been reported: FE_INVALID
INFO: The following Floating Point Exceptions have been reported: FE_INVALID
INFO: The following Floating Point Exceptions have been reported: FE_INVALID
INFO: The following Floating Point Exceptions have been reported: FE_INVALID
INFO: The following Floating Point Exceptions have been reported: FE_INVALID
INFO: The following Floating Point Exceptions have been reported: FE_INVALID
INFO: The following Floating Point Exceptions have been reported: FE_INVALID
INFO: The following Floating Point Exceptions have been reported: FE_INVALID
INFO: The following Floating Point Exceptions have been reported: FE_INVALID
INFO: The following Floating Point Exceptions have been reported: FE_INVALID
INFO: The following Floating Point Exceptions have been reported: FE_INVALID
INFO: The following Floating Point Exceptions have been reported: FE_INVALID
INFO: The following Floating Point Exceptions have been reported: FE_INVALID
INFO: The following Floating Point Exceptions have been reported: FE_INVALID
INFO: The following Floating Point Exceptions have been reported: FE_INVALID
INFO: The following Floating Point Exceptions have been reported: FE_INVALID
INFO: The following Floating Point Exceptions have been reported: FE_INVALID
INFO: The following Floating Point Exceptions have been reported: FE_INVALID
INFO: The following Floating Point Exceptions have been reported: FE_INVALID
INFO: The following Floating Point Exceptions have been reported: FE_INVALID
INFO: The following Floating Point Exceptions have been reported: FE_INVALID
INFO: The following Floating Point Exceptions have been reported: FE_INVALID
INFO: The following Floating Point Exceptions have been reported: FE_INVALID
INFO: The following Floating Point Exceptions have been reported: FE_INVALID
INFO: The following Floating Point Exceptions have been reported: FE_INVALID
INFO: The following Floating Point Exceptions have been reported: FE_INVALID
INFO: The following Floating Point Exceptions have been reported: FE_INVALID
INFO: The following Floating Point Exceptions have been reported: FE_INVALID
INFO: The following Floating Point Exceptions have been reported: FE_INVALID
INFO: The following Floating Point Exceptions have been reported: FE_INVALID
INFO: The following Floating Point Exceptions have been reported: FE_INVALID
INFO: The following Floating Point Exceptions have been reported: FE_INVALID
INFO: The following Floating Point Exceptions have been reported: FE_INVALID
INFO: The following Floating Point Exceptions have been reported: FE_INVALID
INFO: The following Floating Point Exceptions have been reported: FE_INVALID
INFO: The following Floating Point Exceptions have been reported: FE_INVALID
INFO: The following Floating Point Exceptions have been reported: FE_INVALID
INFO: The following Floating Point Exceptions have been reported: FE_INVALID
INFO: The following Floating Point Exceptions have been reported: FE_INVALID
INFO: The following Floating Point Exceptions have been reported: FE_INVALID
INFO: The following Floating Point Exceptions have been reported: FE_INVALID
INFO: The following Floating Point Exceptions have been reported: FE_INVALID
INFO: The following Floating Point Exceptions have been reported: FE_INVALID
INFO: The following Floating Point Exceptions have been reported: FE_INVALID
INFO: The following Floating Point Exceptions have been reported: FE_INVALID
INFO: The following Floating Point Exceptions have been reported: FE_INVALID
INFO: The following Floating Point Exceptions have been reported: FE_INVALID
INFO: The following Floating Point Exceptions have been reported: FE_INVALID
INFO: The following Floating Point Exceptions have been reported: FE_INVALID
INFO: The following Floating Point Exceptions have been reported: FE_INVALID
INFO: The following Floating Point Exceptions have been reported: FE_INVALID
INFO: The following Floating Point Exceptions have been reported: FE_INVALID
INFO: The following Floating Point Exceptions have been reported: FE_INVALID
INFO: The following Floating Point Exceptions have been reported: FE_INVALID
INFO: The following Floating Point Exceptions have been reported: FE_INVALID
INFO: The following Floating Point Exceptions have been reported: FE_INVALID
INFO: The following Floating Point Exceptions have been reported: FE_INVALID
INFO: The following Floating Point Exceptions have been reported: FE_INVALID
INFO: The following Floating Point Exceptions have been reported: FE_INVALID
INFO: The following Floating Point Exceptions have been reported: FE_INVALID
INFO: The following Floating Point Exceptions have been reported: FE_INVALID
INFO: The following Floating Point Exceptions have been reported: FE_INVALID
INFO: The following Floating Point Exceptions have been reported: FE_INVALID
INFO: The following Floating Point Exceptions have been reported: FE_INVALID
INFO: The following Floating Point Exceptions have been reported: FE_INVALID
INFO: The following Floating Point Exceptions have been reported: FE_INVALID
INFO: The following Floating Point Exceptions have been reported: FE_INVALID
INFO: The following Floating Point Exceptions have been reported: FE_INVALID
INFO: The following Floating Point Exceptions have been reported: FE_INVALID
INFO: The following Floating Point Exceptions have been reported: FE_INVALID
INFO: The following Floating Point Exceptions have been reported: FE_INVALID
INFO: The following Floating Point Exceptions have been reported: FE_INVALID
INFO: The following Floating Point Exceptions have been reported: FE_INVALID
INFO: The following Floating Point Exceptions have been reported: FE_INVALID
INFO: The following Floating Point Exceptions have been reported: FE_INVALID
INFO: The following Floating Point Exceptions have been reported: FE_INVALID
INFO: The following Floating Point Exceptions have been reported: FE_INVALID
INFO: The following Floating Point Exceptions have been reported: FE_INVALID
INFO: The following Floating Point Exceptions have been reported: FE_INVALID
INFO: The following Floating Point Exceptions have been reported: FE_INVALID
INFO: The following Floating Point Exceptions have been reported: FE_INVALID
INFO: The following Floating Point Exceptions have been reported: FE_INVALID
INFO: The following Floating Point Exceptions have been reported: FE_INVALID
INFO: The following Floating Point Exceptions have been reported: FE_INVALID
INFO: The following Floating Point Exceptions have been reported: FE_INVALID
INFO: The following Floating Point Exceptions have been reported: FE_INVALID
INFO: The following Floating Point Exceptions have been reported: FE_INVALID
INFO: The following Floating Point Exceptions have been reported: FE_INVALID
INFO: The following Floating Point Exceptions have been reported: FE_INVALID
INFO: The following Floating Point Exceptions have been reported: FE_INVALID
INFO: The following Floating Point Exceptions have been reported: FE_INVALID
INFO: The following Floating Point Exceptions have been reported: FE_INVALID
INFO: The following Floating Point Exceptions have been reported: FE_INVALID
INFO: The following Floating Point Exceptions have been reported: FE_INVALID
INFO: The following Floating Point Exceptions have been reported: FE_INVALID
INFO: The following Floating Point Exceptions have been reported: FE_INVALID
INFO: The following Floating Point Exceptions have been reported: FE_INVALID
INFO: The following Floating Point Exceptions have been reported: FE_INVALID
INFO: The following Floating Point Exceptions have been reported: FE_INVALID
INFO: The following Floating Point Exceptions have been reported: FE_INVALID
INFO: The following Floating Point Exceptions have been reported: FE_INVALID
INFO: The following Floating Point Exceptions have been reported: FE_INVALID
INFO: The following Floating Point Exceptions have been reported: FE_INVALID
INFO: The following Floating Point Exceptions have been reported: FE_INVALID
INFO: The following Floating Point Exceptions have been reported: FE_INVALID
INFO: The following Floating Point Exceptions have been reported: FE_INVALID
INFO: The following Floating Point Exceptions have been reported: FE_INVALID
INFO: The following Floating Point Exceptions have been reported: FE_INVALID
INFO: The following Floating Point Exceptions have been reported: FE_INVALID
INFO: The following Floating Point Exceptions have been reported: FE_INVALID
INFO: The following Floating Point Exceptions have been reported: FE_INVALID
INFO: The following Floating Point Exceptions have been reported: FE_INVALID
INFO: The following Floating Point Exceptions have been reported: FE_INVALID
INFO: The following Floating Point Exceptions have been reported: FE_INVALID
INFO: The following Floating Point Exceptions have been reported: FE_INVALID
INFO: The following Floating Point Exceptions have been reported: FE_INVALID
INFO: The following Floating Point Exceptions have been reported: FE_INVALID
INFO: The following Floating Point Exceptions have been reported: FE_INVALID
INFO: The following Floating Point Exceptions have been reported: FE_INVALID
INFO: The following Floating Point Exceptions have been reported: FE_INVALID
INFO: The following Floating Point Exceptions have been reported: FE_INVALID
INFO: The following Floating Point Exceptions have been reported: FE_INVALID
INFO: The following Floating Point Exceptions have been reported: FE_INVALID
INFO: The following Floating Point Exceptions have been reported: FE_INVALID
INFO: The following Floating Point Exceptions have been reported: FE_INVALID
INFO: The following Floating Point Exceptions have been reported: FE_INVALID
INFO: The following Floating Point Exceptions have been reported: FE_INVALID
INFO: The following Floating Point Exceptions have been reported: FE_INVALID
INFO: The following Floating Point Exceptions have been reported: FE_INVALID
INFO: The following Floating Point Exceptions have been reported: FE_INVALID
INFO: The following Floating Point Exceptions have been reported: FE_INVALID
INFO: The following Floating Point Exceptions have been reported: FE_INVALID
INFO: The following Floating Point Exceptions have been reported: FE_INVALID
INFO: The following Floating Point Exceptions have been reported: FE_INVALID
INFO: The following Floating Point Exceptions have been reported: FE_INVALID
INFO: The following Floating Point Exceptions have been reported: FE_INVALID
INFO: The following Floating Point Exceptions have been reported: FE_INVALID
INFO: The following Floating Point Exceptions have been reported: FE_INVALID
INFO: The following Floating Point Exceptions have been reported: FE_INVALID
INFO: The following Floating Point Exceptions have been reported: FE_INVALID
INFO: The following Floating Point Exceptions have been reported: FE_INVALID
INFO: The following Floating Point Exceptions have been reported: FE_INVALID
INFO: The following Floating Point Exceptions have been reported: FE_INVALID
INFO: The following Floating Point Exceptions have been reported: FE_INVALID
INFO: The following Floating Point Exceptions have been reported: FE_INVALID
INFO: The following Floating Point Exceptions have been reported: FE_INVALID
INFO: The following Floating Point Exceptions have been reported: FE_INVALID
INFO: The following Floating Point Exceptions have been reported: FE_INVALID
INFO: The following Floating Point Exceptions have been reported: FE_INVALID
INFO: The following Floating Point Exceptions have been reported: FE_INVALID
INFO: The following Floating Point Exceptions have been reported: FE_INVALID
INFO: The following Floating Point Exceptions have been reported: FE_INVALID
INFO: The following Floating Point Exceptions have been reported: FE_INVALID
INFO: The following Floating Point Exceptions have been reported: FE_INVALID
INFO: The following Floating Point Exceptions have been reported: FE_INVALID
INFO: The following Floating Point Exceptions have been reported: FE_INVALID
INFO: The following Floating Point Exceptions have been reported: FE_INVALID
INFO: The following Floating Point Exceptions have been reported: FE_INVALID
INFO: The following Floating Point Exceptions have been reported: FE_INVALID
INFO: The following Floating Point Exceptions have been reported: FE_INVALID
INFO: The following Floating Point Exceptions have been reported: FE_INVALID
INFO: The following Floating Point Exceptions have been reported: FE_INVALID
INFO: The following Floating Point Exceptions have been reported: FE_INVALID
INFO: The following Floating Point Exceptions have been reported: FE_INVALID
INFO: The following Floating Point Exceptions have been reported: FE_INVALID
INFO: The following Floating Point Exceptions have been reported: FE_INVALID
INFO: The following Floating Point Exceptions have been reported: FE_INVALID
INFO: The following Floating Point Exceptions have been reported: FE_INVALID
INFO: The following Floating Point Exceptions have been reported: FE_INVALID
INFO: The following Floating Point Exceptions have been reported: FE_INVALID
INFO: The following Floating Point Exceptions have been reported: FE_INVALID
INFO: The following Floating Point Exceptions have been reported: FE_INVALID
INFO: The following Floating Point Exceptions have been reported: FE_INVALID
INFO: The following Floating Point Exceptions have been reported: FE_INVALID
INFO: The following Floating Point Exceptions have been reported: FE_INVALID
INFO: The following Floating Point Exceptions have been reported: FE_INVALID
INFO: The following Floating Point Exceptions have been reported: FE_INVALID
INFO: The following Floating Point Exceptions have been reported: FE_INVALID
INFO: The following Floating Point Exceptions have been reported: FE_INVALID
INFO: The following Floating Point Exceptions have been reported: FE_INVALID
INFO: The following Floating Point Exceptions have been reported: FE_INVALID
INFO: The following Floating Point Exceptions have been reported: FE_INVALID
INFO: The following Floating Point Exceptions have been reported: FE_INVALID
INFO: The following Floating Point Exceptions have been reported: FE_INVALID
INFO: The following Floating Point Exceptions have been reported: FE_INVALID
INFO: The following Floating Point Exceptions have been reported: FE_INVALID
INFO: The following Floating Point Exceptions have been reported: FE_INVALID
INFO: The following Floating Point Exceptions have been reported: FE_INVALID
INFO: The following Floating Point Exceptions have been reported: FE_INVALID
INFO: The following Floating Point Exceptions have been reported: FE_INVALID
INFO: The following Floating Point Exceptions have been reported: FE_INVALID
INFO: The following Floating Point Exceptions have been reported: FE_INVALID
INFO: The following Floating Point Exceptions have been reported: FE_INVALID
INFO: The following Floating Point Exceptions have been reported: FE_INVALID
INFO: The following Floating Point Exceptions have been reported: FE_INVALID
INFO: The following Floating Point Exceptions have been reported: FE_INVALID
INFO: The following Floating Point Exceptions have been reported: FE_INVALID
INFO: The following Floating Point Exceptions have been reported: FE_INVALID
INFO: The following Floating Point Exceptions have been reported: FE_INVALID
INFO: The following Floating Point Exceptions have been reported: FE_INVALID
INFO: The following Floating Point Exceptions have been reported: FE_INVALID
INFO: The following Floating Point Exceptions have been reported: FE_INVALID
INFO: The following Floating Point Exceptions have been reported: FE_INVALID
INFO: The following Floating Point Exceptions have been reported: FE_INVALID
INFO: The following Floating Point Exceptions have been reported: FE_INVALID
INFO: The following Floating Point Exceptions have been reported: FE_INVALID
INFO: The following Floating Point Exceptions have been reported: FE_INVALID
INFO: The following Floating Point Exceptions have been reported: FE_INVALID
INFO: The following Floating Point Exceptions have been reported: FE_INVALID
INFO: The following Floating Point Exceptions have been reported: FE_INVALID
INFO: The following Floating Point Exceptions have been reported: FE_INVALID
INFO: The following Floating Point Exceptions have been reported: FE_INVALID
INFO: The following Floating Point Exceptions have been reported: FE_INVALID
INFO: The following Floating Point Exceptions have been reported: FE_INVALID
INFO: The following Floating Point Exceptions have been reported: FE_INVALID
INFO: The following Floating Point Exceptions have been reported: FE_INVALID
INFO: The following Floating Point Exceptions have been reported: FE_INVALID
INFO: The following Floating Point Exceptions have been reported: FE_INVALID
INFO: The following Floating Point Exceptions have been reported: FE_INVALID
INFO: The following Floating Point Exceptions have been reported: FE_INVALID
INFO: The following Floating Point Exceptions have been reported: FE_INVALID
INFO: The following Floating Point Exceptions have been reported: FE_INVALID
INFO: The following Floating Point Exceptions have been reported: FE_INVALID
INFO: The following Floating Point Exceptions have been reported: FE_INVALID
INFO: The following Floating Point Exceptions have been reported: FE_INVALID
INFO: The following Floating Point Exceptions have been reported: FE_INVALID
INFO: The following Floating Point Exceptions have been reported: FE_INVALID
INFO: The following Floating Point Exceptions have been reported: FE_INVALID
INFO: The following Floating Point Exceptions have been reported: FE_INVALID
INFO: The following Floating Point Exceptions have been reported: FE_INVALID
INFO: The following Floating Point Exceptions have been reported: FE_INVALID
INFO: The following Floating Point Exceptions have been reported: FE_INVALID
INFO: The following Floating Point Exceptions have been reported: FE_INVALID
INFO: The following Floating Point Exceptions have been reported: FE_INVALID
INFO: The following Floating Point Exceptions have been reported: FE_INVALID
INFO: The following Floating Point Exceptions have been reported: FE_INVALID
INFO: The following Floating Point Exceptions have been reported: FE_INVALID
INFO: The following Floating Point Exceptions have been reported: FE_INVALID
INFO: The following Floating Point Exceptions have been reported: FE_INVALID
INFO: The following Floating Point Exceptions have been reported: FE_INVALID
INFO: The following Floating Point Exceptions have been reported: FE_INVALID
INFO: The following Floating Point Exceptions have been reported: FE_INVALID
INFO: The following Floating Point Exceptions have been reported: FE_INVALID
INFO: The following Floating Point Exceptions have been reported: FE_INVALID
INFO: The following Floating Point Exceptions have been reported: FE_INVALID
INFO: The following Floating Point Exceptions have been reported: FE_INVALID
INFO: The following Floating Point Exceptions have been reported: FE_INVALID
INFO: The following Floating Point Exceptions have been reported: FE_INVALID
INFO: The following Floating Point Exceptions have been reported: FE_INVALID
INFO: The following Floating Point Exceptions have been reported: FE_INVALID
INFO: The following Floating Point Exceptions have been reported: FE_INVALID
INFO: The following Floating Point Exceptions have been reported: FE_INVALID
INFO: The following Floating Point Exceptions have been reported: FE_INVALID
INFO: The following Floating Point Exceptions have been reported: FE_INVALID
INFO: The following Floating Point Exceptions have been reported: FE_INVALID
INFO: The following Floating Point Exceptions have been reported: FE_INVALID
INFO: The following Floating Point Exceptions have been reported: FE_INVALID
INFO: The following Floating Point Exceptions have been reported: FE_INVALID
INFO: The following Floating Point Exceptions have been reported: FE_INVALID
INFO: The following Floating Point Exceptions have been reported: FE_INVALID
INFO: The following Floating Point Exceptions have been reported: FE_INVALID
INFO: The following Floating Point Exceptions have been reported: FE_INVALID
INFO: The following Floating Point Exceptions have been reported: FE_INVALID
INFO: The following Floating Point Exceptions have been reported: FE_INVALID
INFO: The following Floating Point Exceptions have been reported: FE_INVALID
INFO: The following Floating Point Exceptions have been reported: FE_INVALID
INFO: The following Floating Point Exceptions have been reported: FE_INVALID
INFO: The following Floating Point Exceptions have been reported: FE_INVALID
INFO: The following Floating Point Exceptions have been reported: FE_INVALID
INFO: The following Floating Point Exceptions have been reported: FE_INVALID
INFO: The following Floating Point Exceptions have been reported: FE_INVALID
INFO: The following Floating Point Exceptions have been reported: FE_INVALID
INFO: The following Floating Point Exceptions have been reported: FE_INVALID
INFO: The following Floating Point Exceptions have been reported: FE_INVALID
INFO: The following Floating Point Exceptions have been reported: FE_INVALID
INFO: The following Floating Point Exceptions have been reported: FE_INVALID
INFO: The following Floating Point Exceptions have been reported: FE_INVALID
INFO: The following Floating Point Exceptions have been reported: FE_INVALID
INFO: The following Floating Point Exceptions have been reported: FE_INVALID
INFO: The following Floating Point Exceptions have been reported: FE_INVALID
INFO: The following Floating Point Exceptions have been reported: FE_INVALID
INFO: The following Floating Point Exceptions have been reported: FE_INVALID
INFO: The following Floating Point Exceptions have been reported: FE_INVALID
INFO: The following Floating Point Exceptions have been reported: FE_INVALID
INFO: The following Floating Point Exceptions have been reported: FE_INVALID
INFO: The following Floating Point Exceptions have been reported: FE_INVALID
INFO: The following Floating Point Exceptions have been reported: FE_INVALID
INFO: The following Floating Point Exceptions have been reported: FE_INVALID
INFO: The following Floating Point Exceptions have been reported: FE_INVALID
INFO: The following Floating Point Exceptions have been reported: FE_INVALID
INFO: The following Floating Point Exceptions have been reported: FE_INVALID
INFO: The following Floating Point Exceptions have been reported: FE_INVALID
INFO: The following Floating Point Exceptions have been reported: FE_INVALID
INFO: The following Floating Point Exceptions have been reported: FE_INVALID
INFO: The following Floating Point Exceptions have been reported: FE_INVALID
INFO: The following Floating Point Exceptions have been reported: FE_INVALID
INFO: The following Floating Point Exceptions have been reported: FE_INVALID
INFO: The following Floating Point Exceptions have been reported: FE_INVALID
INFO: The following Floating Point Exceptions have been reported: FE_INVALID
INFO: The following Floating Point Exceptions have been reported: FE_INVALID
INFO: The following Floating Point Exceptions have been reported: FE_INVALID
INFO: The following Floating Point Exceptions have been reported: FE_INVALID
INFO: The following Floating Point Exceptions have been reported: FE_INVALID
INFO: The following Floating Point Exceptions have been reported: FE_INVALID
INFO: The following Floating Point Exceptions have been reported: FE_INVALID
INFO: The following Floating Point Exceptions have been reported: FE_INVALID
INFO: The following Floating Point Exceptions have been reported: FE_INVALID
INFO: The following Floating Point Exceptions have been reported: FE_INVALID
INFO: The following Floating Point Exceptions have been reported: FE_INVALID
INFO: The following Floating Point Exceptions have been reported: FE_INVALID
INFO: The following Floating Point Exceptions have been reported: FE_INVALID
INFO: The following Floating Point Exceptions have been reported: FE_INVALID
INFO: The following Floating Point Exceptions have been reported: FE_INVALID
INFO: The following Floating Point Exceptions have been reported: FE_INVALID
INFO: The following Floating Point Exceptions have been reported: FE_INVALID
INFO: The following Floating Point Exceptions have been reported: FE_INVALID
INFO: The following Floating Point Exceptions have been reported: FE_INVALID
INFO: The following Floating Point Exceptions have been reported: FE_INVALID
INFO: The following Floating Point Exceptions have been reported: FE_INVALID
INFO: The following Floating Point Exceptions have been reported: FE_INVALID
INFO: The following Floating Point Exceptions have been reported: FE_INVALID
INFO: The following Floating Point Exceptions have been reported: FE_INVALID
INFO: The following Floating Point Exceptions have been reported: FE_INVALID
INFO: The following Floating Point Exceptions have been reported: FE_INVALID
INFO: The following Floating Point Exceptions have been reported: FE_INVALID
INFO: The following Floating Point Exceptions have been reported: FE_INVALID
INFO: The following Floating Point Exceptions have been reported: FE_INVALID
INFO: The following Floating Point Exceptions have been reported: FE_INVALID
INFO: The following Floating Point Exceptions have been reported: FE_INVALID
INFO: The following Floating Point Exceptions have been reported: FE_INVALID
INFO: The following Floating Point Exceptions have been reported: FE_INVALID
INFO: The following Floating Point Exceptions have been reported: FE_INVALID
INFO: The following Floating Point Exceptions have been reported: FE_INVALID
INFO: The following Floating Point Exceptions have been reported: FE_INVALID
INFO: The following Floating Point Exceptions have been reported: FE_INVALID
INFO: The following Floating Point Exceptions have been reported: FE_INVALID
INFO: The following Floating Point Exceptions have been reported: FE_INVALID
INFO: The following Floating Point Exceptions have been reported: FE_INVALID
INFO: The following Floating Point Exceptions have been reported: FE_INVALID
INFO: The following Floating Point Exceptions have been reported: FE_INVALID
INFO: The following Floating Point Exceptions have been reported: FE_INVALID
INFO: The following Floating Point Exceptions have been reported: FE_INVALID
INFO: The following Floating Point Exceptions have been reported: FE_INVALID
INFO: The following Floating Point Exceptions have been reported: FE_INVALID
INFO: The following Floating Point Exceptions have been reported: FE_INVALID
INFO: The following Floating Point Exceptions have been reported: FE_INVALID
INFO: The following Floating Point Exceptions have been reported: FE_INVALID
INFO: The following Floating Point Exceptions have been reported: FE_INVALID
INFO: The following Floating Point Exceptions have been reported: FE_INVALID
INFO: The following Floating Point Exceptions have been reported: FE_INVALID
INFO: The following Floating Point Exceptions have been reported: FE_INVALID
INFO: The following Floating Point Exceptions have been reported: FE_INVALID
INFO: The following Floating Point Exceptions have been reported: FE_INVALID
INFO: The following Floating Point Exceptions have been reported: FE_INVALID
INFO: The following Floating Point Exceptions have been reported: FE_INVALID
INFO: The following Floating Point Exceptions have been reported: FE_INVALID
INFO: The following Floating Point Exceptions have been reported: FE_INVALID
INFO: The following Floating Point Exceptions have been reported: FE_INVALID
INFO: The following Floating Point Exceptions have been reported: FE_INVALID
INFO: The following Floating Point Exceptions have been reported: FE_INVALID
INFO: The following Floating Point Exceptions have been reported: FE_INVALID
INFO: The following Floating Point Exceptions have been reported: FE_INVALID
INFO: The following Floating Point Exceptions have been reported: FE_INVALID
INFO: The following Floating Point Exceptions have been reported: FE_INVALID
INFO: The following Floating Point Exceptions have been reported: FE_INVALID
INFO: The following Floating Point Exceptions have been reported: FE_INVALID
INFO: The following Floating Point Exceptions have been reported: FE_INVALID
INFO: The following Floating Point Exceptions have been reported: FE_INVALID
INFO: The following Floating Point Exceptions have been reported: FE_INVALID
INFO: The following Floating Point Exceptions have been reported: FE_INVALID
INFO: The following Floating Point Exceptions have been reported: FE_INVALID
INFO: The following Floating Point Exceptions have been reported: FE_INVALID
INFO: The following Floating Point Exceptions have been reported: FE_INVALID
INFO: The following Floating Point Exceptions have been reported: FE_INVALID
INFO: The following Floating Point Exceptions have been reported: FE_INVALID
INFO: The following Floating Point Exceptions have been reported: FE_INVALID
INFO: The following Floating Point Exceptions have been reported: FE_INVALID
INFO: The following Floating Point Exceptions have been reported: FE_INVALID
INFO: The following Floating Point Exceptions have been reported: FE_INVALID
INFO: The following Floating Point Exceptions have been reported: FE_INVALID
INFO: The following Floating Point Exceptions have been reported: FE_INVALID
INFO: The following Floating Point Exceptions have been reported: FE_INVALID
INFO: The following Floating Point Exceptions have been reported: FE_INVALID
INFO: The following Floating Point Exceptions have been reported: FE_INVALID
INFO: The following Floating Point Exceptions have been reported: FE_INVALID
INFO: The following Floating Point Exceptions have been reported: FE_INVALID
INFO: The following Floating Point Exceptions have been reported: FE_INVALID
INFO: The following Floating Point Exceptions have been reported: FE_INVALID
INFO: The following Floating Point Exceptions have been reported: FE_INVALID
INFO: The following Floating Point Exceptions have been reported: FE_INVALID
INFO: The following Floating Point Exceptions have been reported: FE_INVALID
INFO: The following Floating Point Exceptions have been reported: FE_INVALID
INFO: The following Floating Point Exceptions have been reported: FE_INVALID
INFO: The following Floating Point Exceptions have been reported: FE_INVALID
INFO: The following Floating Point Exceptions have been reported: FE_INVALID
INFO: The following Floating Point Exceptions have been reported: FE_INVALID
INFO: The following Floating Point Exceptions have been reported: FE_INVALID
INFO: The following Floating Point Exceptions have been reported: FE_INVALID
INFO: The following Floating Point Exceptions have been reported: FE_INVALID
INFO: The following Floating Point Exceptions have been reported: FE_INVALID
INFO: The following Floating Point Exceptions have been reported: FE_INVALID
INFO: The following Floating Point Exceptions have been reported: FE_INVALID
INFO: The following Floating Point Exceptions have been reported: FE_INVALID
INFO: The following Floating Point Exceptions have been reported: FE_INVALID
INFO: The following Floating Point Exceptions have been reported: FE_INVALID
INFO: The following Floating Point Exceptions have been reported: FE_INVALID
INFO: The following Floating Point Exceptions have been reported: FE_INVALID
INFO: The following Floating Point Exceptions have been reported: FE_INVALID
INFO: The following Floating Point Exceptions have been reported: FE_INVALID
INFO: The following Floating Point Exceptions have been reported: FE_INVALID
INFO: The following Floating Point Exceptions have been reported: FE_INVALID
INFO: The following Floating Point Exceptions have been reported: FE_INVALID
INFO: The following Floating Point Exceptions have been reported: FE_INVALID
INFO: The following Floating Point Exceptions have been reported: FE_INVALID
INFO: The following Floating Point Exceptions have been reported: FE_INVALID
INFO: The following Floating Point Exceptions have been reported: FE_INVALID
INFO: The following Floating Point Exceptions have been reported: FE_INVALID
INFO: The following Floating Point Exceptions have been reported: FE_INVALID
INFO: The following Floating Point Exceptions have been reported: FE_INVALID
INFO: The following Floating Point Exceptions have been reported: FE_INVALID
INFO: The following Floating Point Exceptions have been reported: FE_INVALID
INFO: The following Floating Point Exceptions have been reported: FE_INVALID
INFO: The following Floating Point Exceptions have been reported: FE_INVALID
INFO: The following Floating Point Exceptions have been reported: FE_INVALID
INFO: The following Floating Point Exceptions have been reported: FE_INVALID
INFO: The following Floating Point Exceptions have been reported: FE_INVALID
INFO: The following Floating Point Exceptions have been reported: FE_INVALID
INFO: The following Floating Point Exceptions have been reported: FE_INVALID
INFO: The following Floating Point Exceptions have been reported: FE_INVALID
INFO: The following Floating Point Exceptions have been reported: FE_INVALID
INFO: The following Floating Point Exceptions have been reported: FE_INVALID
INFO: The following Floating Point Exceptions have been reported: FE_INVALID
INFO: The following Floating Point Exceptions have been reported: FE_INVALID
INFO: The following Floating Point Exceptions have been reported: FE_INVALID
INFO: The following Floating Point Exceptions have been reported: FE_INVALID
INFO: The following Floating Point Exceptions have been reported: FE_INVALID
INFO: The following Floating Point Exceptions have been reported: FE_INVALID
INFO: The following Floating Point Exceptions have been reported: FE_INVALID
INFO: The following Floating Point Exceptions have been reported: FE_INVALID
INFO: The following Floating Point Exceptions have been reported: FE_INVALID
INFO: The following Floating Point Exceptions have been reported: FE_INVALID
INFO: The following Floating Point Exceptions have been reported: FE_INVALID
INFO: The following Floating Point Exceptions have been reported: FE_INVALID
INFO: The following Floating Point Exceptions have been reported: FE_INVALID
INFO: The following Floating Point Exceptions have been reported: FE_INVALID
INFO: The following Floating Point Exceptions have been reported: FE_INVALID
INFO: The following Floating Point Exceptions have been reported: FE_INVALID
INFO: The following Floating Point Exceptions have been reported: FE_INVALID
INFO: The following Floating Point Exceptions have been reported: FE_INVALID
INFO: The following Floating Point Exceptions have been reported: FE_INVALID
INFO: The following Floating Point Exceptions have been reported: FE_INVALID
INFO: The following Floating Point Exceptions have been reported: FE_INVALID
INFO: The following Floating Point Exceptions have been reported: FE_INVALID
INFO: The following Floating Point Exceptions have been reported: FE_INVALID
INFO: The following Floating Point Exceptions have been reported: FE_INVALID
INFO: The following Floating Point Exceptions have been reported: FE_INVALID
INFO: The following Floating Point Exceptions have been reported: FE_INVALID
INFO: The following Floating Point Exceptions have been reported: FE_INVALID
INFO: The following Floating Point Exceptions have been reported: FE_INVALID
INFO: The following Floating Point Exceptions have been reported: FE_INVALID
INFO: The following Floating Point Exceptions have been reported: FE_INVALID
INFO: The following Floating Point Exceptions have been reported: FE_INVALID
INFO: The following Floating Point Exceptions have been reported: FE_INVALID
INFO: The following Floating Point Exceptions have been reported: FE_INVALID
INFO: The following Floating Point Exceptions have been reported: FE_INVALID
INFO: The following Floating Point Exceptions have been reported: FE_INVALID
INFO: The following Floating Point Exceptions have been reported: FE_INVALID
INFO: The following Floating Point Exceptions have been reported: FE_INVALID
INFO: The following Floating Point Exceptions have been reported: FE_INVALID
INFO: The following Floating Point Exceptions have been reported: FE_INVALID
INFO: The following Floating Point Exceptions have been reported: FE_INVALID
INFO: The following Floating Point Exceptions have been reported: FE_INVALID
INFO: The following Floating Point Exceptions have been reported: FE_INVALID
INFO: The following Floating Point Exceptions have been reported: FE_INVALID
INFO: The following Floating Point Exceptions have been reported: FE_INVALID
INFO: The following Floating Point Exceptions have been reported: FE_INVALID
INFO: The following Floating Point Exceptions have been reported: FE_INVALID
INFO: The following Floating Point Exceptions have been reported: FE_INVALID
INFO: The following Floating Point Exceptions have been reported: FE_INVALID
INFO: The following Floating Point Exceptions have been reported: FE_INVALID
INFO: The following Floating Point Exceptions have been reported: FE_INVALID
INFO: The following Floating Point Exceptions have been reported: FE_INVALID
INFO: The following Floating Point Exceptions have been reported: FE_INVALID
INFO: The following Floating Point Exceptions have been reported: FE_INVALID
INFO: The following Floating Point Exceptions have been reported: FE_INVALID
INFO: The following Floating Point Exceptions have been reported: FE_INVALID
INFO: The following Floating Point Exceptions have been reported: FE_INVALID
INFO: The following Floating Point Exceptions have been reported: FE_INVALID
INFO: The following Floating Point Exceptions have been reported: FE_INVALID
INFO: The following Floating Point Exceptions have been reported: FE_INVALID
INFO: The following Floating Point Exceptions have been reported: FE_INVALID
INFO: The following Floating Point Exceptions have been reported: FE_INVALID
INFO: The following Floating Point Exceptions have been reported: FE_INVALID
INFO: The following Floating Point Exceptions have been reported: FE_INVALID
INFO: The following Floating Point Exceptions have been reported: FE_INVALID
INFO: The following Floating Point Exceptions have been reported: FE_INVALID
INFO: The following Floating Point Exceptions have been reported: FE_INVALID
INFO: The following Floating Point Exceptions have been reported: FE_INVALID
INFO: The following Floating Point Exceptions have been reported: FE_INVALID
INFO: The following Floating Point Exceptions have been reported: FE_INVALID
INFO: The following Floating Point Exceptions have been reported: FE_INVALID
INFO: The following Floating Point Exceptions have been reported: FE_INVALID
INFO: The following Floating Point Exceptions have been reported: FE_INVALID
INFO: The following Floating Point Exceptions have been reported: FE_INVALID
INFO: The following Floating Point Exceptions have been reported: FE_INVALID
INFO: The following Floating Point Exceptions have been reported: FE_INVALID
INFO: The following Floating Point Exceptions have been reported: FE_INVALID
INFO: The following Floating Point Exceptions have been reported: FE_INVALID
INFO: The following Floating Point Exceptions have been reported: FE_INVALID
INFO: The following Floating Point Exceptions have been reported: FE_INVALID
INFO: The following Floating Point Exceptions have been reported: FE_INVALID
INFO: The following Floating Point Exceptions have been reported: FE_INVALID
INFO: The following Floating Point Exceptions have been reported: FE_INVALID
INFO: The following Floating Point Exceptions have been reported: FE_INVALID
INFO: The following Floating Point Exceptions have been reported: FE_INVALID
INFO: The following Floating Point Exceptions have been reported: FE_INVALID
INFO: The following Floating Point Exceptions have been reported: FE_INVALID
INFO: The following Floating Point Exceptions have been reported: FE_INVALID
INFO: The following Floating Point Exceptions have been reported: FE_INVALID
INFO: The following Floating Point Exceptions have been reported: FE_INVALID
INFO: The following Floating Point Exceptions have been reported: FE_INVALID
INFO: The following Floating Point Exceptions have been reported: FE_INVALID
INFO: The following Floating Point Exceptions have been reported: FE_INVALID
INFO: The following Floating Point Exceptions have been reported: FE_INVALID
INFO: The following Floating Point Exceptions have been reported: FE_INVALID
INFO: The following Floating Point Exceptions have been reported: FE_INVALID
INFO: The following Floating Point Exceptions have been reported: FE_INVALID
INFO: The following Floating Point Exceptions have been reported: FE_INVALID
INFO: The following Floating Point Exceptions have been reported: FE_INVALID
INFO: The following Floating Point Exceptions have been reported: FE_INVALID
INFO: The following Floating Point Exceptions have been reported: FE_INVALID
INFO: The following Floating Point Exceptions have been reported: FE_INVALID
INFO: The following Floating Point Exceptions have been reported: FE_INVALID
INFO: The following Floating Point Exceptions have been reported: FE_INVALID
INFO: The following Floating Point Exceptions have been reported: FE_INVALID
INFO: The following Floating Point Exceptions have been reported: FE_INVALID
INFO: The following Floating Point Exceptions have been reported: FE_INVALID
INFO: The following Floating Point Exceptions have been reported: FE_INVALID
INFO: The following Floating Point Exceptions have been reported: FE_INVALID
INFO: The following Floating Point Exceptions have been reported: FE_INVALID
INFO: The following Floating Point Exceptions have been reported: FE_INVALID
INFO: The following Floating Point Exceptions have been reported: FE_INVALID
INFO: The following Floating Point Exceptions have been reported: FE_INVALID
INFO: The following Floating Point Exceptions have been reported: FE_INVALID
INFO: The following Floating Point Exceptions have been reported: FE_INVALID
INFO: The following Floating Point Exceptions have been reported: FE_INVALID
INFO: The following Floating Point Exceptions have been reported: FE_INVALID
INFO: The following Floating Point Exceptions have been reported: FE_INVALID
INFO: The following Floating Point Exceptions have been reported: FE_INVALID
INFO: The following Floating Point Exceptions have been reported: FE_INVALID
INFO: The following Floating Point Exceptions have been reported: FE_INVALID
INFO: The following Floating Point Exceptions have been reported: FE_INVALID
INFO: The following Floating Point Exceptions have been reported: FE_INVALID
INFO: The following Floating Point Exceptions have been reported: FE_INVALID
INFO: The following Floating Point Exceptions have been reported: FE_INVALID
INFO: The following Floating Point Exceptions have been reported: FE_INVALID
INFO: The following Floating Point Exceptions have been reported: FE_INVALID
INFO: The following Floating Point Exceptions have been reported: FE_INVALID
INFO: The following Floating Point Exceptions have been reported: FE_INVALID
INFO: The following Floating Point Exceptions have been reported: FE_INVALID
INFO: The following Floating Point Exceptions have been reported: FE_INVALID
INFO: The following Floating Point Exceptions have been reported: FE_INVALID
INFO: The following Floating Point Exceptions have been reported: FE_INVALID
INFO: The following Floating Point Exceptions have been reported: FE_INVALID
INFO: The following Floating Point Exceptions have been reported: FE_INVALID
INFO: The following Floating Point Exceptions have been reported: FE_INVALID
INFO: The following Floating Point Exceptions have been reported: FE_INVALID
INFO: The following Floating Point Exceptions have been reported: FE_INVALID
INFO: The following Floating Point Exceptions have been reported: FE_INVALID
INFO: The following Floating Point Exceptions have been reported: FE_INVALID
INFO: The following Floating Point Exceptions have been reported: FE_INVALID
INFO: The following Floating Point Exceptions have been reported: FE_INVALID
INFO: The following Floating Point Exceptions have been reported: FE_INVALID
INFO: The following Floating Point Exceptions have been reported: FE_INVALID
INFO: The following Floating Point Exceptions have been reported: FE_INVALID
INFO: The following Floating Point Exceptions have been reported: FE_INVALID
INFO: The following Floating Point Exceptions have been reported: FE_INVALID
INFO: The following Floating Point Exceptions have been reported: FE_INVALID
INFO: The following Floating Point Exceptions have been reported: FE_INVALID
INFO: The following Floating Point Exceptions have been reported: FE_INVALID
INFO: The following Floating Point Exceptions have been reported: FE_INVALID
INFO: The following Floating Point Exceptions have been reported: FE_INVALID
INFO: The following Floating Point Exceptions have been reported: FE_INVALID
combine_events
store_events
  === Results Summary for run: GridRun_10 tag: tag_1 ===

     Cross-section :   0 +- 0 pb
     Nb of events :  100000
 
decay_events -from_cards
DONE
write ./events.lhe.gz
run 1 finished, total number of produced events: 100000/100000

-rw-r--r--. 1 choij zh 21054828 Oct  2 11:53 events_1.lhe.gz
run finished, produced number of events:
100000
/srv/work/process/madevent /srv/work
************************************************************
*                                                          *
*                      W E L C O M E to                    *
*             M A D G R A P H 5 _ a M C @ N L O            *
*                      M A D E V E N T                     *
*                                                          *
*                 *                       *                *
*                   *        * *        *                  *
*                     * * * * 5 * * * *                    *
*                   *        * *        *                  *
*                 *                       *                *
*                                                          *
*         VERSION 3.5.3_lo_vect                            *
*                                                          *
*    The MadGraph5_aMC@NLO Development Team - Find us at   *
*    https://server06.fynu.ucl.ac.be/projects/madgraph     *
*                                                          *
*               Type 'help' for in-line help.              *
*                                                          *
************************************************************
INFO: load configuration from /srv/work/process/madevent/Cards/me5_configuration.txt  
INFO: load configuration from /srv/work/mgbasedir/input/mg5_configuration.txt  
INFO: load configuration from /srv/work/process/madevent/Cards/me5_configuration.txt  
Using default text editor "vi". Set another one in ./input/mg5_configuration.txt
No valid eps viewer found. Please set in ./input/mg5_configuration.txt
No valid web browser found. Please set in ./input/mg5_configuration.txt
madevent>INFO: Running Systematics computation 
INFO: # Events generated with PDF: NNPDF31_nnlo_as_0118_nf_4_mc_hessian (325500) 
INFO: # Will Compute 603 weights per event. 
INFO: # Currently at event 0 [elapsed time: 0.029 s] 
INFO: # Currently at event 2500 [elapsed time: 16 s] 
INFO: # Currently at event 5000 [elapsed time: 32 s] 
INFO: # Currently at event 7500 [elapsed time: 47 s] 
INFO: # Currently at event 10000 [elapsed time: 63 s] 
INFO: # Currently at event 12500 [elapsed time: 79 s] 
INFO: # Currently at event 15000 [elapsed time: 94 s] 
INFO: # Currently at event 17500 [elapsed time: 1.1e+02 s] 
INFO: # Currently at event 20000 [elapsed time: 1.3e+02 s] 
INFO: # Currently at event 22500 [elapsed time: 1.4e+02 s] 
INFO: # Currently at event 25000 [elapsed time: 1.6e+02 s] 
INFO: # Currently at event 27500 [elapsed time: 1.7e+02 s] 
INFO: # Currently at event 30000 [elapsed time: 1.9e+02 s] 
INFO: # Currently at event 32500 [elapsed time: 2e+02 s] 
INFO: # Currently at event 35000 [elapsed time: 2.2e+02 s] 
INFO: # Currently at event 37500 [elapsed time: 2.3e+02 s] 
INFO: # Currently at event 40000 [elapsed time: 2.5e+02 s] 
INFO: # Currently at event 42500 [elapsed time: 2.7e+02 s] 
INFO: # Currently at event 45000 [elapsed time: 2.8e+02 s] 
INFO: # Currently at event 47500 [elapsed time: 3e+02 s] 
INFO: # Currently at event 50000 [elapsed time: 3.1e+02 s] 
INFO: # Currently at event 52500 [elapsed time: 3.3e+02 s] 
INFO: # Currently at event 55000 [elapsed time: 3.4e+02 s] 
INFO: # Currently at event 57500 [elapsed time: 3.6e+02 s] 
INFO: # Currently at event 60000 [elapsed time: 3.7e+02 s] 
INFO: # Currently at event 62500 [elapsed time: 3.9e+02 s] 
INFO: # Currently at event 65000 [elapsed time: 4.1e+02 s] 
INFO: # Currently at event 67500 [elapsed time: 4.2e+02 s] 
INFO: # Currently at event 70000 [elapsed time: 4.4e+02 s] 
INFO: # Currently at event 72500 [elapsed time: 4.5e+02 s] 
INFO: # Currently at event 75000 [elapsed time: 4.7e+02 s] 
INFO: # Currently at event 77500 [elapsed time: 4.8e+02 s] 
INFO: # Currently at event 80000 [elapsed time: 5e+02 s] 
INFO: # Currently at event 82500 [elapsed time: 5.1e+02 s] 
INFO: # Currently at event 85000 [elapsed time: 5.3e+02 s] 
INFO: # Currently at event 87500 [elapsed time: 5.5e+02 s] 
INFO: # Currently at event 90000 [elapsed time: 5.6e+02 s] 
INFO: # Currently at event 92500 [elapsed time: 5.8e+02 s] 
INFO: # Currently at event 95000 [elapsed time: 5.9e+02 s] 
INFO: # Currently at event 97500 [elapsed time: 6.1e+02 s] 
INFO: #***************************************************************************
#
# original cross-section: 2305.1503999994425
#     scale variation: +25% -14.9%
#     emission scale variation: +25% -14.9%
#     central scheme variation: + 0% -7.12%
# PDF variation: +1.29% -1.29%
#
#PDF NNPDF31_nnlo_as_0118_nf_4: 2299.26 +1.27% -1.27%
#PDF NNPDF30_nnlo_nf_4_pdfas: 2251.61 +2.11% -2.11%
#PDF NNPDF40_nnlo_nf_4_pdfas: 2282.57 +1.32% -1.32%
#PDF MSHT20nnlo_nf4: 2254.18 +1.4% -1.4%
#PDF PDF4LHC21_40_pdfas_nf4: 2279.78 +2.53% -2.53%
#PDF ABMP16_4_nnlo: 2240.4 +1.25% -1.25%
# dynamical scheme # 1 : 2250.57 +7.13% -7.79% # \sum ET
# dynamical scheme # 2 : 2250.57 +7.13% -7.79% # \sum\sqrt{m^2+pt^2}
# dynamical scheme # 3 : 2140.93 +8.94% -9.71% # 0.5 \sum\sqrt{m^2+pt^2}
# dynamical scheme # 4 : 2275.77 +6.32% -6.94% # \sqrt{\hat s}
# PDF 42930 : 2400.9436934061846
#***************************************************************************
 
INFO: End of systematics computation 
madevent>INFO:  
launch in debug mode
/srv/work

Run xml check
Number of weights that are NaN:
0
All checks passed 

total 2487664
drwxr-xr-x. 17 choij zh       4096 Oct  2 11:03 CMSSW_14_0_9
-rw-r--r--.  1 choij zh  106244192 Oct  2 11:02 DY01234j_LO_5f_Simplified_CUDA_el8_amd64_gcc12_CMSSW_14_0_9_tarball.tar.xz
drwxr-xr-x.  2 choij zh       4096 Sep 18 10:30 InputCards
-rw-r--r--.  1 choij zh 2437902472 Oct  2 12:03 cmsgrid_final.lhe
-rw-r--r--.  1 choij zh    2055223 Oct  2 12:03 evtgen.log
-rw-r--r--.  1 choij zh     688931 Sep 18 10:30 gridpack_generation.log
-rwxr-xr-x.  1 choij zh      11617 Sep 18 10:30 merge.pl
drwxr-xr-x. 14 choij zh       4096 Sep 18 10:30 mgbasedir
drwxr-xr-x.  3 choij zh         48 Oct  2 11:53 process
-rwxr-xr-x.  1 choij zh       7795 Oct  2 11:03 runcmsgrid.sh
