000 (7186266.005.000) 08/22 15:33:05 Job submitted from host: <137.138.44.55:9618?addrs=137.138.44.55-9618+[2001-1458-d00-1a--48]-9618&alias=bigbird17.cern.ch&noUDP&sock=schedd_23962_8474>
...
040 (7186266.005.000) 08/22 15:38:04 Started transferring input files
	Transferring to host: <128.142.248.81:9618?addrs=128.142.248.81-9618+[2001-1458-301-73--100-141]-9618&alias=b9g23p3234.cern.ch&noUDP&sock=slot1_15_3493222_a91c_5085>
...
040 (7186266.005.000) 08/22 15:38:05 Finished transferring input files
...
001 (7186266.005.000) 08/22 15:38:06 Job executing on host: <128.142.248.81:9618?addrs=128.142.248.81-9618+[2001-1458-301-73--100-141]-9618&alias=b9g23p3234.cern.ch&noUDP&sock=startd_5923_4389>
	SlotName: slot1_15@b9g23p3234.cern.ch
	CondorScratchDir = "/pool/condor/dir_1842581"
	Cpus = 1
	Disk = 3048761
	Memory = 2000
...
006 (7186266.005.000) 08/22 15:38:16 Image size of job updated: 350624
	341  -  MemoryUsage of job (MB)
	349100  -  ResidentSetSize of job (KB)
...
006 (7186266.005.000) 08/22 15:43:17 Image size of job updated: 4578668
	4472  -  MemoryUsage of job (MB)
	4578668  -  ResidentSetSize of job (KB)
...
006 (7186266.005.000) 08/22 15:47:17 Image size of job updated: 4597096
	4472  -  MemoryUsage of job (MB)
	4578668  -  ResidentSetSize of job (KB)
...
040 (7186266.005.000) 08/22 15:47:18 Started transferring output files
...
040 (7186266.005.000) 08/22 15:47:18 Finished transferring output files
...
005 (7186266.005.000) 08/22 15:47:18 Job terminated.
	(1) Normal termination (return value 50)
		Usr 0 00:07:28, Sys 0 00:00:16  -  Run Remote Usage
		Usr 0 00:00:00, Sys 0 00:00:00  -  Run Local Usage
		Usr 0 00:07:28, Sys 0 00:00:16  -  Total Remote Usage
		Usr 0 00:00:00, Sys 0 00:00:00  -  Total Local Usage
	15847  -  Run Bytes Sent By Job
	2782  -  Run Bytes Received By Job
	15847  -  Total Bytes Sent By Job
	2782  -  Total Bytes Received By Job
	Partitionable Resources :    Usage  Request Allocated 
	   Cpus                 :                 1         1 
	   Disk (KB)            :   466759        3   3048761 
	   Memory (MB)          :     4472     2000      2000 

	Job terminated of its own accord at 2024-08-22T13:47:17Z with exit-code 50.
...
