000 (7186266.002.000) 08/22 15:33:05 Job submitted from host: <137.138.44.55:9618?addrs=137.138.44.55-9618+[2001-1458-d00-1a--48]-9618&alias=bigbird17.cern.ch&noUDP&sock=schedd_23962_8474>
...
040 (7186266.002.000) 08/22 15:34:51 Started transferring input files
	Transferring to host: <128.142.248.94:9618?addrs=128.142.248.94-9618+[2001-1458-301-73--100-14e]-9618&alias=b9g23p2790.cern.ch&noUDP&sock=slot1_49_5757_13c3_4802>
...
040 (7186266.002.000) 08/22 15:34:51 Finished transferring input files
...
001 (7186266.002.000) 08/22 15:34:52 Job executing on host: <128.142.248.94:9618?addrs=128.142.248.94-9618+[2001-1458-301-73--100-14e]-9618&alias=b9g23p2790.cern.ch&noUDP&sock=startd_4576_5577>
	SlotName: slot1_49@b9g23p2790.cern.ch
	CondorScratchDir = "/pool/condor/dir_2147059"
	Cpus = 1
	Disk = 2974916
	Memory = 2000
...
006 (7186266.002.000) 08/22 15:35:02 Image size of job updated: 352116
	344  -  MemoryUsage of job (MB)
	352056  -  ResidentSetSize of job (KB)
...
006 (7186266.002.000) 08/22 15:40:03 Image size of job updated: 3482876
	3402  -  MemoryUsage of job (MB)
	3482876  -  ResidentSetSize of job (KB)
...
006 (7186266.002.000) 08/22 15:44:04 Image size of job updated: 3680636
	3402  -  MemoryUsage of job (MB)
	3483132  -  ResidentSetSize of job (KB)
...
040 (7186266.002.000) 08/22 15:44:05 Started transferring output files
...
040 (7186266.002.000) 08/22 15:44:05 Finished transferring output files
...
005 (7186266.002.000) 08/22 15:44:05 Job terminated.
	(1) Normal termination (return value 50)
		Usr 0 00:07:29, Sys 0 00:00:16  -  Run Remote Usage
		Usr 0 00:00:00, Sys 0 00:00:00  -  Run Local Usage
		Usr 0 00:07:29, Sys 0 00:00:16  -  Total Remote Usage
		Usr 0 00:00:00, Sys 0 00:00:00  -  Total Local Usage
	15846  -  Run Bytes Sent By Job
	2782  -  Run Bytes Received By Job
	15846  -  Total Bytes Sent By Job
	2782  -  Total Bytes Received By Job
	Partitionable Resources :     Usage  Request Allocated 
	   Cpus                 :      0.98        1         1 
	   Disk (KB)            : 466767           3   2974916 
	   Memory (MB)          :   3402        2000      2000 

	Job terminated of its own accord at 2024-08-22T13:44:04Z with exit-code 50.
...
