000 (7186305.002.000) 08/22 15:33:38 Job submitted from host: <137.138.44.55:9618?addrs=137.138.44.55-9618+[2001-1458-d00-1a--48]-9618&alias=bigbird17.cern.ch&noUDP&sock=schedd_23962_8474>
...
040 (7186305.002.000) 08/23 20:23:22 Started transferring input files
	Transferring to host: <128.142.248.197:9618?addrs=128.142.248.197-9618+[2001-1458-301-73--100-c4]-9618&alias=b9g23p2961.cern.ch&noUDP&sock=slot1_36_7499_794a_1103>
...
040 (7186305.002.000) 08/23 20:23:23 Finished transferring input files
...
001 (7186305.002.000) 08/23 20:23:23 Job executing on host: <128.142.248.197:9618?addrs=128.142.248.197-9618+[2001-1458-301-73--100-c4]-9618&alias=b9g23p2961.cern.ch&noUDP&sock=startd_5911_0866>
	SlotName: slot1_36@b9g23p2961.cern.ch
	CondorScratchDir = "/pool/condor/dir_1219526"
	Cpus = 1
	Disk = 3080235
	Memory = 2000
...
006 (7186305.002.000) 08/23 20:23:33 Image size of job updated: 581232
	343  -  MemoryUsage of job (MB)
	350228  -  ResidentSetSize of job (KB)
...
006 (7186305.002.000) 08/23 20:28:33 Image size of job updated: 581232
	493  -  MemoryUsage of job (MB)
	503872  -  ResidentSetSize of job (KB)
...
006 (7186305.002.000) 08/23 20:33:33 Image size of job updated: 588756
	516  -  MemoryUsage of job (MB)
	528012  -  ResidentSetSize of job (KB)
...
006 (7186305.002.000) 08/23 20:38:34 Image size of job updated: 632888
	610  -  MemoryUsage of job (MB)
	624260  -  ResidentSetSize of job (KB)
...
006 (7186305.002.000) 08/23 20:43:34 Image size of job updated: 672220
	640  -  MemoryUsage of job (MB)
	654644  -  ResidentSetSize of job (KB)
...
006 (7186305.002.000) 08/23 20:48:34 Image size of job updated: 694112
	665  -  MemoryUsage of job (MB)
	680736  -  ResidentSetSize of job (KB)
...
006 (7186305.002.000) 08/23 20:53:35 Image size of job updated: 712528
	692  -  MemoryUsage of job (MB)
	708512  -  ResidentSetSize of job (KB)
...
006 (7186305.002.000) 08/23 20:58:35 Image size of job updated: 719176
	692  -  MemoryUsage of job (MB)
	708512  -  ResidentSetSize of job (KB)
...
006 (7186305.002.000) 08/23 21:03:37 Image size of job updated: 765744
	695  -  MemoryUsage of job (MB)
	711032  -  ResidentSetSize of job (KB)
...
006 (7186305.002.000) 08/23 21:08:37 Image size of job updated: 765744
	710  -  MemoryUsage of job (MB)
	726412  -  ResidentSetSize of job (KB)
...
006 (7186305.002.000) 08/23 21:13:37 Image size of job updated: 765744
	733  -  MemoryUsage of job (MB)
	750292  -  ResidentSetSize of job (KB)
...
006 (7186305.002.000) 08/23 21:23:38 Image size of job updated: 769308
	752  -  MemoryUsage of job (MB)
	769208  -  ResidentSetSize of job (KB)
...
006 (7186305.002.000) 08/23 21:28:38 Image size of job updated: 820256
	794  -  MemoryUsage of job (MB)
	812812  -  ResidentSetSize of job (KB)
...
006 (7186305.002.000) 08/23 21:33:39 Image size of job updated: 848748
	829  -  MemoryUsage of job (MB)
	848744  -  ResidentSetSize of job (KB)
...
006 (7186305.002.000) 08/23 21:38:39 Image size of job updated: 910188
	858  -  MemoryUsage of job (MB)
	878068  -  ResidentSetSize of job (KB)
...
006 (7186305.002.000) 08/23 21:43:40 Image size of job updated: 964912
	941  -  MemoryUsage of job (MB)
	963280  -  ResidentSetSize of job (KB)
...
006 (7186305.002.000) 08/23 21:48:41 Image size of job updated: 3658836
	3574  -  MemoryUsage of job (MB)
	3658804  -  ResidentSetSize of job (KB)
...
006 (7186305.002.000) 08/23 21:53:41 Image size of job updated: 3839312
	3750  -  MemoryUsage of job (MB)
	3839312  -  ResidentSetSize of job (KB)
...
006 (7186305.002.000) 08/23 21:58:43 Image size of job updated: 4019372
	3926  -  MemoryUsage of job (MB)
	4019372  -  ResidentSetSize of job (KB)
...
006 (7186305.002.000) 08/23 22:03:43 Image size of job updated: 4192280
	4095  -  MemoryUsage of job (MB)
	4192280  -  ResidentSetSize of job (KB)
...
006 (7186305.002.000) 08/23 22:08:43 Image size of job updated: 4371908
	4270  -  MemoryUsage of job (MB)
	4371908  -  ResidentSetSize of job (KB)
...
006 (7186305.002.000) 08/23 22:13:44 Image size of job updated: 4576400
	4470  -  MemoryUsage of job (MB)
	4576400  -  ResidentSetSize of job (KB)
...
006 (7186305.002.000) 08/23 22:18:44 Image size of job updated: 4755360
	4644  -  MemoryUsage of job (MB)
	4755360  -  ResidentSetSize of job (KB)
...
006 (7186305.002.000) 08/23 22:23:44 Image size of job updated: 4940200
	4825  -  MemoryUsage of job (MB)
	4940200  -  ResidentSetSize of job (KB)
...
006 (7186305.002.000) 08/23 22:28:45 Image size of job updated: 5142396
	5022  -  MemoryUsage of job (MB)
	5142396  -  ResidentSetSize of job (KB)
...
006 (7186305.002.000) 08/23 22:33:45 Image size of job updated: 5320304
	5195  -  MemoryUsage of job (MB)
	5318768  -  ResidentSetSize of job (KB)
...
006 (7186305.002.000) 08/23 22:38:46 Image size of job updated: 5498964
	5371  -  MemoryUsage of job (MB)
	5498964  -  ResidentSetSize of job (KB)
...
006 (7186305.002.000) 08/23 22:43:47 Image size of job updated: 5673044
	5541  -  MemoryUsage of job (MB)
	5673044  -  ResidentSetSize of job (KB)
...
006 (7186305.002.000) 08/23 22:48:47 Image size of job updated: 5826536
	5690  -  MemoryUsage of job (MB)
	5826536  -  ResidentSetSize of job (KB)
...
006 (7186305.002.000) 08/23 22:53:49 Image size of job updated: 5989216
	5849  -  MemoryUsage of job (MB)
	5989216  -  ResidentSetSize of job (KB)
...
006 (7186305.002.000) 08/23 22:58:49 Image size of job updated: 6139680
	5996  -  MemoryUsage of job (MB)
	6139680  -  ResidentSetSize of job (KB)
...
006 (7186305.002.000) 08/23 23:03:49 Image size of job updated: 6290684
	6144  -  MemoryUsage of job (MB)
	6290684  -  ResidentSetSize of job (KB)
...
006 (7186305.002.000) 08/23 23:08:50 Image size of job updated: 6442316
	6292  -  MemoryUsage of job (MB)
	6442316  -  ResidentSetSize of job (KB)
...
006 (7186305.002.000) 08/23 23:13:50 Image size of job updated: 6510000
	6300  -  MemoryUsage of job (MB)
	6450320  -  ResidentSetSize of job (KB)
...
040 (7186305.002.000) 08/23 23:31:44 Started transferring output files
...
040 (7186305.002.000) 08/23 23:31:44 Finished transferring output files
...
005 (7186305.002.000) 08/23 23:31:44 Job terminated.
	(1) Normal termination (return value 50)
		Usr 0 03:06:18, Sys 0 00:00:58  -  Run Remote Usage
		Usr 0 00:00:00, Sys 0 00:00:00  -  Run Local Usage
		Usr 0 03:06:18, Sys 0 00:00:58  -  Total Remote Usage
		Usr 0 00:00:00, Sys 0 00:00:00  -  Total Local Usage
	18193  -  Run Bytes Sent By Job
	2785  -  Run Bytes Received By Job
	18193  -  Total Bytes Sent By Job
	2785  -  Total Bytes Received By Job
	Partitionable Resources :      Usage  Request Allocated 
	   Cpus                 :       1.00        1         1 
	   Disk (KB)            : 3882561           3   3080235 
	   Memory (MB)          :    6300        2000      2000 

	Job terminated of its own accord at 2024-08-23T21:31:44Z with exit-code 50.
...
