000 (7186305.003.000) 08/22 15:33:38 Job submitted from host: <137.138.44.55:9618?addrs=137.138.44.55-9618+[2001-1458-d00-1a--48]-9618&alias=bigbird17.cern.ch&noUDP&sock=schedd_23962_8474>
...
040 (7186305.003.000) 08/23 20:23:44 Started transferring input files
	Transferring to host: <128.142.248.197:9618?addrs=128.142.248.197-9618+[2001-1458-301-73--100-c4]-9618&alias=b9g23p2961.cern.ch&noUDP&sock=slot1_21_7499_794a_1104>
...
040 (7186305.003.000) 08/23 20:23:45 Finished transferring input files
...
001 (7186305.003.000) 08/23 20:23:45 Job executing on host: <128.142.248.197:9618?addrs=128.142.248.197-9618+[2001-1458-301-73--100-c4]-9618&alias=b9g23p2961.cern.ch&noUDP&sock=startd_5911_0866>
	SlotName: slot1_21@b9g23p2961.cern.ch
	CondorScratchDir = "/pool/condor/dir_1221687"
	Cpus = 1
	Disk = 3080938
	Memory = 2000
...
006 (7186305.003.000) 08/23 20:23:54 Image size of job updated: 579976
	320  -  MemoryUsage of job (MB)
	327180  -  ResidentSetSize of job (KB)
...
006 (7186305.003.000) 08/23 20:28:54 Image size of job updated: 579976
	511  -  MemoryUsage of job (MB)
	523244  -  ResidentSetSize of job (KB)
...
006 (7186305.003.000) 08/23 20:33:54 Image size of job updated: 588352
	540  -  MemoryUsage of job (MB)
	552672  -  ResidentSetSize of job (KB)
...
006 (7186305.003.000) 08/23 20:38:55 Image size of job updated: 641420
	615  -  MemoryUsage of job (MB)
	629448  -  ResidentSetSize of job (KB)
...
006 (7186305.003.000) 08/23 20:43:55 Image size of job updated: 672292
	653  -  MemoryUsage of job (MB)
	668212  -  ResidentSetSize of job (KB)
...
006 (7186305.003.000) 08/23 20:48:57 Image size of job updated: 694324
	663  -  MemoryUsage of job (MB)
	678828  -  ResidentSetSize of job (KB)
...
006 (7186305.003.000) 08/23 20:53:57 Image size of job updated: 711372
	677  -  MemoryUsage of job (MB)
	693080  -  ResidentSetSize of job (KB)
...
006 (7186305.003.000) 08/23 20:58:57 Image size of job updated: 718988
	682  -  MemoryUsage of job (MB)
	697448  -  ResidentSetSize of job (KB)
...
006 (7186305.003.000) 08/23 21:03:58 Image size of job updated: 740676
	724  -  MemoryUsage of job (MB)
	740676  -  ResidentSetSize of job (KB)
...
006 (7186305.003.000) 08/23 21:08:58 Image size of job updated: 764852
	724  -  MemoryUsage of job (MB)
	740676  -  ResidentSetSize of job (KB)
...
006 (7186305.003.000) 08/23 21:13:58 Image size of job updated: 764852
	736  -  MemoryUsage of job (MB)
	753020  -  ResidentSetSize of job (KB)
...
006 (7186305.003.000) 08/23 21:23:59 Image size of job updated: 764852
	744  -  MemoryUsage of job (MB)
	761840  -  ResidentSetSize of job (KB)
...
006 (7186305.003.000) 08/23 21:29:00 Image size of job updated: 820068
	780  -  MemoryUsage of job (MB)
	797796  -  ResidentSetSize of job (KB)
...
006 (7186305.003.000) 08/23 21:34:01 Image size of job updated: 840984
	822  -  MemoryUsage of job (MB)
	840752  -  ResidentSetSize of job (KB)
...
006 (7186305.003.000) 08/23 21:39:01 Image size of job updated: 909540
	835  -  MemoryUsage of job (MB)
	854560  -  ResidentSetSize of job (KB)
...
006 (7186305.003.000) 08/23 21:44:02 Image size of job updated: 964456
	921  -  MemoryUsage of job (MB)
	942416  -  ResidentSetSize of job (KB)
...
006 (7186305.003.000) 08/23 21:49:02 Image size of job updated: 3640000
	3555  -  MemoryUsage of job (MB)
	3640000  -  ResidentSetSize of job (KB)
...
006 (7186305.003.000) 08/23 21:54:02 Image size of job updated: 3804392
	3716  -  MemoryUsage of job (MB)
	3804392  -  ResidentSetSize of job (KB)
...
006 (7186305.003.000) 08/23 21:59:03 Image size of job updated: 3954652
	3862  -  MemoryUsage of job (MB)
	3954652  -  ResidentSetSize of job (KB)
...
006 (7186305.003.000) 08/23 22:04:03 Image size of job updated: 4118776
	4023  -  MemoryUsage of job (MB)
	4118776  -  ResidentSetSize of job (KB)
...
006 (7186305.003.000) 08/23 22:09:03 Image size of job updated: 4304820
	4204  -  MemoryUsage of job (MB)
	4304820  -  ResidentSetSize of job (KB)
...
006 (7186305.003.000) 08/23 22:14:04 Image size of job updated: 4488260
	4384  -  MemoryUsage of job (MB)
	4488260  -  ResidentSetSize of job (KB)
...
006 (7186305.003.000) 08/23 22:19:04 Image size of job updated: 4661776
	4553  -  MemoryUsage of job (MB)
	4661776  -  ResidentSetSize of job (KB)
...
006 (7186305.003.000) 08/23 22:24:04 Image size of job updated: 4828544
	4716  -  MemoryUsage of job (MB)
	4828544  -  ResidentSetSize of job (KB)
...
006 (7186305.003.000) 08/23 22:29:05 Image size of job updated: 5004532
	4888  -  MemoryUsage of job (MB)
	5004532  -  ResidentSetSize of job (KB)
...
006 (7186305.003.000) 08/23 22:34:05 Image size of job updated: 5187336
	5066  -  MemoryUsage of job (MB)
	5187336  -  ResidentSetSize of job (KB)
...
006 (7186305.003.000) 08/23 22:39:05 Image size of job updated: 5373612
	5248  -  MemoryUsage of job (MB)
	5373612  -  ResidentSetSize of job (KB)
...
006 (7186305.003.000) 08/23 22:44:06 Image size of job updated: 5578820
	5449  -  MemoryUsage of job (MB)
	5578820  -  ResidentSetSize of job (KB)
...
006 (7186305.003.000) 08/23 22:49:06 Image size of job updated: 5768392
	5634  -  MemoryUsage of job (MB)
	5768392  -  ResidentSetSize of job (KB)
...
006 (7186305.003.000) 08/23 22:54:07 Image size of job updated: 5935688
	5797  -  MemoryUsage of job (MB)
	5935688  -  ResidentSetSize of job (KB)
...
006 (7186305.003.000) 08/23 22:59:08 Image size of job updated: 6090248
	5948  -  MemoryUsage of job (MB)
	6090248  -  ResidentSetSize of job (KB)
...
006 (7186305.003.000) 08/23 23:04:08 Image size of job updated: 6244772
	6099  -  MemoryUsage of job (MB)
	6244772  -  ResidentSetSize of job (KB)
...
006 (7186305.003.000) 08/23 23:09:09 Image size of job updated: 6300548
	6099  -  MemoryUsage of job (MB)
	6244772  -  ResidentSetSize of job (KB)
...
040 (7186305.003.000) 08/23 23:34:12 Started transferring output files
...
040 (7186305.003.000) 08/23 23:34:12 Finished transferring output files
...
005 (7186305.003.000) 08/23 23:34:12 Job terminated.
	(1) Normal termination (return value 50)
		Usr 0 03:08:17, Sys 0 00:01:00  -  Run Remote Usage
		Usr 0 00:00:00, Sys 0 00:00:00  -  Run Local Usage
		Usr 0 03:08:17, Sys 0 00:01:00  -  Total Remote Usage
		Usr 0 00:00:00, Sys 0 00:00:00  -  Total Local Usage
	18193  -  Run Bytes Sent By Job
	2785  -  Run Bytes Received By Job
	18193  -  Total Bytes Sent By Job
	2785  -  Total Bytes Received By Job
	Partitionable Resources :      Usage  Request Allocated 
	   Cpus                 :       1.00        1         1 
	   Disk (KB)            : 3818220           3   3080938 
	   Memory (MB)          :    6099        2000      2000 

	Job terminated of its own accord at 2024-08-23T21:34:12Z with exit-code 50.
...
