000 (7227828.002.000) 10/02 08:39:25 Job submitted from host: <137.138.44.55:9618?addrs=137.138.44.55-9618+[2001-1458-d00-1a--48]-9618&alias=bigbird17.cern.ch&noUDP&sock=schedd_1981_6134>
...
040 (7227828.002.000) 10/03 14:44:45 Started transferring input files
	Transferring to host: <128.142.248.123:9618?addrs=128.142.248.123-9618+[2001-1458-301-73--100-16b]-9618&alias=b9g23p2657.cern.ch&noUDP&sock=slot1_4_443391_d207_37366>
...
040 (7227828.002.000) 10/03 14:44:45 Finished transferring input files
...
001 (7227828.002.000) 10/03 14:44:46 Job executing on host: <128.142.248.123:9618?addrs=128.142.248.123-9618+[2001-1458-301-73--100-16b]-9618&alias=b9g23p2657.cern.ch&noUDP&sock=startd_7091_6a27>
	SlotName: slot1_4@b9g23p2657.cern.ch
	CondorScratchDir = "/pool/condor/dir_3497336"
	Cpus = 1
	Disk = 3010645
	Memory = 2000
...
006 (7227828.002.000) 10/03 14:44:55 Image size of job updated: 920708
	900  -  MemoryUsage of job (MB)
	920704  -  ResidentSetSize of job (KB)
...
006 (7227828.002.000) 10/03 14:49:55 Image size of job updated: 1116876
	905  -  MemoryUsage of job (MB)
	926568  -  ResidentSetSize of job (KB)
...
006 (7227828.002.000) 10/04 01:46:03 Image size of job updated: 1116876
	957  -  MemoryUsage of job (MB)
	979020  -  ResidentSetSize of job (KB)
...
006 (7227828.002.000) 10/04 01:51:03 Image size of job updated: 1214808
	1187  -  MemoryUsage of job (MB)
	1214792  -  ResidentSetSize of job (KB)
...
006 (7227828.002.000) 10/04 01:56:04 Image size of job updated: 1371192
	1340  -  MemoryUsage of job (MB)
	1371192  -  ResidentSetSize of job (KB)
...
006 (7227828.002.000) 10/04 02:01:04 Image size of job updated: 1553328
	1517  -  MemoryUsage of job (MB)
	1553328  -  ResidentSetSize of job (KB)
...
006 (7227828.002.000) 10/04 02:06:05 Image size of job updated: 1691464
	1652  -  MemoryUsage of job (MB)
	1691272  -  ResidentSetSize of job (KB)
...
006 (7227828.002.000) 10/04 02:11:05 Image size of job updated: 1914620
	1868  -  MemoryUsage of job (MB)
	1912392  -  ResidentSetSize of job (KB)
...
006 (7227828.002.000) 10/04 02:16:06 Image size of job updated: 2384600
	2322  -  MemoryUsage of job (MB)
	2376896  -  ResidentSetSize of job (KB)
...
006 (7227828.002.000) 10/04 02:21:06 Image size of job updated: 2672224
	2610  -  MemoryUsage of job (MB)
	2672224  -  ResidentSetSize of job (KB)
...
006 (7227828.002.000) 10/04 02:26:06 Image size of job updated: 3043240
	2972  -  MemoryUsage of job (MB)
	3043240  -  ResidentSetSize of job (KB)
...
006 (7227828.002.000) 10/04 02:31:07 Image size of job updated: 3411252
	3332  -  MemoryUsage of job (MB)
	3411252  -  ResidentSetSize of job (KB)
...
006 (7227828.002.000) 10/04 02:36:08 Image size of job updated: 3775240
	3687  -  MemoryUsage of job (MB)
	3775008  -  ResidentSetSize of job (KB)
...
006 (7227828.002.000) 10/04 02:41:08 Image size of job updated: 4154476
	4058  -  MemoryUsage of job (MB)
	4154476  -  ResidentSetSize of job (KB)
...
006 (7227828.002.000) 10/04 02:46:09 Image size of job updated: 4533912
	4428  -  MemoryUsage of job (MB)
	4533912  -  ResidentSetSize of job (KB)
...
006 (7227828.002.000) 10/04 02:51:09 Image size of job updated: 4891096
	4777  -  MemoryUsage of job (MB)
	4890860  -  ResidentSetSize of job (KB)
...
006 (7227828.002.000) 10/04 02:56:10 Image size of job updated: 5076272
	4777  -  MemoryUsage of job (MB)
	4891076  -  ResidentSetSize of job (KB)
...
006 (7227828.002.000) 10/04 03:24:55 Image size of job updated: 5339492
	5213  -  MemoryUsage of job (MB)
	5337988  -  ResidentSetSize of job (KB)
...
040 (7227828.002.000) 10/04 03:24:55 Started transferring output files
...
040 (7227828.002.000) 10/04 03:24:55 Finished transferring output files
...
005 (7227828.002.000) 10/04 03:24:56 Job terminated.
	(1) Normal termination (return value 50)
		Usr 0 12:19:57, Sys 0 00:10:45  -  Run Remote Usage
		Usr 0 00:00:00, Sys 0 00:00:00  -  Run Local Usage
		Usr 0 12:19:57, Sys 0 00:10:45  -  Total Remote Usage
		Usr 0 00:00:00, Sys 0 00:00:00  -  Total Local Usage
	114786  -  Run Bytes Sent By Job
	2422  -  Run Bytes Received By Job
	114786  -  Total Bytes Sent By Job
	2422  -  Total Bytes Received By Job
	Partitionable Resources :      Usage  Request Allocated 
	   Cpus                 :       0.96        1         1 
	   Disk (KB)            : 5365497           3   3010645 
	   Memory (MB)          :    5213        2000      2000 

	Job terminated of its own accord at 2024-10-04T01:24:55Z with exit-code 50.
...
