000 (7187328.000.000) 08/26 07:57:06 Job submitted from host: <137.138.44.55:9618?addrs=137.138.44.55-9618+[2001-1458-d00-1a--48]-9618&alias=bigbird17.cern.ch&noUDP&sock=schedd_23962_8474>
...
040 (7187328.000.000) 08/28 22:32:44 Started transferring input files
	Transferring to host: <188.185.93.155:9618?addrs=188.185.93.155-9618+[2001-1458-d00-6c--100-32f]-9618&alias=b9g57n0182.cern.ch&noUDP&sock=slot1_1_183534_0e60_71341>
...
040 (7187328.000.000) 08/28 22:32:44 Finished transferring input files
...
001 (7187328.000.000) 08/28 22:32:45 Job executing on host: <188.185.93.155:9618?addrs=188.185.93.155-9618+[2001-1458-d00-6c--100-32f]-9618&alias=b9g57n0182.cern.ch&noUDP&sock=startd_153631_aa7e>
	SlotName: slot1_1@b9g57n0182.cern.ch
	AvailableGPUs = { GPUs_GPU_8d43ad94 }
	CondorScratchDir = "/pool/condor/dir_3136817"
	Cpus = 1
	Disk = 331120
	GPUs = 1
	GPUs_GPU_8d43ad94 = [ GlobalMemoryMb = 40326; MaxSupportedVersion = 12040; DriverVersion = 12.4; DeviceUuid = "8d43ad94-828d-2bc1-1e6a-26c0665e1e4d"; DeviceName = "NVIDIA A100-PCIE-40GB"; CoresPerCU = 64; ECCEnabled = true; ComputeUnits = 108; ClockMhz = 1410.0; Id = "GPU-8d43ad94"; DevicePciBusId = "0000:06:00.0"; Capability = 8.0 ]
	Memory = 2000
...
006 (7187328.000.000) 08/28 22:32:55 Image size of job updated: 1087920
	616  -  MemoryUsage of job (MB)
	630520  -  ResidentSetSize of job (KB)
...
006 (7187328.000.000) 08/28 22:37:55 Image size of job updated: 1457080
	978  -  MemoryUsage of job (MB)
	1000752  -  ResidentSetSize of job (KB)
...
006 (7187328.000.000) 08/28 22:42:55 Image size of job updated: 1713960
	1201  -  MemoryUsage of job (MB)
	1229752  -  ResidentSetSize of job (KB)
...
006 (7187328.000.000) 08/28 22:47:56 Image size of job updated: 3728288
	3290  -  MemoryUsage of job (MB)
	3368172  -  ResidentSetSize of job (KB)
...
006 (7187328.000.000) 08/28 22:52:56 Image size of job updated: 3857168
	3416  -  MemoryUsage of job (MB)
	3497724  -  ResidentSetSize of job (KB)
...
006 (7187328.000.000) 08/28 22:57:58 Image size of job updated: 3894748
	3416  -  MemoryUsage of job (MB)
	3497724  -  ResidentSetSize of job (KB)
...
006 (7187328.000.000) 08/28 23:02:58 Image size of job updated: 3896172
	3416  -  MemoryUsage of job (MB)
	3497724  -  ResidentSetSize of job (KB)
...
006 (7187328.000.000) 08/28 23:07:58 Image size of job updated: 4018504
	3416  -  MemoryUsage of job (MB)
	3497724  -  ResidentSetSize of job (KB)
...
006 (7187328.000.000) 08/28 23:12:59 Image size of job updated: 4141196
	3662  -  MemoryUsage of job (MB)
	3749008  -  ResidentSetSize of job (KB)
...
006 (7187328.000.000) 08/28 23:17:59 Image size of job updated: 4143072
	3667  -  MemoryUsage of job (MB)
	3754360  -  ResidentSetSize of job (KB)
...
006 (7187328.000.000) 08/28 23:23:00 Image size of job updated: 4178736
	3730  -  MemoryUsage of job (MB)
	3819292  -  ResidentSetSize of job (KB)
...
006 (7187328.000.000) 08/28 23:28:00 Image size of job updated: 4313932
	4213  -  MemoryUsage of job (MB)
	4313932  -  ResidentSetSize of job (KB)
...
006 (7187328.000.000) 08/28 23:33:01 Image size of job updated: 4464756
	4213  -  MemoryUsage of job (MB)
	4313932  -  ResidentSetSize of job (KB)
...
006 (7187328.000.000) 08/28 23:38:02 Image size of job updated: 4589308
	4213  -  MemoryUsage of job (MB)
	4313932  -  ResidentSetSize of job (KB)
...
006 (7187328.000.000) 08/28 23:43:02 Image size of job updated: 4719080
	4213  -  MemoryUsage of job (MB)
	4313932  -  ResidentSetSize of job (KB)
...
006 (7187328.000.000) 08/28 23:48:03 Image size of job updated: 4836612
	4213  -  MemoryUsage of job (MB)
	4313932  -  ResidentSetSize of job (KB)
...
006 (7187328.000.000) 08/28 23:53:03 Image size of job updated: 4972196
	4213  -  MemoryUsage of job (MB)
	4313932  -  ResidentSetSize of job (KB)
...
006 (7187328.000.000) 08/28 23:58:05 Image size of job updated: 5100764
	4213  -  MemoryUsage of job (MB)
	4313932  -  ResidentSetSize of job (KB)
...
006 (7187328.000.000) 08/29 00:03:05 Image size of job updated: 5229068
	4213  -  MemoryUsage of job (MB)
	4313932  -  ResidentSetSize of job (KB)
...
006 (7187328.000.000) 08/29 00:08:06 Image size of job updated: 5472580
	4994  -  MemoryUsage of job (MB)
	5112996  -  ResidentSetSize of job (KB)
...
006 (7187328.000.000) 08/29 00:13:06 Image size of job updated: 5507060
	4994  -  MemoryUsage of job (MB)
	5112996  -  ResidentSetSize of job (KB)
...
006 (7187328.000.000) 08/29 00:28:07 Image size of job updated: 7610108
	7432  -  MemoryUsage of job (MB)
	7610108  -  ResidentSetSize of job (KB)
...
006 (7187328.000.000) 08/29 00:29:28 Image size of job updated: 7710068
	7432  -  MemoryUsage of job (MB)
	7610108  -  ResidentSetSize of job (KB)
...
040 (7187328.000.000) 08/29 00:29:28 Started transferring output files
...
040 (7187328.000.000) 08/29 00:29:28 Finished transferring output files
...
005 (7187328.000.000) 08/29 00:29:28 Job terminated.
	(1) Normal termination (return value 50)
		Usr 0 01:34:18, Sys 0 00:14:31  -  Run Remote Usage
		Usr 0 00:00:00, Sys 0 00:00:00  -  Run Local Usage
		Usr 0 01:34:18, Sys 0 00:14:31  -  Total Remote Usage
		Usr 0 00:00:00, Sys 0 00:00:00  -  Total Local Usage
	57477  -  Run Bytes Sent By Job
	2960  -  Run Bytes Received By Job
	57477  -  Total Bytes Sent By Job
	2960  -  Total Bytes Received By Job
	Partitionable Resources :      Usage  Request Allocated Assigned
	   Cpus                 :       0.01        1         1 
	   Disk (KB)            : 1118850           3    331120 
	   Gpus (Average)       :       0.09        1         1 "GPU-8d43ad94"
	   GpusMemory (MB)      :    6687                       
	   Memory (MB)          :    7432        2000      2000 

	Job terminated of its own accord at 2024-08-28T22:29:28Z with exit-code 50.
...
