000 (7217793.002.000) 09/23 13:21:19 Job submitted from host: <137.138.44.55:9618?addrs=137.138.44.55-9618+[2001-1458-d00-1a--48]-9618&alias=bigbird17.cern.ch&noUDP&sock=schedd_1981_6134>
...
040 (7217793.002.000) 09/23 17:52:30 Started transferring input files
	Transferring to host: <188.185.190.106:9618?addrs=188.185.190.106-9618+[2001-1458-d03-b--100-2fd]-9618&alias=b9pgpun016.cern.ch&noUDP&sock=slot1_2_253491_175d_26753>
...
040 (7217793.002.000) 09/23 17:52:30 Finished transferring input files
...
001 (7217793.002.000) 09/23 17:52:31 Job executing on host: <188.185.190.106:9618?addrs=188.185.190.106-9618+[2001-1458-d03-b--100-2fd]-9618&alias=b9pgpun016.cern.ch&noUDP&sock=startd_216310_3f20>
	SlotName: slot1_2@b9pgpun016.cern.ch
	AvailableGPUs = { GPUs_GPU_e1160f9b }
	CondorScratchDir = "/pool/condor/dir_3202086"
	Cpus = 1
	Disk = 6884515
	GPUs = 1
	GPUs_GPU_e1160f9b = [ GlobalMemoryMb = 95235; MaxSupportedVersion = 12040; DriverVersion = 12.4; DeviceName = "NVIDIA H100 NVL"; CoresPerCU = 128; ECCEnabled = true; ComputeUnits = 132; ClockMhz = 1785.0; Id = "GPU-e1160f9b"; Capability = 9.0; DevicePciBusId = "0000:3B:00.0"; DeviceUuid = "e1160f9b-d347-dd5e-18fe-85408c1d163c" ]
	Memory = 2000
...
006 (7217793.002.000) 09/23 17:52:40 Image size of job updated: 2424192
	2368  -  MemoryUsage of job (MB)
	2424076  -  ResidentSetSize of job (KB)
...
006 (7217793.002.000) 09/23 17:57:40 Image size of job updated: 2428252
	2368  -  MemoryUsage of job (MB)
	2424076  -  ResidentSetSize of job (KB)
...
006 (7217793.002.000) 09/24 00:53:23 Image size of job updated: 2434220
	2374  -  MemoryUsage of job (MB)
	2430436  -  ResidentSetSize of job (KB)
...
006 (7217793.002.000) 09/24 00:58:24 Image size of job updated: 2487812
	2420  -  MemoryUsage of job (MB)
	2477628  -  ResidentSetSize of job (KB)
...
006 (7217793.002.000) 09/24 01:03:24 Image size of job updated: 2518892
	2452  -  MemoryUsage of job (MB)
	2510328  -  ResidentSetSize of job (KB)
...
006 (7217793.002.000) 09/24 01:08:26 Image size of job updated: 2536852
	2468  -  MemoryUsage of job (MB)
	2526708  -  ResidentSetSize of job (KB)
...
006 (7217793.002.000) 09/24 01:13:26 Image size of job updated: 2554124
	2484  -  MemoryUsage of job (MB)
	2543220  -  ResidentSetSize of job (KB)
...
006 (7217793.002.000) 09/24 01:18:26 Image size of job updated: 2584380
	2524  -  MemoryUsage of job (MB)
	2584380  -  ResidentSetSize of job (KB)
...
006 (7217793.002.000) 09/24 01:23:27 Image size of job updated: 2709400
	2637  -  MemoryUsage of job (MB)
	2700016  -  ResidentSetSize of job (KB)
...
006 (7217793.002.000) 09/24 01:28:27 Image size of job updated: 2735292
	2660  -  MemoryUsage of job (MB)
	2723756  -  ResidentSetSize of job (KB)
...
006 (7217793.002.000) 09/24 01:33:28 Image size of job updated: 2748028
	2677  -  MemoryUsage of job (MB)
	2740724  -  ResidentSetSize of job (KB)
...
006 (7217793.002.000) 09/24 01:38:29 Image size of job updated: 2762892
	2694  -  MemoryUsage of job (MB)
	2758140  -  ResidentSetSize of job (KB)
...
006 (7217793.002.000) 09/24 01:43:29 Image size of job updated: 2779896
	2712  -  MemoryUsage of job (MB)
	2776604  -  ResidentSetSize of job (KB)
...
006 (7217793.002.000) 09/24 01:48:30 Image size of job updated: 2790512
	2719  -  MemoryUsage of job (MB)
	2783496  -  ResidentSetSize of job (KB)
...
006 (7217793.002.000) 09/24 01:53:30 Image size of job updated: 2796620
	2719  -  MemoryUsage of job (MB)
	2783496  -  ResidentSetSize of job (KB)
...
006 (7217793.002.000) 09/24 01:58:30 Image size of job updated: 2804256
	2739  -  MemoryUsage of job (MB)
	2804256  -  ResidentSetSize of job (KB)
...
006 (7217793.002.000) 09/24 02:03:31 Image size of job updated: 2871328
	2796  -  MemoryUsage of job (MB)
	2862380  -  ResidentSetSize of job (KB)
...
006 (7217793.002.000) 09/24 02:08:31 Image size of job updated: 2981492
	2868  -  MemoryUsage of job (MB)
	2936636  -  ResidentSetSize of job (KB)
...
006 (7217793.002.000) 09/24 02:13:32 Image size of job updated: 3081272
	2997  -  MemoryUsage of job (MB)
	3068200  -  ResidentSetSize of job (KB)
...
006 (7217793.002.000) 09/24 02:18:32 Image size of job updated: 3686596
	3527  -  MemoryUsage of job (MB)
	3611516  -  ResidentSetSize of job (KB)
...
006 (7217793.002.000) 09/24 02:23:32 Image size of job updated: 3836724
	3747  -  MemoryUsage of job (MB)
	3836724  -  ResidentSetSize of job (KB)
...
006 (7217793.002.000) 09/24 02:28:33 Image size of job updated: 6797088
	6638  -  MemoryUsage of job (MB)
	6797088  -  ResidentSetSize of job (KB)
...
006 (7217793.002.000) 09/24 02:33:33 Image size of job updated: 7569140
	7392  -  MemoryUsage of job (MB)
	7569140  -  ResidentSetSize of job (KB)
...
006 (7217793.002.000) 09/24 02:38:35 Image size of job updated: 8345816
	8151  -  MemoryUsage of job (MB)
	8345816  -  ResidentSetSize of job (KB)
...
006 (7217793.002.000) 09/24 02:43:35 Image size of job updated: 9113596
	8900  -  MemoryUsage of job (MB)
	9113596  -  ResidentSetSize of job (KB)
...
006 (7217793.002.000) 09/24 02:48:35 Image size of job updated: 9253884
	8900  -  MemoryUsage of job (MB)
	9113596  -  ResidentSetSize of job (KB)
...
006 (7217793.002.000) 09/24 02:53:36 Image size of job updated: 9475888
	9254  -  MemoryUsage of job (MB)
	9475632  -  ResidentSetSize of job (KB)
...
006 (7217793.002.000) 09/24 02:58:36 Image size of job updated: 10247216
	10008  -  MemoryUsage of job (MB)
	10247216  -  ResidentSetSize of job (KB)
...
006 (7217793.002.000) 09/24 03:03:37 Image size of job updated: 11021996
	10764  -  MemoryUsage of job (MB)
	11021996  -  ResidentSetSize of job (KB)
...
006 (7217793.002.000) 09/24 03:08:38 Image size of job updated: 11795628
	11520  -  MemoryUsage of job (MB)
	11795628  -  ResidentSetSize of job (KB)
...
006 (7217793.002.000) 09/24 03:13:38 Image size of job updated: 12453804
	11520  -  MemoryUsage of job (MB)
	11795884  -  ResidentSetSize of job (KB)
...
040 (7217793.002.000) 09/24 03:13:55 Started transferring output files
...
040 (7217793.002.000) 09/24 03:13:55 Finished transferring output files
...
005 (7217793.002.000) 09/24 03:13:55 Job terminated.
	(1) Normal termination (return value 0)
		Usr 0 09:19:23, Sys 0 00:01:15  -  Run Remote Usage
		Usr 0 00:00:00, Sys 0 00:00:00  -  Run Local Usage
		Usr 0 09:19:23, Sys 0 00:01:15  -  Total Remote Usage
		Usr 0 00:00:00, Sys 0 00:00:00  -  Total Local Usage
	26577  -  Run Bytes Sent By Job
	1416  -  Run Bytes Received By Job
	26577  -  Total Bytes Sent By Job
	1416  -  Total Bytes Received By Job
	Partitionable Resources :      Usage  Request Allocated Assigned
	   Cpus                 :       1.00        1         1 
	   Disk (KB)            : 8897077           2   6884515 
	   Gpus (Average)       :       0.00        1         1 "GPU-e1160f9b"
	   GpusMemory (MB)      :     599                       
	   Memory (MB)          :   11520        2000      2000 

	Job terminated of its own accord at 2024-09-24T01:13:55Z with exit-code 0.
...
