000 (7186945.000.000) 08/25 10:08:49 Job submitted from host: <137.138.44.55:9618?addrs=137.138.44.55-9618+[2001-1458-d00-1a--48]-9618&alias=bigbird17.cern.ch&noUDP&sock=schedd_23962_8474>
...
040 (7186945.000.000) 08/25 10:14:10 Started transferring input files
	Transferring to host: <188.185.93.208:9618?addrs=188.185.93.208-9618+[2001-1458-d00-6c--100-e9]-9618&alias=b9g57n3665.cern.ch&noUDP&sock=slot1_1_14828_6ad4_106855>
...
040 (7186945.000.000) 08/25 10:14:10 Finished transferring input files
...
001 (7186945.000.000) 08/25 10:14:11 Job executing on host: <188.185.93.208:9618?addrs=188.185.93.208-9618+[2001-1458-d00-6c--100-e9]-9618&alias=b9g57n3665.cern.ch&noUDP&sock=startd_13612_473d>
	SlotName: slot1_1@b9g57n3665.cern.ch
	AvailableGPUs = { GPUs_GPU_836178fb }
	CondorScratchDir = "/pool/condor/dir_848665"
	Cpus = 1
	Disk = 330402
	GPUs = 1
	GPUs_GPU_836178fb = [ GlobalMemoryMb = 40326; MaxSupportedVersion = 12040; DriverVersion = 12.4; DeviceUuid = "836178fb-b193-b354-8ad9-dc95f395b443"; DeviceName = "NVIDIA A100-PCIE-40GB"; CoresPerCU = 64; ECCEnabled = true; ComputeUnits = 108; ClockMhz = 1410.0; Id = "GPU-836178fb"; DevicePciBusId = "0000:06:00.0"; Capability = 8.0 ]
	Memory = 2000
...
006 (7186945.000.000) 08/25 10:14:20 Image size of job updated: 55940
	36  -  MemoryUsage of job (MB)
	36336  -  ResidentSetSize of job (KB)
...
006 (7186945.000.000) 08/25 10:14:31 Image size of job updated: 64908
	36  -  MemoryUsage of job (MB)
	36336  -  ResidentSetSize of job (KB)
...
040 (7186945.000.000) 08/25 10:14:31 Started transferring output files
...
040 (7186945.000.000) 08/25 10:14:31 Finished transferring output files
...
005 (7186945.000.000) 08/25 10:14:31 Job terminated.
	(1) Normal termination (return value 0)
		Usr 0 00:00:02, Sys 0 00:00:13  -  Run Remote Usage
		Usr 0 00:00:00, Sys 0 00:00:00  -  Run Local Usage
		Usr 0 00:00:02, Sys 0 00:00:13  -  Total Remote Usage
		Usr 0 00:00:00, Sys 0 00:00:00  -  Total Local Usage
	41121  -  Run Bytes Sent By Job
	2970  -  Run Bytes Received By Job
	41121  -  Total Bytes Sent By Job
	2970  -  Total Bytes Received By Job
	Partitionable Resources :    Usage  Request Allocated Assigned
	   Cpus                 :                 1         1 
	   Disk (KB)            :     8373        3    330402 
	   Gpus (Average)       :                 1         1 "GPU-836178fb"
	   Memory (MB)          :       36     2000      2000 

	Job terminated of its own accord at 2024-08-25T08:14:31Z with exit-code 0.
...
