000 (7217803.003.000) 09/23 13:21:28 Job submitted from host: <137.138.44.55:9618?addrs=137.138.44.55-9618+[2001-1458-d00-1a--48]-9618&alias=bigbird17.cern.ch&noUDP&sock=schedd_1981_6134>
...
040 (7217803.003.000) 09/24 05:45:51 Started transferring input files
	Transferring to host: <188.185.190.107:9618?addrs=188.185.190.107-9618+[2001-1458-d03-b--100-2fe]-9618&alias=b9pgpun013.cern.ch&noUDP&sock=slot1_3_223718_51c2_26345>
...
040 (7217803.003.000) 09/24 05:45:51 Finished transferring input files
...
001 (7217803.003.000) 09/24 05:45:52 Job executing on host: <188.185.190.107:9618?addrs=188.185.190.107-9618+[2001-1458-d03-b--100-2fe]-9618&alias=b9pgpun013.cern.ch&noUDP&sock=startd_204990_ab0b>
	SlotName: slot1_3@b9pgpun013.cern.ch
	AvailableGPUs = { GPUs_GPU_6a40d270 }
	CondorScratchDir = "/pool/condor/dir_3458454"
	Cpus = 1
	Disk = 6891578
	GPUs = 1
	GPUs_GPU_6a40d270 = [ GlobalMemoryMb = 95235; MaxSupportedVersion = 12040; DriverVersion = 12.4; DeviceName = "NVIDIA H100 NVL"; CoresPerCU = 128; ECCEnabled = true; ComputeUnits = 132; ClockMhz = 1785.0; Id = "GPU-6a40d270"; Capability = 9.0; DevicePciBusId = "0000:AD:00.0"; DeviceUuid = "6a40d270-bbf0-9651-f21f-c99fd855998d" ]
	Memory = 2000
...
006 (7217803.003.000) 09/24 05:46:01 Image size of job updated: 2428156
	1881  -  MemoryUsage of job (MB)
	1925888  -  ResidentSetSize of job (KB)
...
006 (7217803.003.000) 09/24 05:51:02 Image size of job updated: 2428156
	2112  -  MemoryUsage of job (MB)
	2161776  -  ResidentSetSize of job (KB)
...
006 (7217803.003.000) 09/24 05:56:03 Image size of job updated: 2428156
	2195  -  MemoryUsage of job (MB)
	2247400  -  ResidentSetSize of job (KB)
...
006 (7217803.003.000) 09/24 06:01:03 Image size of job updated: 2428156
	2211  -  MemoryUsage of job (MB)
	2263356  -  ResidentSetSize of job (KB)
...
006 (7217803.003.000) 09/24 06:06:04 Image size of job updated: 2428156
	2213  -  MemoryUsage of job (MB)
	2265332  -  ResidentSetSize of job (KB)
...
006 (7217803.003.000) 09/24 06:11:04 Image size of job updated: 2428156
	2232  -  MemoryUsage of job (MB)
	2285308  -  ResidentSetSize of job (KB)
...
006 (7217803.003.000) 09/24 06:16:04 Image size of job updated: 2428156
	2252  -  MemoryUsage of job (MB)
	2305120  -  ResidentSetSize of job (KB)
...
006 (7217803.003.000) 09/24 06:26:05 Image size of job updated: 2428156
	2268  -  MemoryUsage of job (MB)
	2321468  -  ResidentSetSize of job (KB)
...
006 (7217803.003.000) 09/24 06:36:07 Image size of job updated: 2428156
	2283  -  MemoryUsage of job (MB)
	2337752  -  ResidentSetSize of job (KB)
...
006 (7217803.003.000) 09/24 06:51:08 Image size of job updated: 2428156
	2291  -  MemoryUsage of job (MB)
	2345556  -  ResidentSetSize of job (KB)
...
006 (7217803.003.000) 09/24 06:56:09 Image size of job updated: 2428156
	2298  -  MemoryUsage of job (MB)
	2353096  -  ResidentSetSize of job (KB)
...
006 (7217803.003.000) 09/24 07:01:10 Image size of job updated: 2428156
	2304  -  MemoryUsage of job (MB)
	2358800  -  ResidentSetSize of job (KB)
...
006 (7217803.003.000) 09/24 07:06:10 Image size of job updated: 2428156
	2316  -  MemoryUsage of job (MB)
	2370992  -  ResidentSetSize of job (KB)
...
006 (7217803.003.000) 09/24 07:11:11 Image size of job updated: 2665408
	2570  -  MemoryUsage of job (MB)
	2631076  -  ResidentSetSize of job (KB)
...
006 (7217803.003.000) 09/24 07:16:11 Image size of job updated: 2755468
	2671  -  MemoryUsage of job (MB)
	2734328  -  ResidentSetSize of job (KB)
...
006 (7217803.003.000) 09/24 07:21:11 Image size of job updated: 3104828
	2979  -  MemoryUsage of job (MB)
	3049624  -  ResidentSetSize of job (KB)
...
006 (7217803.003.000) 09/24 07:26:12 Image size of job updated: 5281060
	5158  -  MemoryUsage of job (MB)
	5281060  -  ResidentSetSize of job (KB)
...
006 (7217803.003.000) 09/24 07:31:12 Image size of job updated: 6004444
	5864  -  MemoryUsage of job (MB)
	6004444  -  ResidentSetSize of job (KB)
...
006 (7217803.003.000) 09/24 07:36:13 Image size of job updated: 6731996
	6575  -  MemoryUsage of job (MB)
	6731996  -  ResidentSetSize of job (KB)
...
006 (7217803.003.000) 09/24 07:37:28 Image size of job updated: 6874588
	6575  -  MemoryUsage of job (MB)
	6731996  -  ResidentSetSize of job (KB)
...
040 (7217803.003.000) 09/24 07:37:28 Started transferring output files
...
040 (7217803.003.000) 09/24 07:37:28 Finished transferring output files
...
005 (7217803.003.000) 09/24 07:37:28 Job terminated.
	(1) Normal termination (return value 50)
		Usr 0 01:50:39, Sys 0 00:01:01  -  Run Remote Usage
		Usr 0 00:00:00, Sys 0 00:00:00  -  Run Local Usage
		Usr 0 01:50:39, Sys 0 00:01:01  -  Total Remote Usage
		Usr 0 00:00:00, Sys 0 00:00:00  -  Total Local Usage
	75310  -  Run Bytes Sent By Job
	1414  -  Run Bytes Received By Job
	75310  -  Total Bytes Sent By Job
	1414  -  Total Bytes Received By Job
	Partitionable Resources :      Usage  Request Allocated Assigned
	   Cpus                 :       1.00        1         1 
	   Disk (KB)            : 3528827           2   6891578 
	   Gpus (Average)       :       0.00        1         1 "GPU-6a40d270"
	   GpusMemory (MB)      :     599                       
	   Memory (MB)          :    6575        2000      2000 

	Job terminated of its own accord at 2024-09-24T05:37:28Z with exit-code 50.
...
