000 (7187292.002.000) 08/26 07:55:48 Job submitted from host: <137.138.44.55:9618?addrs=137.138.44.55-9618+[2001-1458-d00-1a--48]-9618&alias=bigbird17.cern.ch&noUDP&sock=schedd_23962_8474>
...
040 (7187292.002.000) 08/26 13:06:42 Started transferring input files
	Transferring to host: <128.142.248.94:9618?addrs=128.142.248.94-9618+[2001-1458-301-73--100-14e]-9618&alias=b9g23p2790.cern.ch&noUDP&sock=slot1_5_5757_13c3_10324>
...
040 (7187292.002.000) 08/26 13:06:42 Finished transferring input files
...
001 (7187292.002.000) 08/26 13:06:43 Job executing on host: <128.142.248.94:9618?addrs=128.142.248.94-9618+[2001-1458-301-73--100-14e]-9618&alias=b9g23p2790.cern.ch&noUDP&sock=startd_4576_5577>
	SlotName: slot1_5@b9g23p2790.cern.ch
	CondorScratchDir = "/pool/condor/dir_4070595"
	Cpus = 1
	Disk = 2949256
	Memory = 2000
...
006 (7187292.002.000) 08/26 13:06:51 Image size of job updated: 1126684
	593  -  MemoryUsage of job (MB)
	606552  -  ResidentSetSize of job (KB)
...
006 (7187292.002.000) 08/26 13:11:51 Image size of job updated: 1146884
	1113  -  MemoryUsage of job (MB)
	1139640  -  ResidentSetSize of job (KB)
...
006 (7187292.002.000) 08/26 13:16:52 Image size of job updated: 1676696
	1638  -  MemoryUsage of job (MB)
	1676368  -  ResidentSetSize of job (KB)
...
006 (7187292.002.000) 08/26 13:21:52 Image size of job updated: 2782212
	2718  -  MemoryUsage of job (MB)
	2782212  -  ResidentSetSize of job (KB)
...
006 (7187292.002.000) 08/26 13:26:54 Image size of job updated: 4036068
	3942  -  MemoryUsage of job (MB)
	4036068  -  ResidentSetSize of job (KB)
...
006 (7187292.002.000) 08/26 13:27:11 Image size of job updated: 4052336
	3942  -  MemoryUsage of job (MB)
	4036324  -  ResidentSetSize of job (KB)
...
040 (7187292.002.000) 08/26 13:27:11 Started transferring output files
...
040 (7187292.002.000) 08/26 13:27:11 Finished transferring output files
...
005 (7187292.002.000) 08/26 13:27:11 Job terminated.
	(1) Normal termination (return value 50)
		Usr 0 00:19:30, Sys 0 00:01:08  -  Run Remote Usage
		Usr 0 00:00:00, Sys 0 00:00:00  -  Run Local Usage
		Usr 0 00:19:30, Sys 0 00:01:08  -  Total Remote Usage
		Usr 0 00:00:00, Sys 0 00:00:00  -  Total Local Usage
	31135  -  Run Bytes Sent By Job
	2920  -  Run Bytes Received By Job
	31135  -  Total Bytes Sent By Job
	2920  -  Total Bytes Received By Job
	Partitionable Resources :      Usage  Request Allocated 
	   Cpus                 :       0.99        1         1 
	   Disk (KB)            : 1529993           3   2949256 
	   Memory (MB)          :    3942        2000      2000 

	Job terminated of its own accord at 2024-08-26T11:27:11Z with exit-code 50.
...
