000 (7217800.003.000) 09/23 13:21:24 Job submitted from host: <137.138.44.55:9618?addrs=137.138.44.55-9618+[2001-1458-d00-1a--48]-9618&alias=bigbird17.cern.ch&noUDP&sock=schedd_1981_6134>
...
040 (7217800.003.000) 09/24 03:49:55 Started transferring input files
	Transferring to host: <188.185.190.106:9618?addrs=188.185.190.106-9618+[2001-1458-d03-b--100-2fd]-9618&alias=b9pgpun016.cern.ch&noUDP&sock=slot1_4_253491_175d_27044>
...
040 (7217800.003.000) 09/24 03:49:55 Finished transferring input files
...
001 (7217800.003.000) 09/24 03:49:56 Job executing on host: <188.185.190.106:9618?addrs=188.185.190.106-9618+[2001-1458-d03-b--100-2fd]-9618&alias=b9pgpun016.cern.ch&noUDP&sock=startd_216310_3f20>
	SlotName: slot1_4@b9pgpun016.cern.ch
	AvailableGPUs = { GPUs_GPU_218266a5 }
	CondorScratchDir = "/pool/condor/dir_3548401"
	Cpus = 1
	Disk = 6882350
	GPUs = 1
	GPUs_GPU_218266a5 = [ GlobalMemoryMb = 95235; MaxSupportedVersion = 12040; DriverVersion = 12.4; DeviceName = "NVIDIA H100 NVL"; CoresPerCU = 128; ECCEnabled = true; ComputeUnits = 132; ClockMhz = 1785.0; Id = "GPU-218266a5"; Capability = 9.0; DevicePciBusId = "0000:AE:00.0"; DeviceUuid = "218266a5-62a3-f637-797f-ce52f1f86d06" ]
	Memory = 2000
...
006 (7217800.003.000) 09/24 03:50:05 Image size of job updated: 2428752
	1870  -  MemoryUsage of job (MB)
	1914616  -  ResidentSetSize of job (KB)
...
006 (7217800.003.000) 09/24 03:55:06 Image size of job updated: 2428752
	2282  -  MemoryUsage of job (MB)
	2336444  -  ResidentSetSize of job (KB)
...
006 (7217800.003.000) 09/24 04:00:06 Image size of job updated: 2428752
	2288  -  MemoryUsage of job (MB)
	2341932  -  ResidentSetSize of job (KB)
...
006 (7217800.003.000) 09/24 04:05:08 Image size of job updated: 2428752
	2295  -  MemoryUsage of job (MB)
	2349356  -  ResidentSetSize of job (KB)
...
006 (7217800.003.000) 09/24 04:10:08 Image size of job updated: 2428752
	2303  -  MemoryUsage of job (MB)
	2358032  -  ResidentSetSize of job (KB)
...
006 (7217800.003.000) 09/24 04:15:08 Image size of job updated: 2428752
	2308  -  MemoryUsage of job (MB)
	2362428  -  ResidentSetSize of job (KB)
...
006 (7217800.003.000) 09/24 04:20:09 Image size of job updated: 2428752
	2314  -  MemoryUsage of job (MB)
	2369024  -  ResidentSetSize of job (KB)
...
006 (7217800.003.000) 09/24 04:25:09 Image size of job updated: 2428752
	2319  -  MemoryUsage of job (MB)
	2373656  -  ResidentSetSize of job (KB)
...
006 (7217800.003.000) 09/24 04:30:09 Image size of job updated: 2428752
	2324  -  MemoryUsage of job (MB)
	2378828  -  ResidentSetSize of job (KB)
...
006 (7217800.003.000) 09/24 04:35:10 Image size of job updated: 2428752
	2331  -  MemoryUsage of job (MB)
	2386244  -  ResidentSetSize of job (KB)
...
006 (7217800.003.000) 09/24 04:40:10 Image size of job updated: 2428752
	2332  -  MemoryUsage of job (MB)
	2387776  -  ResidentSetSize of job (KB)
...
006 (7217800.003.000) 09/24 04:45:12 Image size of job updated: 2508156
	2448  -  MemoryUsage of job (MB)
	2505988  -  ResidentSetSize of job (KB)
...
006 (7217800.003.000) 09/24 04:48:11 Image size of job updated: 6385564
	3110  -  MemoryUsage of job (MB)
	3184016  -  ResidentSetSize of job (KB)
...
040 (7217800.003.000) 09/24 04:48:11 Started transferring output files
...
040 (7217800.003.000) 09/24 04:48:12 Finished transferring output files
...
005 (7217800.003.000) 09/24 04:48:12 Job terminated.
	(1) Normal termination (return value 50)
		Usr 0 00:57:43, Sys 0 00:00:47  -  Run Remote Usage
		Usr 0 00:00:00, Sys 0 00:00:00  -  Run Local Usage
		Usr 0 00:57:43, Sys 0 00:00:47  -  Total Remote Usage
		Usr 0 00:00:00, Sys 0 00:00:00  -  Total Local Usage
	50567  -  Run Bytes Sent By Job
	1412  -  Run Bytes Received By Job
	50567  -  Total Bytes Sent By Job
	1412  -  Total Bytes Received By Job
	Partitionable Resources :      Usage  Request Allocated Assigned
	   Cpus                 :       1.00        1         1 
	   Disk (KB)            : 2327123           2   6882350 
	   Gpus (Average)       :       0.00        1         1 "GPU-218266a5"
	   GpusMemory (MB)      :     599                       
	   Memory (MB)          :    3110        2000      2000 

	Job terminated of its own accord at 2024-09-24T02:48:11Z with exit-code 50.
...
