000 (7217800.004.000) 09/23 13:21:24 Job submitted from host: <137.138.44.55:9618?addrs=137.138.44.55-9618+[2001-1458-d00-1a--48]-9618&alias=bigbird17.cern.ch&noUDP&sock=schedd_1981_6134>
...
040 (7217800.004.000) 09/24 03:54:55 Started transferring input files
	Transferring to host: <188.185.190.106:9618?addrs=188.185.190.106-9618+[2001-1458-d03-b--100-2fd]-9618&alias=b9pgpun016.cern.ch&noUDP&sock=slot1_3_253491_175d_27046>
...
040 (7217800.004.000) 09/24 03:54:55 Finished transferring input files
...
001 (7217800.004.000) 09/24 03:54:56 Job executing on host: <188.185.190.106:9618?addrs=188.185.190.106-9618+[2001-1458-d03-b--100-2fd]-9618&alias=b9pgpun016.cern.ch&noUDP&sock=startd_216310_3f20>
	SlotName: slot1_3@b9pgpun016.cern.ch
	AvailableGPUs = { GPUs_GPU_d4f8c81a }
	CondorScratchDir = "/pool/condor/dir_3560325"
	Cpus = 1
	Disk = 6882428
	GPUs = 1
	GPUs_GPU_d4f8c81a = [ GlobalMemoryMb = 95235; MaxSupportedVersion = 12040; DriverVersion = 12.4; DeviceName = "NVIDIA H100 NVL"; CoresPerCU = 128; ECCEnabled = true; ComputeUnits = 132; ClockMhz = 1785.0; Id = "GPU-d4f8c81a"; Capability = 9.0; DevicePciBusId = "0000:AD:00.0"; DeviceUuid = "d4f8c81a-bbc4-b9de-f44a-115bead45779" ]
	Memory = 2000
...
006 (7217800.004.000) 09/24 03:55:04 Image size of job updated: 2428452
	1861  -  MemoryUsage of job (MB)
	1905432  -  ResidentSetSize of job (KB)
...
006 (7217800.004.000) 09/24 04:00:04 Image size of job updated: 2428452
	2292  -  MemoryUsage of job (MB)
	2346712  -  ResidentSetSize of job (KB)
...
006 (7217800.004.000) 09/24 04:05:05 Image size of job updated: 2428452
	2304  -  MemoryUsage of job (MB)
	2359268  -  ResidentSetSize of job (KB)
...
006 (7217800.004.000) 09/24 04:10:05 Image size of job updated: 2428452
	2314  -  MemoryUsage of job (MB)
	2369532  -  ResidentSetSize of job (KB)
...
006 (7217800.004.000) 09/24 04:15:05 Image size of job updated: 2428452
	2330  -  MemoryUsage of job (MB)
	2385324  -  ResidentSetSize of job (KB)
...
006 (7217800.004.000) 09/24 04:20:06 Image size of job updated: 2428452
	2334  -  MemoryUsage of job (MB)
	2389676  -  ResidentSetSize of job (KB)
...
006 (7217800.004.000) 09/24 04:25:06 Image size of job updated: 2428452
	2355  -  MemoryUsage of job (MB)
	2410740  -  ResidentSetSize of job (KB)
...
006 (7217800.004.000) 09/24 04:30:06 Image size of job updated: 2486292
	2422  -  MemoryUsage of job (MB)
	2479708  -  ResidentSetSize of job (KB)
...
006 (7217800.004.000) 09/24 04:33:43 Image size of job updated: 6386856
	3107  -  MemoryUsage of job (MB)
	3180916  -  ResidentSetSize of job (KB)
...
040 (7217800.004.000) 09/24 04:33:43 Started transferring output files
...
040 (7217800.004.000) 09/24 04:33:43 Finished transferring output files
...
005 (7217800.004.000) 09/24 04:33:43 Job terminated.
	(1) Normal termination (return value 50)
		Usr 0 00:38:20, Sys 0 00:00:46  -  Run Remote Usage
		Usr 0 00:00:00, Sys 0 00:00:00  -  Run Local Usage
		Usr 0 00:38:20, Sys 0 00:00:46  -  Total Remote Usage
		Usr 0 00:00:00, Sys 0 00:00:00  -  Total Local Usage
	50569  -  Run Bytes Sent By Job
	1412  -  Run Bytes Received By Job
	50569  -  Total Bytes Sent By Job
	1412  -  Total Bytes Received By Job
	Partitionable Resources :      Usage  Request Allocated Assigned
	   Cpus                 :       0.26        1         1 
	   Disk (KB)            : 2295692           2   6882428 
	   Gpus (Average)       :       0.00        1         1 "GPU-d4f8c81a"
	   GpusMemory (MB)      :     599                       
	   Memory (MB)          :    3107        2000      2000 

	Job terminated of its own accord at 2024-09-24T02:33:43Z with exit-code 50.
...
