000 (7187309.001.000) 08/26 07:55:59 Job submitted from host: <137.138.44.55:9618?addrs=137.138.44.55-9618+[2001-1458-d00-1a--48]-9618&alias=bigbird17.cern.ch&noUDP&sock=schedd_23962_8474>
...
040 (7187309.001.000) 08/26 14:20:45 Started transferring input files
	Transferring to host: <128.142.248.15:9618?addrs=128.142.248.15-9618+[2001-1458-301-73--100-ff]-9618&alias=b9g23p2723.cern.ch&noUDP&sock=slot1_26_3961800_404a_9360>
...
040 (7187309.001.000) 08/26 14:20:45 Finished transferring input files
...
001 (7187309.001.000) 08/26 14:20:46 Job executing on host: <128.142.248.15:9618?addrs=128.142.248.15-9618+[2001-1458-301-73--100-ff]-9618&alias=b9g23p2723.cern.ch&noUDP&sock=startd_5130_54ef>
	SlotName: slot1_26@b9g23p2723.cern.ch
	CondorScratchDir = "/pool/condor/dir_302904"
	Cpus = 1
	Disk = 2956000
	Memory = 2000
...
006 (7187309.001.000) 08/26 14:20:57 Image size of job updated: 765012
	748  -  MemoryUsage of job (MB)
	764952  -  ResidentSetSize of job (KB)
...
006 (7187309.001.000) 08/26 14:25:58 Image size of job updated: 1427212
	1117  -  MemoryUsage of job (MB)
	1143552  -  ResidentSetSize of job (KB)
...
006 (7187309.001.000) 08/26 14:30:58 Image size of job updated: 1427212
	1164  -  MemoryUsage of job (MB)
	1191056  -  ResidentSetSize of job (KB)
...
006 (7187309.001.000) 08/26 14:35:59 Image size of job updated: 1427212
	1218  -  MemoryUsage of job (MB)
	1246524  -  ResidentSetSize of job (KB)
...
006 (7187309.001.000) 08/26 14:40:59 Image size of job updated: 1427212
	1265  -  MemoryUsage of job (MB)
	1294956  -  ResidentSetSize of job (KB)
...
006 (7187309.001.000) 08/26 14:45:59 Image size of job updated: 1427212
	1307  -  MemoryUsage of job (MB)
	1337856  -  ResidentSetSize of job (KB)
...
006 (7187309.001.000) 08/26 14:50:59 Image size of job updated: 1427212
	1373  -  MemoryUsage of job (MB)
	1404976  -  ResidentSetSize of job (KB)
...
006 (7187309.001.000) 08/26 14:56:00 Image size of job updated: 1456716
	1415  -  MemoryUsage of job (MB)
	1448080  -  ResidentSetSize of job (KB)
...
006 (7187309.001.000) 08/26 15:01:00 Image size of job updated: 1509848
	1470  -  MemoryUsage of job (MB)
	1504264  -  ResidentSetSize of job (KB)
...
006 (7187309.001.000) 08/26 15:06:00 Image size of job updated: 1561688
	1519  -  MemoryUsage of job (MB)
	1554584  -  ResidentSetSize of job (KB)
...
006 (7187309.001.000) 08/26 15:11:00 Image size of job updated: 1607152
	1548  -  MemoryUsage of job (MB)
	1584268  -  ResidentSetSize of job (KB)
...
006 (7187309.001.000) 08/26 15:16:01 Image size of job updated: 1665072
	1619  -  MemoryUsage of job (MB)
	1657828  -  ResidentSetSize of job (KB)
...
006 (7187309.001.000) 08/26 15:21:02 Image size of job updated: 1712520
	1666  -  MemoryUsage of job (MB)
	1705636  -  ResidentSetSize of job (KB)
...
006 (7187309.001.000) 08/26 15:26:02 Image size of job updated: 1755604
	1707  -  MemoryUsage of job (MB)
	1746992  -  ResidentSetSize of job (KB)
...
006 (7187309.001.000) 08/26 15:31:03 Image size of job updated: 1805364
	1754  -  MemoryUsage of job (MB)
	1795896  -  ResidentSetSize of job (KB)
...
006 (7187309.001.000) 08/26 15:36:03 Image size of job updated: 1835804
	1791  -  MemoryUsage of job (MB)
	1833140  -  ResidentSetSize of job (KB)
...
006 (7187309.001.000) 08/26 15:41:04 Image size of job updated: 1914536
	1855  -  MemoryUsage of job (MB)
	1899468  -  ResidentSetSize of job (KB)
...
006 (7187309.001.000) 08/26 15:46:05 Image size of job updated: 1969320
	1912  -  MemoryUsage of job (MB)
	1956960  -  ResidentSetSize of job (KB)
...
006 (7187309.001.000) 08/26 15:51:05 Image size of job updated: 2016348
	1967  -  MemoryUsage of job (MB)
	2013380  -  ResidentSetSize of job (KB)
...
006 (7187309.001.000) 08/26 15:56:06 Image size of job updated: 2072388
	2014  -  MemoryUsage of job (MB)
	2061904  -  ResidentSetSize of job (KB)
...
006 (7187309.001.000) 08/26 16:01:07 Image size of job updated: 2110324
	2052  -  MemoryUsage of job (MB)
	2100420  -  ResidentSetSize of job (KB)
...
006 (7187309.001.000) 08/26 16:06:07 Image size of job updated: 2110444
	2052  -  MemoryUsage of job (MB)
	2100420  -  ResidentSetSize of job (KB)
...
006 (7187309.001.000) 08/26 16:11:02 Image size of job updated: 4242176
	2052  -  MemoryUsage of job (MB)
	2100420  -  ResidentSetSize of job (KB)
...
040 (7187309.001.000) 08/26 16:11:02 Started transferring output files
...
040 (7187309.001.000) 08/26 16:11:02 Finished transferring output files
...
005 (7187309.001.000) 08/26 16:11:02 Job terminated.
	(1) Normal termination (return value 50)
		Usr 0 01:41:38, Sys 0 00:03:54  -  Run Remote Usage
		Usr 0 00:00:00, Sys 0 00:00:00  -  Run Local Usage
		Usr 0 01:41:38, Sys 0 00:03:54  -  Total Remote Usage
		Usr 0 00:00:00, Sys 0 00:00:00  -  Total Local Usage
	104563  -  Run Bytes Sent By Job
	2906  -  Run Bytes Received By Job
	104563  -  Total Bytes Sent By Job
	2906  -  Total Bytes Received By Job
	Partitionable Resources :      Usage  Request Allocated 
	   Cpus                 :       0.96        1         1 
	   Disk (KB)            : 1843603           3   2956000 
	   Memory (MB)          :    2052        2000      2000 

	Job terminated of its own accord at 2024-08-26T14:11:02Z with exit-code 50.
...
