000 (7187309.007.000) 08/26 07:55:59 Job submitted from host: <137.138.44.55:9618?addrs=137.138.44.55-9618+[2001-1458-d00-1a--48]-9618&alias=bigbird17.cern.ch&noUDP&sock=schedd_23962_8474>
...
040 (7187309.007.000) 08/26 14:21:47 Started transferring input files
	Transferring to host: <128.142.248.15:9618?addrs=128.142.248.15-9618+[2001-1458-301-73--100-ff]-9618&alias=b9g23p2723.cern.ch&noUDP&sock=slot1_31_3961800_404a_9367>
...
040 (7187309.007.000) 08/26 14:21:47 Finished transferring input files
...
001 (7187309.007.000) 08/26 14:21:48 Job executing on host: <128.142.248.15:9618?addrs=128.142.248.15-9618+[2001-1458-301-73--100-ff]-9618&alias=b9g23p2723.cern.ch&noUDP&sock=startd_5130_54ef>
	SlotName: slot1_31@b9g23p2723.cern.ch
	CondorScratchDir = "/pool/condor/dir_316728"
	Cpus = 1
	Disk = 2963768
	Memory = 2000
...
006 (7187309.007.000) 08/26 14:21:57 Image size of job updated: 923196
	902  -  MemoryUsage of job (MB)
	922956  -  ResidentSetSize of job (KB)
...
006 (7187309.007.000) 08/26 14:26:58 Image size of job updated: 1437292
	1123  -  MemoryUsage of job (MB)
	1149380  -  ResidentSetSize of job (KB)
...
006 (7187309.007.000) 08/26 14:31:58 Image size of job updated: 1437292
	1168  -  MemoryUsage of job (MB)
	1195920  -  ResidentSetSize of job (KB)
...
006 (7187309.007.000) 08/26 14:36:59 Image size of job updated: 1437292
	1212  -  MemoryUsage of job (MB)
	1240672  -  ResidentSetSize of job (KB)
...
006 (7187309.007.000) 08/26 14:41:59 Image size of job updated: 1437292
	1232  -  MemoryUsage of job (MB)
	1261088  -  ResidentSetSize of job (KB)
...
006 (7187309.007.000) 08/26 14:47:00 Image size of job updated: 1437292
	1317  -  MemoryUsage of job (MB)
	1348332  -  ResidentSetSize of job (KB)
...
006 (7187309.007.000) 08/26 14:52:00 Image size of job updated: 1437292
	1375  -  MemoryUsage of job (MB)
	1407556  -  ResidentSetSize of job (KB)
...
006 (7187309.007.000) 08/26 14:57:01 Image size of job updated: 1460932
	1420  -  MemoryUsage of job (MB)
	1454048  -  ResidentSetSize of job (KB)
...
006 (7187309.007.000) 08/26 15:02:01 Image size of job updated: 1520868
	1475  -  MemoryUsage of job (MB)
	1509460  -  ResidentSetSize of job (KB)
...
006 (7187309.007.000) 08/26 15:07:02 Image size of job updated: 1572304
	1529  -  MemoryUsage of job (MB)
	1564968  -  ResidentSetSize of job (KB)
...
006 (7187309.007.000) 08/26 15:12:03 Image size of job updated: 1618052
	1566  -  MemoryUsage of job (MB)
	1602884  -  ResidentSetSize of job (KB)
...
006 (7187309.007.000) 08/26 15:17:03 Image size of job updated: 1665288
	1577  -  MemoryUsage of job (MB)
	1614068  -  ResidentSetSize of job (KB)
...
006 (7187309.007.000) 08/26 15:22:04 Image size of job updated: 1723544
	1676  -  MemoryUsage of job (MB)
	1715484  -  ResidentSetSize of job (KB)
...
006 (7187309.007.000) 08/26 15:27:04 Image size of job updated: 1763092
	1715  -  MemoryUsage of job (MB)
	1755496  -  ResidentSetSize of job (KB)
...
006 (7187309.007.000) 08/26 15:32:05 Image size of job updated: 1814400
	1772  -  MemoryUsage of job (MB)
	1813632  -  ResidentSetSize of job (KB)
...
006 (7187309.007.000) 08/26 15:37:05 Image size of job updated: 1844176
	1796  -  MemoryUsage of job (MB)
	1838848  -  ResidentSetSize of job (KB)
...
006 (7187309.007.000) 08/26 15:42:05 Image size of job updated: 1925668
	1866  -  MemoryUsage of job (MB)
	1909776  -  ResidentSetSize of job (KB)
...
006 (7187309.007.000) 08/26 15:47:06 Image size of job updated: 1979396
	1913  -  MemoryUsage of job (MB)
	1958752  -  ResidentSetSize of job (KB)
...
006 (7187309.007.000) 08/26 15:52:07 Image size of job updated: 2026428
	1972  -  MemoryUsage of job (MB)
	2018896  -  ResidentSetSize of job (KB)
...
006 (7187309.007.000) 08/26 15:57:07 Image size of job updated: 2080680
	2016  -  MemoryUsage of job (MB)
	2063588  -  ResidentSetSize of job (KB)
...
006 (7187309.007.000) 08/26 16:02:08 Image size of job updated: 2115364
	2057  -  MemoryUsage of job (MB)
	2106048  -  ResidentSetSize of job (KB)
...
006 (7187309.007.000) 08/26 16:07:08 Image size of job updated: 2118628
	2057  -  MemoryUsage of job (MB)
	2106048  -  ResidentSetSize of job (KB)
...
006 (7187309.007.000) 08/26 16:12:02 Image size of job updated: 4251880
	2057  -  MemoryUsage of job (MB)
	2106048  -  ResidentSetSize of job (KB)
...
040 (7187309.007.000) 08/26 16:12:02 Started transferring output files
...
040 (7187309.007.000) 08/26 16:12:02 Finished transferring output files
...
005 (7187309.007.000) 08/26 16:12:02 Job terminated.
	(1) Normal termination (return value 50)
		Usr 0 01:41:12, Sys 0 00:03:53  -  Run Remote Usage
		Usr 0 00:00:00, Sys 0 00:00:00  -  Run Local Usage
		Usr 0 01:41:12, Sys 0 00:03:53  -  Total Remote Usage
		Usr 0 00:00:00, Sys 0 00:00:00  -  Total Local Usage
	104564  -  Run Bytes Sent By Job
	2906  -  Run Bytes Received By Job
	104564  -  Total Bytes Sent By Job
	2906  -  Total Bytes Received By Job
	Partitionable Resources :      Usage  Request Allocated 
	   Cpus                 :       0.99        1         1 
	   Disk (KB)            : 1869938           3   2963768 
	   Memory (MB)          :    2057        2000      2000 

	Job terminated of its own accord at 2024-08-26T14:12:02Z with exit-code 50.
...
